2019-09-04 09:56:41.431146: I tensorflow/core/platform/cpu_feature_guard.cc:140] Your CPU supports instructions that this TensorFlow binary was not compiled to use: SSE4.1 SSE4.2 AVX AVX2 AVX512F FMA
2019-09-04 09:56:42.392756: I tensorflow/core/common_runtime/gpu/gpu_device.cc:1356] Found device 0 with properties: 
name: Tesla V100-SXM2-16GB major: 7 minor: 0 memoryClockRate(GHz): 1.53
pciBusID: 0000:21:01.0
totalMemory: 15.77GiB freeMemory: 15.36GiB
2019-09-04 09:56:42.392795: I tensorflow/core/common_runtime/gpu/gpu_device.cc:1435] Adding visible gpu devices: 0
2019-09-04 09:56:42.688697: I tensorflow/core/common_runtime/gpu/gpu_device.cc:923] Device interconnect StreamExecutor with strength 1 edge matrix:
2019-09-04 09:56:42.688731: I tensorflow/core/common_runtime/gpu/gpu_device.cc:929]      0 
2019-09-04 09:56:42.688738: I tensorflow/core/common_runtime/gpu/gpu_device.cc:942] 0:   N 
2019-09-04 09:56:42.688998: I tensorflow/core/common_runtime/gpu/gpu_device.cc:1053] Created TensorFlow device (/job:localhost/replica:0/task:0/device:GPU:0 with 14867 MB memory) -> physical GPU (device: 0, name: Tesla V100-SXM2-16GB, pci bus id: 0000:21:01.0, compute capability: 7.  >>> Info of model(s):
  using   4 model(s): ../graph.003.pb ../graph.000.pb ../graph.002.pb ../graph.001.pb 
  rcut in model:      5
  ntypes in model:    2
Neighbor list info ...
  update every 1 steps, delay 10 steps, check yes
  max neighbors/atom: 2000, page size: 100000
  master list distance cutoff = 6
  ghost atom cutoff = 6
  binsize = 3, bins = 4 4 4
  1 neighbor lists, perpetual/occasional/extra = 1 0 0
  (1) pair deepmd, perpetual
      attributes: , newton on
      pair build: full/bin/atomonly
      stencil: full/bin/3d
      bin: standard
Setting up Verlet run ...
  Unit style    : metal
  Current step  : 0
  Time step     : 0.002
Per MPI rank memory allocation (min/avg/max) = 3.935 | 3.935 | 3.935 Mbytes
Step Temp PotEng KinEng TotEng Press Volume Lx Ly Lz Xy Xz Yz 
       0          100   -219.69533  0.051704058   -219.64362   -1149.9613         1000           10           10           10            0            0            0 
      10    78.728564   -219.68421  0.040705862   -219.64351   -1091.0132         1000           10           10           10            0            0            0 
      20    77.735786   -219.68442  0.040192556   -219.64423   -625.46339         1000           10           10           10            0            0            0 
      30    110.85936   -219.70311  0.057318787   -219.64579    89.317819         1000           10           10           10            0            0            0 
      40    46.090825   -219.66475  0.023830827   -219.64092    764.96117         1000           10           10           10            0            0            0 
      50    127.28077   -219.70989  0.065809323   -219.64408    988.36604         1000           10           10           10            0            0            0 
      60    47.337594   -219.67091  0.024475457   -219.64643     748.6735         1000           10           10           10            0            0            0 
      70    155.21856   -219.73878  0.080254294   -219.65852   -8.1483112         1000           10           10           10            0            0            0 
      80    69.912052   -219.69526  0.036147368   -219.65912   -648.74406         1000           10           10           10            0            0            0 
      90    118.76527   -219.72386  0.061406465   -219.66245   -1126.8132         1000           10           10           10            0            0            0 
     100    92.335393   -219.71293  0.047741145   -219.66519   -1084.4814         1000           10           10           10            0            0            0 
     110    104.27052   -219.72639  0.053912092   -219.67248   -691.81867         1000           10           10           10            0            0            0 
     120    120.54953   -219.74258  0.062328998   -219.68025    -55.22823         1000           10           10           10            0            0            0 
     130    71.637778   -219.72095  0.037039638   -219.68391    567.99681         1000           10           10           10            0            0            0 
     140     119.4882   -219.74999  0.061780248   -219.68821    885.51487         1000           10           10           10            0            0            0 
     150    51.185013   -219.71578  0.026464729   -219.68931    856.96589         1000           10           10           10            0            0            0 
     160    117.51049   -219.75598  0.060757692   -219.69522    416.18061         1000           10           10           10            0            0            0 
     170    56.229753   -219.72307  0.029073064   -219.69399    -91.73644         1000           10           10           10            0            0            0 
     180    81.625509   -219.73637  0.042203701   -219.69417   -607.24421         1000           10           10           10            0            0            0 
     190    59.932608   -219.72372  0.030987591   -219.69273   -854.48712         1000           10           10           10            0            0            0 
     200    60.177808   -219.72355  0.031114369   -219.69243   -816.99146         1000           10           10           10            0            0            0 
     210    85.524738   -219.73689   0.04421976   -219.69267   -491.93497         1000           10           10           10            0            0            0 
     220    47.560965   -219.71229  0.024590949    -219.6877    84.068647         1000           10           10           10            0            0            0 
     230    108.80724   -219.73784   0.05625776   -219.68158    644.34515         1000           10           10           10            0            0            0 
     240    33.981054   -219.68422  0.017569584   -219.66665    1056.1836         1000           10           10           10            0            0            0 
     250    124.47856   -219.72213  0.064360469   -219.65777    999.74229         1000           10           10           10            0            0            0 
     260    54.298248   -219.67193  0.028074398   -219.64385    583.60206         1000           10           10           10            0            0            0 
     270    103.64993   -219.68589  0.053591219    -219.6323   -152.55937         1000           10           10           10            0            0            0 
     280    77.626154   -219.65971  0.040135872   -219.61958   -748.73837         1000           10           10           10            0            0            0 
     290    88.969936   -219.65819  0.046001067   -219.61219   -954.03819         1000           10           10           10            0            0            0 
     300    135.22062    -219.6831   0.06991455   -219.61319   -616.35428         1000           10           10           10            0            0            0 
     310    101.46078   -219.66557  0.052459342   -219.61311    225.42959         1000           10           10           10            0            0            0 
     320    207.23655   -219.72808    0.1071497   -219.62093    994.94257         1000           10           10           10            0            0            0 
     330    91.819041   -219.66954   0.04747417   -219.62206    1284.9152         1000           10           10           10            0            0            0 
     340    217.27136   -219.74566   0.11233811   -219.63332    844.50264         1000           10           10           10            0            0            0 
     350    107.93767   -219.69161  0.055808157    -219.6358    140.53819         1000           10           10           10            0            0            0 
     360    169.52738   -219.72904  0.087652535   -219.64139   -739.59445         1000           10           10           10            0            0            0 
     370     81.29649   -219.68325  0.042033584   -219.64122   -1198.1638         1000           10           10           10            0            0            0 
     380    123.78679   -219.71296  0.064002792   -219.64895    -1237.386         1000           10           10           10            0            0            0 
     390     105.1187   -219.71066  0.054350633    -219.6563   -757.75251         1000           10           10           10            0            0            0 
     400    82.050024   -219.70186  0.042423192   -219.65944   -10.495401         1000           10           10           10            0            0            0 
     410    109.08658   -219.71747  0.056402189   -219.66107     656.9407         1000           10           10           10            0            0            0 
     420    29.637572   -219.67373  0.015323828    -219.6584    989.35464         1000           10           10           10            0            0            0 
     430    104.25053    -219.7187  0.053901752   -219.66479    796.06889         1000           10           10           10            0            0            0 
     440    36.877125   -219.68633   0.01906697   -219.66727    350.46618         1000           10           10           10            0            0            0 
     450    100.15303    -219.7231  0.051783183   -219.67132   -338.58094         1000           10           10           10            0            0            0 
     460    35.172717   -219.68651  0.018185722   -219.66832   -800.48602         1000           10           10           10            0            0            0 
     470    74.290525   -219.70713  0.038411216   -219.66872   -1028.2883         1000           10           10           10            0            0            0 
     480    67.050386   -219.70309  0.034667771   -219.66842   -832.98889         1000           10           10           10            0            0            0 
     490    69.324883   -219.70382  0.035843778   -219.66798   -314.60158         1000           10           10           10            0            0            0 
     500    115.12127   -219.72602  0.059522366   -219.66649    332.63771         1000           10           10           10            0            0            0 
     510     54.92359   -219.68323  0.028397725   -219.65483    887.04624         1000           10           10           10            0            0            0 
     520    169.94176   -219.73277  0.087866784    -219.6449    1027.3237         1000           10           10           10            0            0            0 
     530    117.53935   -219.68346  0.060772615   -219.62269    720.76613         1000           10           10           10            0            0            0 
     540     281.1136   -219.74177   0.14534714   -219.59642   -319.67029         1000           10           10           10            0            0            0 
     550    140.23753   -219.63426  0.072508495   -219.56176   -1162.7196         1000           10           10           10            0            0            0 
     560    200.27343   -219.65334   0.10354949   -219.54979   -1471.2599         1000           10           10           10            0            0            0 
     570    156.17991   -219.63039  0.080751353   -219.54964    -745.8679         1000           10           10           10            0            0            0 
     580     193.3466   -219.65825  0.099968039   -219.55829    381.49912         1000           10           10           10            0            0            0 
     590    152.46595   -219.64444  0.078831084   -219.56561    1419.3473         1000           10           10           10            0            0            0 
     600    98.294501   -219.63348  0.050822246   -219.58266    1739.1202         1000           10           10           10            0            0            0 
     610    169.50542   -219.69896   0.08764118   -219.61132    1115.7542         1000           10           10           10            0            0            0 
     620    96.291037   -219.68336  0.049786374   -219.63357    130.83861         1000           10           10           10            0            0            0 
     630    169.10811   -219.73353  0.087435755    -219.6461    -873.2289         1000           10           10           10            0            0            0 
     640     56.77522   -219.67944  0.029355093   -219.65009   -1206.1562         1000           10           10           10            0            0            0 
     650    127.19164   -219.72601  0.065763238   -219.66025    -1175.758         1000           10           10           10            0            0            0 
     660    82.772495   -219.71072  0.042796739   -219.66792   -630.93785         1000           10           10           10            0            0            0 
     670    135.10941   -219.74737  0.069857046   -219.67752    31.883359         1000           10           10           10            0            0            0 
     680    99.562762   -219.73111  0.051477988   -219.67963    747.07835         1000           10           10           10            0            0            0 
     690    72.772744   -219.71483  0.037626462   -219.67721    1138.3288         1000           10           10           10            0            0            0 
     700    104.25831   -219.73307  0.053905775   -219.67916    949.51321         1000           10           10           10            0            0            0 
     710     60.60912   -219.71183  0.031337374   -219.68049    381.62918         1000           10           10           10            0            0            0 
     720     125.0258   -219.74617   0.06464341   -219.68153   -392.09342         1000           10           10           10            0            0            0 
     730    48.187446   -219.70113  0.024914865   -219.67622   -881.82977         1000           10           10           10            0            0            0 
     740    94.931856   -219.72355  0.049083622   -219.67446   -1176.2703         1000           10           10           10            0            0            0 
     750    50.627893   -219.69741  0.026176675   -219.67123   -988.95124         1000           10           10           10            0            0            0 
     760    109.48873    -219.7259  0.056610115   -219.66929   -504.32409         1000           10           10           10            0            0            0 
     770    94.244303   -219.71007  0.048728129   -219.66134    288.97654         1000           10           10           10            0            0            0 
     780    60.897115   -219.67457   0.03148628   -219.64309    995.79361         1000           10           10           10            0            0            0 
     790    111.83805   -219.68993  0.057824809   -219.63211    1164.4254         1000           10           10           10            0            0            0 
     800    55.641751   -219.64824  0.028769043   -219.61948    753.32424         1000           10           10           10            0            0            0 
     810    189.42772   -219.71454  0.097941817   -219.61659   -245.69191         1000           10           10           10            0            0            0 
     820    102.54875   -219.65689  0.053021865   -219.60386   -1129.0233         1000           10           10           10            0            0            0 
     830    200.88247   -219.69702   0.10386439   -219.59315   -1752.8973         1000           10           10           10            0            0            0 
     840    106.96813   -219.64386  0.055306866   -219.58855   -1346.4236         1000           10           10           10            0            0            0 
     850    276.69956   -219.74607    0.1430649     -219.603   -420.41946         1000           10           10           10            0            0            0 
     860    163.79999   -219.68931   0.08469124   -219.60462    773.88096         1000           10           10           10            0            0            0 
     870    191.91373   -219.71035  0.099227185   -219.61113    1388.8412         1000           10           10           10            0            0            0 
     880    149.94741   -219.69262  0.077528898   -219.61509    1455.6098         1000           10           10           10            0            0            0 
     890    138.99416   -219.69983  0.071865623   -219.62797    764.44968         1000           10           10           10            0            0            0 
     900    138.77317   -219.71069  0.071751361   -219.63894   -242.50431         1000           10           10           10            0            0            0 
     910    61.082694   -219.67735  0.031582232   -219.64577   -893.01411         1000           10           10           10            0            0            0 
     920      96.0637   -219.70089  0.049668831   -219.65122   -1151.6662         1000           10           10           10            0            0            0 
     930    27.071327   -219.66993  0.013996975   -219.65593   -766.27343         1000           10           10           10            0            0            0 
     940    119.45088   -219.72517  0.061760951   -219.66341   -148.27119         1000           10           10           10            0            0            0 
     950    52.912247   -219.68948  0.027357779   -219.66212    664.69144         1000           10           10           10            0            0            0 
     960    97.318524   -219.71127  0.050317626   -219.66096     1173.372         1000           10           10           10            0            0            0 
     970     54.78701   -219.68755  0.028327107   -219.65922    1308.8155         1000           10           10           10            0            0            0 
     980    84.404732   -219.70701  0.043640671   -219.66337    874.79142         1000           10           10           10            0            0            0 
     990    109.30711   -219.72295   0.05651621   -219.66644    69.560464         1000           10           10           10            0            0            0 
    1000     74.32295   -219.70084  0.038427981   -219.66242   -681.22313         1000           10           10           10            0            0            0 
Loop time of 11.9448 on 1 procs for 1000 steps with 5 atoms

Performance: 14.466 ns/day, 1.659 hours/ns, 83.718 timesteps/s
203.1% CPU use with 1 MPI tasks x no OpenMP threads

MPI task timing breakdown:
Section |  min time  |  avg time  |  max time  |%varavg| %total
---------------------------------------------------------------
Pair    | 11.925     | 11.925     | 11.925     |   0.0 | 99.83
Neigh   | 0.00017548 | 0.00017548 | 0.00017548 |   0.0 |  0.00
Comm    | 0.0018077  | 0.0018077  | 0.0018077  |   0.0 |  0.02
Output  | 0.012787   | 0.012787   | 0.012787   |   0.0 |  0.11
Modify  | 0.0041084  | 0.0041084  | 0.0041084  |   0.0 |  0.03
Other   |            | 0.001251   |            |       |  0.01

Nlocal:    5 ave 5 max 5 min
Histogram: 1 0 0 0 0 0 0 0 0 0
Nghost:    112 ave 112 max 112 min
Histogram: 1 0 0 0 0 0 0 0 0 0
Neighs:    0 ave 0 max 0 min
Histogram: 1 0 0 0 0 0 0 0 0 0

Total # of neighbors = 0
Ave neighs/atom = 0
Neighbor list builds = 25
Dangerous builds = 0
Total wall time: 0:00:14
