iter.000000/01.model_devi/task.000.000003 210
iter.000000/01.model_devi/task.000.000006 680
iter.000000/01.model_devi/task.000.000006 870
iter.000000/01.model_devi/task.000.000006 880
iter.000000/01.model_devi/task.000.000009 540
iter.000000/01.model_devi/task.000.000003 900
iter.000000/01.model_devi/task.000.000008 370
iter.000000/01.model_devi/task.000.000004 440
iter.000000/01.model_devi/task.000.000006 320
iter.000000/01.model_devi/task.000.000009 380
iter.000000/01.model_devi/task.000.000001 280
iter.000000/01.model_devi/task.000.000009 710
iter.000000/01.model_devi/task.000.000009 550
iter.000000/01.model_devi/task.000.000009 670
iter.000000/01.model_devi/task.000.000009 890
iter.000000/01.model_devi/task.000.000007 380
iter.000000/01.model_devi/task.000.000003 350
iter.000000/01.model_devi/task.000.000006 860
iter.000000/01.model_devi/task.000.000003 360
iter.000000/01.model_devi/task.000.000001 530
iter.000000/01.model_devi/task.000.000009 420
iter.000000/01.model_devi/task.000.000003 220
iter.000000/01.model_devi/task.000.000007 700
iter.000000/01.model_devi/task.000.000007 390
iter.000000/01.model_devi/task.000.000004 450
iter.000000/01.model_devi/task.000.000003 450
iter.000000/01.model_devi/task.000.000006 290
iter.000000/01.model_devi/task.000.000009 790
iter.000000/01.model_devi/task.000.000003 880
iter.000000/01.model_devi/task.000.000003 490
iter.000000/01.model_devi/task.000.000009 910
iter.000000/01.model_devi/task.000.000003 650
iter.000000/01.model_devi/task.000.000009 500
iter.000000/01.model_devi/task.000.000007 290
iter.000000/01.model_devi/task.000.000002 130
iter.000000/01.model_devi/task.000.000009 800
iter.000000/01.model_devi/task.000.000009 770
iter.000000/01.model_devi/task.000.000009 50
iter.000000/01.model_devi/task.000.000009 760
iter.000000/01.model_devi/task.000.000006 300
iter.000000/01.model_devi/task.000.000003 340
iter.000000/01.model_devi/task.000.000009 280
iter.000000/01.model_devi/task.000.000009 680
iter.000000/01.model_devi/task.000.000009 450
iter.000000/01.model_devi/task.000.000003 70
iter.000000/01.model_devi/task.000.000001 520
iter.000000/01.model_devi/task.000.000003 660
iter.000000/01.model_devi/task.000.000009 370
iter.000000/01.model_devi/task.000.000002 370
iter.000000/01.model_devi/task.000.000003 670
iter.000000/01.model_devi/task.000.000003 230
iter.000000/01.model_devi/task.000.000003 460
iter.000000/01.model_devi/task.000.000003 720
iter.000000/01.model_devi/task.000.000003 980
iter.000000/01.model_devi/task.000.000009 560
iter.000000/01.model_devi/task.000.000004 150
iter.000000/01.model_devi/task.000.000003 370
iter.000000/01.model_devi/task.000.000003 250
iter.000000/01.model_devi/task.000.000009 530
iter.000000/01.model_devi/task.000.000003 960
iter.000000/01.model_devi/task.000.000003 100
iter.000000/01.model_devi/task.000.000004 460
iter.000000/01.model_devi/task.000.000004 840
iter.000000/01.model_devi/task.000.000003 430
iter.000000/01.model_devi/task.000.000003 90
iter.000000/01.model_devi/task.000.000007 970
iter.000000/01.model_devi/task.000.000009 1000
iter.000000/01.model_devi/task.000.000006 310
iter.000000/01.model_devi/task.000.000003 380
iter.000000/01.model_devi/task.000.000001 800
iter.000000/01.model_devi/task.000.000001 810
iter.000000/01.model_devi/task.000.000004 930
iter.000000/01.model_devi/task.000.000003 990
iter.000000/01.model_devi/task.000.000003 740
iter.000000/01.model_devi/task.000.000009 900
iter.000000/01.model_devi/task.000.000003 240
iter.000000/01.model_devi/task.000.000007 730
iter.000000/01.model_devi/task.000.000003 1000
iter.000000/01.model_devi/task.000.000004 390
iter.000000/01.model_devi/task.000.000001 300
iter.000000/01.model_devi/task.000.000004 170
iter.000000/01.model_devi/task.000.000003 970
iter.000000/01.model_devi/task.000.000007 960
iter.000000/01.model_devi/task.000.000009 290
iter.000000/01.model_devi/task.000.000009 480
iter.000000/01.model_devi/task.000.000007 950
iter.000000/01.model_devi/task.000.000008 150
iter.000000/01.model_devi/task.000.000007 280
iter.000000/01.model_devi/task.000.000002 380
iter.000000/01.model_devi/task.000.000009 880
iter.000000/01.model_devi/task.000.000007 860
iter.000000/01.model_devi/task.000.000002 390
iter.000000/01.model_devi/task.000.000003 440
iter.000000/01.model_devi/task.000.000006 280
iter.000000/01.model_devi/task.000.000003 890
iter.000000/01.model_devi/task.000.000007 270
iter.000000/01.model_devi/task.000.000009 520
iter.000000/01.model_devi/task.000.000003 420
iter.000000/01.model_devi/task.000.000009 430
iter.000000/01.model_devi/task.000.000001 290
iter.000000/01.model_devi/task.000.000003 80
iter.000000/01.model_devi/task.000.000006 890
iter.000000/01.model_devi/task.000.000003 750
iter.000000/01.model_devi/task.000.000009 570
iter.000000/01.model_devi/task.000.000003 640
iter.000000/01.model_devi/task.000.000007 370
