2019-09-01 07:54:58.479729: I tensorflow/core/platform/cpu_feature_guard.cc:141] Your CPU supports instructions that this TensorFlow binary was not compiled to use: AVX AVX2 FMA
2019-09-01 07:54:58.730229: I tensorflow/core/common_runtime/gpu/gpu_device.cc:1432] Found device 0 with properties: 
name: GeForce RTX 2080 Ti major: 7 minor: 5 memoryClockRate(GHz): 1.635
pciBusID: 0000:0a:00.0
totalMemory: 10.73GiB freeMemory: 10.53GiB
2019-09-01 07:54:58.854877: I tensorflow/core/common_runtime/gpu/gpu_device.cc:1432] Found device 1 with properties: 
name: GeForce RTX 2080 Ti major: 7 minor: 5 memoryClockRate(GHz): 1.635
pciBusID: 0000:0b:00.0
totalMemory: 10.73GiB freeMemory: 10.53GiB
2019-09-01 07:54:59.020927: I tensorflow/stream_executor/cuda/cuda_gpu_executor.cc:964] successful NUMA node read from SysFS had negative value (-1), but there must be at least one NUMA node, so returning NUMA node zero
2019-09-01 07:54:59.022292: I tensorflow/core/common_runtime/gpu/gpu_device.cc:1432] Found device 2 with properties: 
name: GeForce RTX 2080 Ti major: 7 minor: 5 memoryClockRate(GHz): 1.635
pciBusID: 0000:42:00.0
totalMemory: 10.73GiB  >>> Info of model(s):
  using   4 model(s): ../graph.002.pb ../graph.000.pb ../graph.003.pb ../graph.001.pb 
  rcut in model:      5
  ntypes in model:    2
Neighbor list info ...
  update every 1 steps, delay 10 steps, check yes
  max neighbors/atom: 2000, page size: 100000
  master list distance cutoff = 6
  ghost atom cutoff = 6
  binsize = 3, bins = 4 4 4
  1 neighbor lists, perpetual/occasional/extra = 1 0 0
  (1) pair deepmd, perpetual
      attributes: , newton on
      pair build: full/bin/atomonly
      stencil: full/bin/3d
      bin: standard
Setting up Verlet run ...
  Unit style    : metal
  Current step  : 0
  Time step     : 0.002
Per MPI rank memory allocation (min/avg/max) = 3.934 | 3.934 | 3.934 Mbytes
Step Temp PotEng KinEng TotEng Press Volume Lx Ly Lz Xy Xz Yz 
       0          100   -219.71244  0.051704058   -219.66073   -601.93835         1000           10           10           10            0            0            0 
      10    129.54163   -219.72923  0.066978278   -219.66225   -397.30244         1000           10           10           10            0            0            0 
      20    107.26819   -219.71732  0.055462007   -219.66185    2.8163119         1000           10           10           10            0            0            0 
      30    86.877421   -219.70492  0.044919152   -219.66001    374.09482         1000           10           10           10            0            0            0 
      40    118.25619    -219.7206  0.061143247   -219.65946    534.84668         1000           10           10           10            0            0            0 
      50    92.014294   -219.70641  0.047575124   -219.65883      520.404         1000           10           10           10            0            0            0 
      60    123.19314   -219.72504  0.063695851   -219.66135    282.25989         1000           10           10           10            0            0            0 
      70    71.254971   -219.69798  0.036841711   -219.66114   -34.602078         1000           10           10           10            0            0            0 
      80    88.211737   -219.70915  0.045609048   -219.66354   -420.93822         1000           10           10           10            0            0            0 
      90    71.494959   -219.70297  0.036965795   -219.66601   -587.60492         1000           10           10           10            0            0            0 
     100    89.921203   -219.71753  0.046492911   -219.67104   -526.46126         1000           10           10           10            0            0            0 
     110    76.468726   -219.71484  0.039537434    -219.6753   -252.21035         1000           10           10           10            0            0            0 
     120    59.724968   -219.71079  0.030880232   -219.67991    65.722886         1000           10           10           10            0            0            0 
     130     82.33162   -219.72807  0.042568788   -219.68551    300.27997         1000           10           10           10            0            0            0 
     140    61.318268   -219.72104  0.031704033   -219.68934    458.22331         1000           10           10           10            0            0            0 
     150    89.858717   -219.74069  0.046460603   -219.69423    400.73058         1000           10           10           10            0            0            0 
     160    59.454642   -219.72793  0.030740462   -219.69719     176.5864         1000           10           10           10            0            0            0 
     170    74.994236   -219.73883  0.038775063   -219.70006   -170.19555         1000           10           10           10            0            0            0 
     180    66.841046   -219.73457  0.034559533   -219.70001   -430.80653         1000           10           10           10            0            0            0 
     190    79.452855   -219.74028   0.04108035    -219.6992   -548.74515         1000           10           10           10            0            0            0 
     200    83.612751   -219.74103  0.043231186    -219.6978   -504.68904         1000           10           10           10            0            0            0 
     210    70.244929    -219.7303  0.036319479   -219.69398   -326.99218         1000           10           10           10            0            0            0 
     220    104.75865    -219.7442  0.054164475   -219.69003   -75.483323         1000           10           10           10            0            0            0 
     230    86.964105   -219.72554  0.044963971   -219.68057     295.9063         1000           10           10           10            0            0            0 
     240    136.45063   -219.74059  0.070550512   -219.67004    513.88126         1000           10           10           10            0            0            0 
     250    110.42817   -219.71307  0.057095843   -219.65597    498.94149         1000           10           10           10            0            0            0 
     260    129.55047   -219.70823  0.066982852   -219.64125    193.06914         1000           10           10           10            0            0            0 
     270     108.7329   -219.68394  0.056219324   -219.62772   -181.13501         1000           10           10           10            0            0            0 
     280    140.02272   -219.69309  0.072397427    -219.6207    -512.7411         1000           10           10           10            0            0            0 
     290    118.59335   -219.67557  0.061317572   -219.61425   -637.15095         1000           10           10           10            0            0            0 
     300    87.631613   -219.65765    0.0453091   -219.61234   -440.66651         1000           10           10           10            0            0            0 
     310    133.88821   -219.68651  0.069225635   -219.61729   -45.078851         1000           10           10           10            0            0            0 
     320    84.183388   -219.66466  0.043526228   -219.62113    435.93556         1000           10           10           10            0            0            0 
     330    149.69202   -219.70933  0.077396848   -219.63193    597.15626         1000           10           10           10            0            0            0 
     340    103.83973   -219.69659  0.053689355    -219.6429    487.98627         1000           10           10           10            0            0            0 
     350    127.27741   -219.72088  0.065807588   -219.65507    128.68922         1000           10           10           10            0            0            0 
     360    96.785446   -219.71091  0.050042003   -219.66087   -213.04581         1000           10           10           10            0            0            0 
     370    114.97957   -219.72584  0.059449102   -219.66639   -492.77396         1000           10           10           10            0            0            0 
     380    105.00774    -219.7247  0.054293265    -219.6704    -598.8985         1000           10           10           10            0            0            0 
     390    83.466369   -219.71712    0.0431555   -219.67397   -484.51558         1000           10           10           10            0            0            0 
     400    106.65433   -219.73271  0.055144616   -219.67757   -218.62013         1000           10           10           10            0            0            0 
     410    66.190106   -219.71216  0.034222971   -219.67794    150.56172         1000           10           10           10            0            0            0 
     420    108.73603   -219.73589   0.05622094   -219.67967    386.39968         1000           10           10           10            0            0            0 
     430    71.657456   -219.71461  0.037049812   -219.67756    484.84679         1000           10           10           10            0            0            0 
     440    93.414818   -219.72544  0.048299252   -219.67714    379.87733         1000           10           10           10            0            0            0 
     450    72.417917   -219.71321  0.037443002   -219.67576    161.30747         1000           10           10           10            0            0            0 
     460    84.813689   -219.71892  0.043852119   -219.67507   -158.92724         1000           10           10           10            0            0            0 
     470    98.186696   -219.72421  0.050766506   -219.67344   -452.16117         1000           10           10           10            0            0            0 
     480    65.597837   -219.70314  0.033916744   -219.66922   -536.68112         1000           10           10           10            0            0            0 
     490    98.430189   -219.71941  0.050892402   -219.66852     -422.112         1000           10           10           10            0            0            0 
     500    58.182842   -219.69529  0.030082891    -219.6652   -87.414767         1000           10           10           10            0            0            0 
     510    112.29253   -219.72142  0.058059793   -219.66336    237.14485         1000           10           10           10            0            0            0 
     520    76.812575   -219.69811  0.039715218    -219.6584     521.5846         1000           10           10           10            0            0            0 
     530    102.17091   -219.70978  0.052826505   -219.65696    599.19056         1000           10           10           10            0            0            0 
     540    87.142813   -219.69933   0.04505637   -219.65427    446.86837         1000           10           10           10            0            0            0 
     550    94.259598   -219.70185  0.048736037   -219.65312     53.65066         1000           10           10           10            0            0            0 
     560    127.84835   -219.71676  0.066102784   -219.65065    -405.9081         1000           10           10           10            0            0            0 
     570    93.127034   -219.69331  0.048150456   -219.64516   -644.26801         1000           10           10           10            0            0            0 
     580    137.12724   -219.71422   0.07090035   -219.64332    -666.1538         1000           10           10           10            0            0            0 
     590    99.654193   -219.69163  0.051525262   -219.64011   -402.26218         1000           10           10           10            0            0            0 
     600    171.55845   -219.73008   0.08870268   -219.64138   -42.833421         1000           10           10           10            0            0            0 
     610    137.67091   -219.70991  0.071181447   -219.63873     376.4206         1000           10           10           10            0            0            0 
     620     153.1975   -219.71326  0.079209325   -219.63405    586.26909         1000           10           10           10            0            0            0 
     630    139.42287   -219.70254  0.072087284   -219.63045    516.33358         1000           10           10           10            0            0            0 
     640    113.48311   -219.68868  0.058675374      -219.63    177.47205         1000           10           10           10            0            0            0 
     650    137.75738   -219.70403  0.071226158   -219.63281   -316.15056         1000           10           10           10            0            0            0 
     660    87.879215   -219.68082   0.04543712   -219.63538   -620.83218         1000           10           10           10            0            0            0 
     670    107.06621   -219.70009  0.055357576   -219.64474   -698.35396         1000           10           10           10            0            0            0 
     680    53.226979   -219.68028  0.027520508   -219.65276   -472.97584         1000           10           10           10            0            0            0 
     690    87.846512   -219.70886  0.045420211   -219.66344   -172.47266         1000           10           10           10            0            0            0 
     700    60.492888    -219.7023  0.031277278   -219.67103     207.0754         1000           10           10           10            0            0            0 
     710    67.574228   -219.71326  0.034938618   -219.67832    480.51922         1000           10           10           10            0            0            0 
     720    63.177139   -219.71608  0.032665144   -219.68342    550.06777         1000           10           10           10            0            0            0 
     730    47.487055   -219.71361  0.024552735   -219.68906    363.88086         1000           10           10           10            0            0            0 
     740    77.679346   -219.73463  0.040163374   -219.69447   0.82127609         1000           10           10           10            0            0            0 
     750    55.820745   -219.72467   0.02886159    -219.6958    -308.9434         1000           10           10           10            0            0            0 
     760    74.858642   -219.73551  0.038704956   -219.69681   -522.76384         1000           10           10           10            0            0            0 
     770    50.955348   -219.72183  0.026345982   -219.69548   -556.53105         1000           10           10           10            0            0            0 
     780    77.611992   -219.73485  0.040128549   -219.69472   -464.94145         1000           10           10           10            0            0            0 
     790    78.420292   -219.73322  0.040546473   -219.69267   -181.62826         1000           10           10           10            0            0            0 
     800    91.076602   -219.73514  0.047090299   -219.68805    207.73513         1000           10           10           10            0            0            0 
     810    115.34776   -219.74065  0.059639471   -219.68101     505.6422         1000           10           10           10            0            0            0 
     820    102.56908   -219.72366  0.053032376   -219.67063    556.41919         1000           10           10           10            0            0            0 
     830    169.66911   -219.74654  0.087725817   -219.65881     277.3075         1000           10           10           10            0            0            0 
     840    153.46212   -219.71884  0.079346145   -219.63949   -81.684455         1000           10           10           10            0            0            0 
     850    186.95799   -219.72235   0.09666487   -219.62569   -478.94962         1000           10           10           10            0            0            0 
     860    127.85967   -219.68088  0.066108638   -219.61477      -649.86         1000           10           10           10            0            0            0 
     870    151.07176   -219.68809  0.078110231   -219.60998   -483.38673         1000           10           10           10            0            0            0 
     880    125.39057   -219.67482  0.064832013   -219.60999    66.816268         1000           10           10           10            0            0            0 
     890     130.5363   -219.68112  0.067492567   -219.61362     604.7666         1000           10           10           10            0            0            0 
     900     140.7894   -219.69365  0.072793835   -219.62086    880.56241         1000           10           10           10            0            0            0 
     910    86.023992   -219.67351  0.044477895   -219.62903    914.19443         1000           10           10           10            0            0            0 
     920    144.78562   -219.71787  0.074860042   -219.64301    524.12149         1000           10           10           10            0            0            0 
     930    103.07844   -219.70378  0.053295737   -219.65049   -55.072752         1000           10           10           10            0            0            0 
     940    137.59155   -219.72725  0.071140415   -219.65611   -596.75412         1000           10           10           10            0            0            0 
     950    83.856449   -219.70198  0.043357187   -219.65862   -763.55001         1000           10           10           10            0            0            0 
     960    106.02913   -219.71962  0.054821363    -219.6648   -672.99448         1000           10           10           10            0            0            0 
     970    100.27988   -219.72213   0.05184877   -219.67028   -336.10568         1000           10           10           10            0            0            0 
     980      110.299   -219.73154  0.057029058   -219.67451    95.078207         1000           10           10           10            0            0            0 
     990    111.90925   -219.73427  0.057861623    -219.6764     513.6743         1000           10           10           10            0            0            0 
    1000    68.738722    -219.7109  0.035540709   -219.67536    770.92061         1000           10           10           10            0            0            0 
Loop time of 15.1133 on 1 procs for 1000 steps with 5 atoms

Performance: 11.434 ns/day, 2.099 hours/ns, 66.167 timesteps/s
151.3% CPU use with 1 MPI tasks x no OpenMP threads

MPI task timing breakdown:
Section |  min time  |  avg time  |  max time  |%varavg| %total
---------------------------------------------------------------
Pair    | 15.078     | 15.078     | 15.078     |   0.0 | 99.77
Neigh   | 0.00044012 | 0.00044012 | 0.00044012 |   0.0 |  0.00
Comm    | 0.002609   | 0.002609   | 0.002609   |   0.0 |  0.02
Output  | 0.027347   | 0.027347   | 0.027347   |   0.0 |  0.18
Modify  | 0.003655   | 0.003655   | 0.003655   |   0.0 |  0.02
Other   |            | 0.001243   |            |       |  0.01

Nlocal:    5 ave 5 max 5 min
Histogram: 1 0 0 0 0 0 0 0 0 0
Nghost:    106 ave 106 max 106 min
Histogram: 1 0 0 0 0 0 0 0 0 0
Neighs:    0 ave 0 max 0 min
Histogram: 1 0 0 0 0 0 0 0 0 0

Total # of neighbors = 0
Ave neighs/atom = 0
Neighbor list builds = 39
Dangerous builds = 0
Total wall time: 0:00:18
