2019-09-01 09:11:41.367797: I tensorflow/core/platform/cpu_feature_guard.cc:141] Your CPU supports instructions that this TensorFlow binary was not compiled to use: AVX AVX2 FMA
2019-09-01 09:11:41.617666: I tensorflow/core/common_runtime/gpu/gpu_device.cc:1432] Found device 0 with properties: 
name: GeForce RTX 2080 Ti major: 7 minor: 5 memoryClockRate(GHz): 1.635
pciBusID: 0000:0a:00.0
totalMemory: 10.73GiB freeMemory: 10.53GiB
2019-09-01 09:11:41.742036: I tensorflow/core/common_runtime/gpu/gpu_device.cc:1432] Found device 1 with properties: 
name: GeForce RTX 2080 Ti major: 7 minor: 5 memoryClockRate(GHz): 1.635
pciBusID: 0000:0b:00.0
totalMemory: 10.73GiB freeMemory: 10.53GiB
2019-09-01 09:11:41.869704: I tensorflow/stream_executor/cuda/cuda_gpu_executor.cc:964] successful NUMA node read from SysFS had negative value (-1), but there must be at least one NUMA node, so returning NUMA node zero
2019-09-01 09:11:41.870876: I tensorflow/core/common_runtime/gpu/gpu_device.cc:1432] Found device 2 with properties: 
name: GeForce RTX 2080 Ti major: 7 minor: 5 memoryClockRate(GHz): 1.635
pciBusID: 0000:42:00.0
totalMemory: 10.73GiB  >>> Info of model(s):
  using   4 model(s): ../graph.002.pb ../graph.000.pb ../graph.003.pb ../graph.001.pb 
  rcut in model:      5
  ntypes in model:    2
Neighbor list info ...
  update every 1 steps, delay 10 steps, check yes
  max neighbors/atom: 2000, page size: 100000
  master list distance cutoff = 6
  ghost atom cutoff = 6
  binsize = 3, bins = 4 4 4
  1 neighbor lists, perpetual/occasional/extra = 1 0 0
  (1) pair deepmd, perpetual
      attributes: , newton on
      pair build: full/bin/atomonly
      stencil: full/bin/3d
      bin: standard
Setting up Verlet run ...
  Unit style    : metal
  Current step  : 0
  Time step     : 0.002
Per MPI rank memory allocation (min/avg/max) = 3.934 | 3.934 | 3.934 Mbytes
Step Temp PotEng KinEng TotEng Press Volume Lx Ly Lz Xy Xz Yz 
       0          100   -219.69123  0.051704058   -219.63952   -2212.9345         1000           10           10           10            0            0            0 
      10    116.13315   -219.70955   0.06004555   -219.64951   -1063.8066         1000           10           10           10            0            0            0 
      20    165.61008   -219.74192   0.08562713    -219.6563    315.43378         1000           10           10           10            0            0            0 
      30    105.63151   -219.70138  0.054615777   -219.64677    1779.2999         1000           10           10           10            0            0            0 
      40    58.944723   -219.66275  0.030476814   -219.63227    2617.0695         1000           10           10           10            0            0            0 
      50    76.146157   -219.67403  0.039370653   -219.63466    2525.2226         1000           10           10           10            0            0            0 
      60    101.00997   -219.70261  0.052226255   -219.65039    1608.4917         1000           10           10           10            0            0            0 
      70    174.45204   -219.75012  0.090198783   -219.65992    128.62896         1000           10           10           10            0            0            0 
      80    100.70747   -219.70462  0.052069847   -219.65255   -1215.3746         1000           10           10           10            0            0            0 
      90    90.501191   -219.69225  0.046792788   -219.64545   -2246.7696         1000           10           10           10            0            0            0 
     100    26.989237   -219.65502  0.013954531   -219.64106   -2517.2506         1000           10           10           10            0            0            0 
     110    80.633081   -219.69361  0.041690575   -219.65192   -2074.8499         1000           10           10           10            0            0            0 
     120     116.6241   -219.72605  0.060299392   -219.66576   -957.09662         1000           10           10           10            0            0            0 
     130    124.76552   -219.73793  0.064508838   -219.67342    388.37739         1000           10           10           10            0            0            0 
     140    96.730418   -219.71817  0.050013551   -219.66816    1646.7606         1000           10           10           10            0            0            0 
     150    33.866657   -219.67764  0.017510436   -219.66013    2332.5994         1000           10           10           10            0            0            0 
     160    70.309075   -219.70215  0.036352645    -219.6658    2182.2972         1000           10           10           10            0            0            0 
     170    70.452837   -219.71416  0.036426976   -219.67773    1367.0815         1000           10           10           10            0            0            0 
     180    131.14104   -219.75375  0.067805238   -219.68595    100.13153         1000           10           10           10            0            0            0 
     190     77.51858    -219.7199  0.040080251   -219.67982   -1084.4409         1000           10           10           10            0            0            0 
     200    59.722684   -219.70287  0.030879051   -219.67199   -1987.6442         1000           10           10           10            0            0            0 
     210    32.483697   -219.68297   0.01679539   -219.66617   -2254.4147         1000           10           10           10            0            0            0 
     220     59.43731   -219.69996  0.030731501   -219.66923    -1856.616         1000           10           10           10            0            0            0 
     230    118.31016   -219.73612  0.061171152   -219.67495   -895.58519         1000           10           10           10            0            0            0 
     240    111.33185    -219.7299  0.057563082   -219.67234    423.23063         1000           10           10           10            0            0            0 
     250    118.69782    -219.7191  0.061371592   -219.65773    1728.8929         1000           10           10           10            0            0            0 
     260    33.733412   -219.65076  0.017441543   -219.63332      2629.88         1000           10           10           10            0            0            0 
     270    103.81591   -219.67871  0.053677036   -219.62503    2608.0346         1000           10           10           10            0            0            0 
     280    115.44432   -219.68931  0.059689396   -219.62962    1664.5444         1000           10           10           10            0            0            0 
     290    218.98856   -219.74334   0.11322597   -219.63011    41.303614         1000           10           10           10            0            0            0 
     300    159.79812   -219.69171  0.082622113   -219.60908   -1530.2592         1000           10           10           10            0            0            0 
     310    93.645138   -219.63722  0.048418336    -219.5888   -2743.9774         1000           10           10           10            0            0            0 
     320    81.113608   -219.61882  0.041939027   -219.57688   -3157.0161         1000           10           10           10            0            0            0 
     330    94.430614   -219.63659  0.048824459   -219.58776    -2473.263         1000           10           10           10            0            0            0 
     340    221.98374   -219.72175    0.1147746   -219.60697   -1197.0082         1000           10           10           10            0            0            0 
     350    170.38955   -219.70698   0.08809831   -219.61888    598.32481         1000           10           10           10            0            0            0 
     360    170.79628   -219.70304  0.088308608   -219.61473    2117.2435         1000           10           10           10            0            0            0 
     370    39.393226    -219.6266  0.020367897   -219.60623    2903.2358         1000           10           10           10            0            0            0 
     380    98.459643   -219.67798  0.050907631   -219.62707    2560.4178         1000           10           10           10            0            0            0 
     390     107.7491   -219.70925   0.05571066   -219.65354    1433.0251         1000           10           10           10            0            0            0 
     400    132.64892   -219.74029  0.068584873   -219.67171    22.814295         1000           10           10           10            0            0            0 
     410    102.38021   -219.72601  0.052934721   -219.67307   -1217.0688         1000           10           10           10            0            0            0 
     420    34.978921   -219.68901  0.018085522   -219.67092   -1980.5949         1000           10           10           10            0            0            0 
     430    48.143382   -219.69672  0.024892082   -219.67183   -2212.0493         1000           10           10           10            0            0            0 
     440    43.585009   -219.70112  0.022535218   -219.67859   -1689.0077         1000           10           10           10            0            0            0 
     450    113.76622   -219.74619  0.058821754   -219.68737   -774.26541         1000           10           10           10            0            0            0 
     460    89.093217   -219.73454  0.046064808   -219.68848    493.94505         1000           10           10           10            0            0            0 
     470    85.384434   -219.72372  0.044147217   -219.67957     1611.008         1000           10           10           10            0            0            0 
     480    38.463939   -219.68786  0.019887417   -219.66798    2261.5406         1000           10           10           10            0            0            0 
     490    51.178673   -219.69324  0.026461451   -219.66678    2181.5448         1000           10           10           10            0            0            0 
     500     105.5849   -219.72943  0.054591678   -219.67484    1321.5534         1000           10           10           10            0            0            0 
     510    110.04272   -219.73215  0.056896554   -219.67526    48.743256         1000           10           10           10            0            0            0 
     520    129.59458   -219.73189  0.067005656   -219.66488   -1289.3264         1000           10           10           10            0            0            0 
     530    39.468025   -219.66749   0.02040657   -219.64708   -2217.1598         1000           10           10           10            0            0            0 
     540    66.185291   -219.67067  0.034220481   -219.63645   -2608.4721         1000           10           10           10            0            0            0 
     550    72.431005   -219.67535  0.037449769    -219.6379   -2032.6183         1000           10           10           10            0            0            0 
     560    167.99755   -219.72845  0.086861551   -219.64159   -950.67983         1000           10           10           10            0            0            0 
     570    166.14012   -219.72694  0.085901183   -219.64104    617.01748         1000           10           10           10            0            0            0 
     580    125.63785   -219.68567  0.064959865   -219.62071    2142.6205         1000           10           10           10            0            0            0 
     590    89.544699   -219.64636  0.046298243   -219.60006    2971.4562         1000           10           10           10            0            0            0 
     600    68.030046   -219.63267  0.035174295    -219.5975    2858.5316         1000           10           10           10            0            0            0 
     610    200.46113   -219.72127   0.10364654   -219.61762    1682.3141         1000           10           10           10            0            0            0 
     620    167.50186     -219.707   0.08660526   -219.62039    0.3516419         1000           10           10           10            0            0            0 
     630    189.08419   -219.71128    0.0977642   -219.61351   -1600.3159         1000           10           10           10            0            0            0 
     640    56.490833   -219.63239  0.029208053   -219.60318    -2574.883         1000           10           10           10            0            0            0 
     650    71.024976   -219.64475  0.036722795   -219.60803   -2848.6776         1000           10           10           10            0            0            0 
     660    86.833644   -219.67736  0.044896518   -219.63246   -2033.7554         1000           10           10           10            0            0            0 
     670    137.41316   -219.73041  0.071048178   -219.65936    -776.5889         1000           10           10           10            0            0            0 
     680    125.86712   -219.74125  0.065078409   -219.67617    617.44707         1000           10           10           10            0            0            0 
     690    58.467139   -219.70672  0.030229884   -219.67649    1728.0233         1000           10           10           10            0            0            0 
     700    53.262613    -219.7047  0.027538933   -219.67716    2162.3946         1000           10           10           10            0            0            0 
     710    28.028668   -219.69828  0.014491959   -219.68378    1930.7426         1000           10           10           10            0            0            0 
     720    92.537589   -219.74416  0.047845689   -219.69631    1078.2703         1000           10           10           10            0            0            0 
     730    76.999978   -219.73895  0.039812113   -219.69914    -32.98801         1000           10           10           10            0            0            0 
     740    80.126204   -219.73638  0.041428499   -219.69495   -1121.7648         1000           10           10           10            0            0            0 
     750    36.253003   -219.70495  0.018744274   -219.68621   -1842.5035         1000           10           10           10            0            0            0 
     760    29.025269    -219.6959  0.015007242   -219.68089   -2064.2647         1000           10           10           10            0            0            0 
     770    65.121276   -219.71696  0.033670342   -219.68328   -1647.5628         1000           10           10           10            0            0            0 
     780    89.452908   -219.73141  0.046250783   -219.68515   -685.12587         1000           10           10           10            0            0            0 
     790    129.89265   -219.75015  0.067159771   -219.68299    537.34135         1000           10           10           10            0            0            0 
     800    60.437978   -219.69584  0.031248887   -219.66459    1800.4118         1000           10           10           10            0            0            0 
     810    77.683693    -219.6871  0.040165622   -219.64693    2507.3828         1000           10           10           10            0            0            0 
     820    50.427512   -219.66551   0.02607307   -219.63944    2426.8492         1000           10           10           10            0            0            0 
     830    147.52413   -219.72508  0.076275963    -219.6488     1429.066         1000           10           10           10            0            0            0 
     840    162.04857   -219.73097  0.083785686   -219.64718   -68.218525         1000           10           10           10            0            0            0 
     850    128.88195   -219.70024  0.066637199    -219.6336   -1537.3754         1000           10           10           10            0            0            0 
     860    85.986727   -219.66271  0.044458627   -219.61825   -2565.0628         1000           10           10           10            0            0            0 
     870    43.794423   -219.63477  0.022643494   -219.61213    -2745.967         1000           10           10           10            0            0            0 
     880    124.33121    -219.6877  0.064284283   -219.62342     -2138.95         1000           10           10           10            0            0            0 
     890     137.9367   -219.70556  0.071318871   -219.63424   -785.88995         1000           10           10           10            0            0            0 
     900    194.71351   -219.74278   0.10067479    -219.6421     736.9576         1000           10           10           10            0            0            0 
     910    85.485798   -219.67157  0.044199627   -219.62737    2173.7912         1000           10           10           10            0            0            0 
     920    84.458793   -219.66203  0.043668623   -219.61836    2820.6525         1000           10           10           10            0            0            0 
     930    73.506285   -219.66426  0.038005732   -219.62626    2497.2505         1000           10           10           10            0            0            0 
     940    138.86564   -219.71877  0.071799171   -219.64698    1303.6197         1000           10           10           10            0            0            0 
     950    167.00528   -219.73894  0.086348508   -219.65259   -208.10002         1000           10           10           10            0            0            0 
     960    103.94547   -219.70019  0.053744026   -219.64645   -1518.8508         1000           10           10           10            0            0            0 
     970    71.880587   -219.67587   0.03716518   -219.63871   -2434.2389         1000           10           10           10            0            0            0 
     980    30.424498   -219.65491    0.0157307   -219.63918   -2472.5759         1000           10           10           10            0            0            0 
     990    104.99707   -219.70651  0.054287744   -219.65222   -1859.8488         1000           10           10           10            0            0            0 
    1000    112.70526   -219.72186  0.058273196   -219.66359   -624.64352         1000           10           10           10            0            0            0 
    1010    144.19942   -219.74439  0.074556953   -219.66983    767.10991         1000           10           10           10            0            0            0 
    1020    69.489657   -219.69645  0.035928973   -219.66053    1945.9437         1000           10           10           10            0            0            0 
    1030    45.725235   -219.68143  0.023641802   -219.65779    2391.5422         1000           10           10           10            0            0            0 
    1040      65.2632   -219.70365  0.033743723   -219.66991    2027.7608         1000           10           10           10            0            0            0 
    1050    80.564256   -219.73037   0.04165499   -219.68872    1012.0406         1000           10           10           10            0            0            0 
    1060    101.92859   -219.75192  0.052701217   -219.69922   -213.27809         1000           10           10           10            0            0            0 
    1070    50.200509    -219.7269    0.0259557   -219.70094   -1140.5938         1000           10           10           10            0            0            0 
    1080    38.051022   -219.72106  0.019673923   -219.70139   -1725.1911         1000           10           10           10            0            0            0 
    1090    15.003842   -219.71176 0.0077575952     -219.704   -1722.4789         1000           10           10           10            0            0            0 
    1100     48.29746   -219.73606  0.024971747   -219.71109   -1277.9941         1000           10           10           10            0            0            0 
    1110    58.826553   -219.74685  0.030415715   -219.71643   -463.81203         1000           10           10           10            0            0            0 
    1120    61.201562   -219.74826  0.031643691   -219.71661    496.27016         1000           10           10           10            0            0            0 
    1130    48.153248   -219.73512  0.024897183   -219.71022    1356.3011         1000           10           10           10            0            0            0 
    1140     17.26716    -219.7103 0.0089278226   -219.70137    1828.6983         1000           10           10           10            0            0            0 
    1150    49.010722   -219.72483  0.025340532   -219.69949    1720.5179         1000           10           10           10            0            0            0 
    1160    58.304531   -219.73028  0.030145809   -219.70013    1046.6866         1000           10           10           10            0            0            0 
    1170    107.45746   -219.75245  0.055559867   -219.69689   -89.396473         1000           10           10           10            0            0            0 
    1180    72.259535   -219.72004  0.037361112   -219.68268   -1202.0306         1000           10           10           10            0            0            0 
    1190    55.514148   -219.69529  0.028703067   -219.66659    -2095.765         1000           10           10           10            0            0            0 
    1200    36.277805   -219.67502  0.018757097   -219.65627   -2351.7022         1000           10           10           10            0            0            0 
    1210    74.939125   -219.69705  0.038746569    -219.6583   -1827.0425         1000           10           10           10            0            0            0 
    1220     139.1969   -219.73603  0.071970444   -219.66406   -769.58014         1000           10           10           10            0            0            0 
    1230    116.62939   -219.72204  0.060302129   -219.66174    646.37381         1000           10           10           10            0            0            0 
    1240    120.79113   -219.71064  0.062453916   -219.64818    1970.6822         1000           10           10           10            0            0            0 
    1250    33.110882   -219.64779   0.01711967   -219.63067    2671.1053         1000           10           10           10            0            0            0 
    1260    95.768972   -219.68385  0.049516445   -219.63433    2403.0311         1000           10           10           10            0            0            0 
    1270    118.33419   -219.70788  0.061183576   -219.64669    1345.6393         1000           10           10           10            0            0            0 
    1280    172.05327   -219.73749  0.088958522   -219.64853   -210.01239         1000           10           10           10            0            0            0 
    1290    121.10944   -219.69856  0.062618493   -219.63594   -1594.4864         1000           10           10           10            0            0            0 
    1300    68.740694    -219.6584  0.035541728   -219.62286   -2528.1839         1000           10           10           10            0            0            0 
    1310    59.108718   -219.64774  0.030561606   -219.61718   -2770.4042         1000           10           10           10            0            0            0 
    1320    85.532294   -219.67115  0.044223667   -219.62693   -2033.8898         1000           10           10           10            0            0            0 
    1330    186.83114   -219.73675  0.096599283   -219.64015   -786.50388         1000           10           10           10            0            0            0 
    1340    137.87358   -219.71272  0.071286237   -219.64143    800.97018         1000           10           10           10            0            0            0 
    1350    126.52809   -219.69357  0.065420156   -219.62815    2183.1391         1000           10           10           10            0            0            0 
    1360    40.599322   -219.63971  0.020991497   -219.61872    2792.6554         1000           10           10           10            0            0            0 
    1370    92.178472   -219.67938  0.047660011   -219.63172    2353.9312         1000           10           10           10            0            0            0 
    1380     124.2156   -219.71769  0.064224507   -219.65346    1181.8024         1000           10           10           10            0            0            0 
    1390    144.70864   -219.73846  0.074820239   -219.66364   -282.07065         1000           10           10           10            0            0            0 
    1400    94.292784   -219.71063  0.048753196   -219.66187   -1519.4627         1000           10           10           10            0            0            0 
    1410    35.754892   -219.68045   0.01848673   -219.66196   -2171.0468         1000           10           10           10            0            0            0 
    1420    46.329765   -219.69281  0.023954368   -219.66886   -2196.4503         1000           10           10           10            0            0            0 
    1430    51.197737   -219.70811  0.026471308   -219.68164   -1516.4482         1000           10           10           10            0            0            0 
    1440    106.31145   -219.74888  0.054967336   -219.69391   -495.03303         1000           10           10           10            0            0            0 
    1450    74.078491   -219.73485  0.038301586   -219.69655    689.91121         1000           10           10           10            0            0            0 
    1460    59.759381   -219.72194  0.030898025   -219.69105    1618.9128         1000           10           10           10            0            0            0 
    1470    27.196362   -219.69962  0.014061623   -219.68556    2062.4486         1000           10           10           10            0            0            0 
    1480    45.071648   -219.71268  0.023303871   -219.68938    1801.8552         1000           10           10           10            0            0            0 
    1490    79.709949   -219.73807  0.041213278   -219.69685    942.03306         1000           10           10           10            0            0            0 
    1500    85.729438   -219.74059  0.044325598   -219.69626   -177.13691         1000           10           10           10            0            0            0 
    1510    83.683975   -219.72899  0.043268011   -219.68572   -1308.2025         1000           10           10           10            0            0            0 
    1520    27.624588   -219.68341  0.014283033   -219.66913   -2070.0091         1000           10           10           10            0            0            0 
    1530    58.418506     -219.686  0.030204738   -219.65579   -2342.9587         1000           10           10           10            0            0            0 
    1540    73.281528   -219.68667  0.037889524   -219.64878   -1816.1198         1000           10           10           10            0            0            0 
    1550    166.49173   -219.73176   0.08608298   -219.64568   -707.26319         1000           10           10           10            0            0            0 
    1560     159.2994   -219.72105  0.082364257   -219.63869    911.02853         1000           10           10           10            0            0            0 
    1570    108.05245   -219.66934  0.055867503   -219.61347    2323.6787         1000           10           10           10            0            0            0 
    1580    78.526513   -219.63598  0.040601394   -219.59538    3010.6358         1000           10           10           10            0            0            0 
    1590    86.264725   -219.64688  0.044602363   -219.60228    2651.9568         1000           10           10           10            0            0            0 
    1600    185.49633    -219.7188  0.095909131   -219.62289    1273.0993         1000           10           10           10            0            0            0 
    1610    160.98867   -219.70957  0.083237673   -219.62633    -312.2634         1000           10           10           10            0            0            0 
    1620    160.86528   -219.70325  0.083173877   -219.62008    -1790.245         1000           10           10           10            0            0            0 
    1630    41.014713   -219.63081  0.021206271    -219.6096    -2663.345         1000           10           10           10            0            0            0 
    1640    72.272507   -219.65291  0.037367819   -219.61554   -2717.1313         1000           10           10           10            0            0            0 
    1650    95.175026   -219.68251  0.049209351    -219.6333   -1852.4334         1000           10           10           10            0            0            0 
    1660    148.83984    -219.7261  0.076956236   -219.64914   -590.19235         1000           10           10           10            0            0            0 
    1670     143.6323    -219.7313  0.074263727   -219.65704    937.22111         1000           10           10           10            0            0            0 
    1680    71.616212   -219.68549  0.037028488   -219.64846    2119.2719         1000           10           10           10            0            0            0 
    1690     58.57511   -219.67692  0.030285709   -219.64663    2515.3684         1000           10           10           10            0            0            0 
    1700    49.144755   -219.68351  0.025409833    -219.6581    2140.9803         1000           10           10           10            0            0            0 
    1710    121.85706   -219.73967  0.063005044   -219.67666    1016.3553         1000           10           10           10            0            0            0 
    1720    96.024636   -219.73048  0.049648633   -219.68083   -282.99019         1000           10           10           10            0            0            0 
    1730    89.584027   -219.72523  0.046318577   -219.67891   -1403.6473         1000           10           10           10            0            0            0 
    1740    29.710314   -219.68928  0.015361438   -219.67392    -2050.366         1000           10           10           10            0            0            0 
    1750    32.109488   -219.69353  0.016601908   -219.67693   -2085.3708         1000           10           10           10            0            0            0 
    1760    66.082349   -219.72174  0.034167256   -219.68757   -1463.3598         1000           10           10           10            0            0            0 
    1770    82.627419    -219.7396  0.042721729   -219.69688   -461.18748         1000           10           10           10            0            0            0 
    1780     91.67696   -219.74874  0.047400709   -219.70134    669.75132         1000           10           10           10            0            0            0 
    1790    37.638195   -219.71597  0.019460474   -219.69651     1608.158         1000           10           10           10            0            0            0 
    1800    37.122046    -219.7148  0.019193604   -219.69561    1935.3106         1000           10           10           10            0            0            0 
    1810    28.249383   -219.71593  0.014606077   -219.70133    1671.5555         1000           10           10           10            0            0            0 
    1820      70.6225   -219.74776  0.036514698   -219.71124    874.50551         1000           10           10           10            0            0            0 
    1830    65.903268   -219.74744  0.034074664   -219.71336   -139.71185         1000           10           10           10            0            0            0 
    1840    53.568022   -219.73728  0.027696841   -219.70959   -1058.0699         1000           10           10           10            0            0            0 
    1850    33.977533   -219.72053  0.017567763   -219.70296   -1686.3567         1000           10           10           10            0            0            0 
    1860    18.604855   -219.70761 0.0096194651   -219.69799   -1841.9361         1000           10           10           10            0            0            0 
    1870    60.253743    -219.7298   0.03115363   -219.69865   -1472.5897         1000           10           10           10            0            0            0 
    1880    75.593048   -219.73705  0.039084673   -219.69797   -588.06202         1000           10           10           10            0            0            0 
    1890    111.00172   -219.74991  0.057392395   -219.69252    552.62469         1000           10           10           10            0            0            0 
    1900    64.182703   -219.70767  0.033185062   -219.67448    1769.3444         1000           10           10           10            0            0            0 
    1910    60.642438    -219.6873  0.031354601   -219.65594     2441.073         1000           10           10           10            0            0            0 
    1920    61.310225   -219.68204  0.031699874   -219.65034    2305.4869         1000           10           10           10            0            0            0 
    1930    126.20996    -219.7228  0.065255669   -219.65754    1359.3586         1000           10           10           10            0            0            0 
    1940    165.89076   -219.74186  0.085772253   -219.65609    -123.2271         1000           10           10           10            0            0            0 
    1950    109.65013   -219.69789  0.056693565    -219.6412   -1527.7541         1000           10           10           10            0            0            0 
    1960    91.029186   -219.67263  0.047065783   -219.62556   -2554.8976         1000           10           10           10            0            0            0 
    1970     36.29166   -219.63539  0.018764261   -219.61663   -2754.5022         1000           10           10           10            0            0            0 
    1980    122.68491   -219.68884  0.063433079   -219.62541   -2164.8361         1000           10           10           10            0            0            0 
    1990    152.20836   -219.71405  0.078697897   -219.63535   -819.73383         1000           10           10           10            0            0            0 
    2000    189.12291   -219.73766  0.097784218   -219.63988    713.07955         1000           10           10           10            0            0            0 
    2010    110.95785    -219.6818  0.057369714   -219.62443    2196.4702         1000           10           10           10            0            0            0 
    2020    73.402657   -219.65016  0.037952153   -219.61221    2911.8386         1000           10           10           10            0            0            0 
    2030     89.04895   -219.66657  0.046041921   -219.62053    2575.5831         1000           10           10           10            0            0            0 
    2040     131.1891   -219.70991  0.067830091   -219.64208    1398.9554         1000           10           10           10            0            0            0 
    2050    185.42249   -219.74742   0.09587095   -219.65155   -165.86925         1000           10           10           10            0            0            0 
    2060    98.611525   -219.69878   0.05098616   -219.64779   -1490.5035         1000           10           10           10            0            0            0 
    2070    72.189934   -219.68428  0.037325125   -219.64695   -2355.4068         1000           10           10           10            0            0            0 
    2080    29.195905   -219.66945  0.015095468   -219.65436   -2363.5036         1000           10           10           10            0            0            0 
    2090    77.305315   -219.71283  0.039969985   -219.67286   -1748.5841         1000           10           10           10            0            0            0 
    2100    94.121273   -219.73759  0.048664518   -219.68893   -632.45346         1000           10           10           10            0            0            0 
    2110    94.606475   -219.74617  0.048915387   -219.69725    568.63338         1000           10           10           10            0            0            0 
    2120    58.930536    -219.7244  0.030469479   -219.69393     1547.698         1000           10           10           10            0            0            0 
    2130    24.995538   -219.70365  0.012923708   -219.69073    2002.0843         1000           10           10           10            0            0            0 
    2140    49.693397    -219.7212  0.025693503    -219.6955    1795.0269         1000           10           10           10            0            0            0 
    2150    56.342079   -219.73223  0.029131141    -219.7031    1037.4273         1000           10           10           10            0            0            0 
    2160     95.40144   -219.75559  0.049326416   -219.70626   -48.242292         1000           10           10           10            0            0            0 
    2170    58.199643   -219.72915  0.030091577   -219.69905   -1058.2651         1000           10           10           10            0            0            0 
    2180     42.59974   -219.71125  0.022025794   -219.68923   -1841.5587         1000           10           10           10            0            0            0 
    2190    26.751309    -219.6953  0.013831513   -219.68147   -2062.6589         1000           10           10           10            0            0            0 
    2200    60.585308   -219.71156  0.031325063   -219.68024   -1687.2293         1000           10           10           10            0            0            0 
    2210    108.64063   -219.73699  0.056171613   -219.68082   -762.53762         1000           10           10           10            0            0            0 
    2220    109.10976   -219.73109  0.056414174   -219.67468     553.3985         1000           10           10           10            0            0            0 
    2230    107.03431   -219.71368   0.05534108   -219.65833     1827.042         1000           10           10           10            0            0            0 
    2240    32.642318   -219.65526  0.016877403   -219.63838    2595.7582         1000           10           10           10            0            0            0 
    2250    93.329171   -219.68757  0.048254968   -219.63932     2453.987         1000           10           10           10            0            0            0 
    2260    100.92541   -219.70276  0.052182531   -219.65058    1457.6739         1000           10           10           10            0            0            0 
    2270    166.06302   -219.74241  0.085861319   -219.65655   -50.742855         1000           10           10           10            0            0            0 
    2280    119.82638   -219.70795  0.061955102   -219.64599   -1399.5394         1000           10           10           10            0            0            0 
    2290    65.671428   -219.66785  0.033954793    -219.6339   -2392.9662         1000           10           10           10            0            0            0 
    2300    50.914894   -219.65457  0.026325066   -219.62824    -2660.857         1000           10           10           10            0            0            0 
    2310    77.813875    -219.6772  0.040232931   -219.63697   -2030.5646         1000           10           10           10            0            0            0 
    2320    159.18678   -219.73079  0.082306025   -219.64848   -913.83359         1000           10           10           10            0            0            0 
    2330    127.72612    -219.7176  0.066039586   -219.65156    620.59965         1000           10           10           10            0            0            0 
    2340    130.04154    -219.7089  0.067236751   -219.64167    1990.5571         1000           10           10           10            0            0            0 
    2350    33.506749   -219.64446  0.017324349   -219.62714    2704.0746         1000           10           10           10            0            0            0 
    2360    89.324849   -219.68102  0.046184572   -219.63483    2463.5324         1000           10           10           10            0            0            0 
    2370    114.49546   -219.70993  0.059198799   -219.65073    1420.7954         1000           10           10           10            0            0            0 
    2380    150.63364   -219.73588  0.077883704   -219.65799   -64.755592         1000           10           10           10            0            0            0 
    2390    121.38119   -219.71433  0.062759003   -219.65157   -1402.0261         1000           10           10           10            0            0            0 
    2400    52.880975    -219.6706   0.02734161   -219.64326   -2286.0865         1000           10           10           10            0            0            0 
    2410    49.134279   -219.66708  0.025404416   -219.64168   -2540.0417         1000           10           10           10            0            0            0 
    2420    59.691571   -219.68382  0.030862965   -219.65295   -1879.2262         1000           10           10           10            0            0            0 
    2430    141.58365   -219.74024   0.07320449   -219.66703   -801.03175         1000           10           10           10            0            0            0 
    2440    104.30674   -219.72565  0.053930819   -219.67172    588.79342         1000           10           10           10            0            0            0 
    2450     94.68688   -219.71472  0.048956959   -219.66576    1786.0791         1000           10           10           10            0            0            0 
    2460    32.660179   -219.67602  0.016886638   -219.65914    2362.6025         1000           10           10           10            0            0            0 
    2470     53.99851   -219.69439  0.027919421   -219.66647    2122.5826         1000           10           10           10            0            0            0 
    2480    94.119789    -219.7296   0.04866375   -219.68094    1215.8954         1000           10           10           10            0            0            0 
    2490    99.909763   -219.73871  0.051657402   -219.68705   -31.351963         1000           10           10           10            0            0            0 
    2500    89.181344   -219.72921  0.046110374    -219.6831   -1207.8674         1000           10           10           10            0            0            0 
    2510    30.373588   -219.69198  0.015704378   -219.67628   -1930.0822         1000           10           10           10            0            0            0 
    2520    42.113641   -219.69604  0.021774462   -219.67426   -2162.8316         1000           10           10           10            0            0            0 
    2530    44.654437   -219.70215  0.023088156   -219.67906    -1653.828         1000           10           10           10            0            0            0 
    2540    110.86444   -219.74276  0.057321417   -219.68544   -718.97645         1000           10           10           10            0            0            0 
    2550    97.320199   -219.73436  0.050318492   -219.68405    525.49085         1000           10           10           10            0            0            0 
    2560    77.831246   -219.70958  0.040241913   -219.66934    1713.9625         1000           10           10           10            0            0            0 
    2570    52.538991   -219.67809   0.02716479   -219.65093    2463.8911         1000           10           10           10            0            0            0 
    2580     54.13878   -219.66985  0.027991946   -219.64186     2387.353         1000           10           10           10            0            0            0 
    2590    145.35218    -219.7222  0.075152976   -219.64705     1425.334         1000           10           10           10            0            0            0 
    2600    148.62514   -219.71668  0.076845229   -219.63984   -27.976529         1000           10           10           10            0            0            0 
    2610    163.51125   -219.70505   0.08454195   -219.62051   -1604.7155         1000           10           10           10            0            0            0 
    2620    54.953182   -219.62638  0.028413025   -219.59796   -2631.6088         1000           10           10           10            0            0            0 
    2630    86.839399   -219.63247  0.044899493   -219.58757   -3002.6536         1000           10           10           10            0            0            0 
    2640    96.356809   -219.64611  0.049820381   -219.59629   -2270.3882         1000           10           10           10            0            0            0 
    2650    199.34776   -219.71275   0.10307088   -219.60968   -926.93079         1000           10           10           10            0            0            0 
    2660    201.68561   -219.72302   0.10427965   -219.61874    782.21277         1000           10           10           10            0            0            0 
    2670    111.15538   -219.66144  0.057471844   -219.60397    2278.8284         1000           10           10           10            0            0            0 
    2680    94.341501   -219.64492  0.048778384   -219.59615    2991.7486         1000           10           10           10            0            0            0 
    2690    58.077529   -219.64011  0.030028439   -219.61008    2653.7293         1000           10           10           10            0            0            0 
    2700    165.38543   -219.72449  0.085510979   -219.63898    1376.4474         1000           10           10           10            0            0            0 
    2710    130.50233   -219.71809  0.067475001   -219.65062   -94.056375         1000           10           10           10            0            0            0 
    2720    127.35841   -219.71804  0.065849468   -219.65219   -1457.7145         1000           10           10           10            0            0            0 
    2730    37.826856   -219.66845  0.019558019   -219.64889   -2226.2832         1000           10           10           10            0            0            0 
    2740    45.957895    -219.6783  0.023762097   -219.65454    -2329.156         1000           10           10           10            0            0            0 
    2750    69.512703   -219.70337  0.035940888   -219.66743   -1700.3402         1000           10           10           10            0            0            0 
    2760    98.286281   -219.72918  0.050817996   -219.67837   -615.54606         1000           10           10           10            0            0            0 
    2770    120.09839   -219.74523  0.062095739   -219.68314     658.6005         1000           10           10           10            0            0            0 
    2780    50.522377   -219.69853  0.026122119   -219.67241    1776.6644         1000           10           10           10            0            0            0 
    2790    58.203995   -219.69527  0.030093827   -219.66517     2289.317         1000           10           10           10            0            0            0 
    2800    34.575152   -219.68439  0.017876757   -219.66652    2106.1647         1000           10           10           10            0            0            0 
    2810    110.68601   -219.73555  0.057229161   -219.67832    1139.9637         1000           10           10           10            0            0            0 
    2820    104.72076   -219.73321  0.054144885   -219.67906   -123.57081         1000           10           10           10            0            0            0 
    2830    95.060875   -219.72044   0.04915033   -219.67129   -1326.3182         1000           10           10           10            0            0            0 
    2840    44.410365   -219.68239  0.022961961   -219.65943     -2158.44         1000           10           10           10            0            0            0 
    2850    31.752322   -219.67082  0.016417239    -219.6544   -2304.2205         1000           10           10           10            0            0            0 
    2860    94.340485   -219.70897  0.048777859   -219.66019   -1766.6857         1000           10           10           10            0            0            0 
    2870    106.53334   -219.71865  0.055082061   -219.66357   -641.52843         1000           10           10           10            0            0            0 
    2880    158.11431   -219.74541  0.081751515   -219.66366    742.48221         1000           10           10           10            0            0            0 
    2890    66.405807   -219.67844  0.034334497    -219.6441    2077.3584         1000           10           10           10            0            0            0 
    2900    76.359178   -219.66725  0.039480794   -219.62777    2690.1406         1000           10           10           10            0            0            0 
    2910    67.498873   -219.66126  0.034899656   -219.62636    2484.0055         1000           10           10           10            0            0            0 
    2920    155.94094   -219.71898  0.080627795   -219.63836    1342.0477         1000           10           10           10            0            0            0 
    2930     171.6106   -219.72352  0.088729643   -219.63479   -263.07361         1000           10           10           10            0            0            0 
    2940    124.05424   -219.68377  0.064141075   -219.61963   -1662.6116         1000           10           10           10            0            0            0 
    2950    86.955332   -219.64618  0.044959435   -219.60123   -2725.8582         1000           10           10           10            0            0            0 
    2960    35.170952   -219.61128   0.01818481   -219.59309   -2834.5552         1000           10           10           10            0            0            0 
    2970    164.09375    -219.6901  0.084843128   -219.60526   -2097.2814         1000           10           10           10            0            0            0 
    2980    158.94465   -219.69605  0.082180836   -219.61387   -643.74893         1000           10           10           10            0            0            0 
    2990    216.87685   -219.73014   0.11213413     -219.618    1000.9823         1000           10           10           10            0            0            0 
    3000    94.019215   -219.64927   0.04861175   -219.60066    2492.3878         1000           10           10           10            0            0            0 
    3010     78.85089   -219.63663   0.04076911   -219.59586    2976.2663         1000           10           10           10            0            0            0 
    3020    90.421834   -219.66351  0.046751758   -219.61676    2448.4789         1000           10           10           10            0            0            0 
    3030    130.00792   -219.71542  0.067219372   -219.64821    1146.9416         1000           10           10           10            0            0            0 
    3040    150.10859   -219.73937  0.077612235   -219.66176   -383.84916         1000           10           10           10            0            0            0 
    3050    70.250433   -219.70052  0.036322325   -219.66419   -1492.6275         1000           10           10           10            0            0            0 
    3060      57.3297   -219.69485  0.029641781   -219.66521   -2177.7226         1000           10           10           10            0            0            0 
    3070    16.725861   -219.67918  0.008647949   -219.67054   -2094.9461         1000           10           10           10            0            0            0 
    3080    80.118971   -219.72432  0.041424759   -219.68289   -1481.2886         1000           10           10           10            0            0            0 
    3090    85.085783   -219.73574  0.043992802   -219.69175   -409.71658         1000           10           10           10            0            0            0 
    3100    91.055617   -219.73992  0.047079449   -219.69284    754.23004         1000           10           10           10            0            0            0 
    3110    56.912736   -219.71354  0.029426194   -219.68411    1754.8265         1000           10           10           10            0            0            0 
    3120    25.678644    -219.6897  0.013276901   -219.67642    2167.3608         1000           10           10           10            0            0            0 
    3130    65.612135   -219.71378  0.033924136   -219.67986    1856.3545         1000           10           10           10            0            0            0 
    3140    76.963367    -219.7255  0.039793184    -219.6857    958.43832         1000           10           10           10            0            0            0 
    3150    126.57815   -219.74883   0.06544604   -219.68339   -327.36257         1000           10           10           10            0            0            0 
    3160    65.010153   -219.70208  0.033612887   -219.66847   -1461.6076         1000           10           10           10            0            0            0 
    3170    62.731987   -219.68333  0.032434983   -219.65089   -2337.3541         1000           10           10           10            0            0            0 
    3180    37.216244   -219.65737  0.019242308   -219.63813   -2472.8994         1000           10           10           10            0            0            0 
    3190    110.22231   -219.69338  0.056989407   -219.63639   -1852.0372         1000           10           10           10            0            0            0 
    3200    178.64812   -219.73084  0.092368329   -219.63847   -571.73258         1000           10           10           10            0            0            0 
    3210    153.14908   -219.70874  0.079184288   -219.62956    1025.0546         1000           10           10           10            0            0            0 
    3220    132.00572   -219.67452  0.068252312   -219.60627    2469.9665         1000           10           10           10            0            0            0 
    3230    42.467079   -219.61187  0.021957203   -219.58991    3049.8368         1000           10           10           10            0            0            0 
    3240    140.02339   -219.67496  0.072397776   -219.60256    2464.7747         1000           10           10           10            0            0            0 
    3250    146.78201   -219.69854  0.075892255   -219.62265    1103.8393         1000           10           10           10            0            0            0 
    3260    210.72645   -219.73523   0.10895413   -219.62627   -608.53705         1000           10           10           10            0            0            0 
    3270    100.70141   -219.66794  0.052066714   -219.61587   -1944.2249         1000           10           10           10            0            0            0 
    3280     71.97575   -219.64641  0.037214383   -219.60919   -2765.2356         1000           10           10           10            0            0            0 
    3290    60.220513   -219.64568  0.031136449   -219.61454   -2662.4115         1000           10           10           10            0            0            0 
    3300    106.52827   -219.68603   0.05507944   -219.63095   -1762.3306         1000           10           10           10            0            0            0 
    3310    175.80006    -219.7383  0.090895766   -219.64741   -399.49313         1000           10           10           10            0            0            0 
    3320    116.02971   -219.70903  0.059992071   -219.64904    1133.5354         1000           10           10           10            0            0            0 
    3330    103.34392   -219.69241  0.053433001   -219.63898    2267.5346         1000           10           10           10            0            0            0 
    3340    26.040109    -219.6477  0.013463793   -219.63423    2651.4972         1000           10           10           10            0            0            0 
    3350    106.32325   -219.70505  0.054973434   -219.65007    2036.9139         1000           10           10           10            0            0            0 
    3360    107.43909   -219.72016  0.055550368   -219.66461    831.81999         1000           10           10           10            0            0            0 
    3370    138.79864   -219.73997  0.071764528    -219.6682   -560.37847         1000           10           10           10            0            0            0 
    3380    77.525271   -219.70074  0.040083711   -219.66066   -1694.6229         1000           10           10           10            0            0            0 
    3390    35.525451   -219.67365    0.0183681   -219.65528   -2309.3836         1000           10           10           10            0            0            0 
    3400    55.956262   -219.68849  0.028931658   -219.65955   -2221.5519         1000           10           10           10            0            0            0 
    3410    68.082392   -219.70514  0.035201359   -219.66993   -1409.7229         1000           10           10           10            0            0            0 
    3420    134.89112   -219.75102  0.069744182   -219.68128   -265.82132         1000           10           10           10            0            0            0 
    3430    78.863352   -219.72133  0.040775553   -219.68055    1052.4454         1000           10           10           10            0            0            0 
    3440    72.009006   -219.71153  0.037231578   -219.67429    1949.9517         1000           10           10           10            0            0            0 
    3450    23.925968   -219.68483  0.012370696   -219.67246    2225.3383         1000           10           10           10            0            0            0 
    3460    65.230482   -219.71767  0.033726806   -219.68394    1726.5412         1000           10           10           10            0            0            0 
    3470    87.244298   -219.73986  0.045108842   -219.69475    688.21829         1000           10           10           10            0            0            0 
    3480    83.277294   -219.73985   0.04305774   -219.69679   -456.85657         1000           10           10           10            0            0            0 
    3490    68.242465   -219.72687  0.035284124   -219.69159   -1446.1308         1000           10           10           10            0            0            0 
    3500    16.313531   -219.69351 0.0084347576   -219.68507   -1954.5559         1000           10           10           10            0            0            0 
    3510    49.648159   -219.71138  0.025670113   -219.68571   -1943.3827         1000           10           10           10            0            0            0 
    3520    54.606916   -219.71751  0.028233992   -219.68928   -1283.9946         1000           10           10           10            0            0            0 
    3530    112.22494   -219.75008   0.05802485   -219.69206   -288.23941         1000           10           10           10            0            0            0 
    3540     87.45035   -219.73038   0.04521538   -219.68516     986.0669         1000           10           10           10            0            0            0 
    3550    65.115412   -219.70001   0.03366731   -219.66635    2026.2259         1000           10           10           10            0            0            0 
    3560    52.545081   -219.67806  0.027167939   -219.65089    2481.9795         1000           10           10           10            0            0            0 
    3570    74.464412   -219.68631  0.038501123   -219.64781    2123.5523         1000           10           10           10            0            0            0 
    3580    166.00615   -219.73921  0.085831918   -219.65337    881.73565         1000           10           10           10            0            0            0 
    3590    135.48807   -219.71158  0.070052833   -219.64153   -602.37432         1000           10           10           10            0            0            0 
    3600    141.56213   -219.69782  0.073193366   -219.62463   -2005.2256         1000           10           10           10            0            0            0 
    3610    34.311483    -219.6223  0.017740429   -219.60456   -2797.5065         1000           10           10           10            0            0            0 
    3620    91.164002   -219.65094  0.047135488    -219.6038   -2783.4399         1000           10           10           10            0            0            0 
    3630    126.48939   -219.68083  0.065400149   -219.61543   -1780.1949         1000           10           10           10            0            0            0 
    3640    192.63017     -219.725  0.099597613    -219.6254    -374.5923         1000           10           10           10            0            0            0 
    3650    176.94515   -219.71775  0.091487824   -219.62626    1322.9739         1000           10           10           10            0            0            0 
    3660    87.131219   -219.65312  0.045050376   -219.60807    2609.9567         1000           10           10           10            0            0            0 
    3670    85.789219   -219.65022  0.044356508   -219.60587    2912.3734         1000           10           10           10            0            0            0 
    3680     78.24379   -219.66401  0.040455215   -219.62355    2292.0205         1000           10           10           10            0            0            0 
    3690    178.69535   -219.74062  0.092392745   -219.64823    865.58049         1000           10           10           10            0            0            0 
    3700    119.11434     -219.714  0.061586948   -219.65241   -619.33527         1000           10           10           10            0            0            0 
    3710    103.71819   -219.70812  0.053626513   -219.65449   -1798.7329         1000           10           10           10            0            0            0 
    3720    29.395223   -219.67098  0.015198523   -219.65578   -2305.9245         1000           10           10           10            0            0            0 
    3730    44.294996   -219.69162   0.02290231   -219.66872   -2124.7941         1000           10           10           10            0            0            0 
    3740    75.673003   -219.72486  0.039126013   -219.68574   -1307.4665         1000           10           10           10            0            0            0 
    3750    85.374967   -219.74175  0.044142322   -219.69761   -212.67638         1000           10           10           10            0            0            0 
    3760    85.595643   -219.74476  0.044256421    -219.7005    905.59233         1000           10           10           10            0            0            0 
    3770    29.958212   -219.70938  0.015489611   -219.69389    1750.8195         1000           10           10           10            0            0            0 
    3780    41.776606   -219.71375  0.021600201   -219.69215    1977.4008         1000           10           10           10            0            0            0 
    3790    33.596129   -219.71362  0.017370562   -219.69624    1610.2232         1000           10           10           10            0            0            0 
    3800    89.342522   -219.74996  0.046193709   -219.70377    693.62945         1000           10           10           10            0            0            0 
    3810    77.089494   -219.74134  0.039858397   -219.70148   -407.60646         1000           10           10           10            0            0            0 
    3820    60.102291   -219.72493  0.031075324   -219.69386   -1391.5218         1000           10           10           10            0            0            0 
    3830    34.985568   -219.70326  0.018088958   -219.68517   -1987.7825         1000           10           10           10            0            0            0 
    3840     26.69274   -219.69608   0.01380123   -219.68228   -1984.9089         1000           10           10           10            0            0            0 
    3850    83.640753   -219.73018  0.043245663   -219.68694    -1403.646         1000           10           10           10            0            0            0 
    3860    88.803999   -219.73513  0.045915271   -219.68922   -316.45054         1000           10           10           10            0            0            0 
    3870    116.35082   -219.74538  0.060158093   -219.68522    905.43783         1000           10           10           10            0            0            0 
    3880    48.114601   -219.69332  0.024877201   -219.66844    2004.3359         1000           10           10           10            0            0            0 
    3890    61.926974   -219.68862  0.032018759    -219.6566    2436.7014         1000           10           10           10            0            0            0 
    3900    67.449319   -219.69118  0.034874035   -219.65631    2082.3492         1000           10           10           10            0            0            0 
    3910    132.63787    -219.7322  0.068579163   -219.66362    964.14973         1000           10           10           10            0            0            0 
    3920    155.92442   -219.73738  0.080619251   -219.65676   -516.71753         1000           10           10           10            0            0            0 
    3930    90.328975   -219.68641  0.046703746    -219.6397   -1810.1613         1000           10           10           10            0            0            0 
    3940     79.59677   -219.66378   0.04115476   -219.62262   -2699.7277         1000           10           10           10            0            0            0 
    3950    42.274706   -219.63849  0.021857738   -219.61664   -2653.7801         1000           10           10           10            0            0            0 
    3960    151.10284   -219.70346    0.0781263   -219.62533   -1894.6934         1000           10           10           10            0            0            0 
    3970    162.38775    -219.7164  0.083961055   -219.63244   -435.92626         1000           10           10           10            0            0            0 
    3980    189.88765   -219.72978  0.098179622    -219.6316    1173.7638         1000           10           10           10            0            0            0 
    3990    91.890878   -219.65767  0.047511313   -219.61016    2557.1448         1000           10           10           10            0            0            0 
    4000    75.027453   -219.63965  0.038792238   -219.60086    3009.4039         1000           10           10           10            0            0            0 
    4010    115.14707   -219.67497  0.059535709   -219.61544    2367.6823         1000           10           10           10            0            0            0 
    4020    148.07184     -219.713   0.07655915   -219.63644    971.40028         1000           10           10           10            0            0            0 
    4030    184.25082   -219.73761   0.09526515   -219.64235    -626.3988         1000           10           10           10            0            0            0 
    4040    81.445241    -219.6842  0.042110495   -219.64209   -1813.3177         1000           10           10           10            0            0            0 
    4050    60.854631   -219.67969  0.031464314   -219.64822   -2444.6812         1000           10           10           10            0            0            0 
    4060     30.16716   -219.68064  0.015597646   -219.66504   -2155.2636         1000           10           10           10            0            0            0 
    4070    83.017929   -219.72866  0.042923638   -219.68573   -1378.7359         1000           10           10           10            0            0            0 
    4080    87.718416   -219.74396  0.045353981   -219.69861   -255.49866         1000           10           10           10            0            0            0 
    4090    79.373151   -219.74224   0.04103914    -219.7012    880.89199         1000           10           10           10            0            0            0 
    4100    47.367553   -219.71936  0.024490947   -219.69487    1719.6564         1000           10           10           10            0            0            0 
    4110    22.913271   -219.70329  0.011847091   -219.69144    1997.3776         1000           10           10           10            0            0            0 
    4120    61.411667   -219.72809  0.031752324   -219.69634    1626.0425         1000           10           10           10            0            0            0 
    4130     67.58674   -219.73659  0.034945087   -219.70165    743.99893         1000           10           10           10            0            0            0 
    4140    101.74324   -219.75308  0.052605383   -219.70048    -405.5444         1000           10           10           10            0            0            0 
    4150    54.683507   -219.71795  0.028273592   -219.68968   -1401.2796         1000           10           10           10            0            0            0 
    4160    43.392054   -219.70005  0.022435453   -219.67762    -2106.015         1000           10           10           10            0            0            0 
    4170    36.539352   -219.69008  0.018892328   -219.67118   -2133.1869         1000           10           10           10            0            0            0 
    4180    85.768514   -219.71626  0.044345802   -219.67192   -1512.6883         1000           10           10           10            0            0            0 
    4190    134.87105    -219.7432  0.069733807   -219.67347   -387.93733         1000           10           10           10            0            0            0 
    4200    112.17459   -219.72284  0.057998817   -219.66484    1024.1277         1000           10           10           10            0            0            0 
    4210    103.66312   -219.70055  0.053598042   -219.64695    2209.4185         1000           10           10           10            0            0            0 
    4220    32.459305   -219.64783  0.016782778   -219.63104    2710.2743         1000           10           10           10            0            0            0 
    4230    121.28188   -219.70065  0.062707656   -219.63794    2244.4016         1000           10           10           10            0            0            0 
    4240    131.03768   -219.71636  0.067751797   -219.64861    983.99351         1000           10           10           10            0            0            0 
    4250    174.65583   -219.73725  0.090304153   -219.64695   -620.81663         1000           10           10           10            0            0            0 
    4260    104.98421   -219.68797  0.054281096   -219.63369   -1893.9376         1000           10           10           10            0            0            0 
    4270    60.352162    -219.6533  0.031204517    -219.6221   -2687.5606         1000           10           10           10            0            0            0 
    4280    69.237737   -219.65917   0.03579872   -219.62337   -2636.9602         1000           10           10           10            0            0            0 
    4290    107.28196   -219.69071  0.055469126   -219.63524   -1729.6534         1000           10           10           10            0            0            0 
    4300    184.50853   -219.74375  0.095398398   -219.64836   -421.87158         1000           10           10           10            0            0            0 
    4310    120.93216   -219.70944  0.062526833   -219.64691     1172.238         1000           10           10           10            0            0            0 
    4320    113.36162   -219.69278  0.058612557   -219.63417    2377.4287         1000           10           10           10            0            0            0 
    4330    36.452417   -219.64617  0.018847379   -219.62732    2744.4464         1000           10           10           10            0            0            0 
    4340    109.70645   -219.69972  0.056722686     -219.643    2120.9179         1000           10           10           10            0            0            0 
    4350    132.23151    -219.7266  0.068369056   -219.65823    853.63102         1000           10           10           10            0            0            0 
    4360    138.77778   -219.73312  0.071753742   -219.66137   -605.92103         1000           10           10           10            0            0            0 
    4370    93.652485   -219.70556  0.048422135   -219.65714   -1766.6012         1000           10           10           10            0            0            0 
    4380    37.361679   -219.67561  0.019317504   -219.65629   -2323.9791         1000           10           10           10            0            0            0 
    4390    52.838832   -219.69496  0.027319821   -219.66764   -2177.6678         1000           10           10           10            0            0            0 
    4400    61.181607   -219.71741  0.031633374   -219.68577   -1310.0894         1000           10           10           10            0            0            0 
    4410    102.26872   -219.75413   0.05287708   -219.70125   -232.53217         1000           10           10           10            0            0            0 
    4420    61.583286   -219.73673  0.031841058   -219.70489    875.01158         1000           10           10           10            0            0            0 
    4430    46.872873   -219.72688  0.024235178   -219.70264      1624.63         1000           10           10           10            0            0            0 
    4440    22.270421   -219.71354  0.011514711   -219.70202     1842.233         1000           10           10           10            0            0            0 
    4450    39.039907   -219.72791  0.020185216   -219.70772    1472.3741         1000           10           10           10            0            0            0 
    4460    68.567525   -219.74964  0.035452193   -219.71419     652.0179         1000           10           10           10            0            0            0 
    4470    63.942577   -219.74625  0.033060907   -219.71319   -339.81168         1000           10           10           10            0            0            0 
    4480    56.451794   -219.73537  0.029187868   -219.70618   -1264.8154         1000           10           10           10            0            0            0 
    4490     18.64278   -219.70618 0.0096390737   -219.69654    -1806.214         1000           10           10           10            0            0            0 
    4500    39.350761   -219.71149   0.02034594   -219.69114   -1902.6159         1000           10           10           10            0            0            0 
    4510    55.106695   -219.71859  0.028492398    -219.6901   -1355.8928         1000           10           10           10            0            0            0 
    4520    109.80082   -219.74636  0.056771479   -219.68959   -368.86737         1000           10           10           10            0            0            0 
    4530    98.703263   -219.73326  0.051033592   -219.68222     895.0641         1000           10           10           10            0            0            0 
    4540    62.140842   -219.69645  0.032129337   -219.66432    1994.0213         1000           10           10           10            0            0            0 
    4550    55.745355   -219.68137  0.028822611   -219.65255    2482.8254         1000           10           10           10            0            0            0 
    4560    61.221098   -219.68625  0.031653792    -219.6546    2108.8849         1000           10           10           10            0            0            0 
    4570    140.06825   -219.73851  0.072420967   -219.66609    938.14983         1000           10           10           10            0            0            0 
    4580    123.38141   -219.72619  0.063793195    -219.6624   -441.67078         1000           10           10           10            0            0            0 
    4590    109.24435   -219.70709  0.056483762   -219.65061   -1747.1921         1000           10           10           10            0            0            0 
    4600    37.426548   -219.65622  0.019351044   -219.63686   -2485.2043         1000           10           10           10            0            0            0 
    4610     66.57723   -219.66924  0.034423129   -219.63482   -2517.4425         1000           10           10           10            0            0            0 
    4620    98.157474   -219.69275  0.050751397     -219.642   -1751.0491         1000           10           10           10            0            0            0 
    4630    151.32446    -219.7272  0.078240887   -219.64896   -454.83116         1000           10           10           10            0            0            0 
    4640    157.57645   -219.72953  0.081473421   -219.64805    1088.3619         1000           10           10           10            0            0            0 
    4650    75.409035   -219.66692  0.038989531   -219.62793    2352.8238         1000           10           10           10            0            0            0 
    4660    81.719597   -219.65983  0.042252348   -219.61758    2843.6438         1000           10           10           10            0            0            0 
    4670    76.404767   -219.66455  0.039504365   -219.62504    2374.8976         1000           10           10           10            0            0            0 
    4680     174.5084   -219.73178  0.090227924   -219.64155    1001.6772         1000           10           10           10            0            0            0 
    4690    153.45778   -219.71851  0.079343901   -219.63917   -525.53448         1000           10           10           10            0            0            0 
    4700    131.21169   -219.69724  0.067841767    -219.6294   -1894.6947         1000           10           10           10            0            0            0 
    4710    45.893424   -219.64058  0.023728763   -219.61685   -2712.6472         1000           10           10           10            0            0            0 
    4720    62.378182   -219.65286  0.032252051    -219.6206   -2658.5868         1000           10           10           10            0            0            0 
    4730    115.57307   -219.69634  0.059755965   -219.63658   -1807.2731         1000           10           10           10            0            0            0 
    4740    139.68305   -219.72315  0.072221803   -219.65093   -454.16257         1000           10           10           10            0            0            0 
    4750    152.28042   -219.73721  0.078735159   -219.65847    1059.2412         1000           10           10           10            0            0            0 
    4760    60.420458   -219.68156  0.031239829   -219.65032    2173.1324         1000           10           10           10            0            0            0 
    4770    60.475873   -219.68396   0.03126848   -219.65269    2470.1063         1000           10           10           10            0            0            0 
    4780    51.897442   -219.69329  0.026833083   -219.66646    2010.5252         1000           10           10           10            0            0            0 
    4790    109.52854   -219.74101  0.056630702   -219.68438    881.11142         1000           10           10           10            0            0            0 
    4800    97.029305   -219.73901  0.050168088   -219.68884   -379.62716         1000           10           10           10            0            0            0 
    4810    72.588014     -219.724  0.037530949   -219.68647   -1411.8741         1000           10           10           10            0            0            0 
    4820    31.993215   -219.69806   0.01654179   -219.68151   -2025.4556         1000           10           10           10            0            0            0 
    4830    24.729868   -219.69594  0.012786345   -219.68316   -1999.9385         1000           10           10           10            0            0            0 
    4840    72.626697   -219.72875  0.037550949    -219.6912   -1409.2526         1000           10           10           10            0            0            0 
    4850    79.857885   -219.73726  0.041289767   -219.69597   -402.29583         1000           10           10           10            0            0            0 
    4860    98.979564   -219.74612  0.051176451   -219.69494    770.06428         1000           10           10           10            0            0            0 
    4870    45.807752   -219.70526  0.023684467   -219.68158    1812.1658         1000           10           10           10            0            0            0 
    4880    45.674177    -219.6924  0.023615403   -219.66879    2279.1771         1000           10           10           10            0            0            0 
    4890    57.439818    -219.6934  0.029698717    -219.6637    2089.3351         1000           10           10           10            0            0            0 
    4900    126.16093   -219.72959  0.065230319   -219.66436    1106.8099         1000           10           10           10            0            0            0 
    4910    153.22666   -219.73104  0.079224403   -219.65182   -390.17363         1000           10           10           10            0            0            0 
    4920    114.51027   -219.68776  0.059206459   -219.62855   -1764.4558         1000           10           10           10            0            0            0 
    4930    81.419167   -219.64698  0.042097013   -219.60488   -2794.1011         1000           10           10           10            0            0            0 
    4940    39.989308   -219.61534  0.020676095   -219.59467   -2912.4672         1000           10           10           10            0            0            0 
    4950    155.93071   -219.68786  0.080622507   -219.60724   -2106.6522         1000           10           10           10            0            0            0 
    4960    173.88102   -219.70776  0.089903546   -219.61785   -674.61245         1000           10           10           10            0            0            0 
    4970    200.51198   -219.72619   0.10367283   -219.62251    963.81095         1000           10           10           10            0            0            0 
    4980    106.33062   -219.66174  0.054977247   -219.60676    2484.7756         1000           10           10           10            0            0            0 
    4990    75.117896   -219.63753  0.038839001    -219.5987    3009.3787         1000           10           10           10            0            0            0 
    5000    95.920308   -219.66436  0.049594691   -219.61476    2529.3662         1000           10           10           10            0            0            0 
Loop time of 74.4394 on 1 procs for 5000 steps with 5 atoms

Performance: 11.607 ns/day, 2.068 hours/ns, 67.169 timesteps/s
152.8% CPU use with 1 MPI tasks x no OpenMP threads

MPI task timing breakdown:
Section |  min time  |  avg time  |  max time  |%varavg| %total
---------------------------------------------------------------
Pair    | 74.195     | 74.195     | 74.195     |   0.0 | 99.67
Neigh   | 0.00058222 | 0.00058222 | 0.00058222 |   0.0 |  0.00
Comm    | 0.011843   | 0.011843   | 0.011843   |   0.0 |  0.02
Output  | 0.20821    | 0.20821    | 0.20821    |   0.0 |  0.28
Modify  | 0.017514   | 0.017514   | 0.017514   |   0.0 |  0.02
Other   |            | 0.006044   |            |       |  0.01

Nlocal:    5 ave 5 max 5 min
Histogram: 1 0 0 0 0 0 0 0 0 0
Nghost:    121 ave 121 max 121 min
Histogram: 1 0 0 0 0 0 0 0 0 0
Neighs:    0 ave 0 max 0 min
Histogram: 1 0 0 0 0 0 0 0 0 0

Total # of neighbors = 0
Ave neighs/atom = 0
Neighbor list builds = 53
Dangerous builds = 0
Total wall time: 0:01:17
