#       step         max_devi_e         min_devi_e         avg_devi_e         max_devi_f         min_devi_f         avg_devi_f
           0       3.345594e+00       8.195331e-01       1.338400e+00       1.515108e-02       5.945811e-03       1.157144e-02
          10       3.397510e+00       8.325932e-01       1.359188e+00       1.798064e-02       8.488392e-03       1.283668e-02
          20       3.467806e+00       8.476491e-01       1.387217e+00       7.724272e-03       3.211740e-03       5.024607e-03
          30       3.537218e+00       8.669036e-01       1.414936e+00       2.336014e-02       7.010456e-03       1.423230e-02
          40       3.579414e+00       8.754729e-01       1.431722e+00       3.345992e-02       2.072507e-02       2.585636e-02
          50       3.574869e+00       8.730736e-01       1.429936e+00       2.972804e-02       1.735414e-02       2.391057e-02
          60       3.528407e+00       8.631442e-01       1.411417e+00       1.889905e-02       7.989438e-03       1.256714e-02
          70       3.459464e+00       8.503487e-01       1.383817e+00       5.392137e-03       3.358133e-03       4.303632e-03
          80       3.390246e+00       8.337527e-01       1.356203e+00       2.047868e-02       8.671389e-03       1.388734e-02
          90       3.344516e+00       8.202416e-01       1.337910e+00       1.506016e-02       5.450783e-03       1.060698e-02
         100       3.325603e+00       8.200586e-01       1.330472e+00       3.295156e-02       1.631179e-02       2.329767e-02
         110       3.352014e+00       8.252425e-01       1.340922e+00       1.455896e-02       6.368090e-03       1.036199e-02
         120       3.405909e+00       8.415820e-01       1.362399e+00       1.256962e-02       6.795341e-03       9.629252e-03
         130       3.471461e+00       8.514897e-01       1.388638e+00       6.203310e-03       3.841901e-03       4.978826e-03
         140       3.532181e+00       8.661323e-01       1.412936e+00       1.530260e-02       5.587783e-03       9.652132e-03
         150       3.565800e+00       8.776961e-01       1.426285e+00       2.493861e-02       1.581386e-02       2.096545e-02
         160       3.559449e+00       8.758372e-01       1.423775e+00       1.986083e-02       1.109079e-02       1.537290e-02
         170       3.518404e+00       8.650548e-01       1.407404e+00       2.322292e-02       4.966489e-03       1.094728e-02
         180       3.459795e+00       8.476708e-01       1.383974e+00       5.258759e-03       4.008481e-03       4.419479e-03
         190       3.399517e+00       8.387521e-01       1.359885e+00       1.668200e-02       6.909226e-03       1.102452e-02
         200       3.357994e+00       8.307200e-01       1.343276e+00       1.190331e-02       5.344228e-03       8.876132e-03
         210       3.342976e+00       8.259341e-01       1.337277e+00       2.216107e-02       8.481102e-03       1.395687e-02
         220       3.362832e+00       8.249683e-01       1.345219e+00       1.674072e-02       6.888429e-03       1.154526e-02
         230       3.410805e+00       8.335802e-01       1.364415e+00       9.912461e-03       3.775021e-03       5.966192e-03
         240       3.471799e+00       8.536753e-01       1.388823e+00       1.096985e-02       3.175216e-03       6.058043e-03
         250       3.536394e+00       8.675548e-01       1.414616e+00       2.105649e-02       6.014473e-03       1.173349e-02
         260       3.580259e+00       8.762353e-01       1.432011e+00       4.381176e-02       2.145246e-02       3.297216e-02
         270       3.579000e+00       8.700963e-01       1.431589e+00       2.961162e-02       1.638079e-02       2.128895e-02
         280       3.528817e+00       8.625223e-01       1.411603e+00       2.038605e-02       9.803149e-03       1.448770e-02
         290       3.452924e+00       8.501418e-01       1.381209e+00       7.194223e-03       2.883567e-03       4.611297e-03
         300       3.371785e+00       8.322704e-01       1.348854e+00       2.070414e-02       1.166100e-02       1.655114e-02
         310       3.312733e+00       8.104230e-01       1.325256e+00       4.822239e-02       1.464411e-02       2.951017e-02
         320       3.293423e+00       7.950107e-01       1.317638e+00       5.264203e-02       2.236939e-02       4.178702e-02
         330       3.321274e+00       8.075454e-01       1.329053e+00       3.663003e-02       1.994523e-02       2.733239e-02
         340       3.392633e+00       8.323736e-01       1.357173e+00       1.125578e-02       4.251378e-03       7.753208e-03
         350       3.475377e+00       8.538461e-01       1.390239e+00       1.306379e-02       8.780317e-03       1.055669e-02
         360       3.553019e+00       8.636551e-01       1.421272e+00       2.091721e-02       1.031719e-02       1.515555e-02
         370       3.592711e+00       8.676356e-01       1.436967e+00       4.685484e-02       2.787417e-02       3.768025e-02
         380       3.576656e+00       8.707133e-01       1.430637e+00       2.983360e-02       1.501344e-02       2.091450e-02
         390       3.520532e+00       8.607556e-01       1.408304e+00       2.562292e-02       8.359029e-03       1.301575e-02
         400       3.454089e+00       8.436729e-01       1.381718e+00       8.108123e-03       3.296090e-03       5.020374e-03
         410       3.394626e+00       8.199393e-01       1.358006e+00       7.457941e-03       5.259757e-03       6.367823e-03
         420       3.355323e+00       8.136008e-01       1.342323e+00       1.545614e-02       7.625899e-03       1.257205e-02
         430       3.348134e+00       8.203981e-01       1.339324e+00       1.487008e-02       3.885302e-03       1.028419e-02
         440       3.370089e+00       8.291306e-01       1.348119e+00       1.506513e-02       7.443832e-03       1.161928e-02
         450       3.418405e+00       8.364856e-01       1.367381e+00       7.797099e-03       2.287212e-03       4.273389e-03
         460       3.476614e+00       8.448486e-01       1.390714e+00       9.185465e-03       3.549005e-03       5.455265e-03
         470       3.531178e+00       8.632507e-01       1.412505e+00       1.128715e-02       5.572609e-03       8.310457e-03
         480       3.563412e+00       8.732335e-01       1.425316e+00       3.422676e-02       1.741316e-02       2.145376e-02
         490       3.558907e+00       8.720008e-01       1.423526e+00       1.971167e-02       1.166734e-02       1.659418e-02
         500       3.516468e+00       8.537116e-01       1.406664e+00       1.014721e-02       4.184913e-03       6.787562e-03
         510       3.454105e+00       8.390346e-01       1.381713e+00       6.079026e-03       4.077821e-03       5.076881e-03
         520       3.392203e+00       8.320264e-01       1.356920e+00       9.193677e-03       4.206013e-03       6.129302e-03
         530       3.341051e+00       8.188028e-01       1.336588e+00       2.626029e-02       1.180155e-02       1.707375e-02
         540       3.326510e+00       8.083587e-01       1.330698e+00       2.995864e-02       1.140444e-02       2.038906e-02
         550       3.348324e+00       8.040600e-01       1.339679e+00       2.685201e-02       1.039828e-02       1.668991e-02
         560       3.405298e+00       8.263936e-01       1.362238e+00       9.237070e-03       4.106574e-03       6.751011e-03
         570       3.480360e+00       8.536242e-01       1.392184e+00       1.411758e-02       4.605732e-03       8.586332e-03
         580       3.554011e+00       8.698904e-01       1.421571e+00       2.601354e-02       1.584330e-02       1.971360e-02
         590       3.596296e+00       8.716511e-01       1.438365e+00       3.482225e-02       2.548863e-02       3.163012e-02
         600       3.589171e+00       8.684998e-01       1.435510e+00       5.270999e-02       2.950636e-02       3.836598e-02
         610       3.531435e+00       8.647890e-01       1.412605e+00       1.122866e-02       4.019961e-03       8.537394e-03
         620       3.447254e+00       8.400476e-01       1.379037e+00       1.747053e-02       8.449723e-03       1.176486e-02
         630       3.373595e+00       8.106597e-01       1.349671e+00       1.737139e-02       6.866160e-03       1.044638e-02
         640       3.317112e+00       7.822119e-01       1.327558e+00       4.395853e-02       1.576266e-02       2.677951e-02
         650       3.311492e+00       7.890439e-01       1.324918e+00       4.197112e-02       2.114903e-02       2.843402e-02
         660       3.349504e+00       8.136490e-01       1.340022e+00       2.272667e-02       1.085212e-02       1.579427e-02
         670       3.414716e+00       8.340204e-01       1.365928e+00       8.258433e-03       2.640099e-03       6.070068e-03
         680       3.483004e+00       8.462251e-01       1.393272e+00       1.024375e-02       3.197857e-03       5.375602e-03
         690       3.535859e+00       8.562172e-01       1.414398e+00       1.941076e-02       8.713887e-03       1.227157e-02
         700       3.558819e+00       8.683806e-01       1.423516e+00       1.629976e-02       8.917227e-03       1.296207e-02
         710       3.547150e+00       8.678338e-01       1.418851e+00       2.773013e-02       1.340343e-02       1.703988e-02
         720       3.506854e+00       8.565839e-01       1.402798e+00       6.686347e-03       3.357944e-03       5.297479e-03
         730       3.452318e+00       8.367630e-01       1.380998e+00       5.975207e-03       3.718952e-03       4.617554e-03
         740       3.401667e+00       8.269357e-01       1.360729e+00       7.428970e-03       3.591506e-03       5.163747e-03
         750       3.364575e+00       8.252315e-01       1.345911e+00       1.334045e-02       6.991820e-03       9.925688e-03
         760       3.354026e+00       8.228564e-01       1.341672e+00       1.539299e-02       6.650653e-03       1.037354e-02
         770       3.375356e+00       8.235143e-01       1.350201e+00       1.253608e-02       5.359627e-03       8.038776e-03
         780       3.419876e+00       8.306811e-01       1.368030e+00       7.528058e-03       3.817254e-03       5.676271e-03
         790       3.480084e+00       8.514428e-01       1.392093e+00       5.884240e-03       3.100909e-03       4.318057e-03
         800       3.538803e+00       8.688237e-01       1.415529e+00       2.315734e-02       1.213304e-02       1.571168e-02
         810       3.575209e+00       8.750422e-01       1.430025e+00       2.412265e-02       1.412634e-02       1.819258e-02
         820       3.569584e+00       8.685375e-01       1.427790e+00       4.527175e-02       1.819011e-02       2.803727e-02
         830       3.520327e+00       8.577457e-01       1.408190e+00       1.664759e-02       5.123409e-03       8.117874e-03
         840       3.446409e+00       8.457549e-01       1.378621e+00       1.165001e-02       5.098879e-03       7.230599e-03
         850       3.374794e+00       8.229675e-01       1.350042e+00       1.602121e-02       8.696507e-03       1.252275e-02
         860       3.325904e+00       8.032779e-01       1.330519e+00       2.934531e-02       8.201661e-03       2.073067e-02
         870       3.312550e+00       7.952368e-01       1.325375e+00       4.097296e-02       1.523264e-02       2.658291e-02
         880       3.347410e+00       8.102534e-01       1.339196e+00       2.022236e-02       9.361406e-03       1.429116e-02
         890       3.407781e+00       8.318601e-01       1.363357e+00       2.225381e-02       4.386684e-03       1.628170e-02
         900       3.487426e+00       8.500953e-01       1.395043e+00       5.910894e-03       3.116592e-03       4.970306e-03
         910       3.556178e+00       8.618143e-01       1.422515e+00       5.604244e-02       1.451930e-02       2.853477e-02
         920       3.589561e+00       8.674302e-01       1.435762e+00       3.137503e-02       2.176216e-02       2.689295e-02
         930       3.571831e+00       8.687100e-01       1.428657e+00       2.836670e-02       1.608677e-02       2.338743e-02
         940       3.513785e+00       8.554635e-01       1.405567e+00       1.403534e-02       5.379419e-03       8.560058e-03
         950       3.442103e+00       8.356430e-01       1.376901e+00       8.142082e-03       3.883479e-03       5.540546e-03
         960       3.376307e+00       8.142632e-01       1.350701e+00       1.881630e-02       9.306274e-03       1.313663e-02
         970       3.334135e+00       8.045086e-01       1.333842e+00       2.422672e-02       9.407940e-03       1.782661e-02
         980       3.326644e+00       8.100752e-01       1.331009e+00       2.869846e-02       1.557899e-02       2.173495e-02
         990       3.363309e+00       8.206962e-01       1.345422e+00       1.377761e-02       6.496734e-03       9.527760e-03
        1000       3.421114e+00       8.354057e-01       1.368498e+00       1.191594e-02       5.018464e-03       7.899582e-03
        1010       3.490164e+00       8.496935e-01       1.396159e+00       7.367556e-03       3.275430e-03       4.650884e-03
        1020       3.545911e+00       8.639339e-01       1.418397e+00       2.187393e-02       9.444861e-03       1.516266e-02
        1030       3.569101e+00       8.713280e-01       1.427598e+00       2.463930e-02       1.459904e-02       1.974134e-02
        1040       3.551484e+00       8.688540e-01       1.420586e+00       1.891624e-02       7.928150e-03       1.317225e-02
        1050       3.502413e+00       8.565756e-01       1.401017e+00       1.741155e-02       4.079112e-03       7.464228e-03
        1060       3.445572e+00       8.424409e-01       1.378276e+00       7.856875e-03       3.311910e-03       4.809741e-03
        1070       3.399161e+00       8.353218e-01       1.359730e+00       1.059409e-02       6.113914e-03       8.305257e-03
        1080       3.373457e+00       8.321280e-01       1.349408e+00       9.161628e-03       4.546733e-03       6.601483e-03
        1090       3.371818e+00       8.346649e-01       1.348752e+00       1.356531e-02       6.346118e-03       9.709106e-03
        1100       3.395491e+00       8.408864e-01       1.358218e+00       7.291532e-03       3.980001e-03       4.970424e-03
        1110       3.434051e+00       8.485562e-01       1.373648e+00       9.374306e-03       3.036922e-03       5.136595e-03
        1120       3.479591e+00       8.563516e-01       1.391878e+00       6.151377e-03       3.225784e-03       4.395934e-03
        1130       3.520762e+00       8.719192e-01       1.408321e+00       9.017669e-03       4.937938e-03       5.916862e-03
        1140       3.543259e+00       8.769577e-01       1.417297e+00       2.333762e-02       9.361466e-03       1.357552e-02
        1150       3.537963e+00       8.745385e-01       1.415224e+00       1.254815e-02       7.457866e-03       9.351984e-03
        1160       3.504129e+00       8.602675e-01       1.401713e+00       1.097682e-02       3.317804e-03       5.452864e-03
        1170       3.451388e+00       8.502233e-01       1.380578e+00       4.093840e-03       3.146240e-03       3.779092e-03
        1180       3.394591e+00       8.388486e-01       1.357880e+00       1.300635e-02       7.970706e-03       1.116322e-02
        1190       3.352260e+00       8.227271e-01       1.341020e+00       1.463122e-02       5.696950e-03       9.985145e-03
        1200       3.337862e+00       8.155539e-01       1.335332e+00       3.039990e-02       1.206582e-02       1.978102e-02
        1210       3.362583e+00       8.145483e-01       1.345269e+00       1.566912e-02       8.126138e-03       1.091446e-02
        1220       3.415982e+00       8.365793e-01       1.366457e+00       1.046025e-02       5.785681e-03       7.476912e-03
        1230       3.481974e+00       8.553277e-01       1.392860e+00       1.204874e-02       4.849942e-03       8.062290e-03
        1240       3.547531e+00       8.656987e-01       1.419099e+00       1.613584e-02       8.504201e-03       1.253067e-02
        1250       3.581801e+00       8.732502e-01       1.432709e+00       5.224049e-02       2.299099e-02       3.465318e-02
        1260       3.569001e+00       8.709145e-01       1.427640e+00       2.981397e-02       1.393729e-02       2.159104e-02
        1270       3.514743e+00       8.632108e-01       1.405973e+00       1.706850e-02       7.712379e-03       1.056994e-02
        1280       3.441979e+00       8.414338e-01       1.376901e+00       4.790828e-03       3.490588e-03       4.023426e-03
        1290       3.372655e+00       8.257047e-01       1.349290e+00       3.218098e-02       8.378852e-03       1.685152e-02
        1300       3.326290e+00       8.068252e-01       1.330820e+00       2.897380e-02       1.423587e-02       2.165614e-02
        1310       3.314844e+00       8.092834e-01       1.326108e+00       4.721463e-02       1.551777e-02       2.575994e-02
        1320       3.346620e+00       8.232506e-01       1.338924e+00       3.001894e-02       1.788377e-02       2.329324e-02
        1330       3.414266e+00       8.310824e-01       1.365832e+00       7.450103e-03       3.983010e-03       5.332205e-03
        1340       3.488395e+00       8.525486e-01       1.395537e+00       2.071823e-02       1.035892e-02       1.306073e-02
        1350       3.557407e+00       8.637730e-01       1.423095e+00       2.897207e-02       1.064545e-02       1.886971e-02
        1360       3.588016e+00       8.752937e-01       1.435123e+00       5.665793e-02       1.863728e-02       3.308307e-02
        1370       3.566418e+00       8.701192e-01       1.426646e+00       3.297276e-02       1.366153e-02       2.208457e-02
        1380       3.508058e+00       8.567122e-01       1.403412e+00       1.799142e-02       6.577860e-03       9.352849e-03
        1390       3.439149e+00       8.404209e-01       1.375791e+00       1.210841e-02       3.397484e-03       6.559592e-03
        1400       3.378830e+00       8.268079e-01       1.351643e+00       1.401639e-02       7.992791e-03       1.075253e-02
        1410       3.345277e+00       8.222451e-01       1.338297e+00       2.406754e-02       1.279851e-02       1.768934e-02
        1420       3.347846e+00       8.156252e-01       1.339322e+00       1.221370e-02       6.057391e-03       9.935089e-03
        1430       3.379376e+00       8.254307e-01       1.351916e+00       2.322756e-02       7.326440e-03       1.296589e-02
        1440       3.432100e+00       8.382830e-01       1.372930e+00       6.470517e-03       2.164497e-03       4.038569e-03
        1450       3.487121e+00       8.545470e-01       1.394915e+00       7.861243e-03       3.686448e-03       5.516744e-03
        1460       3.532434e+00       8.670298e-01       1.413034e+00       1.266975e-02       4.865658e-03       9.065076e-03
        1470       3.553756e+00       8.700730e-01       1.421544e+00       1.930913e-02       1.025967e-02       1.501048e-02
        1480       3.541151e+00       8.671891e-01       1.416531e+00       2.192669e-02       8.019918e-03       1.269860e-02
        1490       3.500060e+00       8.561746e-01       1.400107e+00       1.307503e-02       3.967845e-03       6.759186e-03
        1500       3.445583e+00       8.459762e-01       1.378284e+00       8.858403e-03       3.387063e-03       5.666075e-03
        1510       3.392026e+00       8.271493e-01       1.356933e+00       7.927789e-03       5.013091e-03       5.947663e-03
        1520       3.350982e+00       8.160226e-01       1.340626e+00       2.433036e-02       7.161970e-03       1.522800e-02
        1530       3.340557e+00       8.131829e-01       1.336395e+00       2.374179e-02       7.499849e-03       1.349087e-02
        1540       3.361343e+00       8.185451e-01       1.344750e+00       1.905738e-02       1.188447e-02       1.461059e-02
        1550       3.417178e+00       8.350869e-01       1.366989e+00       1.406767e-02       4.882176e-03       8.030581e-03
        1560       3.493270e+00       8.499868e-01       1.397471e+00       1.360130e-02       4.785555e-03       7.862446e-03
        1570       3.562865e+00       8.656384e-01       1.425258e+00       4.179376e-02       1.555832e-02       2.627481e-02
        1580       3.599789e+00       8.678120e-01       1.439902e+00       5.649784e-02       2.431129e-02       4.046640e-02
        1590       3.579660e+00       8.671920e-01       1.431869e+00       4.622665e-02       1.894757e-02       3.199456e-02
        1600       3.511320e+00       8.513371e-01       1.404762e+00       1.472505e-02       5.513846e-03       8.557692e-03
        1610       3.431525e+00       8.275637e-01       1.372939e+00       1.691636e-02       6.544946e-03       1.069376e-02
        1620       3.364597e+00       8.153156e-01       1.346123e+00       2.007372e-02       5.980732e-03       1.207591e-02
        1630       3.316290e+00       8.000882e-01       1.326905e+00       3.835440e-02       8.623450e-03       2.562292e-02
        1640       3.318333e+00       8.050737e-01       1.327641e+00       4.453985e-02       1.613319e-02       2.504247e-02
        1650       3.357499e+00       8.061742e-01       1.343455e+00       2.442368e-02       7.789060e-03       1.568611e-02
        1660       3.422208e+00       8.282001e-01       1.369090e+00       1.206894e-02       3.484331e-03       6.997563e-03
        1670       3.497368e+00       8.524884e-01       1.399077e+00       1.316533e-02       4.967037e-03       6.849181e-03
        1680       3.555032e+00       8.659557e-01       1.422083e+00       3.657878e-02       1.206754e-02       2.184589e-02
        1690       3.575294e+00       8.723843e-01       1.430135e+00       2.889058e-02       1.672241e-02       2.314636e-02
        1700       3.555243e+00       8.657159e-01       1.422138e+00       2.228896e-02       1.380135e-02       1.857407e-02
        1710       3.502543e+00       8.567884e-01       1.401127e+00       7.422201e-03       3.692905e-03       5.362539e-03
        1720       3.439590e+00       8.384149e-01       1.375922e+00       8.124441e-03       3.709949e-03       5.380448e-03
        1730       3.387114e+00       8.285692e-01       1.354973e+00       1.216645e-02       6.018437e-03       8.278079e-03
        1740       3.352699e+00       8.107821e-01       1.341347e+00       1.691240e-02       7.576755e-03       1.148764e-02
        1750       3.352566e+00       8.137610e-01       1.341231e+00       1.332182e-02       4.910663e-03       9.972339e-03
        1760       3.384186e+00       8.320468e-01       1.353746e+00       1.115960e-02       7.769874e-03       8.773492e-03
        1770       3.432727e+00       8.433413e-01       1.373108e+00       4.536988e-03       3.052866e-03       3.877752e-03
        1780       3.487410e+00       8.598402e-01       1.395017e+00       7.085287e-03       3.098744e-03       4.445269e-03
        1790       3.531229e+00       8.650831e-01       1.412524e+00       1.140221e-02       5.278440e-03       9.076480e-03
        1800       3.548453e+00       8.749988e-01       1.419387e+00       1.517463e-02       8.385660e-03       1.120620e-02
        1810       3.535411e+00       8.723188e-01       1.414170e+00       2.262357e-02       7.844497e-03       1.210572e-02
        1820       3.497822e+00       8.647222e-01       1.399163e+00       6.482260e-03       3.292882e-03       4.657978e-03
        1830       3.449029e+00       8.459447e-01       1.379639e+00       6.601635e-03       3.177586e-03       4.548936e-03
        1840       3.405141e+00       8.357887e-01       1.362081e+00       5.566978e-03       4.782237e-03       5.114927e-03
        1850       3.374767e+00       8.374385e-01       1.349910e+00       9.286679e-03       5.412103e-03       7.264534e-03
        1860       3.365955e+00       8.354424e-01       1.346385e+00       1.499119e-02       6.335918e-03       9.176111e-03
        1870       3.385380e+00       8.409777e-01       1.354153e+00       9.476136e-03       5.081800e-03       6.494589e-03
        1880       3.425568e+00       8.449451e-01       1.370232e+00       8.215594e-03       3.751527e-03       6.011216e-03
        1890       3.481292e+00       8.638514e-01       1.392511e+00       4.895778e-03       3.858241e-03       4.297564e-03
        1900       3.538220e+00       8.811369e-01       1.415247e+00       2.109700e-02       8.880194e-03       1.291603e-02
        1910       3.571969e+00       8.861922e-01       1.428701e+00       2.646823e-02       1.691797e-02       2.039220e-02
        1920       3.564002e+00       8.836461e-01       1.425535e+00       3.489625e-02       1.736310e-02       2.226907e-02
        1930       3.516690e+00       8.690478e-01       1.406671e+00       1.028468e-02       5.178621e-03       6.947428e-03
        1940       3.445888e+00       8.593581e-01       1.378323e+00       7.389182e-03       4.375161e-03       5.240001e-03
        1950       3.375118e+00       8.403095e-01       1.350095e+00       1.852564e-02       6.921012e-03       1.366787e-02
        1960       3.328072e+00       8.216423e-01       1.331291e+00       2.669714e-02       1.211188e-02       1.953958e-02
        1970       3.311767e+00       8.104941e-01       1.324948e+00       3.853376e-02       1.819583e-02       2.893961e-02
        1980       3.346106e+00       8.256755e-01       1.338520e+00       1.592291e-02       5.613786e-03       1.209462e-02
        1990       3.407735e+00       8.443328e-01       1.363166e+00       1.764288e-02       6.440818e-03       1.410031e-02
        2000       3.485723e+00       8.628739e-01       1.394290e+00       1.284159e-02       5.059581e-03       7.305576e-03
        2010       3.556944e+00       8.766424e-01       1.422749e+00       4.709875e-02       1.693249e-02       2.448125e-02
        2020       3.593631e+00       8.857072e-01       1.437286e+00       3.590095e-02       2.357917e-02       2.850072e-02
        2030       3.576433e+00       8.843986e-01       1.430454e+00       3.220139e-02       1.478815e-02       2.272712e-02
        2040       3.517705e+00       8.720143e-01       1.407094e+00       1.946480e-02       5.442873e-03       1.156221e-02
        2050       3.444778e+00       8.510644e-01       1.377946e+00       7.214983e-03       2.695675e-03       4.254692e-03
        2060       3.377306e+00       8.268253e-01       1.351053e+00       2.465817e-02       8.241552e-03       1.478126e-02
        2070       3.338958e+00       8.204725e-01       1.335660e+00       1.874393e-02       8.059272e-03       1.418153e-02
        2080       3.334408e+00       8.267647e-01       1.333910e+00       2.611554e-02       1.406054e-02       1.860165e-02
        2090       3.369584e+00       8.325629e-01       1.347842e+00       1.299927e-02       5.883073e-03       8.577716e-03
        2100       3.423762e+00       8.410866e-01       1.369503e+00       9.275542e-03       3.011849e-03       5.740849e-03
        2110       3.482016e+00       8.557735e-01       1.392841e+00       7.465683e-03       4.042754e-03       5.304463e-03
        2120       3.528822e+00       8.700098e-01       1.411533e+00       1.222732e-02       4.037217e-03       8.130988e-03
        2130       3.550954e+00       8.753066e-01       1.420335e+00       1.549066e-02       9.911718e-03       1.269106e-02
        2140       3.541435e+00       8.709160e-01       1.416574e+00       1.192652e-02       6.857963e-03       9.658751e-03
        2150       3.504446e+00       8.608819e-01       1.401810e+00       1.778727e-02       4.899023e-03       7.867413e-03
        2160       3.453937e+00       8.492982e-01       1.381587e+00       5.498059e-03       2.906873e-03       4.181162e-03
        2170       3.402952e+00       8.385653e-01       1.361209e+00       1.048965e-02       4.732618e-03       8.198242e-03
        2180       3.366336e+00       8.264687e-01       1.346584e+00       1.210686e-02       6.327355e-03       8.814608e-03
        2190       3.353937e+00       8.178988e-01       1.341671e+00       1.636803e-02       6.311216e-03       1.100459e-02
        2200       3.372569e+00       8.207148e-01       1.349116e+00       1.360519e-02       5.752460e-03       8.746143e-03
        2210       3.417424e+00       8.341264e-01       1.367034e+00       1.165817e-02       3.223507e-03       6.206798e-03
        2220       3.478319e+00       8.498099e-01       1.391432e+00       1.001940e-02       4.366355e-03       6.018884e-03
        2230       3.540959e+00       8.614609e-01       1.416448e+00       1.693313e-02       6.540007e-03       1.189109e-02
        2240       3.578958e+00       8.666665e-01       1.431540e+00       5.353996e-02       1.912164e-02       3.319023e-02
        2250       3.571713e+00       8.646747e-01       1.428696e+00       2.215304e-02       1.330553e-02       1.846087e-02
        2260       3.520376e+00       8.574809e-01       1.408241e+00       1.939862e-02       5.870401e-03       1.223439e-02
        2270       3.450073e+00       8.396935e-01       1.380101e+00       7.140406e-03       4.259053e-03       5.193713e-03
        2280       3.381968e+00       8.197909e-01       1.352939e+00       1.612614e-02       1.048782e-02       1.385980e-02
        2290       3.334407e+00       8.050512e-01       1.333963e+00       2.571361e-02       6.740676e-03       1.776944e-02
        2300       3.321440e+00       8.032602e-01       1.328821e+00       3.951013e-02       1.411984e-02       2.627531e-02
        2310       3.349282e+00       8.130474e-01       1.340112e+00       2.536855e-02       1.170679e-02       1.634867e-02
        2320       3.408284e+00       8.283805e-01       1.363459e+00       1.373687e-02       5.631172e-03       8.378366e-03
        2330       3.479766e+00       8.431476e-01       1.392036e+00       1.459402e-02       5.178325e-03       9.076647e-03
        2340       3.548307e+00       8.559572e-01       1.419429e+00       1.729225e-02       7.854073e-03       1.330412e-02
        2350       3.583676e+00       8.656727e-01       1.433445e+00       5.344652e-02       2.253357e-02       3.611416e-02
        2360       3.571903e+00       8.629985e-01       1.428782e+00       2.465151e-02       1.586557e-02       2.061953e-02
        2370       3.518992e+00       8.537647e-01       1.407684e+00       1.403462e-02       4.521188e-03       9.571714e-03
        2380       3.449193e+00       8.344784e-01       1.379779e+00       6.824823e-03       3.822735e-03       5.647093e-03
        2390       3.384131e+00       8.179755e-01       1.353825e+00       2.024270e-02       5.711544e-03       1.162717e-02
        2400       3.338662e+00       8.098731e-01       1.335762e+00       2.612461e-02       1.000394e-02       1.785128e-02
        2410       3.328768e+00       8.076327e-01       1.331732e+00       3.123085e-02       1.075652e-02       1.893021e-02
        2420       3.357301e+00       8.147384e-01       1.343206e+00       2.426028e-02       1.582388e-02       1.942225e-02
        2430       3.415761e+00       8.262296e-01       1.366432e+00       7.077307e-03       2.669306e-03       4.405764e-03
        2440       3.480535e+00       8.441343e-01       1.392363e+00       1.523142e-02       6.946372e-03       9.217061e-03
        2450       3.539225e+00       8.595632e-01       1.415815e+00       1.309671e-02       6.639517e-03       1.086342e-02
        2460       3.567645e+00       8.673623e-01       1.427059e+00       3.013110e-02       1.513318e-02       2.099894e-02
        2470       3.556182e+00       8.635154e-01       1.422521e+00       2.397103e-02       9.160277e-03       1.735574e-02
        2480       3.511955e+00       8.526579e-01       1.404913e+00       1.218340e-02       4.010142e-03       6.692993e-03
        2490       3.452345e+00       8.419631e-01       1.381053e+00       9.740505e-03       5.291294e-03       6.496365e-03
        2500       3.396494e+00       8.295628e-01       1.358714e+00       1.096298e-02       4.817087e-03       7.092799e-03
        2510       3.357872e+00       8.192105e-01       1.343358e+00       2.065995e-02       1.320056e-02       1.606331e-02
        2520       3.350427e+00       8.128490e-01       1.340343e+00       1.379102e-02       2.657529e-03       9.946454e-03
        2530       3.372659e+00       8.194653e-01       1.349262e+00       2.297101e-02       6.804264e-03       1.350661e-02
        2540       3.420517e+00       8.339582e-01       1.368348e+00       8.584690e-03       2.598383e-03       4.874415e-03
        2550       3.478350e+00       8.510749e-01       1.391444e+00       6.688763e-03       3.366270e-03       4.887755e-03
        2560       3.535535e+00       8.659301e-01       1.414295e+00       1.572042e-02       7.475522e-03       1.158743e-02
        2570       3.572774e+00       8.702132e-01       1.429138e+00       2.761495e-02       1.554832e-02       2.170684e-02
        2580       3.568034e+00       8.691544e-01       1.427284e+00       4.837318e-02       1.785321e-02       2.812119e-02
        2590       3.520414e+00       8.551355e-01       1.408332e+00       1.518770e-02       3.920747e-03       8.651510e-03
        2600       3.446503e+00       8.416965e-01       1.378797e+00       1.748804e-02       9.207279e-03       1.175741e-02
        2610       3.373426e+00       8.102549e-01       1.349705e+00       1.496334e-02       6.659494e-03       9.808766e-03
        2620       3.315452e+00       7.892803e-01       1.326864e+00       4.688756e-02       1.900200e-02       3.062665e-02
        2630       3.303647e+00       7.944520e-01       1.321929e+00       5.404557e-02       2.758907e-02       3.674526e-02
        2640       3.333156e+00       8.032988e-01       1.333823e+00       3.057642e-02       1.311631e-02       2.185299e-02
        2650       3.402388e+00       8.293744e-01       1.361220e+00       2.071670e-02       8.061766e-03       1.524040e-02
        2660       3.486704e+00       8.420471e-01       1.394901e+00       1.400946e-02       4.877297e-03       7.190078e-03
        2670       3.559621e+00       8.592184e-01       1.424007e+00       5.166297e-02       1.625790e-02       2.922433e-02
        2680       3.598263e+00       8.709472e-01       1.439323e+00       3.994473e-02       2.361732e-02       3.395406e-02
        2690       3.580160e+00       8.711268e-01       1.432074e+00       4.459659e-02       2.149089e-02       3.568190e-02
        2700       3.517967e+00       8.530445e-01       1.407381e+00       1.584165e-02       4.034091e-03       8.940366e-03
        2710       3.444326e+00       8.287258e-01       1.377994e+00       1.179351e-02       4.391946e-03       7.772430e-03
        2720       3.382854e+00       8.218350e-01       1.353398e+00       1.717205e-02       7.374789e-03       1.027264e-02
        2730       3.341596e+00       8.069004e-01       1.336998e+00       2.380145e-02       9.023742e-03       1.434487e-02
        2740       3.339396e+00       8.130815e-01       1.336032e+00       2.579149e-02       7.150973e-03       1.445400e-02
        2750       3.370316e+00       8.144760e-01       1.348395e+00       1.353799e-02       7.895318e-03       9.118361e-03
        2760       3.422926e+00       8.282834e-01       1.369363e+00       1.011894e-02       3.250725e-03       6.277372e-03
        2770       3.485871e+00       8.495446e-01       1.394493e+00       6.566376e-03       3.854804e-03       4.646915e-03
        2780       3.538692e+00       8.616200e-01       1.415573e+00       3.140070e-02       8.950974e-03       1.689976e-02
        2790       3.564929e+00       8.711151e-01       1.426021e+00       2.141430e-02       1.205311e-02       1.700149e-02
        2800       3.554274e+00       8.648913e-01       1.421767e+00       2.670955e-02       1.316366e-02       1.939596e-02
        2810       3.508529e+00       8.549586e-01       1.403558e+00       1.256134e-02       2.242339e-03       6.022941e-03
        2820       3.447057e+00       8.348263e-01       1.378973e+00       5.029651e-03       3.109456e-03       4.237261e-03
        2830       3.389557e+00       8.255270e-01       1.356002e+00       1.273981e-02       7.342117e-03       9.127095e-03
        2840       3.347308e+00       8.085987e-01       1.339240e+00       1.784148e-02       5.150073e-03       1.156855e-02
        2850       3.338334e+00       8.046750e-01       1.335722e+00       2.161498e-02       8.806828e-03       1.462284e-02
        2860       3.368076e+00       8.170526e-01       1.347444e+00       1.366671e-02       6.011432e-03       9.069866e-03
        2870       3.419927e+00       8.281405e-01       1.368116e+00       1.061820e-02       2.011310e-03       6.464862e-03
        2880       3.488944e+00       8.523498e-01       1.395687e+00       5.276311e-03       4.599592e-03       4.925927e-03
        2890       3.551245e+00       8.669023e-01       1.420551e+00       3.367078e-02       1.546722e-02       2.222526e-02
        2900       3.583423e+00       8.711449e-01       1.433366e+00       3.286737e-02       1.892692e-02       2.631893e-02
        2910       3.572054e+00       8.636847e-01       1.428856e+00       3.969912e-02       1.854988e-02       2.822514e-02
        2920       3.515867e+00       8.544844e-01       1.406502e+00       2.139921e-02       5.307969e-03       1.032129e-02
        2930       3.436843e+00       8.302232e-01       1.374994e+00       9.292364e-03       3.588363e-03       6.181561e-03
        2940       3.365556e+00       8.051690e-01       1.346797e+00       2.606909e-02       5.836155e-03       1.618546e-02
        2950       3.316802e+00       7.934075e-01       1.327216e+00       4.559331e-02       1.499656e-02       2.696479e-02
        2960       3.304847e+00       7.872317e-01       1.322591e+00       4.676458e-02       1.583844e-02       3.239263e-02
        2970       3.349128e+00       8.096240e-01       1.339976e+00       2.092444e-02       6.242884e-03       1.240627e-02
        2980       3.413604e+00       8.254995e-01       1.365802e+00       1.967739e-02       9.643692e-03       1.500307e-02
        2990       3.498193e+00       8.471953e-01       1.399542e+00       1.015781e-02       4.092581e-03       5.961324e-03
        3000       3.570667e+00       8.608298e-01       1.428364e+00       4.310662e-02       1.949546e-02       2.995046e-02
        3010       3.597958e+00       8.660693e-01       1.439216e+00       5.595365e-02       2.366274e-02       4.000310e-02
        3020       3.569645e+00       8.658872e-01       1.427971e+00       3.261334e-02       1.763127e-02       2.585041e-02
        3030       3.505737e+00       8.510016e-01       1.402509e+00       1.539307e-02       5.898741e-03       8.892118e-03
        3040       3.434679e+00       8.317169e-01       1.374046e+00       1.195142e-02       3.451603e-03       6.337897e-03
        3050       3.378411e+00       8.152820e-01       1.351631e+00       1.515506e-02       1.011642e-02       1.288991e-02
        3060       3.349275e+00       8.127597e-01       1.339934e+00       1.855014e-02       4.596853e-03       1.076460e-02
        3070       3.349244e+00       8.169460e-01       1.339992e+00       2.349966e-02       8.799473e-03       1.592500e-02
        3080       3.383847e+00       8.258931e-01       1.353720e+00       8.891896e-03       4.686791e-03       6.312042e-03
        3090       3.434107e+00       8.363663e-01       1.373740e+00       9.909217e-03       3.519739e-03       6.039772e-03
        3100       3.490731e+00       8.495023e-01       1.396401e+00       1.021898e-02       3.679308e-03       5.759905e-03
        3110       3.538472e+00       8.642915e-01       1.415470e+00       1.365427e-02       6.380288e-03       1.073479e-02
        3120       3.558648e+00       8.691715e-01       1.423506e+00       2.371837e-02       1.296042e-02       1.829262e-02
        3130       3.543704e+00       8.637641e-01       1.417566e+00       1.860727e-02       6.720067e-03       1.222372e-02
        3140       3.499120e+00       8.510660e-01       1.399760e+00       9.884876e-03       3.243270e-03       6.236024e-03
        3150       3.439523e+00       8.374421e-01       1.375923e+00       6.350419e-03       2.541973e-03       4.232331e-03
        3160       3.379665e+00       8.259005e-01       1.352101e+00       2.335170e-02       8.553186e-03       1.518708e-02
        3170       3.340000e+00       8.131598e-01       1.336244e+00       1.699771e-02       7.448064e-03       1.301514e-02
        3180       3.328680e+00       8.072745e-01       1.331729e+00       3.585604e-02       1.378756e-02       2.213887e-02
        3190       3.360310e+00       8.134410e-01       1.344320e+00       1.616334e-02       8.324255e-03       1.278264e-02
        3200       3.422804e+00       8.326093e-01       1.369251e+00       1.314133e-02       5.119144e-03       7.841592e-03
        3210       3.498198e+00       8.506646e-01       1.399472e+00       1.432986e-02       7.617248e-03       9.603467e-03
        3220       3.571131e+00       8.604577e-01       1.428589e+00       3.532775e-02       1.548986e-02       2.428467e-02
        3230       3.600703e+00       8.649799e-01       1.440221e+00       6.987700e-02       2.912734e-02       4.688323e-02
        3240       3.570846e+00       8.576825e-01       1.428496e+00       3.995999e-02       1.345741e-02       2.594382e-02
        3250       3.500499e+00       8.473223e-01       1.400438e+00       1.995478e-02       5.760335e-03       1.154903e-02
        3260       3.422089e+00       8.285319e-01       1.369060e+00       1.048147e-02       4.330498e-03       6.298064e-03
        3270       3.350790e+00       8.100369e-01       1.340694e+00       3.224373e-02       1.335042e-02       2.285266e-02
        3280       3.314848e+00       7.955390e-01       1.326262e+00       5.050044e-02       1.823271e-02       2.586398e-02
        3290       3.318571e+00       7.966443e-01       1.327844e+00       4.104444e-02       1.505227e-02       2.340402e-02
        3300       3.362580e+00       8.131582e-01       1.345385e+00       3.230134e-02       1.017955e-02       1.894353e-02
        3310       3.433073e+00       8.332057e-01       1.373396e+00       7.609527e-03       2.722995e-03       4.682298e-03
        3320       3.504830e+00       8.511759e-01       1.402073e+00       1.931823e-02       4.943451e-03       1.068005e-02
        3330       3.562489e+00       8.592546e-01       1.425099e+00       2.913836e-02       1.073332e-02       1.955090e-02
        3340       3.580734e+00       8.638518e-01       1.432294e+00       3.808297e-02       2.029416e-02       3.017477e-02
        3350       3.551083e+00       8.600956e-01       1.420553e+00       2.013960e-02       8.752462e-03       1.475125e-02
        3360       3.491448e+00       8.493717e-01       1.396706e+00       1.157150e-02       5.601031e-03       7.570664e-03
        3370       3.426619e+00       8.302757e-01       1.370755e+00       1.018394e-02       4.479509e-03       6.458448e-03
        3380       3.369597e+00       8.114496e-01       1.348090e+00       1.389937e-02       7.318849e-03       1.048227e-02
        3390       3.338996e+00       8.063503e-01       1.335897e+00       2.634422e-02       1.123738e-02       1.794148e-02
        3400       3.345753e+00       8.133266e-01       1.338507e+00       1.609269e-02       6.317606e-03       1.137970e-02
        3410       3.382596e+00       8.255638e-01       1.353178e+00       1.937158e-02       7.690593e-03       1.346505e-02
        3420       3.442365e+00       8.366292e-01       1.377023e+00       5.786855e-03       3.201739e-03       4.316858e-03
        3430       3.502885e+00       8.500924e-01       1.401274e+00       1.117982e-02       4.532194e-03       6.627547e-03
        3440       3.547939e+00       8.632680e-01       1.419252e+00       1.881015e-02       8.034339e-03       1.313617e-02
        3450       3.561542e+00       8.687589e-01       1.424611e+00       2.525140e-02       1.466313e-02       1.998421e-02
        3460       3.537415e+00       8.631197e-01       1.415011e+00       1.514976e-02       4.845287e-03       1.029526e-02
        3470       3.487391e+00       8.475011e-01       1.395062e+00       1.078077e-02       3.004486e-03       5.521557e-03
        3480       3.432453e+00       8.360424e-01       1.373077e+00       9.595487e-03       3.079996e-03       5.433569e-03
        3490       3.385879e+00       8.297396e-01       1.354433e+00       9.751317e-03       5.384375e-03       6.887558e-03
        3500       3.358042e+00       8.241368e-01       1.343321e+00       1.702405e-02       9.828561e-03       1.245902e-02
        3510       3.362121e+00       8.217488e-01       1.344926e+00       1.282658e-02       4.185267e-03       7.513201e-03
        3520       3.391194e+00       8.269182e-01       1.356603e+00       1.191232e-02       6.829039e-03       8.979390e-03
        3530       3.441508e+00       8.436850e-01       1.376676e+00       8.389674e-03       2.689473e-03       4.772289e-03
        3540       3.500620e+00       8.627175e-01       1.400288e+00       9.774523e-03       2.920171e-03       5.807841e-03
        3550       3.551264e+00       8.742687e-01       1.420498e+00       1.974008e-02       9.495670e-03       1.494199e-02
        3560       3.573638e+00       8.745368e-01       1.429435e+00       3.398974e-02       1.711826e-02       2.366151e-02
        3570       3.553923e+00       8.702678e-01       1.421595e+00       2.089556e-02       1.397958e-02       1.701698e-02
        3580       3.494458e+00       8.604701e-01       1.397863e+00       6.815479e-03       3.597955e-03       4.389875e-03
        3590       3.419169e+00       8.382568e-01       1.367789e+00       1.393948e-02       8.115347e-03       1.190212e-02
        3600       3.354791e+00       8.121741e-01       1.342109e+00       1.846643e-02       6.464241e-03       1.077407e-02
        3610       3.308173e+00       7.917149e-01       1.323760e+00       4.284720e-02       1.774545e-02       3.322839e-02
        3620       3.314876e+00       7.998530e-01       1.326251e+00       3.512410e-02       2.036881e-02       2.768302e-02
        3630       3.359029e+00       8.233403e-01       1.343893e+00       2.751991e-02       1.434456e-02       2.146757e-02
        3640       3.431017e+00       8.427193e-01       1.372473e+00       9.400071e-03       5.157569e-03       7.743638e-03
        3650       3.513624e+00       8.564055e-01       1.405561e+00       1.714045e-02       3.401662e-03       8.605868e-03
        3660       3.576933e+00       8.672365e-01       1.430781e+00       4.261548e-02       2.045527e-02       3.035525e-02
        3670       3.594068e+00       8.764791e-01       1.437591e+00       4.054761e-02       2.530131e-02       3.314603e-02
        3680       3.561698e+00       8.699657e-01       1.424702e+00       4.122173e-02       1.659018e-02       2.898768e-02
        3690       3.494014e+00       8.513821e-01       1.397726e+00       6.509465e-03       2.747629e-03       5.116347e-03
        3700       3.419498e+00       8.242945e-01       1.368026e+00       1.456319e-02       4.256345e-03       9.133890e-03
        3710       3.366382e+00       8.156388e-01       1.346802e+00       1.299241e-02       7.381627e-03       9.242207e-03
        3720       3.338229e+00       8.182287e-01       1.335543e+00       2.448029e-02       9.715399e-03       1.691001e-02
        3730       3.350498e+00       8.225112e-01       1.340316e+00       1.724359e-02       5.998279e-03       1.124974e-02
        3740       3.391233e+00       8.304111e-01       1.356566e+00       1.157021e-02       6.570161e-03       8.693048e-03
        3750       3.444295e+00       8.416683e-01       1.377785e+00       8.116769e-03       3.878418e-03       5.264466e-03
        3760       3.498582e+00       8.603020e-01       1.399512e+00       8.846836e-03       2.615290e-03       4.844005e-03
        3770       3.538536e+00       8.702653e-01       1.415437e+00       1.672617e-02       7.894134e-03       1.185443e-02
        3780       3.550634e+00       8.741857e-01       1.420267e+00       1.628017e-02       7.340653e-03       1.139653e-02
        3790       3.531695e+00       8.682354e-01       1.412720e+00       1.816041e-02       5.900087e-03       1.084930e-02
        3800       3.488700e+00       8.576969e-01       1.395554e+00       5.905375e-03       3.656579e-03       4.406539e-03
        3810       3.435140e+00       8.431966e-01       1.374089e+00       8.617195e-03       2.098028e-03       4.765930e-03
        3820       3.388089e+00       8.339273e-01       1.355267e+00       1.023537e-02       5.969849e-03       7.648308e-03
        3830       3.358507e+00       8.290863e-01       1.343468e+00       1.437577e-02       6.077830e-03       9.525472e-03
        3840       3.357021e+00       8.264269e-01       1.342905e+00       1.808219e-02       6.424711e-03       1.203014e-02
        3850       3.387955e+00       8.321358e-01       1.355214e+00       9.600606e-03       4.538192e-03       6.114978e-03
        3860       3.437820e+00       8.433611e-01       1.375141e+00       6.546365e-03       4.363136e-03       5.617547e-03
        3870       3.497920e+00       8.602894e-01       1.399196e+00       6.621637e-03       3.981519e-03       5.388152e-03
        3880       3.549459e+00       8.733112e-01       1.419749e+00       2.003490e-02       1.143542e-02       1.595936e-02
        3890       3.571585e+00       8.759085e-01       1.428572e+00       2.032472e-02       1.390937e-02       1.804329e-02
        3900       3.552916e+00       8.686872e-01       1.421161e+00       3.125291e-02       1.341136e-02       1.891236e-02
        3910       3.498633e+00       8.578645e-01       1.399490e+00       1.253200e-02       4.095841e-03       6.628514e-03
        3920       3.427048e+00       8.453269e-01       1.370836e+00       9.029739e-03       3.661388e-03       6.045107e-03
        3930       3.360332e+00       8.246119e-01       1.344314e+00       2.081626e-02       9.783764e-03       1.580129e-02
        3940       3.321043e+00       8.123952e-01       1.328516e+00       3.040959e-02       1.558376e-02       2.307318e-02
        3950       3.316305e+00       8.088564e-01       1.326753e+00       3.837512e-02       1.758812e-02       2.598696e-02
        3960       3.359840e+00       8.265972e-01       1.343965e+00       1.591695e-02       5.458312e-03       1.019155e-02
        3970       3.425927e+00       8.481334e-01       1.370424e+00       1.506984e-02       6.752931e-03       1.182627e-02
        3980       3.507063e+00       8.639261e-01       1.402854e+00       1.171490e-02       3.695007e-03       6.785097e-03
        3990       3.574666e+00       8.706889e-01       1.429849e+00       5.513674e-02       2.357961e-02       3.268903e-02
        4000       3.598690e+00       8.739143e-01       1.439364e+00       4.357821e-02       2.597591e-02       3.394116e-02
        4010       3.565578e+00       8.723792e-01       1.426209e+00       3.408071e-02       1.528247e-02       2.141448e-02
        4020       3.496270e+00       8.568242e-01       1.398628e+00       1.212433e-02       7.760155e-03       9.746873e-03
        4030       3.421914e+00       8.318032e-01       1.368961e+00       1.108645e-02       3.895652e-03       6.308560e-03
        4040       3.360491e+00       8.123744e-01       1.344487e+00       3.109755e-02       9.910298e-03       1.770110e-02
        4050       3.335020e+00       8.145626e-01       1.334106e+00       2.094708e-02       6.391833e-03       1.569131e-02
        4060       3.345966e+00       8.262364e-01       1.338497e+00       2.169675e-02       1.259259e-02       1.655109e-02
        4070       3.388587e+00       8.381756e-01       1.355435e+00       8.490874e-03       4.777610e-03       6.288131e-03
        4080       3.442441e+00       8.468049e-01       1.376983e+00       7.992193e-03       2.408015e-03       4.704291e-03
        4090       3.497003e+00       8.587382e-01       1.398843e+00       7.974667e-03       2.988694e-03       4.852356e-03
        4100       3.537523e+00       8.739352e-01       1.415002e+00       1.358397e-02       5.797955e-03       9.905168e-03
        4110       3.550933e+00       8.784994e-01       1.420323e+00       1.749172e-02       1.072247e-02       1.402832e-02
        4120       3.533049e+00       8.723417e-01       1.413227e+00       9.178099e-03       5.623938e-03       7.472388e-03
        4130       3.490022e+00       8.582414e-01       1.396039e+00       1.271355e-02       4.562363e-03       6.574338e-03
        4140       3.436747e+00       8.483305e-01       1.374688e+00       5.363783e-03       2.993799e-03       3.806861e-03
        4150       3.385405e+00       8.418508e-01       1.354171e+00       1.209954e-02       7.443826e-03       1.037381e-02
        4160       3.352720e+00       8.342578e-01       1.341093e+00       1.257776e-02       5.280070e-03       9.369906e-03
        4170       3.349330e+00       8.292933e-01       1.339778e+00       1.698805e-02       8.477495e-03       1.249975e-02
        4180       3.379926e+00       8.345774e-01       1.352005e+00       1.216469e-02       6.827734e-03       8.963079e-03
        4190       3.434922e+00       8.473920e-01       1.373967e+00       9.158298e-03       2.097542e-03       4.832434e-03
        4200       3.500416e+00       8.652349e-01       1.400183e+00       1.391530e-02       3.452200e-03       7.310871e-03
        4210       3.559536e+00       8.770521e-01       1.423766e+00       1.885869e-02       1.196931e-02       1.421992e-02
        4220       3.584227e+00       8.820429e-01       1.433563e+00       4.846409e-02       2.411878e-02       3.423360e-02
        4230       3.560630e+00       8.743915e-01       1.424231e+00       1.771783e-02       1.155453e-02       1.511025e-02
        4240       3.496989e+00       8.614785e-01       1.398818e+00       1.241943e-02       4.569061e-03       8.176972e-03
        4250       3.422211e+00       8.487541e-01       1.368865e+00       7.175879e-03       4.397043e-03       5.804808e-03
        4260       3.356319e+00       8.285830e-01       1.342668e+00       2.016237e-02       1.081688e-02       1.593666e-02
        4270       3.318725e+00       8.151219e-01       1.327597e+00       3.196160e-02       1.329510e-02       2.453998e-02
        4280       3.322386e+00       8.170282e-01       1.329035e+00       3.097615e-02       1.145785e-02       2.529565e-02
        4290       3.364047e+00       8.270184e-01       1.345803e+00       1.783207e-02       1.144868e-02       1.510850e-02
        4300       3.432226e+00       8.453574e-01       1.372884e+00       6.774515e-03       3.525927e-03       4.681188e-03
        4310       3.505986e+00       8.643831e-01       1.402418e+00       1.526192e-02       5.670865e-03       9.855257e-03
        4320       3.567226e+00       8.737601e-01       1.426875e+00       1.938046e-02       1.301517e-02       1.633304e-02
        4330       3.585867e+00       8.749767e-01       1.434243e+00       5.187177e-02       2.411221e-02       3.522421e-02
        4340       3.554838e+00       8.709528e-01       1.421926e+00       2.527522e-02       9.622577e-03       1.648720e-02
        4350       3.491724e+00       8.606146e-01       1.396732e+00       9.498034e-03       3.806569e-03       6.109453e-03
        4360       3.423001e+00       8.415395e-01       1.369255e+00       1.034669e-02       3.103403e-03       6.398075e-03
        4370       3.367111e+00       8.255817e-01       1.346933e+00       1.831869e-02       7.958550e-03       1.114908e-02
        4380       3.338238e+00       8.167684e-01       1.335417e+00       2.340823e-02       9.662318e-03       1.548929e-02
        4390       3.348688e+00       8.237866e-01       1.339511e+00       1.739983e-02       6.250793e-03       1.112635e-02
        4400       3.389121e+00       8.374025e-01       1.355676e+00       1.436432e-02       7.204703e-03       1.159273e-02
        4410       3.444883e+00       8.485965e-01       1.377952e+00       5.201897e-03       2.987428e-03       3.943480e-03
        4420       3.496703e+00       8.585896e-01       1.398715e+00       1.468579e-02       3.927040e-03       6.413660e-03
        4430       3.533312e+00       8.680071e-01       1.413344e+00       1.149055e-02       5.785439e-03       8.350511e-03
        4440       3.543807e+00       8.727910e-01       1.417499e+00       1.433224e-02       8.053775e-03       1.019136e-02
        4450       3.526069e+00       8.691082e-01       1.410431e+00       1.136761e-02       3.805810e-03       7.563437e-03
        4460       3.487226e+00       8.574871e-01       1.394925e+00       6.615574e-03       3.156421e-03       4.588442e-03
        4470       3.439536e+00       8.439911e-01       1.375834e+00       8.011713e-03       2.815286e-03       4.763574e-03
        4480       3.395756e+00       8.364640e-01       1.358313e+00       9.579408e-03       3.661016e-03       6.060741e-03
        4490       3.366539e+00       8.317648e-01       1.346669e+00       1.404495e-02       1.007304e-02       1.162460e-02
        4500       3.363978e+00       8.288063e-01       1.345635e+00       1.104019e-02       4.610331e-03       7.636260e-03
        4510       3.388538e+00       8.314158e-01       1.355508e+00       1.923233e-02       5.422665e-03       1.070933e-02
        4520       3.437167e+00       8.404861e-01       1.374980e+00       8.225899e-03       3.836730e-03       5.063724e-03
        4530       3.496267e+00       8.583154e-01       1.398587e+00       8.204952e-03       4.081404e-03       5.456481e-03
        4540       3.549204e+00       8.732041e-01       1.419685e+00       2.080986e-02       1.033220e-02       1.540200e-02
        4550       3.573914e+00       8.763401e-01       1.429546e+00       2.565739e-02       1.544956e-02       1.986184e-02
        4560       3.554168e+00       8.697706e-01       1.421731e+00       4.063274e-02       1.411698e-02       2.199937e-02
        4570       3.498040e+00       8.566335e-01       1.399312e+00       1.253415e-02       1.969400e-03       5.706137e-03
        4580       3.428779e+00       8.438678e-01       1.371574e+00       1.475374e-02       6.962554e-03       1.064731e-02
        4590       3.368165e+00       8.268992e-01       1.347365e+00       1.426471e-02       8.785541e-03       1.005019e-02
        4600       3.328203e+00       8.124856e-01       1.331536e+00       3.603407e-02       1.400110e-02       2.417052e-02
        4610       3.329510e+00       8.062834e-01       1.332097e+00       2.361674e-02       1.246071e-02       1.840792e-02
        4620       3.364988e+00       8.156311e-01       1.346234e+00       2.550933e-02       8.215001e-03       1.626088e-02
        4630       3.428198e+00       8.363433e-01       1.371388e+00       1.285125e-02       5.657806e-03       9.459269e-03
        4640       3.503798e+00       8.572708e-01       1.401606e+00       8.495090e-03       2.387102e-03       5.807560e-03
        4650       3.565171e+00       8.712248e-01       1.426098e+00       4.939766e-02       1.695964e-02       2.856554e-02
        4660       3.590950e+00       8.742780e-01       1.436348e+00       3.490812e-02       2.285653e-02       2.961274e-02
        4670       3.565682e+00       8.714081e-01       1.426261e+00       3.442479e-02       1.600558e-02       2.540868e-02
        4680       3.499759e+00       8.567056e-01       1.399984e+00       1.094253e-02       2.977103e-03       6.197747e-03
        4690       3.423061e+00       8.401699e-01       1.369360e+00       1.720642e-02       8.323981e-03       1.167756e-02
        4700       3.359270e+00       8.190472e-01       1.343944e+00       1.988115e-02       8.272415e-03       1.247953e-02
        4710       3.316141e+00       8.046898e-01       1.326706e+00       4.428430e-02       1.413694e-02       3.047476e-02
        4720       3.319471e+00       8.068897e-01       1.328023e+00       4.115993e-02       1.516911e-02       2.261820e-02
        4730       3.362433e+00       8.202128e-01       1.345126e+00       1.851155e-02       1.233739e-02       1.441552e-02
        4740       3.428077e+00       8.386110e-01       1.371319e+00       1.402518e-02       3.972131e-03       9.227471e-03
        4750       3.503300e+00       8.562454e-01       1.401440e+00       8.876692e-03       4.124820e-03       5.613877e-03
        4760       3.557268e+00       8.700207e-01       1.422932e+00       4.022691e-02       1.416338e-02       2.308118e-02
        4770       3.573603e+00       8.746125e-01       1.429399e+00       2.393512e-02       1.405419e-02       2.050243e-02
        4780       3.549586e+00       8.713168e-01       1.419830e+00       2.143794e-02       7.918366e-03       1.418288e-02
        4790       3.496332e+00       8.568051e-01       1.398620e+00       9.590362e-03       2.543072e-03       5.286720e-03
        4800       3.435872e+00       8.402822e-01       1.374406e+00       1.078907e-02       3.828376e-03       6.146513e-03
        4810       3.386497e+00       8.283845e-01       1.354662e+00       1.188926e-02       6.355092e-03       8.715303e-03
        4820       3.356008e+00       8.214938e-01       1.342482e+00       1.500809e-02       6.529719e-03       1.095821e-02
        4830       3.356391e+00       8.210452e-01       1.342664e+00       1.709927e-02       7.845484e-03       1.275054e-02
        4840       3.387635e+00       8.258736e-01       1.355142e+00       8.493926e-03       5.025740e-03       6.295559e-03
        4850       3.435044e+00       8.358855e-01       1.374082e+00       1.116064e-02       4.333192e-03       6.676545e-03
        4860       3.491902e+00       8.507343e-01       1.396839e+00       6.366309e-03       3.403535e-03       5.156672e-03
        4870       3.540782e+00       8.635229e-01       1.416328e+00       1.740570e-02       6.282959e-03       1.174644e-02
        4880       3.564379e+00       8.661323e-01       1.425749e+00       2.264457e-02       1.149881e-02       1.800837e-02
        4890       3.553793e+00       8.616154e-01       1.421568e+00       2.777860e-02       1.092352e-02       1.797671e-02
        4900       3.505664e+00       8.491062e-01       1.402384e+00       1.356652e-02       4.238645e-03       7.343507e-03
        4910       3.432504e+00       8.324464e-01       1.373072e+00       8.911212e-03       3.970162e-03       6.040441e-03
        4920       3.361423e+00       8.141698e-01       1.344826e+00       2.586766e-02       1.563742e-02       2.070411e-02
        4930       3.313488e+00       7.961497e-01       1.325704e+00       4.081009e-02       1.935517e-02       2.635372e-02
        4940       3.303141e+00       7.896311e-01       1.321634e+00       5.476225e-02       1.910741e-02       4.098614e-02
        4950       3.347915e+00       8.021782e-01       1.339453e+00       1.878531e-02       5.622122e-03       1.116132e-02
        4960       3.413639e+00       8.254631e-01       1.365627e+00       2.018768e-02       9.825217e-03       1.485816e-02
        4970       3.496293e+00       8.464378e-01       1.398617e+00       1.188455e-02       4.988033e-03       7.592517e-03
        4980       3.570095e+00       8.622559e-01       1.428031e+00       2.922909e-02       1.576327e-02       2.440964e-02
        4990       3.598854e+00       8.649362e-01       1.439479e+00       5.534367e-02       2.864044e-02       3.976482e-02
        5000       3.574215e+00       8.622389e-01       1.429690e+00       4.682818e-02       1.653523e-02       2.948624e-02
