2019-09-04 09:55:56.030708: I tensorflow/core/platform/cpu_feature_guard.cc:140] Your CPU supports instructions that this TensorFlow binary was not compiled to use: SSE4.1 SSE4.2 AVX AVX2 AVX512F FMA
2019-09-04 09:55:56.992929: I tensorflow/core/common_runtime/gpu/gpu_device.cc:1356] Found device 0 with properties: 
name: Tesla V100-SXM2-16GB major: 7 minor: 0 memoryClockRate(GHz): 1.53
pciBusID: 0000:21:01.0
totalMemory: 15.77GiB freeMemory: 15.36GiB
2019-09-04 09:55:56.992966: I tensorflow/core/common_runtime/gpu/gpu_device.cc:1435] Adding visible gpu devices: 0
2019-09-04 09:55:57.286999: I tensorflow/core/common_runtime/gpu/gpu_device.cc:923] Device interconnect StreamExecutor with strength 1 edge matrix:
2019-09-04 09:55:57.287034: I tensorflow/core/common_runtime/gpu/gpu_device.cc:929]      0 
2019-09-04 09:55:57.287040: I tensorflow/core/common_runtime/gpu/gpu_device.cc:942] 0:   N 
2019-09-04 09:55:57.287305: I tensorflow/core/common_runtime/gpu/gpu_device.cc:1053] Created TensorFlow device (/job:localhost/replica:0/task:0/device:GPU:0 with 14867 MB memory) -> physical GPU (device: 0, name: Tesla V100-SXM2-16GB, pci bus id: 0000:21:01.0, compute capability: 7.  >>> Info of model(s):
  using   4 model(s): ../graph.003.pb ../graph.000.pb ../graph.002.pb ../graph.001.pb 
  rcut in model:      5
  ntypes in model:    2
Neighbor list info ...
  update every 1 steps, delay 10 steps, check yes
  max neighbors/atom: 2000, page size: 100000
  master list distance cutoff = 6
  ghost atom cutoff = 6
  binsize = 3, bins = 4 4 4
  1 neighbor lists, perpetual/occasional/extra = 1 0 0
  (1) pair deepmd, perpetual
      attributes: , newton on
      pair build: full/bin/atomonly
      stencil: full/bin/3d
      bin: standard
Setting up Verlet run ...
  Unit style    : metal
  Current step  : 0
  Time step     : 0.002
Per MPI rank memory allocation (min/avg/max) = 3.935 | 3.935 | 3.935 Mbytes
Step Temp PotEng KinEng TotEng Press Volume Lx Ly Lz Xy Xz Yz 
       0          100   -219.72099  0.051704058   -219.66928   -961.48848         1000           10           10           10            0            0            0 
      10    88.388689   -219.71297  0.045700539   -219.66727   -1210.6538         1000           10           10           10            0            0            0 
      20    62.383596   -219.69942  0.032254851   -219.66717   -999.04641         1000           10           10           10            0            0            0 
      30    80.036372   -219.71075  0.041382052   -219.66936   -455.15359         1000           10           10           10            0            0            0 
      40    130.42127   -219.73821  0.067433092   -219.67077    210.69417         1000           10           10           10            0            0            0 
      50    88.599819    -219.7116  0.045809702   -219.66579    880.75828         1000           10           10           10            0            0            0 
      60    103.33293   -219.71496   0.05342732   -219.66153     1241.757         1000           10           10           10            0            0            0 
      70    64.673412   -219.69212  0.033438778   -219.65868    1129.3747         1000           10           10           10            0            0            0 
      80     106.2926   -219.71575  0.054957589   -219.66079    488.82048         1000           10           10           10            0            0            0 
      90    123.23822   -219.72191  0.063719161   -219.65819   -330.71364         1000           10           10           10            0            0            0 
     100    114.79587   -219.70813  0.059354124   -219.64877   -1030.5445         1000           10           10           10            0            0            0 
     110    89.278317   -219.68625  0.046160513   -219.64009   -1283.2778         1000           10           10           10            0            0            0 
     120    77.311786   -219.67268  0.039973331    -219.6327   -1100.1866         1000           10           10           10            0            0            0 
     130    168.66075   -219.71898  0.087204452   -219.63178   -540.05313         1000           10           10           10            0            0            0 
     140    153.12364   -219.70584  0.079171134   -219.62667    358.72837         1000           10           10           10            0            0            0 
     150     159.0656   -219.70084  0.082243372    -219.6186    1199.7382         1000           10           10           10            0            0            0 
     160    94.780003     -219.662  0.049005108     -219.613    1538.9406         1000           10           10           10            0            0            0 
     170    163.26565   -219.70936  0.084414967   -219.62495    1034.5853         1000           10           10           10            0            0            0 
     180    150.10325   -219.71364  0.077609473   -219.63603    147.60638         1000           10           10           10            0            0            0 
     190    153.66927   -219.72411  0.079453251   -219.64466   -734.25826         1000           10           10           10            0            0            0 
     200    103.02622   -219.70509  0.053268739   -219.65182    -1207.419         1000           10           10           10            0            0            0 
     210    59.070036   -219.69248  0.030541606   -219.66194   -1198.2874         1000           10           10           10            0            0            0 
     220    92.742984    -219.7231  0.047951886   -219.67514   -829.10571         1000           10           10           10            0            0            0 
     230    98.688144   -219.73616  0.051025775   -219.68513    -206.3241         1000           10           10           10            0            0            0 
     240    104.25411   -219.74464  0.053903604   -219.69074    476.05651         1000           10           10           10            0            0            0 
     250     43.19902   -219.71252  0.022335646   -219.69018    984.56971         1000           10           10           10            0            0            0 
     260    70.096037   -219.72958  0.036242495   -219.69334    1078.6887         1000           10           10           10            0            0            0 
     270    63.688352   -219.72921  0.032929462   -219.69628    794.58001         1000           10           10           10            0            0            0 
     280    90.612768   -219.74601  0.046850478   -219.69916    221.19473         1000           10           10           10            0            0            0 
     290    83.378877   -219.74065  0.043110263   -219.69754   -402.22854         1000           10           10           10            0            0            0 
     300    49.540355   -219.71837  0.025614374   -219.69276   -862.02408         1000           10           10           10            0            0            0 
     310    57.779142    -219.7184  0.029874161   -219.68853   -1084.5045         1000           10           10           10            0            0            0 
     320    73.304553   -219.72324  0.037901429   -219.68534    -942.4703         1000           10           10           10            0            0            0 
     330    123.19479   -219.74699  0.063696706   -219.68329     -485.965         1000           10           10           10            0            0            0 
     340    79.791787    -219.7159  0.041255592   -219.67465    273.34185         1000           10           10           10            0            0            0 
     350    118.00142   -219.72469   0.06101152   -219.66368    962.74465         1000           10           10           10            0            0            0 
     360    99.550043   -219.70044  0.051471412   -219.64897    1335.5969         1000           10           10           10            0            0            0 
     370    148.51147   -219.71716  0.076786459   -219.64037    1128.2265         1000           10           10           10            0            0            0 
     380    196.28733   -219.73551   0.10148851   -219.63403    358.19034         1000           10           10           10            0            0            0 
     390    167.00899   -219.70913  0.086350424   -219.62278   -537.41643         1000           10           10           10            0            0            0 
     400    142.87106   -219.68689  0.073870135   -219.61302   -1238.8188         1000           10           10           10            0            0            0 
     410    123.83213   -219.67433  0.064026236   -219.61031   -1472.2757         1000           10           10           10            0            0            0 
     420    224.49954   -219.73652   0.11607537   -219.62045    -1212.388         1000           10           10           10            0            0            0 
     430     153.4343   -219.70786  0.079331758   -219.62853   -342.20182         1000           10           10           10            0            0            0 
     440    177.77356   -219.72724  0.091916147   -219.63532    588.73285         1000           10           10           10            0            0            0 
     450    113.18713   -219.69243  0.058522341   -219.63391    1293.4556         1000           10           10           10            0            0            0 
     460    154.04758   -219.71982  0.079648852   -219.64017    1350.8879         1000           10           10           10            0            0            0 
     470    146.90098    -219.7222  0.075953766   -219.64625    805.92638         1000           10           10           10            0            0            0 
     480    146.93746   -219.72853  0.075972628   -219.65255     48.75327         1000           10           10           10            0            0            0 
     490    118.24115   -219.71545  0.061135473   -219.65431   -688.32434         1000           10           10           10            0            0            0 
     500     63.83723    -219.6893  0.033006438    -219.6563   -1094.4108         1000           10           10           10            0            0            0 
     510    126.18209   -219.72893  0.065241263   -219.66369   -1186.6692         1000           10           10           10            0            0            0 
     520    95.004964   -219.71915  0.049121422   -219.67003   -773.11561         1000           10           10           10            0            0            0 
     530     116.2518   -219.73724  0.060106896   -219.67714   -116.41071         1000           10           10           10            0            0            0 
     540    66.286554   -219.71271  0.034272838   -219.67843    639.19608         1000           10           10           10            0            0            0 
     550    84.380903   -219.72382  0.043628351   -219.68019    1069.7074         1000           10           10           10            0            0            0 
     560    84.041719   -219.72594  0.043452979   -219.68249    1080.0844         1000           10           10           10            0            0            0 
     570    86.357636   -219.73145  0.044650402    -219.6868    747.00065         1000           10           10           10            0            0            0 
     580    90.527879   -219.73622  0.046806587   -219.68941    151.72648         1000           10           10           10            0            0            0 
     590    47.823231   -219.71358  0.024726551   -219.68886   -413.51878         1000           10           10           10            0            0            0 
     600    82.599356   -219.73131  0.042707219    -219.6886   -912.04578         1000           10           10           10            0            0            0 
     610     63.15575   -219.71926  0.032654085   -219.68661   -1047.1315         1000           10           10           10            0            0            0 
     620    90.939973   -219.73382  0.047019656    -219.6868   -835.55951         1000           10           10           10            0            0            0 
     630    67.986524   -219.72016  0.035151792   -219.68501    -240.1684         1000           10           10           10            0            0            0 
     640    78.621673   -219.71919  0.040650595   -219.67854    426.20216         1000           10           10           10            0            0            0 
     650    109.03179   -219.72558  0.056373862   -219.66921    996.32799         1000           10           10           10            0            0            0 
     660    102.94645   -219.70827  0.053227495   -219.65504    1264.0448         1000           10           10           10            0            0            0 
     670    144.12926   -219.71839  0.074520676   -219.64387    1046.7831         1000           10           10           10            0            0            0 
     680      105.589   -219.68558  0.054593798   -219.63098    450.80841         1000           10           10           10            0            0            0 
     690    167.63044   -219.70711  0.086671742   -219.62044   -497.27019         1000           10           10           10            0            0            0 
     700    124.11813   -219.67083  0.064174109   -219.60666   -1183.0438         1000           10           10           10            0            0            0 
     710    196.03972    -219.7065   0.10136049   -219.60514   -1342.6242         1000           10           10           10            0            0            0 
     720    140.54938   -219.68186  0.072669734   -219.60919   -766.78826         1000           10           10           10            0            0            0 
     730    134.89117   -219.68628  0.069744207   -219.61654    86.510556         1000           10           10           10            0            0            0 
     740    156.37232   -219.70662  0.080850833   -219.62577    894.24212         1000           10           10           10            0            0            0 
     750    142.26655   -219.70921  0.073557582   -219.63565    1315.3342         1000           10           10           10            0            0            0 
     760     135.0811   -219.71846  0.069842413   -219.64862     1203.387         1000           10           10           10            0            0            0 
     770    89.476168   -219.70841   0.04626281   -219.66215    662.99879         1000           10           10           10            0            0            0 
     780    113.27618   -219.73087  0.058568384    -219.6723    -130.4618         1000           10           10           10            0            0            0 
     790    71.639857   -219.71212  0.037040713   -219.67508   -730.66809         1000           10           10           10            0            0            0 
     800    105.22196   -219.73273  0.054404023   -219.67833   -1087.0637         1000           10           10           10            0            0            0 
     810    76.896413   -219.71904  0.039758566   -219.67928   -1012.2602         1000           10           10           10            0            0            0 
     820    77.330701   -219.72159   0.03998311   -219.68161   -602.17507         1000           10           10           10            0            0            0 
     830    84.377029   -219.72667  0.043626348   -219.68304    8.9856228         1000           10           10           10            0            0            0 
     840    98.634388   -219.73349  0.050997981   -219.68249    641.57774         1000           10           10           10            0            0            0 
     850    107.57748    -219.7356  0.055621923   -219.67998    1049.1038         1000           10           10           10            0            0            0 
     860    67.771922   -219.71222  0.035040834   -219.67718    1085.5736         1000           10           10           10            0            0            0 
     870    108.01483   -219.73466  0.055848051   -219.67881    638.70031         1000           10           10           10            0            0            0 
     880     86.49115   -219.72129  0.044719434   -219.67657    22.425628         1000           10           10           10            0            0            0 
     890    116.81255   -219.73379  0.060396828   -219.67339   -658.82176         1000           10           10           10            0            0            0 
     900    104.09304   -219.72152  0.053820327    -219.6677   -1081.7761         1000           10           10           10            0            0            0 
     910    94.413246    -219.7114  0.048815479   -219.66258   -1134.9563         1000           10           10           10            0            0            0 
     920    97.352739   -219.71104  0.050335317    -219.6607   -763.09722         1000           10           10           10            0            0            0 
     930    124.89321   -219.72372  0.064574856   -219.65914   -98.105844         1000           10           10           10            0            0            0 
     940    166.87391   -219.74199  0.086280583   -219.65571    643.66813         1000           10           10           10            0            0            0 
     950    104.51878   -219.69903  0.054040452   -219.64499    1186.9661         1000           10           10           10            0            0            0 
     960    152.59819   -219.71954  0.078899457   -219.64064     1178.443         1000           10           10           10            0            0            0 
     970     132.9499   -219.70362  0.068740493   -219.63488     765.8166         1000           10           10           10            0            0            0 
     980    179.34334   -219.72358  0.092727783   -219.63085   -57.846985         1000           10           10           10            0            0            0 
     990    150.88681   -219.69974  0.078014606   -219.62172   -844.22789         1000           10           10           10            0            0            0 
    1000    167.39419   -219.70066  0.086549591   -219.61411   -1313.2631         1000           10           10           10            0            0            0 
Loop time of 11.8916 on 1 procs for 1000 steps with 5 atoms

Performance: 14.531 ns/day, 1.652 hours/ns, 84.093 timesteps/s
205.1% CPU use with 1 MPI tasks x no OpenMP threads

MPI task timing breakdown:
Section |  min time  |  avg time  |  max time  |%varavg| %total
---------------------------------------------------------------
Pair    | 11.872     | 11.872     | 11.872     |   0.0 | 99.84
Neigh   | 0.00029922 | 0.00029922 | 0.00029922 |   0.0 |  0.00
Comm    | 0.0020103  | 0.0020103  | 0.0020103  |   0.0 |  0.02
Output  | 0.011065   | 0.011065   | 0.011065   |   0.0 |  0.09
Modify  | 0.0045965  | 0.0045965  | 0.0045965  |   0.0 |  0.04
Other   |            | 0.001416   |            |       |  0.01

Nlocal:    5 ave 5 max 5 min
Histogram: 1 0 0 0 0 0 0 0 0 0
Nghost:    121 ave 121 max 121 min
Histogram: 1 0 0 0 0 0 0 0 0 0
Neighs:    0 ave 0 max 0 min
Histogram: 1 0 0 0 0 0 0 0 0 0

Total # of neighbors = 0
Ave neighs/atom = 0
Neighbor list builds = 45
Dangerous builds = 0
Total wall time: 0:00:14
