2019-09-04 09:55:10.675601: I tensorflow/core/platform/cpu_feature_guard.cc:140] Your CPU supports instructions that this TensorFlow binary was not compiled to use: SSE4.1 SSE4.2 AVX AVX2 AVX512F FMA
2019-09-04 09:55:11.638338: I tensorflow/core/common_runtime/gpu/gpu_device.cc:1356] Found device 0 with properties: 
name: Tesla V100-SXM2-16GB major: 7 minor: 0 memoryClockRate(GHz): 1.53
pciBusID: 0000:21:01.0
totalMemory: 15.77GiB freeMemory: 15.36GiB
2019-09-04 09:55:11.638374: I tensorflow/core/common_runtime/gpu/gpu_device.cc:1435] Adding visible gpu devices: 0
2019-09-04 09:55:11.932293: I tensorflow/core/common_runtime/gpu/gpu_device.cc:923] Device interconnect StreamExecutor with strength 1 edge matrix:
2019-09-04 09:55:11.932327: I tensorflow/core/common_runtime/gpu/gpu_device.cc:929]      0 
2019-09-04 09:55:11.932334: I tensorflow/core/common_runtime/gpu/gpu_device.cc:942] 0:   N 
2019-09-04 09:55:11.932602: I tensorflow/core/common_runtime/gpu/gpu_device.cc:1053] Created TensorFlow device (/job:localhost/replica:0/task:0/device:GPU:0 with 14867 MB memory) -> physical GPU (device: 0, name: Tesla V100-SXM2-16GB, pci bus id: 0000:21:01.0, compute capability: 7.  >>> Info of model(s):
  using   4 model(s): ../graph.003.pb ../graph.000.pb ../graph.002.pb ../graph.001.pb 
  rcut in model:      5
  ntypes in model:    2
Neighbor list info ...
  update every 1 steps, delay 10 steps, check yes
  max neighbors/atom: 2000, page size: 100000
  master list distance cutoff = 6
  ghost atom cutoff = 6
  binsize = 3, bins = 4 4 4
  1 neighbor lists, perpetual/occasional/extra = 1 0 0
  (1) pair deepmd, perpetual
      attributes: , newton on
      pair build: full/bin/atomonly
      stencil: full/bin/3d
      bin: standard
Setting up Verlet run ...
  Unit style    : metal
  Current step  : 0
  Time step     : 0.002
Per MPI rank memory allocation (min/avg/max) = 3.935 | 3.935 | 3.935 Mbytes
Step Temp PotEng KinEng TotEng Press Volume Lx Ly Lz Xy Xz Yz 
       0          100   -219.71408  0.051704058   -219.66238   -591.13911         1000           10           10           10            0            0            0 
      10    72.611111   -219.69835  0.037542891    -219.6608   -514.91722         1000           10           10           10            0            0            0 
      20    50.918897   -219.68641  0.026327136   -219.66009   -253.65631         1000           10           10           10            0            0            0 
      30    56.387886   -219.68809  0.029154825   -219.65893    39.698633         1000           10           10           10            0            0            0 
      40    112.79934   -219.71764  0.058321834   -219.65932    267.78006         1000           10           10           10            0            0            0 
      50    82.131968   -219.69937   0.04246556   -219.65691    462.75864         1000           10           10           10            0            0            0 
      60    88.841681   -219.70029  0.045934754   -219.65435    435.23288         1000           10           10           10            0            0            0 
      70    59.359481   -219.68195   0.03069126   -219.65126    183.58604         1000           10           10           10            0            0            0 
      80    135.94485   -219.72178  0.070289004   -219.65149   -307.91928         1000           10           10           10            0            0            0 
      90    152.23371   -219.72392  0.078711006   -219.64521   -664.52044         1000           10           10           10            0            0            0 
     100    143.59572   -219.70998  0.074244814   -219.63573   -750.44858         1000           10           10           10            0            0            0 
     110    142.80752   -219.70066  0.073837283   -219.62683   -515.18205         1000           10           10           10            0            0            0 
     120     140.9061    -219.6872  0.072854172   -219.61435   -157.05169         1000           10           10           10            0            0            0 
     130    260.48546   -219.74293   0.13468155   -219.60825    202.30276         1000           10           10           10            0            0            0 
     140    200.41572   -219.69491   0.10362306   -219.59128    586.17906         1000           10           10           10            0            0            0 
     150    160.45503   -219.66121  0.082961763   -219.57825     560.1091         1000           10           10           10            0            0            0 
     160    89.574051   -219.62617  0.046313419   -219.57986    139.27104         1000           10           10           10            0            0            0 
     170    172.90127   -219.68182  0.089396974   -219.59242    -491.4252         1000           10           10           10            0            0            0 
     180    134.84496   -219.67509  0.069720315   -219.60537   -826.26532         1000           10           10           10            0            0            0 
     190    112.82627   -219.68254   0.05833576   -219.62421   -834.29111         1000           10           10           10            0            0            0 
     200     89.30388   -219.68824   0.04617373   -219.64207   -514.66514         1000           10           10           10            0            0            0 
     210    57.344646   -219.68641  0.029649509   -219.65676   -60.146409         1000           10           10           10            0            0            0 
     220    121.51313   -219.73147   0.06282722   -219.66864    271.62737         1000           10           10           10            0            0            0 
     230    96.471913   -219.72442  0.049879894   -219.67454    484.42958         1000           10           10           10            0            0            0 
     240    98.228818   -219.73073  0.050788285   -219.67994    470.53962         1000           10           10           10            0            0            0 
     250    54.586248    -219.7106  0.028223306   -219.68238    306.91266         1000           10           10           10            0            0            0 
     260    97.873588   -219.73659  0.050604617   -219.68598   -50.645378         1000           10           10           10            0            0            0 
     270    116.07102   -219.74637  0.060013425   -219.68636   -433.05952         1000           10           10           10            0            0            0 
     280    98.200225   -219.73464  0.050773501   -219.68386    -666.0426         1000           10           10           10            0            0            0 
     290    102.43036    -219.7351   0.05296065   -219.68214     -667.514         1000           10           10           10            0            0            0 
     300    61.535022   -219.71115  0.031816104   -219.67934   -393.73488         1000           10           10           10            0            0            0 
     310    126.28711   -219.74421  0.065295561   -219.67892   -84.030669         1000           10           10           10            0            0            0 
     320    126.79625   -219.74081  0.065558808   -219.67525    267.49761         1000           10           10           10            0            0            0 
     330    134.37316   -219.73882  0.069476377   -219.66934    523.76213         1000           10           10           10            0            0            0 
     340    81.505739   -219.70068  0.042141774   -219.65854    651.83956         1000           10           10           10            0            0            0 
     350    103.12528   -219.70275  0.053319952   -219.64943    458.76682         1000           10           10           10            0            0            0 
     360    164.56824   -219.72696  0.085088461   -219.64187   0.73272088         1000           10           10           10            0            0            0 
     370    121.02786   -219.69053  0.062576317   -219.62795   -395.95872         1000           10           10           10            0            0            0 
     380    138.87337   -219.68659  0.071803169   -219.61479   -573.35488         1000           10           10           10            0            0            0 
     390     54.17167    -219.6266  0.028008952   -219.59859    -324.6249         1000           10           10           10            0            0            0 
     400    140.17562   -219.66244  0.072476486   -219.58997    43.584987         1000           10           10           10            0            0            0 
     410    171.55131   -219.67178  0.088698991   -219.58308    533.53774         1000           10           10           10            0            0            0 
     420     204.3515   -219.68304   0.10565802   -219.57738     939.6125         1000           10           10           10            0            0            0 
     430    123.92884   -219.63837   0.06407624    -219.5743    1038.4881         1000           10           10           10            0            0            0 
     440    157.91479    -219.6716  0.081648356   -219.58995    642.11301         1000           10           10           10            0            0            0 
     450    228.05187   -219.72765   0.11791207   -219.60974   -123.40382         1000           10           10           10            0            0            0 
     460    163.06157   -219.71166  0.084309451   -219.62735   -656.05928         1000           10           10           10            0            0            0 
     470     132.7772   -219.71575    0.0686512    -219.6471   -812.81805         1000           10           10           10            0            0            0 
     480     63.87298   -219.69606  0.033024922   -219.66304   -595.17607         1000           10           10           10            0            0            0 
     490    106.59707   -219.73135  0.055115011   -219.67624   -322.06358         1000           10           10           10            0            0            0 
     500    100.15995    -219.7352  0.051786756   -219.68341    32.620185         1000           10           10           10            0            0            0 
     510    103.38418    -219.7407  0.053453815   -219.68725     355.1115         1000           10           10           10            0            0            0 
     520    58.612647    -219.7169  0.030305117   -219.68659    586.73727         1000           10           10           10            0            0            0 
     530    56.145749   -219.71684   0.02902963   -219.68781      560.526         1000           10           10           10            0            0            0 
     540    87.409386   -219.73432    0.0451942   -219.68912    246.45137         1000           10           10           10            0            0            0 
     550    85.048696   -219.73252  0.043973627   -219.68855   -123.85882         1000           10           10           10            0            0            0 
     560    78.184987   -219.72632  0.040424811   -219.68589   -427.34196         1000           10           10           10            0            0            0 
     570    36.804592   -219.70027  0.019029468   -219.68124   -531.42452         1000           10           10           10            0            0            0 
     580    74.238053   -219.71634  0.038384086   -219.67795    -554.0385         1000           10           10           10            0            0            0 
     590    88.151863    -219.7194   0.04557809   -219.67383   -373.65674         1000           10           10           10            0            0            0 
     600    106.11611   -219.72221  0.054866333   -219.66734   -39.841492         1000           10           10           10            0            0            0 
     610    76.989699    -219.6962  0.039806798   -219.65639    430.21467         1000           10           10           10            0            0            0 
     620    65.739019    -219.6774  0.033989741   -219.64341    709.85504         1000           10           10           10            0            0            0 
     630    115.66009   -219.69491  0.059800958   -219.63511    586.24205         1000           10           10           10            0            0            0 
     640    141.91315   -219.70137  0.073374856     -219.628    225.74805         1000           10           10           10            0            0            0 
     650    129.65176   -219.68612  0.067035221   -219.61909   -241.80702         1000           10           10           10            0            0            0 
     660    78.368027   -219.65377   0.04051945   -219.61325   -592.96674         1000           10           10           10            0            0            0 
     670    153.12566   -219.69249   0.07917218   -219.61332   -917.83495         1000           10           10           10            0            0            0 
     680    157.61041   -219.69644  0.081490979   -219.61494   -796.58027         1000           10           10           10            0            0            0 
     690    196.01233   -219.72384   0.10134633   -219.62249   -328.82608         1000           10           10           10            0            0            0 
     700    129.33552   -219.69635  0.066871711   -219.62948     360.0924         1000           10           10           10            0            0            0 
     710     128.4891   -219.70398  0.066434081   -219.63755    763.80517         1000           10           10           10            0            0            0 
     720    146.30589   -219.72551  0.075646084   -219.64986    723.29915         1000           10           10           10            0            0            0 
     730    141.62434   -219.73562  0.073225531   -219.66239    387.43166         1000           10           10           10            0            0            0 
     740    106.14949   -219.72693  0.054883591   -219.67204   -29.049756         1000           10           10           10            0            0            0 
     750    52.383419   -219.70996  0.027084353   -219.68287   -355.99525         1000           10           10           10            0            0            0 
     760    79.221149   -219.73316  0.040960549    -219.6922    -618.6446         1000           10           10           10            0            0            0 
     770    68.559215   -219.73281  0.035447896   -219.69736    -629.7933         1000           10           10           10            0            0            0 
     780    86.707213   -219.74639  0.044831147   -219.70156   -448.43312         1000           10           10           10            0            0            0 
     790     52.73297   -219.72897  0.027265086    -219.7017   -70.319387         1000           10           10           10            0            0            0 
     800     52.20383   -219.72713  0.026991499   -219.70014    294.82509         1000           10           10           10            0            0            0 
     810    71.715138   -219.73584  0.037079637   -219.69877    512.89409         1000           10           10           10            0            0            0 
     820    74.172478   -219.73462  0.038350181   -219.69627    543.14462         1000           10           10           10            0            0            0 
     830    79.463656   -219.73407  0.041085935   -219.69299    391.93296         1000           10           10           10            0            0            0 
     840     36.76945   -219.70689  0.019011298   -219.68788    133.50838         1000           10           10           10            0            0            0 
     850    73.775858   -219.72216  0.038145113   -219.68402   -266.40734         1000           10           10           10            0            0            0 
     860    73.094348   -219.71502  0.037792744   -219.67723     -583.536         1000           10           10           10            0            0            0 
     870    99.852432   -219.72257  0.051627759   -219.67094   -711.37498         1000           10           10           10            0            0            0 
     880    74.462396   -219.70188   0.03850008   -219.66338    -493.9907         1000           10           10           10            0            0            0 
     890     58.80054    -219.6842  0.030402265    -219.6538     -76.2236         1000           10           10           10            0            0            0 
     900    101.02474   -219.69848  0.052233888   -219.64625    327.96467         1000           10           10           10            0            0            0 
     910    102.42269   -219.69065  0.052956687   -219.63769    617.54894         1000           10           10           10            0            0            0 
     920    131.12489   -219.69932  0.067796887   -219.63152    672.34556         1000           10           10           10            0            0            0 
     930    57.380739   -219.65501  0.029668171   -219.62534    533.08897         1000           10           10           10            0            0            0 
     940    113.12827   -219.68567  0.058491906   -219.62718    37.120328         1000           10           10           10            0            0            0 
     950    132.22888   -219.69589  0.068367697   -219.62752   -537.63494         1000           10           10           10            0            0            0 
     960    163.70875   -219.71463  0.084644068   -219.62999   -860.32019         1000           10           10           10            0            0            0 
     970    127.14767   -219.69752  0.065740505   -219.63178   -713.70571         1000           10           10           10            0            0            0 
     980    104.65184   -219.69063  0.054109246   -219.63652   -297.43954         1000           10           10           10            0            0            0 
     990    148.28914   -219.72209  0.076671502   -219.64542    111.97836         1000           10           10           10            0            0            0 
    1000    141.48774   -219.72844  0.073154905   -219.65529      461.928         1000           10           10           10            0            0            0 
Loop time of 11.7776 on 1 procs for 1000 steps with 5 atoms

Performance: 14.672 ns/day, 1.636 hours/ns, 84.907 timesteps/s
207.6% CPU use with 1 MPI tasks x no OpenMP threads

MPI task timing breakdown:
Section |  min time  |  avg time  |  max time  |%varavg| %total
---------------------------------------------------------------
Pair    | 11.76      | 11.76      | 11.76      |   0.0 | 99.85
Neigh   | 0.00023842 | 0.00023842 | 0.00023842 |   0.0 |  0.00
Comm    | 0.0017855  | 0.0017855  | 0.0017855  |   0.0 |  0.02
Output  | 0.010632   | 0.010632   | 0.010632   |   0.0 |  0.09
Modify  | 0.0039718  | 0.0039718  | 0.0039718  |   0.0 |  0.03
Other   |            | 0.001246   |            |       |  0.01

Nlocal:    5 ave 5 max 5 min
Histogram: 1 0 0 0 0 0 0 0 0 0
Nghost:    103 ave 103 max 103 min
Histogram: 1 0 0 0 0 0 0 0 0 0
Neighs:    0 ave 0 max 0 min
Histogram: 1 0 0 0 0 0 0 0 0 0

Total # of neighbors = 0
Ave neighs/atom = 0
Neighbor list builds = 34
Dangerous builds = 0
Total wall time: 0:00:14
