2019-09-01 07:55:35.180378: I tensorflow/core/platform/cpu_feature_guard.cc:141] Your CPU supports instructions that this TensorFlow binary was not compiled to use: AVX AVX2 FMA
2019-09-01 07:55:35.432314: I tensorflow/core/common_runtime/gpu/gpu_device.cc:1432] Found device 0 with properties: 
name: GeForce RTX 2080 Ti major: 7 minor: 5 memoryClockRate(GHz): 1.635
pciBusID: 0000:0a:00.0
totalMemory: 10.73GiB freeMemory: 10.53GiB
2019-09-01 07:55:35.552603: I tensorflow/core/common_runtime/gpu/gpu_device.cc:1432] Found device 1 with properties: 
name: GeForce RTX 2080 Ti major: 7 minor: 5 memoryClockRate(GHz): 1.635
pciBusID: 0000:0b:00.0
totalMemory: 10.73GiB freeMemory: 10.53GiB
2019-09-01 07:55:35.682705: I tensorflow/stream_executor/cuda/cuda_gpu_executor.cc:964] successful NUMA node read from SysFS had negative value (-1), but there must be at least one NUMA node, so returning NUMA node zero
2019-09-01 07:55:35.683822: I tensorflow/core/common_runtime/gpu/gpu_device.cc:1432] Found device 2 with properties: 
name: GeForce RTX 2080 Ti major: 7 minor: 5 memoryClockRate(GHz): 1.635
pciBusID: 0000:42:00.0
totalMemory: 10.73GiB  >>> Info of model(s):
  using   4 model(s): ../graph.002.pb ../graph.000.pb ../graph.003.pb ../graph.001.pb 
  rcut in model:      5
  ntypes in model:    2
Neighbor list info ...
  update every 1 steps, delay 10 steps, check yes
  max neighbors/atom: 2000, page size: 100000
  master list distance cutoff = 6
  ghost atom cutoff = 6
  binsize = 3, bins = 4 4 4
  1 neighbor lists, perpetual/occasional/extra = 1 0 0
  (1) pair deepmd, perpetual
      attributes: , newton on
      pair build: full/bin/atomonly
      stencil: full/bin/3d
      bin: standard
Setting up Verlet run ...
  Unit style    : metal
  Current step  : 0
  Time step     : 0.002
Per MPI rank memory allocation (min/avg/max) = 3.934 | 3.934 | 3.934 Mbytes
Step Temp PotEng KinEng TotEng Press Volume Lx Ly Lz Xy Xz Yz 
       0          100   -219.72226  0.051704058   -219.67055    528.62693         1000           10           10           10            0            0            0 
      10    81.357929   -219.71112  0.042065351   -219.66905    468.21919         1000           10           10           10            0            0            0 
      20    78.085758   -219.70896  0.040373506   -219.66859    172.94093         1000           10           10           10            0            0            0 
      30    85.817862   -219.71197  0.044371317   -219.66759   -243.14743         1000           10           10           10            0            0            0 
      40     80.57764   -219.70679   0.04166191   -219.66513   -520.47676         1000           10           10           10            0            0            0 
      50    86.126117   -219.70671  0.044530697   -219.66218   -575.17515         1000           10           10           10            0            0            0 
      60    65.022761   -219.69192  0.033619406    -219.6583    -361.7231         1000           10           10           10            0            0            0 
      70    108.06528   -219.71023  0.055874137   -219.65435   -101.70228         1000           10           10           10            0            0            0 
      80    74.692827   -219.68551  0.038619222    -219.6469    261.71952         1000           10           10           10            0            0            0 
      90    115.48233   -219.69761  0.059709052    -219.6379    543.64023         1000           10           10           10            0            0            0 
     100    105.09536   -219.68065  0.054338565   -219.62631    619.88858         1000           10           10           10            0            0            0 
     110    129.80318   -219.68375  0.067113513   -219.61664    348.89411         1000           10           10           10            0            0            0 
     120    127.97451   -219.67147  0.066168012    -219.6053   -140.73579         1000           10           10           10            0            0            0 
     130    173.68461   -219.68638  0.089801991   -219.59658   -559.81594         1000           10           10           10            0            0            0 
     140    179.03555   -219.68449  0.092568645   -219.59192   -721.80661         1000           10           10           10            0            0            0 
     150    172.58066   -219.68333  0.089231205    -219.5941   -576.24341         1000           10           10           10            0            0            0 
     160    230.40296   -219.72553   0.11912768   -219.60641   -241.96015         1000           10           10           10            0            0            0 
     170    158.98278   -219.70222  0.082200547   -219.62002    302.57843         1000           10           10           10            0            0            0 
     180    184.95161   -219.73365  0.095627488   -219.63802    606.86233         1000           10           10           10            0            0            0 
     190    116.26719   -219.71257  0.060114856   -219.65245    585.14617         1000           10           10           10            0            0            0 
     200    142.71611   -219.74027  0.073790021   -219.66648    228.56097         1000           10           10           10            0            0            0 
     210    79.936112   -219.71491  0.041330214   -219.67358   -103.27288         1000           10           10           10            0            0            0 
     220    107.24477    -219.7363  0.055449897   -219.68085    -384.1888         1000           10           10           10            0            0            0 
     230    81.194198   -219.72489  0.041980695   -219.68291   -514.93314         1000           10           10           10            0            0            0 
     240    73.317893   -219.72293  0.037908326   -219.68502   -477.77983         1000           10           10           10            0            0            0 
     250    97.289309   -219.73752  0.050302521   -219.68722   -277.05132         1000           10           10           10            0            0            0 
     260    63.536088   -219.71918  0.032850736   -219.68633    76.114121         1000           10           10           10            0            0            0 
     270    98.322282   -219.73687   0.05083661   -219.68603    385.38915         1000           10           10           10            0            0            0 
     280    58.693248   -219.71244  0.030346791    -219.6821    568.10242         1000           10           10           10            0            0            0 
     290    98.078907   -219.73123  0.050710775   -219.68052    453.47059         1000           10           10           10            0            0            0 
     300    63.229808   -219.70924  0.032692377   -219.67655    247.95476         1000           10           10           10            0            0            0 
     310    88.579175    -219.7184  0.045799028    -219.6726   -63.680469         1000           10           10           10            0            0            0 
     320    83.592941   -219.70948  0.043220943   -219.66626   -343.42077         1000           10           10           10            0            0            0 
     330    73.297926   -219.69609  0.037898002   -219.65819   -503.59194         1000           10           10           10            0            0            0 
     340    119.43655   -219.71317  0.061753542   -219.65142    -476.6601         1000           10           10           10            0            0            0 
     350    75.698302   -219.67999  0.039139094   -219.64086   -119.07798         1000           10           10           10            0            0            0 
     360    150.42969   -219.71146  0.077778254   -219.63368    319.86242         1000           10           10           10            0            0            0 
     370    85.701181   -219.66446  0.044310988   -219.62015    694.85972         1000           10           10           10            0            0            0 
     380    182.48567    -219.7092  0.094352499   -219.61485    673.95936         1000           10           10           10            0            0            0 
     390    128.20508   -219.67357  0.066287229   -219.60729    477.03769         1000           10           10           10            0            0            0 
     400    183.32195   -219.69851  0.094784889   -219.60373     51.99848         1000           10           10           10            0            0            0 
     410    189.57523     -219.701  0.098018087   -219.60298    -437.9025         1000           10           10           10            0            0            0 
     420    184.00363   -219.69924  0.095137341   -219.60411   -769.68103         1000           10           10           10            0            0            0 
     430    206.37917     -219.722   0.10670641   -219.61529   -705.60684         1000           10           10           10            0            0            0 
     440    140.26574   -219.70826  0.072523077   -219.63574   -196.05284         1000           10           10           10            0            0            0 
     450     167.6012    -219.7445  0.086656619   -219.65784    180.19233         1000           10           10           10            0            0            0 
     460    78.531033   -219.71206  0.040603731   -219.67146    459.69151         1000           10           10           10            0            0            0 
     470    127.91456   -219.74975  0.066137018   -219.68362    464.49767         1000           10           10           10            0            0            0 
     480    65.212419   -219.72229  0.033717467   -219.68857    352.72527         1000           10           10           10            0            0            0 
     490    96.473109   -219.74451  0.049880512   -219.69463    46.141775         1000           10           10           10            0            0            0 
     500    73.091543    -219.7341  0.037791294   -219.69631   -257.79924         1000           10           10           10            0            0            0 
     510    62.908105   -219.72925  0.032526043   -219.69672   -455.18122         1000           10           10           10            0            0            0 
     520    84.171666   -219.74131  0.043520167   -219.69779   -517.56547         1000           10           10           10            0            0            0 
     530    52.646672   -219.72346  0.027220466   -219.69624   -365.76457         1000           10           10           10            0            0            0 
     540     91.04884   -219.74277  0.047075945   -219.69569   -159.14323         1000           10           10           10            0            0            0 
     550    44.623572   -219.71403  0.023072197   -219.69095    188.82473         1000           10           10           10            0            0            0 
     560    95.869352   -219.73571  0.049568345   -219.68614    408.77643         1000           10           10           10            0            0            0 
     570     59.11589    -219.7087  0.030565314   -219.67814     534.5295         1000           10           10           10            0            0            0 
     580    101.16019   -219.72366  0.052303922   -219.67135    373.10196         1000           10           10           10            0            0            0 
     590    94.089235   -219.71083  0.048647953   -219.66218    41.703787         1000           10           10           10            0            0            0 
     600    68.897029   -219.68509   0.03562256   -219.64947   -283.24997         1000           10           10           10            0            0            0 
     610    128.02802   -219.70774   0.06619568   -219.64154   -600.03166         1000           10           10           10            0            0            0 
     620    77.648466   -219.66997  0.040147408   -219.62982   -664.25992         1000           10           10           10            0            0            0 
     630    154.08442   -219.70578    0.0796679   -219.62611   -495.33664         1000           10           10           10            0            0            0 
     640    70.771388   -219.65678  0.036591679   -219.62019    29.076481         1000           10           10           10            0            0            0 
     650    168.14551   -219.70897  0.086938053   -219.62203    382.24687         1000           10           10           10            0            0            0 
     660    97.721009   -219.67447  0.050525727   -219.62395    580.19255         1000           10           10           10            0            0            0 
     670    171.94078   -219.72222   0.08890036   -219.63332    429.95028         1000           10           10           10            0            0            0 
     680     141.4876   -219.71541   0.07315483   -219.64226    59.886072         1000           10           10           10            0            0            0 
     690    126.42548   -219.71636  0.065367102     -219.651   -376.15087         1000           10           10           10            0            0            0 
     700    138.31653   -219.72968  0.071515261   -219.65816    -701.9887         1000           10           10           10            0            0            0 
     710    101.56387   -219.71783  0.052512641   -219.66531   -647.17764         1000           10           10           10            0            0            0 
     720    152.54948   -219.75439  0.078874274   -219.67552   -437.69766         1000           10           10           10            0            0            0 
     730    74.560322   -219.71855  0.038550712      -219.68   -67.540583         1000           10           10           10            0            0            0 
     740    132.80407   -219.75669  0.068665093   -219.68802     213.3664         1000           10           10           10            0            0            0 
     750    69.248005   -219.72592  0.035804029   -219.69011    489.69328         1000           10           10           10            0            0            0 
     760    103.02395    -219.7472  0.053267563   -219.69393    512.77609         1000           10           10           10            0            0            0 
     770    89.219084   -219.74212  0.046129887   -219.69599     329.7768         1000           10           10           10            0            0            0 
     780     78.80034   -219.73641  0.040742973   -219.69566   -3.9986271         1000           10           10           10            0            0            0 
     790    89.043585   -219.74079  0.046039147   -219.69476   -332.43494         1000           10           10           10            0            0            0 
     800    61.983355   -219.72499   0.03204791   -219.69294   -466.34555         1000           10           10           10            0            0            0 
     810    109.14603   -219.74934  0.056432927   -219.69291   -518.54905         1000           10           10           10            0            0            0 
     820    50.990459   -219.71572  0.026364136   -219.68935   -327.97333         1000           10           10           10            0            0            0 
     830    107.36455   -219.74572   0.05551183   -219.69021   -76.194941         1000           10           10           10            0            0            0 
     840    60.665232   -219.71849  0.031366387   -219.68712    335.72558         1000           10           10           10            0            0            0 
     850    91.838343   -219.73225   0.04748415   -219.68477     582.3583         1000           10           10           10            0            0            0 
     860    91.995204   -219.73026  0.047565254   -219.68269     613.6327         1000           10           10           10            0            0            0 
     870    71.566794   -219.71587  0.037002937   -219.67887    382.20563         1000           10           10           10            0            0            0 
     880    109.18113   -219.73297  0.056451076   -219.67652    7.8199913         1000           10           10           10            0            0            0 
     890    68.131789   -219.70562    0.0352269    -219.6704   -311.28406         1000           10           10           10            0            0            0 
     900    131.93076   -219.73393  0.068213555   -219.66572   -602.16026         1000           10           10           10            0            0            0 
     910    63.920079   -219.69054  0.033049275   -219.65749   -565.94931         1000           10           10           10            0            0            0 
     920    136.65321   -219.72504  0.070655254   -219.65439   -380.90321         1000           10           10           10            0            0            0 
     930    92.013703   -219.69548  0.047574819   -219.64791    132.43224         1000           10           10           10            0            0            0 
     940    140.90054   -219.71491  0.072851295   -219.64206    557.96828         1000           10           10           10            0            0            0 
     950    136.18667   -219.70808  0.070414036   -219.63767     728.3596         1000           10           10           10            0            0            0 
     960    109.23625   -219.69029  0.056479572   -219.63381    561.14422         1000           10           10           10            0            0            0 
     970    157.31407   -219.71448   0.08133776   -219.63314    125.76308         1000           10           10           10            0            0            0 
     980    96.131919   -219.68047  0.049704103   -219.63077   -298.10467         1000           10           10           10            0            0            0 
     990    164.05479   -219.72006  0.084822984   -219.63523   -673.16524         1000           10           10           10            0            0            0 
    1000    78.145703   -219.67858  0.040404499   -219.63818   -625.00747         1000           10           10           10            0            0            0 
Loop time of 14.797 on 1 procs for 1000 steps with 5 atoms

Performance: 11.678 ns/day, 2.055 hours/ns, 67.581 timesteps/s
151.4% CPU use with 1 MPI tasks x no OpenMP threads

MPI task timing breakdown:
Section |  min time  |  avg time  |  max time  |%varavg| %total
---------------------------------------------------------------
Pair    | 14.747     | 14.747     | 14.747     |   0.0 | 99.66
Neigh   | 0.00042129 | 0.00042129 | 0.00042129 |   0.0 |  0.00
Comm    | 0.0027168  | 0.0027168  | 0.0027168  |   0.0 |  0.02
Output  | 0.041758   | 0.041758   | 0.041758   |   0.0 |  0.28
Modify  | 0.0034683  | 0.0034683  | 0.0034683  |   0.0 |  0.02
Other   |            | 0.001269   |            |       |  0.01

Nlocal:    5 ave 5 max 5 min
Histogram: 1 0 0 0 0 0 0 0 0 0
Nghost:    112 ave 112 max 112 min
Histogram: 1 0 0 0 0 0 0 0 0 0
Neighs:    0 ave 0 max 0 min
Histogram: 1 0 0 0 0 0 0 0 0 0

Total # of neighbors = 0
Ave neighs/atom = 0
Neighbor list builds = 38
Dangerous builds = 0
Total wall time: 0:00:17
