#       step         max_devi_e         min_devi_e         avg_devi_e         max_devi_f         min_devi_f         avg_devi_f
           0       2.243494e+00       4.722519e-01       9.010043e-01       1.450789e-02       4.519346e-03       8.514292e-03
          10       2.232078e+00       4.530212e-01       8.982077e-01       1.533299e-02       5.895649e-03       1.117512e-02
          20       2.215595e+00       4.606717e-01       8.916033e-01       1.253253e-02       8.823696e-03       1.082330e-02
          30       2.195581e+00       4.694751e-01       8.823982e-01       1.811080e-02       7.628993e-03       1.057384e-02
          40       2.175879e+00       4.606431e-01       8.747418e-01       1.496272e-02       4.767560e-03       9.178576e-03
          50       2.170380e+00       4.404673e-01       8.747697e-01       2.336429e-02       8.353747e-03       1.443338e-02
          60       2.173748e+00       4.328959e-01       8.777942e-01       3.782524e-02       1.181219e-02       2.109476e-02
          70       2.202312e+00       4.508890e-01       8.873273e-01       1.654028e-02       5.096819e-03       1.037682e-02
          80       2.222700e+00       4.679243e-01       8.942121e-01       2.267141e-02       6.875002e-03       1.165463e-02
          90       2.242777e+00       4.639394e-01       9.035559e-01       2.988471e-02       4.129222e-03       1.448420e-02
         100       2.234240e+00       4.461654e-01       9.024768e-01       4.001372e-02       1.388681e-02       2.495758e-02
         110       2.222628e+00       4.434930e-01       8.979125e-01       2.788446e-02       9.550086e-03       1.744878e-02
         120       2.194609e+00       4.549719e-01       8.845827e-01       2.840435e-02       1.041334e-02       1.663728e-02
         130       2.168626e+00       4.673823e-01       8.734282e-01       1.047547e-02       7.741415e-03       8.546177e-03
         140       2.148264e+00       4.293833e-01       8.668326e-01       4.807206e-02       7.185443e-03       2.225041e-02
         150       2.148295e+00       4.224073e-01       8.663657e-01       5.682042e-02       1.104234e-02       2.723636e-02
         160       2.188073e+00       4.767618e-01       8.776966e-01       8.796490e-03       6.121550e-03       7.326640e-03
         170       2.217009e+00       5.066417e-01       8.877069e-01       3.145581e-02       8.816893e-03       1.615257e-02
         180       2.244020e+00       4.835555e-01       8.992174e-01       1.395725e-02       5.150193e-03       9.512183e-03
         190       2.232635e+00       4.568616e-01       8.958508e-01       2.589974e-02       6.067307e-03       1.409545e-02
         200       2.225756e+00       4.938288e-01       8.921431e-01       9.194516e-03       4.891662e-03       6.732921e-03
         210       2.200273e+00       4.936146e-01       8.816440e-01       2.237333e-02       7.490004e-03       1.280161e-02
         220       2.187268e+00       4.853145e-01       8.769646e-01       6.379123e-03       4.887773e-03       5.926264e-03
         230       2.172748e+00       4.742536e-01       8.719572e-01       1.878095e-02       6.129750e-03       9.203297e-03
         240       2.175194e+00       4.730578e-01       8.729479e-01       1.804026e-02       6.913721e-03       9.809252e-03
         250       2.196071e+00       4.866232e-01       8.804885e-01       1.038200e-02       4.004409e-03       6.297202e-03
         260       2.212818e+00       4.765444e-01       8.873152e-01       1.491993e-02       5.871651e-03       1.007972e-02
         270       2.235509e+00       4.772697e-01       8.969981e-01       9.787273e-03       5.765692e-03       7.850264e-03
         280       2.237220e+00       4.795955e-01       8.985183e-01       1.574149e-02       5.697388e-03       1.112242e-02
         290       2.241651e+00       4.774291e-01       8.999940e-01       8.704075e-03       5.793503e-03       7.309681e-03
         300       2.223017e+00       4.663119e-01       8.924852e-01       1.041621e-02       6.614799e-03       9.404278e-03
         310       2.205579e+00       4.463117e-01       8.869345e-01       1.726142e-02       6.754283e-03       1.108872e-02
         320       2.181264e+00       4.329817e-01       8.790698e-01       3.011918e-02       6.424784e-03       1.678422e-02
         330       2.167256e+00       4.342979e-01       8.737002e-01       2.960111e-02       9.494636e-03       1.809003e-02
         340       2.182259e+00       4.386993e-01       8.786717e-01       3.657958e-02       5.675177e-03       1.728114e-02
         350       2.193601e+00       4.329772e-01       8.837570e-01       3.252994e-02       7.906250e-03       1.908583e-02
         360       2.226859e+00       4.194320e-01       8.989640e-01       4.392733e-02       7.191873e-03       2.226798e-02
         370       2.233190e+00       4.122800e-01       9.027383e-01       5.094825e-02       1.056204e-02       2.748313e-02
         380       2.251336e+00       4.334315e-01       9.075908e-01       3.308233e-02       6.010874e-03       1.737652e-02
         390       2.222493e+00       4.499828e-01       8.943872e-01       3.621056e-02       9.178470e-03       2.219413e-02
         400       2.201096e+00       4.379021e-01       8.862340e-01       2.781777e-02       7.949269e-03       1.785382e-02
         410       2.170686e+00       4.278100e-01       8.738750e-01       3.654261e-02       7.955461e-03       1.934576e-02
         420       2.150169e+00       4.588982e-01       8.626930e-01       1.686100e-02       1.054809e-02       1.396825e-02
         430       2.158306e+00       4.851348e-01       8.651293e-01       1.704610e-02       5.377749e-03       8.134748e-03
         440       2.178330e+00       4.585029e-01       8.737812e-01       4.090257e-02       1.112983e-02       1.986364e-02
         450       2.223194e+00       5.064447e-01       8.902220e-01       8.875951e-03       6.694874e-03       7.702192e-03
         460       2.232393e+00       5.263427e-01       8.935020e-01       2.760893e-02       8.718437e-03       1.459705e-02
         470       2.243634e+00       4.988429e-01       8.988313e-01       6.552249e-03       4.702679e-03       5.419449e-03
         480       2.223298e+00       4.635303e-01       8.917923e-01       1.911952e-02       7.933603e-03       1.112474e-02
         490       2.213465e+00       4.768850e-01       8.871827e-01       9.814095e-03       4.924661e-03       6.815497e-03
         500       2.195448e+00       5.018615e-01       8.792737e-01       8.983680e-03       3.305238e-03       5.646141e-03
         510       2.182653e+00       4.979234e-01       8.743663e-01       1.423441e-02       5.427221e-03       7.980221e-03
         520       2.179933e+00       4.713074e-01       8.742411e-01       7.831519e-03       2.559330e-03       4.992724e-03
         530       2.181195e+00       4.572059e-01       8.754918e-01       2.156528e-02       6.113058e-03       1.170322e-02
         540       2.205448e+00       4.806598e-01       8.843641e-01       8.727577e-03       5.144954e-03       6.803037e-03
         550       2.217340e+00       4.976190e-01       8.889346e-01       1.971044e-02       7.247058e-03       1.223603e-02
         560       2.240117e+00       4.833540e-01       8.990049e-01       8.940455e-03       4.592592e-03       6.546368e-03
         570       2.236850e+00       4.581974e-01       8.991020e-01       2.046974e-02       6.641671e-03       1.197510e-02
         580       2.231276e+00       4.581378e-01       8.968364e-01       1.494542e-02       4.332448e-03       9.235734e-03
         590       2.209086e+00       4.676977e-01       8.879913e-01       2.392928e-02       5.019988e-03       1.296236e-02
         600       2.183167e+00       4.598226e-01       8.788288e-01       4.298088e-02       6.471626e-03       2.101774e-02
         610       2.172739e+00       4.421471e-01       8.761057e-01       2.427795e-02       6.564641e-03       1.460187e-02
         620       2.155482e+00       4.312703e-01       8.702201e-01       3.178112e-02       1.268501e-02       2.133537e-02
         630       2.179696e+00       4.396025e-01       8.793755e-01       3.622969e-02       6.680935e-03       1.881531e-02
         640       2.189301e+00       4.447387e-01       8.832814e-01       4.677398e-02       1.359404e-02       2.906845e-02
         650       2.234435e+00       4.500458e-01       9.007941e-01       3.482808e-02       5.245529e-03       1.677629e-02
         660       2.233663e+00       4.626843e-01       8.986337e-01       3.795979e-02       1.134005e-02       1.975068e-02
         670       2.235106e+00       4.730639e-01       8.977541e-01       1.404905e-02       4.343850e-03       8.527146e-03
         680       2.202483e+00       4.692483e-01       8.840693e-01       2.201383e-02       4.733025e-03       1.320753e-02
         690       2.178477e+00       4.769983e-01       8.733093e-01       2.254439e-02       8.354802e-03       1.375087e-02
         700       2.165443e+00       4.998557e-01       8.671330e-01       1.377344e-02       7.730434e-03       9.504234e-03
         710       2.159054e+00       5.128790e-01       8.643304e-01       2.738584e-02       6.776229e-03       1.364639e-02
         720       2.186624e+00       5.102989e-01       8.751776e-01       4.892255e-03       3.233566e-03       3.959802e-03
         730       2.198356e+00       5.052664e-01       8.798457e-01       2.782332e-02       7.937414e-03       1.413632e-02
         740       2.228259e+00       5.274084e-01       8.917862e-01       7.467111e-03       4.529857e-03       5.417078e-03
         750       2.232522e+00       5.001121e-01       8.938623e-01       1.932632e-02       4.713366e-03       1.184690e-02
         760       2.242854e+00       5.161634e-01       8.977190e-01       7.632030e-03       4.524969e-03       6.149483e-03
         770       2.231706e+00       5.369868e-01       8.930839e-01       1.138553e-02       3.958472e-03       7.054846e-03
         780       2.211064e+00       5.221810e-01       8.850635e-01       1.439034e-02       4.903653e-03       8.541187e-03
         790       2.190977e+00       4.743104e-01       8.780574e-01       1.097648e-02       5.793844e-03       7.411708e-03
         800       2.174168e+00       4.543188e-01       8.720478e-01       2.840858e-02       6.248166e-03       1.261572e-02
         810       2.182957e+00       4.840915e-01       8.745936e-01       5.084824e-03       2.716348e-03       3.908822e-03
         820       2.184602e+00       5.012674e-01       8.751178e-01       2.205914e-02       7.365142e-03       1.276442e-02
         830       2.210342e+00       4.822977e-01       8.860605e-01       8.336594e-03       4.084443e-03       5.867982e-03
         840       2.222925e+00       4.486424e-01       8.924596e-01       2.456580e-02       8.276386e-03       1.426680e-02
         850       2.244549e+00       4.598330e-01       9.006405e-01       1.198873e-02       6.792238e-03       8.983023e-03
         860       2.249165e+00       4.863832e-01       9.017014e-01       1.077671e-02       3.684065e-03       6.881491e-03
         870       2.232323e+00       4.774098e-01       8.953166e-01       1.914129e-02       3.466364e-03       9.630548e-03
         880       2.211468e+00       4.438785e-01       8.885928e-01       1.818284e-02       6.392300e-03       1.108707e-02
         890       2.179725e+00       4.262465e-01       8.770749e-01       3.216790e-02       6.973615e-03       1.679934e-02
         900       2.175681e+00       4.400826e-01       8.745251e-01       2.719132e-02       2.826773e-03       1.264995e-02
         910       2.161354e+00       4.492704e-01       8.683296e-01       3.962387e-02       8.284284e-03       2.213233e-02
         920       2.187502e+00       4.399021e-01       8.795915e-01       2.463116e-02       5.912964e-03       1.418718e-02
         930       2.205158e+00       4.259926e-01       8.880906e-01       4.259131e-02       5.066960e-03       2.258203e-02
         940       2.238399e+00       4.380683e-01       9.006330e-01       2.622623e-02       6.425092e-03       1.558657e-02
         950       2.249944e+00       4.523653e-01       9.041889e-01       2.709452e-02       1.028453e-02       1.437934e-02
         960       2.236525e+00       4.492245e-01       8.991897e-01       3.674140e-02       1.330533e-02       1.906487e-02
         970       2.215097e+00       4.512502e-01       8.915737e-01       2.103865e-02       6.154862e-03       1.443888e-02
         980       2.172140e+00       4.557043e-01       8.750630e-01       2.790154e-02       1.444360e-02       1.958083e-02
         990       2.168574e+00       4.644146e-01       8.726485e-01       1.058894e-02       6.257876e-03       7.521248e-03
        1000       2.156113e+00       4.677212e-01       8.672570e-01       3.850952e-02       1.690748e-02       2.223162e-02
