2019-09-01 09:01:15.709477: I tensorflow/core/platform/cpu_feature_guard.cc:141] Your CPU supports instructions that this TensorFlow binary was not compiled to use: AVX AVX2 FMA
2019-09-01 09:01:15.963432: I tensorflow/core/common_runtime/gpu/gpu_device.cc:1432] Found device 0 with properties: 
name: GeForce RTX 2080 Ti major: 7 minor: 5 memoryClockRate(GHz): 1.635
pciBusID: 0000:0a:00.0
totalMemory: 10.73GiB freeMemory: 10.53GiB
2019-09-01 09:01:16.091930: I tensorflow/core/common_runtime/gpu/gpu_device.cc:1432] Found device 1 with properties: 
name: GeForce RTX 2080 Ti major: 7 minor: 5 memoryClockRate(GHz): 1.635
pciBusID: 0000:0b:00.0
totalMemory: 10.73GiB freeMemory: 10.53GiB
2019-09-01 09:01:16.217912: I tensorflow/stream_executor/cuda/cuda_gpu_executor.cc:964] successful NUMA node read from SysFS had negative value (-1), but there must be at least one NUMA node, so returning NUMA node zero
2019-09-01 09:01:16.219093: I tensorflow/core/common_runtime/gpu/gpu_device.cc:1432] Found device 2 with properties: 
name: GeForce RTX 2080 Ti major: 7 minor: 5 memoryClockRate(GHz): 1.635
pciBusID: 0000:42:00.0
totalMemory: 10.73GiB  >>> Info of model(s):
  using   4 model(s): ../graph.002.pb ../graph.000.pb ../graph.003.pb ../graph.001.pb 
  rcut in model:      5
  ntypes in model:    2
Neighbor list info ...
  update every 1 steps, delay 10 steps, check yes
  max neighbors/atom: 2000, page size: 100000
  master list distance cutoff = 6
  ghost atom cutoff = 6
  binsize = 3, bins = 4 4 4
  1 neighbor lists, perpetual/occasional/extra = 1 0 0
  (1) pair deepmd, perpetual
      attributes: , newton on
      pair build: full/bin/atomonly
      stencil: full/bin/3d
      bin: standard
Setting up Verlet run ...
  Unit style    : metal
  Current step  : 0
  Time step     : 0.002
Per MPI rank memory allocation (min/avg/max) = 3.934 | 3.934 | 3.934 Mbytes
Step Temp PotEng KinEng TotEng Press Volume Lx Ly Lz Xy Xz Yz 
       0          100   -219.70864  0.051704058   -219.65693   -1472.4985         1000           10           10           10            0            0            0 
      10    82.202867   -219.69369  0.042502218   -219.65119   -1995.0004         1000           10           10           10            0            0            0 
      20    50.706956   -219.67861  0.026217554   -219.65239   -1771.5812         1000           10           10           10            0            0            0 
      30    121.28284   -219.72289  0.062708149   -219.66018   -1092.9966         1000           10           10           10            0            0            0 
      40    147.44752   -219.74164  0.076236353   -219.66541   -38.762225         1000           10           10           10            0            0            0 
      50    100.36761   -219.71234   0.05189413   -219.66045    1164.3549         1000           10           10           10            0            0            0 
      60    71.992645   -219.68722  0.037223119   -219.64999    1943.2809         1000           10           10           10            0            0            0 
      70    84.507676   -219.69272  0.043693898   -219.64902    2000.9337         1000           10           10           10            0            0            0 
      80    139.06502   -219.72979  0.071902257   -219.65789    1318.8729         1000           10           10           10            0            0            0 
      90    111.66734   -219.71795  0.057736547   -219.66021    211.75789         1000           10           10           10            0            0            0 
     100    135.03776   -219.72558  0.069820004   -219.65576   -979.33463         1000           10           10           10            0            0            0 
     110    83.483403   -219.68863  0.043164307   -219.64546   -1835.1121         1000           10           10           10            0            0            0 
     120    94.347323   -219.68899  0.048781395   -219.64021   -2143.6277         1000           10           10           10            0            0            0 
     130    91.765549    -219.6903  0.047446513   -219.64285   -1652.8291         1000           10           10           10            0            0            0 
     140     125.3497   -219.71175  0.064810884   -219.64694   -695.04778         1000           10           10           10            0            0            0 
     150    180.34765   -219.74317  0.093247054   -219.64992    522.22245         1000           10           10           10            0            0            0 
     160    115.38679   -219.69733  0.059659654   -219.63767    1718.9715         1000           10           10           10            0            0            0 
     170    80.435607   -219.66919  0.041588473    -219.6276    2266.5093         1000           10           10           10            0            0            0 
     180    103.23374   -219.68701  0.053376032   -219.63364    1918.6063         1000           10           10           10            0            0            0 
     190    175.59321   -219.73665  0.090788813   -219.64586    867.27385         1000           10           10           10            0            0            0 
     200    126.90046    -219.7127  0.065612688   -219.64709   -346.89107         1000           10           10           10            0            0            0 
     210    118.24367   -219.70618  0.061136774   -219.64504   -1458.3774         1000           10           10           10            0            0            0 
     220    66.917057   -219.67678  0.034598834   -219.64218    -2041.223         1000           10           10           10            0            0            0 
     230    85.480487   -219.69447  0.044196881   -219.65028   -1961.8549         1000           10           10           10            0            0            0 
     240    111.52623   -219.72162  0.057663584   -219.66395   -1210.5283         1000           10           10           10            0            0            0 
     250    96.601875   -219.72349   0.04994709   -219.67354   -99.270765         1000           10           10           10            0            0            0 
     260    111.15605   -219.73534  0.057472191   -219.67787    953.54082         1000           10           10           10            0            0            0 
     270    69.815745   -219.71109  0.036097573     -219.675    1662.1154         1000           10           10           10            0            0            0 
     280    57.196712   -219.70685  0.029573021   -219.67727    1797.9802         1000           10           10           10            0            0            0 
     290    53.681634    -219.7139  0.027755583   -219.68615    1334.3198         1000           10           10           10            0            0            0 
     300    100.58878    -219.7478  0.052008483   -219.69579    394.69794         1000           10           10           10            0            0            0 
     310    79.765569   -219.73747  0.041242036   -219.69623   -562.06839         1000           10           10           10            0            0            0 
     320    54.742143    -219.7214  0.028303909    -219.6931   -1308.6906         1000           10           10           10            0            0            0 
     330    39.546483   -219.71082  0.020447137   -219.69038   -1647.2273         1000           10           10           10            0            0            0 
     340    45.531177   -219.71526  0.023541466   -219.69172   -1483.3084         1000           10           10           10            0            0            0 
     350    87.341109   -219.74075  0.045158897   -219.69559   -894.27611         1000           10           10           10            0            0            0 
     360    81.133364   -219.73643  0.041949242   -219.69448    44.402346         1000           10           10           10            0            0            0 
     370    85.659363   -219.72923  0.044289367   -219.68494    1038.3761         1000           10           10           10            0            0            0 
     380    70.122227   -219.70332  0.036256037   -219.66707    1816.7471         1000           10           10           10            0            0            0 
     390    93.953523   -219.69964  0.048577784   -219.65106    2031.8062         1000           10           10           10            0            0            0 
     400    101.29131   -219.69591   0.05237172   -219.64354    1508.5233         1000           10           10           10            0            0            0 
     410    180.46865   -219.73287  0.093309614   -219.63956    264.61539         1000           10           10           10            0            0            0 
     420    170.95979   -219.71267  0.088393151   -219.62428   -1079.3433         1000           10           10           10            0            0            0 
     430    103.19809   -219.66126  0.053357599   -219.60791   -2071.8441         1000           10           10           10            0            0            0 
     440    117.68152   -219.66204  0.060846122   -219.60119   -2437.8048         1000           10           10           10            0            0            0 
     450    106.85223   -219.66327  0.055246941   -219.60802    -1858.818         1000           10           10           10            0            0            0 
     460    174.82451   -219.71238  0.090391367   -219.62199   -786.20589         1000           10           10           10            0            0            0 
     470    173.36813   -219.72149  0.089638358   -219.63185    630.88121         1000           10           10           10            0            0            0 
     480    123.81504   -219.69044  0.064017402   -219.62642    1793.6585         1000           10           10           10            0            0            0 
     490    65.791058   -219.65972  0.034016647   -219.62571    2285.5642         1000           10           10           10            0            0            0 
     500    112.01319   -219.69893  0.057915363   -219.64102    1864.8786         1000           10           10           10            0            0            0 
     510    113.97563   -219.71714  0.058930025   -219.65821    859.26906         1000           10           10           10            0            0            0 
     520    122.10836   -219.73087  0.063134976   -219.66774   -310.54999         1000           10           10           10            0            0            0 
     530    81.210862   -219.70905  0.041989311   -219.66707   -1294.1362         1000           10           10           10            0            0            0 
     540    40.772645   -219.68821  0.021081112   -219.66713   -1790.1876         1000           10           10           10            0            0            0 
     550    65.192905   -219.70614  0.033707377   -219.67243   -1755.5037         1000           10           10           10            0            0            0 
     560    69.067325   -219.71604   0.03571061   -219.68033   -1108.8727         1000           10           10           10            0            0            0 
     570    98.042549   -219.73734  0.050691976   -219.68664   -174.91541         1000           10           10           10            0            0            0 
     580    80.019363   -219.72631  0.041373258   -219.68494    856.64975         1000           10           10           10            0            0            0 
     590    78.383124   -219.71885  0.040527256   -219.67832    1614.1945         1000           10           10           10            0            0            0 
     600    46.333904   -219.69666  0.023956508    -219.6727    1882.2873         1000           10           10           10            0            0            0 
     610    72.913469    -219.7137  0.037699222     -219.676    1483.8161         1000           10           10           10            0            0            0 
     620    107.10172    -219.7356  0.055375934   -219.68022    539.48346         1000           10           10           10            0            0            0 
     630    100.88611   -219.72804  0.052162213   -219.67588   -547.79781         1000           10           10           10            0            0            0 
     640    85.320759    -219.7104  0.044114295   -219.66628   -1467.4026         1000           10           10           10            0            0            0 
     650    37.403105   -219.67666  0.019338923   -219.65732   -1878.4914         1000           10           10           10            0            0            0 
     660    79.241586   -219.69795  0.040971116   -219.65698   -1756.8412         1000           10           10           10            0            0            0 
     670    107.98337   -219.71769  0.055831784   -219.66186   -985.45773         1000           10           10           10            0            0            0 
     680    129.29462   -219.73213  0.066850567   -219.66528    129.32076         1000           10           10           10            0            0            0 
     690    90.569992     -219.705  0.046828361   -219.65817    1301.7267         1000           10           10           10            0            0            0 
     700    93.252263   -219.69822  0.048215204   -219.65001    2006.6779         1000           10           10           10            0            0            0 
     710     81.72496   -219.69027  0.042255121   -219.64801    2038.5412         1000           10           10           10            0            0            0 
     720    92.226817   -219.70327  0.047685007   -219.65559    1379.5851         1000           10           10           10            0            0            0 
     730    138.71507   -219.73372  0.071721319     -219.662    222.29299         1000           10           10           10            0            0            0 
     740    105.21198   -219.71152  0.054398863   -219.65712   -931.70546         1000           10           10           10            0            0            0 
     750    94.549711   -219.69864  0.048886037   -219.64976   -1789.2329         1000           10           10           10            0            0            0 
     760    38.236511   -219.66496  0.019769828   -219.64519   -1938.6472         1000           10           10           10            0            0            0 
     770     83.41074   -219.69336  0.043126737   -219.65024    -1533.918         1000           10           10           10            0            0            0 
     780    129.90514   -219.72529  0.067166228   -219.65812   -585.80741         1000           10           10           10            0            0            0 
     790    129.51369   -219.72658  0.066963836   -219.65962     604.7656         1000           10           10           10            0            0            0 
     800    78.270728   -219.69013  0.040469143   -219.64966    1683.7589         1000           10           10           10            0            0            0 
     810    63.732463   -219.67581   0.03295227   -219.64286    2142.2428         1000           10           10           10            0            0            0 
     820    105.48266   -219.70356  0.054538814   -219.64902     1829.886         1000           10           10           10            0            0            0 
     830    109.44143   -219.71537  0.056585658   -219.65879     940.0689         1000           10           10           10            0            0            0 
     840    131.55003   -219.72937  0.068016703   -219.66135   -280.68498         1000           10           10           10            0            0            0 
     850    79.248189   -219.69646   0.04097453   -219.65548   -1297.0162         1000           10           10           10            0            0            0 
     860    85.368454   -219.69433  0.044138955   -219.65019   -1984.4271         1000           10           10           10            0            0            0 
     870    54.692803   -219.67869  0.028278399   -219.65042   -1883.7721         1000           10           10           10            0            0            0 
     880    82.475081   -219.70065  0.042642964   -219.65801   -1210.1178         1000           10           10           10            0            0            0 
     890    121.20939   -219.72783  0.062670174   -219.66516   -207.59092         1000           10           10           10            0            0            0 
     900    112.52738   -219.72299   0.05818122   -219.66481    927.47221         1000           10           10           10            0            0            0 
     910    75.329766    -219.6961  0.038948546   -219.65715    1799.4593         1000           10           10           10            0            0            0 
     920    41.257659   -219.67597  0.021331884   -219.65464    2024.3973         1000           10           10           10            0            0            0 
     930    106.32853   -219.72065  0.054976164   -219.66568    1466.9824         1000           10           10           10            0            0            0 
     940    106.44008   -219.72853  0.055033843    -219.6735    474.30269         1000           10           10           10            0            0            0 
     950     114.8579   -219.73233  0.059386195   -219.67294   -656.22171         1000           10           10           10            0            0            0 
     960    59.292338   -219.69716  0.030656545    -219.6665   -1490.6414         1000           10           10           10            0            0            0 
     970    61.377184   -219.69381  0.031734495   -219.66207   -1939.0127         1000           10           10           10            0            0            0 
     980    74.026897   -219.70163   0.03827491   -219.66335   -1745.1779         1000           10           10           10            0            0            0 
     990    81.675925   -219.70975  0.042229768   -219.66752    -949.0617         1000           10           10           10            0            0            0 
    1000    113.50406   -219.72819  0.058686203    -219.6695    86.237437         1000           10           10           10            0            0            0 
    1010    104.56303    -219.7164  0.054063331   -219.66233     1180.288         1000           10           10           10            0            0            0 
    1020    92.913297   -219.69831  0.048039945   -219.65027    1922.7028         1000           10           10           10            0            0            0 
    1030     49.88106   -219.66863  0.025790532   -219.64284    2035.1504         1000           10           10           10            0            0            0 
    1040    140.29158   -219.72298  0.072536439   -219.65044    1290.8359         1000           10           10           10            0            0            0 
    1050    150.00899    -219.7274  0.077560734   -219.64984    30.654491         1000           10           10           10            0            0            0 
    1060    164.51078   -219.72306  0.085058749     -219.638   -1242.0084         1000           10           10           10            0            0            0 
    1070    99.627488   -219.67061  0.051511454    -219.6191   -2137.3328         1000           10           10           10            0            0            0 
    1080    74.649876   -219.64594  0.038597015   -219.60734   -2373.9067         1000           10           10           10            0            0            0 
    1090    174.64515   -219.70152  0.090298631   -219.61122    -1914.714         1000           10           10           10            0            0            0 
    1100    186.02372   -219.71299  0.096181811   -219.61681   -704.86315         1000           10           10           10            0            0            0 
    1110    184.25683   -219.71442  0.095268258   -219.61915    771.79388         1000           10           10           10            0            0            0 
    1120    135.97924   -219.68049  0.070306787   -219.61018    1958.6108         1000           10           10           10            0            0            0 
    1130    146.32304   -219.68827  0.075654952   -219.61262    2358.6914         1000           10           10           10            0            0            0 
    1140    103.02666   -219.68349  0.053268966   -219.63022    1914.3835         1000           10           10           10            0            0            0 
    1150    157.59208   -219.73743  0.081481501   -219.65595    761.99622         1000           10           10           10            0            0            0 
    1160    123.81268   -219.73104   0.06401618   -219.66703   -481.88474         1000           10           10           10            0            0            0 
    1170    93.818747   -219.72136  0.048508099   -219.67285   -1409.7216         1000           10           10           10            0            0            0 
    1180    66.685885   -219.71038  0.034479309    -219.6759   -1834.4337         1000           10           10           10            0            0            0 
    1190    41.914091   -219.70423  0.021671286   -219.68256   -1648.6851         1000           10           10           10            0            0            0 
    1200    86.401152   -219.73666  0.044672902   -219.69198   -1059.1259         1000           10           10           10            0            0            0 
    1210    92.682449   -219.74535  0.047920587   -219.69743   -149.12089         1000           10           10           10            0            0            0 
    1220     92.64532   -219.74472   0.04790139   -219.69682    831.40165         1000           10           10           10            0            0            0 
    1230    44.421737   -219.71196   0.02296784   -219.68899    1565.0838         1000           10           10           10            0            0            0 
    1240    65.288504   -219.72023  0.033756806   -219.68647    1729.9946         1000           10           10           10            0            0            0 
    1250    76.905865   -219.72856  0.039763453   -219.68879    1338.2855         1000           10           10           10            0            0            0 
    1260    96.535464   -219.74048  0.049912752   -219.69056    468.95995         1000           10           10           10            0            0            0 
    1270    108.08327   -219.74136  0.055883434   -219.68548    -579.6719         1000           10           10           10            0            0            0 
    1280    69.958014   -219.70965  0.036171132   -219.67348   -1472.4549         1000           10           10           10            0            0            0 
    1290    83.101318   -219.70503  0.042966754   -219.66206   -2012.2955         1000           10           10           10            0            0            0 
    1300    69.479083    -219.6926  0.035923505   -219.65668   -1817.5998         1000           10           10           10            0            0            0 
    1310    117.29357   -219.71743  0.060645533   -219.65679    -1073.154         1000           10           10           10            0            0            0 
    1320    147.56241   -219.73273  0.076295753   -219.65643      70.1259         1000           10           10           10            0            0            0 
    1330    158.80526   -219.73104  0.082108766   -219.64893    1286.2887         1000           10           10           10            0            0            0 
    1340    78.869105   -219.67286  0.040778528   -219.63208    2186.0075         1000           10           10           10            0            0            0 
    1350    99.572499   -219.68102  0.051483023   -219.62954    2201.7975         1000           10           10           10            0            0            0 
    1360    158.82081   -219.72293  0.082116801   -219.64082     1381.948         1000           10           10           10            0            0            0 
    1370    158.24901   -219.72775  0.081821161   -219.64593    98.245529         1000           10           10           10            0            0            0 
    1380     163.6339   -219.72659  0.084605364   -219.64198    -1188.406         1000           10           10           10            0            0            0 
    1390    71.272351    -219.6708  0.036850698   -219.63395   -1976.3513         1000           10           10           10            0            0            0 
    1400    94.902698   -219.68237  0.049068546    -219.6333   -2260.0672         1000           10           10           10            0            0            0 
    1410    115.50752   -219.70203  0.059722077    -219.6423   -1736.5084         1000           10           10           10            0            0            0 
    1420    143.05448   -219.72705  0.073964972   -219.65309   -696.18097         1000           10           10           10            0            0            0 
    1430    125.44411   -219.72181  0.064859696   -219.65695    625.39868         1000           10           10           10            0            0            0 
    1440    120.27082   -219.71221  0.062184896   -219.65002    1651.6452         1000           10           10           10            0            0            0 
    1450    84.996562   -219.68791  0.043946672   -219.64396    2114.3207         1000           10           10           10            0            0            0 
    1460    74.604769   -219.68861  0.038573693   -219.65003    1807.2497         1000           10           10           10            0            0            0 
    1470    127.91732   -219.72882  0.066138446   -219.66269    792.66518         1000           10           10           10            0            0            0 
    1480    112.09183   -219.72359  0.057956025   -219.66563   -361.24594         1000           10           10           10            0            0            0 
    1490    110.16857   -219.71952   0.05696162   -219.66256   -1404.8357         1000           10           10           10            0            0            0 
    1500      44.5557   -219.68118  0.023037105   -219.65815    -1906.683         1000           10           10           10            0            0            0 
    1510     60.74675   -219.69367  0.031408535   -219.66226     -1858.07         1000           10           10           10            0            0            0 
    1520    94.098031   -219.72024    0.0486525   -219.67159   -1220.3436         1000           10           10           10            0            0            0 
    1530    119.92114   -219.74192  0.062004094   -219.67991   -213.11886         1000           10           10           10            0            0            0 
    1540    87.363897   -219.72462   0.04517068   -219.67945    925.31543         1000           10           10           10            0            0            0 
    1550    56.907931    -219.7032   0.02942371   -219.67378    1689.5254         1000           10           10           10            0            0            0 
    1560    73.994709   -219.71358  0.038258267   -219.67532    1829.3398         1000           10           10           10            0            0            0 
    1570    57.221139   -219.71173  0.029585651   -219.68214    1414.1105         1000           10           10           10            0            0            0 
    1580    93.744049   -219.74035  0.048469477   -219.69188    499.21818         1000           10           10           10            0            0            0 
    1590    75.264946   -219.73208  0.038915031   -219.69316   -500.43634         1000           10           10           10            0            0            0 
    1600    70.687147   -219.72715  0.036548123    -219.6906   -1331.1628         1000           10           10           10            0            0            0 
    1610    40.674388   -219.70867  0.021030309   -219.68764   -1694.3223         1000           10           10           10            0            0            0 
    1620     40.24224   -219.71003  0.020806871   -219.68923   -1543.7229         1000           10           10           10            0            0            0 
    1630    77.025212   -219.73346   0.03982516   -219.69363   -958.57808         1000           10           10           10            0            0            0 
    1640    99.436619   -219.74663  0.051412767   -219.69521   -55.270487         1000           10           10           10            0            0            0 
    1650    93.979273   -219.73786  0.048591098   -219.68927     970.7945         1000           10           10           10            0            0            0 
    1660    45.878274   -219.69769   0.02372093   -219.67397    1798.6593         1000           10           10           10            0            0            0 
    1670     88.82357   -219.71049   0.04592539   -219.66457    1978.5223         1000           10           10           10            0            0            0 
    1680    100.17194   -219.71252  0.051792959   -219.66073    1502.0447         1000           10           10           10            0            0            0 
    1690    155.04156   -219.73789  0.080162779   -219.65773     422.2739         1000           10           10           10            0            0            0 
    1700    129.32535    -219.7097  0.066866454   -219.64283   -851.77104         1000           10           10           10            0            0            0 
    1710    105.59052   -219.68089  0.054594582   -219.62629   -1908.4432         1000           10           10           10            0            0            0 
    1720    109.51976   -219.67084  0.056626159   -219.61422   -2405.2887         1000           10           10           10            0            0            0 
    1730    99.928377   -219.66608  0.051667026   -219.61442   -1985.9436         1000           10           10           10            0            0            0 
    1740    169.81998   -219.71161  0.087803821   -219.62381   -960.25662         1000           10           10           10            0            0            0 
    1750    180.76007   -219.72284  0.093460294   -219.62938    421.75633         1000           10           10           10            0            0            0 
    1760    168.18448   -219.71079  0.086958201   -219.62384     1711.237         1000           10           10           10            0            0            0 
    1770    72.842101   -219.65285  0.037662322   -219.61518    2455.4208         1000           10           10           10            0            0            0 
    1780     112.6526   -219.68404  0.058245965   -219.62579     2217.337         1000           10           10           10            0            0            0 
    1790    125.79875    -219.7103  0.065043057   -219.64525    1248.1363         1000           10           10           10            0            0            0 
    1800    151.91527   -219.73802   0.07854636   -219.65947   -50.188877         1000           10           10           10            0            0            0 
    1810    102.16229   -219.71435   0.05282205   -219.66153   -1154.2235         1000           10           10           10            0            0            0 
    1820    48.957884   -219.68932  0.025313213   -219.66401   -1799.0183         1000           10           10           10            0            0            0 
    1830    60.951536   -219.70311  0.031514417    -219.6716   -1891.1091         1000           10           10           10            0            0            0 
    1840    63.613897   -219.71608  0.032890966   -219.68319   -1345.3831         1000           10           10           10            0            0            0 
    1850    89.652547   -219.73998  0.046354005   -219.69363    -471.1854         1000           10           10           10            0            0            0 
    1860    71.759116   -219.73402  0.037102375   -219.69692    549.23666         1000           10           10           10            0            0            0 
    1870    74.264657   -219.73257  0.038397842   -219.69417    1362.2269         1000           10           10           10            0            0            0 
    1880    38.699482   -219.70949  0.020009203   -219.68948    1781.9416         1000           10           10           10            0            0            0 
    1890    51.368481   -219.71798  0.026559589   -219.69142    1605.5804         1000           10           10           10            0            0            0 
    1900    78.952573   -219.73782  0.040821684     -219.697    895.50706         1000           10           10           10            0            0            0 
    1910     89.36411   -219.74304  0.046204871   -219.69684   -109.01798         1000           10           10           10            0            0            0 
    1920    85.621395   -219.73506  0.044269736   -219.69079   -1071.1527         1000           10           10           10            0            0            0 
    1930    35.068157   -219.70081   0.01813166   -219.68267   -1661.4915         1000           10           10           10            0            0            0 
    1940    47.002853   -219.70394  0.024302382   -219.67964   -1833.1984         1000           10           10           10            0            0            0 
    1950    69.753686   -219.71902  0.036065487   -219.68295   -1390.9031         1000           10           10           10            0            0            0 
    1960    104.21431   -219.74024  0.053883026   -219.68636   -549.01629         1000           10           10           10            0            0            0 
    1970    92.059075   -219.73191  0.047598278   -219.68431    571.30387         1000           10           10           10            0            0            0 
    1980    89.757952   -219.72075  0.046408504   -219.67434    1548.4868         1000           10           10           10            0            0            0 
    1990    66.804496    -219.6978  0.034540635   -219.66326    2061.7672         1000           10           10           10            0            0            0 
    2000    77.338415   -219.70087  0.039987099   -219.66088    1895.3617         1000           10           10           10            0            0            0 
    2010    128.73616   -219.73123  0.066561817   -219.66467    1013.2396         1000           10           10           10            0            0            0 
    2020    119.70776   -219.72109  0.061893772    -219.6592   -190.40743         1000           10           10           10            0            0            0 
    2030    138.86525   -219.71922  0.071798971   -219.64742   -1424.6313         1000           10           10           10            0            0            0 
    2040    70.735281    -219.6676  0.036573011   -219.63102   -2175.0113         1000           10           10           10            0            0            0 
    2050     70.96274   -219.65982  0.036690616   -219.62313   -2305.5717         1000           10           10           10            0            0            0 
    2060    123.41333   -219.69098  0.063809702   -219.62717   -1678.0048         1000           10           10           10            0            0            0 
    2070    190.91799   -219.73169  0.098712348   -219.63297   -538.13767         1000           10           10           10            0            0            0 
    2080    160.88036   -219.71358  0.083181675    -219.6304     915.7905         1000           10           10           10            0            0            0 
    2090     128.1501   -219.68342  0.066258801   -219.61716    2096.9772         1000           10           10           10            0            0            0 
    2100     96.35655   -219.66069  0.049820247   -219.61087    2500.2097         1000           10           10           10            0            0            0 
    2110    107.98618   -219.67996  0.055833236   -219.62413    2027.2575         1000           10           10           10            0            0            0 
    2120    183.07564   -219.73921  0.094657536   -219.64455    774.51851         1000           10           10           10            0            0            0 
    2130    121.79668   -219.71415  0.062973828   -219.65118   -509.45706         1000           10           10           10            0            0            0 
    2140    96.365582   -219.70596  0.049824916   -219.65614   -1541.4361         1000           10           10           10            0            0            0 
    2150    55.403245   -219.69012  0.028645726   -219.66148    -2023.931         1000           10           10           10            0            0            0 
    2160    58.397986   -219.70414  0.030194129   -219.67394   -1835.1265         1000           10           10           10            0            0            0 
    2170    58.996654   -219.71754  0.030503664   -219.68704   -1131.2438         1000           10           10           10            0            0            0 
    2180    88.664571   -219.74323  0.045843181   -219.69739   -206.64431         1000           10           10           10            0            0            0 
    2190    84.383619   -219.74322  0.043629755   -219.69959    780.07763         1000           10           10           10            0            0            0 
    2200    45.724341   -219.71748   0.02364134   -219.69384    1538.1652         1000           10           10           10            0            0            0 
    2210     43.03132    -219.7136  0.022248939   -219.69135    1789.7831         1000           10           10           10            0            0            0 
    2220    43.253101   -219.71666  0.022363608    -219.6943    1453.1877         1000           10           10           10            0            0            0 
    2230    96.855493   -219.74988   0.05007822    -219.6998    610.17732         1000           10           10           10            0            0            0 
    2240     82.21744   -219.73894  0.042509753   -219.69643   -373.17894         1000           10           10           10            0            0            0 
    2250    56.989863   -219.71742  0.029466072   -219.68795    -1250.483         1000           10           10           10            0            0            0 
    2260    44.802095   -219.70211  0.023164501   -219.67894    -1829.077         1000           10           10           10            0            0            0 
    2270    59.299835   -219.70551  0.030660421   -219.67485   -1878.5292         1000           10           10           10            0            0            0 
    2280    78.225182   -219.71651  0.040445594   -219.67606   -1291.6715         1000           10           10           10            0            0            0 
    2290    102.03528   -219.72959   0.05275638   -219.67683   -288.13736         1000           10           10           10            0            0            0 
    2300    127.89355   -219.73914  0.066126156   -219.67301    868.93336         1000           10           10           10            0            0            0 
    2310    76.088328   -219.69829  0.039340753   -219.65895    1842.3623         1000           10           10           10            0            0            0 
    2320    81.621995     -219.694  0.042201884    -219.6518    2193.7699         1000           10           10           10            0            0            0 
    2330    64.718505   -219.68752  0.033462094   -219.65406    1806.0604         1000           10           10           10            0            0            0 
    2340    136.11363   -219.73453  0.070376268   -219.66415    746.80972         1000           10           10           10            0            0            0 
    2350    147.71395   -219.73818  0.076374107   -219.66181   -529.52978         1000           10           10           10            0            0            0 
    2360    81.712288   -219.69414  0.042248569   -219.65189   -1550.4649         1000           10           10           10            0            0            0 
    2370    51.346755   -219.67074  0.026548356    -219.6442   -2142.5978         1000           10           10           10            0            0            0 
    2380    77.543635   -219.68486  0.040093206   -219.64477   -2128.5529         1000           10           10           10            0            0            0 
    2390    128.46547   -219.72008  0.066421859   -219.65365   -1385.2845         1000           10           10           10            0            0            0 
    2400    115.36693   -219.71777  0.059649383   -219.65812   -182.57035         1000           10           10           10            0            0            0 
    2410    135.16758   -219.72611  0.069887124   -219.65623    1056.4022         1000           10           10           10            0            0            0 
    2420    91.679983   -219.69289  0.047402272   -219.64549    2023.8161         1000           10           10           10            0            0            0 
    2430    86.066682   -219.68549  0.044499967   -219.64099    2278.3845         1000           10           10           10            0            0            0 
    2440    84.793889   -219.69295  0.043841881   -219.64911    1798.6667         1000           10           10           10            0            0            0 
    2450    124.60315   -219.72602  0.064424886    -219.6616    654.77382         1000           10           10           10            0            0            0 
    2460    148.01337   -219.73909  0.076528916   -219.66257   -661.58713         1000           10           10           10            0            0            0 
    2470    91.398387   -219.70438  0.047256675   -219.65712   -1623.1932         1000           10           10           10            0            0            0 
    2480    40.265528   -219.67566  0.020818912   -219.65484   -2055.6026         1000           10           10           10            0            0            0 
    2490    52.939057   -219.69022   0.02737164   -219.66285   -1891.4915         1000           10           10           10            0            0            0 
    2500    111.97948   -219.73471  0.057897933   -219.67681   -1200.7507         1000           10           10           10            0            0            0 
    2510    91.184133   -219.73373  0.047145897   -219.68658   -89.216043         1000           10           10           10            0            0            0 
    2520    75.712735   -219.72804  0.039146556    -219.6889     978.6798         1000           10           10           10            0            0            0 
    2530     54.30665   -219.71418  0.028078742   -219.68611    1689.6232         1000           10           10           10            0            0            0 
    2540    53.425128   -219.71552  0.027622959    -219.6879    1821.5513         1000           10           10           10            0            0            0 
    2550    55.092182   -219.72338  0.028484894   -219.69489    1407.3901         1000           10           10           10            0            0            0 
    2560    62.160221   -219.73388  0.032139357   -219.70174    571.52553         1000           10           10           10            0            0            0 
    2570    85.600703   -219.74701  0.044259037   -219.70275   -442.17466         1000           10           10           10            0            0            0 
    2580    62.782286    -219.7294   0.03246099   -219.69694   -1272.2704         1000           10           10           10            0            0            0 
    2590    30.468881   -219.70525  0.015753648    -219.6895   -1728.0501         1000           10           10           10            0            0            0 
    2600    24.888495   -219.69863  0.012868362   -219.68577   -1685.5294         1000           10           10           10            0            0            0 
    2610    87.282346    -219.7309  0.045128515   -219.68577   -1219.2802         1000           10           10           10            0            0            0 
    2620     113.5469   -219.74234  0.058708355   -219.68363   -253.13676         1000           10           10           10            0            0            0 
    2630    94.597861   -219.71956  0.048910933   -219.67065    962.80705         1000           10           10           10            0            0            0 
    2640    77.832584   -219.68851  0.040242604   -219.64827    1969.8568         1000           10           10           10            0            0            0 
    2650    88.198578   -219.67767  0.045602244   -219.63207    2361.9674         1000           10           10           10            0            0            0 
    2660    129.92303   -219.69738  0.067175478   -219.63021    1961.1095         1000           10           10           10            0            0            0 
    2670    138.28629   -219.70635  0.071499625   -219.63485    846.81189         1000           10           10           10            0            0            0 
    2680    165.81774    -219.7176  0.085734499   -219.63187   -595.23493         1000           10           10           10            0            0            0 
    2690    131.48604   -219.68916  0.067983619   -219.62118   -1809.9072         1000           10           10           10            0            0            0 
    2700    88.611893   -219.65849  0.045815944   -219.61267   -2449.3425         1000           10           10           10            0            0            0 
    2710    53.865802   -219.64504  0.027850805   -219.61719   -2179.8007         1000           10           10           10            0            0            0 
    2720    130.13313   -219.69806   0.06728411   -219.63077   -1414.2254         1000           10           10           10            0            0            0 
    2730    181.29519   -219.73878  0.093736972   -219.64504   -193.64485         1000           10           10           10            0            0            0 
    2740    124.07044   -219.70998  0.064149452   -219.64583    1170.6342         1000           10           10           10            0            0            0 
    2750    71.978494   -219.67568  0.037215803   -219.63847    2121.0566         1000           10           10           10            0            0            0 
    2760    69.359635   -219.67763  0.035861746   -219.64177    2276.7865         1000           10           10           10            0            0            0 
    2770    109.91266   -219.71348  0.056829307   -219.65665    1634.6513         1000           10           10           10            0            0            0 
    2780    105.33821   -219.72361  0.054464128   -219.66915    581.92118         1000           10           10           10            0            0            0 
    2790    98.446159   -219.72301  0.050900659   -219.67211   -592.97588         1000           10           10           10            0            0            0 
    2800    74.258381   -219.70854  0.038394596   -219.67014   -1516.2067         1000           10           10           10            0            0            0 
    2810    60.373491   -219.70004  0.031215545   -219.66882   -1973.9812         1000           10           10           10            0            0            0 
    2820     39.66229   -219.69349  0.020507013   -219.67298   -1764.8139         1000           10           10           10            0            0            0 
    2830    75.439195   -219.72122  0.039005125   -219.68221    -1081.748         1000           10           10           10            0            0            0 
    2840    109.70196   -219.74691  0.056720365   -219.69019   -116.41272         1000           10           10           10            0            0            0 
    2850    84.299226   -219.73345  0.043586121   -219.68987    949.35446         1000           10           10           10            0            0            0 
    2860    49.592452   -219.71103   0.02564131   -219.68539    1694.7261         1000           10           10           10            0            0            0 
    2870    31.810094   -219.70382  0.016447109   -219.68738    1816.6335         1000           10           10           10            0            0            0 
    2880    70.132922   -219.73373  0.036261567   -219.69747    1325.4062         1000           10           10           10            0            0            0 
    2890    74.562559   -219.74409  0.038551869   -219.70554    492.58778         1000           10           10           10            0            0            0 
    2900    63.757447   -219.74052  0.032965187   -219.70755   -424.77729         1000           10           10           10            0            0            0 
    2910    48.247293    -219.7303  0.024945808   -219.70536   -1184.6663         1000           10           10           10            0            0            0 
    2920    41.204098   -219.72396  0.021304191   -219.70265   -1604.0561         1000           10           10           10            0            0            0 
    2930    37.059474   -219.72208  0.019161252   -219.70292   -1526.5461         1000           10           10           10            0            0            0 
    2940    49.894354   -219.73097  0.025797406   -219.70518   -994.29853         1000           10           10           10            0            0            0 
    2950    85.601153    -219.7505   0.04425927   -219.70624   -188.92283         1000           10           10           10            0            0            0 
    2960    84.386264    -219.7444  0.043631123   -219.70076    782.33999         1000           10           10           10            0            0            0 
    2970    66.738733   -219.72191  0.034506633    -219.6874    1617.0335         1000           10           10           10            0            0            0 
    2980     41.66866   -219.69572  0.021544388   -219.67418    1985.4468         1000           10           10           10            0            0            0 
    2990    95.842989   -219.72089  0.049554715   -219.67134    1631.0905         1000           10           10           10            0            0            0 
    3000    140.11314    -219.7428  0.072444181   -219.67035    652.28024         1000           10           10           10            0            0            0 
    3010    130.97821   -219.72771  0.067721051   -219.65999   -561.08024         1000           10           10           10            0            0            0 
    3020    99.288993   -219.69586  0.051336438   -219.64452   -1667.7695         1000           10           10           10            0            0            0 
    3030    88.416625   -219.67588  0.045714983   -219.63016   -2345.3637         1000           10           10           10            0            0            0 
    3040    107.34996   -219.68332  0.055504283   -219.62782   -2247.4976         1000           10           10           10            0            0            0 
    3050    119.23619   -219.69427  0.061649947   -219.63262   -1360.7653         1000           10           10           10            0            0            0 
    3060    188.80075   -219.73709  0.097617647   -219.63948   -142.61547         1000           10           10           10            0            0            0 
    3070    159.15606   -219.71896  0.082290144   -219.63667    1274.6259         1000           10           10           10            0            0            0 
    3080    122.30655   -219.68863  0.063237449   -219.62539    2224.2071         1000           10           10           10            0            0            0 
    3090    89.283248   -219.67133  0.046163063   -219.62516    2408.4669         1000           10           10           10            0            0            0 
    3100    125.36891    -219.7057  0.064820813   -219.64088    1702.1024         1000           10           10           10            0            0            0 
    3110    162.83588   -219.73963  0.084192759   -219.65544    388.61896         1000           10           10           10            0            0            0 
    3120    139.33351   -219.73063  0.072041077   -219.65859    -839.1027         1000           10           10           10            0            0            0 
    3130    75.727587   -219.69734  0.039154236   -219.65819   -1729.2794         1000           10           10           10            0            0            0 
    3140    52.298002   -219.69055  0.027040189   -219.66351   -2044.1251         1000           10           10           10            0            0            0 
    3150    80.549164   -219.71802  0.041647186   -219.67638   -1748.9999         1000           10           10           10            0            0            0 
    3160    71.720819    -219.7267  0.037082574   -219.68961   -915.00001         1000           10           10           10            0            0            0 
    3170    93.429494   -219.74836   0.04830684   -219.70006    81.379742         1000           10           10           10            0            0            0 
    3180     68.48356   -219.73668  0.035408779   -219.70127    1017.5193         1000           10           10           10            0            0            0 
    3190    47.565546   -219.72359  0.024593317   -219.69899    1593.7554         1000           10           10           10            0            0            0 
    3200    38.269759   -219.71994  0.019787018   -219.70015    1653.6913         1000           10           10           10            0            0            0 
    3210    49.547284   -219.73112  0.025617956    -219.7055    1192.7565         1000           10           10           10            0            0            0 
    3220    79.065212   -219.75086  0.040879923   -219.70998    342.66608         1000           10           10           10            0            0            0 
    3230    70.452524   -219.74318  0.036426814   -219.70676   -567.81798         1000           10           10           10            0            0            0 
    3240    52.471551    -219.7256  0.027129921   -219.69847   -1332.7967         1000           10           10           10            0            0            0 
    3250    27.047239   -219.70236   0.01398452   -219.68837   -1749.0685         1000           10           10           10            0            0            0 
    3260    63.895536   -219.71329  0.033036585   -219.68025   -1727.9913         1000           10           10           10            0            0            0 
    3270    88.564127   -219.71647  0.045791247   -219.67068   -1103.3247         1000           10           10           10            0            0            0 
    3280    132.81571   -219.72471  0.068671111   -219.65603   -15.096789         1000           10           10           10            0            0            0 
    3290    152.29264   -219.71598  0.078741474   -219.63724    1314.7714         1000           10           10           10            0            0            0 
    3300    106.29182   -219.67011  0.054957187   -219.61515    2340.1416         1000           10           10           10            0            0            0 
    3310    98.259302      -219.66  0.050804046    -219.6092    2534.0663         1000           10           10           10            0            0            0 
    3320     133.6769   -219.69005  0.069116383   -219.62093    1834.4162         1000           10           10           10            0            0            0 
    3330    188.11943   -219.73142  0.097265378   -219.63416    489.83084         1000           10           10           10            0            0            0 
    3340    148.25316   -219.70932  0.076652902   -219.63267   -879.32972         1000           10           10           10            0            0            0 
    3350    120.88577   -219.69113  0.062502847   -219.62863   -1944.5845         1000           10           10           10            0            0            0 
    3360    48.356432   -219.65172  0.025002237   -219.62672   -2337.5088         1000           10           10           10            0            0            0 
    3370    95.890742   -219.68864  0.049579405   -219.63906   -2059.1641         1000           10           10           10            0            0            0 
    3380    123.76249   -219.71931  0.063990227   -219.65532   -1102.4574         1000           10           10           10            0            0            0 
    3390    115.95937   -219.72588  0.059955702   -219.66592    113.36486         1000           10           10           10            0            0            0 
    3400    110.05876   -219.72534  0.056904847   -219.66843    1271.3687         1000           10           10           10            0            0            0 
    3410    69.748147   -219.70097  0.036062622   -219.66491    1979.1539         1000           10           10           10            0            0            0 
    3420    53.318956   -219.69554  0.027568064   -219.66798    2033.3027         1000           10           10           10            0            0            0 
    3430    65.413488   -219.71358  0.033821428   -219.67976    1449.6232         1000           10           10           10            0            0            0 
    3440    112.87616   -219.74811  0.058361553   -219.68975    383.08606         1000           10           10           10            0            0            0 
    3450    83.008083   -219.73142  0.042918547    -219.6885    -666.9131         1000           10           10           10            0            0            0 
    3460    64.251919   -219.71729   0.03322085   -219.68407     -1496.29         1000           10           10           10            0            0            0 
    3470    29.547726   -219.69459  0.015277374   -219.67932   -1866.1106         1000           10           10           10            0            0            0 
    3480    51.893431   -219.70791  0.026831009   -219.68108     -1716.11         1000           10           10           10            0            0            0 
    3490    91.123424   -219.73325  0.047114508   -219.68613   -1032.4415         1000           10           10           10            0            0            0 
    3500    88.239635   -219.73143  0.045623472   -219.68581   -1.0671973         1000           10           10           10            0            0            0 
    3510    98.874099   -219.72902  0.051121922    -219.6779    1107.6566         1000           10           10           10            0            0            0 
    3520     70.58902   -219.69645  0.036497388   -219.65995    1980.0819         1000           10           10           10            0            0            0 
    3530    76.879092   -219.68474   0.03974961   -219.64499    2257.7289         1000           10           10           10            0            0            0 
    3540    87.556503   -219.68438  0.045270265   -219.63911    1816.5341         1000           10           10           10            0            0            0 
    3550    185.76762   -219.73299  0.096049397   -219.63694    564.05749         1000           10           10           10            0            0            0 
    3560    177.28087   -219.71253  0.091661405   -219.62087   -837.38505         1000           10           10           10            0            0            0 
    3570    126.92507   -219.66723  0.065625414   -219.60161   -2019.1132         1000           10           10           10            0            0            0 
    3580    82.072099   -219.62992  0.042434606   -219.58749    -2635.121         1000           10           10           10            0            0            0 
    3590     114.3013    -219.6527  0.059098409    -219.5936   -2346.7129         1000           10           10           10            0            0            0 
    3600    184.07297    -219.7041  0.095173195   -219.60893    -1356.172         1000           10           10           10            0            0            0 
    3610    175.64942   -219.71293  0.090817878   -219.62212    127.15038         1000           10           10           10            0            0            0 
    3620    163.65108   -219.70837  0.084614249   -219.62375    1523.7361         1000           10           10           10            0            0            0 
    3630    89.077382   -219.66474  0.046056621   -219.61868    2357.8871         1000           10           10           10            0            0            0 
    3640     113.5312   -219.68685  0.058700235   -219.62815      2313.06         1000           10           10           10            0            0            0 
    3650    91.888503   -219.69214  0.047510085   -219.64463    1565.6403         1000           10           10           10            0            0            0 
    3660    145.88012    -219.7351  0.075425942   -219.65967    296.16854         1000           10           10           10            0            0            0 
    3670    131.71546   -219.72699  0.068102239   -219.65888   -948.96713         1000           10           10           10            0            0            0 
    3680     72.75381   -219.69117  0.037616672   -219.65355   -1795.2174         1000           10           10           10            0            0            0 
    3690    46.767294   -219.67501  0.024180589   -219.65083   -2116.0943         1000           10           10           10            0            0            0 
    3700     69.26332    -219.6925  0.035811947   -219.65669   -1789.1646         1000           10           10           10            0            0            0 
    3710    130.47008   -219.73387  0.067458324   -219.66642   -951.64258         1000           10           10           10            0            0            0 
    3720     109.5656   -219.72642  0.056649863   -219.66977    265.76116         1000           10           10           10            0            0            0 
    3730    102.37295   -219.71673   0.05293097    -219.6638    1377.6316         1000           10           10           10            0            0            0 
    3740    58.118419   -219.68463  0.030049581   -219.65458    2075.4047         1000           10           10           10            0            0            0 
    3750    88.485587    -219.7017  0.045750639   -219.65595    2015.1387         1000           10           10           10            0            0            0 
    3760    92.165831   -219.71084  0.047653475   -219.66319    1316.7746         1000           10           10           10            0            0            0 
    3770    118.94277   -219.73012   0.06149824   -219.66862    185.99771         1000           10           10           10            0            0            0 
    3780    116.13784   -219.72253  0.060047974   -219.66248   -1016.4286         1000           10           10           10            0            0            0 
    3790    72.679891   -219.69081  0.037578453   -219.65323    -1827.108         1000           10           10           10            0            0            0 
    3800    57.481745   -219.67694  0.029720395   -219.64722   -2119.2268         1000           10           10           10            0            0            0 
    3810    63.655873   -219.68184  0.032912669   -219.64893   -1704.6696         1000           10           10           10            0            0            0 
    3820    150.71089   -219.73244  0.077923647   -219.65451   -841.00363         1000           10           10           10            0            0            0 
    3830    131.55361   -219.71958  0.068018553   -219.65156    444.01253         1000           10           10           10            0            0            0 
    3840    130.88084   -219.70349  0.067670705   -219.63582    1665.5067         1000           10           10           10            0            0            0 
    3850    90.849524   -219.66068  0.046972891   -219.61371    2404.9129         1000           10           10           10            0            0            0 
    3860    127.10325   -219.66911  0.065717538    -219.6034     2283.946         1000           10           10           10            0            0            0 
    3870    193.21096   -219.70582  0.099897907   -219.60592    1236.2039         1000           10           10           10            0            0            0 
    3880    213.27018   -219.70687   0.11026934    -219.5966   -238.59881         1000           10           10           10            0            0            0 
    3890    191.14718    -219.6773  0.098830851   -219.57847   -1678.6617         1000           10           10           10            0            0            0 
    3900    120.10339   -219.62711  0.062098324   -219.56501   -2584.9983         1000           10           10           10            0            0            0 
    3910    140.05385   -219.64089  0.072413521   -219.56848   -2661.3172         1000           10           10           10            0            0            0 
    3920    138.65901   -219.66234  0.071692337   -219.59065     -1701.78         1000           10           10           10            0            0            0 
    3930    217.35066   -219.73293   0.11237911   -219.62055   -379.45385         1000           10           10           10            0            0            0 
    3940    158.44446   -219.71848  0.081922214   -219.63656    1079.6018         1000           10           10           10            0            0            0 
    3950     107.3262   -219.69659  0.055491999    -219.6411    2007.1722         1000           10           10           10            0            0            0 
    3960    69.030465   -219.68473  0.035691552   -219.64904    2162.4002         1000           10           10           10            0            0            0 
    3970    97.160843   -219.71474  0.050236099   -219.66451    1586.2384         1000           10           10           10            0            0            0 
    3980    127.70922   -219.74322   0.06603085   -219.67719     523.2198         1000           10           10           10            0            0            0 
    3990    99.443995   -219.72983  0.051416581   -219.67841   -581.38879         1000           10           10           10            0            0            0 
    4000    85.025645    -219.7182  0.043961709   -219.67424   -1512.4602         1000           10           10           10            0            0            0 
    4010    44.208308   -219.69258  0.022857489   -219.66973   -1929.5929         1000           10           10           10            0            0            0 
    4020    71.982552   -219.70921  0.037217901   -219.67199   -1815.7719         1000           10           10           10            0            0            0 
    4030    86.061716   -219.72263    0.0444974   -219.67813   -1067.1666         1000           10           10           10            0            0            0 
    4040    112.78846   -219.74024  0.058316212   -219.68193   -33.093883         1000           10           10           10            0            0            0 
    4050    103.62084   -219.73121  0.053576178   -219.67764    1069.5989         1000           10           10           10            0            0            0 
    4060    81.443178    -219.7092  0.042109428   -219.66709    1886.1698         1000           10           10           10            0            0            0 
    4070    63.480222   -219.69284  0.032821851   -219.66002    2077.5955         1000           10           10           10            0            0            0 
    4080    92.738432   -219.71065  0.047949533    -219.6627    1575.9917         1000           10           10           10            0            0            0 
    4090    164.19531   -219.75007  0.084895639   -219.66517    434.31507         1000           10           10           10            0            0            0 
    4100    123.49235   -219.71609  0.063850557   -219.65224   -807.79014         1000           10           10           10            0            0            0 
    4110    122.52916   -219.69735  0.063352549   -219.63399   -1899.2002         1000           10           10           10            0            0            0 
    4120    69.347731   -219.64823  0.035855591   -219.61237   -2441.4021         1000           10           10           10            0            0            0 
    4130    125.50406   -219.66796  0.064890692   -219.60307   -2250.5837         1000           10           10           10            0            0            0 
    4140    204.37546   -219.70783   0.10567041   -219.60216     -1260.85         1000           10           10           10            0            0            0 
    4150    225.73596   -219.71565   0.11671465   -219.59894    280.77342         1000           10           10           10            0            0            0 
    4160    196.25929    -219.6821   0.10147402   -219.58062    1895.4101         1000           10           10           10            0            0            0 
    4170    161.49776    -219.6403  0.083500894    -219.5568    2801.1488         1000           10           10           10            0            0            0 
    4180    148.60672   -219.64107  0.076835706   -219.56423    2600.1321         1000           10           10           10            0            0            0 
    4190    159.83174   -219.67998  0.082639496   -219.59734    1453.5172         1000           10           10           10            0            0            0 
    4200    205.70135   -219.73203   0.10635595   -219.62568   -144.44125         1000           10           10           10            0            0            0 
    4210    95.230599   -219.69153  0.049238084   -219.64229   -1260.2723         1000           10           10           10            0            0            0 
    4220    68.138928   -219.69049  0.035230591   -219.65526   -1926.2122         1000           10           10           10            0            0            0 
    4230    40.850613   -219.68577  0.021121425   -219.66465   -1939.1187         1000           10           10           10            0            0            0 
    4240    77.780485   -219.71721  0.040215667   -219.67699    -1420.509         1000           10           10           10            0            0            0 
    4250    89.353292     -219.732  0.046199278    -219.6858     -490.672         1000           10           10           10            0            0            0 
    4260    91.325038     -219.735  0.047218751   -219.68778    572.30523         1000           10           10           10            0            0            0 
    4270    72.335464   -219.71925   0.03740037   -219.68185    1481.2454         1000           10           10           10            0            0            0 
    4280    38.758024   -219.69496  0.020039471   -219.67492    1915.6085         1000           10           10           10            0            0            0 
    4290    68.683502   -219.71257  0.035512158   -219.67706    1703.1121         1000           10           10           10            0            0            0 
    4300    70.617006   -219.71833  0.036511858   -219.68182     935.0455         1000           10           10           10            0            0            0 
    4310    122.20403   -219.74542  0.063184445   -219.68224   -187.12714         1000           10           10           10            0            0            0 
    4320    78.251486   -219.71223  0.040459194   -219.67177   -1183.6268         1000           10           10           10            0            0            0 
    4330    54.649705   -219.68763  0.028256115   -219.65937   -1907.8989         1000           10           10           10            0            0            0 
    4340    60.588722   -219.68329  0.031326828   -219.65196   -2057.4275         1000           10           10           10            0            0            0 
    4350    104.36028   -219.70451    0.0539585   -219.65055   -1574.2348         1000           10           10           10            0            0            0 
    4360    146.24046   -219.72603   0.07561225   -219.65042   -534.15048         1000           10           10           10            0            0            0 
    4370    137.26437   -219.71222  0.070971251   -219.64125    816.60703         1000           10           10           10            0            0            0 
    4380    131.35984   -219.68811  0.067918368   -219.62019     1970.888         1000           10           10           10            0            0            0 
    4390    68.230362   -219.63834  0.035277866   -219.60306    2480.8526         1000           10           10           10            0            0            0 
    4400    152.31011    -219.6876  0.078750508   -219.60885    1983.5624         1000           10           10           10            0            0            0 
    4410    149.41058   -219.69625  0.077251332     -219.619    785.23756         1000           10           10           10            0            0            0 
    4420    196.12779   -219.72262   0.10140603   -219.62121   -703.21669         1000           10           10           10            0            0            0 
    4430    121.18946   -219.67675   0.06265987   -219.61409    -1833.139         1000           10           10           10            0            0            0 
    4440    69.187614   -219.64961  0.035772804   -219.61384    -2364.069         1000           10           10           10            0            0            0 
    4450    82.081195   -219.67197  0.042439308   -219.62953   -2104.6687         1000           10           10           10            0            0            0 
    4460    102.51664   -219.70671  0.053005264   -219.65371   -1194.7505         1000           10           10           10            0            0            0 
    4470    122.38593   -219.73826  0.063278493   -219.67499   -61.571209         1000           10           10           10            0            0            0 
    4480    63.505608   -219.71625  0.032834976   -219.68341    1036.2468         1000           10           10           10            0            0            0 
    4490    61.085652   -219.71703  0.031583761   -219.68544    1653.4268         1000           10           10           10            0            0            0 
    4500    34.540763   -219.70573  0.017858976   -219.68787    1774.1231         1000           10           10           10            0            0            0 
    4510    59.173117   -219.72634  0.030594903   -219.69575    1305.7334         1000           10           10           10            0            0            0 
    4520     68.92061   -219.73698  0.035634752   -219.70135    442.65301         1000           10           10           10            0            0            0 
    4530    78.961122   -219.74123  0.040826105   -219.70041   -526.27257         1000           10           10           10            0            0            0 
    4540      54.1303    -219.7214  0.027987562   -219.69342   -1333.0141         1000           10           10           10            0            0            0 
    4550    25.248876   -219.69985  0.013054693    -219.6868   -1727.4169         1000           10           10           10            0            0            0 
    4560    50.883868   -219.71147  0.026309025   -219.68516   -1673.7797         1000           10           10           10            0            0            0 
    4570    66.659747   -219.72055  0.034465794   -219.68609   -1061.8321         1000           10           10           10            0            0            0 
    4580     118.3169   -219.74787  0.061174641    -219.6867    -123.8985         1000           10           10           10            0            0            0 
    4590    78.171916     -219.717  0.040418053   -219.67658    1040.0558         1000           10           10           10            0            0            0 
    4600    76.604828   -219.69986  0.039607805   -219.66025    1900.1084         1000           10           10           10            0            0            0 
    4610    70.675693   -219.68634  0.036542201    -219.6498    2143.4914         1000           10           10           10            0            0            0 
    4620    95.057751    -219.6993  0.049148715   -219.65016     1649.205         1000           10           10           10            0            0            0 
    4630     134.8942   -219.72313  0.069745778   -219.65339    512.53675         1000           10           10           10            0            0            0 
    4640    135.86362   -219.71638  0.070247004   -219.64614   -773.08857         1000           10           10           10            0            0            0 
    4650     111.8476   -219.69152  0.057829748   -219.63369   -1862.8866         1000           10           10           10            0            0            0 
    4660    46.596631   -219.64774  0.024092349   -219.62365   -2324.1836         1000           10           10           10            0            0            0 
    4670    99.676511   -219.67908  0.051536801   -219.62755   -2138.5957         1000           10           10           10            0            0            0 
    4680    120.41973   -219.69972  0.062261888   -219.63746   -1163.5991         1000           10           10           10            0            0            0 
    4690    174.76473   -219.73606  0.090360456    -219.6457    76.144238         1000           10           10           10            0            0            0 
    4700    122.19171   -219.70357  0.063178072   -219.64039    1422.6734         1000           10           10           10            0            0            0 
    4710    81.501097   -219.67304  0.042139375    -219.6309     2258.609         1000           10           10           10            0            0            0 
    4720    77.359194   -219.67317  0.039997842   -219.63317    2246.8623         1000           10           10           10            0            0            0 
    4730    114.04907   -219.70784  0.058967998   -219.64887    1502.7192         1000           10           10           10            0            0            0 
    4740    140.84826   -219.73199  0.072824266   -219.65916    250.83127         1000           10           10           10            0            0            0 
    4750    100.64822   -219.70937  0.052039216   -219.65733   -933.51788         1000           10           10           10            0            0            0 
    4760    92.774132   -219.70073  0.047967991   -219.65276   -1849.4262         1000           10           10           10            0            0            0 
    4770    35.463106   -219.66755  0.018335865   -219.64922   -2121.5186         1000           10           10           10            0            0            0 
    4780    84.498039    -219.7002  0.043688915   -219.65651      -1782.7         1000           10           10           10            0            0            0 
    4790     101.1814   -219.71703   0.05231489   -219.66472    -865.5036         1000           10           10           10            0            0            0 
    4800    120.92772   -219.73111  0.062524539   -219.66859    288.29787         1000           10           10           10            0            0            0 
    4810    101.09497   -219.71489  0.052270204   -219.66262    1440.0446         1000           10           10           10            0            0            0 
    4820     58.18257   -219.68203   0.03008275   -219.65194    2121.4896         1000           10           10           10            0            0            0 
    4830    71.737259   -219.69004  0.037091074   -219.65295    2064.9248         1000           10           10           10            0            0            0 
    4840    93.258572   -219.71096  0.048218466   -219.66275    1316.3914         1000           10           10           10            0            0            0 
    4850    140.03217   -219.74046  0.072402315   -219.66806    108.35209         1000           10           10           10            0            0            0 
    4860    88.754301   -219.70738  0.045889575   -219.66149   -1003.3822         1000           10           10           10            0            0            0 
    4870    79.362188   -219.69473  0.041033472    -219.6537   -1876.8149         1000           10           10           10            0            0            0 
    4880    41.280313   -219.66947  0.021343597   -219.64812   -2114.7831         1000           10           10           10            0            0            0 
    4890    82.557905   -219.69549  0.042685787    -219.6528   -1725.0346         1000           10           10           10            0            0            0 
    4900    119.17065   -219.72119  0.061616064   -219.65958   -774.79309         1000           10           10           10            0            0            0 
    4910    124.53975   -219.72497  0.064392106   -219.66058    444.45773         1000           10           10           10            0            0            0 
    4920    111.84806   -219.70939  0.057829985   -219.65156    1595.0751         1000           10           10           10            0            0            0 
    4930    54.288126   -219.66673  0.028069164   -219.63866    2239.7693         1000           10           10           10            0            0            0 
    4940     95.78634   -219.69102  0.049525425   -219.64149    2056.6558         1000           10           10           10            0            0            0 
    4950    101.34254   -219.70283  0.052398205   -219.65043    1205.3013         1000           10           10           10            0            0            0 
    4960    161.11901    -219.7372  0.083305065    -219.6539   -116.14254         1000           10           10           10            0            0            0 
    4970    111.35331   -219.70218  0.057574181   -219.64461   -1279.5306         1000           10           10           10            0            0            0 
    4980    76.667063   -219.67298  0.039639983   -219.63334   -2106.4854         1000           10           10           10            0            0            0 
    4990    66.353331   -219.66223  0.034307365   -219.62792   -2285.6689         1000           10           10           10            0            0            0 
    5000    110.10719   -219.69075  0.056929884   -219.63382   -1699.9465         1000           10           10           10            0            0            0 
Loop time of 74.6687 on 1 procs for 5000 steps with 5 atoms

Performance: 11.571 ns/day, 2.074 hours/ns, 66.962 timesteps/s
151.2% CPU use with 1 MPI tasks x no OpenMP threads

MPI task timing breakdown:
Section |  min time  |  avg time  |  max time  |%varavg| %total
---------------------------------------------------------------
Pair    | 74.42      | 74.42      | 74.42      |   0.0 | 99.67
Neigh   | 0.0016563  | 0.0016563  | 0.0016563  |   0.0 |  0.00
Comm    | 0.013349   | 0.013349   | 0.013349   |   0.0 |  0.02
Output  | 0.2085     | 0.2085     | 0.2085     |   0.0 |  0.28
Modify  | 0.018428   | 0.018428   | 0.018428   |   0.0 |  0.02
Other   |            | 0.006578   |            |       |  0.01

Nlocal:    5 ave 5 max 5 min
Histogram: 1 0 0 0 0 0 0 0 0 0
Nghost:    121 ave 121 max 121 min
Histogram: 1 0 0 0 0 0 0 0 0 0
Neighs:    0 ave 0 max 0 min
Histogram: 1 0 0 0 0 0 0 0 0 0

Total # of neighbors = 0
Ave neighs/atom = 0
Neighbor list builds = 152
Dangerous builds = 0
Total wall time: 0:01:17
