2019-09-04 09:57:11.803306: I tensorflow/core/platform/cpu_feature_guard.cc:140] Your CPU supports instructions that this TensorFlow binary was not compiled to use: SSE4.1 SSE4.2 AVX AVX2 AVX512F FMA
2019-09-04 09:57:12.765067: I tensorflow/core/common_runtime/gpu/gpu_device.cc:1356] Found device 0 with properties: 
name: Tesla V100-SXM2-16GB major: 7 minor: 0 memoryClockRate(GHz): 1.53
pciBusID: 0000:21:01.0
totalMemory: 15.77GiB freeMemory: 15.36GiB
2019-09-04 09:57:12.765103: I tensorflow/core/common_runtime/gpu/gpu_device.cc:1435] Adding visible gpu devices: 0
2019-09-04 09:57:13.062349: I tensorflow/core/common_runtime/gpu/gpu_device.cc:923] Device interconnect StreamExecutor with strength 1 edge matrix:
2019-09-04 09:57:13.062385: I tensorflow/core/common_runtime/gpu/gpu_device.cc:929]      0 
2019-09-04 09:57:13.062391: I tensorflow/core/common_runtime/gpu/gpu_device.cc:942] 0:   N 
2019-09-04 09:57:13.062667: I tensorflow/core/common_runtime/gpu/gpu_device.cc:1053] Created TensorFlow device (/job:localhost/replica:0/task:0/device:GPU:0 with 14867 MB memory) -> physical GPU (device: 0, name: Tesla V100-SXM2-16GB, pci bus id: 0000:21:01.0, compute capability: 7.  >>> Info of model(s):
  using   4 model(s): ../graph.003.pb ../graph.000.pb ../graph.002.pb ../graph.001.pb 
  rcut in model:      5
  ntypes in model:    2
Neighbor list info ...
  update every 1 steps, delay 10 steps, check yes
  max neighbors/atom: 2000, page size: 100000
  master list distance cutoff = 6
  ghost atom cutoff = 6
  binsize = 3, bins = 4 4 4
  1 neighbor lists, perpetual/occasional/extra = 1 0 0
  (1) pair deepmd, perpetual
      attributes: , newton on
      pair build: full/bin/atomonly
      stencil: full/bin/3d
      bin: standard
Setting up Verlet run ...
  Unit style    : metal
  Current step  : 0
  Time step     : 0.002
Per MPI rank memory allocation (min/avg/max) = 3.935 | 3.935 | 3.935 Mbytes
Step Temp PotEng KinEng TotEng Press Volume Lx Ly Lz Xy Xz Yz 
       0          100   -219.70059  0.051704058   -219.64888   -1834.9096         1000           10           10           10            0            0            0 
      10    85.519461   -219.68989  0.044217032   -219.64568   -2082.6575         1000           10           10           10            0            0            0 
      20    103.53249   -219.70506  0.053530501   -219.65153   -1616.6637         1000           10           10           10            0            0            0 
      30    132.46967   -219.72844  0.068492196   -219.65995   -622.65847         1000           10           10           10            0            0            0 
      40     140.1768   -219.73457  0.072477096   -219.66209    598.47918         1000           10           10           10            0            0            0 
      50    102.49158   -219.70597  0.052992306   -219.65298    1647.9337         1000           10           10           10            0            0            0 
      60    66.247873   -219.68116  0.034252839   -219.64691    1995.6836         1000           10           10           10            0            0            0 
      70    81.371943   -219.69971  0.042072596   -219.65764    1444.6778         1000           10           10           10            0            0            0 
      80    117.25071   -219.72764  0.060623377   -219.66702    317.83731         1000           10           10           10            0            0            0 
      90    101.99647   -219.72032  0.052736313   -219.66758   -809.82721         1000           10           10           10            0            0            0 
     100      63.5279   -219.69941  0.032846502   -219.66656   -1564.0347         1000           10           10           10            0            0            0 
     110    41.560947   -219.69169  0.021488696    -219.6702   -1753.9342         1000           10           10           10            0            0            0 
     120    50.735849   -219.70586  0.026232493   -219.67963   -1382.4077         1000           10           10           10            0            0            0 
     130    78.963716    -219.7315  0.040827446   -219.69067    -592.5132         1000           10           10           10            0            0            0 
     140    77.657622    -219.7364  0.040152142   -219.69625    376.40192         1000           10           10           10            0            0            0 
     150    55.093812   -219.72321  0.028485736   -219.69473    1201.0279         1000           10           10           10            0            0            0 
     160    30.366637   -219.70886  0.015700784   -219.69316    1563.8546         1000           10           10           10            0            0            0 
     170    44.486069   -219.72072  0.023001103   -219.69772    1335.2455         1000           10           10           10            0            0            0 
     180    70.087373   -219.74014  0.036238016    -219.7039    639.83492         1000           10           10           10            0            0            0 
     190    75.498176   -219.74358   0.03903562   -219.70455   -272.91651         1000           10           10           10            0            0            0 
     200    61.231097   -219.73008  0.031658962   -219.69842   -1090.2596         1000           10           10           10            0            0            0 
     210    39.209971   -219.70971  0.020273146   -219.68944   -1587.7608         1000           10           10           10            0            0            0 
     220    51.609985   -219.70869  0.026684456   -219.68201   -1619.9505         1000           10           10           10            0            0            0 
     230    86.601466   -219.72157  0.044776472   -219.67679   -1113.2654         1000           10           10           10            0            0            0 
     240    128.28611   -219.73735  0.066329125   -219.67102   -124.78068         1000           10           10           10            0            0            0 
     250    114.84307   -219.71641  0.059378529   -219.65703    1095.3957         1000           10           10           10            0            0            0 
     260    100.60229   -219.69154  0.052015467   -219.63952    2001.7171         1000           10           10           10            0            0            0 
     270    126.09117   -219.70013  0.065194253   -219.63494    2042.8955         1000           10           10           10            0            0            0 
     280    177.80812   -219.73509  0.091934014   -219.64316    1086.6412         1000           10           10           10            0            0            0 
     290    189.28506   -219.73439  0.097868058   -219.63652    -328.8413         1000           10           10           10            0            0            0 
     300    134.28952    -219.6936  0.069433132   -219.62417    -1522.552         1000           10           10           10            0            0            0 
     310     97.20015   -219.67053  0.050256422   -219.62027   -2064.1935         1000           10           10           10            0            0            0 
     320    104.65933   -219.67907  0.054113121   -219.62496   -1825.6468         1000           10           10           10            0            0            0 
     330    152.54989   -219.71715  0.078874485   -219.63828   -874.67737         1000           10           10           10            0            0            0 
     340    139.10499   -219.71733  0.071922925   -219.64541    507.36402         1000           10           10           10            0            0            0 
     350    83.564463   -219.68215  0.043206219   -219.63895    1699.6613         1000           10           10           10            0            0            0 
     360    64.763787   -219.67109  0.033485506   -219.63761    2111.8553         1000           10           10           10            0            0            0 
     370    85.924305    -219.6952  0.044426353   -219.65077    1664.0309         1000           10           10           10            0            0            0 
     380    101.35981   -219.71718  0.052407136   -219.66478     648.7484         1000           10           10           10            0            0            0 
     390      94.0497   -219.71913  0.048627512    -219.6705   -477.15797         1000           10           10           10            0            0            0 
     400      67.9255    -219.7054   0.03512024   -219.67028   -1342.2853         1000           10           10           10            0            0            0 
     410    45.549333     -219.695  0.023550853   -219.67145   -1689.2742         1000           10           10           10            0            0            0 
     420    62.670691   -219.71116   0.03240329   -219.67875   -1439.0483         1000           10           10           10            0            0            0 
     430    84.747543   -219.73244  0.043817919   -219.68862   -678.42247         1000           10           10           10            0            0            0 
     440    81.890957   -219.73687  0.042340948   -219.69453    305.00531         1000           10           10           10            0            0            0 
     450    65.899838   -219.73043  0.034072891   -219.69636    1136.8257         1000           10           10           10            0            0            0 
     460    51.329538   -219.72521  0.026539454   -219.69867    1525.5424         1000           10           10           10            0            0            0 
     470    49.598784   -219.73189  0.025644584   -219.70624    1351.1395         1000           10           10           10            0            0            0 
     480    55.085416   -219.74456  0.028481396   -219.71608    734.92823         1000           10           10           10            0            0            0 
     490    57.737033   -219.75189  0.029852389   -219.72203   -55.179538         1000           10           10           10            0            0            0 
     500    45.450221   -219.74636  0.023499609   -219.72286    -740.7048         1000           10           10           10            0            0            0 
     510    32.200354   -219.73867   0.01664889   -219.72203   -1151.9401         1000           10           10           10            0            0            0 
     520    27.600497   -219.73673  0.014270577   -219.72246   -1207.1456         1000           10           10           10            0            0            0 
     530    33.438633   -219.74148   0.01728913   -219.72419   -915.13556         1000           10           10           10            0            0            0 
     540    45.491385   -219.74924  0.023520892   -219.72572   -353.33263         1000           10           10           10            0            0            0 
     550    52.575524   -219.75148  0.027183679    -219.7243    353.01739         1000           10           10           10            0            0            0 
     560    48.218988   -219.74297  0.024931173   -219.71803     1027.592         1000           10           10           10            0            0            0 
     570    37.734319   -219.72852  0.019510174   -219.70901    1436.0609         1000           10           10           10            0            0            0 
     580     51.64745   -219.73018  0.026703827   -219.70348    1344.1162         1000           10           10           10            0            0            0 
     590    81.379431   -219.74322  0.042076468   -219.70115    693.07469         1000           10           10           10            0            0            0 
     600    99.873651   -219.74659   0.05163873   -219.69495   -276.92191         1000           10           10           10            0            0            0 
     610    90.672448   -219.73124  0.046881335   -219.68436    -1190.932         1000           10           10           10            0            0            0 
     620    66.488173   -219.70778  0.034377084    -219.6734    -1736.678         1000           10           10           10            0            0            0 
     630    66.689578   -219.70269  0.034481218   -219.66821   -1724.0869         1000           10           10           10            0            0            0 
     640    105.53295   -219.72536  0.054564818    -219.6708   -1120.5485         1000           10           10           10            0            0            0 
     650     139.8884   -219.74599  0.072327982   -219.67366   -42.703587         1000           10           10           10            0            0            0 
     660    111.86086   -219.72058  0.057836604   -219.66275    1167.5087         1000           10           10           10            0            0            0 
     670    75.648217   -219.68304  0.039113198   -219.64393    1932.9648         1000           10           10           10            0            0            0 
     680    75.338908     -219.676  0.038953273   -219.63705    1847.6353         1000           10           10           10            0            0            0 
     690    119.94536   -219.70401   0.06201662     -219.642    960.69236         1000           10           10           10            0            0            0 
     700    135.87946   -219.71031  0.070255197   -219.64006   -341.13171         1000           10           10           10            0            0            0 
     710    100.87531   -219.68046  0.052156626    -219.6283   -1489.5227         1000           10           10           10            0            0            0 
     720    59.653892   -219.64926  0.030843483   -219.61842   -2041.1138         1000           10           10           10            0            0            0 
     730    67.835659   -219.65389  0.035073789   -219.61881   -1838.7695         1000           10           10           10            0            0            0 
     740    136.11897    -219.6989  0.070379031   -219.62852   -925.18646         1000           10           10           10            0            0            0 
     750    149.71996    -219.7113  0.077411295   -219.63388    407.61437         1000           10           10           10            0            0            0 
     760    107.64249   -219.68498  0.055655535   -219.62932    1630.7985         1000           10           10           10            0            0            0 
     770    75.140221   -219.66769  0.038850543   -219.62884    2156.6471         1000           10           10           10            0            0            0 
     780     114.3798   -219.70949  0.059138998   -219.65035    1661.8171         1000           10           10           10            0            0            0 
     790    137.39181   -219.74052  0.071037142   -219.66949    503.58665         1000           10           10           10            0            0            0 
     800    127.13155   -219.74112  0.065732168   -219.67538   -681.31713         1000           10           10           10            0            0            0 
     810    78.058548   -219.71724  0.040359437   -219.67688   -1457.3567         1000           10           10           10            0            0            0 
     820    48.760219   -219.70751  0.025211012    -219.6823   -1687.7274         1000           10           10           10            0            0            0 
     830    64.896205   -219.72544  0.033553971   -219.69189   -1398.5447         1000           10           10           10            0            0            0 
     840    81.504731   -219.74352  0.042141253   -219.70138   -693.67862         1000           10           10           10            0            0            0 
     850    84.104581   -219.74988  0.043485481   -219.70639    228.43929         1000           10           10           10            0            0            0 
     860    57.970715   -219.73357  0.029973212    -219.7036     1079.055         1000           10           10           10            0            0            0 
     870    48.817769   -219.72464  0.025240768    -219.6994     1537.527         1000           10           10           10            0            0            0 
     880     54.48102   -219.72706  0.028168898   -219.69889    1445.9681         1000           10           10           10            0            0            0 
     890    77.529895   -219.74062  0.040086102   -219.70053    843.81102         1000           10           10           10            0            0            0 
     900    86.670832   -219.74257  0.044812337   -219.69776   -61.567506         1000           10           10           10            0            0            0 
     910    67.984622   -219.72342  0.035150808   -219.68827   -964.46712         1000           10           10           10            0            0            0 
     920    52.060061   -219.70236  0.026917164   -219.67544   -1607.9402         1000           10           10           10            0            0            0 
     930    58.895741   -219.69529  0.030451488   -219.66484   -1721.8118         1000           10           10           10            0            0            0 
     940    95.784023   -219.70885  0.049524227   -219.65932   -1201.4433         1000           10           10           10            0            0            0 
     950    112.35888   -219.71237  0.058094099   -219.65428    -122.0753         1000           10           10           10            0            0            0 
     960    114.64622   -219.70185  0.059276746   -219.64257    1148.3349         1000           10           10           10            0            0            0 
     970    84.332002   -219.67009  0.043603067   -219.62648    2047.4359         1000           10           10           10            0            0            0 
     980    80.993539   -219.66497  0.041876947    -219.6231    2121.7427         1000           10           10           10            0            0            0 
     990    127.90051   -219.70358  0.066129753   -219.63745    1254.4077         1000           10           10           10            0            0            0 
    1000    136.67963   -219.71407  0.070668916    -219.6434   -96.193211         1000           10           10           10            0            0            0 
Loop time of 11.9063 on 1 procs for 1000 steps with 5 atoms

Performance: 14.513 ns/day, 1.654 hours/ns, 83.989 timesteps/s
205.1% CPU use with 1 MPI tasks x no OpenMP threads

MPI task timing breakdown:
Section |  min time  |  avg time  |  max time  |%varavg| %total
---------------------------------------------------------------
Pair    | 11.88      | 11.88      | 11.88      |   0.0 | 99.78
Neigh   | 0.00021124 | 0.00021124 | 0.00021124 |   0.0 |  0.00
Comm    | 0.0017285  | 0.0017285  | 0.0017285  |   0.0 |  0.01
Output  | 0.018827   | 0.018827   | 0.018827   |   0.0 |  0.16
Modify  | 0.004137   | 0.004137   | 0.004137   |   0.0 |  0.03
Other   |            | 0.001317   |            |       |  0.01

Nlocal:    5 ave 5 max 5 min
Histogram: 1 0 0 0 0 0 0 0 0 0
Nghost:    112 ave 112 max 112 min
Histogram: 1 0 0 0 0 0 0 0 0 0
Neighs:    0 ave 0 max 0 min
Histogram: 1 0 0 0 0 0 0 0 0 0

Total # of neighbors = 0
Ave neighs/atom = 0
Neighbor list builds = 29
Dangerous builds = 0
Total wall time: 0:00:14
