2019-09-01 07:54:03.732611: I tensorflow/core/platform/cpu_feature_guard.cc:141] Your CPU supports instructions that this TensorFlow binary was not compiled to use: AVX AVX2 FMA
2019-09-01 07:54:03.986744: I tensorflow/core/common_runtime/gpu/gpu_device.cc:1432] Found device 0 with properties: 
name: GeForce RTX 2080 Ti major: 7 minor: 5 memoryClockRate(GHz): 1.635
pciBusID: 0000:0a:00.0
totalMemory: 10.73GiB freeMemory: 10.53GiB
2019-09-01 07:54:04.105488: I tensorflow/core/common_runtime/gpu/gpu_device.cc:1432] Found device 1 with properties: 
name: GeForce RTX 2080 Ti major: 7 minor: 5 memoryClockRate(GHz): 1.635
pciBusID: 0000:0b:00.0
totalMemory: 10.73GiB freeMemory: 10.53GiB
2019-09-01 07:54:04.224232: I tensorflow/stream_executor/cuda/cuda_gpu_executor.cc:964] successful NUMA node read from SysFS had negative value (-1), but there must be at least one NUMA node, so returning NUMA node zero
2019-09-01 07:54:04.225351: I tensorflow/core/common_runtime/gpu/gpu_device.cc:1432] Found device 2 with properties: 
name: GeForce RTX 2080 Ti major: 7 minor: 5 memoryClockRate(GHz): 1.635
pciBusID: 0000:42:00.0
totalMemory: 10.73GiB  >>> Info of model(s):
  using   4 model(s): ../graph.002.pb ../graph.000.pb ../graph.003.pb ../graph.001.pb 
  rcut in model:      5
  ntypes in model:    2
Neighbor list info ...
  update every 1 steps, delay 10 steps, check yes
  max neighbors/atom: 2000, page size: 100000
  master list distance cutoff = 6
  ghost atom cutoff = 6
  binsize = 3, bins = 4 4 4
  1 neighbor lists, perpetual/occasional/extra = 1 0 0
  (1) pair deepmd, perpetual
      attributes: , newton on
      pair build: full/bin/atomonly
      stencil: full/bin/3d
      bin: standard
Setting up Verlet run ...
  Unit style    : metal
  Current step  : 0
  Time step     : 0.002
Per MPI rank memory allocation (min/avg/max) = 3.934 | 3.934 | 3.934 Mbytes
Step Temp PotEng KinEng TotEng Press Volume Lx Ly Lz Xy Xz Yz 
       0          100   -219.70742  0.051704058   -219.65572   -461.51262         1000           10           10           10            0            0            0 
      10     110.7991   -219.71655  0.057287631   -219.65926   -154.94636         1000           10           10           10            0            0            0 
      20    138.52807   -219.73661  0.071624632   -219.66499    176.72974         1000           10           10           10            0            0            0 
      30    119.98675   -219.72537  0.062038018   -219.66333    479.99539         1000           10           10           10            0            0            0 
      40    119.88871   -219.71706   0.06198733   -219.65507     542.8761         1000           10           10           10            0            0            0 
      50    78.045338   -219.68731  0.040352607   -219.64696     299.0581         1000           10           10           10            0            0            0 
      60    83.496981   -219.68555  0.043171327   -219.64238   -195.50997         1000           10           10           10            0            0            0 
      70    65.245653   -219.66853   0.03373465   -219.63479   -649.90218         1000           10           10           10            0            0            0 
      80    72.068486   -219.66457  0.037262332   -219.62731   -838.48334         1000           10           10           10            0            0            0 
      90    66.237892    -219.6534  0.034247678   -219.61915   -710.50561         1000           10           10           10            0            0            0 
     100     76.24777   -219.64908  0.039423191   -219.60965   -361.96412         1000           10           10           10            0            0            0 
     110    146.79004   -219.67818  0.075896406   -219.60228    82.851551         1000           10           10           10            0            0            0 
     120    186.02248   -219.69819  0.096181169   -219.60201     494.6577         1000           10           10           10            0            0            0 
     130    255.14562   -219.73576   0.13192064   -219.60384    529.45532         1000           10           10           10            0            0            0 
     140     208.2514   -219.68767   0.10767442   -219.57999     289.2906         1000           10           10           10            0            0            0 
     150    164.56276   -219.64776  0.085085622   -219.56268    92.093714         1000           10           10           10            0            0            0 
     160    115.94148   -219.61323  0.059946452   -219.55329    7.9765903         1000           10           10           10            0            0            0 
     170    151.95409   -219.64332  0.078566431   -219.56476    239.26326         1000           10           10           10            0            0            0 
     180    163.51094   -219.66749  0.084541793   -219.58295    619.17661         1000           10           10           10            0            0            0 
     190    164.18684   -219.69252   0.08489126   -219.60762    873.61493         1000           10           10           10            0            0            0 
     200    155.90439   -219.70515  0.080608899   -219.62454    718.89377         1000           10           10           10            0            0            0 
     210    123.70708   -219.70245  0.063961578   -219.63849    306.66547         1000           10           10           10            0            0            0 
     220    106.67891   -219.70211  0.055157325   -219.64695   -170.47128         1000           10           10           10            0            0            0 
     230    53.515438   -219.67748  0.027669653   -219.64981   -458.56069         1000           10           10           10            0            0            0 
     240    68.480666   -219.69171  0.035407283    -219.6563   -496.18475         1000           10           10           10            0            0            0 
     250    72.041158   -219.69877  0.037248202   -219.66152    -289.3287         1000           10           10           10            0            0            0 
     260    101.50249   -219.71777  0.052480908   -219.66529    69.547822         1000           10           10           10            0            0            0 
     270    83.891836   -219.70948  0.043375483    -219.6661     496.0441         1000           10           10           10            0            0            0 
     280    84.225424   -219.71105  0.043547962    -219.6675    772.49005         1000           10           10           10            0            0            0 
     290    103.42624   -219.72317  0.053475563    -219.6697    688.66103         1000           10           10           10            0            0            0 
     300    114.31933   -219.72917  0.059107734   -219.67007    299.07084         1000           10           10           10            0            0            0 
     310    118.00277   -219.72818  0.061012218   -219.66717   -192.12226         1000           10           10           10            0            0            0 
     320    83.091753   -219.70517  0.042961808    -219.6622   -559.68261         1000           10           10           10            0            0            0 
     330    93.704249   -219.70671  0.048448899   -219.65826   -754.45618         1000           10           10           10            0            0            0 
     340    81.575785    -219.6938  0.042177991   -219.65162    -657.5483         1000           10           10           10            0            0            0 
     350    117.98123   -219.70776  0.061001082   -219.64676   -252.63477         1000           10           10           10            0            0            0 
     360    81.722678   -219.67733  0.042253941   -219.63508     384.1497         1000           10           10           10            0            0            0 
     370    62.449282   -219.65139  0.032288813    -219.6191    871.16226         1000           10           10           10            0            0            0 
     380     94.11935   -219.65935  0.048663524   -219.61068    930.63966         1000           10           10           10            0            0            0 
     390    143.27131   -219.68024   0.07407708   -219.60617    591.59165         1000           10           10           10            0            0            0 
     400    183.74143   -219.69414  0.095001778   -219.59914   -28.975665         1000           10           10           10            0            0            0 
     410    173.39406   -219.68048  0.089651764   -219.59082   -710.50266         1000           10           10           10            0            0            0 
     420    202.38529   -219.68383   0.10464141   -219.57919   -1045.7147         1000           10           10           10            0            0            0 
     430     165.2522   -219.64653  0.085442091   -219.56109   -876.95347         1000           10           10           10            0            0            0 
     440     186.9642   -219.64113  0.096668079   -219.54446   -442.53459         1000           10           10           10            0            0            0 
     450    138.74901   -219.61666  0.071738867   -219.54492   -24.867058         1000           10           10           10            0            0            0 
     460    154.29029   -219.64319   0.07977434   -219.56342     257.7871         1000           10           10           10            0            0            0 
     470    172.74625   -219.68535  0.089316821   -219.59603    174.82738         1000           10           10           10            0            0            0 
     480    163.39104   -219.70068  0.084479797    -219.6162   -100.18215         1000           10           10           10            0            0            0 
     490    117.77931   -219.69142  0.060896684   -219.63052   -342.13459         1000           10           10           10            0            0            0 
     500      54.5168   -219.67113  0.028187398   -219.64294   -476.84576         1000           10           10           10            0            0            0 
     510    62.257669   -219.68629  0.032189741    -219.6541   -539.43441         1000           10           10           10            0            0            0 
     520    50.257212   -219.68546  0.025985018   -219.65948   -455.42413         1000           10           10           10            0            0            0 
     530    78.126255   -219.70519  0.040394444   -219.66479   -256.29585         1000           10           10           10            0            0            0 
     540    65.124386   -219.70167   0.03367195   -219.66799    29.861118         1000           10           10           10            0            0            0 
     550     66.97984    -219.7057  0.034631295   -219.67107      214.758         1000           10           10           10            0            0            0 
     560     82.61322    -219.7184  0.042714387   -219.67569    218.64779         1000           10           10           10            0            0            0 
     570    109.69067   -219.73826  0.056714529   -219.68154    30.696178         1000           10           10           10            0            0            0 
     580    125.44025   -219.74792  0.064857702   -219.68307   -225.96333         1000           10           10           10            0            0            0 
     590    101.81151   -219.73156   0.05264068   -219.67892   -414.12253         1000           10           10           10            0            0            0 
     600    118.86143   -219.73551  0.061456181   -219.67406   -502.63724         1000           10           10           10            0            0            0 
     610    106.38988   -219.72134  0.055007883   -219.66633    -430.5969         1000           10           10           10            0            0            0 
     620     130.3606     -219.726  0.067401721    -219.6586   -211.64036         1000           10           10           10            0            0            0 
     630    99.469276   -219.69692  0.051429652   -219.64549    166.56597         1000           10           10           10            0            0            0 
     640     59.34262   -219.65948  0.030682543   -219.62879    509.38401         1000           10           10           10            0            0            0 
     650    62.817298   -219.64818  0.032479092    -219.6157    612.49552         1000           10           10           10            0            0            0 
     660    89.971435   -219.65307  0.046518883   -219.60655    411.92889         1000           10           10           10            0            0            0 
     670    142.64348   -219.68029  0.073752469   -219.60654    26.878354         1000           10           10           10            0            0            0 
     680    133.65151   -219.67692  0.069103252   -219.60782   -312.78206         1000           10           10           10            0            0            0 
     690    193.18044   -219.70375  0.099882127   -219.60387   -518.33552         1000           10           10           10            0            0            0 
     700    180.54596   -219.69523   0.09334959   -219.60188   -474.94444         1000           10           10           10            0            0            0 
     710    192.79441   -219.70209  0.099682536    -219.6024   -171.60078         1000           10           10           10            0            0            0 
     720    132.87545   -219.66088  0.068701997   -219.59218     339.9572         1000           10           10           10            0            0            0 
     730     61.39669    -219.6206   0.03174458   -219.58886    728.31006         1000           10           10           10            0            0            0 
     740    56.695613    -219.6332  0.029313933   -219.60388    687.30003         1000           10           10           10            0            0            0 
     750    81.545637   -219.67225  0.042162404   -219.63009    350.54624         1000           10           10           10            0            0            0 
     760    112.08184   -219.71363  0.057950861   -219.65568   -2.1890636         1000           10           10           10            0            0            0 
     770    77.369671   -219.71238   0.04000326   -219.67238   -213.93353         1000           10           10           10            0            0            0 
     780    87.677739   -219.72901  0.045332949   -219.68367   -353.92081         1000           10           10           10            0            0            0 
     790    81.498507   -219.73183  0.042138035   -219.68969   -366.55485         1000           10           10           10            0            0            0 
     800     100.3341   -219.74662  0.051876804   -219.69474   -242.76772         1000           10           10           10            0            0            0 
     810    99.080048   -219.74788  0.051228405   -219.69665   -33.353176         1000           10           10           10            0            0            0 
     820    75.992204   -219.73361  0.039291053   -219.69432    147.36725         1000           10           10           10            0            0            0 
     830    76.832666   -219.73056  0.039725606   -219.69084    193.72244         1000           10           10           10            0            0            0 
     840    72.113924   -219.72238  0.037285825   -219.68509     142.3572         1000           10           10           10            0            0            0 
     850    88.863237   -219.72455    0.0459459    -219.6786   -11.699263         1000           10           10           10            0            0            0 
     860    57.144696   -219.69957  0.029546127   -219.67002   -184.68726         1000           10           10           10            0            0            0 
     870    54.452626    -219.6904  0.028154217   -219.66224   -380.61785         1000           10           10           10            0            0            0 
     880    41.825125   -219.67443  0.021625287   -219.65281    -486.1478         1000           10           10           10            0            0            0 
     890    58.810089   -219.67547  0.030407202   -219.64506   -452.96637         1000           10           10           10            0            0            0 
     900    88.085806   -219.68386  0.045543936   -219.63831   -324.75548         1000           10           10           10            0            0            0 
     910    82.945007   -219.67483  0.042885935   -219.63195   -136.21545         1000           10           10           10            0            0            0 
     920    118.40301   -219.69327   0.06121916   -219.63205     -3.60892         1000           10           10           10            0            0            0 
     930    148.50486   -219.71452  0.076783037   -219.63773    2.9239161         1000           10           10           10            0            0            0 
     940    209.77225   -219.74454   0.10846077   -219.63607   -162.57915         1000           10           10           10            0            0            0 
     950    166.09726   -219.70946  0.085879023   -219.62358    -190.0203         1000           10           10           10            0            0            0 
     960     115.5409   -219.67366  0.059739332   -219.61392   -6.0991376         1000           10           10           10            0            0            0 
     970    78.962193   -219.64594  0.040826658   -219.60511    216.73935         1000           10           10           10            0            0            0 
     980    62.635937   -219.63325  0.032385321   -219.60086    439.10171         1000           10           10           10            0            0            0 
     990    96.383101   -219.65676  0.049833975   -219.60693    627.36597         1000           10           10           10            0            0            0 
    1000    86.518391   -219.65987  0.044733519   -219.61513    741.96772         1000           10           10           10            0            0            0 
Loop time of 15.0551 on 1 procs for 1000 steps with 5 atoms

Performance: 11.478 ns/day, 2.091 hours/ns, 66.423 timesteps/s
153.2% CPU use with 1 MPI tasks x no OpenMP threads

MPI task timing breakdown:
Section |  min time  |  avg time  |  max time  |%varavg| %total
---------------------------------------------------------------
Pair    | 15.013     | 15.013     | 15.013     |   0.0 | 99.72
Neigh   | 0.00019288 | 0.00019288 | 0.00019288 |   0.0 |  0.00
Comm    | 0.0023768  | 0.0023768  | 0.0023768  |   0.0 |  0.02
Output  | 0.034789   | 0.034789   | 0.034789   |   0.0 |  0.23
Modify  | 0.0036738  | 0.0036738  | 0.0036738  |   0.0 |  0.02
Other   |            | 0.001222   |            |       |  0.01

Nlocal:    5 ave 5 max 5 min
Histogram: 1 0 0 0 0 0 0 0 0 0
Nghost:    106 ave 106 max 106 min
Histogram: 1 0 0 0 0 0 0 0 0 0
Neighs:    0 ave 0 max 0 min
Histogram: 1 0 0 0 0 0 0 0 0 0

Total # of neighbors = 0
Ave neighs/atom = 0
Neighbor list builds = 18
Dangerous builds = 0
Total wall time: 0:00:17
