#       step         max_devi_e         min_devi_e         avg_devi_e         max_devi_f         min_devi_f         avg_devi_f
           0       3.438228e+00       8.449041e-01       1.375301e+00       5.860444e-03       2.003453e-03       3.814613e-03
          10       3.446859e+00       8.433302e-01       1.378869e+00       1.702334e-02       1.064804e-02       1.330571e-02
          20       3.459456e+00       8.389787e-01       1.383977e+00       1.540874e-02       7.448934e-03       1.321554e-02
          30       3.465501e+00       8.351466e-01       1.386425e+00       1.578421e-02       7.899111e-03       1.233678e-02
          40       3.468597e+00       8.344483e-01       1.387633e+00       8.924415e-03       6.812057e-03       7.882512e-03
          50       3.466562e+00       8.388236e-01       1.386896e+00       2.056486e-02       1.216472e-02       1.660346e-02
          60       3.459024e+00       8.306534e-01       1.383954e+00       2.048306e-02       1.395551e-02       1.721681e-02
          70       3.445568e+00       8.126927e-01       1.378678e+00       9.182894e-03       7.472564e-03       8.244901e-03
          80       3.429924e+00       8.094960e-01       1.372501e+00       2.367656e-02       1.176456e-02       1.791570e-02
          90       3.431820e+00       8.138697e-01       1.373197e+00       1.887266e-02       1.210095e-02       1.575166e-02
         100       3.431605e+00       8.151688e-01       1.373284e+00       3.652968e-02       2.126762e-02       2.881777e-02
         110       3.445215e+00       8.165506e-01       1.378475e+00       1.507920e-02       9.933656e-03       1.253483e-02
         120       3.457337e+00       8.107141e-01       1.383838e+00       2.935208e-02       1.162923e-02       2.163345e-02
         130       3.465265e+00       8.159511e-01       1.386843e+00       2.575487e-02       1.458085e-02       2.295258e-02
         140       3.462269e+00       8.250434e-01       1.385403e+00       2.673901e-02       1.678587e-02       2.091346e-02
         150       3.448667e+00       8.160690e-01       1.380008e+00       2.540500e-02       1.439079e-02       1.957374e-02
         160       3.441955e+00       8.089903e-01       1.377465e+00       2.290583e-02       1.632921e-02       1.855479e-02
         170       3.433484e+00       8.091929e-01       1.374251e+00       3.277279e-02       1.762083e-02       2.372752e-02
         180       3.434570e+00       8.109819e-01       1.374368e+00       1.418284e-02       1.197991e-02       1.301448e-02
         190       3.441259e+00       8.244313e-01       1.377121e+00       3.916507e-02       1.982411e-02       2.961504e-02
         200       3.458389e+00       8.251433e-01       1.383899e+00       2.336485e-02       1.242076e-02       1.835894e-02
         210       3.462489e+00       8.223317e-01       1.385581e+00       1.811155e-02       1.077058e-02       1.460163e-02
         220       3.460728e+00       8.262665e-01       1.384683e+00       1.738158e-02       1.203858e-02       1.419369e-02
         230       3.459656e+00       8.274741e-01       1.384238e+00       1.837616e-02       1.397670e-02       1.612090e-02
         240       3.447754e+00       8.252909e-01       1.379436e+00       1.953039e-02       1.252852e-02       1.718154e-02
         250       3.437961e+00       8.191571e-01       1.375485e+00       1.184485e-02       6.907469e-03       8.453680e-03
         260       3.435946e+00       8.138459e-01       1.374979e+00       1.972974e-02       1.169544e-02       1.663631e-02
         270       3.441847e+00       8.159306e-01       1.377245e+00       1.986331e-02       1.100132e-02       1.640383e-02
         280       3.448427e+00       8.226188e-01       1.379763e+00       2.150773e-02       1.060332e-02       1.634388e-02
         290       3.458792e+00       8.194024e-01       1.383882e+00       1.061130e-02       8.528249e-03       9.722035e-03
         300       3.467928e+00       8.221667e-01       1.387673e+00       1.911069e-02       1.445050e-02       1.581338e-02
         310       3.469883e+00       8.216069e-01       1.388488e+00       2.266535e-02       1.304736e-02       1.742256e-02
         320       3.462622e+00       8.191901e-01       1.385410e+00       1.008135e-02       6.824545e-03       8.586607e-03
         330       3.451350e+00       8.206067e-01       1.380866e+00       1.526717e-02       9.663167e-03       1.188093e-02
         340       3.445407e+00       8.146733e-01       1.378620e+00       1.806961e-02       7.728143e-03       1.530107e-02
         350       3.436701e+00       8.096111e-01       1.375253e+00       1.868685e-02       1.029013e-02       1.600106e-02
         360       3.433839e+00       8.094261e-01       1.373917e+00       1.081309e-02       6.413299e-03       8.051348e-03
         370       3.442434e+00       8.104766e-01       1.377484e+00       1.768781e-02       8.153510e-03       1.412790e-02
         380       3.454770e+00       8.105224e-01       1.382535e+00       2.199710e-02       1.073976e-02       1.792837e-02
         390       3.462664e+00       8.122627e-01       1.385643e+00       1.688731e-02       1.465435e-02       1.550420e-02
         400       3.467152e+00       8.061337e-01       1.387504e+00       1.667939e-02       8.497108e-03       1.174030e-02
         410       3.468566e+00       8.054699e-01       1.388193e+00       1.963601e-02       1.361436e-02       1.655034e-02
         420       3.456923e+00       8.064528e-01       1.383708e+00       2.983798e-02       2.107706e-02       2.739560e-02
         430       3.441770e+00       7.940147e-01       1.377488e+00       1.474537e-02       9.931303e-03       1.225713e-02
         440       3.426001e+00       7.952308e-01       1.371284e+00       3.428512e-02       1.367103e-02       2.306647e-02
         450       3.431294e+00       7.943165e-01       1.373484e+00       3.102854e-02       1.208371e-02       2.091384e-02
         460       3.437757e+00       7.940952e-01       1.376222e+00       3.206817e-02       1.577865e-02       2.510612e-02
         470       3.443205e+00       8.028621e-01       1.377935e+00       1.819670e-02       9.721473e-03       1.499880e-02
         480       3.461036e+00       8.063413e-01       1.385080e+00       1.689343e-02       1.346433e-02       1.524277e-02
         490       3.467986e+00       8.060493e-01       1.388054e+00       3.093733e-02       2.287757e-02       2.643564e-02
         500       3.457060e+00       8.075330e-01       1.383466e+00       1.848590e-02       1.355733e-02       1.560797e-02
         510       3.446631e+00       8.045966e-01       1.379322e+00       2.240634e-02       8.556493e-03       1.415941e-02
         520       3.442262e+00       8.043135e-01       1.377624e+00       2.132334e-02       1.348074e-02       1.694610e-02
         530       3.438010e+00       8.117683e-01       1.375884e+00       2.802539e-02       1.572685e-02       2.140556e-02
         540       3.441612e+00       8.081638e-01       1.377154e+00       1.359643e-02       1.041456e-02       1.202966e-02
         550       3.448548e+00       8.129998e-01       1.379884e+00       1.309022e-02       5.683262e-03       9.196535e-03
         560       3.458018e+00       8.191501e-01       1.383708e+00       2.011700e-02       1.294902e-02       1.628021e-02
         570       3.464889e+00       8.205807e-01       1.386432e+00       1.520691e-02       1.254818e-02       1.397253e-02
         580       3.463438e+00       8.237257e-01       1.385671e+00       1.102702e-02       5.666909e-03       7.631891e-03
         590       3.460074e+00       8.226457e-01       1.384381e+00       1.109715e-02       8.415451e-03       1.017947e-02
         600       3.456017e+00       8.193199e-01       1.382954e+00       1.609189e-02       1.248737e-02       1.455211e-02
         610       3.446646e+00       8.204961e-01       1.379124e+00       1.601023e-02       1.134341e-02       1.416481e-02
         620       3.439770e+00       8.205111e-01       1.376298e+00       1.293040e-02       4.144092e-03       8.006613e-03
         630       3.441404e+00       8.169576e-01       1.376975e+00       1.408132e-02       1.038896e-02       1.164105e-02
         640       3.446699e+00       8.206244e-01       1.379204e+00       2.095962e-02       1.293744e-02       1.755983e-02
         650       3.453417e+00       8.204022e-01       1.381888e+00       1.503816e-02       1.069739e-02       1.216280e-02
         660       3.459308e+00       8.222596e-01       1.384212e+00       1.256478e-02       6.634534e-03       8.107762e-03
         670       3.465596e+00       8.299384e-01       1.386758e+00       1.966273e-02       1.510239e-02       1.720097e-02
         680       3.467982e+00       8.260391e-01       1.387765e+00       2.074339e-02       1.170590e-02       1.748203e-02
         690       3.456798e+00       8.244183e-01       1.383201e+00       1.745115e-02       6.884453e-03       1.277553e-02
         700       3.444436e+00       8.255166e-01       1.378173e+00       1.505277e-02       8.794363e-03       1.077128e-02
         710       3.440408e+00       8.250720e-01       1.376816e+00       2.271430e-02       1.379528e-02       1.902106e-02
         720       3.435936e+00       8.254664e-01       1.374778e+00       2.138030e-02       1.024713e-02       1.605854e-02
         730       3.433024e+00       8.280175e-01       1.373471e+00       1.545798e-02       6.651403e-03       9.614831e-03
         740       3.445052e+00       8.269162e-01       1.378490e+00       1.456422e-02       7.857342e-03       1.202233e-02
         750       3.457440e+00       8.349438e-01       1.383598e+00       2.840561e-02       1.347117e-02       2.143458e-02
         760       3.463120e+00       8.402964e-01       1.385767e+00       2.422418e-02       1.290446e-02       1.861544e-02
         770       3.464178e+00       8.352695e-01       1.385961e+00       9.024894e-03       6.593701e-03       7.930048e-03
         780       3.460706e+00       8.406921e-01       1.384725e+00       2.618083e-02       1.409681e-02       2.085891e-02
         790       3.453439e+00       8.351273e-01       1.381873e+00       2.339430e-02       1.123916e-02       1.923398e-02
         800       3.438252e+00       8.334534e-01       1.375769e+00       2.461620e-02       1.090423e-02       1.641336e-02
         810       3.432928e+00       8.383264e-01       1.373369e+00       1.236682e-02       6.169412e-03       9.177324e-03
         820       3.439163e+00       8.406381e-01       1.375965e+00       2.368635e-02       8.645876e-03       1.747338e-02
         830       3.445480e+00       8.419758e-01       1.378579e+00       2.028293e-02       1.197975e-02       1.683765e-02
         840       3.448351e+00       8.483625e-01       1.379543e+00       1.300473e-02       9.922893e-03       1.115683e-02
         850       3.458726e+00       8.391139e-01       1.383852e+00       2.573102e-02       9.781331e-03       1.690448e-02
         860       3.464749e+00       8.537692e-01       1.386222e+00       2.142861e-02       1.076969e-02       1.816494e-02
         870       3.456163e+00       8.469358e-01       1.382736e+00       2.652891e-02       1.623261e-02       1.963531e-02
         880       3.448632e+00       8.436132e-01       1.379639e+00       7.225373e-03       4.213769e-03       5.405493e-03
         890       3.441076e+00       8.447678e-01       1.376750e+00       2.160704e-02       1.455083e-02       1.723976e-02
         900       3.440187e+00       8.454562e-01       1.376334e+00       1.825263e-02       1.335409e-02       1.584571e-02
         910       3.440521e+00       8.448985e-01       1.376313e+00       1.385824e-02       7.530754e-03       1.048022e-02
         920       3.445324e+00       8.366692e-01       1.378248e+00       1.570673e-02       7.834194e-03       1.064108e-02
         930       3.455247e+00       8.464072e-01       1.382262e+00       1.567424e-02       8.821004e-03       1.356233e-02
         940       3.462425e+00       8.511529e-01       1.385183e+00       1.970125e-02       1.221902e-02       1.663995e-02
         950       3.463838e+00       8.485802e-01       1.385593e+00       9.309353e-03       5.137599e-03       8.073852e-03
         960       3.460719e+00       8.458247e-01       1.384367e+00       1.355027e-02       7.639669e-03       1.116134e-02
         970       3.456571e+00       8.404274e-01       1.382779e+00       1.448204e-02       7.228908e-03       1.255028e-02
         980       3.446707e+00       8.446483e-01       1.378807e+00       1.583824e-02       7.718263e-03       1.278246e-02
         990       3.440830e+00       8.483049e-01       1.376392e+00       1.036115e-02       8.111449e-03       9.334886e-03
        1000       3.439116e+00       8.422509e-01       1.375768e+00       1.264827e-02       7.864165e-03       1.086602e-02
        1010       3.441331e+00       8.371983e-01       1.376817e+00       2.095392e-02       1.230640e-02       1.582432e-02
        1020       3.449384e+00       8.450612e-01       1.379895e+00       1.384741e-02       3.875874e-03       1.157171e-02
        1030       3.456225e+00       8.500296e-01       1.382632e+00       1.675350e-02       1.029468e-02       1.376007e-02
        1040       3.465072e+00       8.502526e-01       1.386213e+00       1.395225e-02       1.027058e-02       1.271999e-02
        1050       3.466660e+00       8.437301e-01       1.387033e+00       2.562443e-02       1.408946e-02       1.957919e-02
        1060       3.459746e+00       8.342806e-01       1.384240e+00       1.390707e-02       9.590139e-03       1.239519e-02
        1070       3.444518e+00       8.419030e-01       1.378109e+00       1.862455e-02       1.283727e-02       1.537072e-02
        1080       3.436884e+00       8.469876e-01       1.375307e+00       3.731852e-02       1.703157e-02       3.015711e-02
        1090       3.432410e+00       8.288518e-01       1.373537e+00       2.118981e-02       9.023075e-03       1.715691e-02
        1100       3.427097e+00       8.189492e-01       1.371597e+00       3.493457e-02       1.486611e-02       2.642448e-02
        1110       3.445833e+00       8.379225e-01       1.378647e+00       1.439459e-02       8.763771e-03       1.282655e-02
        1120       3.455732e+00       8.444706e-01       1.382831e+00       3.988212e-02       2.445888e-02       3.486841e-02
        1130       3.462013e+00       8.494912e-01       1.384950e+00       9.884879e-03       7.125697e-03       9.036876e-03
        1140       3.452231e+00       8.372400e-01       1.381286e+00       2.128183e-02       1.110172e-02       1.696501e-02
        1150       3.450160e+00       8.339840e-01       1.380728e+00       2.709414e-02       1.616634e-02       2.207382e-02
        1160       3.443185e+00       8.458311e-01       1.377542e+00       1.965896e-02       9.736450e-03       1.587627e-02
        1170       3.433395e+00       8.443599e-01       1.373630e+00       2.454673e-02       1.483773e-02       2.085059e-02
        1180       3.441164e+00       8.337389e-01       1.376785e+00       1.314021e-02       7.827348e-03       1.184988e-02
        1190       3.446543e+00       8.287649e-01       1.379170e+00       3.130234e-02       1.686200e-02       2.353216e-02
        1200       3.454412e+00       8.382360e-01       1.382036e+00       9.603675e-03       8.570376e-03       9.089421e-03
        1210       3.457418e+00       8.448673e-01       1.383113e+00       1.736541e-02       9.921522e-03       1.346222e-02
        1220       3.465573e+00       8.494375e-01       1.386435e+00       1.620203e-02       7.202661e-03       1.385873e-02
        1230       3.462350e+00       8.322037e-01       1.385355e+00       2.020911e-02       9.655069e-03       1.654789e-02
        1240       3.450977e+00       8.266776e-01       1.380715e+00       1.322502e-02       6.137148e-03       1.012077e-02
        1250       3.446811e+00       8.351098e-01       1.378844e+00       6.695319e-03       5.337443e-03       6.225039e-03
        1260       3.443150e+00       8.332496e-01       1.377591e+00       2.651516e-02       1.589332e-02       2.171156e-02
        1270       3.442532e+00       8.281745e-01       1.377289e+00       1.490684e-02       6.665323e-03       1.284625e-02
        1280       3.439013e+00       8.147932e-01       1.375991e+00       1.592397e-02       8.479996e-03       1.130146e-02
        1290       3.450754e+00       8.186992e-01       1.380701e+00       1.212252e-02       6.902657e-03       1.068505e-02
        1300       3.460599e+00       8.307724e-01       1.384628e+00       2.219933e-02       1.880260e-02       2.063184e-02
        1310       3.462684e+00       8.313341e-01       1.385370e+00       1.849584e-02       1.363240e-02       1.552712e-02
        1320       3.463287e+00       8.164985e-01       1.385692e+00       6.231274e-03       2.789149e-03       3.959408e-03
        1330       3.457951e+00       8.143504e-01       1.383739e+00       2.338857e-02       1.528706e-02       1.940591e-02
        1340       3.453982e+00       8.216903e-01       1.381979e+00       1.613995e-02       7.420603e-03       1.417883e-02
        1350       3.438703e+00       8.198925e-01       1.375931e+00       3.394563e-02       2.207209e-02       2.544109e-02
        1360       3.436133e+00       8.195899e-01       1.374707e+00       1.172150e-02       6.803153e-03       8.665644e-03
        1370       3.437728e+00       8.034057e-01       1.375824e+00       2.460080e-02       1.374334e-02       1.968411e-02
        1380       3.447760e+00       8.061862e-01       1.379833e+00       2.323294e-02       1.070779e-02       1.917882e-02
        1390       3.454074e+00       8.212521e-01       1.382001e+00       1.622339e-02       1.224242e-02       1.465642e-02
        1400       3.457148e+00       8.189829e-01       1.383396e+00       3.784249e-02       1.960099e-02       2.521114e-02
        1410       3.467530e+00       8.116122e-01       1.387715e+00       2.087111e-02       6.191716e-03       1.706248e-02
        1420       3.454186e+00       8.073240e-01       1.382538e+00       3.781736e-02       2.427289e-02       3.120875e-02
        1430       3.445378e+00       8.064574e-01       1.378636e+00       1.003247e-02       5.694501e-03       8.048442e-03
        1440       3.427334e+00       8.125416e-01       1.371888e+00       7.011142e-02       2.590787e-02       4.802040e-02
        1450       3.431136e+00       8.147187e-01       1.373010e+00       2.345225e-02       1.573235e-02       1.965266e-02
        1460       3.438805e+00       7.996682e-01       1.376295e+00       2.527316e-02       1.630666e-02       1.933350e-02
        1470       3.447962e+00       8.063042e-01       1.379800e+00       2.115026e-02       1.080879e-02       1.577290e-02
        1480       3.458562e+00       8.236883e-01       1.383805e+00       1.694346e-02       1.222723e-02       1.478062e-02
        1490       3.460848e+00       8.245462e-01       1.384994e+00       4.461559e-02       2.373132e-02       3.091606e-02
        1500       3.461913e+00       8.227919e-01       1.385166e+00       1.279433e-02       5.670970e-03       1.096823e-02
        1510       3.451400e+00       8.180539e-01       1.381027e+00       2.858944e-02       1.468275e-02       2.064251e-02
        1520       3.449100e+00       8.186851e-01       1.380033e+00       1.407137e-02       5.990242e-03       1.147382e-02
        1530       3.440545e+00       8.278448e-01       1.376651e+00       2.475410e-02       1.608957e-02       1.992566e-02
        1540       3.440055e+00       8.267814e-01       1.376333e+00       1.400107e-02       1.145758e-02       1.238814e-02
        1550       3.447194e+00       8.209486e-01       1.379219e+00       9.646196e-03       6.542036e-03       8.882501e-03
        1560       3.453600e+00       8.268041e-01       1.381779e+00       1.831781e-02       1.024165e-02       1.460508e-02
        1570       3.460186e+00       8.341560e-01       1.384350e+00       1.211977e-02       4.956965e-03       1.038181e-02
        1580       3.461812e+00       8.370483e-01       1.385104e+00       2.217782e-02       1.097162e-02       1.534494e-02
        1590       3.462959e+00       8.365785e-01       1.385499e+00       1.120194e-02       5.603884e-03       9.794097e-03
        1600       3.459792e+00       8.316233e-01       1.384292e+00       2.137432e-02       1.246517e-02       1.636087e-02
        1610       3.455183e+00       8.315135e-01       1.382440e+00       1.453291e-02       8.115227e-03       1.249143e-02
        1620       3.443643e+00       8.356540e-01       1.377874e+00       1.682798e-02       1.094470e-02       1.403581e-02
        1630       3.438966e+00       8.315690e-01       1.376089e+00       1.807167e-02       1.077085e-02       1.386110e-02
        1640       3.444739e+00       8.289169e-01       1.378415e+00       1.605415e-02       8.716316e-03       1.397386e-02
        1650       3.445477e+00       8.343829e-01       1.378733e+00       3.194770e-02       1.758082e-02       2.188171e-02
        1660       3.454722e+00       8.365124e-01       1.382316e+00       1.174188e-02       4.748950e-03       1.012900e-02
        1670       3.455653e+00       8.248050e-01       1.383184e+00       5.934865e-02       2.389476e-02       3.592265e-02
        1680       3.459417e+00       8.370454e-01       1.384353e+00       1.460915e-02       8.667394e-03       1.285200e-02
        1690       3.455351e+00       8.336501e-01       1.382923e+00       3.991684e-02       1.916217e-02       2.819367e-02
        1700       3.447634e+00       8.363035e-01       1.379716e+00       2.163682e-02       1.090320e-02       1.696391e-02
        1710       3.427657e+00       8.214521e-01       1.371818e+00       2.715154e-02       1.218650e-02       2.165009e-02
        1720       3.425419e+00       8.133395e-01       1.371374e+00       5.305501e-02       2.049861e-02       3.669179e-02
        1730       3.442618e+00       8.379698e-01       1.377826e+00       2.050001e-02       1.145928e-02       1.737736e-02
        1740       3.444711e+00       8.361410e-01       1.378699e+00       4.484074e-02       1.499442e-02       2.987908e-02
        1750       3.460354e+00       8.422888e-01       1.384693e+00       1.237272e-02       4.351496e-03       1.021143e-02
        1760       3.462904e+00       8.261425e-01       1.386106e+00       4.849229e-02       2.528852e-02       3.219910e-02
        1770       3.461697e+00       8.346299e-01       1.385256e+00       1.655508e-02       9.379715e-03       1.453291e-02
        1780       3.451858e+00       8.367407e-01       1.381276e+00       2.160360e-02       7.271053e-03       1.523643e-02
        1790       3.444875e+00       8.313539e-01       1.378426e+00       2.008901e-02       1.267047e-02       1.543617e-02
        1800       3.437348e+00       8.287164e-01       1.375494e+00       1.846869e-02       1.208530e-02       1.651221e-02
        1810       3.433980e+00       8.193378e-01       1.374365e+00       3.719804e-02       1.496820e-02       2.553497e-02
        1820       3.443049e+00       8.319532e-01       1.377645e+00       1.042742e-02       7.175833e-03       9.509363e-03
        1830       3.451549e+00       8.303289e-01       1.381186e+00       2.779392e-02       1.601340e-02       2.043440e-02
        1840       3.463714e+00       8.379181e-01       1.385989e+00       1.704765e-02       5.505777e-03       1.412507e-02
        1850       3.462974e+00       8.321625e-01       1.385713e+00       2.276444e-02       1.029978e-02       1.679646e-02
        1860       3.462988e+00       8.344834e-01       1.385587e+00       9.763937e-03       6.387889e-03       7.478361e-03
        1870       3.459423e+00       8.308692e-01       1.384238e+00       1.745687e-02       1.409821e-02       1.572040e-02
        1880       3.451680e+00       8.267744e-01       1.381173e+00       2.214311e-02       1.575948e-02       1.841551e-02
        1890       3.443580e+00       8.338540e-01       1.377793e+00       9.594367e-03       7.740360e-03       9.003477e-03
        1900       3.438117e+00       8.266563e-01       1.375731e+00       2.372749e-02       1.258940e-02       1.684103e-02
        1910       3.445552e+00       8.307072e-01       1.378619e+00       1.357612e-02       5.554115e-03       1.185624e-02
        1920       3.450612e+00       8.252806e-01       1.380756e+00       2.251411e-02       1.452454e-02       1.926842e-02
        1930       3.457150e+00       8.281100e-01       1.383171e+00       7.910129e-03       5.022242e-03       6.819574e-03
        1940       3.459882e+00       8.379105e-01       1.384293e+00       1.822427e-02       9.216089e-03       1.367519e-02
        1950       3.465862e+00       8.400130e-01       1.386839e+00       2.232330e-02       1.879600e-02       2.038425e-02
        1960       3.462345e+00       8.234950e-01       1.385435e+00       1.797320e-02       1.084987e-02       1.568322e-02
        1970       3.445851e+00       8.172916e-01       1.378855e+00       2.770666e-02       9.861702e-03       1.935816e-02
        1980       3.443085e+00       8.307621e-01       1.377610e+00       1.243022e-02       6.215634e-03       1.099925e-02
        1990       3.435912e+00       8.284210e-01       1.375231e+00       3.562220e-02       2.573201e-02       3.348587e-02
        2000       3.437075e+00       8.262915e-01       1.375233e+00       1.313474e-02       6.375471e-03       1.156164e-02
        2010       3.433565e+00       8.090276e-01       1.374097e+00       3.916800e-02       1.310372e-02       2.706550e-02
        2020       3.453894e+00       8.151103e-01       1.382174e+00       2.309541e-02       1.794665e-02       1.981234e-02
        2030       3.464318e+00       8.359813e-01       1.386360e+00       2.944240e-02       2.379022e-02       2.553127e-02
        2040       3.457046e+00       8.291285e-01       1.383451e+00       4.797828e-02       1.504168e-02       3.304354e-02
        2050       3.456654e+00       8.139057e-01       1.383141e+00       7.815813e-03       4.589535e-03       6.757799e-03
        2060       3.445660e+00       8.098402e-01       1.379293e+00       3.926308e-02       2.585714e-02       3.418588e-02
        2070       3.440404e+00       8.190889e-01       1.376629e+00       1.610691e-02       7.051408e-03       1.368097e-02
        2080       3.427968e+00       8.247227e-01       1.371691e+00       3.252109e-02       1.744426e-02       2.582924e-02
        2090       3.440590e+00       8.285672e-01       1.376588e+00       1.425498e-02       1.107913e-02       1.314759e-02
        2100       3.449143e+00       8.184892e-01       1.380165e+00       2.156890e-02       1.497162e-02       1.818085e-02
        2110       3.455960e+00       8.262258e-01       1.382708e+00       1.732530e-02       1.262272e-02       1.441020e-02
        2120       3.464664e+00       8.432477e-01       1.385982e+00       7.085088e-03       5.123029e-03       6.384620e-03
        2130       3.465009e+00       8.435387e-01       1.386232e+00       2.286410e-02       1.254581e-02       1.921856e-02
        2140       3.461781e+00       8.387918e-01       1.384911e+00       1.311341e-02       4.068358e-03       1.101227e-02
        2150       3.450743e+00       8.296956e-01       1.380539e+00       1.493865e-02       1.269525e-02       1.385765e-02
        2160       3.445384e+00       8.368383e-01       1.378285e+00       1.147175e-02       5.639448e-03       9.918606e-03
        2170       3.440455e+00       8.471754e-01       1.376347e+00       2.000544e-02       1.154692e-02       1.490143e-02
        2180       3.440823e+00       8.446550e-01       1.376451e+00       1.512963e-02       8.895742e-03       1.290752e-02
        2190       3.446073e+00       8.368583e-01       1.378557e+00       9.790138e-03       6.257555e-03       8.580806e-03
        2200       3.452418e+00       8.423088e-01       1.381144e+00       1.872492e-02       1.161481e-02       1.454420e-02
        2210       3.462747e+00       8.577729e-01       1.385216e+00       1.420675e-02       4.253195e-03       1.174602e-02
        2220       3.462858e+00       8.511033e-01       1.385310e+00       2.196156e-02       1.152940e-02       1.819400e-02
        2230       3.461226e+00       8.528534e-01       1.384597e+00       1.194490e-02       3.374372e-03       9.973049e-03
        2240       3.451846e+00       8.453030e-01       1.381073e+00       2.573211e-02       1.443831e-02       2.083790e-02
        2250       3.445291e+00       8.482320e-01       1.378336e+00       1.661346e-02       1.020557e-02       1.432981e-02
        2260       3.438630e+00       8.390263e-01       1.375597e+00       1.388791e-02       9.968028e-03       1.149465e-02
        2270       3.435303e+00       8.433620e-01       1.374337e+00       1.740106e-02       1.054789e-02       1.436856e-02
        2280       3.443883e+00       8.421716e-01       1.377799e+00       1.759366e-02       7.358259e-03       1.458449e-02
        2290       3.448394e+00       8.425023e-01       1.379692e+00       2.579476e-02       1.449836e-02       2.112196e-02
        2300       3.457543e+00       8.386870e-01       1.383205e+00       8.252925e-03       5.015764e-03       6.973872e-03
        2310       3.461294e+00       8.405347e-01       1.384961e+00       3.384658e-02       1.814085e-02       2.577154e-02
        2320       3.463064e+00       8.478138e-01       1.385543e+00       2.123172e-02       8.423828e-03       1.737064e-02
        2330       3.450867e+00       8.389176e-01       1.380605e+00       2.045949e-02       7.665501e-03       1.582068e-02
        2340       3.441755e+00       8.365634e-01       1.376875e+00       1.262500e-02       9.026619e-03       1.083950e-02
        2350       3.441516e+00       8.364237e-01       1.376951e+00       2.003784e-02       1.020020e-02       1.655181e-02
        2360       3.436824e+00       8.352877e-01       1.375161e+00       2.708475e-02       1.850251e-02       2.243476e-02
        2370       3.437558e+00       8.322988e-01       1.375161e+00       7.345708e-03       4.039231e-03       5.385813e-03
        2380       3.444485e+00       8.300814e-01       1.378200e+00       3.194591e-02       1.593639e-02       2.476832e-02
        2390       3.461070e+00       8.307476e-01       1.384893e+00       2.277875e-02       6.232719e-03       1.867605e-02
        2400       3.461680e+00       8.382805e-01       1.385119e+00       2.813964e-02       1.344629e-02       2.106078e-02
        2410       3.457896e+00       8.310437e-01       1.383346e+00       9.296404e-03       3.070203e-03       5.242083e-03
        2420       3.456706e+00       8.296243e-01       1.382992e+00       2.067812e-02       1.195645e-02       1.605659e-02
        2430       3.450213e+00       8.276304e-01       1.380511e+00       2.794902e-02       1.450214e-02       2.052836e-02
        2440       3.438060e+00       8.224444e-01       1.375526e+00       1.126217e-02       9.687151e-03       1.048615e-02
        2450       3.431876e+00       8.254667e-01       1.373160e+00       3.066885e-02       1.003969e-02       1.974195e-02
        2460       3.442243e+00       8.232441e-01       1.377274e+00       1.679042e-02       6.534728e-03       1.430195e-02
        2470       3.448270e+00       8.244929e-01       1.379840e+00       3.218763e-02       1.815447e-02       2.523029e-02
        2480       3.456492e+00       8.267584e-01       1.382912e+00       1.151197e-02       7.977303e-03       1.017259e-02
        2490       3.461020e+00       8.295639e-01       1.384765e+00       1.639736e-02       7.426470e-03       1.080653e-02
        2500       3.463983e+00       8.280195e-01       1.386037e+00       2.105754e-02       1.297929e-02       1.666816e-02
        2510       3.460386e+00       8.271627e-01       1.384556e+00       1.791049e-02       8.760787e-03       1.440388e-02
        2520       3.450501e+00       8.255522e-01       1.380495e+00       1.446722e-02       7.940503e-03       1.136306e-02
        2530       3.444175e+00       8.238423e-01       1.377987e+00       9.321103e-03       8.361995e-03       8.853498e-03
        2540       3.442023e+00       8.273322e-01       1.377284e+00       2.342500e-02       1.185629e-02       1.863768e-02
        2550       3.444759e+00       8.236168e-01       1.378303e+00       1.428408e-02       9.101099e-03       1.300060e-02
        2560       3.447145e+00       8.268425e-01       1.379159e+00       1.419679e-02       5.031121e-03       9.796721e-03
        2570       3.455256e+00       8.301724e-01       1.382439e+00       9.696977e-03       8.492243e-03       8.983794e-03
        2580       3.462909e+00       8.327778e-01       1.385612e+00       1.770149e-02       1.122616e-02       1.426690e-02
        2590       3.465020e+00       8.338553e-01       1.386451e+00       1.765619e-02       1.203016e-02       1.349495e-02
        2600       3.463173e+00       8.315950e-01       1.385641e+00       7.611912e-03       4.265981e-03       6.190482e-03
        2610       3.457869e+00       8.318548e-01       1.383569e+00       1.819272e-02       1.045655e-02       1.539200e-02
        2620       3.452483e+00       8.316569e-01       1.381505e+00       1.821190e-02       9.484520e-03       1.574738e-02
        2630       3.439313e+00       8.297180e-01       1.376309e+00       3.022546e-02       1.389638e-02       2.099076e-02
        2640       3.433765e+00       8.215058e-01       1.373968e+00       1.431864e-02       6.465175e-03       8.817109e-03
        2650       3.438812e+00       8.260354e-01       1.376150e+00       2.594624e-02       1.562433e-02       1.918055e-02
        2660       3.447004e+00       8.283367e-01       1.379511e+00       2.750586e-02       1.425867e-02       1.994752e-02
        2670       3.450131e+00       8.292876e-01       1.380631e+00       1.673943e-02       1.100715e-02       1.382601e-02
        2680       3.454583e+00       8.328799e-01       1.382603e+00       3.981160e-02       1.799544e-02       2.496194e-02
        2690       3.466001e+00       8.276736e-01       1.387171e+00       1.775999e-02       1.088436e-02       1.535215e-02
        2700       3.456122e+00       8.317657e-01       1.383390e+00       4.357545e-02       2.564899e-02       3.398343e-02
        2710       3.446982e+00       8.203058e-01       1.379408e+00       1.446521e-02       1.149919e-02       1.337822e-02
        2720       3.430438e+00       8.294472e-01       1.372940e+00       4.395348e-02       1.481118e-02       2.910346e-02
        2730       3.431091e+00       8.293324e-01       1.373109e+00       2.505451e-02       1.943094e-02       2.116607e-02
        2740       3.440013e+00       8.243810e-01       1.376645e+00       2.589173e-02       1.078554e-02       1.884352e-02
        2750       3.444339e+00       8.309562e-01       1.378171e+00       2.341018e-02       1.188525e-02       1.725306e-02
        2760       3.451047e+00       8.349932e-01       1.380764e+00       1.278244e-02       9.778829e-03       1.145495e-02
        2770       3.457496e+00       8.400595e-01       1.383647e+00       3.716916e-02       1.927983e-02       2.677941e-02
        2780       3.462227e+00       8.408576e-01       1.385329e+00       1.725490e-02       8.292817e-03       1.511740e-02
        2790       3.453522e+00       8.351512e-01       1.381747e+00       2.666282e-02       1.291820e-02       1.809300e-02
        2800       3.450047e+00       8.338267e-01       1.380274e+00       1.177157e-02       7.482349e-03       1.018143e-02
        2810       3.443027e+00       8.453385e-01       1.377550e+00       2.019286e-02       1.544641e-02       1.811768e-02
        2820       3.440784e+00       8.444554e-01       1.376565e+00       1.569218e-02       1.239858e-02       1.354000e-02
        2830       3.445322e+00       8.427940e-01       1.378234e+00       7.402290e-03       6.357101e-03       7.136561e-03
        2840       3.451075e+00       8.484678e-01       1.380525e+00       1.608109e-02       9.740699e-03       1.313922e-02
        2850       3.457761e+00       8.519681e-01       1.383226e+00       1.389005e-02       4.481619e-03       1.141923e-02
        2860       3.460334e+00       8.463141e-01       1.384240e+00       1.274617e-02       9.245218e-03       1.111831e-02
        2870       3.461826e+00       8.541821e-01       1.384759e+00       7.650989e-03       4.858562e-03       6.486909e-03
        2880       3.461628e+00       8.586839e-01       1.384677e+00       1.209712e-02       8.543181e-03       1.035075e-02
        2890       3.459121e+00       8.569666e-01       1.383698e+00       1.125525e-02       4.410005e-03       9.543695e-03
        2900       3.453307e+00       8.457599e-01       1.381375e+00       8.291874e-03       6.630847e-03       7.445753e-03
        2910       3.449546e+00       8.431139e-01       1.379865e+00       7.105067e-03       5.910369e-03       6.367474e-03
        2920       3.449946e+00       8.519120e-01       1.380021e+00       9.399649e-03       3.977805e-03       7.836299e-03
        2930       3.450343e+00       8.494090e-01       1.380213e+00       1.325415e-02       7.267343e-03       1.090402e-02
        2940       3.452843e+00       8.476977e-01       1.381244e+00       8.649613e-03       6.368173e-03       8.096124e-03
        2950       3.456168e+00       8.417016e-01       1.382613e+00       1.090764e-02       6.228508e-03       7.804430e-03
        2960       3.461391e+00       8.464183e-01       1.384725e+00       1.156213e-02       5.440947e-03       9.816550e-03
        2970       3.465649e+00       8.430196e-01       1.386435e+00       1.272888e-02       8.755436e-03       1.147474e-02
        2980       3.464195e+00       8.359818e-01       1.385891e+00       9.993839e-03       7.395823e-03       9.046668e-03
        2990       3.459027e+00       8.337996e-01       1.383887e+00       9.463776e-03       8.305559e-03       8.748947e-03
        3000       3.454149e+00       8.351733e-01       1.382003e+00       1.677408e-02       1.165691e-02       1.392633e-02
        3010       3.450326e+00       8.276669e-01       1.380424e+00       1.364049e-02       7.653465e-03       1.189336e-02
        3020       3.442713e+00       8.203521e-01       1.377402e+00       1.891978e-02       7.729258e-03       1.233020e-02
        3030       3.443394e+00       8.180169e-01       1.377711e+00       9.493854e-03       6.855526e-03       8.183481e-03
        3040       3.445641e+00       8.197204e-01       1.378810e+00       1.936482e-02       1.311105e-02       1.679878e-02
        3050       3.452128e+00       8.193696e-01       1.381346e+00       1.671884e-02       1.121252e-02       1.413695e-02
        3060       3.460755e+00       8.188268e-01       1.384675e+00       1.039787e-02       8.497108e-03       9.299075e-03
        3070       3.463776e+00       8.117364e-01       1.386132e+00       2.280053e-02       1.461586e-02       1.837509e-02
        3080       3.463794e+00       8.118185e-01       1.386217e+00       2.058078e-02       1.259743e-02       1.688799e-02
        3090       3.453986e+00       8.140942e-01       1.382342e+00       3.718787e-02       2.095736e-02       2.608189e-02
        3100       3.447843e+00       8.059278e-01       1.379671e+00       1.252634e-02       8.335084e-03       9.943683e-03
        3110       3.439818e+00       8.060347e-01       1.376645e+00       2.971911e-02       1.910805e-02       2.257325e-02
        3120       3.441302e+00       8.032405e-01       1.377217e+00       2.194537e-02       1.042688e-02       1.767756e-02
        3130       3.435820e+00       8.029243e-01       1.375075e+00       2.371668e-02       1.038057e-02       1.857536e-02
        3140       3.441959e+00       8.089294e-01       1.377371e+00       2.846444e-02       1.124186e-02       1.939204e-02
        3150       3.459495e+00       8.106917e-01       1.384401e+00       1.611012e-02       8.480339e-03       1.327276e-02
        3160       3.459221e+00       8.096330e-01       1.384510e+00       3.566666e-02       2.491016e-02       3.059740e-02
        3170       3.456209e+00       8.087517e-01       1.383037e+00       1.332237e-02       9.239476e-03       1.161031e-02
        3180       3.446555e+00       8.085177e-01       1.379281e+00       3.166536e-02       1.771253e-02       2.264251e-02
        3190       3.447468e+00       8.081658e-01       1.379620e+00       2.138090e-02       1.430823e-02       1.906038e-02
        3200       3.443814e+00       8.141542e-01       1.378143e+00       2.338626e-02       1.811923e-02       2.117070e-02
        3210       3.442849e+00       8.124256e-01       1.377561e+00       1.381577e-02       6.892296e-03       9.922746e-03
        3220       3.447367e+00       8.171926e-01       1.379325e+00       1.377395e-02       1.035608e-02       1.170770e-02
        3230       3.456118e+00       8.258435e-01       1.382843e+00       2.189550e-02       1.417977e-02       1.639049e-02
        3240       3.461223e+00       8.290458e-01       1.384820e+00       1.209184e-02       5.278580e-03       1.012642e-02
        3250       3.459336e+00       8.336902e-01       1.383967e+00       1.142583e-02       8.341501e-03       1.008556e-02
        3260       3.460278e+00       8.339820e-01       1.384345e+00       1.012809e-02       6.185790e-03       8.452044e-03
        3270       3.457469e+00       8.345752e-01       1.383244e+00       1.769271e-02       1.251556e-02       1.481959e-02
        3280       3.452564e+00       8.372316e-01       1.381224e+00       1.312774e-02       8.855729e-03       1.110025e-02
        3290       3.447906e+00       8.394983e-01       1.379383e+00       1.092872e-02       2.964405e-03       6.098028e-03
        3300       3.446296e+00       8.384414e-01       1.378811e+00       1.482243e-02       1.194554e-02       1.289231e-02
        3310       3.448700e+00       8.403261e-01       1.379772e+00       1.683663e-02       9.437194e-03       1.390745e-02
        3320       3.449511e+00       8.425722e-01       1.380033e+00       1.751357e-02       1.021984e-02       1.324621e-02
        3330       3.453481e+00       8.448386e-01       1.381584e+00       6.339143e-03       4.061903e-03       4.798523e-03
        3340       3.458300e+00       8.430914e-01       1.383704e+00       1.909122e-02       1.269806e-02       1.645168e-02
        3350       3.463113e+00       8.467096e-01       1.385668e+00       1.806070e-02       6.932910e-03       1.539170e-02
        3360       3.456789e+00       8.521485e-01       1.382929e+00       1.567216e-02       8.266235e-03       1.337438e-02
        3370       3.449991e+00       8.480912e-01       1.380162e+00       1.235117e-02       7.617781e-03       9.818973e-03
        3380       3.448768e+00       8.337426e-01       1.379968e+00       1.629773e-02       1.148835e-02       1.408146e-02
        3390       3.442283e+00       8.351745e-01       1.377510e+00       2.967981e-02       1.572951e-02       2.347783e-02
        3400       3.439475e+00       8.287423e-01       1.376129e+00       9.983707e-03       7.302818e-03       9.173505e-03
        3410       3.438564e+00       8.412196e-01       1.375696e+00       2.364104e-02       1.607922e-02       1.883828e-02
        3420       3.450048e+00       8.439183e-01       1.380370e+00       2.212032e-02       8.142483e-03       1.818578e-02
        3430       3.456466e+00       8.359279e-01       1.383155e+00       2.442368e-02       1.662077e-02       2.100318e-02
        3440       3.456186e+00       8.307263e-01       1.382819e+00       1.023263e-02       4.052006e-03       6.248848e-03
        3450       3.457098e+00       8.373153e-01       1.383110e+00       1.708201e-02       1.149558e-02       1.467623e-02
        3460       3.456072e+00       8.400820e-01       1.382861e+00       2.805208e-02       1.935777e-02       2.277113e-02
        3470       3.446928e+00       8.380604e-01       1.379119e+00       1.471271e-02       1.143742e-02       1.325913e-02
        3480       3.435175e+00       8.220655e-01       1.374529e+00       1.955175e-02       1.035181e-02       1.437403e-02
        3490       3.441048e+00       8.172125e-01       1.376878e+00       1.396312e-02       4.825627e-03       1.119067e-02
        3500       3.443905e+00       8.342289e-01       1.377958e+00       2.522517e-02       1.872820e-02       2.234328e-02
        3510       3.446842e+00       8.342988e-01       1.378984e+00       1.763761e-02       1.156248e-02       1.487056e-02
        3520       3.453301e+00       8.335804e-01       1.381618e+00       1.485885e-02       5.060643e-03       7.892794e-03
        3530       3.459457e+00       8.268516e-01       1.384254e+00       2.207528e-02       9.174122e-03       1.720616e-02
        3540       3.462401e+00       8.283006e-01       1.385397e+00       1.952949e-02       1.211959e-02       1.770435e-02
        3550       3.454609e+00       8.393558e-01       1.382043e+00       1.638207e-02       1.121763e-02       1.374742e-02
        3560       3.447988e+00       8.394153e-01       1.379296e+00       7.260298e-03       3.632049e-03       6.119143e-03
        3570       3.445648e+00       8.318271e-01       1.378596e+00       1.821137e-02       1.224777e-02       1.621290e-02
        3580       3.446505e+00       8.289370e-01       1.378886e+00       1.639995e-02       8.096589e-03       1.419281e-02
        3590       3.446041e+00       8.401188e-01       1.378511e+00       8.916224e-03       6.890076e-03       8.021228e-03
        3600       3.449371e+00       8.446621e-01       1.379844e+00       1.019167e-02       4.629505e-03       8.221584e-03
        3610       3.456421e+00       8.481591e-01       1.382720e+00       1.380597e-02       9.260604e-03       1.186142e-02
        3620       3.459893e+00       8.424236e-01       1.384165e+00       1.637468e-02       6.508476e-03       1.299139e-02
        3630       3.461364e+00       8.422249e-01       1.384681e+00       8.385871e-03       6.523536e-03       7.582733e-03
        3640       3.459599e+00       8.468464e-01       1.383927e+00       8.796122e-03       7.580133e-03       8.298079e-03
        3650       3.457525e+00       8.462819e-01       1.383154e+00       1.529875e-02       8.576686e-03       1.346895e-02
        3660       3.453277e+00       8.484891e-01       1.381443e+00       1.391426e-02       9.063021e-03       1.186502e-02
        3670       3.447119e+00       8.434483e-01       1.378932e+00       7.487424e-03       4.659031e-03       6.034445e-03
        3680       3.446858e+00       8.300316e-01       1.378965e+00       1.161103e-02       8.427877e-03       1.066792e-02
        3690       3.448871e+00       8.242350e-01       1.379937e+00       2.112958e-02       4.796360e-03       1.552898e-02
        3700       3.449385e+00       8.291149e-01       1.379981e+00       1.315822e-02       1.121109e-02       1.205625e-02
        3710       3.450540e+00       8.302758e-01       1.380470e+00       1.934555e-02       1.043466e-02       1.590072e-02
        3720       3.461509e+00       8.303968e-01       1.384969e+00       1.879121e-02       1.421070e-02       1.584476e-02
        3730       3.462156e+00       8.152177e-01       1.385447e+00       2.418186e-02       1.476048e-02       2.078683e-02
        3740       3.452796e+00       8.142491e-01       1.381579e+00       2.002962e-02       1.195892e-02       1.550337e-02
        3750       3.445979e+00       8.248085e-01       1.378652e+00       1.715787e-02       9.562217e-03       1.373356e-02
        3760       3.438498e+00       8.238683e-01       1.375801e+00       2.499402e-02       1.696977e-02       2.067465e-02
        3770       3.438404e+00       8.142245e-01       1.375898e+00       1.928470e-02       1.279654e-02       1.620681e-02
        3780       3.437569e+00       8.061962e-01       1.375638e+00       1.999686e-02       1.286257e-02       1.596818e-02
        3790       3.447002e+00       8.167048e-01       1.379263e+00       1.794890e-02       9.964800e-03       1.468855e-02
        3800       3.455873e+00       8.262233e-01       1.382836e+00       2.929333e-02       1.581083e-02       2.449145e-02
        3810       3.459905e+00       8.258879e-01       1.384342e+00       1.687545e-02       1.479595e-02       1.598275e-02
        3820       3.461624e+00       8.121962e-01       1.385182e+00       1.297421e-02       9.649551e-03       1.116141e-02
        3830       3.457864e+00       8.138324e-01       1.383773e+00       2.677113e-02       1.050868e-02       2.003100e-02
        3840       3.449616e+00       8.252792e-01       1.380213e+00       1.826892e-02       1.187438e-02       1.537158e-02
        3850       3.439456e+00       8.252647e-01       1.376039e+00       1.579462e-02       1.215592e-02       1.389056e-02
        3860       3.441056e+00       8.230047e-01       1.376738e+00       1.677422e-02       1.086472e-02       1.374154e-02
        3870       3.443803e+00       8.144867e-01       1.378064e+00       1.681223e-02       1.136867e-02       1.414071e-02
        3880       3.449020e+00       8.236038e-01       1.380008e+00       1.502923e-02       1.043976e-02       1.384894e-02
        3890       3.455784e+00       8.341899e-01       1.382539e+00       1.182973e-02       8.345477e-03       1.012260e-02
        3900       3.460330e+00       8.354236e-01       1.384349e+00       1.200248e-02       9.131462e-03       1.042312e-02
        3910       3.463816e+00       8.300098e-01       1.385855e+00       1.492930e-02       8.701418e-03       1.269558e-02
        3920       3.462219e+00       8.290062e-01       1.385257e+00       1.308756e-02       9.370670e-03       1.155957e-02
        3930       3.457140e+00       8.372315e-01       1.383117e+00       9.051147e-03       7.131240e-03       7.951437e-03
        3940       3.452535e+00       8.408176e-01       1.381220e+00       1.195408e-02       9.509234e-03       1.084113e-02
        3950       3.450776e+00       8.396664e-01       1.380522e+00       1.367904e-02       8.579651e-03       1.140279e-02
        3960       3.448638e+00       8.339240e-01       1.379694e+00       9.395783e-03       5.885090e-03       8.286992e-03
        3970       3.449566e+00       8.396807e-01       1.380025e+00       9.347354e-03       6.105917e-03       7.312281e-03
        3980       3.454197e+00       8.501177e-01       1.381869e+00       1.053074e-02       7.394666e-03       9.420703e-03
        3990       3.457819e+00       8.532953e-01       1.383285e+00       1.167945e-02       6.072215e-03       1.038252e-02
        4000       3.460254e+00       8.517884e-01       1.384190e+00       7.728200e-03       5.394680e-03       6.599507e-03
        4010       3.461826e+00       8.505578e-01       1.384861e+00       7.297127e-03       6.353479e-03       6.854223e-03
        4020       3.462906e+00       8.504222e-01       1.385369e+00       1.221218e-02       7.383334e-03       1.061338e-02
        4030       3.460140e+00       8.463591e-01       1.384245e+00       1.292333e-02       9.220421e-03       1.107093e-02
        4040       3.453961e+00       8.492321e-01       1.381668e+00       7.742449e-03       6.248333e-03       6.917464e-03
        4050       3.449066e+00       8.518389e-01       1.379712e+00       8.268130e-03       3.773207e-03       6.748265e-03
        4060       3.447490e+00       8.471761e-01       1.379195e+00       1.677484e-02       8.323423e-03       1.388993e-02
        4070       3.446009e+00       8.359583e-01       1.378656e+00       1.368375e-02       9.265707e-03       1.210188e-02
        4080       3.445106e+00       8.331122e-01       1.378221e+00       1.087737e-02       4.670814e-03       8.338002e-03
        4090       3.452850e+00       8.416837e-01       1.381273e+00       1.394938e-02       6.859711e-03       1.134145e-02
        4100       3.457994e+00       8.446159e-01       1.383474e+00       2.169340e-02       1.488963e-02       1.911938e-02
        4110       3.460782e+00       8.374588e-01       1.384594e+00       1.583508e-02       1.223102e-02       1.410070e-02
        4120       3.458636e+00       8.209656e-01       1.383850e+00       1.406035e-02       8.164198e-03       1.174894e-02
        4130       3.452748e+00       8.287167e-01       1.381413e+00       1.777806e-02       8.870116e-03       1.358011e-02
        4140       3.445292e+00       8.368273e-01       1.378430e+00       2.259448e-02       1.333290e-02       2.006866e-02
        4150       3.436410e+00       8.318208e-01       1.374832e+00       2.089680e-02       1.283858e-02       1.808799e-02
        4160       3.433879e+00       8.223054e-01       1.373852e+00       1.026575e-02       6.753856e-03       8.084487e-03
        4170       3.439342e+00       8.154605e-01       1.376389e+00       2.906331e-02       1.658119e-02       2.400623e-02
        4180       3.452789e+00       8.309525e-01       1.381577e+00       2.374789e-02       8.727405e-03       1.914750e-02
        4190       3.451517e+00       8.374953e-01       1.380917e+00       3.083859e-02       1.741720e-02       2.405165e-02
        4200       3.456187e+00       8.291583e-01       1.382700e+00       1.213185e-02       6.571869e-03       9.706096e-03
        4210       3.461231e+00       8.165078e-01       1.385170e+00       2.591319e-02       1.520934e-02       2.173025e-02
        4220       3.452643e+00       8.230463e-01       1.381570e+00       2.892912e-02       1.394764e-02       2.373678e-02
        4230       3.439197e+00       8.297722e-01       1.375856e+00       1.302552e-02       4.942171e-03       9.233572e-03
        4240       3.432226e+00       8.292919e-01       1.373185e+00       3.070858e-02       1.488241e-02       2.376332e-02
        4250       3.440988e+00       8.250371e-01       1.376797e+00       2.144018e-02       1.048220e-02       1.764610e-02
        4260       3.446739e+00       8.178156e-01       1.379257e+00       2.317821e-02       1.516966e-02       2.049557e-02
        4270       3.452317e+00       8.337625e-01       1.381085e+00       7.794598e-03       4.913822e-03       6.540347e-03
        4280       3.458162e+00       8.459440e-01       1.383385e+00       1.465362e-02       1.004077e-02       1.232325e-02
        4290       3.464181e+00       8.457954e-01       1.385883e+00       1.982242e-02       1.172408e-02       1.667650e-02
        4300       3.461420e+00       8.393010e-01       1.384752e+00       1.371279e-02       8.325205e-03       1.182507e-02
        4310       3.455015e+00       8.410457e-01       1.382114e+00       1.077242e-02       4.129552e-03       7.144867e-03
        4320       3.452589e+00       8.428857e-01       1.381195e+00       1.121618e-02       4.260965e-03       9.708665e-03
        4330       3.447903e+00       8.449515e-01       1.379373e+00       1.997128e-02       1.272328e-02       1.628278e-02
        4340       3.444611e+00       8.431542e-01       1.377967e+00       1.117788e-02       6.095679e-03       9.784250e-03
        4350       3.444843e+00       8.432922e-01       1.378054e+00       1.053599e-02       4.224523e-03       6.857282e-03
        4360       3.451510e+00       8.381239e-01       1.380759e+00       1.259778e-02       9.387425e-03       1.158562e-02
        4370       3.458437e+00       8.315914e-01       1.383650e+00       1.780077e-02       9.003375e-03       1.556280e-02
        4380       3.459638e+00       8.358536e-01       1.384047e+00       1.450639e-02       1.118455e-02       1.211625e-02
        4390       3.459457e+00       8.368253e-01       1.383879e+00       5.402258e-03       4.885993e-03       5.189867e-03
        4400       3.459506e+00       8.316582e-01       1.384144e+00       2.061791e-02       1.371038e-02       1.835108e-02
        4410       3.457550e+00       8.228723e-01       1.383479e+00       1.903694e-02       4.937748e-03       1.602108e-02
        4420       3.442620e+00       8.194127e-01       1.377495e+00       2.156646e-02       1.300526e-02       1.715956e-02
        4430       3.436880e+00       8.178836e-01       1.375040e+00       9.607117e-03       5.886229e-03       7.317280e-03
        4440       3.440520e+00       8.239359e-01       1.376631e+00       2.153990e-02       1.976690e-02       2.065233e-02
        4450       3.445955e+00       8.178404e-01       1.378874e+00       2.349790e-02       1.314561e-02       1.889851e-02
        4460       3.451947e+00       8.108147e-01       1.381273e+00       9.007975e-03       6.779798e-03       8.320789e-03
        4470       3.455689e+00       8.229567e-01       1.382769e+00       2.167930e-02       9.299590e-03       1.668827e-02
        4480       3.462043e+00       8.255249e-01       1.385255e+00       1.810259e-02       7.880524e-03       1.496726e-02
        4490       3.458598e+00       8.256986e-01       1.384025e+00       3.423114e-02       1.990278e-02       2.761123e-02
        4500       3.452154e+00       8.211603e-01       1.381239e+00       1.178012e-02       7.086731e-03       1.033824e-02
        4510       3.441312e+00       8.152404e-01       1.377097e+00       1.855508e-02       1.048272e-02       1.585488e-02
        4520       3.439167e+00       8.191185e-01       1.376234e+00       2.264909e-02       1.279054e-02       1.896968e-02
        4530       3.437294e+00       8.239766e-01       1.375306e+00       2.000359e-02       1.513236e-02       1.746711e-02
        4540       3.438828e+00       8.176582e-01       1.375958e+00       2.031643e-02       9.363673e-03       1.598480e-02
        4550       3.451506e+00       8.179178e-01       1.381160e+00       1.515399e-02       1.163986e-02       1.358160e-02
        4560       3.458081e+00       8.284862e-01       1.383956e+00       2.803890e-02       1.705546e-02       2.374501e-02
        4570       3.460758e+00       8.260689e-01       1.384769e+00       1.528582e-02       7.448605e-03       1.265112e-02
        4580       3.456621e+00       8.325673e-01       1.383041e+00       3.213772e-02       1.958770e-02       2.393658e-02
        4590       3.455402e+00       8.294053e-01       1.382603e+00       1.505084e-02       1.009475e-02       1.286388e-02
        4600       3.448994e+00       8.251275e-01       1.380221e+00       2.497983e-02       1.514623e-02       2.090461e-02
        4610       3.441823e+00       8.319475e-01       1.377222e+00       1.676641e-02       1.184101e-02       1.395544e-02
        4620       3.437108e+00       8.335956e-01       1.375145e+00       1.403517e-02       1.045828e-02       1.256187e-02
        4630       3.441070e+00       8.321651e-01       1.376892e+00       2.721394e-02       1.101588e-02       2.142008e-02
        4640       3.451250e+00       8.374167e-01       1.381013e+00       1.662306e-02       7.448063e-03       1.454110e-02
        4650       3.452671e+00       8.406939e-01       1.381571e+00       1.994525e-02       1.335288e-02       1.659592e-02
        4660       3.458796e+00       8.405241e-01       1.383891e+00       1.031527e-02       4.606015e-03       8.966281e-03
        4670       3.460572e+00       8.487691e-01       1.384584e+00       2.310198e-02       1.319258e-02       1.882646e-02
        4680       3.457004e+00       8.437756e-01       1.383136e+00       1.437994e-02       9.738411e-03       1.198329e-02
        4690       3.450851e+00       8.434788e-01       1.380741e+00       1.293187e-02       1.004209e-02       1.154702e-02
        4700       3.446872e+00       8.400891e-01       1.379227e+00       1.820024e-02       1.356527e-02       1.544939e-02
        4710       3.443329e+00       8.405546e-01       1.377687e+00       1.598917e-02       1.004844e-02       1.297492e-02
        4720       3.440967e+00       8.393515e-01       1.376755e+00       2.707798e-02       1.546780e-02       2.169877e-02
        4730       3.448316e+00       8.296143e-01       1.379730e+00       1.243328e-02       7.121831e-03       1.087017e-02
        4740       3.453711e+00       8.329474e-01       1.382019e+00       2.491411e-02       1.738374e-02       1.996504e-02
        4750       3.460813e+00       8.325818e-01       1.384809e+00       1.569856e-02       1.007908e-02       1.414458e-02
        4760       3.459105e+00       8.320568e-01       1.384011e+00       2.480501e-02       1.133649e-02       1.738354e-02
        4770       3.455470e+00       8.321012e-01       1.382561e+00       1.819057e-02       1.130126e-02       1.501474e-02
        4780       3.451006e+00       8.191704e-01       1.381079e+00       2.107418e-02       1.042688e-02       1.864542e-02
        4790       3.437508e+00       8.157706e-01       1.375843e+00       2.646635e-02       1.303065e-02       2.187657e-02
        4800       3.430666e+00       8.198444e-01       1.372695e+00       1.443275e-02       9.712489e-03       1.148578e-02
        4810       3.425787e+00       8.176097e-01       1.371240e+00       6.611892e-02       3.368531e-02       4.745024e-02
        4820       3.441322e+00       8.131011e-01       1.377217e+00       2.043087e-02       9.349817e-03       1.685824e-02
        4830       3.447758e+00       8.102943e-01       1.380003e+00       3.889996e-02       2.189391e-02       2.939713e-02
        4840       3.461810e+00       8.077936e-01       1.385573e+00       1.210634e-02       8.664521e-03       1.004127e-02
        4850       3.460022e+00       8.172805e-01       1.384866e+00       3.585670e-02       2.776440e-02       3.053069e-02
        4860       3.454057e+00       8.205141e-01       1.382436e+00       3.708043e-02       2.480997e-02       3.131731e-02
        4870       3.447729e+00       8.041747e-01       1.379859e+00       1.197148e-02       7.529994e-03       1.067319e-02
        4880       3.436662e+00       8.074769e-01       1.375475e+00       2.500341e-02       1.818618e-02       2.190400e-02
        4890       3.441137e+00       8.155849e-01       1.377001e+00       1.764139e-02       8.338874e-03       1.529610e-02
        4900       3.439472e+00       8.208110e-01       1.376286e+00       3.207000e-02       1.703079e-02       2.429299e-02
        4910       3.445187e+00       8.244707e-01       1.378267e+00       6.702756e-03       4.026564e-03       5.173291e-03
        4920       3.453179e+00       8.188182e-01       1.381649e+00       1.460422e-02       1.089562e-02       1.224212e-02
        4930       3.463171e+00       8.223129e-01       1.385727e+00       1.857084e-02       7.924929e-03       1.584184e-02
        4940       3.463103e+00       8.318285e-01       1.385476e+00       1.371510e-02       9.165425e-03       1.224373e-02
        4950       3.457890e+00       8.310182e-01       1.383331e+00       1.497784e-02       8.290373e-03       1.077214e-02
        4960       3.457488e+00       8.246088e-01       1.383301e+00       1.187505e-02       6.259272e-03       1.042526e-02
        4970       3.452918e+00       8.225009e-01       1.381620e+00       2.504478e-02       1.065704e-02       1.960479e-02
        4980       3.447649e+00       8.225213e-01       1.379348e+00       1.119837e-02       7.059494e-03       1.002742e-02
        4990       3.440786e+00       8.291141e-01       1.376510e+00       1.775592e-02       5.828406e-03       1.194581e-02
        5000       3.445234e+00       8.321709e-01       1.378321e+00       1.474600e-02       1.152071e-02       1.356748e-02
