2019-09-01 09:05:09.477324: I tensorflow/core/platform/cpu_feature_guard.cc:141] Your CPU supports instructions that this TensorFlow binary was not compiled to use: AVX AVX2 FMA
2019-09-01 09:05:09.761263: I tensorflow/core/common_runtime/gpu/gpu_device.cc:1432] Found device 0 with properties: 
name: GeForce RTX 2080 Ti major: 7 minor: 5 memoryClockRate(GHz): 1.635
pciBusID: 0000:0a:00.0
totalMemory: 10.73GiB freeMemory: 10.53GiB
2019-09-01 09:05:09.883602: I tensorflow/core/common_runtime/gpu/gpu_device.cc:1432] Found device 1 with properties: 
name: GeForce RTX 2080 Ti major: 7 minor: 5 memoryClockRate(GHz): 1.635
pciBusID: 0000:0b:00.0
totalMemory: 10.73GiB freeMemory: 10.53GiB
2019-09-01 09:05:10.010592: I tensorflow/stream_executor/cuda/cuda_gpu_executor.cc:964] successful NUMA node read from SysFS had negative value (-1), but there must be at least one NUMA node, so returning NUMA node zero
2019-09-01 09:05:10.011722: I tensorflow/core/common_runtime/gpu/gpu_device.cc:1432] Found device 2 with properties: 
name: GeForce RTX 2080 Ti major: 7 minor: 5 memoryClockRate(GHz): 1.635
pciBusID: 0000:42:00.0
totalMemory: 10.73GiB  >>> Info of model(s):
  using   4 model(s): ../graph.002.pb ../graph.000.pb ../graph.003.pb ../graph.001.pb 
  rcut in model:      5
  ntypes in model:    2
Neighbor list info ...
  update every 1 steps, delay 10 steps, check yes
  max neighbors/atom: 2000, page size: 100000
  master list distance cutoff = 6
  ghost atom cutoff = 6
  binsize = 3, bins = 4 4 4
  1 neighbor lists, perpetual/occasional/extra = 1 0 0
  (1) pair deepmd, perpetual
      attributes: , newton on
      pair build: full/bin/atomonly
      stencil: full/bin/3d
      bin: standard
Setting up Verlet run ...
  Unit style    : metal
  Current step  : 0
  Time step     : 0.002
Per MPI rank memory allocation (min/avg/max) = 3.934 | 3.934 | 3.934 Mbytes
Step Temp PotEng KinEng TotEng Press Volume Lx Ly Lz Xy Xz Yz 
       0          100   -219.74234  0.051704058   -219.69064   -333.71447         1000           10           10           10            0            0            0 
      10    49.137236   -219.71382  0.025405945   -219.68842   -110.13832         1000           10           10           10            0            0            0 
      20    89.746709   -219.73474  0.046402691   -219.68834    87.148242         1000           10           10           10            0            0            0 
      30     53.05235   -219.71147  0.027430218   -219.68404    293.30654         1000           10           10           10            0            0            0 
      40    120.64131   -219.74452  0.062376453   -219.68215    289.41675         1000           10           10           10            0            0            0 
      50    44.848495   -219.69745  0.023188492   -219.67426    352.67694         1000           10           10           10            0            0            0 
      60    86.419291   -219.71102   0.04468228   -219.66634    143.27113         1000           10           10           10            0            0            0 
      70    120.77556   -219.72069  0.062445867   -219.65824   -107.67185         1000           10           10           10            0            0            0 
      80    86.852413    -219.6876  0.044906222    -219.6427   -367.49893         1000           10           10           10            0            0            0 
      90    150.80193    -219.7101  0.077970715   -219.63212   -415.42247         1000           10           10           10            0            0            0 
     100    74.534506   -219.65664  0.038537364    -219.6181   -248.86129         1000           10           10           10            0            0            0 
     110    206.68213   -219.72094   0.10686305   -219.61408   -107.52555         1000           10           10           10            0            0            0 
     120    93.727462   -219.65469  0.048460901   -219.60623    383.09355         1000           10           10           10            0            0            0 
     130    159.00623     -219.689  0.082212671   -219.60679    329.67615         1000           10           10           10            0            0            0 
     140     135.9236   -219.67939  0.070278017   -219.60911     367.1815         1000           10           10           10            0            0            0 
     150    137.13282   -219.68301  0.070903234    -219.6121    54.206342         1000           10           10           10            0            0            0 
     160    157.23222   -219.69874   0.08129544   -219.61745    -158.5569         1000           10           10           10            0            0            0 
     170    83.930396    -219.6635  0.043395421    -219.6201   -237.02449         1000           10           10           10            0            0            0 
     180    179.48084   -219.72064  0.092798879   -219.62784   -347.78452         1000           10           10           10            0            0            0 
     190    59.638531   -219.66149  0.030835541   -219.63065   -16.414091         1000           10           10           10            0            0            0 
     200    144.11801   -219.71283  0.074514861   -219.63831    118.18936         1000           10           10           10            0            0            0 
     210    90.715037   -219.68916  0.046903355   -219.64225    336.12683         1000           10           10           10            0            0            0 
     220    121.05761   -219.71061  0.062591696   -219.64802    214.70545         1000           10           10           10            0            0            0 
     230    104.27359    -219.7066  0.053913678   -219.65269    175.27916         1000           10           10           10            0            0            0 
     240    80.056925   -219.69745  0.041392679   -219.65606   -68.834507         1000           10           10           10            0            0            0 
     250    134.35434   -219.73058  0.069466645   -219.66111   -306.21503         1000           10           10           10            0            0            0 
     260    53.324556   -219.68933  0.027570959   -219.66176   -229.36318         1000           10           10           10            0            0            0 
     270    103.68868   -219.71926  0.053611255   -219.66564   -258.57604         1000           10           10           10            0            0            0 
     280    57.330698   -219.69708  0.029642297   -219.66744    2.9428725         1000           10           10           10            0            0            0 
     290    111.77836   -219.72831  0.057793948   -219.67051    113.53523         1000           10           10           10            0            0            0 
     300    64.492343   -219.70403  0.033345158   -219.67069    342.51684         1000           10           10           10            0            0            0 
     310    65.743224   -219.70532  0.033991915   -219.67133    361.96467         1000           10           10           10            0            0            0 
     320    103.13125   -219.72732  0.053323043     -219.674    206.42481         1000           10           10           10            0            0            0 
     330    63.474158   -219.70584  0.032818715   -219.67302    19.728737         1000           10           10           10            0            0            0 
     340    95.907434    -219.7231  0.049588035   -219.67351   -199.95884         1000           10           10           10            0            0            0 
     350    42.494196   -219.69262  0.021971224   -219.67065    -249.9277         1000           10           10           10            0            0            0 
     360     113.7526   -219.72818  0.058814708   -219.66936   -399.72845         1000           10           10           10            0            0            0 
     370    69.716953    -219.7011  0.036046494   -219.66506   -134.15144         1000           10           10           10            0            0            0 
     380    83.083999   -219.70118  0.042957799   -219.65822    37.111186         1000           10           10           10            0            0            0 
     390    93.020303       -219.7  0.048095271    -219.6519    256.89813         1000           10           10           10            0            0            0 
     400    107.90131   -219.69901  0.055789354   -219.64322    402.24688         1000           10           10           10            0            0            0 
     410    128.14368   -219.70148  0.066255483   -219.63522    370.52087         1000           10           10           10            0            0            0 
     420    53.112223   -219.65165  0.027461174   -219.62418    246.13829         1000           10           10           10            0            0            0 
     430     175.4219   -219.71178  0.090700242   -219.62108   -174.23849         1000           10           10           10            0            0            0 
     440    103.47012   -219.66621  0.053498251   -219.61271    -322.1938         1000           10           10           10            0            0            0 
     450    133.64889    -219.6766  0.069101901   -219.60749   -371.03461         1000           10           10           10            0            0            0 
     460    103.60111   -219.66018  0.053565977   -219.60661   -76.037581         1000           10           10           10            0            0            0 
     470    154.55592    -219.6876  0.079911685   -219.60769   -56.583691         1000           10           10           10            0            0            0 
     480    159.37372   -219.69471   0.08240268   -219.61231    262.66999         1000           10           10           10            0            0            0 
     490    95.415906   -219.66543  0.049333895    -219.6161    416.83444         1000           10           10           10            0            0            0 
     500    133.55053   -219.69442  0.069051043   -219.62537    171.96275         1000           10           10           10            0            0            0 
     510    109.01595   -219.69338  0.056365672   -219.63702    31.560212         1000           10           10           10            0            0            0 
     520    113.22533   -219.70564  0.058542088    -219.6471   -208.50758         1000           10           10           10            0            0            0 
     530    40.446462   -219.67727  0.020912462   -219.65636   -195.20779         1000           10           10           10            0            0            0 
     540    104.57966   -219.72156  0.054071929   -219.66749   -234.61335         1000           10           10           10            0            0            0 
     550    77.822105   -219.71438  0.040237186   -219.67414    -49.79977         1000           10           10           10            0            0            0 
     560     61.97019   -219.71029  0.032041103   -219.67824    104.06885         1000           10           10           10            0            0            0 
     570    64.133672   -219.71481  0.033159711   -219.68165    236.87794         1000           10           10           10            0            0            0 
     580    73.228555   -219.72231  0.037862135   -219.68445    220.09031         1000           10           10           10            0            0            0 
     590    81.844011   -219.72699  0.042316675   -219.68467    118.56915         1000           10           10           10            0            0            0 
     600    36.801995   -219.70265  0.019028125   -219.68363    103.97575         1000           10           10           10            0            0            0 
     610    76.501187    -219.7228  0.039554218   -219.68325    -165.4712         1000           10           10           10            0            0            0 
     620    63.479628   -219.71435  0.032821544   -219.68153   -235.23051         1000           10           10           10            0            0            0 
     630    86.091411    -219.7239  0.044512753   -219.67939    -263.1335         1000           10           10           10            0            0            0 
     640    43.480202   -219.69736  0.022481029   -219.67488   -117.78118         1000           10           10           10            0            0            0 
     650    84.598891   -219.71694   0.04374106    -219.6732    18.843569         1000           10           10           10            0            0            0 
     660    99.202314   -219.72114  0.051291622   -219.66985    160.00333         1000           10           10           10            0            0            0 
     670    53.072375   -219.69187  0.027440572   -219.66443      330.936         1000           10           10           10            0            0            0 
     680    94.097004   -219.71078   0.04865197   -219.66213    285.49624         1000           10           10           10            0            0            0 
     690     76.33552   -219.69851  0.039468562   -219.65904    177.42546         1000           10           10           10            0            0            0 
     700    127.90573   -219.72412  0.066132454   -219.65799   -155.15213         1000           10           10           10            0            0            0 
     710    58.250923   -219.68421  0.030118091   -219.65409   -169.24295         1000           10           10           10            0            0            0 
     720    107.74833   -219.70959  0.055710261   -219.65388   -353.58115         1000           10           10           10            0            0            0 
     730    104.52166    -219.7074   0.05404194   -219.65336   -344.71804         1000           10           10           10            0            0            0 
     740    106.76962   -219.70842  0.055204225   -219.65322   -94.100881         1000           10           10           10            0            0            0 
     750    89.764938   -219.69762  0.046412116    -219.6512    112.12731         1000           10           10           10            0            0            0 
     760    69.944367   -219.68679  0.036164076   -219.65062    330.81948         1000           10           10           10            0            0            0 
     770    155.85143   -219.73331  0.080581512   -219.65273    243.93921         1000           10           10           10            0            0            0 
     780    59.957619    -219.6807  0.031000522    -219.6497    255.69317         1000           10           10           10            0            0            0 
     790    121.20394   -219.71449  0.062667357   -219.65182   0.45016944         1000           10           10           10            0            0            0 
     800    87.651285   -219.69608  0.045319271   -219.65076   -158.14504         1000           10           10           10            0            0            0 
     810    127.91976   -219.71834  0.066139707    -219.6522   -355.21077         1000           10           10           10            0            0            0 
     820    96.257381   -219.70193  0.049768972   -219.65216   -270.64667         1000           10           10           10            0            0            0 
     830    85.551656   -219.69655  0.044233678   -219.65232   -78.767986         1000           10           10           10            0            0            0 
     840    140.03053   -219.72674  0.072401466   -219.65434   -64.833584         1000           10           10           10            0            0            0 
     850    77.865412   -219.69434  0.040259578   -219.65408    263.27385         1000           10           10           10            0            0            0 
     860    125.75208   -219.72044   0.06501893   -219.65542    216.80566         1000           10           10           10            0            0            0 
     870    58.929767   -219.68702  0.030469081   -219.65655    163.96183         1000           10           10           10            0            0            0 
     880    153.11549   -219.74182   0.07916692   -219.66266   -93.951685         1000           10           10           10            0            0            0 
     890    75.519432   -219.70141  0.039046611   -219.66236   -186.09709         1000           10           10           10            0            0            0 
     900    78.605432   -219.70827  0.040642198   -219.66762   -224.79877         1000           10           10           10            0            0            0 
     910    109.01917   -219.72878  0.056367336   -219.67242   -260.12343         1000           10           10           10            0            0            0 
     920    73.875142   -219.71417  0.038196446   -219.67597    -103.7636         1000           10           10           10            0            0            0 
     930    107.55787   -219.73636  0.055611786   -219.68075    7.4648657         1000           10           10           10            0            0            0 
     940    37.612419   -219.70117  0.019447147   -219.68173    272.52145         1000           10           10           10            0            0            0 
     950     113.1497   -219.74479  0.058502987   -219.68629    183.63355         1000           10           10           10            0            0            0 
     960     63.80687   -219.72028  0.032990741   -219.68729    172.23766         1000           10           10           10            0            0            0 
     970    84.853237   -219.73275  0.043872567   -219.68887    40.835437         1000           10           10           10            0            0            0 
     980    65.926898     -219.722  0.034086881   -219.68791   -145.33909         1000           10           10           10            0            0            0 
     990    74.803988   -219.72684  0.038676698   -219.68817   -230.63738         1000           10           10           10            0            0            0 
    1000    98.109201   -219.73671  0.050726438   -219.68598   -322.05861         1000           10           10           10            0            0            0 
    1010    34.294349    -219.6985   0.01773157   -219.68077   -171.28455         1000           10           10           10            0            0            0 
    1020    123.95244   -219.74275  0.064088439   -219.67866   -128.40359         1000           10           10           10            0            0            0 
    1030    67.701199   -219.70538  0.035004267   -219.67038    149.77896         1000           10           10           10            0            0            0 
    1040    124.19223   -219.72623  0.064212422   -219.66202     255.0299         1000           10           10           10            0            0            0 
    1050    85.713199   -219.69539  0.044317202   -219.65107    344.48911         1000           10           10           10            0            0            0 
    1060    137.51621   -219.71248  0.071101459   -219.64138    209.70953         1000           10           10           10            0            0            0 
    1070    136.68028   -219.70141   0.07066925   -219.63074   -92.262467         1000           10           10           10            0            0            0 
    1080     89.18091   -219.66808  0.046110149   -219.62197     -83.8809         1000           10           10           10            0            0            0 
    1090    175.04415   -219.70575   0.09050493   -219.61524   -385.98178         1000           10           10           10            0            0            0 
    1100    90.414541    -219.6574  0.046747987   -219.61066   -229.46863         1000           10           10           10            0            0            0 
    1110    221.24874   -219.72902   0.11439458   -219.61463   -114.19459         1000           10           10           10            0            0            0 
    1120     73.85285   -219.64849   0.03818492   -219.61031    172.20818         1000           10           10           10            0            0            0 
    1130    206.90425   -219.72806   0.10697789   -219.62109    249.37551         1000           10           10           10            0            0            0 
    1140    135.76123     -219.692  0.070194065    -219.6218    161.57415         1000           10           10           10            0            0            0 
    1150    85.093616   -219.67231  0.043996852   -219.62831    96.147485         1000           10           10           10            0            0            0 
    1160    153.85696   -219.71736  0.079550289   -219.63781   -187.28975         1000           10           10           10            0            0            0 
    1170    87.213677   -219.68899   0.04509301    -219.6439   -233.88838         1000           10           10           10            0            0            0 
    1180     150.1885   -219.73012  0.077653551   -219.65247   -256.15512         1000           10           10           10            0            0            0 
    1190    39.551549   -219.67603  0.020449756   -219.65558   -45.292264         1000           10           10           10            0            0            0 
    1200    143.29398   -219.73921    0.0740888   -219.66512    13.241978         1000           10           10           10            0            0            0 
    1210     78.30715   -219.70721  0.040487974   -219.66672    163.87606         1000           10           10           10            0            0            0 
    1220     91.15221   -219.71787  0.047129391   -219.67074     275.9477         1000           10           10           10            0            0            0 
    1230    79.836298   -219.71209  0.041278606   -219.67081    211.26689         1000           10           10           10            0            0            0 
    1240    69.515299    -219.7076   0.03594223   -219.67165    53.095907         1000           10           10           10            0            0            0 
    1250    140.64897   -219.74612  0.072721227    -219.6734   -163.31564         1000           10           10           10            0            0            0 
    1260    30.052986   -219.68432  0.015538613   -219.66878   -166.42725         1000           10           10           10            0            0            0 
    1270    123.12416   -219.73491  0.063660186   -219.67125    -262.2023         1000           10           10           10            0            0            0 
    1280    68.164081   -219.70319  0.035243596   -219.66794   -186.73288         1000           10           10           10            0            0            0 
    1290    116.73107   -219.72828  0.060354701   -219.66793   -42.609569         1000           10           10           10            0            0            0 
    1300    60.720414   -219.69522  0.031394918   -219.66382    196.93593         1000           10           10           10            0            0            0 
    1310    78.024028   -219.70287  0.040341589   -219.66253    273.57163         1000           10           10           10            0            0            0 
    1320     143.6729   -219.73613  0.074284719   -219.66185    233.32501         1000           10           10           10            0            0            0 
    1330    52.481124   -219.68263  0.027134871   -219.65549    203.15332         1000           10           10           10            0            0            0 
    1340    144.98847   -219.72996  0.074964924   -219.65499   -5.1166096         1000           10           10           10            0            0            0 
    1350    48.555275   -219.67225  0.025105048   -219.64715   -148.49415         1000           10           10           10            0            0            0 
    1360    173.89602   -219.73771  0.089911297    -219.6478   -346.13144         1000           10           10           10            0            0            0 
    1370    71.470659    -219.6768  0.036953231   -219.63984   -166.50883         1000           10           10           10            0            0            0 
    1380     103.2465   -219.68841  0.053382632   -219.63503   -14.840816         1000           10           10           10            0            0            0 
    1390    147.87848    -219.7081  0.076459178   -219.63164    111.37171         1000           10           10           10            0            0            0 
    1400    95.816212   -219.67405   0.04954087   -219.62451    270.04355         1000           10           10           10            0            0            0 
    1410     181.4178   -219.71606  0.093800364   -219.62226    324.98379         1000           10           10           10            0            0            0 
    1420    52.675338   -219.64037  0.027235287   -219.61314    202.47651         1000           10           10           10            0            0            0 
    1430    240.65888   -219.73961   0.12443041   -219.61518   -139.45823         1000           10           10           10            0            0            0 
    1440    60.359254   -219.63655  0.031208184   -219.60534   -165.66755         1000           10           10           10            0            0            0 
    1450    167.19479   -219.69533  0.086446489   -219.60888   -338.56894         1000           10           10           10            0            0            0 
    1460    128.44668   -219.67532  0.066412144    -219.6089   -120.52511         1000           10           10           10            0            0            0 
    1470    140.68089   -219.68843   0.07273773   -219.61569     40.17438         1000           10           10           10            0            0            0 
    1480    169.23928    -219.7111  0.087503575   -219.62359    191.63973         1000           10           10           10            0            0            0 
    1490    45.815723   -219.65522  0.023688588   -219.63154    360.29278         1000           10           10           10            0            0            0 
    1500     179.8194   -219.74212  0.092973926   -219.64914    164.70993         1000           10           10           10            0            0            0 
    1510    43.295828   -219.67815    0.0223857   -219.65576    63.079196         1000           10           10           10            0            0            0 
    1520    134.75242   -219.73878   0.06967247   -219.66911   -127.00573         1000           10           10           10            0            0            0 
    1530    38.106021   -219.69241  0.019702359   -219.67271   -159.40647         1000           10           10           10            0            0            0 
    1540    81.641591   -219.72246  0.042212015   -219.68025   -259.47541         1000           10           10           10            0            0            0 
    1550    85.825349   -219.72831  0.044375188   -219.68393   -133.51772         1000           10           10           10            0            0            0 
    1560    43.444766   -219.70751  0.022462707   -219.68505    19.698342         1000           10           10           10            0            0            0 
    1570    100.72234   -219.74006  0.052077537   -219.68798    97.096598         1000           10           10           10            0            0            0 
    1580    25.569569   -219.69872  0.013220505    -219.6855    258.54681         1000           10           10           10            0            0            0 
    1590     111.3599   -219.74528  0.057577587   -219.68771    147.92709         1000           10           10           10            0            0            0 
    1600    30.825973   -219.69934  0.015938279    -219.6834    159.04784         1000           10           10           10            0            0            0 
    1610    98.406416   -219.73367   0.05088011   -219.68279   -6.8426485         1000           10           10           10            0            0            0 
    1620    57.938546   -219.70708   0.02995658   -219.67712   -132.73452         1000           10           10           10            0            0            0 
    1630    68.023894   -219.70574  0.035171114   -219.67057   -219.57241         1000           10           10           10            0            0            0 
    1640    115.27368   -219.72359   0.05960117   -219.66398   -197.66991         1000           10           10           10            0            0            0 
    1650    41.792674   -219.67109  0.021608508   -219.64948   -55.521679         1000           10           10           10            0            0            0 
    1660    188.56447   -219.73982  0.097495485   -219.64232    15.548882         1000           10           10           10            0            0            0 
    1670    38.546955   -219.64252   0.01993034   -219.62259    335.80066         1000           10           10           10            0            0            0 
    1680    200.94429   -219.72021   0.10389635   -219.61632    184.04668         1000           10           10           10            0            0            0 
    1690    87.694559   -219.65023  0.045341646   -219.60488    207.37161         1000           10           10           10            0            0            0 
    1700    177.55927   -219.69693  0.091805346   -219.60513   -49.116165         1000           10           10           10            0            0            0 
    1710    148.33756   -219.67977  0.076696538   -219.60307   -318.36299         1000           10           10           10            0            0            0 
    1720    74.497988   -219.64162  0.038518483    -219.6031   -250.34456         1000           10           10           10            0            0            0 
    1730    198.34639   -219.71374   0.10255313   -219.61119   -209.08715         1000           10           10           10            0            0            0 
    1740    52.739902    -219.6383   0.02726867   -219.61103    32.751703         1000           10           10           10            0            0            0 
    1750    222.63256   -219.73745   0.11511007   -219.62234     147.4905         1000           10           10           10            0            0            0 
    1760    33.190245   -219.63837  0.017160704   -219.62121    434.75647         1000           10           10           10            0            0            0 
    1770    161.29808   -219.71622  0.083397654   -219.63282    213.80716         1000           10           10           10            0            0            0 
    1780    103.42375   -219.68934  0.053474277   -219.63587    89.611993         1000           10           10           10            0            0            0 
    1790    108.68639    -219.6992  0.056195273   -219.64301   -106.12579         1000           10           10           10            0            0            0 
    1800    113.54294   -219.70602  0.058706308   -219.64731   -290.03374         1000           10           10           10            0            0            0 
    1810    38.595427   -219.67076  0.019955402    -219.6508   -193.66026         1000           10           10           10            0            0            0 
    1820     162.5267   -219.74328  0.084032897   -219.65925   -247.86337         1000           10           10           10            0            0            0 
    1830    29.164913   -219.67378  0.015079444    -219.6587    53.071489         1000           10           10           10            0            0            0 
    1840    129.59578   -219.73266  0.067006279   -219.66565    171.48925         1000           10           10           10            0            0            0 
    1850    43.743044   -219.68794  0.022616929   -219.66532    296.80474         1000           10           10           10            0            0            0 
    1860    111.96076   -219.72886  0.057888254   -219.67097    219.04695         1000           10           10           10            0            0            0 
    1870    74.734983   -219.70959  0.038641019   -219.67095     149.6856         1000           10           10           10            0            0            0 
    1880    40.038357   -219.69271  0.020701455   -219.67201    26.893268         1000           10           10           10            0            0            0 
    1890    124.14317   -219.73995  0.064187058   -219.67577   -238.40762         1000           10           10           10            0            0            0 
    1900    32.516664   -219.69005  0.016812435   -219.67324   -189.35359         1000           10           10           10            0            0            0 
    1910    122.07589   -219.73985   0.06311819   -219.67673   -215.27959         1000           10           10           10            0            0            0 
    1920    21.448609   -219.68351  0.011089801   -219.67242  -0.31316329         1000           10           10           10            0            0            0 
    1930    132.36102   -219.74263  0.068436016    -219.6742    54.967265         1000           10           10           10            0            0            0 
    1940    74.056863   -219.70705  0.038290403   -219.66876    212.06865         1000           10           10           10            0            0            0 
    1950    62.939979   -219.69341  0.032542523   -219.66087    328.86327         1000           10           10           10            0            0            0 
    1960    123.18257    -219.7196  0.063690387   -219.65591    199.01811         1000           10           10           10            0            0            0 
    1970    68.306773   -219.67938  0.035317374   -219.64406    38.028176         1000           10           10           10            0            0            0 
    1980    200.47868   -219.74267   0.10365561   -219.63901   -230.18736         1000           10           10           10            0            0            0 
    1990    15.566744   -219.62992 0.0080486384   -219.62187   -176.91389         1000           10           10           10            0            0            0 
    2000    220.33166    -219.7343   0.11392041   -219.62038   -322.05869         1000           10           10           10            0            0            0 
    2010    109.41577   -219.66758  0.056572395     -219.611   -105.90229         1000           10           10           10            0            0            0 
    2020    161.33519   -219.69042   0.08341684     -219.607    146.39181         1000           10           10           10            0            0            0 
    2030    136.39103   -219.67476  0.070519696   -219.60424    360.91549         1000           10           10           10            0            0            0 
    2040     103.9608   -219.65654  0.053751953   -219.60279     366.0979         1000           10           10           10            0            0            0 
    2050    248.77168    -219.7412   0.12862506   -219.61258    112.36579         1000           10           10           10            0            0            0 
    2060    27.195567   -219.62539  0.014061212   -219.61133     51.31202         1000           10           10           10            0            0            0 
    2070    205.44745   -219.73446   0.10622467   -219.62824   -276.21801         1000           10           10           10            0            0            0 
    2080    65.045239   -219.66818  0.033631028   -219.63455   -299.65835         1000           10           10           10            0            0            0 
    2090    148.87806   -219.72674  0.076975998   -219.64977   -257.68351         1000           10           10           10            0            0            0 
    2100    67.762403   -219.69305  0.035035912   -219.65801    16.728029         1000           10           10           10            0            0            0 
    2110    72.291735   -219.70529  0.037377761   -219.66791    136.79014         1000           10           10           10            0            0            0 
    2120    135.70274   -219.74685  0.070163826   -219.67668    211.61276         1000           10           10           10            0            0            0 
    2130    35.192058   -219.69536  0.018195722   -219.67717    277.19815         1000           10           10           10            0            0            0 
    2140    123.26309   -219.74731  0.063732017   -219.68357    122.56858         1000           10           10           10            0            0            0 
    2150    36.839064   -219.70137  0.019047291   -219.68232    35.887826         1000           10           10           10            0            0            0 
    2160    120.50629   -219.74786  0.062306645   -219.68556    -216.6599         1000           10           10           10            0            0            0 
    2170    45.069708   -219.70646  0.023302868   -219.68316   -200.96766         1000           10           10           10            0            0            0 
    2180    79.630589   -219.72337  0.041172246   -219.68219   -252.70394         1000           10           10           10            0            0            0 
    2190    103.96177   -219.73603  0.053752453   -219.68228   -155.21518         1000           10           10           10            0            0            0 
    2200    54.807854   -219.70605  0.028337885   -219.67771    39.779681         1000           10           10           10            0            0            0 
    2210    130.76522   -219.74557  0.067610924   -219.67796    151.99391         1000           10           10           10            0            0            0 
    2220    43.498712   -219.69413  0.022490599   -219.67164    270.68711         1000           10           10           10            0            0            0 
    2230    156.19518   -219.75268  0.080759244   -219.67192    120.26304         1000           10           10           10            0            0            0 
    2240    38.537944   -219.68445  0.019925681   -219.66453    127.95931         1000           10           10           10            0            0            0 
    2250    118.75784   -219.72461  0.061402625    -219.6632   -153.34437         1000           10           10           10            0            0            0 
    2260    109.94476   -219.71738  0.056845902   -219.66053   -241.54504         1000           10           10           10            0            0            0 
    2270    89.056002   -219.70148  0.046045567   -219.65544   -295.62161         1000           10           10           10            0            0            0 
    2280    136.49183   -219.72618  0.070571816   -219.65561   -204.19086         1000           10           10           10            0            0            0 
    2290     59.33804   -219.68128  0.030680175    -219.6506    27.303749         1000           10           10           10            0            0            0 
    2300    190.44446   -219.75208  0.098467516   -219.65361    72.499868         1000           10           10           10            0            0            0 
    2310    34.742233   -219.66609  0.017963144   -219.64813    367.82076         1000           10           10           10            0            0            0 
    2320    146.36241   -219.72678  0.075675305   -219.65111    189.97653         1000           10           10           10            0            0            0 
    2330    91.676424    -219.6971  0.047400432    -219.6497    90.324521         1000           10           10           10            0            0            0 
    2340    129.06029   -219.71688  0.066729407   -219.65016   -162.78478         1000           10           10           10            0            0            0 
    2350    119.69817   -219.71272  0.061888811   -219.65083   -222.36191         1000           10           10           10            0            0            0 
    2360    59.155532   -219.67904   0.03058581   -219.64846   -246.72217         1000           10           10           10            0            0            0 
    2370     182.0151   -219.74754  0.094109194   -219.65343   -337.06261         1000           10           10           10            0            0            0 
    2380    50.567751   -219.67614  0.026145579      -219.65    24.177675         1000           10           10           10            0            0            0 
    2390    139.35281   -219.72427  0.072051058   -219.65222    124.63512         1000           10           10           10            0            0            0 
    2400    53.342251   -219.67927  0.027580109   -219.65169    342.62113         1000           10           10           10            0            0            0 
    2410    152.61288   -219.73435   0.07890705   -219.65544    131.22259         1000           10           10           10            0            0            0 
    2420    100.34165   -219.70699  0.051880706   -219.65511     111.4234         1000           10           10           10            0            0            0 
    2430    71.426379   -219.69172  0.036930336   -219.65479   -17.362117         1000           10           10           10            0            0            0 
    2440      138.426   -219.72929   0.07157186   -219.65772   -301.54187         1000           10           10           10            0            0            0 
    2450    61.739473   -219.68876  0.031921813   -219.65684   -254.86954         1000           10           10           10            0            0            0 
    2460    145.68719   -219.73608  0.075326191   -219.66076    -278.1005         1000           10           10           10            0            0            0 
    2470    18.320033   -219.66848 0.0094722005   -219.65901    48.146844         1000           10           10           10            0            0            0 
    2480    139.23505   -219.73755  0.071990169   -219.66556    49.287963         1000           10           10           10            0            0            0 
    2490    79.288627   -219.70922  0.040995438   -219.66822     234.8467         1000           10           10           10            0            0            0 
    2500    70.669126   -219.70924  0.036538806    -219.6727    234.83943         1000           10           10           10            0            0            0 
    2510    83.230274   -219.72163  0.043033429    -219.6786    123.96275         1000           10           10           10            0            0            0 
    2520    54.995001   -219.71182  0.028434647   -219.68338   -22.290997         1000           10           10           10            0            0            0 
    2530    105.89015   -219.74304  0.054749505   -219.68829   -245.13248         1000           10           10           10            0            0            0 
    2540     7.602067   -219.69307 0.0039305771   -219.68914   -151.94875         1000           10           10           10            0            0            0 
    2550    85.641334    -219.7383  0.044280045   -219.69402     -251.068         1000           10           10           10            0            0            0 
    2560    40.083125   -219.71529  0.020724602   -219.69457   -102.12798         1000           10           10           10            0            0            0 
    2570    75.384082   -219.73511   0.03897663   -219.69613 0.0071515632         1000           10           10           10            0            0            0 
    2580    43.976035   -219.71743  0.022737395    -219.6947    178.37872         1000           10           10           10            0            0            0 
    2590    37.495397   -219.71194  0.019386642   -219.69256    248.68031         1000           10           10           10            0            0            0 
    2600    100.00817   -219.74369   0.05170828   -219.69198    157.85348         1000           10           10           10            0            0            0 
    2610    26.288446   -219.69853  0.013592193   -219.68493    147.23911         1000           10           10           10            0            0            0 
    2620    96.746538   -219.73015  0.050021886   -219.68013    -86.12496         1000           10           10           10            0            0            0 
    2630    28.977703   -219.68475  0.014982648   -219.66977     -147.748         1000           10           10           10            0            0            0 
    2640    133.17342   -219.73071  0.068856062   -219.66186   -402.91147         1000           10           10           10            0            0            0 
    2650    73.229122    -219.6889  0.037862428   -219.65104   -238.91783         1000           10           10           10            0            0            0 
    2660     93.23261   -219.68956  0.048205043   -219.64136   -78.710502         1000           10           10           10            0            0            0 
    2670    139.35165   -219.70746  0.072050457   -219.63541    14.018614         1000           10           10           10            0            0            0 
    2680    73.070656    -219.6647  0.037780494   -219.62692    264.55751         1000           10           10           10            0            0            0 
    2690    186.90878   -219.72307  0.096639423   -219.62643    264.14253         1000           10           10           10            0            0            0 
    2700    21.494481   -219.63062  0.011113519    -219.6195    278.77223         1000           10           10           10            0            0            0 
    2710    194.09165   -219.72605   0.10035326    -219.6257   -123.49994         1000           10           10           10            0            0            0 
    2720    89.488697   -219.67014  0.046269288   -219.62387   -207.91932         1000           10           10           10            0            0            0 
    2730    116.91356   -219.68748  0.060449057   -219.62703   -362.22663         1000           10           10           10            0            0            0 
    2740    120.12808   -219.69339  0.062111091   -219.63128   -225.23896         1000           10           10           10            0            0            0 
    2750    109.28854   -219.69319  0.056506612   -219.63668   -96.398088         1000           10           10           10            0            0            0 
    2760    158.20817   -219.72463  0.081800045   -219.64283   -12.839738         1000           10           10           10            0            0            0 
    2770    36.263464   -219.66353  0.018749683   -219.64478    284.84256         1000           10           10           10            0            0            0 
    2780     153.6018   -219.73371  0.079418361   -219.65429    159.61531         1000           10           10           10            0            0            0 
    2790     57.68421   -219.68765  0.029825077   -219.65783     107.8713         1000           10           10           10            0            0            0 
    2800    132.45035   -219.73606  0.068482204   -219.66758   -80.010359         1000           10           10           10            0            0            0 
    2810    58.059239   -219.70092  0.030018982    -219.6709   -134.15732         1000           10           10           10            0            0            0 
    2820    69.328415   -219.71511  0.035845604   -219.67926     -226.093         1000           10           10           10            0            0            0 
    2830    105.56537   -219.74169  0.054581582   -219.68711   -196.25621         1000           10           10           10            0            0            0 
    2840    44.714308   -219.71665  0.023119112   -219.69353   -43.627154         1000           10           10           10            0            0            0 
    2850    81.962195   -219.74506  0.042377781   -219.70268    23.714499         1000           10           10           10            0            0            0 
    2860    27.185836   -219.72301   0.01405618   -219.70895      163.347         1000           10           10           10            0            0            0 
    2870    73.249389   -219.75498  0.037872906   -219.71711    103.00029         1000           10           10           10            0            0            0 
    2880    29.757941   -219.73523  0.015386063   -219.71985    118.14268         1000           10           10           10            0            0            0 
    2890    43.960382   -219.74609  0.022729301   -219.72337    41.104191         1000           10           10           10            0            0            0 
    2900    41.163017   -219.74553   0.02128295   -219.72425   -61.089666         1000           10           10           10            0            0            0 
    2910    31.894599   -219.74039  0.016490802    -219.7239   -123.80004         1000           10           10           10            0            0            0 
    2920    56.025987   -219.75268  0.028967709   -219.72372   -163.77442         1000           10           10           10            0            0            0 
    2930    15.107258   -219.72818 0.0078110652   -219.72037   -110.45485         1000           10           10           10            0            0            0 
    2940    64.491074   -219.75335  0.033344502   -219.72001   -97.729822         1000           10           10           10            0            0            0 
    2950    30.061158   -219.73205  0.015542839    -219.7165     47.78655         1000           10           10           10            0            0            0 
    2960    51.560011   -219.74054  0.026658618   -219.71388    106.71507         1000           10           10           10            0            0            0 
    2970    40.531224   -219.73159  0.020956288   -219.71064    205.46894         1000           10           10           10            0            0            0 
    2980    50.662832   -219.73294   0.02619474   -219.70674    185.17051         1000           10           10           10            0            0            0 
    2990    68.857641   -219.73904  0.035602194   -219.70344    79.554534         1000           10           10           10            0            0            0 
    3000    26.805129   -219.71089   0.01385934   -219.69703    50.039547         1000           10           10           10            0            0            0 
    3010     88.93655    -219.7397  0.045983805   -219.69372   -128.74463         1000           10           10           10            0            0            0 
    3020    35.428912   -219.70421  0.018318185   -219.68589   -191.56915         1000           10           10           10            0            0            0 
    3030    111.73906   -219.74012   0.05777363   -219.68234    -236.8359         1000           10           10           10            0            0            0 
    3040    43.659667   -219.69634   0.02257382   -219.67377   -83.409825         1000           10           10           10            0            0            0 
    3050    74.846788   -219.70586  0.038698827   -219.66716    16.070594         1000           10           10           10            0            0            0 
    3060    118.75049   -219.72521  0.061398823   -219.66382    176.72678         1000           10           10           10            0            0            0 
    3070    66.836899   -219.68881  0.034557389   -219.65425    272.37399         1000           10           10           10            0            0            0 
    3080    120.10542   -219.71288  0.062099376   -219.65078    228.32229         1000           10           10           10            0            0            0 
    3090    51.782884   -219.66955  0.026773852   -219.64277    202.59537         1000           10           10           10            0            0            0 
    3100    164.38697    -219.7265  0.084994732    -219.6415   -92.578374         1000           10           10           10            0            0            0 
    3110    59.788483   -219.66517  0.030913072   -219.63426   -135.85487         1000           10           10           10            0            0            0 
    3120    140.34781   -219.70618  0.072565515   -219.63361   -209.38661         1000           10           10           10            0            0            0 
    3130    99.970348   -219.68211  0.051688726   -219.63042   -173.19295         1000           10           10           10            0            0            0 
    3140    112.44345   -219.68628  0.058137827   -219.62814   -53.500962         1000           10           10           10            0            0            0 
    3150    156.77396   -219.71202  0.081058497   -219.63096    180.10897         1000           10           10           10            0            0            0 
    3160     52.70074   -219.65469  0.027248421   -219.62744    229.40515         1000           10           10           10            0            0            0 
    3170    177.62213   -219.72691  0.091837848   -219.63507    88.066778         1000           10           10           10            0            0            0 
    3180    82.138571    -219.6794  0.042468974   -219.63693    65.083694         1000           10           10           10            0            0            0 
    3190    116.72419    -219.7038  0.060351141   -219.64345   -97.272922         1000           10           10           10            0            0            0 
    3200    58.629001   -219.68223  0.030313573   -219.65191   -94.758741         1000           10           10           10            0            0            0 
    3210    113.32825   -219.72488  0.058595307   -219.66628   -196.25721         1000           10           10           10            0            0            0 
    3220    81.465396   -219.71826  0.042120916   -219.67614   -103.77612         1000           10           10           10            0            0            0 
    3230    40.646075   -219.70666   0.02101567   -219.68564     73.13741         1000           10           10           10            0            0            0 
    3240    81.035994   -219.73607  0.041898897   -219.69417    120.42972         1000           10           10           10            0            0            0 
    3250    41.661539   -219.71914  0.021540706    -219.6976    134.24372         1000           10           10           10            0            0            0 
    3260    85.045365   -219.74599  0.043971905   -219.70202    85.558922         1000           10           10           10            0            0            0 
    3270    23.877382   -219.71346  0.012345576   -219.70111    85.622201         1000           10           10           10            0            0            0 
    3280    62.685927   -219.73462  0.032411168   -219.70221   -60.609123         1000           10           10           10            0            0            0 
    3290    64.527354   -219.73494   0.03336326   -219.70158   -127.17266         1000           10           10           10            0            0            0 
    3300    51.191942   -219.72498  0.026468311   -219.69852    -170.7442         1000           10           10           10            0            0            0 
    3310    59.613651   -219.72669  0.030822677   -219.69586   -145.16611         1000           10           10           10            0            0            0 
    3320    45.296139   -219.71466  0.023419942   -219.69124   -64.197801         1000           10           10           10            0            0            0 
    3330    112.36962   -219.74669  0.058099651   -219.68859   -32.528449         1000           10           10           10            0            0            0 
    3340    37.722594   -219.69932  0.019504112   -219.67982    161.91799         1000           10           10           10            0            0            0 
    3350    94.879142   -219.72401  0.049056366   -219.67496     181.3716         1000           10           10           10            0            0            0 
    3360    78.265141   -219.70907  0.040466254    -219.6686    131.06794         1000           10           10           10            0            0            0 
    3370    106.26272   -219.71917  0.054942138   -219.66422   -20.486823         1000           10           10           10            0            0            0 
    3380    105.19938   -219.71464  0.054392348   -219.66025   -59.616517         1000           10           10           10            0            0            0 
    3390    50.823049   -219.68031  0.026277579   -219.65404   -153.91679         1000           10           10           10            0            0            0 
    3400    144.56487   -219.72994  0.074745905   -219.65519   -283.76806         1000           10           10           10            0            0            0 
    3410    88.103203   -219.69746  0.045552931    -219.6519   -172.10681         1000           10           10           10            0            0            0 
    3420    117.23469   -219.71165   0.06061509   -219.65104   -65.774766         1000           10           10           10            0            0            0 
    3430    66.955856    -219.6833  0.034618895   -219.64868    172.40554         1000           10           10           10            0            0            0 
    3440    144.72562   -219.72507  0.074829016   -219.65024    129.16601         1000           10           10           10            0            0            0 
    3450    115.74681   -219.70813    0.0598458   -219.64828    137.09692         1000           10           10           10            0            0            0 
    3460    71.696461   -219.68441   0.03706998   -219.64734    105.77415         1000           10           10           10            0            0            0 
    3470    138.10581   -219.72085   0.07140631   -219.64944   -92.895979         1000           10           10           10            0            0            0 
    3480      82.8289   -219.69043  0.042825902   -219.64761   -209.25468         1000           10           10           10            0            0            0 
    3490    144.36309   -219.72545  0.074641574    -219.6508   -234.51093         1000           10           10           10            0            0            0 
    3500    63.303691   -219.68114  0.032730577   -219.64841   -100.99861         1000           10           10           10            0            0            0 
    3510    110.78349   -219.70905  0.057279558   -219.65177   -92.681445         1000           10           10           10            0            0            0 
    3520    127.89526   -219.72143  0.066127041    -219.6553    81.261199         1000           10           10           10            0            0            0 
    3530    86.514935   -219.70048  0.044731732   -219.65575    187.34979         1000           10           10           10            0            0            0 
    3540    91.832233   -219.70742  0.047480991   -219.65994    211.59449         1000           10           10           10            0            0            0 
    3550    81.702233   -219.70783   0.04224337   -219.66559     83.11575         1000           10           10           10            0            0            0 
    3560    127.67846   -219.73888  0.066014943   -219.67287    -122.4722         1000           10           10           10            0            0            0 
    3570    49.714592   -219.70252  0.025704461   -219.67681   -101.92172         1000           10           10           10            0            0            0 
    3580    78.008845   -219.72513  0.040333738    -219.6848   -151.08662         1000           10           10           10            0            0            0 
    3590     77.29815   -219.73047   0.03996628   -219.69051   -156.73226         1000           10           10           10            0            0            0 
    3600    67.972958   -219.73008  0.035144778   -219.69493   -104.07026         1000           10           10           10            0            0            0 
    3610    66.275837   -219.73296  0.034267297   -219.69869    36.290782         1000           10           10           10            0            0            0 
    3620    40.568496   -219.72127  0.020975559   -219.70029    119.97818         1000           10           10           10            0            0            0 
    3630    79.073623   -219.74407  0.040884272   -219.70318     126.8329         1000           10           10           10            0            0            0 
    3640    54.185113   -219.73084  0.028015902   -219.70282    126.07698         1000           10           10           10            0            0            0 
    3650    58.236794   -219.73213  0.030110786   -219.70202    35.141817         1000           10           10           10            0            0            0 
    3660    53.449009    -219.7276  0.027635307   -219.69997   -23.265823         1000           10           10           10            0            0            0 
    3670    76.439238   -219.73626  0.039522188   -219.69674   -141.59918         1000           10           10           10            0            0            0 
    3680    73.578575   -219.72882  0.038043109   -219.69077   -142.50258         1000           10           10           10            0            0            0 
    3690    55.496819   -219.70944  0.028694107   -219.68074   -88.907689         1000           10           10           10            0            0            0 
    3700    107.35576   -219.72694  0.055507282   -219.67143    -72.51426         1000           10           10           10            0            0            0 
    3710    81.719078    -219.7009  0.042252079   -219.65865    47.565487         1000           10           10           10            0            0            0 
    3720    126.67178   -219.71506   0.06549445   -219.64956    214.58787         1000           10           10           10            0            0            0 
    3730    93.000567   -219.68798  0.048085067   -219.63989    270.07383         1000           10           10           10            0            0            0 
    3740    122.60861   -219.69946  0.063393626   -219.63607    79.042922         1000           10           10           10            0            0            0 
    3750     148.5352   -219.71086  0.076798725   -219.63406   -43.332786         1000           10           10           10            0            0            0 
    3760     105.2469   -219.68455  0.054416917   -219.63013    -228.4685         1000           10           10           10            0            0            0 
    3770    127.53573   -219.69706  0.065941147   -219.63112   -193.41435         1000           10           10           10            0            0            0 
    3780    112.77942   -219.68906  0.058311537   -219.63075    -170.8175         1000           10           10           10            0            0            0 
    3790    147.80733   -219.71087  0.076422386   -219.63445   -80.986329         1000           10           10           10            0            0            0 
    3800     83.82021   -219.67834   0.04333845     -219.635    167.00536         1000           10           10           10            0            0            0 
    3810    124.08512   -219.70389   0.06415704   -219.63973    222.88124         1000           10           10           10            0            0            0 
    3820    121.44983   -219.70728  0.062794493   -219.64449    254.04569         1000           10           10           10            0            0            0 
    3830    91.238134   -219.69527  0.047173818    -219.6481     142.0415         1000           10           10           10            0            0            0 
    3840    106.37319   -219.70962  0.054999258   -219.65462   -14.984121         1000           10           10           10            0            0            0 
    3850    86.818932   -219.70494  0.044888911   -219.66005   -228.44777         1000           10           10           10            0            0            0 
    3860    103.29502   -219.71968  0.053407718   -219.66627   -233.54776         1000           10           10           10            0            0            0 
    3870    61.869141   -219.70322  0.031988856   -219.67123     -137.034         1000           10           10           10            0            0            0 
    3880    81.142935   -219.72037   0.04195419   -219.67841   -89.166997         1000           10           10           10            0            0            0 
    3890    72.778359   -219.72226  0.037629365   -219.68463     56.66207         1000           10           10           10            0            0            0 
    3900    71.624937   -219.72747  0.037032999   -219.69043    118.41321         1000           10           10           10            0            0            0 
    3910    49.705941   -219.72097  0.025699988   -219.69527    207.42796         1000           10           10           10            0            0            0 
    3920    50.477518   -219.72691  0.026098925   -219.70081    160.88324         1000           10           10           10            0            0            0 
    3930    63.672998   -219.73871  0.032921524   -219.70578    37.122533         1000           10           10           10            0            0            0 
    3940    32.934685   -219.72584  0.017028569   -219.70881   -44.556013         1000           10           10           10            0            0            0 
    3950    45.733417   -219.73646  0.023646033   -219.71281   -118.77926         1000           10           10           10            0            0            0 
    3960    34.328365   -219.73298  0.017749158   -219.71523   -144.77988         1000           10           10           10            0            0            0 
    3970    48.865182   -219.74356  0.025265282    -219.7183   -139.24793         1000           10           10           10            0            0            0 
    3980    33.786707   -219.73744  0.017469099   -219.71997   -39.988354         1000           10           10           10            0            0            0 
    3990    30.827733   -219.73712  0.015939189   -219.72118    16.412483         1000           10           10           10            0            0            0 
    4000    43.301117   -219.74523  0.022388434   -219.72284    77.497348         1000           10           10           10            0            0            0 
    4010    34.308053   -219.74024  0.017738656    -219.7225    124.86885         1000           10           10           10            0            0            0 
    4020    40.758285    -219.7425  0.021073687   -219.72143      124.697         1000           10           10           10            0            0            0 
    4030    26.638483   -219.73193  0.013773176   -219.71815    95.061559         1000           10           10           10            0            0            0 
    4040    59.656927   -219.74511  0.030845052   -219.71427   -45.492376         1000           10           10           10            0            0            0 
    4050     51.05224   -219.73371   0.02639608   -219.70731   -122.59009         1000           10           10           10            0            0            0 
    4060    55.766468    -219.7276  0.028833527   -219.69877   -163.41397         1000           10           10           10            0            0            0 
    4070     67.90769   -219.72642  0.035111031   -219.69131   -154.64858         1000           10           10           10            0            0            0 
    4080    76.782249   -219.72256  0.039699539   -219.68286   -143.38728         1000           10           10           10            0            0            0 
    4090    104.51904   -219.73158  0.054040585   -219.67754   -19.171175         1000           10           10           10            0            0            0 
    4100    54.454324   -219.69661  0.028155095   -219.66845    155.28235         1000           10           10           10            0            0            0 
    4110    116.10605   -219.72306  0.060031538   -219.66302    171.21661         1000           10           10           10            0            0            0 
    4120    95.863881   -219.70644  0.049565517   -219.65688     204.2654         1000           10           10           10            0            0            0 
    4130      128.838   -219.71748  0.066614474   -219.65086    22.630531         1000           10           10           10            0            0            0 
    4140    89.102241   -219.69018  0.046069474   -219.64411   -79.911648         1000           10           10           10            0            0            0 
    4150    113.72538   -219.69778  0.058800635   -219.63898   -260.24276         1000           10           10           10            0            0            0 
    4160    172.03503   -219.72528   0.08894909   -219.63634   -337.15666         1000           10           10           10            0            0            0 
    4170    73.734654   -219.66658  0.038123808   -219.62845   -98.792209         1000           10           10           10            0            0            0 
    4180    154.17796   -219.70843  0.079716264   -219.62871    23.185807         1000           10           10           10            0            0            0 
    4190    104.73472   -219.67934  0.054152102   -219.62519    135.48319         1000           10           10           10            0            0            0 
    4200    185.16957   -219.72266  0.095740179   -219.62692    137.58722         1000           10           10           10            0            0            0 
    4210    96.598066   -219.67586   0.04994512   -219.62592    305.79258         1000           10           10           10            0            0            0 
    4220    115.53505   -219.68833  0.059736307   -219.62859    59.503925         1000           10           10           10            0            0            0 
    4230    161.84579   -219.71957  0.083680842   -219.63589   -209.38871         1000           10           10           10            0            0            0 
    4240    92.015334   -219.68807  0.047575662    -219.6405   -258.24799         1000           10           10           10            0            0            0 
    4250    132.30347   -219.71778  0.068406264   -219.64937   -261.68596         1000           10           10           10            0            0            0 
    4260    43.817172   -219.68011  0.022655256   -219.65745   -13.483584         1000           10           10           10            0            0            0 
    4270    144.67795   -219.74571  0.074804371    -219.6709   -30.631191         1000           10           10           10            0            0            0 
    4280    68.921926   -219.71257  0.035635433   -219.67693    148.86208         1000           10           10           10            0            0            0 
    4290    69.121147    -219.7203  0.035738438   -219.68456    202.62215         1000           10           10           10            0            0            0 
    4300    75.398858   -219.72933  0.038984269   -219.69034    160.99501         1000           10           10           10            0            0            0 
    4310    65.064193   -219.72758  0.033640828   -219.69394    52.229451         1000           10           10           10            0            0            0 
    4320    92.358535   -219.74473  0.047753111   -219.69697   -73.398331         1000           10           10           10            0            0            0 
    4330    20.590704   -219.70617   0.01064623   -219.69553   -88.883681         1000           10           10           10            0            0            0 
    4340    90.874054   -219.74441  0.046985574   -219.69743   -244.56137         1000           10           10           10            0            0            0 
    4350    53.681016   -219.72342  0.027755264   -219.69566   -142.87388         1000           10           10           10            0            0            0 
    4360    83.060877   -219.73689  0.042945844   -219.69395   -75.670391         1000           10           10           10            0            0            0 
    4370    52.514942   -219.71721  0.027152356   -219.69006    97.935999         1000           10           10           10            0            0            0 
    4380    66.543851   -219.72008  0.034405871   -219.68568    149.95951         1000           10           10           10            0            0            0 
    4390    121.56947   -219.74543  0.062856351   -219.68257    103.18042         1000           10           10           10            0            0            0 
    4400    37.889246    -219.6925  0.019590278   -219.67291    200.16028         1000           10           10           10            0            0            0 
    4410    118.73561   -219.73012  0.061391129   -219.66873    46.037174         1000           10           10           10            0            0            0 
    4420    54.887462   -219.68872  0.028379045   -219.66034   -82.876339         1000           10           10           10            0            0            0 
    4430    147.36035   -219.73411  0.076191279   -219.65792   -326.83654         1000           10           10           10            0            0            0 
    4440    71.048622   -219.68916   0.03673502   -219.65243   -166.15876         1000           10           10           10            0            0            0 
    4450    82.584443   -219.69254  0.042699508   -219.64984   -97.097509         1000           10           10           10            0            0            0 
    4460    141.95316   -219.72517  0.073395543   -219.65177    8.7118644         1000           10           10           10            0            0            0 
    4470    74.161994   -219.68677  0.038344761   -219.64842    197.58108         1000           10           10           10            0            0            0 
    4480    144.42918   -219.72509  0.074675745   -219.65041    163.75605         1000           10           10           10            0            0            0 
    4490     31.52417   -219.66298  0.016299275   -219.64668    272.27978         1000           10           10           10            0            0            0 
    4500    166.66435   -219.73733  0.086172232   -219.65116   -32.108702         1000           10           10           10            0            0            0 
    4510    77.983675   -219.68936  0.040320724   -219.64904   -117.22314         1000           10           10           10            0            0            0 
    4520    98.034855   -219.70033  0.050687998   -219.64964   -247.06624         1000           10           10           10            0            0            0 
    4530    104.24215   -219.70488  0.053897422   -219.65098    -271.8991         1000           10           10           10            0            0            0 
    4540    84.384805   -219.69416  0.043630369   -219.65053   -199.20778         1000           10           10           10            0            0            0 
    4550    143.30679   -219.72784  0.074095428   -219.65374   -42.526371         1000           10           10           10            0            0            0 
    4560    30.187935   -219.66696  0.015608388   -219.65135    243.40108         1000           10           10           10            0            0            0 
    4570     142.9238   -219.73012  0.073897406   -219.65622    132.82766         1000           10           10           10            0            0            0 
    4580    61.056612   -219.68746  0.031568746   -219.65589    233.81799         1000           10           10           10            0            0            0 
    4590    118.35426   -219.72016  0.061193954   -219.65896    46.585339         1000           10           10           10            0            0            0 
    4600    67.459203   -219.69432  0.034879145   -219.65944    -48.17496         1000           10           10           10            0            0            0 
    4610    89.964198   -219.70961  0.046515141   -219.66309   -188.12223         1000           10           10           10            0            0            0 
    4620    112.63814   -219.72403   0.05823849   -219.66579   -319.31689         1000           10           10           10            0            0            0 
    4630    39.310166   -219.68611  0.020324951   -219.66578   -157.21124         1000           10           10           10            0            0            0 
    4640    118.25718   -219.73188   0.06114376   -219.67073   -93.106291         1000           10           10           10            0            0            0 
    4650    39.725125   -219.69155  0.020539502   -219.67101    87.556855         1000           10           10           10            0            0            0 
    4660    118.91717   -219.73713  0.061485002   -219.67565    84.458369         1000           10           10           10            0            0            0 
    4670    43.886982   -219.69825  0.022691351   -219.67556    201.41891         1000           10           10           10            0            0            0 
    4680    83.503308   -219.72171  0.043174599   -219.67853    64.459602         1000           10           10           10            0            0            0 
    4690    85.905761   -219.72393  0.044416764   -219.67951   -46.869252         1000           10           10           10            0            0            0 
    4700    55.008387   -219.70754  0.028441568    -219.6791   -101.98452         1000           10           10           10            0            0            0 
    4710    91.307667   -219.72691  0.047209769    -219.6797   -240.75447         1000           10           10           10            0            0            0 
    4720    33.697003   -219.69433  0.017422718   -219.67691   -142.33338         1000           10           10           10            0            0            0 
    4730    121.67824   -219.73992  0.062912586     -219.677   -154.72206         1000           10           10           10            0            0            0 
    4740    38.562469   -219.69062  0.019938362   -219.67068     72.81683         1000           10           10           10            0            0            0 
    4750    111.12848   -219.72373  0.057457935   -219.66627    147.39969         1000           10           10           10            0            0            0 
    4760    80.411208   -219.70034  0.041575858   -219.65877    200.79032         1000           10           10           10            0            0            0 
    4770    105.91298   -219.70488   0.05476131   -219.65012    107.77572         1000           10           10           10            0            0            0 
    4780    123.60829   -219.70432  0.063910502   -219.64041   -5.1457632         1000           10           10           10            0            0            0 
    4790    70.578179    -219.6645  0.036491783   -219.62801   -120.69038         1000           10           10           10            0            0            0 
    4800    197.47233   -219.72343   0.10210121   -219.62133    -443.2154         1000           10           10           10            0            0            0 
    4810    55.402209   -219.63902   0.02864519   -219.61037   -224.70783         1000           10           10           10            0            0            0 
    4820    190.80061   -219.70762  0.098651658   -219.60897   -215.12349         1000           10           10           10            0            0            0 
    4830    93.691666   -219.65075  0.048442393   -219.60231      75.5156         1000           10           10           10            0            0            0 
    4840    201.55942   -219.71057    0.1042144   -219.60635    270.38842         1000           10           10           10            0            0            0 
    4850    104.92849   -219.65902  0.054252288   -219.60477    326.34667         1000           10           10           10            0            0            0 
    4860    80.508873   -219.65421  0.041626354   -219.61258    227.52232         1000           10           10           10            0            0            0 
    4870     196.2974   -219.72581   0.10149372   -219.62432   -79.863415         1000           10           10           10            0            0            0 
    4880    61.656882   -219.66392   0.03187911   -219.63204    -147.7634         1000           10           10           10            0            0            0 
    4890    143.08038   -219.72156  0.073978364   -219.64758   -274.79212         1000           10           10           10            0            0            0 
    4900    33.771378    -219.6757  0.017461173   -219.65824   -165.04226         1000           10           10           10            0            0            0 
    4910    131.48403   -219.74232  0.067982581   -219.67434   -190.03154         1000           10           10           10            0            0            0 
    4920    65.229673   -219.71327  0.033726388   -219.67955    37.212965         1000           10           10           10            0            0            0 
    4930    54.845965   -219.71287   0.02835759   -219.68452    208.74297         1000           10           10           10            0            0            0 
    4940    80.954338   -219.72936  0.041856678    -219.6875    184.86746         1000           10           10           10            0            0            0 
    4950    51.365542   -219.71449   0.02655807   -219.68793    152.69266         1000           10           10           10            0            0            0 
    4960    107.64908   -219.74492  0.055658944   -219.68926    29.670403         1000           10           10           10            0            0            0 
    4970    14.982077   -219.69289 0.0077463419   -219.68514    19.230807         1000           10           10           10            0            0            0 
    4980    108.84978   -219.74294  0.056279751   -219.68666   -169.05141         1000           10           10           10            0            0            0 
    4990    61.356015   -219.71436  0.031723549   -219.68264   -184.69709         1000           10           10           10            0            0            0 
    5000     81.52798   -219.72232  0.042153274   -219.68017   -162.32248         1000           10           10           10            0            0            0 
Loop time of 75.5663 on 1 procs for 5000 steps with 5 atoms

Performance: 11.434 ns/day, 2.099 hours/ns, 66.167 timesteps/s
149.6% CPU use with 1 MPI tasks x no OpenMP threads

MPI task timing breakdown:
Section |  min time  |  avg time  |  max time  |%varavg| %total
---------------------------------------------------------------
Pair    | 75.33      | 75.33      | 75.33      |   0.0 | 99.69
Neigh   | 0.00045347 | 0.00045347 | 0.00045347 |   0.0 |  0.00
Comm    | 0.011722   | 0.011722   | 0.011722   |   0.0 |  0.02
Output  | 0.20176    | 0.20176    | 0.20176    |   0.0 |  0.27
Modify  | 0.016813   | 0.016813   | 0.016813   |   0.0 |  0.02
Other   |            | 0.005409   |            |       |  0.01

Nlocal:    5 ave 5 max 5 min
Histogram: 1 0 0 0 0 0 0 0 0 0
Nghost:    121 ave 121 max 121 min
Histogram: 1 0 0 0 0 0 0 0 0 0
Neighs:    0 ave 0 max 0 min
Histogram: 1 0 0 0 0 0 0 0 0 0

Total # of neighbors = 0
Ave neighs/atom = 0
Neighbor list builds = 40
Dangerous builds = 0
Total wall time: 0:01:18
