#       step         max_devi_e         min_devi_e         avg_devi_e         max_devi_f         min_devi_f         avg_devi_f
           0       3.438029e+00       8.283860e-01       1.375481e+00       8.355586e-03       4.915710e-03       6.121098e-03
          10       3.458374e+00       8.306880e-01       1.383730e+00       1.540622e-02       5.249847e-03       1.294365e-02
          20       3.476257e+00       8.300387e-01       1.391026e+00       1.946030e-02       8.007113e-03       1.623769e-02
          30       3.481454e+00       8.250223e-01       1.393070e+00       1.186468e-02       5.538779e-03       1.015457e-02
          40       3.474586e+00       8.259725e-01       1.390224e+00       9.218834e-03       7.193247e-03       7.776879e-03
          50       3.462427e+00       8.270485e-01       1.385422e+00       1.762283e-02       1.215773e-02       1.600465e-02
          60       3.442808e+00       8.192837e-01       1.377675e+00       2.195037e-02       1.152279e-02       1.943264e-02
          70       3.419994e+00       8.068565e-01       1.368543e+00       1.215831e-02       1.077856e-02       1.132443e-02
          80       3.411100e+00       8.011382e-01       1.365096e+00       1.268180e-02       8.887567e-03       1.100204e-02
          90       3.421368e+00       8.033488e-01       1.369576e+00       3.228209e-02       1.292086e-02       2.386804e-02
         100       3.439115e+00       8.037040e-01       1.377023e+00       2.549282e-02       1.453769e-02       2.110169e-02
         110       3.456180e+00       7.975089e-01       1.384424e+00       3.343105e-02       1.002670e-02       1.993148e-02
         120       3.474216e+00       7.892796e-01       1.392509e+00       6.124879e-02       2.159550e-02       3.688036e-02
         130       3.467766e+00       7.960358e-01       1.389685e+00       3.736678e-02       2.318522e-02       3.000684e-02
         140       3.440757e+00       7.989988e-01       1.378266e+00       2.554628e-02       1.661137e-02       2.002576e-02
         150       3.417728e+00       8.034436e-01       1.368671e+00       2.064135e-02       9.239659e-03       1.307303e-02
         160       3.410873e+00       8.136985e-01       1.365499e+00       3.072526e-02       2.031027e-02       2.519404e-02
         170       3.420378e+00       8.238826e-01       1.368967e+00       2.434787e-02       1.186537e-02       2.036509e-02
         180       3.435773e+00       8.295187e-01       1.374743e+00       1.905205e-02       1.236842e-02       1.446039e-02
         190       3.459620e+00       8.222382e-01       1.384283e+00       1.115360e-02       9.486218e-03       1.023974e-02
         200       3.479387e+00       8.196987e-01       1.392603e+00       2.256485e-02       9.529932e-03       1.817806e-02
         210       3.480249e+00       8.198449e-01       1.393058e+00       2.453567e-02       1.340164e-02       1.990921e-02
         220       3.461185e+00       8.149094e-01       1.385241e+00       1.348694e-02       5.618652e-03       1.068666e-02
         230       3.442597e+00       8.113672e-01       1.377876e+00       1.124758e-02       1.012244e-02       1.072650e-02
         240       3.430702e+00       8.045347e-01       1.373437e+00       2.584794e-02       1.420649e-02       2.173902e-02
         250       3.421837e+00       8.007589e-01       1.369882e+00       1.927920e-02       1.020773e-02       1.651514e-02
         260       3.422491e+00       8.048033e-01       1.369883e+00       1.116464e-02       9.370878e-03       1.043935e-02
         270       3.437052e+00       8.092201e-01       1.375787e+00       1.621589e-02       8.181969e-03       1.274419e-02
         280       3.458572e+00       8.096638e-01       1.384679e+00       2.110649e-02       8.706968e-03       1.627084e-02
         290       3.471713e+00       8.067312e-01       1.390094e+00       2.626001e-02       1.453800e-02       1.782754e-02
         300       3.475274e+00       8.051492e-01       1.391477e+00       1.985256e-02       8.106920e-03       1.310743e-02
         310       3.470733e+00       8.066448e-01       1.389558e+00       1.586479e-02       1.276642e-02       1.425416e-02
         320       3.459968e+00       8.069052e-01       1.385320e+00       2.043511e-02       1.438122e-02       1.812711e-02
         330       3.444539e+00       7.995137e-01       1.379225e+00       1.901700e-02       1.213101e-02       1.473708e-02
         340       3.432254e+00       7.915998e-01       1.374326e+00       1.522105e-02       8.485529e-03       1.165209e-02
         350       3.432531e+00       7.957742e-01       1.374363e+00       1.835149e-02       1.442972e-02       1.636969e-02
         360       3.441474e+00       8.045023e-01       1.377800e+00       2.152582e-02       1.254245e-02       1.757353e-02
         370       3.453736e+00       8.126803e-01       1.382515e+00       1.452483e-02       6.778722e-03       1.214105e-02
         380       3.467391e+00       8.165628e-01       1.387960e+00       1.604689e-02       7.276289e-03       1.052565e-02
         390       3.479098e+00       8.216914e-01       1.392683e+00       2.154663e-02       1.505840e-02       1.804019e-02
         400       3.478354e+00       8.358082e-01       1.392160e+00       2.019907e-02       1.425650e-02       1.785755e-02
         410       3.462805e+00       8.408714e-01       1.385772e+00       1.296460e-02       9.108823e-03       1.122758e-02
         420       3.442868e+00       8.326892e-01       1.377841e+00       1.370404e-02       8.302765e-03       1.178487e-02
         430       3.425659e+00       8.304575e-01       1.371074e+00       2.368630e-02       1.893446e-02       2.102889e-02
         440       3.417067e+00       8.228163e-01       1.367633e+00       2.209015e-02       1.264768e-02       1.916404e-02
         450       3.418549e+00       8.155251e-01       1.368204e+00       2.122716e-02       1.409301e-02       1.793911e-02
         460       3.437789e+00       8.014097e-01       1.376499e+00       1.611231e-02       1.291939e-02       1.413859e-02
         470       3.463357e+00       7.992309e-01       1.387804e+00       3.531950e-02       2.118983e-02       2.647085e-02
         480       3.467169e+00       7.960254e-01       1.389603e+00       2.964469e-02       1.806991e-02       2.338402e-02
         490       3.456339e+00       7.884030e-01       1.385308e+00       3.663372e-02       9.893251e-03       2.229108e-02
         500       3.446175e+00       7.910946e-01       1.381434e+00       4.365385e-02       1.924581e-02       2.946248e-02
         510       3.436093e+00       7.886363e-01       1.377175e+00       3.357039e-02       1.909484e-02       2.383486e-02
         520       3.426846e+00       7.913629e-01       1.372861e+00       2.092005e-02       1.521972e-02       1.744450e-02
         530       3.432285e+00       8.004761e-01       1.374671e+00       2.098287e-02       1.247938e-02       1.526905e-02
         540       3.446851e+00       8.078403e-01       1.380434e+00       1.915357e-02       1.193198e-02       1.502463e-02
         550       3.458376e+00       8.136076e-01       1.384953e+00       2.539705e-02       1.346145e-02       1.833316e-02
         560       3.465020e+00       8.153019e-01       1.387413e+00       1.687026e-02       9.805799e-03       1.244067e-02
         570       3.467077e+00       8.183713e-01       1.387975e+00       1.212263e-02       9.764725e-03       1.050291e-02
         580       3.465071e+00       8.225129e-01       1.387112e+00       1.718288e-02       7.256202e-03       1.445377e-02
         590       3.454483e+00       8.223330e-01       1.382763e+00       1.549611e-02       8.510878e-03       1.362607e-02
         600       3.439950e+00       8.204945e-01       1.376750e+00       1.196366e-02       9.445934e-03       1.050052e-02
         610       3.433141e+00       8.183353e-01       1.373980e+00       1.253125e-02       1.034787e-02       1.164924e-02
         620       3.434542e+00       8.231992e-01       1.374569e+00       2.011759e-02       1.283858e-02       1.640575e-02
         630       3.439294e+00       8.249990e-01       1.376415e+00       1.503783e-02       8.527731e-03       1.319530e-02
         640       3.447590e+00       8.275670e-01       1.379683e+00       9.544428e-03       7.545042e-03       8.341303e-03
         650       3.460075e+00       8.285416e-01       1.384762e+00       1.495933e-02       5.409529e-03       1.257956e-02
         660       3.468569e+00       8.287120e-01       1.388120e+00       1.985189e-02       1.016050e-02       1.645367e-02
         670       3.467720e+00       8.348055e-01       1.387611e+00       1.454508e-02       7.436585e-03       1.223518e-02
         680       3.457072e+00       8.330888e-01       1.383203e+00       1.117548e-02       9.503853e-03       1.052506e-02
         690       3.443884e+00       8.340229e-01       1.378007e+00       1.647736e-02       1.058848e-02       1.388501e-02
         700       3.433509e+00       8.277347e-01       1.374087e+00       2.192269e-02       1.181510e-02       1.885334e-02
         710       3.425604e+00       8.255373e-01       1.370993e+00       1.854668e-02       1.524903e-02       1.704132e-02
         720       3.428564e+00       8.275440e-01       1.372160e+00       1.070545e-02       8.044127e-03       9.323071e-03
         730       3.443264e+00       8.328336e-01       1.378250e+00       2.193487e-02       1.223659e-02       1.844237e-02
         740       3.458751e+00       8.303280e-01       1.384863e+00       2.636723e-02       1.642972e-02       2.093182e-02
         750       3.464038e+00       8.228131e-01       1.387220e+00       3.132566e-02       1.102738e-02       1.829137e-02
         760       3.463725e+00       8.271447e-01       1.387205e+00       3.267752e-02       1.246620e-02       2.007348e-02
         770       3.457418e+00       8.275101e-01       1.384741e+00       2.605116e-02       1.740959e-02       2.103251e-02
         780       3.440213e+00       8.221312e-01       1.377773e+00       2.380468e-02       1.606656e-02       1.877975e-02
         790       3.422068e+00       8.100554e-01       1.370609e+00       2.187011e-02       1.203189e-02       1.576078e-02
         800       3.417935e+00       8.052838e-01       1.369059e+00       2.936340e-02       1.452086e-02       2.002907e-02
         810       3.428514e+00       8.149245e-01       1.373105e+00       2.731552e-02       1.914110e-02       2.188119e-02
         820       3.442571e+00       8.232069e-01       1.378452e+00       1.941643e-02       1.021897e-02       1.609395e-02
         830       3.458564e+00       8.241591e-01       1.384713e+00       1.371907e-02       1.085663e-02       1.188373e-02
         840       3.472186e+00       8.249983e-01       1.390171e+00       2.347065e-02       1.337713e-02       1.742611e-02
         850       3.475013e+00       8.321762e-01       1.391134e+00       2.524432e-02       1.011685e-02       2.034640e-02
         860       3.461700e+00       8.373381e-01       1.385258e+00       1.602479e-02       5.228616e-03       1.355334e-02
         870       3.443831e+00       8.359115e-01       1.377787e+00       9.169905e-03       6.809289e-03       7.883771e-03
         880       3.433018e+00       8.310549e-01       1.373584e+00       1.818393e-02       8.267313e-03       1.579323e-02
         890       3.427407e+00       8.328551e-01       1.371316e+00       1.924497e-02       8.047815e-03       1.648496e-02
         900       3.429309e+00       8.394255e-01       1.371872e+00       9.717096e-03       8.269844e-03       9.161620e-03
         910       3.441460e+00       8.408332e-01       1.376701e+00       9.612044e-03       5.712759e-03       8.015070e-03
         920       3.459145e+00       8.418977e-01       1.383900e+00       1.392809e-02       6.204417e-03       1.201021e-02
         930       3.471159e+00       8.450501e-01       1.388766e+00       1.580852e-02       8.025456e-03       1.337560e-02
         940       3.474801e+00       8.460805e-01       1.390162e+00       1.097510e-02       5.922276e-03       9.278613e-03
         950       3.472224e+00       8.480285e-01       1.389056e+00       9.402974e-03       3.758878e-03       7.419688e-03
         960       3.465048e+00       8.465666e-01       1.386269e+00       1.527869e-02       6.445975e-03       1.276455e-02
         970       3.452867e+00       8.397889e-01       1.381473e+00       1.518341e-02       6.553518e-03       1.314019e-02
         980       3.438319e+00       8.388599e-01       1.375607e+00       1.019328e-02       7.303889e-03       8.536009e-03
         990       3.430506e+00       8.383287e-01       1.372483e+00       1.123766e-02       8.447909e-03       1.015247e-02
        1000       3.431522e+00       8.391372e-01       1.372950e+00       1.815561e-02       9.905660e-03       1.420015e-02
        1010       3.438679e+00       8.385900e-01       1.375846e+00       1.436823e-02       8.021573e-03       1.236550e-02
        1020       3.450778e+00       8.365643e-01       1.380749e+00       1.101492e-02       1.007612e-02       1.053247e-02
        1030       3.467804e+00       8.387122e-01       1.387722e+00       1.276012e-02       4.079597e-03       1.063224e-02
        1040       3.479371e+00       8.477761e-01       1.392431e+00       1.953340e-02       7.818712e-03       1.617663e-02
        1050       3.476515e+00       8.316211e-01       1.391419e+00       1.777012e-02       1.308936e-02       1.606913e-02
        1060       3.463107e+00       8.120994e-01       1.386403e+00       1.645721e-02       9.858735e-03       1.183306e-02
        1070       3.446385e+00       7.959363e-01       1.380154e+00       2.731159e-02       1.567173e-02       2.122547e-02
        1080       3.435109e+00       7.828211e-01       1.376013e+00       2.708595e-02       1.858880e-02       2.155984e-02
        1090       3.425525e+00       7.720961e-01       1.372294e+00       2.560687e-02       1.551553e-02       2.193378e-02
        1100       3.431933e+00       7.649277e-01       1.375066e+00       2.427269e-02       1.484363e-02       1.851005e-02
        1110       3.451917e+00       7.703742e-01       1.383309e+00       3.492888e-02       1.799837e-02       2.521876e-02
        1120       3.468510e+00       7.769399e-01       1.389730e+00       3.728296e-02       1.967558e-02       2.625236e-02
        1130       3.473456e+00       7.819415e-01       1.391089e+00       1.742785e-02       1.147675e-02       1.466028e-02
        1140       3.470057e+00       7.878364e-01       1.389438e+00       1.516412e-02       1.199932e-02       1.380059e-02
        1150       3.460142e+00       7.905107e-01       1.385334e+00       2.108697e-02       1.220042e-02       1.743275e-02
        1160       3.440962e+00       7.959515e-01       1.377266e+00       2.031197e-02       1.025028e-02       1.585197e-02
        1170       3.426126e+00       8.021747e-01       1.370987e+00       1.364906e-02       8.933431e-03       1.223898e-02
        1180       3.423155e+00       8.078404e-01       1.369735e+00       1.536867e-02       8.621465e-03       1.288922e-02
        1190       3.434745e+00       8.129663e-01       1.374423e+00       1.737389e-02       6.097977e-03       1.487615e-02
        1200       3.448864e+00       8.180565e-01       1.380017e+00       1.749717e-02       7.864302e-03       1.492426e-02
        1210       3.461771e+00       8.228846e-01       1.385109e+00       1.049788e-02       5.687213e-03       8.620642e-03
        1220       3.472036e+00       8.287097e-01       1.389230e+00       1.321786e-02       8.112977e-03       1.177478e-02
        1230       3.475088e+00       8.321786e-01       1.390481e+00       1.587003e-02       9.299852e-03       1.394646e-02
        1240       3.469615e+00       8.319600e-01       1.388247e+00       1.128897e-02       6.041053e-03       9.949424e-03
        1250       3.458735e+00       8.323865e-01       1.383815e+00       9.591394e-03       7.393644e-03       8.742663e-03
        1260       3.448866e+00       8.328932e-01       1.379853e+00       1.118792e-02       7.284261e-03       9.975309e-03
        1270       3.441378e+00       8.337637e-01       1.376855e+00       1.341227e-02       7.114479e-03       1.158618e-02
        1280       3.438407e+00       8.350052e-01       1.375603e+00       1.095885e-02       7.147800e-03       9.972390e-03
        1290       3.441154e+00       8.359641e-01       1.376649e+00       8.558920e-03       7.415774e-03       7.912518e-03
        1300       3.449236e+00       8.384665e-01       1.379909e+00       1.204763e-02       6.984316e-03       1.070382e-02
        1310       3.459016e+00       8.414120e-01       1.383840e+00       1.399540e-02       5.950962e-03       1.160534e-02
        1320       3.466304e+00       8.433008e-01       1.386739e+00       1.175008e-02       6.953018e-03       9.811188e-03
        1330       3.471012e+00       8.432785e-01       1.388706e+00       1.091188e-02       3.938199e-03       9.049164e-03
        1340       3.469392e+00       8.432139e-01       1.388251e+00       1.667500e-02       8.864534e-03       1.376151e-02
        1350       3.458014e+00       8.356777e-01       1.383944e+00       1.757069e-02       9.928803e-03       1.504883e-02
        1360       3.439883e+00       8.117400e-01       1.376904e+00       1.539479e-02       9.654975e-03       1.300225e-02
        1370       3.428035e+00       7.959454e-01       1.372450e+00       1.371819e-02       1.083749e-02       1.220201e-02
        1380       3.428542e+00       7.898528e-01       1.373126e+00       2.467649e-02       1.717252e-02       2.067466e-02
        1390       3.436373e+00       7.848778e-01       1.376695e+00       3.090507e-02       1.685397e-02       2.295669e-02
        1400       3.448150e+00       7.819632e-01       1.381465e+00       2.878708e-02       1.252092e-02       1.989865e-02
        1410       3.461769e+00       7.810464e-01       1.387115e+00       3.150058e-02       1.792448e-02       2.234769e-02
        1420       3.470925e+00       7.789256e-01       1.390979e+00       4.192165e-02       1.947486e-02       2.812394e-02
        1430       3.461954e+00       7.820469e-01       1.387067e+00       3.642835e-02       1.586294e-02       2.550582e-02
        1440       3.446296e+00       7.845864e-01       1.380239e+00       1.943514e-02       1.215025e-02       1.468935e-02
        1450       3.433054e+00       7.874969e-01       1.374440e+00       1.668898e-02       1.034256e-02       1.482665e-02
        1460       3.427510e+00       7.921038e-01       1.371993e+00       2.207756e-02       1.506853e-02       1.959352e-02
        1470       3.429280e+00       7.937957e-01       1.372593e+00       1.507382e-02       5.237717e-03       1.275853e-02
        1480       3.436035e+00       8.041671e-01       1.375005e+00       1.212528e-02       9.203881e-03       1.089590e-02
        1490       3.451180e+00       8.173674e-01       1.380906e+00       1.627673e-02       7.074999e-03       1.385564e-02
        1500       3.464830e+00       8.252303e-01       1.386393e+00       1.929516e-02       9.867204e-03       1.659957e-02
        1510       3.469704e+00       8.272435e-01       1.388330e+00       1.447210e-02       7.126076e-03       1.192083e-02
        1520       3.466464e+00       8.286168e-01       1.387068e+00       1.108903e-02       6.060786e-03       9.729413e-03
        1530       3.460483e+00       8.302896e-01       1.384822e+00       1.727868e-02       9.021668e-03       1.480656e-02
        1540       3.451436e+00       8.124681e-01       1.381399e+00       1.753939e-02       8.409852e-03       1.522875e-02
        1550       3.444493e+00       8.012803e-01       1.378711e+00       1.062466e-02       9.483549e-03       1.010374e-02
        1560       3.445338e+00       8.028963e-01       1.379057e+00       1.305531e-02       1.065206e-02       1.188185e-02
        1570       3.451382e+00       8.027508e-01       1.381511e+00       1.626889e-02       1.215493e-02       1.491586e-02
        1580       3.458460e+00       7.998779e-01       1.384390e+00       1.433874e-02       6.241285e-03       1.212389e-02
        1590       3.464684e+00       7.980631e-01       1.386920e+00       1.078502e-02       5.796400e-03       9.254926e-03
        1600       3.470979e+00       7.962547e-01       1.389548e+00       1.158966e-02       5.451762e-03       9.496721e-03
        1610       3.473449e+00       7.976139e-01       1.390597e+00       1.679605e-02       5.473556e-03       1.351985e-02
        1620       3.469054e+00       7.945813e-01       1.388832e+00       1.699301e-02       7.340650e-03       1.350733e-02
        1630       3.460053e+00       7.825714e-01       1.385407e+00       1.138194e-02       6.548581e-03       9.833597e-03
        1640       3.453362e+00       7.711272e-01       1.383149e+00       1.733774e-02       1.417154e-02       1.575042e-02
        1650       3.451893e+00       7.636006e-01       1.382997e+00       2.269894e-02       1.839540e-02       2.064630e-02
        1660       3.452620e+00       7.564113e-01       1.383501e+00       2.228412e-02       1.633519e-02       1.898393e-02
        1670       3.460241e+00       7.528213e-01       1.386657e+00       2.768856e-02       1.553505e-02       2.040950e-02
        1680       3.476727e+00       7.563715e-01       1.393448e+00       3.770124e-02       1.934406e-02       2.518837e-02
        1690       3.490548e+00       7.594445e-01       1.399088e+00       4.206411e-02       2.101019e-02       2.979228e-02
        1700       3.489833e+00       7.694134e-01       1.398229e+00       2.469717e-02       1.595417e-02       1.980074e-02
        1710       3.478836e+00       7.820068e-01       1.393165e+00       1.820312e-02       1.030215e-02       1.452316e-02
        1720       3.464430e+00       7.879661e-01       1.387186e+00       2.186115e-02       1.656760e-02       1.966558e-02
        1730       3.445590e+00       8.018086e-01       1.379432e+00       2.484870e-02       1.634347e-02       2.097285e-02
        1740       3.428126e+00       8.143374e-01       1.372186e+00       1.654178e-02       1.202941e-02       1.475823e-02
        1750       3.423720e+00       7.928936e-01       1.370482e+00       1.439957e-02       1.126162e-02       1.250389e-02
        1760       3.439255e+00       7.834746e-01       1.376945e+00       2.120053e-02       9.996003e-03       1.757139e-02
        1770       3.455191e+00       7.829139e-01       1.383430e+00       2.346796e-02       1.615742e-02       2.066397e-02
        1780       3.465138e+00       7.761254e-01       1.387547e+00       1.849318e-02       9.400522e-03       1.434373e-02
        1790       3.472977e+00       7.708980e-01       1.391061e+00       1.863341e-02       1.335633e-02       1.575287e-02
        1800       3.474945e+00       7.701323e-01       1.392153e+00       2.724652e-02       1.778324e-02       2.251097e-02
        1810       3.467645e+00       7.691798e-01       1.389103e+00       2.225138e-02       1.581716e-02       1.856061e-02
        1820       3.457656e+00       7.702159e-01       1.384818e+00       1.588140e-02       9.279991e-03       1.273597e-02
        1830       3.453032e+00       7.705496e-01       1.382918e+00       1.609922e-02       1.049959e-02       1.371497e-02
        1840       3.452210e+00       7.684600e-01       1.382714e+00       2.064332e-02       1.484447e-02       1.684050e-02
        1850       3.453351e+00       7.702375e-01       1.383097e+00       1.836820e-02       1.415981e-02       1.587721e-02
        1860       3.458852e+00       7.779408e-01       1.384989e+00       1.135633e-02       7.834339e-03       9.600222e-03
        1870       3.469047e+00       7.852235e-01       1.388894e+00       1.434192e-02       1.008619e-02       1.312286e-02
        1880       3.476928e+00       7.922554e-01       1.391950e+00       1.803142e-02       8.684212e-03       1.526386e-02
        1890       3.475574e+00       7.944513e-01       1.391280e+00       1.393187e-02       8.681258e-03       1.155325e-02
        1900       3.469558e+00       7.939832e-01       1.388807e+00       1.089434e-02       4.507428e-03       8.823632e-03
        1910       3.462882e+00       8.015035e-01       1.386028e+00       1.688725e-02       1.140867e-02       1.480138e-02
        1920       3.454508e+00       8.050502e-01       1.382559e+00       1.877518e-02       1.154830e-02       1.693885e-02
        1930       3.443924e+00       8.063825e-01       1.378100e+00       1.275221e-02       7.289390e-03       1.104636e-02
        1940       3.438358e+00       8.133735e-01       1.375744e+00       1.118446e-02       5.031749e-03       9.254595e-03
        1950       3.442189e+00       8.273298e-01       1.377225e+00       1.951350e-02       7.119517e-03       1.674094e-02
        1960       3.448744e+00       8.460624e-01       1.379695e+00       1.734444e-02       6.248311e-03       1.470869e-02
        1970       3.454655e+00       8.451464e-01       1.381943e+00       1.027077e-02       5.880439e-03       8.994978e-03
        1980       3.459096e+00       8.415439e-01       1.383867e+00       1.386826e-02       1.015164e-02       1.262900e-02
        1990       3.460140e+00       8.299492e-01       1.384606e+00       1.888843e-02       9.689902e-03       1.586301e-02
        2000       3.452170e+00       8.140974e-01       1.381820e+00       2.017788e-02       7.303843e-03       1.570866e-02
        2010       3.439885e+00       8.039517e-01       1.377144e+00       1.476889e-02       9.679416e-03       1.156335e-02
        2020       3.432877e+00       8.015353e-01       1.374744e+00       2.211837e-02       1.443025e-02       1.728973e-02
        2030       3.430082e+00       7.962735e-01       1.374188e+00       3.558102e-02       2.328353e-02       2.692023e-02
        2040       3.426950e+00       7.883062e-01       1.373075e+00       2.316725e-02       1.837410e-02       2.060955e-02
        2050       3.430811e+00       7.794892e-01       1.375034e+00       3.751274e-02       1.542029e-02       2.496802e-02
        2060       3.446156e+00       7.826457e-01       1.381595e+00       5.880332e-02       2.163437e-02       3.728787e-02
        2070       3.452972e+00       7.903210e-01       1.384001e+00       5.030244e-02       1.894500e-02       3.308957e-02
        2080       3.447717e+00       7.920799e-01       1.381028e+00       2.097970e-02       1.183516e-02       1.688536e-02
        2090       3.442058e+00       7.976156e-01       1.378024e+00       1.790329e-02       1.137645e-02       1.496422e-02
        2100       3.438330e+00       8.015562e-01       1.376168e+00       2.458125e-02       1.158025e-02       1.980823e-02
        2110       3.429095e+00       8.143154e-01       1.372107e+00       2.315914e-02       1.248632e-02       1.987547e-02
        2120       3.424476e+00       8.304693e-01       1.370140e+00       1.665329e-02       1.201862e-02       1.461326e-02
        2130       3.438237e+00       8.016915e-01       1.376127e+00       1.329213e-02       6.873256e-03       1.162810e-02
        2140       3.461093e+00       7.966508e-01       1.385782e+00       2.568728e-02       8.353316e-03       2.036819e-02
        2150       3.477475e+00       7.971565e-01       1.392358e+00       1.879315e-02       8.966451e-03       1.671454e-02
        2160       3.480087e+00       7.919105e-01       1.393274e+00       1.917579e-02       1.103300e-02       1.551459e-02
        2170       3.479214e+00       7.869015e-01       1.393204e+00       1.666888e-02       1.095586e-02       1.394977e-02
        2180       3.472442e+00       7.779094e-01       1.390936e+00       2.576393e-02       1.892558e-02       2.071030e-02
        2190       3.458980e+00       7.756539e-01       1.385429e+00       1.852758e-02       1.306917e-02       1.533255e-02
        2200       3.448701e+00       7.762393e-01       1.381044e+00       1.509704e-02       8.836369e-03       1.088091e-02
        2210       3.446631e+00       7.736196e-01       1.380332e+00       1.840598e-02       1.207474e-02       1.499043e-02
        2220       3.451241e+00       7.695472e-01       1.382505e+00       1.945524e-02       1.530450e-02       1.669867e-02
        2230       3.458572e+00       7.691323e-01       1.385522e+00       2.146069e-02       1.344989e-02       1.622376e-02
        2240       3.469288e+00       7.762529e-01       1.389540e+00       1.453985e-02       9.387702e-03       1.188186e-02
        2250       3.480531e+00       7.825329e-01       1.393873e+00       1.974251e-02       1.525845e-02       1.679128e-02
        2260       3.484747e+00       7.836891e-01       1.395650e+00       2.080615e-02       1.240824e-02       1.720806e-02
        2270       3.476973e+00       7.746298e-01       1.392784e+00       2.050666e-02       1.401654e-02       1.610605e-02
        2280       3.465297e+00       7.690110e-01       1.388251e+00       2.199777e-02       1.221191e-02       1.560004e-02
        2290       3.456974e+00       7.707293e-01       1.384874e+00       2.127698e-02       1.575803e-02       1.923851e-02
        2300       3.447572e+00       7.692095e-01       1.381025e+00       2.176038e-02       1.518444e-02       1.883797e-02
        2310       3.443020e+00       7.691332e-01       1.379157e+00       1.803013e-02       1.110716e-02       1.435183e-02
        2320       3.451353e+00       7.755760e-01       1.382515e+00       2.273833e-02       1.245811e-02       1.732721e-02
        2330       3.470729e+00       8.119615e-01       1.389587e+00       2.222223e-02       6.242367e-03       1.824123e-02
        2340       3.482909e+00       8.176914e-01       1.393904e+00       2.139840e-02       1.291282e-02       1.907706e-02
        2350       3.476352e+00       8.048947e-01       1.391250e+00       1.097749e-02       6.934945e-03       9.221972e-03
        2360       3.455277e+00       7.869728e-01       1.383266e+00       1.916820e-02       1.281912e-02       1.568713e-02
        2370       3.431913e+00       7.723692e-01       1.374487e+00       2.963697e-02       2.377797e-02       2.609825e-02
        2380       3.413200e+00       7.555161e-01       1.367630e+00       3.340606e-02       1.890060e-02       2.609429e-02
        2390       3.408883e+00       7.545626e-01       1.365868e+00       3.954385e-02       1.566777e-02       2.316851e-02
        2400       3.432732e+00       7.671251e-01       1.375207e+00       2.233594e-02       1.888364e-02       2.033907e-02
        2410       3.461136e+00       7.814771e-01       1.386424e+00       2.912667e-02       2.437683e-02       2.574159e-02
        2420       3.478499e+00       7.929512e-01       1.392947e+00       1.754993e-02       1.436675e-02       1.617028e-02
        2430       3.485524e+00       7.997336e-01       1.395624e+00       2.351576e-02       7.422042e-03       1.383105e-02
        2440       3.484233e+00       8.077088e-01       1.395092e+00       2.928817e-02       1.560082e-02       2.166254e-02
        2450       3.467420e+00       8.128435e-01       1.388040e+00       2.089552e-02       1.519743e-02       1.860067e-02
        2460       3.443253e+00       8.109841e-01       1.378098e+00       1.219111e-02       9.652318e-03       1.112578e-02
        2470       3.428045e+00       8.089547e-01       1.372048e+00       1.342447e-02       1.002729e-02       1.156438e-02
        2480       3.425606e+00       8.181482e-01       1.371092e+00       2.162792e-02       1.504028e-02       1.782822e-02
        2490       3.432454e+00       8.310633e-01       1.373678e+00       1.914115e-02       1.197946e-02       1.693934e-02
        2500       3.444872e+00       8.274485e-01       1.378373e+00       1.029060e-02       4.235179e-03       8.228084e-03
        2510       3.463363e+00       8.313010e-01       1.385702e+00       1.132815e-02       5.699460e-03       9.627343e-03
        2520       3.476683e+00       8.325287e-01       1.391250e+00       2.077315e-02       9.326745e-03       1.803251e-02
        2530       3.476043e+00       8.260485e-01       1.391061e+00       1.722882e-02       7.492067e-03       1.405050e-02
        2540       3.464042e+00       8.116753e-01       1.386320e+00       7.308150e-03       6.399247e-03       6.758595e-03
        2550       3.451364e+00       8.055592e-01       1.381427e+00       1.462088e-02       7.011479e-03       1.256412e-02
        2560       3.439180e+00       8.027326e-01       1.376705e+00       1.813716e-02       9.769603e-03       1.630293e-02
        2570       3.425978e+00       7.930091e-01       1.371530e+00       1.628088e-02       1.067477e-02       1.337730e-02
        2580       3.424648e+00       7.807505e-01       1.371349e+00       1.305354e-02       6.038952e-03       9.616456e-03
        2590       3.439896e+00       7.707069e-01       1.378265e+00       3.107913e-02       1.726541e-02       2.387696e-02
        2600       3.460624e+00       7.719351e-01       1.387040e+00       4.345872e-02       2.309370e-02       3.154544e-02
        2610       3.471862e+00       7.729359e-01       1.391517e+00       4.588409e-02       1.370406e-02       2.773506e-02
        2620       3.472707e+00       7.736793e-01       1.391912e+00       4.775236e-02       1.664265e-02       2.950884e-02
        2630       3.461088e+00       7.723054e-01       1.387182e+00       3.329868e-02       1.952582e-02       2.684658e-02
        2640       3.435690e+00       7.767705e-01       1.376229e+00       2.772950e-02       1.619180e-02       2.358239e-02
        2650       3.409571e+00       8.002529e-01       1.364434e+00       1.777347e-02       1.290544e-02       1.475732e-02
        2660       3.408930e+00       8.321919e-01       1.363744e+00       1.625730e-02       8.321903e-03       1.269977e-02
        2670       3.435263e+00       8.173689e-01       1.374693e+00       3.062513e-02       1.025737e-02       2.552133e-02
        2680       3.455398e+00       8.025225e-01       1.383037e+00       2.439439e-02       1.098388e-02       1.842092e-02
        2690       3.469565e+00       7.908962e-01       1.388934e+00       8.047909e-03       6.460663e-03       7.326734e-03
        2700       3.479081e+00       7.881102e-01       1.393270e+00       2.343007e-02       1.488579e-02       1.843349e-02
        2710       3.476298e+00       7.826205e-01       1.392513e+00       2.886304e-02       1.812027e-02       2.202792e-02
        2720       3.460360e+00       7.719125e-01       1.386142e+00       1.845922e-02       1.196050e-02       1.530699e-02
        2730       3.445480e+00       7.682648e-01       1.380137e+00       2.150676e-02       8.971511e-03       1.504779e-02
        2740       3.441012e+00       7.681531e-01       1.378507e+00       2.333800e-02       1.786672e-02       2.016192e-02
        2750       3.442320e+00       7.691365e-01       1.379090e+00       2.621072e-02       1.945229e-02       2.193986e-02
        2760       3.447879e+00       7.719162e-01       1.381130e+00       2.124990e-02       1.003490e-02       1.513398e-02
        2770       3.459601e+00       7.753354e-01       1.385695e+00       1.793368e-02       9.909374e-03       1.376990e-02
        2780       3.475259e+00       7.824618e-01       1.391942e+00       2.043895e-02       1.528017e-02       1.805348e-02
        2790       3.480120e+00       7.905709e-01       1.393763e+00       2.274819e-02       1.688219e-02       1.878202e-02
        2800       3.472650e+00       7.910567e-01       1.390539e+00       1.665545e-02       6.930686e-03       1.054769e-02
        2810       3.463592e+00       7.890137e-01       1.386892e+00       1.462726e-02       1.074148e-02       1.224930e-02
        2820       3.453383e+00       7.888238e-01       1.382909e+00       2.493379e-02       1.682736e-02       2.013211e-02
        2830       3.439953e+00       7.892369e-01       1.377399e+00       1.905273e-02       1.369066e-02       1.663787e-02
        2840       3.431735e+00       7.964287e-01       1.373822e+00       1.128451e-02       4.702494e-03       7.737579e-03
        2850       3.439595e+00       8.100177e-01       1.376795e+00       1.673589e-02       1.378708e-02       1.567286e-02
        2860       3.454047e+00       8.257148e-01       1.382482e+00       2.565739e-02       1.504288e-02       2.202000e-02
        2870       3.462916e+00       8.217904e-01       1.385715e+00       1.655965e-02       1.065874e-02       1.477304e-02
        2880       3.468129e+00       8.061372e-01       1.387877e+00       8.827292e-03       5.499174e-03       7.967902e-03
        2890       3.471435e+00       7.964367e-01       1.389926e+00       2.339078e-02       6.503670e-03       1.915149e-02
        2900       3.457043e+00       7.911117e-01       1.384915e+00       3.139438e-02       1.811380e-02       2.575787e-02
        2910       3.422321e+00       7.788764e-01       1.371510e+00       3.482366e-02       1.797851e-02       2.333339e-02
        2920       3.405411e+00       7.733723e-01       1.365733e+00       3.550411e-02       1.935924e-02       2.649023e-02
        2930       3.412230e+00       7.671444e-01       1.369588e+00       6.342173e-02       2.872306e-02       4.331183e-02
        2940       3.427706e+00       7.704647e-01       1.375137e+00       5.778555e-02       2.288504e-02       3.764912e-02
        2950       3.444366e+00       7.770273e-01       1.380320e+00       2.858559e-02       1.233375e-02       1.989443e-02
        2960       3.466440e+00       7.874426e-01       1.388354e+00       1.797207e-02       1.212524e-02       1.507672e-02
        2970       3.476293e+00       7.967964e-01       1.392014e+00       2.877571e-02       1.379280e-02       2.257605e-02
        2980       3.464557e+00       8.023027e-01       1.386735e+00       1.980153e-02       7.314167e-03       1.612987e-02
        2990       3.446115e+00       8.102117e-01       1.378868e+00       6.748821e-03       3.360499e-03       5.444356e-03
        3000       3.436360e+00       8.173935e-01       1.375035e+00       1.743274e-02       1.062186e-02       1.501949e-02
        3010       3.433945e+00       8.162231e-01       1.374337e+00       2.351864e-02       7.604954e-03       1.908748e-02
        3020       3.432604e+00       8.135916e-01       1.373774e+00       1.531957e-02       1.051939e-02       1.349671e-02
        3030       3.440040e+00       8.193549e-01       1.376652e+00       8.596890e-03       5.865107e-03       7.158339e-03
        3040       3.457704e+00       8.198370e-01       1.383941e+00       1.717576e-02       1.293067e-02       1.583277e-02
        3050       3.471946e+00       8.133512e-01       1.389920e+00       2.323562e-02       1.502912e-02       1.993652e-02
        3060       3.474514e+00       8.092890e-01       1.391026e+00       1.364496e-02       8.760084e-03       1.114069e-02
        3070       3.471348e+00       8.041609e-01       1.389936e+00       1.042675e-02       6.552980e-03       8.445826e-03
        3080       3.464785e+00       7.952108e-01       1.387601e+00       2.015550e-02       1.501142e-02       1.812309e-02
        3090       3.452521e+00       7.847081e-01       1.382940e+00       2.268150e-02       1.823368e-02       2.081232e-02
        3100       3.439728e+00       7.717599e-01       1.378063e+00       2.431426e-02       9.898802e-03       1.622564e-02
        3110       3.438337e+00       7.705466e-01       1.377562e+00       1.933123e-02       9.485138e-03       1.424641e-02
        3120       3.449973e+00       7.731257e-01       1.382269e+00       2.360982e-02       1.722136e-02       2.050941e-02
        3130       3.461085e+00       7.716639e-01       1.386689e+00       2.334544e-02       1.747744e-02       2.084727e-02
        3140       3.468130e+00       7.711786e-01       1.389466e+00       2.759518e-02       6.908974e-03       1.630794e-02
        3150       3.475215e+00       7.716194e-01       1.392556e+00       3.562654e-02       1.449209e-02       2.372079e-02
        3160       3.475548e+00       7.752785e-01       1.392669e+00       3.361380e-02       2.180051e-02       2.627402e-02
        3170       3.459580e+00       7.784893e-01       1.385615e+00       2.040427e-02       1.448984e-02       1.711976e-02
        3180       3.439832e+00       7.795328e-01       1.377279e+00       1.166449e-02       6.304638e-03       9.357496e-03
        3190       3.432018e+00       7.806943e-01       1.374175e+00       1.808996e-02       9.141333e-03       1.553071e-02
        3200       3.431718e+00       7.946582e-01       1.373795e+00       3.158479e-02       1.439318e-02       2.369037e-02
        3210       3.435455e+00       8.185079e-01       1.374603e+00       1.653744e-02       1.278190e-02       1.434197e-02
        3220       3.448434e+00       8.528427e-01       1.379414e+00       6.390948e-03       5.587485e-03       6.016497e-03
        3230       3.469615e+00       8.362692e-01       1.388326e+00       2.561582e-02       9.295117e-03       2.163760e-02
        3240       3.471669e+00       8.221763e-01       1.389517e+00       2.696104e-02       7.783215e-03       2.146405e-02
        3250       3.453631e+00       7.957274e-01       1.382553e+00       1.561738e-02       6.701604e-03       9.952004e-03
        3260       3.444052e+00       7.768009e-01       1.379559e+00       2.038656e-02       1.304597e-02       1.573497e-02
        3270       3.441486e+00       7.667549e-01       1.379173e+00       3.061447e-02       2.261679e-02       2.732603e-02
        3280       3.439315e+00       7.673510e-01       1.378025e+00       2.357615e-02       1.599866e-02       2.017232e-02
        3290       3.442421e+00       7.766003e-01       1.378673e+00       1.733976e-02       6.621943e-03       1.269010e-02
        3300       3.456667e+00       7.851128e-01       1.384288e+00       1.735684e-02       1.132336e-02       1.486964e-02
        3310       3.469351e+00       7.865182e-01       1.389618e+00       3.118057e-02       1.836296e-02       2.222753e-02
        3320       3.471657e+00       7.870014e-01       1.390400e+00       2.398939e-02       1.206050e-02       1.689874e-02
        3330       3.467792e+00       7.929275e-01       1.388447e+00       1.067179e-02       7.865831e-03       8.854837e-03
        3340       3.463867e+00       7.949686e-01       1.386857e+00       1.729986e-02       1.283684e-02       1.515554e-02
        3350       3.456315e+00       7.928039e-01       1.383987e+00       1.898323e-02       9.000981e-03       1.593419e-02
        3360       3.444357e+00       7.843943e-01       1.379306e+00       1.374424e-02       9.130417e-03       1.202142e-02
        3370       3.439972e+00       7.819568e-01       1.377605e+00       1.472670e-02       5.296943e-03       1.041343e-02
        3380       3.445516e+00       7.898949e-01       1.379752e+00       1.880684e-02       1.502306e-02       1.697163e-02
        3390       3.454174e+00       7.940446e-01       1.383204e+00       2.091546e-02       1.373068e-02       1.726697e-02
        3400       3.461945e+00       7.932987e-01       1.386388e+00       1.646749e-02       8.377133e-03       1.184503e-02
        3410       3.469468e+00       7.922200e-01       1.389480e+00       1.848368e-02       7.394966e-03       1.215375e-02
        3420       3.474800e+00       7.974707e-01       1.391581e+00       2.173714e-02       1.368402e-02       1.832222e-02
        3430       3.468132e+00       8.029678e-01       1.388666e+00       2.313049e-02       1.842537e-02       2.027999e-02
        3440       3.450201e+00       8.049778e-01       1.381117e+00       9.614127e-03       7.654958e-03       8.649096e-03
        3450       3.434379e+00       8.029641e-01       1.374772e+00       1.582798e-02       1.206487e-02       1.393275e-02
        3460       3.427230e+00       8.081171e-01       1.371970e+00       2.788638e-02       9.584915e-03       2.249854e-02
        3470       3.424484e+00       8.226539e-01       1.370502e+00       2.190671e-02       1.512874e-02       1.918325e-02
        3480       3.433786e+00       8.181335e-01       1.374073e+00       9.776361e-03       3.954018e-03       5.943352e-03
        3490       3.459533e+00       8.178184e-01       1.384715e+00       1.859784e-02       8.525683e-03       1.550359e-02
        3500       3.476297e+00       8.157290e-01       1.392045e+00       2.807840e-02       2.031769e-02       2.451092e-02
        3510       3.470688e+00       7.951600e-01       1.390142e+00       1.734210e-02       1.210751e-02       1.555677e-02
        3520       3.456475e+00       7.777170e-01       1.385208e+00       3.290505e-02       6.654215e-03       1.857488e-02
        3530       3.446947e+00       7.704613e-01       1.381923e+00       4.353822e-02       2.188976e-02       3.020282e-02
        3540       3.436474e+00       7.686409e-01       1.377487e+00       3.171623e-02       2.226336e-02       2.662367e-02
        3550       3.427625e+00       7.672073e-01       1.373624e+00       2.238329e-02       1.377234e-02       1.954672e-02
        3560       3.436839e+00       7.675620e-01       1.377371e+00       2.489955e-02       1.550959e-02       1.859308e-02
        3570       3.457007e+00       7.754544e-01       1.385563e+00       3.431406e-02       1.976978e-02       2.532254e-02
        3580       3.470842e+00       7.871651e-01       1.390611e+00       3.127254e-02       1.780864e-02       2.199928e-02
        3590       3.472013e+00       7.956365e-01       1.390277e+00       1.522846e-02       7.193632e-03       1.095000e-02
        3600       3.469213e+00       8.020624e-01       1.388848e+00       1.329303e-02       6.661271e-03       1.036417e-02
        3610       3.461122e+00       8.043120e-01       1.385661e+00       2.382247e-02       1.001270e-02       1.903514e-02
        3620       3.444806e+00       8.052350e-01       1.378830e+00       1.737313e-02       9.352890e-03       1.485718e-02
        3630       3.430438e+00       8.092050e-01       1.372661e+00       1.052166e-02       4.823249e-03       7.168224e-03
        3640       3.428981e+00       8.162379e-01       1.371991e+00       1.525004e-02       9.293244e-03       1.263435e-02
        3650       3.437687e+00       8.200885e-01       1.375545e+00       1.838089e-02       6.514064e-03       1.573837e-02
        3660       3.446810e+00       8.237998e-01       1.379100e+00       1.518166e-02       8.875515e-03       1.346253e-02
        3670       3.458625e+00       8.300458e-01       1.383687e+00       6.858860e-03       4.553943e-03       5.559956e-03
        3680       3.470022e+00       8.376673e-01       1.388254e+00       1.549004e-02       7.262339e-03       1.311344e-02
        3690       3.473198e+00       8.436563e-01       1.389547e+00       1.957099e-02       6.869270e-03       1.602733e-02
        3700       3.465458e+00       8.432438e-01       1.386381e+00       1.076410e-02       6.766418e-03       9.557844e-03
        3710       3.453711e+00       8.405409e-01       1.381685e+00       8.742986e-03       7.304255e-03       7.903133e-03
        3720       3.444871e+00       8.356355e-01       1.378305e+00       1.630163e-02       9.250796e-03       1.403260e-02
        3730       3.436495e+00       8.236223e-01       1.375096e+00       2.108404e-02       1.187175e-02       1.669513e-02
        3740       3.431759e+00       8.112547e-01       1.373257e+00       1.111937e-02       9.504512e-03       1.052446e-02
        3750       3.438967e+00       8.079393e-01       1.376191e+00       1.165848e-02       8.229833e-03       9.245637e-03
        3760       3.457841e+00       8.072537e-01       1.383966e+00       2.164252e-02       1.442523e-02       1.930963e-02
        3770       3.472670e+00       8.004538e-01       1.390108e+00       2.276560e-02       1.832691e-02       2.012882e-02
        3780       3.477889e+00       7.902895e-01       1.392354e+00       1.122470e-02       5.633184e-03       8.135675e-03
        3790       3.480956e+00       7.745360e-01       1.394329e+00       1.967940e-02       1.737472e-02       1.813856e-02
        3800       3.476726e+00       7.637830e-01       1.393309e+00       3.190099e-02       2.320403e-02       2.884209e-02
        3810       3.460588e+00       7.519890e-01       1.386948e+00       3.420302e-02       2.021866e-02       2.551449e-02
        3820       3.444036e+00       7.429154e-01       1.380361e+00       3.373521e-02       1.566827e-02       2.428440e-02
        3830       3.447125e+00       7.506070e-01       1.381472e+00       3.318297e-02       1.812122e-02       2.380171e-02
        3840       3.457546e+00       7.615733e-01       1.385422e+00       3.294276e-02       2.540658e-02       2.833260e-02
        3850       3.461833e+00       7.798246e-01       1.386295e+00       1.687526e-02       1.238857e-02       1.508864e-02
        3860       3.466075e+00       8.047297e-01       1.387233e+00       9.419317e-03       5.918704e-03       7.595762e-03
        3870       3.469591e+00       8.286344e-01       1.388658e+00       2.303392e-02       1.064894e-02       1.964003e-02
        3880       3.460721e+00       8.198405e-01       1.385294e+00       2.520732e-02       9.932765e-03       2.014058e-02
        3890       3.444324e+00       7.988151e-01       1.378792e+00       1.206153e-02       9.817689e-03       1.057758e-02
        3900       3.440860e+00       7.876945e-01       1.377593e+00       1.164372e-02       8.034141e-03       1.026044e-02
        3910       3.447849e+00       7.913526e-01       1.380402e+00       2.314759e-02       1.172373e-02       1.850521e-02
        3920       3.454737e+00       7.936035e-01       1.383003e+00       1.754433e-02       8.966354e-03       1.504444e-02
        3930       3.460245e+00       7.920813e-01       1.385183e+00       8.187971e-03       4.468791e-03       6.988781e-03
        3940       3.468305e+00       7.914217e-01       1.388582e+00       1.316680e-02       7.488102e-03       1.051505e-02
        3950       3.475421e+00       7.919475e-01       1.391537e+00       1.843626e-02       7.839243e-03       1.509407e-02
        3960       3.472977e+00       7.935412e-01       1.390408e+00       1.555585e-02       8.540632e-03       1.311209e-02
        3970       3.463958e+00       7.900859e-01       1.386707e+00       1.050465e-02       4.927218e-03       8.336095e-03
        3980       3.456226e+00       7.841132e-01       1.383914e+00       1.378762e-02       1.173064e-02       1.270730e-02
        3990       3.450569e+00       7.764417e-01       1.382077e+00       2.640605e-02       1.872626e-02       2.098172e-02
        4000       3.444726e+00       7.736310e-01       1.379669e+00       1.928606e-02       1.353895e-02       1.651665e-02
        4010       3.444655e+00       7.761401e-01       1.379393e+00       1.136810e-02       6.852758e-03       9.546096e-03
        4020       3.455472e+00       7.788043e-01       1.383892e+00       1.785753e-02       8.691342e-03       1.509685e-02
        4030       3.465757e+00       7.805727e-01       1.388200e+00       2.205895e-02       1.333625e-02       1.891404e-02
        4040       3.467854e+00       7.798471e-01       1.388881e+00       1.597743e-02       1.184351e-02       1.343657e-02
        4050       3.467052e+00       7.850875e-01       1.388212e+00       1.029031e-02       5.999728e-03       8.526489e-03
        4060       3.464523e+00       7.916365e-01       1.387026e+00       1.894083e-02       8.502474e-03       1.609251e-02
        4070       3.453190e+00       7.939265e-01       1.382399e+00       2.112173e-02       1.078728e-02       1.849523e-02
        4080       3.435687e+00       7.904281e-01       1.375254e+00       1.215174e-02       8.721016e-03       1.007625e-02
        4090       3.427753e+00       7.923451e-01       1.371993e+00       1.133076e-02       7.715102e-03       9.419931e-03
        4100       3.432400e+00       8.060415e-01       1.373842e+00       2.709806e-02       1.278237e-02       1.971558e-02
        4110       3.440897e+00       8.158960e-01       1.377210e+00       2.326422e-02       1.099984e-02       1.864541e-02
        4120       3.450383e+00       8.229659e-01       1.380979e+00       1.065592e-02       8.443758e-03       9.195030e-03
        4130       3.466509e+00       8.239946e-01       1.387654e+00       1.686986e-02       8.828961e-03       1.322596e-02
        4140       3.479380e+00       8.164231e-01       1.393141e+00       2.680192e-02       2.280200e-02       2.526288e-02
        4150       3.474790e+00       7.968662e-01       1.391502e+00       2.159487e-02       1.731624e-02       1.973674e-02
        4160       3.462491e+00       7.803666e-01       1.386958e+00       2.234946e-02       7.575178e-03       1.375993e-02
        4170       3.453896e+00       7.734998e-01       1.384034e+00       3.285587e-02       1.795013e-02       2.529886e-02
        4180       3.447095e+00       7.684215e-01       1.381444e+00       3.170706e-02       2.150078e-02       2.618703e-02
        4190       3.438133e+00       7.672415e-01       1.377458e+00       2.289529e-02       1.422109e-02       1.859534e-02
        4200       3.441565e+00       7.676242e-01       1.378719e+00       2.227361e-02       8.662716e-03       1.505797e-02
        4210       3.455385e+00       7.727999e-01       1.384251e+00       2.244678e-02       1.789344e-02       2.026135e-02
        4220       3.464887e+00       7.874243e-01       1.387605e+00       2.247691e-02       1.217149e-02       1.913975e-02
        4230       3.466797e+00       7.971549e-01       1.387843e+00       1.315194e-02       9.559924e-03       1.115065e-02
        4240       3.466006e+00       8.007419e-01       1.387343e+00       1.136938e-02       6.582932e-03       8.685739e-03
        4250       3.464521e+00       8.003548e-01       1.386907e+00       1.807075e-02       8.328649e-03       1.503809e-02
        4260       3.456065e+00       7.999796e-01       1.383460e+00       1.803709e-02       6.024020e-03       1.457180e-02
        4270       3.444355e+00       8.041073e-01       1.378410e+00       8.551905e-03       5.945205e-03       7.577352e-03
        4280       3.439674e+00       8.078112e-01       1.376399e+00       1.069385e-02       8.167527e-03       9.392125e-03
        4290       3.443013e+00       8.071463e-01       1.377882e+00       1.882691e-02       1.215093e-02       1.672756e-02
        4300       3.446720e+00       8.031270e-01       1.379437e+00       1.603637e-02       7.231617e-03       1.336576e-02
        4310       3.450722e+00       8.068499e-01       1.380898e+00       7.904525e-03       3.677268e-03       5.662082e-03
        4320       3.459774e+00       8.130735e-01       1.384494e+00       1.260794e-02       6.329327e-03       1.084723e-02
        4330       3.467228e+00       8.151185e-01       1.387580e+00       1.963181e-02       1.105162e-02       1.707414e-02
        4340       3.465478e+00       8.093093e-01       1.386964e+00       1.592325e-02       6.746752e-03       1.317457e-02
        4350       3.456398e+00       8.009325e-01       1.383366e+00       5.206229e-03       4.541281e-03       4.775491e-03
        4360       3.447671e+00       8.056002e-01       1.379905e+00       1.562398e-02       8.504997e-03       1.342628e-02
        4370       3.439599e+00       8.107741e-01       1.376931e+00       2.641212e-02       1.300252e-02       2.195353e-02
        4380       3.430297e+00       8.095827e-01       1.373469e+00       1.819693e-02       1.234530e-02       1.509276e-02
        4390       3.430880e+00       8.028157e-01       1.374052e+00       1.881848e-02       8.085489e-03       1.273338e-02
        4400       3.447963e+00       8.055603e-01       1.381514e+00       3.679232e-02       2.066155e-02       2.621814e-02
        4410       3.459760e+00       8.009135e-01       1.386326e+00       3.068381e-02       2.004296e-02       2.498909e-02
        4420       3.458132e+00       7.939904e-01       1.385500e+00       3.029206e-02       9.216387e-03       1.919414e-02
        4430       3.457057e+00       7.914445e-01       1.385190e+00       4.085720e-02       1.244363e-02       2.415381e-02
        4440       3.450047e+00       7.975334e-01       1.382046e+00       3.574404e-02       2.195369e-02       2.701763e-02
        4450       3.434009e+00       8.023301e-01       1.374792e+00       2.009988e-02       1.267728e-02       1.757986e-02
        4460       3.422250e+00       8.030742e-01       1.369568e+00       1.486781e-02       9.265266e-03       1.217529e-02
        4470       3.429015e+00       8.017949e-01       1.372296e+00       1.373162e-02       8.458482e-03       1.226631e-02
        4480       3.441714e+00       8.107375e-01       1.377408e+00       2.504817e-02       1.314172e-02       2.108522e-02
        4490       3.449664e+00       8.201978e-01       1.380292e+00       1.861424e-02       1.184225e-02       1.574889e-02
        4500       3.455976e+00       8.255922e-01       1.382599e+00       5.383239e-03       3.697661e-03       4.779581e-03
        4510       3.465919e+00       8.308709e-01       1.386768e+00       1.770526e-02       9.865668e-03       1.522075e-02
        4520       3.468640e+00       8.296696e-01       1.388061e+00       2.236174e-02       7.521934e-03       1.885676e-02
        4530       3.456032e+00       8.330015e-01       1.382865e+00       1.287561e-02       9.046349e-03       1.151105e-02
        4540       3.444164e+00       8.244064e-01       1.378147e+00       8.394267e-03       6.441937e-03       7.603507e-03
        4550       3.440779e+00       8.119699e-01       1.377202e+00       2.007999e-02       7.238285e-03       1.589663e-02
        4560       3.440728e+00       8.107195e-01       1.377268e+00       2.095573e-02       9.383014e-03       1.752423e-02
        4570       3.441790e+00       8.135425e-01       1.377479e+00       1.039582e-02       6.876320e-03       8.907023e-03
        4580       3.448933e+00       8.110393e-01       1.380370e+00       1.110071e-02       6.769135e-03       8.546535e-03
        4590       3.460694e+00       8.046795e-01       1.385430e+00       1.865912e-02       1.005875e-02       1.603348e-02
        4600       3.467607e+00       7.994503e-01       1.388463e+00       2.233722e-02       1.519737e-02       1.786222e-02
        4610       3.466588e+00       8.007026e-01       1.388021e+00       1.918479e-02       5.557136e-03       1.067089e-02
        4620       3.462926e+00       7.964379e-01       1.386650e+00       1.586931e-02       1.020924e-02       1.388531e-02
        4630       3.458439e+00       7.884536e-01       1.385279e+00       2.429217e-02       1.679625e-02       2.103061e-02
        4640       3.446003e+00       7.727664e-01       1.380811e+00       3.205417e-02       1.688077e-02       2.447728e-02
        4650       3.435598e+00       7.628905e-01       1.376768e+00       3.598363e-02       8.159191e-03       2.032036e-02
        4660       3.440242e+00       7.690744e-01       1.378562e+00       2.860641e-02       1.660509e-02       2.149219e-02
        4670       3.450406e+00       7.736514e-01       1.382562e+00       3.165671e-02       2.124756e-02       2.646060e-02
        4680       3.455494e+00       7.751498e-01       1.384201e+00       1.802073e-02       1.498922e-02       1.607364e-02
        4690       3.458655e+00       7.768109e-01       1.385246e+00       2.176518e-02       9.221992e-03       1.381082e-02
        4700       3.463313e+00       7.935521e-01       1.386608e+00       2.164658e-02       6.508439e-03       1.766303e-02
        4710       3.455689e+00       8.151088e-01       1.383032e+00       2.625402e-02       1.569601e-02       2.260357e-02
        4720       3.438817e+00       8.307622e-01       1.375987e+00       1.141490e-02       7.190470e-03       9.792757e-03
        4730       3.432136e+00       8.030242e-01       1.373702e+00       9.460346e-03       8.361803e-03       8.923152e-03
        4740       3.441623e+00       7.943145e-01       1.377969e+00       2.472157e-02       7.263924e-03       2.034776e-02
        4750       3.450766e+00       7.926159e-01       1.381534e+00       2.234820e-02       1.469145e-02       2.008287e-02
        4760       3.458112e+00       7.863743e-01       1.384426e+00       1.256776e-02       7.015407e-03       8.954704e-03
        4770       3.471548e+00       7.813236e-01       1.390145e+00       1.434228e-02       1.298405e-02       1.363156e-02
        4780       3.480526e+00       7.846526e-01       1.393887e+00       2.562948e-02       1.659731e-02       2.103556e-02
        4790       3.476519e+00       7.856884e-01       1.392032e+00       1.756843e-02       1.229113e-02       1.507351e-02
        4800       3.464757e+00       7.846914e-01       1.387080e+00       1.175837e-02       7.107226e-03       8.993533e-03
        4810       3.457156e+00       7.834836e-01       1.384169e+00       1.535330e-02       1.339533e-02       1.440196e-02
        4820       3.450704e+00       7.768403e-01       1.381878e+00       2.180303e-02       1.345291e-02       1.867504e-02
        4830       3.443335e+00       7.778254e-01       1.378727e+00       1.436087e-02       1.001021e-02       1.203194e-02
        4840       3.443157e+00       7.851146e-01       1.378334e+00       8.184062e-03       5.584618e-03       7.119599e-03
        4850       3.451504e+00       7.884795e-01       1.381737e+00       1.609588e-02       8.484381e-03       1.373060e-02
        4860       3.460884e+00       7.891090e-01       1.385626e+00       1.820520e-02       8.922724e-03       1.565660e-02
        4870       3.464925e+00       7.878497e-01       1.387200e+00       1.189208e-02       9.404741e-03       1.056094e-02
        4880       3.467572e+00       7.911346e-01       1.388117e+00       7.950847e-03       4.807842e-03       6.998901e-03
        4890       3.467431e+00       7.979009e-01       1.387967e+00       1.881715e-02       1.311962e-02       1.733888e-02
        4900       3.457837e+00       7.983399e-01       1.384064e+00       2.097994e-02       1.451060e-02       1.911936e-02
        4910       3.440402e+00       7.885767e-01       1.377061e+00       1.052871e-02       6.497359e-03       8.468723e-03
        4920       3.428196e+00       7.880945e-01       1.372217e+00       1.537160e-02       1.134091e-02       1.292063e-02
        4930       3.429388e+00       7.999210e-01       1.372794e+00       2.754889e-02       1.233487e-02       2.236569e-02
        4940       3.430872e+00       8.075674e-01       1.373494e+00       2.442934e-02       1.756850e-02       2.020712e-02
        4950       3.443879e+00       7.953346e-01       1.379047e+00       9.859236e-03       6.054652e-03       8.761896e-03
        4960       3.469255e+00       7.827059e-01       1.390179e+00       2.217208e-02       1.578557e-02       1.902515e-02
        4970       3.489985e+00       7.759794e-01       1.399031e+00       3.152279e-02       1.967824e-02       2.697885e-02
        4980       3.487209e+00       7.678816e-01       1.397747e+00       3.033617e-02       1.859494e-02       2.442060e-02
        4990       3.469551e+00       7.572645e-01       1.390787e+00       3.257254e-02       1.385967e-02       2.387762e-02
        5000       3.456215e+00       7.497029e-01       1.386124e+00       4.424595e-02       2.179041e-02       2.863524e-02
