2019-09-01 09:10:22.761550: I tensorflow/core/platform/cpu_feature_guard.cc:141] Your CPU supports instructions that this TensorFlow binary was not compiled to use: AVX AVX2 FMA
2019-09-01 09:10:23.020000: I tensorflow/core/common_runtime/gpu/gpu_device.cc:1432] Found device 0 with properties: 
name: GeForce RTX 2080 Ti major: 7 minor: 5 memoryClockRate(GHz): 1.635
pciBusID: 0000:0a:00.0
totalMemory: 10.73GiB freeMemory: 10.53GiB
2019-09-01 09:10:23.145021: I tensorflow/core/common_runtime/gpu/gpu_device.cc:1432] Found device 1 with properties: 
name: GeForce RTX 2080 Ti major: 7 minor: 5 memoryClockRate(GHz): 1.635
pciBusID: 0000:0b:00.0
totalMemory: 10.73GiB freeMemory: 10.53GiB
2019-09-01 09:10:23.272961: I tensorflow/stream_executor/cuda/cuda_gpu_executor.cc:964] successful NUMA node read from SysFS had negative value (-1), but there must be at least one NUMA node, so returning NUMA node zero
2019-09-01 09:10:23.274099: I tensorflow/core/common_runtime/gpu/gpu_device.cc:1432] Found device 2 with properties: 
name: GeForce RTX 2080 Ti major: 7 minor: 5 memoryClockRate(GHz): 1.635
pciBusID: 0000:42:00.0
totalMemory: 10.73GiB  >>> Info of model(s):
  using   4 model(s): ../graph.002.pb ../graph.000.pb ../graph.003.pb ../graph.001.pb 
  rcut in model:      5
  ntypes in model:    2
Neighbor list info ...
  update every 1 steps, delay 10 steps, check yes
  max neighbors/atom: 2000, page size: 100000
  master list distance cutoff = 6
  ghost atom cutoff = 6
  binsize = 3, bins = 4 4 4
  1 neighbor lists, perpetual/occasional/extra = 1 0 0
  (1) pair deepmd, perpetual
      attributes: , newton on
      pair build: full/bin/atomonly
      stencil: full/bin/3d
      bin: standard
Setting up Verlet run ...
  Unit style    : metal
  Current step  : 0
  Time step     : 0.002
Per MPI rank memory allocation (min/avg/max) = 3.934 | 3.934 | 3.934 Mbytes
Step Temp PotEng KinEng TotEng Press Volume Lx Ly Lz Xy Xz Yz 
       0          100   -219.74204  0.051704058   -219.69034   -362.43639         1000           10           10           10            0            0            0 
      10    80.927022   -219.73128  0.041842554   -219.68944    50.989066         1000           10           10           10            0            0            0 
      20    68.124389    -219.7224  0.035223074   -219.68718    424.27946         1000           10           10           10            0            0            0 
      30    90.450606   -219.73176  0.046766634   -219.68499    552.89747         1000           10           10           10            0            0            0 
      40    108.69347     -219.738  0.056198937    -219.6818    417.45692         1000           10           10           10            0            0            0 
      50    91.883284   -219.72389  0.047507387   -219.67638    157.30272         1000           10           10           10            0            0            0 
      60    92.757342   -219.71529   0.04795931   -219.66733   -259.18802         1000           10           10           10            0            0            0 
      70    129.07771   -219.72256  0.066738413   -219.65582   -683.30773         1000           10           10           10            0            0            0 
      80    151.20931   -219.72139  0.078181347   -219.64321   -870.39432         1000           10           10           10            0            0            0 
      90    101.92403   -219.67898  0.052698859   -219.62628   -672.48739         1000           10           10           10            0            0            0 
     100    137.72691   -219.68291  0.071210401    -219.6117   -293.71722         1000           10           10           10            0            0            0 
     110    168.18065   -219.68547  0.086956223   -219.59851    111.84842         1000           10           10           10            0            0            0 
     120    118.04168   -219.64848  0.061032341   -219.58745    463.78869         1000           10           10           10            0            0            0 
     130    85.852795   -219.63254  0.044389379   -219.58815     313.0179         1000           10           10           10            0            0            0 
     140    135.91624    -219.6659  0.070274213   -219.59563   -210.32277         1000           10           10           10            0            0            0 
     150    166.82923   -219.69096  0.086257484    -219.6047   -682.91273         1000           10           10           10            0            0            0 
     160    135.05295   -219.68206  0.069827858   -219.61223   -829.33509         1000           10           10           10            0            0            0 
     170    147.98923   -219.69809  0.076516435   -219.62157   -679.10536         1000           10           10           10            0            0            0 
     180    152.53152   -219.71132  0.078864987   -219.63245   -321.40241         1000           10           10           10            0            0            0 
     190    179.93617   -219.73367  0.093034301   -219.64064    147.49738         1000           10           10           10            0            0            0 
     200    123.44586   -219.70648  0.063826518   -219.64265    555.23574         1000           10           10           10            0            0            0 
     210    101.88035   -219.69721  0.052676274   -219.64453    556.94709         1000           10           10           10            0            0            0 
     220    133.72174    -219.7184  0.069139565   -219.64926     157.8784         1000           10           10           10            0            0            0 
     230    127.41675    -219.7179  0.065879632   -219.65202   -221.36004         1000           10           10           10            0            0            0 
     240    87.597445    -219.6981  0.045291434   -219.65281   -503.64897         1000           10           10           10            0            0            0 
     250    74.639938   -219.69357  0.038591877   -219.65498    -659.7503         1000           10           10           10            0            0            0 
     260    119.14244   -219.72097  0.061601474   -219.65937   -674.36376         1000           10           10           10            0            0            0 
     270    80.694083   -219.70276  0.041722116   -219.66104   -358.13765         1000           10           10           10            0            0            0 
     280    78.856444   -219.70318  0.040771982   -219.66241    72.874201         1000           10           10           10            0            0            0 
     290    71.614322    -219.6994   0.03702751   -219.66237    367.37131         1000           10           10           10            0            0            0 
     300    78.787925   -219.70419  0.040736554   -219.66345    439.94512         1000           10           10           10            0            0            0 
     310    78.333554   -219.70581  0.040501626   -219.66531    314.22499         1000           10           10           10            0            0            0 
     320    41.118317   -219.68698  0.021259838   -219.66572    105.98634         1000           10           10           10            0            0            0 
     330    75.376259   -219.70697  0.038972585     -219.668   -230.07113         1000           10           10           10            0            0            0 
     340     74.77825   -219.70654   0.03866339   -219.66788   -453.69127         1000           10           10           10            0            0            0 
     350    69.931694   -219.70277  0.036157524   -219.66662   -477.39949         1000           10           10           10            0            0            0 
     360    53.083159   -219.69186  0.027446148   -219.66442   -286.48118         1000           10           10           10            0            0            0 
     370    98.609924   -219.71407  0.050985333   -219.66308   -27.612506         1000           10           10           10            0            0            0 
     380    119.10678   -219.72035  0.061583038   -219.65876    287.09374         1000           10           10           10            0            0            0 
     390    88.931497   -219.69683  0.045981193   -219.65085    551.41927         1000           10           10           10            0            0            0 
     400    125.49159   -219.71047  0.064884245   -219.64558    490.66654         1000           10           10           10            0            0            0 
     410    138.50272    -219.7108  0.071611526   -219.63919    221.03576         1000           10           10           10            0            0            0 
     420    176.73899   -219.72311  0.091381231   -219.63173   -199.89444         1000           10           10           10            0            0            0 
     430    141.93179   -219.69531  0.073384496   -219.62193   -528.16606         1000           10           10           10            0            0            0 
     440    147.80843   -219.69244  0.076422959   -219.61602   -737.92573         1000           10           10           10            0            0            0 
     450     173.6119   -219.70282    0.0897644   -219.61306   -660.95295         1000           10           10           10            0            0            0 
     460    169.70467   -219.69684  0.087744201   -219.60909   -257.24367         1000           10           10           10            0            0            0 
     470    105.20439   -219.65266   0.05439494   -219.59826    215.42928         1000           10           10           10            0            0            0 
     480    86.441324   -219.64187  0.044693672   -219.59718    325.27539         1000           10           10           10            0            0            0 
     490    122.06334   -219.66736    0.0631117   -219.60425    68.957721         1000           10           10           10            0            0            0 
     500    52.558742   -219.63904  0.027175002   -219.61186   -120.81615         1000           10           10           10            0            0            0 
     510     62.28533   -219.65811  0.032204043    -219.6259   -375.43487         1000           10           10           10            0            0            0 
     520    64.535994   -219.67277  0.033367728    -219.6394   -523.30515         1000           10           10           10            0            0            0 
     530    70.792144   -219.68841  0.036602411   -219.65181   -446.00916         1000           10           10           10            0            0            0 
     540    53.470816   -219.68907  0.027646582   -219.66142    -180.3415         1000           10           10           10            0            0            0 
     550    44.452694   -219.69194  0.022983847   -219.66895    67.109793         1000           10           10           10            0            0            0 
     560    68.827081    -219.7109  0.035586394   -219.67531    205.35247         1000           10           10           10            0            0            0 
     570    62.201979   -219.71139  0.032160947   -219.67923    251.67055         1000           10           10           10            0            0            0 
     580    56.703549   -219.71033  0.029318036   -219.68101    175.71609         1000           10           10           10            0            0            0 
     590    50.831362   -219.70963  0.026281877   -219.68334   -15.074853         1000           10           10           10            0            0            0 
     600    86.193701   -219.72988  0.044565641   -219.68531   -330.50964         1000           10           10           10            0            0            0 
     610    76.181372   -219.72345  0.039388861   -219.68406   -464.45846         1000           10           10           10            0            0            0 
     620     60.23168    -219.7127  0.031142223   -219.68156   -443.34517         1000           10           10           10            0            0            0 
     630    77.008523   -219.71925  0.039816531   -219.67943   -344.14581         1000           10           10           10            0            0            0 
     640    98.857329   -219.72951  0.051113251    -219.6784   -146.88123         1000           10           10           10            0            0            0 
     650    97.725046   -219.72625  0.050527815   -219.67573    105.52723         1000           10           10           10            0            0            0 
     660    74.281198   -219.71037  0.038406394   -219.67196    308.57348         1000           10           10           10            0            0            0 
     670     116.6324   -219.73044  0.060303683   -219.67014    263.88611         1000           10           10           10            0            0            0 
     680    116.53169   -219.72792  0.060251614   -219.66767    66.564335         1000           10           10           10            0            0            0 
     690    121.05506    -219.7272  0.062590378   -219.66461   -225.94065         1000           10           10           10            0            0            0 
     700     97.46303   -219.70945  0.050392342   -219.65906   -431.52906         1000           10           10           10            0            0            0 
     710    111.61314   -219.71306  0.057708523   -219.65535   -591.34985         1000           10           10           10            0            0            0 
     720    139.49322   -219.72514  0.072123655   -219.65301   -536.33539         1000           10           10           10            0            0            0 
     730    87.476278   -219.69444  0.045228785   -219.64921   -209.53225         1000           10           10           10            0            0            0 
     740     92.06788   -219.69288   0.04760283   -219.64528    67.790342         1000           10           10           10            0            0            0 
     750    104.23411   -219.69552  0.053893264   -219.64163    230.55458         1000           10           10           10            0            0            0 
     760    105.45286   -219.69435  0.054523407   -219.63983    193.53104         1000           10           10           10            0            0            0 
     770    59.376907   -219.66943  0.030700271   -219.63873    50.596678         1000           10           10           10            0            0            0 
     780    81.609803   -219.68224   0.04219558   -219.64005   -313.03042         1000           10           10           10            0            0            0 
     790    93.633709    -219.6882  0.048412427   -219.63979   -638.96414         1000           10           10           10            0            0            0 
     800     78.70536   -219.68055  0.040693865   -219.63985   -714.64412         1000           10           10           10            0            0            0 
     810    79.624107   -219.68229  0.041168894   -219.64113   -555.17933         1000           10           10           10            0            0            0 
     820    72.508404   -219.68047  0.037489787   -219.64298   -226.22864         1000           10           10           10            0            0            0 
     830    124.16681   -219.71071  0.064199278   -219.64651    83.535839         1000           10           10           10            0            0            0 
     840    98.019461   -219.69863  0.050680039   -219.64795    386.63901         1000           10           10           10            0            0            0 
     850    88.368583   -219.69876  0.045690144   -219.65307    418.64163         1000           10           10           10            0            0            0 
     860    113.70837   -219.72044   0.05879184   -219.66165    149.31283         1000           10           10           10            0            0            0 
     870    139.40107   -219.74062  0.072076009   -219.66855   -223.67051         1000           10           10           10            0            0            0 
     880    104.63116   -219.72594  0.054098557   -219.67184   -457.35615         1000           10           10           10            0            0            0 
     890    82.104869    -219.7206  0.042451549   -219.67815    -569.0426         1000           10           10           10            0            0            0 
     900    109.16582    -219.7429  0.056443161   -219.68646   -552.51527         1000           10           10           10            0            0            0 
     910    89.068497   -219.73908  0.046052027   -219.69303   -292.17156         1000           10           10           10            0            0            0 
     920    83.640621   -219.74252  0.043245595   -219.69927      51.3275         1000           10           10           10            0            0            0 
     930    62.054352   -219.73447  0.032084618   -219.70239    317.83517         1000           10           10           10            0            0            0 
     940    75.023925   -219.74436  0.038790414   -219.70557    386.79865         1000           10           10           10            0            0            0 
     950    77.097812   -219.74751  0.039862697   -219.70764    329.03279         1000           10           10           10            0            0            0 
     960    57.544372   -219.73688  0.029752775   -219.70713    172.12479         1000           10           10           10            0            0            0 
     970    63.852147   -219.73925  0.033014151   -219.70624   -87.633962         1000           10           10           10            0            0            0 
     980     74.54017   -219.74256  0.038540293   -219.70402   -374.01234         1000           10           10           10            0            0            0 
     990    78.900539   -219.74027   0.04079478   -219.69948   -550.84679         1000           10           10           10            0            0            0 
    1000    58.101188   -219.72336  0.030040672   -219.69332   -512.66247         1000           10           10           10            0            0            0 
    1010    90.622092   -219.73419  0.046855299   -219.68734   -369.52161         1000           10           10           10            0            0            0 
    1020    106.94143   -219.73413   0.05529306   -219.67884   -75.793112         1000           10           10           10            0            0            0 
    1030     113.9091   -219.72735  0.058895629   -219.66845    287.38992         1000           10           10           10            0            0            0 
    1040    104.49175   -219.71079  0.054026476   -219.65677    515.79712         1000           10           10           10            0            0            0 
    1050    111.18047   -219.70403  0.057484817   -219.64654    480.02968         1000           10           10           10            0            0            0 
    1060    151.04779   -219.71764  0.078097838   -219.63954     203.9803         1000           10           10           10            0            0            0 
    1070    106.63748   -219.68646  0.055135903   -219.63132    -134.2996         1000           10           10           10            0            0            0 
    1080    95.738818    -219.6766  0.049500854    -219.6271   -404.54759         1000           10           10           10            0            0            0 
    1090    78.595247   -219.66418  0.040636932   -219.62354   -543.44595         1000           10           10           10            0            0            0 
    1100    115.28386   -219.68297  0.059606433   -219.62336   -429.02986         1000           10           10           10            0            0            0 
    1110    73.722717   -219.66041  0.038117636   -219.62229   -1.9382716         1000           10           10           10            0            0            0 
    1120    74.389278    -219.6622  0.038462276   -219.62374    329.06874         1000           10           10           10            0            0            0 
    1130    119.78933   -219.69268  0.061935946   -219.63074    434.46401         1000           10           10           10            0            0            0 
    1140    105.71853   -219.69181  0.054660772   -219.63715    384.09251         1000           10           10           10            0            0            0 
    1150    114.70469   -219.70544  0.059306977   -219.64614    128.94217         1000           10           10           10            0            0            0 
    1160     100.7103   -219.70542  0.052071309   -219.65335   -247.32709         1000           10           10           10            0            0            0 
    1170    137.40576   -219.72989  0.071044354   -219.65884   -597.65433         1000           10           10           10            0            0            0 
    1180    105.74542   -219.71794  0.054674671   -219.66327   -639.67788         1000           10           10           10            0            0            0 
    1190    104.95013    -219.7244  0.054263475   -219.67013   -428.29472         1000           10           10           10            0            0            0 
    1200    95.193535   -219.72687  0.049218921   -219.67765   -129.62349         1000           10           10           10            0            0            0 
    1210    99.207987   -219.73663  0.051294555   -219.68534    140.17098         1000           10           10           10            0            0            0 
    1220    89.661228   -219.73766  0.046358493    -219.6913    333.73817         1000           10           10           10            0            0            0 
    1230    55.578337   -219.72585  0.028736256   -219.69711    403.60867         1000           10           10           10            0            0            0 
    1240     74.78549   -219.74274  0.038667133   -219.70407    268.88884         1000           10           10           10            0            0            0 
    1250    60.162293   -219.73943  0.031106347   -219.70832    52.340464         1000           10           10           10            0            0            0 
    1260    62.695318   -219.74429  0.032416023   -219.71188   -179.83772         1000           10           10           10            0            0            0 
    1270    46.289445   -219.73734  0.023933522    -219.7134   -332.05776         1000           10           10           10            0            0            0 
    1280    54.943741   -219.74343  0.028408144   -219.71502   -394.88171         1000           10           10           10            0            0            0 
    1290    63.745098   -219.74908  0.032958802   -219.71612   -339.67581         1000           10           10           10            0            0            0 
    1300    52.095732   -219.74182  0.026935607   -219.71489   -162.48643         1000           10           10           10            0            0            0 
    1310    63.871564   -219.74535  0.033024191   -219.71232    30.111222         1000           10           10           10            0            0            0 
    1320    64.571583   -219.73997  0.033386129   -219.70659    208.62982         1000           10           10           10            0            0            0 
    1330    96.137857   -219.74601  0.049707174    -219.6963    306.35652         1000           10           10           10            0            0            0 
    1340    85.772633   -219.72423  0.044347932   -219.67988     308.9496         1000           10           10           10            0            0            0 
    1350    107.83602   -219.71913  0.055755597   -219.66337    63.069075         1000           10           10           10            0            0            0 
    1360    116.96971   -219.71087  0.060478085    -219.6504    -293.3357         1000           10           10           10            0            0            0 
    1370     114.2647   -219.70204  0.059079488   -219.64296   -507.35476         1000           10           10           10            0            0            0 
    1380    98.838738   -219.68758  0.051103638   -219.63647   -528.90526         1000           10           10           10            0            0            0 
    1390    68.422734   -219.66523   0.03537733   -219.62985   -330.54736         1000           10           10           10            0            0            0 
    1400    112.12243    -219.6852  0.057971849   -219.62723   -133.94791         1000           10           10           10            0            0            0 
    1410    65.133357   -219.65643  0.033676589   -219.62275    182.05315         1000           10           10           10            0            0            0 
    1420    83.321583   -219.66546   0.04308064   -219.62237     342.1908         1000           10           10           10            0            0            0 
    1430    82.224668   -219.66649   0.04251349   -219.62397    200.18562         1000           10           10           10            0            0            0 
    1440    120.59281   -219.69363  0.062351377   -219.63128   -134.10455         1000           10           10           10            0            0            0 
    1450    117.67425   -219.69891  0.060842364   -219.63807   -422.19027         1000           10           10           10            0            0            0 
    1460    101.04789   -219.69457  0.052245858   -219.64233   -516.24325         1000           10           10           10            0            0            0 
    1470    139.84703   -219.72085   0.07230659   -219.64854   -508.84179         1000           10           10           10            0            0            0 
    1480    124.31006   -219.71875  0.064273344   -219.65447   -322.42397         1000           10           10           10            0            0            0 
    1490    140.89378   -219.73275  0.072847802    -219.6599   -82.195576         1000           10           10           10            0            0            0 
    1500    102.90143   -219.71643  0.053204215   -219.66323    224.64542         1000           10           10           10            0            0            0 
    1510    130.29828   -219.73559  0.067369499   -219.66822     314.9256         1000           10           10           10            0            0            0 
    1520    120.51275   -219.73274  0.062309981   -219.67043    254.10752         1000           10           10           10            0            0            0 
    1530    93.302476   -219.72044  0.048241166    -219.6722    116.79626         1000           10           10           10            0            0            0 
    1540    87.008231   -219.71919  0.044986786    -219.6742   -86.881049         1000           10           10           10            0            0            0 
    1550    82.134758   -219.71969  0.042467003   -219.67722   -194.62789         1000           10           10           10            0            0            0 
    1560    91.149521   -219.72792  0.047128001   -219.68079   -219.52561         1000           10           10           10            0            0            0 
    1570    50.169181   -219.70814  0.025939503    -219.6822   -78.983131         1000           10           10           10            0            0            0 
    1580    67.583491   -219.71915  0.034943408   -219.68421    43.716461         1000           10           10           10            0            0            0 
    1590    62.938661   -219.71767  0.032541842   -219.68513    204.96495         1000           10           10           10            0            0            0 
    1600    66.859906   -219.72002  0.034569284   -219.68545    334.53296         1000           10           10           10            0            0            0 
    1610    50.248773   -219.70929  0.025980655   -219.68331     373.3625         1000           10           10           10            0            0            0 
    1620    43.836628   -219.70344  0.022665316   -219.68078    293.29773         1000           10           10           10            0            0            0 
    1630    76.308668   -219.71688  0.039454678   -219.67743    95.069834         1000           10           10           10            0            0            0 
    1640     46.31572   -219.69249  0.023947107   -219.66854    8.2225897         1000           10           10           10            0            0            0 
    1650    55.634487   -219.68611  0.028765287   -219.65735   -45.936396         1000           10           10           10            0            0            0 
    1660    49.361829   -219.66821  0.025522068   -219.64269    3.3634131         1000           10           10           10            0            0            0 
    1670    94.598105   -219.67863  0.048911059   -219.62972    162.49077         1000           10           10           10            0            0            0 
    1680    79.952031   -219.65899  0.041338445   -219.61765    551.26507         1000           10           10           10            0            0            0 
    1690    70.631713   -219.64244  0.036519462   -219.60592    850.16022         1000           10           10           10            0            0            0 
    1700    139.85258   -219.67575  0.072309461   -219.60344    818.29921         1000           10           10           10            0            0            0 
    1710    138.85535   -219.67428  0.071793849   -219.60248    639.54995         1000           10           10           10            0            0            0 
    1720    172.49903   -219.69429  0.089188997    -219.6051    241.30197         1000           10           10           10            0            0            0 
    1730    137.24609   -219.67878  0.070961799   -219.60782   -108.98714         1000           10           10           10            0            0            0 
    1740     188.0959   -219.71018  0.097253211   -219.61292   -496.69347         1000           10           10           10            0            0            0 
    1750    171.79061   -219.70935  0.088822716   -219.62052   -549.80157         1000           10           10           10            0            0            0 
    1760    137.76182   -219.70217  0.071228449   -219.63094   -268.30188         1000           10           10           10            0            0            0 
    1770    105.77793   -219.69155  0.054691482   -219.63685    48.769176         1000           10           10           10            0            0            0 
    1780     103.2106   -219.69496  0.053364071   -219.64159    275.67235         1000           10           10           10            0            0            0 
    1790    102.89955   -219.70022  0.053203245   -219.64702    407.85089         1000           10           10           10            0            0            0 
    1800    38.858144   -219.67083  0.020091238   -219.65074    467.43315         1000           10           10           10            0            0            0 
    1810    69.893697   -219.69464  0.036137877    -219.6585    284.65283         1000           10           10           10            0            0            0 
    1820    61.655466   -219.69526  0.031878378   -219.66339    86.590098         1000           10           10           10            0            0            0 
    1830    59.464101   -219.69813  0.030745353   -219.66738   -39.992958         1000           10           10           10            0            0            0 
    1840    41.498618   -219.69189  0.021456469   -219.67043   -37.058989         1000           10           10           10            0            0            0 
    1850    52.166001    -219.6999   0.02697194   -219.67293   -4.9723139         1000           10           10           10            0            0            0 
    1860    78.874781   -219.71539  0.040781463   -219.67461    93.686987         1000           10           10           10            0            0            0 
    1870     57.53586   -219.70328  0.029748374   -219.67353    302.70041         1000           10           10           10            0            0            0 
    1880     67.37651    -219.7086   0.03483639   -219.67377     449.0111         1000           10           10           10            0            0            0 
    1890    73.211779   -219.71105  0.037853461    -219.6732    455.83376         1000           10           10           10            0            0            0 
    1900    107.00911   -219.72859   0.05532805   -219.67326    312.78845         1000           10           10           10            0            0            0 
    1910    80.420172   -219.71305  0.041580492   -219.67147    184.40625         1000           10           10           10            0            0            0 
    1920    86.522596    -219.7144  0.044735693   -219.66967   -12.281984         1000           10           10           10            0            0            0 
    1930    122.35555   -219.73282  0.063262787   -219.66956   -227.20024         1000           10           10           10            0            0            0 
    1940    127.25492   -219.73304  0.065795958   -219.66725   -326.15024         1000           10           10           10            0            0            0 
    1950    121.49596   -219.72773  0.062818341   -219.66491   -264.63607         1000           10           10           10            0            0            0 
    1960    124.96032   -219.72995  0.064609558   -219.66534   -112.41841         1000           10           10           10            0            0            0 
    1970    161.63589    -219.7488  0.083572314   -219.66523    5.5441421         1000           10           10           10            0            0            0 
    1980    130.14979   -219.72679  0.067292722    -219.6595    137.93293         1000           10           10           10            0            0            0 
    1990    133.72341   -219.72261  0.069140431   -219.65347    114.72217         1000           10           10           10            0            0            0 
    2000    113.07207   -219.70267  0.058462847   -219.64421   -22.930208         1000           10           10           10            0            0            0 
    2010    145.31857   -219.71284  0.075135596    -219.6377   -262.58421         1000           10           10           10            0            0            0 
    2020    125.17019   -219.69516   0.06471807   -219.63044   -425.67026         1000           10           10           10            0            0            0 
    2030    59.631529   -219.64987   0.03083192   -219.61904   -502.57797         1000           10           10           10            0            0            0 
    2040    108.94753   -219.67172  0.056330296   -219.61539   -561.20104         1000           10           10           10            0            0            0 
    2050    94.665515   -219.65855  0.048945913   -219.60961   -438.27684         1000           10           10           10            0            0            0 
    2060    82.484595   -219.64589  0.042647883   -219.60324    -168.9271         1000           10           10           10            0            0            0 
    2070    77.396762   -219.63859  0.040017266   -219.59857    27.152086         1000           10           10           10            0            0            0 
    2080    159.34093   -219.68421  0.082385724   -219.60183   -95.597859         1000           10           10           10            0            0            0 
    2090    162.96219   -219.69205  0.084258064    -219.6078   -152.57949         1000           10           10           10            0            0            0 
    2100    179.01278   -219.70529   0.09255687   -219.61273   -283.16858         1000           10           10           10            0            0            0 
    2110    178.01586   -219.70625  0.092041423   -219.61421   -455.74836         1000           10           10           10            0            0            0 
    2120    187.76677   -219.71485  0.097083039   -219.61777    -509.1493         1000           10           10           10            0            0            0 
    2130    196.54859   -219.72571    0.1016236   -219.62409    -298.9993         1000           10           10           10            0            0            0 
    2140    107.53512   -219.68601  0.055600022   -219.63041    198.11239         1000           10           10           10            0            0            0 
    2150    116.64215   -219.70047  0.060308725   -219.64016     490.3585         1000           10           10           10            0            0            0 
    2160    99.684515   -219.69913  0.051540939   -219.64759    550.43576         1000           10           10           10            0            0            0 
    2170    88.974632   -219.70213  0.046003495   -219.65613    516.31384         1000           10           10           10            0            0            0 
    2180    40.762557   -219.68266  0.021075896   -219.66158    400.36957         1000           10           10           10            0            0            0 
    2190     60.03309   -219.69937  0.031039544   -219.66833    106.51746         1000           10           10           10            0            0            0 
    2200      69.3225   -219.70788  0.035842546   -219.67203   -134.26653         1000           10           10           10            0            0            0 
    2210    31.304801   -219.68853  0.016185852   -219.67234   -170.30326         1000           10           10           10            0            0            0 
    2220     36.81942   -219.69328  0.019037134   -219.67424   -77.929509         1000           10           10           10            0            0            0 
    2230    32.432355   -219.69173  0.016768844   -219.67497    117.67902         1000           10           10           10            0            0            0 
    2240    59.395898   -219.70594   0.03071009   -219.67523    304.28486         1000           10           10           10            0            0            0 
    2250    29.455388   -219.68745  0.015229631   -219.67222     522.2142         1000           10           10           10            0            0            0 
    2260    28.743042   -219.68443  0.014861319   -219.66957    608.98712         1000           10           10           10            0            0            0 
    2270    55.618559   -219.69562  0.028757052   -219.66686    489.05966         1000           10           10           10            0            0            0 
    2280    66.838243   -219.69613  0.034558084   -219.66158    264.21059         1000           10           10           10            0            0            0 
    2290    53.498538   -219.67952  0.027660915   -219.65186    49.793398         1000           10           10           10            0            0            0 
    2300    52.457765   -219.66695  0.027122793   -219.63982   -127.80764         1000           10           10           10            0            0            0 
    2310    135.83062   -219.69894  0.070229944   -219.62871    -197.7456         1000           10           10           10            0            0            0 
    2320    130.35314   -219.67997  0.067397864   -219.61257    72.967062         1000           10           10           10            0            0            0 
    2330    170.83068   -219.69493  0.088326395    -219.6066    406.39893         1000           10           10           10            0            0            0 
    2340    177.48887   -219.69897   0.09176895   -219.60721    664.59524         1000           10           10           10            0            0            0 
    2350    213.01965   -219.71675    0.1101398   -219.60661     557.3238         1000           10           10           10            0            0            0 
    2360    186.46681   -219.69634   0.09641091   -219.59993    107.17888         1000           10           10           10            0            0            0 
    2370    125.75629   -219.66435  0.065021103   -219.59933   -375.07879         1000           10           10           10            0            0            0 
    2380    128.91995   -219.66814  0.066656845   -219.60148   -767.76193         1000           10           10           10            0            0            0 
    2390    133.74191   -219.67552  0.069149995   -219.60637   -820.78668         1000           10           10           10            0            0            0 
    2400    133.23594   -219.68346   0.06888839   -219.61457   -420.67761         1000           10           10           10            0            0            0 
    2410    72.263871   -219.65668  0.037363354   -219.61931    156.49546         1000           10           10           10            0            0            0 
    2420    133.79785    -219.6983  0.069178917   -219.62912    523.96761         1000           10           10           10            0            0            0 
    2430    126.01744   -219.70001   0.06515613   -219.63486    699.13485         1000           10           10           10            0            0            0 
    2440    91.266243   -219.68807  0.047188351   -219.64089    639.27328         1000           10           10           10            0            0            0 
    2450    101.22379   -219.70151  0.052336808   -219.64918    275.58219         1000           10           10           10            0            0            0 
    2460    119.23119   -219.71666  0.061647363   -219.65502   -202.60597         1000           10           10           10            0            0            0 
    2470    124.09625   -219.72151    0.0641628   -219.65735    -552.4424         1000           10           10           10            0            0            0 
    2480    88.119588   -219.70476  0.045561403    -219.6592   -595.40794         1000           10           10           10            0            0            0 
    2490    105.57706   -219.71864  0.054587623   -219.66406   -476.25751         1000           10           10           10            0            0            0 
    2500    120.13257   -219.73204  0.062113412   -219.66993   -193.99826         1000           10           10           10            0            0            0 
    2510    129.84052   -219.74073  0.067132818   -219.67359    173.00781         1000           10           10           10            0            0            0 
    2520    81.107839   -219.71337  0.041936044   -219.67143    447.34381         1000           10           10           10            0            0            0 
    2530    94.961968   -219.72022  0.049099191   -219.67112    451.73754         1000           10           10           10            0            0            0 
    2540    127.80422   -219.73652  0.066079967   -219.67044      205.233         1000           10           10           10            0            0            0 
    2550    91.678508   -219.71416  0.047401509   -219.66676   -56.921716         1000           10           10           10            0            0            0 
    2560    82.574091   -219.70535  0.042694156   -219.66266   -343.11736         1000           10           10           10            0            0            0 
    2570      82.8506   -219.69831  0.042837122   -219.65547   -577.81031         1000           10           10           10            0            0            0 
    2580    121.45736   -219.71004  0.062798382   -219.64724   -589.66933         1000           10           10           10            0            0            0 
    2590    86.923216   -219.67492   0.04494283   -219.62997   -234.81747         1000           10           10           10            0            0            0 
    2600    81.902688   -219.64842  0.042347013   -219.60607    174.79865         1000           10           10           10            0            0            0 
    2610    118.43789   -219.64746  0.061237194   -219.58623    405.92074         1000           10           10           10            0            0            0 
    2620    143.41513    -219.6455  0.074151443   -219.57135    449.35883         1000           10           10           10            0            0            0 
    2630    146.09006   -219.64491  0.075534488   -219.56938    225.56273         1000           10           10           10            0            0            0 
    2640    154.98144   -219.65732  0.080131691   -219.57719   -258.90411         1000           10           10           10            0            0            0 
    2650    254.37127   -219.71527   0.13152027   -219.58375   -849.70421         1000           10           10           10            0            0            0 
    2660    241.19426   -219.71581   0.12470722    -219.5911   -853.66596         1000           10           10           10            0            0            0 
    2670    183.56428   -219.69796  0.094910182   -219.60305   -351.38222         1000           10           10           10            0            0            0 
    2680    171.54756   -219.70404   0.08869705   -219.61534    78.801328         1000           10           10           10            0            0            0 
    2690    179.06762     -219.719  0.092585226   -219.62642    367.65464         1000           10           10           10            0            0            0 
    2700     96.76336   -219.68154  0.050030584   -219.63151    558.06523         1000           10           10           10            0            0            0 
    2710    66.356872   -219.67365  0.034309195   -219.63934    474.18713         1000           10           10           10            0            0            0 
    2720    78.029648   -219.68789  0.040344494   -219.64755    145.62335         1000           10           10           10            0            0            0 
    2730    84.398817   -219.69693  0.043637613   -219.65329   -156.90657         1000           10           10           10            0            0            0 
    2740    52.008433    -219.6816  0.026890471   -219.65471    -275.9736         1000           10           10           10            0            0            0 
    2750    31.880464   -219.67285  0.016483493   -219.65637    -251.9246         1000           10           10           10            0            0            0 
    2760    78.667887   -219.70133   0.04067449   -219.66065    -134.8533         1000           10           10           10            0            0            0 
    2770    63.767662   -219.69401  0.032970469   -219.66103    126.18109         1000           10           10           10            0            0            0 
    2780    48.793306   -219.68599  0.025228119   -219.66076    421.30564         1000           10           10           10            0            0            0 
    2790    42.798535   -219.68196  0.022128579   -219.65983    529.06628         1000           10           10           10            0            0            0 
    2800    88.540597   -219.70755  0.045779082   -219.66177    386.08904         1000           10           10           10            0            0            0 
    2810    87.801004   -219.70692  0.045396682   -219.66152    200.87827         1000           10           10           10            0            0            0 
    2820    56.882503   -219.68787  0.029410562   -219.65846   -23.669142         1000           10           10           10            0            0            0 
    2830    89.158496   -219.70248  0.046098561   -219.65638   -303.35921         1000           10           10           10            0            0            0 
    2840    113.77651   -219.71206  0.058827072   -219.65324   -426.27989         1000           10           10           10            0            0            0 
    2850    132.00958   -219.71684  0.068254308   -219.64859   -307.81457         1000           10           10           10            0            0            0 
    2860    101.44023   -219.69377  0.052448713   -219.64132     8.934707         1000           10           10           10            0            0            0 
    2870    172.60688   -219.72561  0.089244763   -219.63636    200.95407         1000           10           10           10            0            0            0 
    2880    198.55703   -219.72679   0.10266204   -219.62413    366.12072         1000           10           10           10            0            0            0 
    2890    174.21416   -219.69064  0.090075791   -219.60056    438.21033         1000           10           10           10            0            0            0 
    2900    154.11924   -219.64937  0.079685902   -219.56968    114.00831         1000           10           10           10            0            0            0 
    2910    173.07635   -219.63716  0.089487497   -219.54767   -495.40924         1000           10           10           10            0            0            0 
    2920    202.91471    -219.6428   0.10491514   -219.53788    -896.7187         1000           10           10           10            0            0            0 
    2930    75.778963   -219.57031  0.039180799   -219.53113   -700.49764         1000           10           10           10            0            0            0 
    2940    133.99957    -219.6113  0.069283218   -219.54201   -468.14862         1000           10           10           10            0            0            0 
    2950    167.06956   -219.65081  0.086381741   -219.56443   -88.895221         1000           10           10           10            0            0            0 
    2960     169.9569   -219.68244  0.087874617   -219.59457    313.41237         1000           10           10           10            0            0            0 
    2970    118.69408   -219.68263  0.061369653   -219.62126    493.16749         1000           10           10           10            0            0            0 
    2980    120.97365   -219.70707  0.062548287   -219.64452    259.79346         1000           10           10           10            0            0            0 
    2990    171.02242    -219.7439  0.088425532   -219.65547   -168.62554         1000           10           10           10            0            0            0 
    3000    111.70759   -219.71437  0.057757358   -219.65661   -349.56651         1000           10           10           10            0            0            0 
    3010    104.20962   -219.71167  0.053880603   -219.65779   -442.75265         1000           10           10           10            0            0            0 
    3020    112.68863   -219.71808  0.058264595   -219.65982   -432.88241         1000           10           10           10            0            0            0 
    3030    135.70885   -219.73229  0.070166984   -219.66212   -294.94905         1000           10           10           10            0            0            0 
    3040    99.368562   -219.71243  0.051377579   -219.66106    55.320638         1000           10           10           10            0            0            0 
    3050    71.249342   -219.69494  0.036838801    -219.6581     367.3321         1000           10           10           10            0            0            0 
    3060    110.50728   -219.71514  0.057136748   -219.65801    429.95022         1000           10           10           10            0            0            0 
    3070    93.294681   -219.70431  0.048237136   -219.65608    381.66654         1000           10           10           10            0            0            0 
    3080    69.164189   -219.68914  0.035760692   -219.65337    200.37738         1000           10           10           10            0            0            0 
    3090     44.55681   -219.67453  0.023037679   -219.65149   -20.941033         1000           10           10           10            0            0            0 
    3100    85.058132   -219.69466  0.043978506   -219.65068   -284.10733         1000           10           10           10            0            0            0 
    3110    77.397013   -219.68778  0.040017397   -219.64776   -302.39592         1000           10           10           10            0            0            0 
    3120    38.545743     -219.663  0.019929713   -219.64307   -81.247068         1000           10           10           10            0            0            0 
    3130    56.417526   -219.66856   0.02917015   -219.63939    126.99691         1000           10           10           10            0            0            0 
    3140    90.505514   -219.68374  0.046795024   -219.63695    332.34558         1000           10           10           10            0            0            0 
    3150    90.997578    -219.6795  0.047049441   -219.63245    482.40575         1000           10           10           10            0            0            0 
    3160    52.120375   -219.65404  0.026948349    -219.6271    489.18193         1000           10           10           10            0            0            0 
    3170    112.90307   -219.68632   0.05837547   -219.62794     132.0667         1000           10           10           10            0            0            0 
    3180    148.00503   -219.70365  0.076524606   -219.62712   -237.11105         1000           10           10           10            0            0            0 
    3190    138.78114    -219.6949  0.071755482   -219.62314   -411.88311         1000           10           10           10            0            0            0 
    3200    132.86093   -219.68772   0.06869449   -219.61903   -424.87926         1000           10           10           10            0            0            0 
    3210    198.56097   -219.72188   0.10266408   -219.61922   -325.73241         1000           10           10           10            0            0            0 
    3220    239.95411   -219.74585   0.12406601   -219.62178   -61.951276         1000           10           10           10            0            0            0 
    3230    170.35792   -219.70514  0.088081958   -219.61706    376.46386         1000           10           10           10            0            0            0 
    3240    164.09591   -219.69714  0.084844246    -219.6123     389.3581         1000           10           10           10            0            0            0 
    3250    178.80207   -219.70471  0.092447924   -219.61226    59.513409         1000           10           10           10            0            0            0 
    3260    143.92147   -219.68903  0.074413242   -219.61461   -165.40524         1000           10           10           10            0            0            0 
    3270    63.878334   -219.65551  0.033027691   -219.62249   -215.97707         1000           10           10           10            0            0            0 
    3280    76.185949   -219.67526  0.039391227   -219.63587   -288.05997         1000           10           10           10            0            0            0 
    3290    88.102748   -219.69504  0.045552696   -219.64949   -227.42375         1000           10           10           10            0            0            0 
    3300    66.606714   -219.69488  0.034438374   -219.66044    37.916401         1000           10           10           10            0            0            0 
    3310    36.376796   -219.68594   0.01880828   -219.66713    296.29542         1000           10           10           10            0            0            0 
    3320    47.715049   -219.69844  0.024670617   -219.67377     368.1956         1000           10           10           10            0            0            0 
    3330    75.752005   -219.71792  0.039166861   -219.67876    257.90196         1000           10           10           10            0            0            0 
    3340    35.288211    -219.6974  0.018245437   -219.67916    160.41705         1000           10           10           10            0            0            0 
    3350    36.656246   -219.69943  0.018952767   -219.68047   -8.1860385         1000           10           10           10            0            0            0 
    3360    49.257184   -219.70618  0.025467963   -219.68071   -212.35088         1000           10           10           10            0            0            0 
    3370    64.968662   -219.71327  0.033591435   -219.67968   -308.64831         1000           10           10           10            0            0            0 
    3380    38.655662   -219.69611  0.019986546   -219.67613   -211.42852         1000           10           10           10            0            0            0 
    3390    31.388474   -219.68799  0.016229115   -219.67176    -28.28814         1000           10           10           10            0            0            0 
    3400    78.491938   -219.70902  0.040583517   -219.66844    141.28244         1000           10           10           10            0            0            0 
    3410    71.354503    -219.6986  0.036893174    -219.6617    342.10401         1000           10           10           10            0            0            0 
    3420    69.930361   -219.69021  0.036156835   -219.65405     420.0642         1000           10           10           10            0            0            0 
    3430     68.63484   -219.68193  0.035486998   -219.64645    292.05233         1000           10           10           10            0            0            0 
    3440    150.83573   -219.72064  0.077988191   -219.64265   -75.592777         1000           10           10           10            0            0            0 
    3450    147.39225   -219.70981  0.076207772    -219.6336   -365.34313         1000           10           10           10            0            0            0 
    3460    119.41512   -219.68498  0.061742462   -219.62324   -513.20756         1000           10           10           10            0            0            0 
    3470    178.20084   -219.71207  0.092137067   -219.61993   -589.24117         1000           10           10           10            0            0            0 
    3480    195.64367   -219.72098   0.10115571   -219.61983   -327.30897         1000           10           10           10            0            0            0 
    3490    187.88435   -219.71682  0.097143834   -219.61967    137.26143         1000           10           10           10            0            0            0 
    3500    93.647035   -219.65812  0.048419317    -219.6097    486.02203         1000           10           10           10            0            0            0 
    3510    144.91808   -219.68335  0.074928529   -219.60842    373.48704         1000           10           10           10            0            0            0 
    3520    130.56222   -219.67638  0.067505967   -219.60887    135.85107         1000           10           10           10            0            0            0 
    3530    72.526823   -219.64705  0.037499311   -219.60956   -91.232595         1000           10           10           10            0            0            0 
    3540    61.714733   -219.64454  0.031909021   -219.61263   -356.90709         1000           10           10           10            0            0            0 
    3550     72.76947   -219.65524  0.037624769   -219.61762    -489.1845         1000           10           10           10            0            0            0 
    3560    103.16827   -219.67795   0.05334218   -219.62461   -339.80208         1000           10           10           10            0            0            0 
    3570    41.021425      -219.65  0.021209741   -219.62879    99.191836         1000           10           10           10            0            0            0 
    3580    71.410613   -219.67282  0.036922185    -219.6359    350.55305         1000           10           10           10            0            0            0 
    3590    101.37241   -219.69719   0.05241365   -219.64478     391.1508         1000           10           10           10            0            0            0 
    3600    106.17634   -219.70853  0.054897477   -219.65363    318.25324         1000           10           10           10            0            0            0 
    3610    79.497877   -219.70101  0.041103628    -219.6599    130.24877         1000           10           10           10            0            0            0 
    3620    88.351924   -219.71311   0.04568153   -219.66743   -185.57597         1000           10           10           10            0            0            0 
    3630    129.91216    -219.7396   0.06716986   -219.67243   -515.19636         1000           10           10           10            0            0            0 
    3640    90.367681   -219.72124  0.046723758   -219.67452   -536.94496         1000           10           10           10            0            0            0 
    3650    89.904966    -219.7244  0.046484516   -219.67792    -387.3452         1000           10           10           10            0            0            0 
    3660    96.571841   -219.73098  0.049931561   -219.68105   -171.18883         1000           10           10           10            0            0            0 
    3670    125.13513   -219.74962  0.064699939   -219.68492    74.528767         1000           10           10           10            0            0            0 
    3680    98.612687   -219.73637  0.050986761   -219.68538    303.12821         1000           10           10           10            0            0            0 
    3690    78.121241   -219.72657  0.040391852   -219.68617    371.45483         1000           10           10           10            0            0            0 
    3700     116.4929    -219.7481  0.060231554   -219.68787    205.39029         1000           10           10           10            0            0            0 
    3710    108.47619   -219.74247   0.05608659   -219.68638    -21.94665         1000           10           10           10            0            0            0 
    3720    97.280407   -219.73374  0.050297918   -219.68344   -235.63811         1000           10           10           10            0            0            0 
    3730    76.147589   -219.71802  0.039371393   -219.67865   -390.37856         1000           10           10           10            0            0            0 
    3740    113.71438    -219.7333   0.05879495   -219.67451   -485.38409         1000           10           10           10            0            0            0 
    3750    122.17451   -219.73276  0.063169178   -219.66959   -317.82061         1000           10           10           10            0            0            0 
    3760    93.288251   -219.70829  0.048233811   -219.66005    72.501312         1000           10           10           10            0            0            0 
    3770    104.68399   -219.70207  0.054125872   -219.64794    373.53607         1000           10           10           10            0            0            0 
    3780    136.90012   -219.70796   0.07078292   -219.63718    551.11645         1000           10           10           10            0            0            0 
    3790    133.01511   -219.69266   0.06877421   -219.62388    618.84004         1000           10           10           10            0            0            0 
    3800    72.409178   -219.64809  0.037438483   -219.61065    546.66176         1000           10           10           10            0            0            0 
    3810    118.71476   -219.66421  0.061380351   -219.60283    200.42795         1000           10           10           10            0            0            0 
    3820    125.00191   -219.66061   0.06463106   -219.59598   -89.134935         1000           10           10           10            0            0            0 
    3830    128.92132   -219.66531  0.066657554   -219.59865   -36.625072         1000           10           10           10            0            0            0 
    3840    115.15636   -219.66224   0.05954051    -219.6027    161.46327         1000           10           10           10            0            0            0 
    3850    153.01695   -219.68921  0.079115974    -219.6101    267.71145         1000           10           10           10            0            0            0 
    3860    204.17976   -219.72574   0.10556922   -219.62017    293.72408         1000           10           10           10            0            0            0 
    3870    136.41745    -219.6983  0.070533359   -219.62776    335.56797         1000           10           10           10            0            0            0 
    3880    120.08012   -219.69785  0.062086293   -219.63576    129.53827         1000           10           10           10            0            0            0 
    3890    134.42297   -219.71616  0.069502131   -219.64666   -176.80541         1000           10           10           10            0            0            0 
    3900    118.61168   -219.71901  0.061327052   -219.65768   -260.68452         1000           10           10           10            0            0            0 
    3910    64.257186   -219.69906  0.033223573   -219.66583   -149.42893         1000           10           10           10            0            0            0 
    3920    62.427434   -219.70564  0.032277516   -219.67337   -12.334913         1000           10           10           10            0            0            0 
    3930    88.048922   -219.72378  0.045524866   -219.67825    105.11342         1000           10           10           10            0            0            0 
    3940    61.570443   -219.71159  0.031834417   -219.67975    291.94886         1000           10           10           10            0            0            0 
    3950    47.858339   -219.70476  0.024744703   -219.68002    422.82396         1000           10           10           10            0            0            0 
    3960    49.154064   -219.70517  0.025414646   -219.67975    365.57705         1000           10           10           10            0            0            0 
    3970    76.768688   -219.71916  0.039692527   -219.67947     176.1992         1000           10           10           10            0            0            0 
    3980    62.410689   -219.70891  0.032268859   -219.67664     26.55051         1000           10           10           10            0            0            0 
    3990    31.052175   -219.68857  0.016055235   -219.67251   -82.582123         1000           10           10           10            0            0            0 
    4000    60.763384   -219.70199  0.031417135   -219.67057   -205.26835         1000           10           10           10            0            0            0 
    4010    76.123936    -219.7069  0.039359164   -219.66754   -198.58565         1000           10           10           10            0            0            0 
    4020    56.320807   -219.69199  0.029120142   -219.66287  -0.76132598         1000           10           10           10            0            0            0 
    4030    40.908149   -219.68026  0.021151173   -219.65911    236.01242         1000           10           10           10            0            0            0 
    4040    87.827495   -219.70317  0.045410379   -219.65775    305.14584         1000           10           10           10            0            0            0 
    4050    102.97362   -219.70992   0.05324154   -219.65668    289.75559         1000           10           10           10            0            0            0 
    4060     80.68274   -219.69689  0.041716251   -219.65517     212.4935         1000           10           10           10            0            0            0 
    4070    91.558689    -219.7009  0.047339558   -219.65356   -23.922431         1000           10           10           10            0            0            0 
    4080    126.15899   -219.71782  0.065229316    -219.6526   -343.25884         1000           10           10           10            0            0            0 
    4090    146.67842   -219.72499  0.075838695   -219.64915   -528.84203         1000           10           10           10            0            0            0 
    4100    104.85091   -219.69748  0.054212175   -219.64327   -442.92289         1000           10           10           10            0            0            0 
    4110    121.09735   -219.70327  0.062612243   -219.64065   -277.11136         1000           10           10           10            0            0            0 
    4120    166.20777   -219.72499   0.08593616   -219.63905   -50.088568         1000           10           10           10            0            0            0 
    4130    153.05023   -219.71419  0.079133177   -219.63506    285.51318         1000           10           10           10            0            0            0 
    4140    91.985266   -219.67577  0.047560115   -219.62821     535.1123         1000           10           10           10            0            0            0 
    4150    109.42961   -219.68172  0.056579552   -219.62514     456.2308         1000           10           10           10            0            0            0 
    4160     144.6406   -219.70017  0.074785058   -219.62538    213.12905         1000           10           10           10            0            0            0 
    4170    82.047151   -219.66685  0.042421706   -219.62443    34.286278         1000           10           10           10            0            0            0 
    4180     58.28386   -219.65684  0.030135121   -219.62671   -141.38378         1000           10           10           10            0            0            0 
    4190    81.461593   -219.67616  0.042118949   -219.63404   -299.68824         1000           10           10           10            0            0            0 
    4200    95.703482   -219.69272  0.049482584   -219.64324   -224.92715         1000           10           10           10            0            0            0 
    4210    60.240245   -219.68314  0.031146651   -219.65199    47.583988         1000           10           10           10            0            0            0 
    4220    52.164565   -219.68912  0.026971197   -219.66215    215.73731         1000           10           10           10            0            0            0 
    4230    80.868679   -219.71433  0.041812389   -219.67252    245.92995         1000           10           10           10            0            0            0 
    4240    81.683454   -219.72207  0.042233661   -219.67983    228.12298         1000           10           10           10            0            0            0 
    4250    55.185482   -219.71304  0.028533134    -219.6845    184.74005         1000           10           10           10            0            0            0 
    4260    50.903061   -219.71541  0.026318948   -219.68909    9.5316492         1000           10           10           10            0            0            0 
    4270    83.035165   -219.73584   0.04293255   -219.69291   -243.75352         1000           10           10           10            0            0            0 
    4280    74.154538   -219.73228  0.038340905   -219.69394   -342.15885         1000           10           10           10            0            0            0 
    4290    52.437509   -219.71997   0.02711232   -219.69285   -281.16847         1000           10           10           10            0            0            0 
    4300    63.290736   -219.72499  0.032723879   -219.69226   -187.03645         1000           10           10           10            0            0            0 
    4310    92.626599   -219.73916  0.047891711   -219.69127   -96.162329         1000           10           10           10            0            0            0 
    4320    83.249202   -219.73003  0.043043216   -219.68699    83.807952         1000           10           10           10            0            0            0 
    4330    67.263901   -219.71527  0.034778166   -219.68049    237.61776         1000           10           10           10            0            0            0 
    4340    95.982169   -219.72282  0.049626676    -219.6732    225.08908         1000           10           10           10            0            0            0 
    4350    125.88475   -219.72941  0.065087525   -219.66432     76.57049         1000           10           10           10            0            0            0 
    4360    127.28002   -219.71801  0.065808933    -219.6522   -134.38882         1000           10           10           10            0            0            0 
    4370    89.404489   -219.68339  0.046225749   -219.63717   -302.23335         1000           10           10           10            0            0            0 
    4380     141.6849   -219.70035  0.073256844   -219.62709    -471.2504         1000           10           10           10            0            0            0 
    4390     156.0579   -219.70036  0.080688265   -219.61967   -429.24372         1000           10           10           10            0            0            0 
    4400      90.8104    -219.6577  0.046952662   -219.61074   -118.03664         1000           10           10           10            0            0            0 
    4410     76.26887   -219.64575  0.039434101   -219.60632    105.06099         1000           10           10           10            0            0            0 
    4420    123.46829   -219.67166  0.063838117   -219.60782    115.37773         1000           10           10           10            0            0            0 
    4430    136.58022   -219.68231  0.070617514   -219.61169    92.717273         1000           10           10           10            0            0            0 
    4440    85.050568   -219.66154  0.043974595   -219.61757   -42.697321         1000           10           10           10            0            0            0 
    4450    134.95773   -219.69858  0.069778624    -219.6288   -406.63115         1000           10           10           10            0            0            0 
    4460    149.22166   -219.71448  0.077153656   -219.63732   -595.15142         1000           10           10           10            0            0            0 
    4470    148.19972   -219.72133  0.076625271    -219.6447   -510.08984         1000           10           10           10            0            0            0 
    4480    107.26297   -219.70592  0.055459308   -219.65046   -252.53822         1000           10           10           10            0            0            0 
    4490    124.64603   -219.72277  0.064447055   -219.65833   -80.319093         1000           10           10           10            0            0            0 
    4500    161.52349   -219.74828    0.0835142   -219.66477    35.303887         1000           10           10           10            0            0            0 
    4510    113.84751   -219.72476  0.058863783    -219.6659     252.1811         1000           10           10           10            0            0            0 
    4520    101.85201   -219.72084   0.05266162   -219.66817    272.99847         1000           10           10           10            0            0            0 
    4530    109.85078   -219.72607  0.056797313   -219.66927    32.867399         1000           10           10           10            0            0            0 
    4540    135.37365   -219.74075  0.069993669   -219.67075   -231.44316         1000           10           10           10            0            0            0 
    4550    78.087686   -219.70984  0.040374502   -219.66946   -286.33072         1000           10           10           10            0            0            0 
    4560     77.03433   -219.70993  0.039829875    -219.6701    -298.1233         1000           10           10           10            0            0            0 
    4570    105.15542   -219.72644  0.054369621   -219.67207   -282.41958         1000           10           10           10            0            0            0 
    4580    94.191331   -219.72027  0.048700741   -219.67157   -124.39729         1000           10           10           10            0            0            0 
    4590    73.106682   -219.70734  0.037799121   -219.66955    107.16662         1000           10           10           10            0            0            0 
    4600    53.569196   -219.69383  0.027697448   -219.66613    289.54097         1000           10           10           10            0            0            0 
    4610    103.43416   -219.71719   0.05347966   -219.66371    244.73305         1000           10           10           10            0            0            0 
    4620    74.775732   -219.69461  0.038662088   -219.65594    171.11601         1000           10           10           10            0            0            0 
    4630    56.199533    -219.6759  0.029057439   -219.64685    63.102394         1000           10           10           10            0            0            0 
    4640    62.047067   -219.66917  0.032080851   -219.63709   -150.68986         1000           10           10           10            0            0            0 
    4650    115.31691   -219.68788   0.05962352   -219.62826   -326.22539         1000           10           10           10            0            0            0 
    4660    97.641952   -219.66788  0.050484852    -219.6174   -256.42022         1000           10           10           10            0            0            0 
    4670    57.090164   -219.63712  0.029517932   -219.60761   -52.627134         1000           10           10           10            0            0            0 
    4680    156.61084   -219.68936  0.080974157   -219.60838    71.289038         1000           10           10           10            0            0            0 
    4690    158.50303    -219.6898  0.081952498   -219.60785    224.33046         1000           10           10           10            0            0            0 
    4700     171.1891   -219.70109  0.088511711   -219.61258    245.56482         1000           10           10           10            0            0            0 
    4710    147.06075   -219.68988  0.076036377   -219.61385    75.264298         1000           10           10           10            0            0            0 
    4720    213.93337   -219.72709   0.11061223   -219.61648   -269.93449         1000           10           10           10            0            0            0 
    4730    191.30025   -219.71684  0.098909991   -219.61793   -366.48789         1000           10           10           10            0            0            0 
    4740    126.24745    -219.6885  0.065275056   -219.62322   -214.26641         1000           10           10           10            0            0            0 
    4750    117.30463   -219.69343  0.060651255   -219.63278   -56.243287         1000           10           10           10            0            0            0 
    4760    124.24253   -219.70682  0.064238429   -219.64259    131.95157         1000           10           10           10            0            0            0 
    4770    114.92616   -219.71005   0.05942149   -219.65063    374.95588         1000           10           10           10            0            0            0 
    4780    45.572814   -219.67955  0.023562994   -219.65599    570.38337         1000           10           10           10            0            0            0 
    4790    82.455028   -219.70731  0.042632595   -219.66467    453.40688         1000           10           10           10            0            0            0 
    4800    81.016175   -219.71185   0.04188865   -219.66996    223.95653         1000           10           10           10            0            0            0 
    4810     69.24784   -219.70973  0.035803943   -219.67393    47.664162         1000           10           10           10            0            0            0 
    4820    42.169978   -219.69735   0.02180359   -219.67554   -79.826161         1000           10           10           10            0            0            0 
    4830    62.589799   -219.71086  0.032361466    -219.6785   -223.20699         1000           10           10           10            0            0            0 
    4840    86.877454   -219.72522  0.044919169    -219.6803   -254.98682         1000           10           10           10            0            0            0 
    4850    47.127464   -219.70321  0.024366812   -219.67884   -79.056841         1000           10           10           10            0            0            0 
    4860    60.919986    -219.7105  0.031498105     -219.679    104.74001         1000           10           10           10            0            0            0 
    4870    66.813743   -219.71206  0.034545417   -219.67752    240.63114         1000           10           10           10            0            0            0 
    4880    101.41176   -219.72822  0.052433998   -219.67579      270.036         1000           10           10           10            0            0            0 
    4890    66.251579    -219.7042  0.034254755   -219.66995    262.44267         1000           10           10           10            0            0            0 
    4900     81.38064   -219.70418  0.042077093    -219.6621    72.928298         1000           10           10           10            0            0            0 
    4910    150.48754   -219.72911  0.077808166    -219.6513   -263.50651         1000           10           10           10            0            0            0 
    4920    152.86997   -219.71209  0.079039976   -219.63305   -471.74851         1000           10           10           10            0            0            0 
    4930     153.2972   -219.69189  0.079260874   -219.61262   -502.29984         1000           10           10           10            0            0            0 
    4940    143.02601   -219.67005  0.073950254    -219.5961   -396.40383         1000           10           10           10            0            0            0 
    4950    237.64322   -219.71378   0.12287119   -219.59091   -147.30461         1000           10           10           10            0            0            0 
    4960    136.47152   -219.65175  0.070561316   -219.58119     470.0615         1000           10           10           10            0            0            0 
    4970    108.16943   -219.63169  0.055927987   -219.57576    829.57847         1000           10           10           10            0            0            0 
    4980    103.77492   -219.63326  0.053655843    -219.5796    764.02898         1000           10           10           10            0            0            0 
    4990    109.65033   -219.64472  0.056693672   -219.58802    427.98743         1000           10           10           10            0            0            0 
    5000    102.56691   -219.64994  0.053031253   -219.59691    115.13768         1000           10           10           10            0            0            0 
Loop time of 75.2441 on 1 procs for 5000 steps with 5 atoms

Performance: 11.483 ns/day, 2.090 hours/ns, 66.450 timesteps/s
151.8% CPU use with 1 MPI tasks x no OpenMP threads

MPI task timing breakdown:
Section |  min time  |  avg time  |  max time  |%varavg| %total
---------------------------------------------------------------
Pair    | 75.004     | 75.004     | 75.004     |   0.0 | 99.68
Neigh   | 0.0012355  | 0.0012355  | 0.0012355  |   0.0 |  0.00
Comm    | 0.012665   | 0.012665   | 0.012665   |   0.0 |  0.02
Output  | 0.20211    | 0.20211    | 0.20211    |   0.0 |  0.27
Modify  | 0.018547   | 0.018547   | 0.018547   |   0.0 |  0.02
Other   |            | 0.005838   |            |       |  0.01

Nlocal:    5 ave 5 max 5 min
Histogram: 1 0 0 0 0 0 0 0 0 0
Nghost:    112 ave 112 max 112 min
Histogram: 1 0 0 0 0 0 0 0 0 0
Neighs:    0 ave 0 max 0 min
Histogram: 1 0 0 0 0 0 0 0 0 0

Total # of neighbors = 0
Ave neighs/atom = 0
Neighbor list builds = 114
Dangerous builds = 0
Total wall time: 0:01:18
