#       step         max_devi_e         min_devi_e         avg_devi_e         max_devi_f         min_devi_f         avg_devi_f
           0       2.179960e+00       4.404197e-01       8.776772e-01       2.414916e-02       7.538327e-03       1.503810e-02
          10       2.244680e+00       4.607561e-01       9.025267e-01       1.832031e-02       7.688325e-03       1.209401e-02
          20       2.295079e+00       4.701354e-01       9.224079e-01       2.447901e-02       7.457107e-03       1.445486e-02
          30       2.314091e+00       4.665475e-01       9.304094e-01       2.903122e-02       1.159410e-02       1.956262e-02
          40       2.278154e+00       4.672929e-01       9.155075e-01       3.111514e-02       1.019139e-02       1.849412e-02
          50       2.225473e+00       4.710428e-01       8.930762e-01       9.207504e-03       6.452628e-03       7.795293e-03
          60       2.150542e+00       4.579526e-01       8.629626e-01       1.450244e-02       1.024580e-02       1.290316e-02
          70       2.115597e+00       4.478615e-01       8.493276e-01       3.098890e-02       1.371513e-02       1.924403e-02
          80       2.098336e+00       4.565741e-01       8.419399e-01       2.304816e-02       8.886767e-03       1.760092e-02
          90       2.132607e+00       4.813709e-01       8.547149e-01       1.534620e-02       1.018179e-02       1.232622e-02
         100       2.193176e+00       5.148648e-01       8.781493e-01       1.506238e-02       4.593517e-03       9.456734e-03
         110       2.264716e+00       5.203404e-01       9.064369e-01       2.022996e-02       4.079356e-03       1.018917e-02
         120       2.318815e+00       5.340493e-01       9.284599e-01       1.665881e-02       1.135931e-02       1.510064e-02
         130       2.312397e+00       5.303809e-01       9.266345e-01       2.994822e-02       1.285924e-02       2.176524e-02
         140       2.267616e+00       4.972730e-01       9.100649e-01       7.748777e-03       5.370484e-03       6.378330e-03
         150       2.173879e+00       4.413159e-01       8.745660e-01       2.762139e-02       1.101486e-02       1.800179e-02
         160       2.118541e+00       4.326584e-01       8.535206e-01       4.214085e-02       1.516383e-02       2.375394e-02
         170       2.079700e+00       4.299450e-01       8.396308e-01       7.763340e-02       2.372552e-02       4.086905e-02
         180       2.112895e+00       4.253564e-01       8.534488e-01       5.200079e-02       2.269746e-02       3.228877e-02
         190       2.168739e+00       4.193363e-01       8.758233e-01       5.141011e-02       1.232620e-02       2.677953e-02
         200       2.246128e+00       4.397358e-01       9.051290e-01       2.477005e-02       7.393251e-03       1.377547e-02
         210       2.304132e+00       4.789944e-01       9.267140e-01       3.525244e-02       1.332516e-02       2.204852e-02
         220       2.310378e+00       4.924332e-01       9.280723e-01       2.487728e-02       1.568228e-02       2.043823e-02
         230       2.275224e+00       4.812511e-01       9.127858e-01       8.581634e-03       5.990532e-03       7.164590e-03
         240       2.207640e+00       4.729807e-01       8.848530e-01       1.022982e-02       3.965697e-03       7.103934e-03
         250       2.160941e+00       4.826801e-01       8.655516e-01       7.957738e-03       4.700909e-03       6.012106e-03
         260       2.123446e+00       4.914734e-01       8.502364e-01       1.499130e-02       9.462351e-03       1.244511e-02
         270       2.126575e+00       4.893471e-01       8.514906e-01       1.617582e-02       6.214695e-03       1.288642e-02
         280       2.147177e+00       4.812712e-01       8.599960e-01       1.475560e-02       8.056319e-03       1.047461e-02
         290       2.194254e+00       4.959230e-01       8.785530e-01       6.560566e-03       4.678074e-03       5.588476e-03
         300       2.250728e+00       5.335431e-01       9.007322e-01       6.891574e-03       5.358017e-03       6.261360e-03
         310       2.288406e+00       5.442852e-01       9.156863e-01       1.160962e-02       7.342174e-03       9.041935e-03
         320       2.302884e+00       5.586750e-01       9.214524e-01       7.933624e-03       6.682074e-03       7.552620e-03
         330       2.270618e+00       5.239127e-01       9.087783e-01       1.644902e-02       6.022647e-03       8.738259e-03
         340       2.226109e+00       5.081063e-01       8.911977e-01       6.705185e-03       3.997733e-03       4.627585e-03
         350       2.163407e+00       4.867191e-01       8.666808e-01       1.319795e-02       7.068031e-03       9.199277e-03
         360       2.125648e+00       4.482078e-01       8.535310e-01       3.276724e-02       1.782596e-02       2.167325e-02
         370       2.105021e+00       4.126817e-01       8.489718e-01       7.621600e-02       2.043209e-02       3.829867e-02
         380       2.127556e+00       4.108232e-01       8.586544e-01       6.964958e-02       1.280583e-02       3.318078e-02
         390       2.201563e+00       4.379591e-01       8.859123e-01       3.572194e-02       7.712590e-03       1.836764e-02
         400       2.279549e+00       4.489216e-01       9.172860e-01       2.947472e-02       1.309349e-02       2.221660e-02
         410       2.347136e+00       4.251545e-01       9.465947e-01       3.093098e-02       2.442832e-02       2.782179e-02
         420       2.324356e+00       4.096114e-01       9.387352e-01       4.835456e-02       2.082972e-02       3.376476e-02
         430       2.266442e+00       4.335715e-01       9.128624e-01       2.475273e-02       4.025316e-03       1.325171e-02
         440       2.166959e+00       4.372426e-01       8.727726e-01       5.703955e-02       8.762455e-03       2.820285e-02
         450       2.115356e+00       4.217219e-01       8.533263e-01       5.764529e-02       2.288490e-02       3.426618e-02
         460       2.085328e+00       4.177668e-01       8.413586e-01       5.224635e-02       2.444434e-02       3.450158e-02
         470       2.114781e+00       4.537301e-01       8.504231e-01       1.963008e-02       9.604918e-03       1.411596e-02
         480       2.177493e+00       4.785688e-01       8.733407e-01       1.337886e-02       5.441705e-03       8.500696e-03
         490       2.253894e+00       4.835655e-01       9.037151e-01       1.789591e-02       6.959197e-03       1.160671e-02
         500       2.315608e+00       4.750408e-01       9.291250e-01       1.825497e-02       1.197410e-02       1.590716e-02
         510       2.312622e+00       4.660377e-01       9.286000e-01       2.934932e-02       1.365929e-02       2.106345e-02
         520       2.273924e+00       4.657014e-01       9.135589e-01       1.031067e-02       3.668433e-03       7.289738e-03
         530       2.204362e+00       4.541555e-01       8.865536e-01       2.405545e-02       5.165742e-03       1.495770e-02
         540       2.159282e+00       4.323376e-01       8.694482e-01       3.711746e-02       1.163611e-02       2.080160e-02
         550       2.123898e+00       4.156654e-01       8.566906e-01       5.609527e-02       1.725321e-02       3.151334e-02
         560       2.127817e+00       4.216044e-01       8.576474e-01       5.300062e-02       1.389320e-02       2.746792e-02
         570       2.158216e+00       4.429432e-01       8.682789e-01       3.158276e-02       6.707162e-03       1.522831e-02
         580       2.210335e+00       4.587815e-01       8.881848e-01       1.660868e-02       4.202584e-03       9.557500e-03
         590       2.269519e+00       4.587501e-01       9.116290e-01       1.291924e-02       9.329920e-03       1.083480e-02
         600       2.299501e+00       4.630334e-01       9.235079e-01       2.117906e-02       1.039556e-02       1.460142e-02
         610       2.303597e+00       4.838522e-01       9.245990e-01       1.065315e-02       4.934976e-03       7.606999e-03
         620       2.264071e+00       4.890942e-01       9.085834e-01       1.022555e-02       7.898282e-03       8.860184e-03
         630       2.216611e+00       4.665523e-01       8.898942e-01       1.041597e-02       7.191424e-03       8.400503e-03
         640       2.155759e+00       4.369164e-01       8.670074e-01       3.538654e-02       1.200147e-02       2.006198e-02
         650       2.117249e+00       4.374669e-01       8.517641e-01       3.747770e-02       1.601995e-02       2.181307e-02
         660       2.108021e+00       4.610102e-01       8.474801e-01       3.571707e-02       9.461924e-03       1.706182e-02
         670       2.139928e+00       4.612816e-01       8.592486e-01       2.057647e-02       8.049050e-03       1.164756e-02
         680       2.220154e+00       4.914565e-01       8.899348e-01       1.414633e-02       1.098486e-02       1.251734e-02
         690       2.293256e+00       4.902576e-01       9.208344e-01       3.493030e-02       1.424015e-02       2.509456e-02
         700       2.329863e+00       4.528542e-01       9.397686e-01       6.487398e-02       1.709209e-02       3.712527e-02
         710       2.269691e+00       4.278730e-01       9.169944e-01       8.450524e-02       1.276518e-02       4.251391e-02
         720       2.197784e+00       4.397064e-01       8.858708e-01       3.253214e-02       1.073125e-02       1.864753e-02
         730       2.112285e+00       4.444967e-01       8.504468e-01       4.759355e-02       2.055142e-02       3.013396e-02
         740       2.083375e+00       4.356019e-01       8.395364e-01       3.429946e-02       2.337166e-02       2.864024e-02
         750       2.091744e+00       4.354348e-01       8.423057e-01       2.926906e-02       1.495489e-02       2.094639e-02
         760       2.147931e+00       4.728920e-01       8.620351e-01       9.543097e-03       5.610686e-03       7.403719e-03
         770       2.229440e+00       5.077842e-01       8.931164e-01       1.737156e-02       7.798770e-03       1.219834e-02
         780       2.292930e+00       4.914111e-01       9.188633e-01       1.807460e-02       1.088086e-02       1.433711e-02
         790       2.318505e+00       4.991356e-01       9.291457e-01       1.877894e-02       8.289010e-03       1.199878e-02
         800       2.290111e+00       5.190547e-01       9.175321e-01       1.731768e-02       7.852540e-03       1.100151e-02
         810       2.240072e+00       5.135460e-01       8.973847e-01       9.562701e-03       5.010081e-03       6.945511e-03
         820       2.172832e+00       4.875418e-01       8.712620e-01       1.773719e-02       1.028832e-02       1.343445e-02
         830       2.129708e+00       4.747682e-01       8.540077e-01       2.081192e-02       1.047660e-02       1.583055e-02
         840       2.106264e+00       4.855536e-01       8.442807e-01       1.810766e-02       1.064040e-02       1.411786e-02
         850       2.121759e+00       4.927212e-01       8.505831e-01       1.365507e-02       8.953015e-03       1.045053e-02
         860       2.169705e+00       4.835831e-01       8.702784e-01       1.247369e-02       7.137928e-03       9.609733e-03
         870       2.230423e+00       4.916737e-01       8.950160e-01       2.296565e-02       5.811047e-03       1.310032e-02
         880       2.289506e+00       4.981193e-01       9.192574e-01       1.673642e-02       7.361801e-03       1.063259e-02
         890       2.306995e+00       5.185909e-01       9.267110e-01       3.524345e-02       9.133968e-03       2.032997e-02
         900       2.290546e+00       5.029543e-01       9.199502e-01       1.540255e-02       5.554091e-03       9.139626e-03
         910       2.231103e+00       4.859317e-01       8.961972e-01       1.638164e-02       8.409887e-03       1.249017e-02
         920       2.168686e+00       4.780696e-01       8.711028e-01       1.798338e-02       9.736220e-03       1.379056e-02
         930       2.109291e+00       4.790645e-01       8.473748e-01       1.759648e-02       9.833393e-03       1.372862e-02
         940       2.092201e+00       4.609062e-01       8.409163e-01       2.097994e-02       9.903868e-03       1.631178e-02
         950       2.116248e+00       4.547244e-01       8.506591e-01       2.007548e-02       1.267800e-02       1.616977e-02
         960       2.173276e+00       4.763281e-01       8.731489e-01       2.358349e-02       9.811404e-03       1.672931e-02
         970       2.258213e+00       4.962034e-01       9.069614e-01       1.735687e-02       1.060891e-02       1.278955e-02
         980       2.312369e+00       4.949134e-01       9.281391e-01       3.589239e-02       7.647873e-03       2.342016e-02
         990       2.330707e+00       4.973590e-01       9.341433e-01       1.837012e-02       7.880517e-03       1.383291e-02
        1000       2.260795e+00       4.664223e-01       9.079515e-01       3.167849e-02       1.052026e-02       1.914128e-02
