2019-09-04 09:55:40.812291: I tensorflow/core/platform/cpu_feature_guard.cc:140] Your CPU supports instructions that this TensorFlow binary was not compiled to use: SSE4.1 SSE4.2 AVX AVX2 AVX512F FMA
2019-09-04 09:55:41.774425: I tensorflow/core/common_runtime/gpu/gpu_device.cc:1356] Found device 0 with properties: 
name: Tesla V100-SXM2-16GB major: 7 minor: 0 memoryClockRate(GHz): 1.53
pciBusID: 0000:21:01.0
totalMemory: 15.77GiB freeMemory: 15.36GiB
2019-09-04 09:55:41.774463: I tensorflow/core/common_runtime/gpu/gpu_device.cc:1435] Adding visible gpu devices: 0
2019-09-04 09:55:42.068726: I tensorflow/core/common_runtime/gpu/gpu_device.cc:923] Device interconnect StreamExecutor with strength 1 edge matrix:
2019-09-04 09:55:42.068760: I tensorflow/core/common_runtime/gpu/gpu_device.cc:929]      0 
2019-09-04 09:55:42.068767: I tensorflow/core/common_runtime/gpu/gpu_device.cc:942] 0:   N 
2019-09-04 09:55:42.069043: I tensorflow/core/common_runtime/gpu/gpu_device.cc:1053] Created TensorFlow device (/job:localhost/replica:0/task:0/device:GPU:0 with 14867 MB memory) -> physical GPU (device: 0, name: Tesla V100-SXM2-16GB, pci bus id: 0000:21:01.0, compute capability: 7.  >>> Info of model(s):
  using   4 model(s): ../graph.003.pb ../graph.000.pb ../graph.002.pb ../graph.001.pb 
  rcut in model:      5
  ntypes in model:    2
Neighbor list info ...
  update every 1 steps, delay 10 steps, check yes
  max neighbors/atom: 2000, page size: 100000
  master list distance cutoff = 6
  ghost atom cutoff = 6
  binsize = 3, bins = 4 4 4
  1 neighbor lists, perpetual/occasional/extra = 1 0 0
  (1) pair deepmd, perpetual
      attributes: , newton on
      pair build: full/bin/atomonly
      stencil: full/bin/3d
      bin: standard
Setting up Verlet run ...
  Unit style    : metal
  Current step  : 0
  Time step     : 0.002
Per MPI rank memory allocation (min/avg/max) = 3.935 | 3.935 | 3.935 Mbytes
Step Temp PotEng KinEng TotEng Press Volume Lx Ly Lz Xy Xz Yz 
       0          100   -219.70742  0.051704058   -219.65572   -461.51262         1000           10           10           10            0            0            0 
      10    100.52827   -219.70714  0.051977196   -219.65517    543.70649         1000           10           10           10            0            0            0 
      20    78.245848   -219.68961  0.040456279   -219.64915    1367.1838         1000           10           10           10            0            0            0 
      30    77.104938   -219.68528  0.039866382   -219.64541    1646.2036         1000           10           10           10            0            0            0 
      40    61.273091   -219.68272  0.031680675   -219.65104    1225.1078         1000           10           10           10            0            0            0 
      50    150.12137   -219.73774  0.077618842   -219.66012    189.40303         1000           10           10           10            0            0            0 
      60    90.756061   -219.70217  0.046924566   -219.65525   -829.40037         1000           10           10           10            0            0            0 
      70    117.25637   -219.71024  0.060626304   -219.64961   -1577.3694         1000           10           10           10            0            0            0 
      80    66.824091   -219.67838  0.034550767   -219.64383   -1687.3782         1000           10           10           10            0            0            0 
      90    124.43453   -219.70942  0.064337702   -219.64508   -1229.2943         1000           10           10           10            0            0            0 
     100    162.08519   -219.73338  0.083804622   -219.64958    -229.3891         1000           10           10           10            0            0            0 
     110    157.06102   -219.72554  0.081206923   -219.64434    931.74657         1000           10           10           10            0            0            0 
     120    134.62894   -219.70076  0.069608627   -219.63116    1758.8519         1000           10           10           10            0            0            0 
     130    99.138445   -219.67177  0.051258599   -219.62051    1804.6118         1000           10           10           10            0            0            0 
     140    205.44507   -219.72671   0.10622344   -219.62048    905.82632         1000           10           10           10            0            0            0 
     150    134.30783   -219.68088  0.069442596   -219.61144   -340.23789         1000           10           10           10            0            0            0 
     160      177.885   -219.69679  0.091973762   -219.60482   -1488.7085         1000           10           10           10            0            0            0 
     170    54.716164   -219.62461  0.028290477   -219.59631   -1844.4831         1000           10           10           10            0            0            0 
     180    106.73924   -219.65857  0.055188519   -219.60338    -1516.074         1000           10           10           10            0            0            0 
     190    127.76122   -219.68338  0.066057735   -219.61732   -513.75916         1000           10           10           10            0            0            0 
     200    141.22671   -219.69946   0.07301994   -219.62644     619.5328         1000           10           10           10            0            0            0 
     210    87.567424   -219.67413  0.045275912   -219.62886    1531.4075         1000           10           10           10            0            0            0 
     220    55.343862   -219.66873  0.028615023   -219.64011     1666.907         1000           10           10           10            0            0            0 
     230     120.5535   -219.72528  0.062331049   -219.66295    998.19105         1000           10           10           10            0            0            0 
     240    93.798512   -219.72432  0.048497637   -219.67583    44.563314         1000           10           10           10            0            0            0 
     250    123.81123   -219.74465  0.064015428   -219.68063   -872.90662         1000           10           10           10            0            0            0 
     260    50.251276   -219.70521  0.025981949   -219.67923    -1352.274         1000           10           10           10            0            0            0 
     270    67.297456   -219.71697  0.034795516   -219.68218   -1429.1944         1000           10           10           10            0            0            0 
     280    73.901364   -219.72544  0.038210004   -219.68723   -1002.3039         1000           10           10           10            0            0            0 
     290    104.77117   -219.74626  0.054170948   -219.69209    -270.0983         1000           10           10           10            0            0            0 
     300    102.36205   -219.74574  0.052925332   -219.69281    600.41689         1000           10           10           10            0            0            0 
     310    58.578178   -219.71752  0.030287295   -219.68723    1255.3991         1000           10           10           10            0            0            0 
     320    90.661677   -219.73244  0.046875766   -219.68556    1406.1526         1000           10           10           10            0            0            0 
     330    73.284731   -219.72155   0.03789118   -219.68365    1031.1367         1000           10           10           10            0            0            0 
     340    145.71983   -219.75787  0.075343066   -219.68252    190.68079         1000           10           10           10            0            0            0 
     350    91.008063   -219.71697  0.047054862   -219.66992   -702.17752         1000           10           10           10            0            0            0 
     360    80.923904   -219.69621  0.041840942   -219.65437   -1397.1272         1000           10           10           10            0            0            0 
     370    69.972186   -219.67592  0.036178459   -219.63974   -1572.1757         1000           10           10           10            0            0            0 
     380    130.18493   -219.69461  0.067310892    -219.6273    -1172.512         1000           10           10           10            0            0            0 
     390    183.89069   -219.71325  0.095078948   -219.61817   -109.67576         1000           10           10           10            0            0            0 
     400     116.8229   -219.65635  0.060402181   -219.59595    1264.8971         1000           10           10           10            0            0            0 
     410    146.80659   -219.65264  0.075904964   -219.57674    2234.0745         1000           10           10           10            0            0            0 
     420    74.457928   -219.61352  0.038497771   -219.57503    2118.3757         1000           10           10           10            0            0            0 
     430    240.12438   -219.72073   0.12415405   -219.59658    916.34255         1000           10           10           10            0            0            0 
     440    150.94494   -219.67586   0.07804466   -219.59781   -425.46743         1000           10           10           10            0            0            0 
     450    134.53671   -219.66747  0.069560939    -219.5979   -1491.9639         1000           10           10           10            0            0            0 
     460    75.975761   -219.64073  0.039282552   -219.60144   -1821.9927         1000           10           10           10            0            0            0 
     470     153.3411   -219.69421  0.079283571   -219.61492   -1480.1674         1000           10           10           10            0            0            0 
     480    175.89115   -219.72438  0.090942864   -219.63343   -428.31305         1000           10           10           10            0            0            0 
     490    131.08029   -219.70915   0.06777383   -219.64138    826.63415         1000           10           10           10            0            0            0 
     500    109.73926   -219.69559  0.056739649   -219.63885     1659.418         1000           10           10           10            0            0            0 
     510    57.427876   -219.67076  0.029692542   -219.64107    1687.9251         1000           10           10           10            0            0            0 
     520    135.83709   -219.72496  0.070233288   -219.65473    981.37596         1000           10           10           10            0            0            0 
     530    86.873025   -219.70603  0.044916879   -219.66112     39.92965         1000           10           10           10            0            0            0 
     540    88.489933   -219.70949  0.045752887   -219.66373   -859.59046         1000           10           10           10            0            0            0 
     550    27.352591   -219.67687    0.0141424   -219.66273   -1326.3611         1000           10           10           10            0            0            0 
     560    60.484226   -219.69897  0.031272799   -219.66769   -1336.6378         1000           10           10           10            0            0            0 
     570    78.850084   -219.71552  0.040768693   -219.67475   -821.36554         1000           10           10           10            0            0            0 
     580    76.782843   -219.71804  0.039699846   -219.67834    30.118741         1000           10           10           10            0            0            0 
     590    76.632545   -219.71684  0.039622135   -219.67722    907.17841         1000           10           10           10            0            0            0 
     600    30.628398   -219.68722  0.015836124   -219.67138    1448.0267         1000           10           10           10            0            0            0 
     610    83.515499   -219.71629  0.043180902   -219.67311    1418.1774         1000           10           10           10            0            0            0 
     620     68.23608   -219.71068  0.035280822    -219.6754    912.38053         1000           10           10           10            0            0            0 
     630     107.5008   -219.73137  0.055582276   -219.67579    55.875647         1000           10           10           10            0            0            0 
     640     62.43289   -219.69765  0.032280338   -219.66537   -806.43878         1000           10           10           10            0            0            0 
     650    78.577899   -219.69185  0.040627963   -219.65122   -1468.5692         1000           10           10           10            0            0            0 
     660    108.26479   -219.69246  0.055977287   -219.63648   -1602.5429         1000           10           10           10            0            0            0 
     670    147.11536   -219.70164  0.076064611   -219.62557   -999.18015         1000           10           10           10            0            0            0 
     680      193.647    -219.7205   0.10012336   -219.62038    212.78334         1000           10           10           10            0            0            0 
     690     115.9221   -219.65542   0.05993643   -219.59548    1439.5535         1000           10           10           10            0            0            0 
     700     164.0735   -219.65754  0.084832659    -219.5727    1986.5254         1000           10           10           10            0            0            0 
     710    131.28273   -219.64623  0.067878499   -219.57835    1319.2887         1000           10           10           10            0            0            0 
     720    209.89346   -219.70115   0.10852343   -219.59262   -168.47022         1000           10           10           10            0            0            0 
     730    103.59083   -219.64574  0.053560663   -219.59218   -1361.2271         1000           10           10           10            0            0            0 
     740    93.843384   -219.64682  0.048520837    -219.5983   -1975.6805         1000           10           10           10            0            0            0 
     750    122.58032   -219.67621     0.063379   -219.61283   -1781.4934         1000           10           10           10            0            0            0 
     760    156.40941   -219.71281  0.080870014   -219.63194   -931.79398         1000           10           10           10            0            0            0 
     770    145.47037   -219.72309  0.075214084   -219.64788    316.49552         1000           10           10           10            0            0            0 
     780    93.444624   -219.69875  0.048314663   -219.65044    1365.8536         1000           10           10           10            0            0            0 
     790    108.98677   -219.70951  0.056350585   -219.65316    1732.9921         1000           10           10           10            0            0            0 
     800    92.151808   -219.70823  0.047646224   -219.66058    1362.1585         1000           10           10           10            0            0            0 
     810    140.16516   -219.74132  0.072471076   -219.66885    435.93888         1000           10           10           10            0            0            0 
     820    90.592631   -219.71386  0.046840067   -219.66702   -518.87908         1000           10           10           10            0            0            0 
     830    87.185292   -219.70887  0.045078334   -219.66379    -1318.441         1000           10           10           10            0            0            0 
     840    74.200795   -219.70042  0.038364822   -219.66205   -1653.9124         1000           10           10           10            0            0            0 
     850    89.775746   -219.71104  0.046417704   -219.66462   -1431.7772         1000           10           10           10            0            0            0 
     860     102.1776   -219.72181  0.052829964   -219.66898   -654.56875         1000           10           10           10            0            0            0 
     870    88.268808   -219.71277  0.045638556   -219.66713    366.25566         1000           10           10           10            0            0            0 
     880    92.585193   -219.70706  0.047870302   -219.65919    1244.3783         1000           10           10           10            0            0            0 
     890    51.314987   -219.67714  0.026531931   -219.65061    1617.0785         1000           10           10           10            0            0            0 
     900    107.71057   -219.71038  0.055690737   -219.65469    1234.0124         1000           10           10           10            0            0            0 
     910    88.055816   -219.70268   0.04552843   -219.65715    382.89557         1000           10           10           10            0            0            0 
     920    107.37407    -219.7105  0.055516751   -219.65498   -686.79782         1000           10           10           10            0            0            0 
     930    80.678493   -219.68756  0.041714055   -219.64585   -1534.7986         1000           10           10           10            0            0            0 
     940    86.538491   -219.68275  0.044743912   -219.63801   -1872.3736         1000           10           10           10            0            0            0 
     950    98.264604   -219.68566  0.050806788   -219.63485   -1477.4815         1000           10           10           10            0            0            0 
     960     123.3646   -219.69417  0.063784503   -219.63039   -480.02399         1000           10           10           10            0            0            0 
     970    170.96256   -219.70586  0.088394583   -219.61746    816.18834         1000           10           10           10            0            0            0 
     980    132.59146   -219.65979  0.068555168   -219.59124    1874.0723         1000           10           10           10            0            0            0 
     990    239.09022   -219.70464   0.12361935   -219.58102    1968.4671         1000           10           10           10            0            0            0 
    1000     198.9947   -219.66707   0.10288834   -219.56418    1128.2021         1000           10           10           10            0            0            0 
Loop time of 11.937 on 1 procs for 1000 steps with 5 atoms

Performance: 14.476 ns/day, 1.658 hours/ns, 83.773 timesteps/s
205.3% CPU use with 1 MPI tasks x no OpenMP threads

MPI task timing breakdown:
Section |  min time  |  avg time  |  max time  |%varavg| %total
---------------------------------------------------------------
Pair    | 11.898     | 11.898     | 11.898     |   0.0 | 99.67
Neigh   | 0.00018811 | 0.00018811 | 0.00018811 |   0.0 |  0.00
Comm    | 0.0017908  | 0.0017908  | 0.0017908  |   0.0 |  0.02
Output  | 0.031782   | 0.031782   | 0.031782   |   0.0 |  0.27
Modify  | 0.0039687  | 0.0039687  | 0.0039687  |   0.0 |  0.03
Other   |            | 0.001446   |            |       |  0.01

Nlocal:    5 ave 5 max 5 min
Histogram: 1 0 0 0 0 0 0 0 0 0
Nghost:    112 ave 112 max 112 min
Histogram: 1 0 0 0 0 0 0 0 0 0
Neighs:    0 ave 0 max 0 min
Histogram: 1 0 0 0 0 0 0 0 0 0

Total # of neighbors = 0
Ave neighs/atom = 0
Neighbor list builds = 29
Dangerous builds = 0
Total wall time: 0:00:14
