2019-09-04 09:56:26.299784: I tensorflow/core/platform/cpu_feature_guard.cc:140] Your CPU supports instructions that this TensorFlow binary was not compiled to use: SSE4.1 SSE4.2 AVX AVX2 AVX512F FMA
2019-09-04 09:56:27.261361: I tensorflow/core/common_runtime/gpu/gpu_device.cc:1356] Found device 0 with properties: 
name: Tesla V100-SXM2-16GB major: 7 minor: 0 memoryClockRate(GHz): 1.53
pciBusID: 0000:21:01.0
totalMemory: 15.77GiB freeMemory: 15.36GiB
2019-09-04 09:56:27.261414: I tensorflow/core/common_runtime/gpu/gpu_device.cc:1435] Adding visible gpu devices: 0
2019-09-04 09:56:27.556020: I tensorflow/core/common_runtime/gpu/gpu_device.cc:923] Device interconnect StreamExecutor with strength 1 edge matrix:
2019-09-04 09:56:27.556055: I tensorflow/core/common_runtime/gpu/gpu_device.cc:929]      0 
2019-09-04 09:56:27.556062: I tensorflow/core/common_runtime/gpu/gpu_device.cc:942] 0:   N 
2019-09-04 09:56:27.556318: I tensorflow/core/common_runtime/gpu/gpu_device.cc:1053] Created TensorFlow device (/job:localhost/replica:0/task:0/device:GPU:0 with 14867 MB memory) -> physical GPU (device: 0, name: Tesla V100-SXM2-16GB, pci bus id: 0000:21:01.0, compute capability: 7.  >>> Info of model(s):
  using   4 model(s): ../graph.003.pb ../graph.000.pb ../graph.002.pb ../graph.001.pb 
  rcut in model:      5
  ntypes in model:    2
Neighbor list info ...
  update every 1 steps, delay 10 steps, check yes
  max neighbors/atom: 2000, page size: 100000
  master list distance cutoff = 6
  ghost atom cutoff = 6
  binsize = 3, bins = 4 4 4
  1 neighbor lists, perpetual/occasional/extra = 1 0 0
  (1) pair deepmd, perpetual
      attributes: , newton on
      pair build: full/bin/atomonly
      stencil: full/bin/3d
      bin: standard
Setting up Verlet run ...
  Unit style    : metal
  Current step  : 0
  Time step     : 0.002
Per MPI rank memory allocation (min/avg/max) = 3.935 | 3.935 | 3.935 Mbytes
Step Temp PotEng KinEng TotEng Press Volume Lx Ly Lz Xy Xz Yz 
       0          100   -219.71244  0.051704058   -219.66073   -601.93835         1000           10           10           10            0            0            0 
      10    95.877585    -219.7113  0.049572602   -219.66173   -122.03458         1000           10           10           10            0            0            0 
      20    73.233841   -219.69769  0.037864868   -219.65982    432.29107         1000           10           10           10            0            0            0 
      30    98.145844   -219.70982  0.050745384   -219.65907     820.8026         1000           10           10           10            0            0            0 
      40    75.432587   -219.69701  0.039001709   -219.65801    925.51271         1000           10           10           10            0            0            0 
      50    111.09747   -219.71785  0.057441898   -219.66041    659.48548         1000           10           10           10            0            0            0 
      60    71.493763   -219.69807  0.036965176    -219.6611    237.77212         1000           10           10           10            0            0            0 
      70    76.210252   -219.70165  0.039403793   -219.66224    -258.0531         1000           10           10           10            0            0            0 
      80    73.573416   -219.70027  0.038040442   -219.66223   -641.99139         1000           10           10           10            0            0            0 
      90     97.14591   -219.71529  0.050228377   -219.66506   -710.97679         1000           10           10           10            0            0            0 
     100    82.779788   -219.71015   0.04280051   -219.66734   -459.89735         1000           10           10           10            0            0            0 
     110    67.434387   -219.70523  0.034866315   -219.67036    27.845797         1000           10           10           10            0            0            0 
     120    93.901483    -219.7216  0.048550877   -219.67304    474.80392         1000           10           10           10            0            0            0 
     130    72.221547   -219.71145   0.03734147   -219.67411    764.49598         1000           10           10           10            0            0            0 
     140    99.094476   -219.72885  0.051235865   -219.67761    761.93802         1000           10           10           10            0            0            0 
     150    76.230589   -219.71989  0.039414308   -219.68047    537.01277         1000           10           10           10            0            0            0 
     160    70.231681   -219.71885  0.036312629   -219.68254    106.16955         1000           10           10           10            0            0            0 
     170    75.826776   -219.72275   0.03920552   -219.68354   -343.36567         1000           10           10           10            0            0            0 
     180    84.175291   -219.72619  0.043522042   -219.68267   -687.07292         1000           10           10           10            0            0            0 
     190    91.041509   -219.72905  0.047072155   -219.68198   -720.36384         1000           10           10           10            0            0            0 
     200    69.443922    -219.7165  0.035905326    -219.6806    -450.6945         1000           10           10           10            0            0            0 
     210    97.071027   -219.72976   0.05018966   -219.67957   -40.414183         1000           10           10           10            0            0            0 
     220    94.052058   -219.72427  0.048628731   -219.67564    403.12377         1000           10           10           10            0            0            0 
     230    129.75013   -219.73909   0.06708608     -219.672    699.02661         1000           10           10           10            0            0            0 
     240    106.58352   -219.72042  0.055108003   -219.66531    791.37257         1000           10           10           10            0            0            0 
     250     126.1935   -219.72568  0.065247158   -219.66043    561.41691         1000           10           10           10            0            0            0 
     260     119.9392    -219.7138  0.062013433   -219.65179   -6.8905668         1000           10           10           10            0            0            0 
     270    156.60769   -219.72419  0.080972529   -219.64322   -654.83875         1000           10           10           10            0            0            0 
     280    172.86819   -219.72295   0.08937987   -219.63357   -1017.9129         1000           10           10           10            0            0            0 
     290    130.50686   -219.69318  0.067477344    -219.6257   -911.17297         1000           10           10           10            0            0            0 
     300    167.41126   -219.71097  0.086558415   -219.62441   -474.28708         1000           10           10           10            0            0            0 
     310    150.13941   -219.69865   0.07762817   -219.62102    74.788003         1000           10           10           10            0            0            0 
     320    193.98989   -219.72201   0.10030064   -219.62171    551.48109         1000           10           10           10            0            0            0 
     330    123.25115    -219.6848  0.063725844   -219.62107    825.97022         1000           10           10           10            0            0            0 
     340    134.77783   -219.70306  0.069685607   -219.63338    597.34353         1000           10           10           10            0            0            0 
     350    89.150911   -219.69414  0.046094639   -219.64804    92.886584         1000           10           10           10            0            0            0 
     360    88.703874   -219.71068  0.045863502   -219.66482   -434.69886         1000           10           10           10            0            0            0 
     370    80.989455    -219.7184  0.041874835   -219.67652    -731.2492         1000           10           10           10            0            0            0 
     380    54.176008   -219.71372  0.028011195    -219.6857   -686.61049         1000           10           10           10            0            0            0 
     390    53.247181   -219.71923  0.027530953    -219.6917   -466.41098         1000           10           10           10            0            0            0 
     400     45.38256   -219.71873  0.023464625   -219.69526   -93.341923         1000           10           10           10            0            0            0 
     410    72.084659   -219.73437  0.037270694    -219.6971    251.64991         1000           10           10           10            0            0            0 
     420    51.956324   -219.72265  0.026863528   -219.69579    575.03153         1000           10           10           10            0            0            0 
     430    57.287017    -219.7239  0.029619712   -219.69428    684.09071         1000           10           10           10            0            0            0 
     440    49.014823    -219.7181  0.025342652   -219.69276     531.0932         1000           10           10           10            0            0            0 
     450    56.664405   -219.72067  0.029297797   -219.69137    134.78777         1000           10           10           10            0            0            0 
     460    85.291771   -219.73277  0.044099307   -219.68867   -323.77366         1000           10           10           10            0            0            0 
     470    56.447829   -219.71086  0.029185818   -219.68168   -641.59722         1000           10           10           10            0            0            0 
     480    70.156822   -219.71292  0.036273924   -219.67664   -737.82644         1000           10           10           10            0            0            0 
     490    54.841889   -219.69819  0.028355482   -219.66983   -581.44066         1000           10           10           10            0            0            0 
     500    107.86723   -219.72138  0.055771734   -219.66561   -253.93748         1000           10           10           10            0            0            0 
     510     98.27922   -219.71026  0.050814345   -219.65944    280.31021         1000           10           10           10            0            0            0 
     520    105.35889   -219.70632  0.054474822   -219.65184    741.29113         1000           10           10           10            0            0            0 
     530    98.072792   -219.69716  0.050707613   -219.64645    887.70924         1000           10           10           10            0            0            0 
     540     114.7729   -219.70677  0.059342246   -219.64743    541.47064         1000           10           10           10            0            0            0 
     550     155.2884   -219.72962  0.080290404   -219.64933   -111.09059         1000           10           10           10            0            0            0 
     560    131.46735   -219.71456  0.067973955   -219.64659   -629.96013         1000           10           10           10            0            0            0 
     570    130.23864   -219.71372  0.067338663   -219.64638   -912.21549         1000           10           10           10            0            0            0 
     580    89.961051   -219.69324  0.046513514   -219.64672   -847.46388         1000           10           10           10            0            0            0 
     590    157.42047    -219.7338  0.081392773   -219.65241   -549.12506         1000           10           10           10            0            0            0 
     600     137.3892   -219.72703  0.071035794   -219.65599  -0.51909836         1000           10           10           10            0            0            0 
     610    137.67182   -219.72968  0.071181916    -219.6585    598.53986         1000           10           10           10            0            0            0 
     620    100.57876   -219.70977  0.052003298   -219.65777    903.82824         1000           10           10           10            0            0            0 
     630    115.33887   -219.72074  0.059634878   -219.66111    762.85051         1000           10           10           10            0            0            0 
     640    138.82132   -219.73565  0.071776253   -219.66387    270.39916         1000           10           10           10            0            0            0 
     650     119.7117   -219.72528  0.061895806   -219.66339   -266.77169         1000           10           10           10            0            0            0 
     660     118.4868   -219.72412  0.061262482   -219.66286   -680.73993         1000           10           10           10            0            0            0 
     670    72.189174   -219.70004  0.037324733   -219.66272   -782.62605         1000           10           10           10            0            0            0 
     680    97.979154   -219.71464  0.050659199   -219.66398   -691.43593         1000           10           10           10            0            0            0 
     690    117.28286   -219.72794  0.060639998    -219.6673    -278.4371         1000           10           10           10            0            0            0 
     700    112.28881   -219.72558  0.058057869   -219.66752    248.85734         1000           10           10           10            0            0            0 
     710    78.662181   -219.70515   0.04067154   -219.66448    755.31745         1000           10           10           10            0            0            0 
     720    87.279465   -219.70869  0.045127025   -219.66356    907.74162         1000           10           10           10            0            0            0 
     730    102.73234   -219.71812  0.053116789     -219.665    652.44385         1000           10           10           10            0            0            0 
     740    92.885685   -219.71374  0.048025669   -219.66572    192.12248         1000           10           10           10            0            0            0 
     750    106.33822   -219.72062  0.054981174   -219.66564   -302.19693         1000           10           10           10            0            0            0 
     760    53.893162   -219.69076  0.027864952   -219.66289   -620.87973         1000           10           10           10            0            0            0 
     770    76.724656   -219.70272  0.039669761   -219.66305    -723.0353         1000           10           10           10            0            0            0 
     780    78.785967   -219.70385  0.040735542   -219.66312   -535.18087         1000           10           10           10            0            0            0 
     790    109.17493    -219.7214  0.056447867   -219.66495   -81.197506         1000           10           10           10            0            0            0 
     800    69.833132   -219.69758  0.036106563   -219.66148     512.0238         1000           10           10           10            0            0            0 
     810    67.873416   -219.69228   0.03509331   -219.65719    873.00348         1000           10           10           10            0            0            0 
     820    102.78972   -219.70962  0.053146459   -219.65647     897.2269         1000           10           10           10            0            0            0 
     830    92.648991   -219.70263  0.047903288   -219.65473    590.88543         1000           10           10           10            0            0            0 
     840    121.63628   -219.71632  0.062890893   -219.65343    88.500353         1000           10           10           10            0            0            0 
     850    80.464361   -219.69039   0.04160334   -219.64878   -370.60482         1000           10           10           10            0            0            0 
     860    97.654801   -219.69553  0.050491495   -219.64504   -734.96332         1000           10           10           10            0            0            0 
     870    91.695553   -219.68982  0.047410322   -219.64241   -735.14629         1000           10           10           10            0            0            0 
     880    158.92264   -219.72756  0.082169453   -219.64539   -398.83643         1000           10           10           10            0            0            0 
     890    120.55417   -219.70574    0.0623314   -219.64341    213.66287         1000           10           10           10            0            0            0 
     900    115.66681   -219.70311  0.059804434    -219.6433     732.2044         1000           10           10           10            0            0            0 
     910    138.13165   -219.71799   0.07141967   -219.64657     880.3288         1000           10           10           10            0            0            0 
     920    143.51837    -219.7263  0.074204819    -219.6521    714.48584         1000           10           10           10            0            0            0 
     930    151.70766   -219.73635  0.078439017   -219.65791    229.40613         1000           10           10           10            0            0            0 
     940    103.48378   -219.71491  0.053505315    -219.6614   -293.03287         1000           10           10           10            0            0            0 
     950    113.05158    -219.7253  0.058452257   -219.66685   -742.95554         1000           10           10           10            0            0            0 
     960    86.535838   -219.71695   0.04474254    -219.6722   -857.05151         1000           10           10           10            0            0            0 
     970    110.68429   -219.73812  0.057228272   -219.68089   -699.15208         1000           10           10           10            0            0            0 
     980    100.14901   -219.74076  0.051781101   -219.68898   -240.28825         1000           10           10           10            0            0            0 
     990    69.039127   -219.72798  0.035696031   -219.69228    230.33984         1000           10           10           10            0            0            0 
    1000    76.916547   -219.73636  0.039768976    -219.6966    555.37999         1000           10           10           10            0            0            0 
Loop time of 11.8582 on 1 procs for 1000 steps with 5 atoms

Performance: 14.572 ns/day, 1.647 hours/ns, 84.330 timesteps/s
206.0% CPU use with 1 MPI tasks x no OpenMP threads

MPI task timing breakdown:
Section |  min time  |  avg time  |  max time  |%varavg| %total
---------------------------------------------------------------
Pair    | 11.83      | 11.83      | 11.83      |   0.0 | 99.76
Neigh   | 0.00025892 | 0.00025892 | 0.00025892 |   0.0 |  0.00
Comm    | 0.0018272  | 0.0018272  | 0.0018272  |   0.0 |  0.02
Output  | 0.020908   | 0.020908   | 0.020908   |   0.0 |  0.18
Modify  | 0.0039525  | 0.0039525  | 0.0039525  |   0.0 |  0.03
Other   |            | 0.001206   |            |       |  0.01

Nlocal:    5 ave 5 max 5 min
Histogram: 1 0 0 0 0 0 0 0 0 0
Nghost:    97 ave 97 max 97 min
Histogram: 1 0 0 0 0 0 0 0 0 0
Neighs:    0 ave 0 max 0 min
Histogram: 1 0 0 0 0 0 0 0 0 0

Total # of neighbors = 0
Ave neighs/atom = 0
Neighbor list builds = 40
Dangerous builds = 0
Total wall time: 0:00:14
