#       step         max_devi_e         min_devi_e         avg_devi_e         max_devi_f         min_devi_f         avg_devi_f
           0       2.096311e+00       4.910106e-01       8.393451e-01       1.836372e-02       1.212791e-02       1.532342e-02
          10       2.126449e+00       4.684318e-01       8.519348e-01       1.441827e-02       4.855844e-03       1.067349e-02
          20       2.186819e+00       4.559300e-01       8.776170e-01       2.598245e-02       7.314352e-03       1.509552e-02
          30       2.263085e+00       4.791150e-01       9.087531e-01       1.391469e-02       1.052268e-02       1.213422e-02
          40       2.308475e+00       4.973312e-01       9.277631e-01       2.386260e-02       1.316472e-02       1.759101e-02
          50       2.305410e+00       4.794450e-01       9.283008e-01       5.155045e-02       1.207836e-02       2.549980e-02
          60       2.253291e+00       4.541671e-01       9.084148e-01       4.868570e-02       1.247468e-02       2.385907e-02
          70       2.184973e+00       4.639963e-01       8.799918e-01       1.624606e-02       1.059656e-02       1.386457e-02
          80       2.126235e+00       4.545541e-01       8.554965e-01       2.514226e-02       1.252043e-02       1.682863e-02
          90       2.093785e+00       4.523282e-01       8.423689e-01       2.739303e-02       1.294558e-02       1.846756e-02
         100       2.101211e+00       4.493736e-01       8.456914e-01       3.041115e-02       9.201635e-03       1.783301e-02
         110       2.150876e+00       4.440294e-01       8.655767e-01       4.023395e-02       1.064760e-02       2.178022e-02
         120       2.237938e+00       4.456565e-01       8.996667e-01       1.834679e-02       1.188046e-02       1.388789e-02
         130       2.309808e+00       4.494119e-01       9.300452e-01       3.340801e-02       1.532767e-02       2.388552e-02
         140       2.337060e+00       4.516130e-01       9.420399e-01       4.798848e-02       1.785479e-02       3.160727e-02
         150       2.282159e+00       4.541347e-01       9.199286e-01       2.160122e-02       9.360960e-03       1.469292e-02
         160       2.187902e+00       4.458269e-01       8.842956e-01       4.026272e-02       1.453547e-02       2.235106e-02
         170       2.096700e+00       4.265844e-01       8.469146e-01       4.638675e-02       1.519565e-02       2.811433e-02
         180       2.059594e+00       4.385484e-01       8.292667e-01       4.368634e-02       2.557740e-02       3.256442e-02
         190       2.081079e+00       4.475700e-01       8.365001e-01       4.892796e-02       1.956806e-02       2.801804e-02
         200       2.155210e+00       4.469072e-01       8.662340e-01       1.698228e-02       1.136466e-02       1.429881e-02
         210       2.246490e+00       4.451495e-01       9.027869e-01       2.653067e-02       1.237953e-02       1.727380e-02
         220       2.309556e+00       4.743651e-01       9.264830e-01       1.817089e-02       7.076598e-03       1.360633e-02
         230       2.327629e+00       5.046553e-01       9.328633e-01       1.444907e-02       8.607473e-03       1.158336e-02
         240       2.293779e+00       4.974860e-01       9.201553e-01       1.157189e-02       4.437292e-03       8.662872e-03
         250       2.235894e+00       4.770613e-01       8.981547e-01       1.046424e-02       7.314063e-03       8.733259e-03
         260       2.172960e+00       4.657220e-01       8.736559e-01       2.163708e-02       7.886844e-03       1.186924e-02
         270       2.130483e+00       4.336715e-01       8.582014e-01       3.712598e-02       9.818300e-03       1.933565e-02
         280       2.117339e+00       4.108118e-01       8.555905e-01       6.965377e-02       1.490506e-02       3.309063e-02
         290       2.142674e+00       4.154322e-01       8.656676e-01       5.814480e-02       1.006597e-02       2.792519e-02
         300       2.197347e+00       4.415408e-01       8.855445e-01       2.691563e-02       7.991203e-03       1.618365e-02
         310       2.260291e+00       4.554149e-01       9.097212e-01       2.186472e-02       8.365428e-03       1.417593e-02
         320       2.309496e+00       4.442334e-01       9.301497e-01       1.439507e-02       6.576674e-03       1.214891e-02
         330       2.320379e+00       4.351304e-01       9.355718e-01       2.358032e-02       9.680387e-03       1.723959e-02
         340       2.292420e+00       4.470058e-01       9.239997e-01       1.834156e-02       8.205203e-03       1.297453e-02
         350       2.230620e+00       4.488698e-01       8.985200e-01       3.269087e-02       7.298149e-03       1.651985e-02
         360       2.161997e+00       4.273643e-01       8.721316e-01       4.018445e-02       5.956650e-03       1.954421e-02
         370       2.109362e+00       4.045253e-01       8.541721e-01       8.185646e-02       1.652495e-02       3.904008e-02
         380       2.100165e+00       4.124799e-01       8.500917e-01       6.716839e-02       1.447350e-02       3.490415e-02
         390       2.135928e+00       4.422489e-01       8.610466e-01       3.728289e-02       1.113752e-02       2.069554e-02
         400       2.214187e+00       4.503147e-01       8.896210e-01       2.785977e-02       1.115740e-02       1.766497e-02
         410       2.306562e+00       4.553396e-01       9.276960e-01       2.400600e-02       1.143523e-02       1.648787e-02
         420       2.348381e+00       4.274046e-01       9.492766e-01       6.779293e-02       2.590512e-02       4.381520e-02
         430       2.303901e+00       4.018859e-01       9.352069e-01       1.179026e-01       1.941207e-02       5.737897e-02
         440       2.188799e+00       4.206888e-01       8.845474e-01       4.384946e-02       1.414333e-02       2.855795e-02
         450       2.085886e+00       4.521388e-01       8.375905e-01       5.308132e-02       1.798277e-02       2.768181e-02
         460       2.034074e+00       4.864555e-01       8.138657e-01       4.089991e-02       2.373602e-02       3.389332e-02
         470       2.064788e+00       4.760872e-01       8.274171e-01       3.443553e-02       2.165017e-02       2.779263e-02
         480       2.150970e+00       4.363469e-01       8.729007e-01       6.189637e-02       2.528557e-02       3.676143e-02
         490       2.237097e+00       4.340065e-01       9.162432e-01       3.321114e-01       4.285245e-02       1.493881e-01
         500       2.217383e+00       4.486203e-01       8.943197e-01       5.150856e-02       7.741750e-03       2.469517e-02
         510       2.173427e+00       4.670828e-01       8.719470e-01       1.828555e-02       6.283301e-03       1.149261e-02
         520       2.166266e+00       3.961244e-01       8.786240e-01       8.812556e-02       1.713897e-02       4.287312e-02
         530       2.185264e+00       3.960705e-01       8.883506e-01       9.954935e-02       1.044171e-02       4.887596e-02
         540       2.218957e+00       3.981072e-01       9.022546e-01       1.167785e-01       1.815189e-02       5.448607e-02
         550       2.255828e+00       3.959939e-01       9.169412e-01       9.206512e-02       9.226362e-03       4.503796e-02
         560       2.283724e+00       3.950550e-01       9.272449e-01       8.819566e-02       1.338141e-02       4.117109e-02
         570       2.287605e+00       4.130213e-01       9.249450e-01       5.486886e-02       1.700017e-02       3.032496e-02
         580       2.265970e+00       4.366091e-01       9.128594e-01       3.209865e-02       8.476736e-03       1.791572e-02
         590       2.222743e+00       4.374477e-01       8.946725e-01       2.571218e-02       4.677361e-03       1.431160e-02
         600       2.182323e+00       4.261951e-01       8.787569e-01       4.014360e-02       4.633298e-03       1.838693e-02
         610       2.158033e+00       4.400196e-01       8.671185e-01       2.519295e-02       9.599702e-03       1.544395e-02
         620       2.156622e+00       4.864827e-01       8.639026e-01       1.011853e-02       7.578971e-03       8.992262e-03
         630       2.175770e+00       5.168193e-01       8.705898e-01       7.049247e-03       4.419254e-03       5.589885e-03
         640       2.209117e+00       4.979766e-01       8.848055e-01       6.838217e-03       3.476823e-03       5.106438e-03
         650       2.240456e+00       4.893126e-01       8.994352e-01       1.435630e-02       6.434259e-03       9.808799e-03
         660       2.252016e+00       4.802062e-01       9.073579e-01       3.685461e-02       1.280517e-02       1.983327e-02
         670       2.235398e+00       4.630848e-01       9.035311e-01       9.307631e-02       1.563656e-02       4.367638e-02
         680       2.197442e+00       4.500244e-01       8.890450e-01       8.031989e-02       1.184916e-02       3.624709e-02
         690       2.155307e+00       4.459916e-01       8.710285e-01       3.096730e-02       8.551092e-03       1.752265e-02
         700       2.125864e+00       4.461213e-01       8.595485e-01       3.615051e-02       1.545402e-02       2.225680e-02
         710       2.118248e+00       4.496930e-01       8.565430e-01       5.837581e-02       1.543841e-02       2.897955e-02
         720       2.138844e+00       4.759082e-01       8.616546e-01       2.274963e-02       7.935029e-03       1.427540e-02
         730       2.191846e+00       5.005478e-01       8.793495e-01       1.080332e-02       5.472370e-03       7.780715e-03
         740       2.254018e+00       5.102254e-01       9.027811e-01       1.638215e-02       6.215451e-03       1.122639e-02
         750       2.293010e+00       4.950760e-01       9.203779e-01       2.490352e-02       1.173667e-02       2.038023e-02
         760       2.282667e+00       4.570856e-01       9.201862e-01       5.287911e-02       1.446649e-02       2.850145e-02
         770       2.230336e+00       3.928598e-01       9.095975e-01       1.256742e-01       1.367516e-02       6.041587e-02
         780       2.178187e+00       3.780788e-01       9.008642e-01       2.433641e-01       3.398658e-02       1.116727e-01
         790       2.154550e+00       3.847608e-01       8.813008e-01       1.451733e-01       2.760685e-02       7.148957e-02
         800       2.164022e+00       4.277008e-01       8.722363e-01       5.168991e-02       1.467962e-02       2.785910e-02
         810       2.192204e+00       4.866595e-01       8.782170e-01       1.433504e-02       6.791909e-03       8.991944e-03
         820       2.222499e+00       5.326726e-01       8.893395e-01       6.623091e-03       3.878749e-03       5.013566e-03
         830       2.244372e+00       4.987022e-01       8.990393e-01       1.288358e-02       6.074772e-03       8.784898e-03
         840       2.250067e+00       4.686546e-01       9.032459e-01       1.099392e-02       8.930733e-03       1.002640e-02
         850       2.239816e+00       4.473805e-01       9.010498e-01       2.465614e-02       7.234053e-03       1.499217e-02
         860       2.220059e+00       4.350877e-01       8.944099e-01       3.035937e-02       6.962593e-03       1.608108e-02
         870       2.198418e+00       4.217186e-01       8.872790e-01       4.583205e-02       7.446799e-03       2.267464e-02
         880       2.184295e+00       4.068923e-01       8.844869e-01       7.425850e-02       1.256951e-02       3.512948e-02
         890       2.182868e+00       4.009046e-01       8.857283e-01       9.090246e-02       1.398154e-02       4.409063e-02
         900       2.198510e+00       4.069199e-01       8.908828e-01       7.443937e-02       9.066717e-03       3.703115e-02
         910       2.223532e+00       4.182383e-01       8.989015e-01       5.155139e-02       9.931913e-03       2.588685e-02
         920       2.249288e+00       4.278962e-01       9.078076e-01       3.127148e-02       7.885194e-03       1.755969e-02
         930       2.262790e+00       4.356248e-01       9.121888e-01       3.183684e-02       1.078689e-02       1.886651e-02
         940       2.254529e+00       4.528764e-01       9.067161e-01       2.525381e-02       1.018793e-02       1.621870e-02
         950       2.226828e+00       4.890010e-01       8.924879e-01       7.388826e-03       5.303255e-03       6.268874e-03
         960       2.187756e+00       5.264948e-01       8.753794e-01       1.163058e-02       3.624068e-03       5.666632e-03
         970       2.157953e+00       5.112144e-01       8.636161e-01       1.129360e-02       7.254818e-03       9.177837e-03
         980       2.144950e+00       4.909559e-01       8.596444e-01       1.585725e-02       1.303370e-02       1.389533e-02
         990       2.155860e+00       4.488058e-01       8.685640e-01       3.787151e-02       1.379410e-02       2.073912e-02
        1000       2.176684e+00       4.064038e-01       8.851229e-01       1.223836e-01       9.189022e-03       5.575985e-02
