2019-09-01 08:59:57.662299: I tensorflow/core/platform/cpu_feature_guard.cc:141] Your CPU supports instructions that this TensorFlow binary was not compiled to use: AVX AVX2 FMA
2019-09-01 08:59:57.955206: I tensorflow/core/common_runtime/gpu/gpu_device.cc:1432] Found device 0 with properties: 
name: GeForce RTX 2080 Ti major: 7 minor: 5 memoryClockRate(GHz): 1.635
pciBusID: 0000:0a:00.0
totalMemory: 10.73GiB freeMemory: 10.53GiB
2019-09-01 08:59:58.075347: I tensorflow/core/common_runtime/gpu/gpu_device.cc:1432] Found device 1 with properties: 
name: GeForce RTX 2080 Ti major: 7 minor: 5 memoryClockRate(GHz): 1.635
pciBusID: 0000:0b:00.0
totalMemory: 10.73GiB freeMemory: 10.53GiB
2019-09-01 08:59:58.207592: I tensorflow/stream_executor/cuda/cuda_gpu_executor.cc:964] successful NUMA node read from SysFS had negative value (-1), but there must be at least one NUMA node, so returning NUMA node zero
2019-09-01 08:59:58.208778: I tensorflow/core/common_runtime/gpu/gpu_device.cc:1432] Found device 2 with properties: 
name: GeForce RTX 2080 Ti major: 7 minor: 5 memoryClockRate(GHz): 1.635
pciBusID: 0000:42:00.0
totalMemory: 10.73GiB  >>> Info of model(s):
  using   4 model(s): ../graph.002.pb ../graph.000.pb ../graph.003.pb ../graph.001.pb 
  rcut in model:      5
  ntypes in model:    2
Neighbor list info ...
  update every 1 steps, delay 10 steps, check yes
  max neighbors/atom: 2000, page size: 100000
  master list distance cutoff = 6
  ghost atom cutoff = 6
  binsize = 3, bins = 4 4 4
  1 neighbor lists, perpetual/occasional/extra = 1 0 0
  (1) pair deepmd, perpetual
      attributes: , newton on
      pair build: full/bin/atomonly
      stencil: full/bin/3d
      bin: standard
Setting up Verlet run ...
  Unit style    : metal
  Current step  : 0
  Time step     : 0.002
Per MPI rank memory allocation (min/avg/max) = 3.934 | 3.934 | 3.934 Mbytes
Step Temp PotEng KinEng TotEng Press Volume Lx Ly Lz Xy Xz Yz 
       0          100   -219.70634  0.051704058   -219.65464   -165.52532         1000           10           10           10            0            0            0 
      10    112.89665   -219.71339   0.05837215   -219.65502   -284.06837         1000           10           10           10            0            0            0 
      20    82.113593   -219.69696   0.04245606    -219.6545   -235.22292         1000           10           10           10            0            0            0 
      30    98.033305   -219.70595  0.050687197   -219.65526    -214.7417         1000           10           10           10            0            0            0 
      40    131.53778   -219.72487  0.068010369   -219.65686   -11.756499         1000           10           10           10            0            0            0 
      50    80.259333   -219.69706  0.041497332   -219.65556    245.56387         1000           10           10           10            0            0            0 
      60    119.39219   -219.71955   0.06173061   -219.65782    350.09964         1000           10           10           10            0            0            0 
      70    76.964543   -219.69727  0.039793792   -219.65747    374.28508         1000           10           10           10            0            0            0 
      80    123.27698   -219.72438  0.063739202   -219.66064    127.28074         1000           10           10           10            0            0            0 
      90    83.175368   -219.70459   0.04300504   -219.66159   -50.359906         1000           10           10           10            0            0            0 
     100    84.303387   -219.70919  0.043588272    -219.6656   -208.51331         1000           10           10           10            0            0            0 
     110    89.544608   -219.71558  0.046298196   -219.66928   -326.15363         1000           10           10           10            0            0            0 
     120    87.458027   -219.71881  0.045219349   -219.67359   -276.62394         1000           10           10           10            0            0            0 
     130    84.449253   -219.72068  0.043663691   -219.67702    -82.80566         1000           10           10           10            0            0            0 
     140    50.537855   -219.70577  0.026130122   -219.67963    138.40329         1000           10           10           10            0            0            0 
     150    104.19126    -219.7388  0.053871109   -219.68493    271.23127         1000           10           10           10            0            0            0 
     160    58.329191   -219.71525  0.030158559    -219.6851    393.74059         1000           10           10           10            0            0            0 
     170    74.781017   -219.72588   0.03866482   -219.68722    311.46949         1000           10           10           10            0            0            0 
     180    62.680463   -219.72025  0.032408343   -219.68784    155.44905         1000           10           10           10            0            0            0 
     190    73.102052   -219.72609  0.037796728   -219.68829   -90.608602         1000           10           10           10            0            0            0 
     200    83.519676   -219.73048  0.043183062    -219.6873   -260.98525         1000           10           10           10            0            0            0 
     210     49.06731     -219.709  0.025369791   -219.68363   -256.55548         1000           10           10           10            0            0            0 
     220    77.642307      -219.72  0.040144224   -219.67986   -248.15519         1000           10           10           10            0            0            0 
     230    73.036385   -219.71176  0.037762775   -219.67399   -83.792175         1000           10           10           10            0            0            0 
     240    105.92533   -219.72205  0.054767695   -219.66728    149.99033         1000           10           10           10            0            0            0 
     250    60.227274   -219.68613  0.031139945   -219.65499    468.00576         1000           10           10           10            0            0            0 
     260    119.20129   -219.70681  0.061631905   -219.64518    523.31513         1000           10           10           10            0            0            0 
     270    125.10977   -219.69921  0.064686829   -219.63452    389.35269         1000           10           10           10            0            0            0 
     280    118.65194   -219.68659  0.061347867   -219.62525    105.61317         1000           10           10           10            0            0            0 
     290    153.79804   -219.69835  0.079519829   -219.61883   -199.62782         1000           10           10           10            0            0            0 
     300    99.012527   -219.66444  0.051193495   -219.61325   -353.48121         1000           10           10           10            0            0            0 
     310    183.64435   -219.70895  0.094951583     -219.614   -492.26133         1000           10           10           10            0            0            0 
     320    129.53753   -219.68073   0.06697616   -219.61375   -178.52281         1000           10           10           10            0            0            0 
     330    121.63402   -219.68203  0.062889725   -219.61914    137.46379         1000           10           10           10            0            0            0 
     340     124.0807   -219.68997  0.064154756   -219.62582    446.82199         1000           10           10           10            0            0            0 
     350    160.09653   -219.71747  0.082776403   -219.63469    498.36861         1000           10           10           10            0            0            0 
     360    107.24163   -219.69847  0.055448276   -219.64302    443.40737         1000           10           10           10            0            0            0 
     370    91.738079   -219.70032  0.047432309   -219.65288     156.2226         1000           10           10           10            0            0            0 
     380    123.85935   -219.72656  0.064040312   -219.66252   -261.67337         1000           10           10           10            0            0            0 
     390    86.230377   -219.71352  0.044584604   -219.66893   -406.17717         1000           10           10           10            0            0            0 
     400    90.806394    -219.7208  0.046950591   -219.67385   -460.16381         1000           10           10           10            0            0            0 
     410    52.156065   -219.70485  0.026966802   -219.67789   -280.40773         1000           10           10           10            0            0            0 
     420    90.034551   -219.72904  0.046551516   -219.68248   -128.35638         1000           10           10           10            0            0            0 
     430    84.229007   -219.72734  0.043549815   -219.68379    155.47187         1000           10           10           10            0            0            0 
     440    59.963624   -219.71341  0.031003627   -219.68241    420.78732         1000           10           10           10            0            0            0 
     450    58.504825   -219.71192  0.030249369   -219.68167    492.03848         1000           10           10           10            0            0            0 
     460    80.463442   -219.72364  0.041602865   -219.68204    329.65424         1000           10           10           10            0            0            0 
     470    88.349935   -219.72683  0.045680502   -219.68114    63.061224         1000           10           10           10            0            0            0 
     480    39.599587   -219.69825  0.020474594   -219.67777   -93.937424         1000           10           10           10            0            0            0 
     490    79.980076   -219.71706  0.041352945   -219.67571   -360.14652         1000           10           10           10            0            0            0 
     500    74.567624   -219.71141  0.038554488   -219.67285   -426.47166         1000           10           10           10            0            0            0 
     510    93.877576   -219.71866  0.048538517   -219.67012    -321.2183         1000           10           10           10            0            0            0 
     520    70.524868   -219.70218  0.036464219   -219.66571   -43.714521         1000           10           10           10            0            0            0 
     530     81.33344   -219.70304  0.042052689   -219.66098    268.39402         1000           10           10           10            0            0            0 
     540    123.83243   -219.72103  0.064026393     -219.657    446.54526         1000           10           10           10            0            0            0 
     550     94.25379   -219.69923  0.048733034    -219.6505    494.73123         1000           10           10           10            0            0            0 
     560    103.38332   -219.69933  0.053453373   -219.64588    350.85484         1000           10           10           10            0            0            0 
     570    101.45022   -219.69456  0.052453881   -219.64211    8.2177624         1000           10           10           10            0            0            0 
     580    167.53691   -219.72388  0.086623383   -219.63726   -404.40521         1000           10           10           10            0            0            0 
     590     91.77004   -219.67695  0.047448835    -219.6295   -435.97041         1000           10           10           10            0            0            0 
     600    122.15497   -219.68949  0.063159076   -219.62633   -464.82672         1000           10           10           10            0            0            0 
     610    171.85724   -219.71497  0.088857165   -219.62611   -272.18974         1000           10           10           10            0            0            0 
     620     161.4078   -219.70923  0.083454385   -219.62578    161.01178         1000           10           10           10            0            0            0 
     630    153.18381   -219.70572  0.079202245   -219.62651     545.5522         1000           10           10           10            0            0            0 
     640    130.09852   -219.69739  0.067266212   -219.63012    548.20204         1000           10           10           10            0            0            0 
     650    184.24748    -219.7357  0.095263424   -219.64044    244.81957         1000           10           10           10            0            0            0 
     660    122.56246   -219.71337  0.063369767      -219.65   -64.837627         1000           10           10           10            0            0            0 
     670     121.9756   -219.72452  0.063066336   -219.66145   -364.73812         1000           10           10           10            0            0            0 
     680     79.06111   -219.71317  0.040877802   -219.67229   -494.09995         1000           10           10           10            0            0            0 
     690    99.186456   -219.73514  0.051283423   -219.68386   -546.65824         1000           10           10           10            0            0            0 
     700    91.165374   -219.73828  0.047136198   -219.69114   -314.33482         1000           10           10           10            0            0            0 
     710    56.156313   -219.72422  0.029035093   -219.69518     2.183853         1000           10           10           10            0            0            0 
     720    85.052191   -219.74332  0.043975434   -219.69935    243.04785         1000           10           10           10            0            0            0 
     730     66.54435   -219.73362  0.034406129   -219.69922    376.69555         1000           10           10           10            0            0            0 
     740    72.390607   -219.73712  0.037428881   -219.69969    370.45531         1000           10           10           10            0            0            0 
     750    50.516741   -219.72464  0.026119205   -219.69852    279.38707         1000           10           10           10            0            0            0 
     760    75.544092   -219.73564  0.039059361   -219.69658   -6.4054936         1000           10           10           10            0            0            0 
     770    71.249188   -219.73022  0.036838722   -219.69338    -234.8086         1000           10           10           10            0            0            0 
     780     68.63416   -219.72335  0.035486646   -219.68787   -416.10809         1000           10           10           10            0            0            0 
     790    73.039821   -219.71929  0.037764551   -219.68152   -446.76478         1000           10           10           10            0            0            0 
     800    75.605381   -219.71363   0.03909105   -219.67454   -288.66059         1000           10           10           10            0            0            0 
     810    124.31403    -219.7327  0.064275399   -219.66843   -35.857087         1000           10           10           10            0            0            0 
     820    76.947303   -219.69715  0.039784878   -219.65736    320.97482         1000           10           10           10            0            0            0 
     830    116.93355   -219.71145  0.060459388   -219.65099    476.99046         1000           10           10           10            0            0            0 
     840    127.69226   -219.71202  0.066022079   -219.64599    441.66362         1000           10           10           10            0            0            0 
     850    130.77988   -219.70839  0.067618504   -219.64077     191.3997         1000           10           10           10            0            0            0 
     860     112.1462   -219.69757  0.057984138   -219.63959   -99.158461         1000           10           10           10            0            0            0 
     870    131.06733   -219.70596  0.067767129   -219.63819    -486.7115         1000           10           10           10            0            0            0 
     880    146.42541    -219.7142  0.075707877   -219.63849   -610.54466         1000           10           10           10            0            0            0 
     890    114.12866   -219.69917  0.059009148   -219.64016    -376.5028         1000           10           10           10            0            0            0 
     900    146.27233   -219.71926  0.075628729   -219.64364   -102.06108         1000           10           10           10            0            0            0 
     910    119.61628   -219.70835   0.06184647   -219.64651    281.40212         1000           10           10           10            0            0            0 
     920     142.3046   -219.72431  0.073577252   -219.65073    440.15588         1000           10           10           10            0            0            0 
     930    124.30421   -219.71804  0.064270321   -219.65377    458.70127         1000           10           10           10            0            0            0 
     940    117.03996   -219.71703  0.060514408   -219.65651    245.84159         1000           10           10           10            0            0            0 
     950    119.31145   -219.72254  0.061688863   -219.66085   -142.61819         1000           10           10           10            0            0            0 
     960    122.00056    -219.7263  0.063079242   -219.66322   -477.22452         1000           10           10           10            0            0            0 
     970    105.84589   -219.71975  0.054726618   -219.66503   -595.16184         1000           10           10           10            0            0            0 
     980    103.92537   -219.72326  0.053733633   -219.66953   -487.02293         1000           10           10           10            0            0            0 
     990    120.40806   -219.73509  0.062255851   -219.67283   -272.18957         1000           10           10           10            0            0            0 
    1000    89.137706   -219.72192  0.046087811   -219.67584    107.96263         1000           10           10           10            0            0            0 
    1010    108.86355   -219.73663  0.056286872   -219.68034    330.26865         1000           10           10           10            0            0            0 
    1020    91.868681   -219.72982  0.047499836   -219.68232    489.31682         1000           10           10           10            0            0            0 
    1030    90.539669   -219.73341  0.046812683    -219.6866    405.09064         1000           10           10           10            0            0            0 
    1040    87.922669   -219.73662  0.045459588   -219.69116    115.82564         1000           10           10           10            0            0            0 
    1050    79.565057   -219.73639  0.041138363   -219.69525   -168.75636         1000           10           10           10            0            0            0 
    1060    73.900607   -219.73743  0.038209613   -219.69922   -413.95067         1000           10           10           10            0            0            0 
    1070    60.909866   -219.73454  0.031492873   -219.70305   -468.10715         1000           10           10           10            0            0            0 
    1080    65.966952   -219.74069  0.034107591   -219.70658   -405.65105         1000           10           10           10            0            0            0 
    1090    49.656405   -219.73491  0.025674377   -219.70923   -197.36188         1000           10           10           10            0            0            0 
    1100    61.198209   -219.74317  0.031641958   -219.71153    22.572616         1000           10           10           10            0            0            0 
    1110    51.913616   -219.73861  0.026841446   -219.71177    279.01479         1000           10           10           10            0            0            0 
    1120    46.463391   -219.73481  0.024023458   -219.71079    412.26543         1000           10           10           10            0            0            0 
    1130    54.202157   -219.73759  0.028024715   -219.70956    379.46309         1000           10           10           10            0            0            0 
    1140    49.921768   -219.73221   0.02581158    -219.7064    251.54216         1000           10           10           10            0            0            0 
    1150    55.883823    -219.7301  0.028894204    -219.7012   -21.899508         1000           10           10           10            0            0            0 
    1160     55.88177    -219.7223  0.028893143   -219.69341   -235.58002         1000           10           10           10            0            0            0 
    1170    68.562285   -219.71804  0.035449484   -219.68259   -431.25379         1000           10           10           10            0            0            0 
    1180    63.329402   -219.70417  0.032743871   -219.67142   -444.41785         1000           10           10           10            0            0            0 
    1190      99.4394   -219.71409  0.051414205   -219.66268   -274.78062         1000           10           10           10            0            0            0 
    1200    89.767504   -219.70039  0.046413442   -219.65398    59.899431         1000           10           10           10            0            0            0 
    1210    99.629018   -219.69864  0.051512245   -219.64713    394.96182         1000           10           10           10            0            0            0 
    1220    130.72223   -219.71077  0.067588695   -219.64318    548.00492         1000           10           10           10            0            0            0 
    1230    79.600655    -219.6788  0.041156769   -219.63765     559.0677         1000           10           10           10            0            0            0 
    1240    113.38017   -219.69676  0.058622147   -219.63814    219.56098         1000           10           10           10            0            0            0 
    1250    121.98679   -219.70127  0.063072121    -219.6382   -102.86335         1000           10           10           10            0            0            0 
    1260    101.91013   -219.68745   0.05269167   -219.63476   -386.30922         1000           10           10           10            0            0            0 
    1270    101.04581   -219.68832  0.052244786   -219.63607   -438.47771         1000           10           10           10            0            0            0 
    1280    118.04415    -219.6998  0.061033617   -219.63877   -310.06391         1000           10           10           10            0            0            0 
    1290    113.87515   -219.70073  0.058878073   -219.64186   -57.597446         1000           10           10           10            0            0            0 
    1300    118.82011   -219.70847  0.061434818   -219.64703    307.10847         1000           10           10           10            0            0            0 
    1310    99.764622   -219.70163  0.051582358   -219.65004    469.73296         1000           10           10           10            0            0            0 
    1320    81.707469   -219.69826  0.042246077   -219.65602    434.73507         1000           10           10           10            0            0            0 
    1330    113.43485    -219.7235  0.058650419   -219.66485    185.42679         1000           10           10           10            0            0            0 
    1340    79.031456   -219.71188   0.04086247   -219.67102   -57.853188         1000           10           10           10            0            0            0 
    1350    65.022717   -219.71141  0.033619383   -219.67779   -238.41234         1000           10           10           10            0            0            0 
    1360    67.601331   -219.72017  0.034952632   -219.68521   -340.11763         1000           10           10           10            0            0            0 
    1370    68.191603   -219.72766  0.035257826    -219.6924   -307.38302         1000           10           10           10            0            0            0 
    1380    53.784368   -219.72564  0.027808701   -219.69783   -130.55227         1000           10           10           10            0            0            0 
    1390    47.702029   -219.72757  0.024663885   -219.70291      89.4317         1000           10           10           10            0            0            0 
    1400    55.274641   -219.73507  0.028579233   -219.70649    233.18246         1000           10           10           10            0            0            0 
    1410    48.526089   -219.73337  0.025089957   -219.70828    314.51131         1000           10           10           10            0            0            0 
    1420    51.103051   -219.73646  0.026422351   -219.71004    287.12015         1000           10           10           10            0            0            0 
    1430      38.2663   -219.72989   0.01978523    -219.7101    156.18408         1000           10           10           10            0            0            0 
    1440    53.351851   -219.73734  0.027585072   -219.70976   -37.830066         1000           10           10           10            0            0            0 
    1450    59.365034   -219.73779  0.030694132    -219.7071   -215.12522         1000           10           10           10            0            0            0 
    1460    47.943869   -219.72486  0.024788926   -219.70007   -301.55329         1000           10           10           10            0            0            0 
    1470    63.136852   -219.72133  0.032644315   -219.68869   -319.87371         1000           10           10           10            0            0            0 
    1480    89.539494   -219.72114  0.046295552   -219.67485   -240.99274         1000           10           10           10            0            0            0 
    1490    113.38561   -219.72021  0.058624961   -219.66158    4.9969858         1000           10           10           10            0            0            0 
    1500    96.796622   -219.69904  0.050047782   -219.64899    360.19342         1000           10           10           10            0            0            0 
    1510    132.25958   -219.71084  0.068383571   -219.64245    469.85708         1000           10           10           10            0            0            0 
    1520    130.82204    -219.7036  0.067640303   -219.63596    312.19485         1000           10           10           10            0            0            0 
    1530     156.4101   -219.71444   0.08087037   -219.63357     50.78131         1000           10           10           10            0            0            0 
    1540    130.31713   -219.69708  0.067379243    -219.6297    -245.8124         1000           10           10           10            0            0            0 
    1550    101.82998   -219.68068   0.05265023   -219.62803    -396.6818         1000           10           10           10            0            0            0 
    1560    164.42874   -219.71725  0.085016332   -219.63223   -509.57678         1000           10           10           10            0            0            0 
    1570    115.98805   -219.69429  0.059970526   -219.63432   -301.07709         1000           10           10           10            0            0            0 
    1580    96.805566   -219.68893  0.050052406   -219.63888    84.877641         1000           10           10           10            0            0            0 
    1590    114.80274   -219.70372  0.059357674   -219.64436    321.17889         1000           10           10           10            0            0            0 
    1600    137.14743   -219.72275  0.070910787   -219.65184    440.79357         1000           10           10           10            0            0            0 
    1610    90.864628    -219.7031    0.0469807   -219.65612    393.81139         1000           10           10           10            0            0            0 
    1620    80.152052   -219.70477  0.041441863   -219.66333     152.9246         1000           10           10           10            0            0            0 
    1630    105.78987   -219.72576  0.054697655   -219.67106   -152.96903         1000           10           10           10            0            0            0 
    1640    79.627575   -219.71724  0.041170688   -219.67607   -338.72377         1000           10           10           10            0            0            0 
    1650    84.466022   -219.72553  0.043672361   -219.68186   -383.53432         1000           10           10           10            0            0            0 
    1660    57.246664    -219.7153  0.029598849    -219.6857   -278.57431         1000           10           10           10            0            0            0 
    1670    81.408855   -219.73263  0.042091681   -219.69053   -155.67553         1000           10           10           10            0            0            0 
    1680      92.0384    -219.7414  0.047587588   -219.69381    62.443482         1000           10           10           10            0            0            0 
    1690    60.554313   -219.72569  0.031309037   -219.69438    315.06513         1000           10           10           10            0            0            0 
    1700    63.586548   -219.72765  0.032876826   -219.69477    351.93588         1000           10           10           10            0            0            0 
    1710    83.429412   -219.73894  0.043136391   -219.69581    213.94595         1000           10           10           10            0            0            0 
    1720    92.979526   -219.74238  0.048074188   -219.69431    15.998916         1000           10           10           10            0            0            0 
    1730    58.000138   -219.71899  0.029988425     -219.689   -139.01803         1000           10           10           10            0            0            0 
    1740    93.748089   -219.73126  0.048471566   -219.68279   -338.01424         1000           10           10           10            0            0            0 
    1750    111.30357   -219.72908  0.057548463   -219.67153   -473.83333         1000           10           10           10            0            0            0 
    1760    127.72168   -219.72326  0.066037291   -219.65723   -418.04709         1000           10           10           10            0            0            0 
    1770    142.99502   -219.71614  0.073934229   -219.64221   -110.60833         1000           10           10           10            0            0            0 
    1780    110.43379   -219.68285   0.05709875   -219.62576    250.35805         1000           10           10           10            0            0            0 
    1790    199.08063   -219.72068   0.10293276   -219.61775    347.97118         1000           10           10           10            0            0            0 
    1800    171.62098   -219.69877  0.088735012   -219.61003    338.01047         1000           10           10           10            0            0            0 
    1810    114.12386   -219.66382  0.059006668   -219.60481     196.9823         1000           10           10           10            0            0            0 
    1820     137.1249   -219.67806  0.070899139   -219.60717   -178.93561         1000           10           10           10            0            0            0 
    1830    182.85038   -219.70732  0.094541064   -219.61277   -504.58954         1000           10           10           10            0            0            0 
    1840    110.09778   -219.67502  0.056925017    -219.6181   -415.45051         1000           10           10           10            0            0            0 
    1850    88.960953   -219.67252  0.045996423   -219.62652   -242.76228         1000           10           10           10            0            0            0 
    1860    135.96028   -219.70816   0.07029698   -219.63786   -41.962669         1000           10           10           10            0            0            0 
    1870    103.05111   -219.69964  0.053281605   -219.64636    236.54756         1000           10           10           10            0            0            0 
    1880    100.74968    -219.7068  0.052091672   -219.65471    356.86465         1000           10           10           10            0            0            0 
    1890    59.469307   -219.69236  0.030748045   -219.66161    356.67884         1000           10           10           10            0            0            0 
    1900    83.153281   -219.71174  0.042993621   -219.66875     107.5301         1000           10           10           10            0            0            0 
    1910    92.267433   -219.72112  0.047706007   -219.67341   -157.48838         1000           10           10           10            0            0            0 
    1920    61.463144   -219.70696  0.031778939   -219.67518   -255.78804         1000           10           10           10            0            0            0 
    1930    47.582306   -219.70139  0.024601983   -219.67678   -300.97301         1000           10           10           10            0            0            0 
    1940     74.04272   -219.71722  0.038283091   -219.67894   -294.63619         1000           10           10           10            0            0            0 
    1950    92.520238   -219.72733  0.047836718   -219.67949   -128.11196         1000           10           10           10            0            0            0 
    1960    45.708867   -219.70035  0.023633339   -219.67672    177.00492         1000           10           10           10            0            0            0 
    1970    68.911944   -219.71085  0.035630271   -219.67522    324.90383         1000           10           10           10            0            0            0 
    1980    84.417936   -219.71809  0.043647499   -219.67445     348.1819         1000           10           10           10            0            0            0 
    1990    84.893776   -219.71598  0.043893527   -219.67208    251.93877         1000           10           10           10            0            0            0 
    2000     74.42421   -219.70732  0.038480337   -219.66884    73.272402         1000           10           10           10            0            0            0 
    2010     65.00508   -219.69949  0.033610264   -219.66588   -132.65951         1000           10           10           10            0            0            0 
    2020    100.85188   -219.71688  0.052144513   -219.66474   -403.18711         1000           10           10           10            0            0            0 
    2030    96.361905   -219.71317  0.049823015   -219.66335   -419.10094         1000           10           10           10            0            0            0 
    2040    67.580208   -219.69526   0.03494171   -219.66032   -223.40495         1000           10           10           10            0            0            0 
    2050    73.418265   -219.69697  0.037960223   -219.65901   -32.527897         1000           10           10           10            0            0            0 
    2060    127.85549   -219.72555  0.066106478   -219.65945    151.80461         1000           10           10           10            0            0            0 
    2070    86.761689   -219.70152  0.044859314   -219.65666    360.08304         1000           10           10           10            0            0            0 
    2080    64.343775   -219.68868  0.033268343   -219.65542    414.66888         1000           10           10           10            0            0            0 
    2090    108.69362    -219.7121  0.056199012    -219.6559    176.51164         1000           10           10           10            0            0            0 
    2100     102.0227   -219.70769  0.052749875   -219.65494   -94.893549         1000           10           10           10            0            0            0 
    2110     93.43953   -219.70203  0.048312029   -219.65372   -288.21182         1000           10           10           10            0            0            0 
    2120    70.690277    -219.6897  0.036549742   -219.65315   -328.74393         1000           10           10           10            0            0            0 
    2130    84.477748   -219.69691  0.043678424   -219.65323   -326.75336         1000           10           10           10            0            0            0 
    2140    123.86931   -219.71897  0.064045462   -219.65492   -209.56737         1000           10           10           10            0            0            0 
    2150    93.407813   -219.70179   0.04829563    -219.6535    112.24418         1000           10           10           10            0            0            0 
    2160    59.738828    -219.6814  0.030887398   -219.65051    315.23341         1000           10           10           10            0            0            0 
    2170    112.16489   -219.71236  0.057993798   -219.65437    305.41812         1000           10           10           10            0            0            0 
    2180     112.1304   -219.71147  0.057975966   -219.65349    141.01395         1000           10           10           10            0            0            0 
    2190    62.694606   -219.68429  0.032415655   -219.65187    14.429543         1000           10           10           10            0            0            0 
    2200     79.83429   -219.69435  0.041277568   -219.65307   -193.74565         1000           10           10           10            0            0            0 
    2210    92.733566   -219.70173  0.047947017   -219.65378   -377.05414         1000           10           10           10            0            0            0 
    2220    86.577096   -219.70023  0.044763872   -219.65547   -317.34091         1000           10           10           10            0            0            0 
    2230    80.779042   -219.69841  0.041766043   -219.65664   -104.83079         1000           10           10           10            0            0            0 
    2240    60.513798   -219.68857  0.031288089   -219.65728     133.4381         1000           10           10           10            0            0            0 
    2250    94.986889   -219.70876  0.049112076   -219.65965    257.24434         1000           10           10           10            0            0            0 
    2260    92.074305   -219.70959  0.047606152   -219.66198    348.22585         1000           10           10           10            0            0            0 
    2270    46.538355   -219.68592  0.024062218   -219.66186    301.72744         1000           10           10           10            0            0            0 
    2280    70.892743    -219.7016  0.036654425   -219.66494    82.652976         1000           10           10           10            0            0            0 
    2290    94.941141   -219.71646  0.049088423   -219.66737   -203.20634         1000           10           10           10            0            0            0 
    2300     67.89122   -219.70147  0.035102516   -219.66637   -329.41879         1000           10           10           10            0            0            0 
    2310    43.897629   -219.68914  0.022696855   -219.66644   -300.93621         1000           10           10           10            0            0            0 
    2320    77.179435   -219.70782    0.0399049   -219.66791   -253.34216         1000           10           10           10            0            0            0 
    2330    84.262911   -219.71101  0.043567344   -219.66745   -46.530937         1000           10           10           10            0            0            0 
    2340    76.307367   -219.70501  0.039454005   -219.66556     248.6313         1000           10           10           10            0            0            0 
    2350    54.594427    -219.6901  0.028227534   -219.66187    450.35478         1000           10           10           10            0            0            0 
    2360    66.783778   -219.69382  0.034529923   -219.65929     406.2344         1000           10           10           10            0            0            0 
    2370    119.49888   -219.71962  0.061785771   -219.65783    223.04768         1000           10           10           10            0            0            0 
    2380    70.402362   -219.68753  0.036400878   -219.65113    36.973279         1000           10           10           10            0            0            0 
    2390    67.865618   -219.67951  0.035089279   -219.64442   -181.67821         1000           10           10           10            0            0            0 
    2400    113.64553   -219.69762   0.05875935   -219.63886   -435.06232         1000           10           10           10            0            0            0 
    2410    122.16337   -219.69497   0.06316342   -219.63181   -443.84135         1000           10           10           10            0            0            0 
    2420    97.933371   -219.67398  0.050635527   -219.62334   -87.911227         1000           10           10           10            0            0            0 
    2430    118.90517   -219.67742  0.061478799   -219.61594    216.91054         1000           10           10           10            0            0            0 
    2440    141.18371   -219.68254  0.072997709   -219.60954    428.97057         1000           10           10           10            0            0            0 
    2450    137.49401   -219.67668  0.071089985   -219.60559     496.1737         1000           10           10           10            0            0            0 
    2460    128.55836   -219.66991  0.066469889   -219.60344    358.09193         1000           10           10           10            0            0            0 
    2470    90.240802   -219.65234  0.046658157   -219.60568    112.26677         1000           10           10           10            0            0            0 
    2480    157.84295   -219.69787  0.081611209   -219.61626    -272.6632         1000           10           10           10            0            0            0 
    2490    113.96709   -219.68341   0.05892561   -219.62448   -433.90449         1000           10           10           10            0            0            0 
    2500    67.165345   -219.67403  0.034727209    -219.6393   -230.01885         1000           10           10           10            0            0            0 
    2510    81.142501   -219.69789  0.041953966   -219.65594   -47.362915         1000           10           10           10            0            0            0 
    2520    102.13675   -219.72283  0.052808846   -219.67002    149.45287         1000           10           10           10            0            0            0 
    2530    75.201981   -219.71759  0.038882476   -219.67871    374.87052         1000           10           10           10            0            0            0 
    2540    42.865347   -219.70593  0.022163124   -219.68377    421.11045         1000           10           10           10            0            0            0 
    2550    76.404342   -219.72889  0.039504145   -219.68938    253.41952         1000           10           10           10            0            0            0 
    2560    71.563445   -219.72871  0.037001205   -219.69171    50.207271         1000           10           10           10            0            0            0 
    2570    69.123158    -219.7284  0.035739478   -219.69266   -135.51976         1000           10           10           10            0            0            0 
    2580    44.314296   -219.71428  0.022912289   -219.69137   -274.05601         1000           10           10           10            0            0            0 
    2590    65.390361   -219.72517   0.03380947   -219.69136   -366.38167         1000           10           10           10            0            0            0 
    2600    90.622592   -219.73729  0.046855558   -219.69043   -347.90853         1000           10           10           10            0            0            0 
    2610    62.599629   -219.71912  0.032366548   -219.68675   -63.837507         1000           10           10           10            0            0            0 
    2620    71.604153    -219.7201  0.037022253   -219.68308    210.57329         1000           10           10           10            0            0            0 
    2630    94.149644   -219.72693  0.048679187   -219.67825    338.80897         1000           10           10           10            0            0            0 
    2640    119.30437    -219.7348  0.061685198   -219.67312    384.18282         1000           10           10           10            0            0            0 
    2650    76.181989   -219.70446   0.03938918   -219.66507    323.42029         1000           10           10           10            0            0            0 
    2660    115.67107   -219.71875  0.059806636   -219.65895    66.532121         1000           10           10           10            0            0            0 
    2670    129.09634   -219.71913  0.066748045   -219.65238   -284.82483         1000           10           10           10            0            0            0 
    2680    127.15509   -219.71253  0.065744343   -219.64679   -498.07812         1000           10           10           10            0            0            0 
    2690    134.86306   -219.71107  0.069729672   -219.64134   -565.23735         1000           10           10           10            0            0            0 
    2700    102.57918   -219.69121  0.053037599   -219.63817    -328.7999         1000           10           10           10            0            0            0 
    2710    174.32871    -219.7309  0.090135015   -219.64077    -66.10893         1000           10           10           10            0            0            0 
    2720    140.48537   -219.71145   0.07263664   -219.63881    285.41043         1000           10           10           10            0            0            0 
    2730    116.55261   -219.69991  0.060262428   -219.63965    517.83667         1000           10           10           10            0            0            0 
    2740    124.84503   -219.70696  0.064549948   -219.64241    352.67999         1000           10           10           10            0            0            0 
    2750    164.78243   -219.73094  0.085199201   -219.64574    112.37022         1000           10           10           10            0            0            0 
    2760    120.03513   -219.70844  0.062063036   -219.64638   -140.92525         1000           10           10           10            0            0            0 
    2770    106.19832   -219.70324  0.054908841   -219.64833   -394.83752         1000           10           10           10            0            0            0 
    2780    156.29377   -219.73289  0.080810219   -219.65208   -569.50214         1000           10           10           10            0            0            0 
    2790    109.71141   -219.71043  0.056725249   -219.65371   -473.13516         1000           10           10           10            0            0            0 
    2800    136.10629    -219.7283  0.070372474   -219.65793   -161.49177         1000           10           10           10            0            0            0 
    2810    111.21758   -219.71723  0.057504003   -219.65972    152.04482         1000           10           10           10            0            0            0 
    2820    117.05128   -219.72272  0.060520261    -219.6622    333.49825         1000           10           10           10            0            0            0 
    2830    113.89263   -219.72387  0.058887113   -219.66498    335.10117         1000           10           10           10            0            0            0 
    2840    107.48603   -219.72297  0.055574637   -219.66739    211.58066         1000           10           10           10            0            0            0 
    2850    96.118864   -219.71855  0.049697353   -219.66885   -6.0215223         1000           10           10           10            0            0            0 
    2860    108.01908   -219.72763  0.055850247   -219.67178   -270.16001         1000           10           10           10            0            0            0 
    2870     114.3277   -219.73253  0.059112058   -219.67341   -433.86067         1000           10           10           10            0            0            0 
    2880     74.19273   -219.71276  0.038360652    -219.6744   -431.07986         1000           10           10           10            0            0            0 
    2890    118.93184   -219.74032  0.061492587   -219.67883   -286.98915         1000           10           10           10            0            0            0 
    2900    83.447592   -219.72305  0.043145791   -219.67991   -33.014936         1000           10           10           10            0            0            0 
    2910    87.887648   -219.72815   0.04544148   -219.68271    202.30532         1000           10           10           10            0            0            0 
    2920    85.185762   -219.72904  0.044044496     -219.685    306.81872         1000           10           10           10            0            0            0 
    2930    80.255436   -219.72954  0.041495317   -219.68804    267.98781         1000           10           10           10            0            0            0 
    2940    78.524333   -219.73106  0.040600267   -219.69046    161.43531         1000           10           10           10            0            0            0 
    2950    67.520088   -219.72701  0.034910626   -219.69209   -36.655523         1000           10           10           10            0            0            0 
    2960    86.192124   -219.73869  0.044564826   -219.69413    -234.0826         1000           10           10           10            0            0            0 
    2970    55.853414   -219.72191  0.028878482   -219.69303   -332.49632         1000           10           10           10            0            0            0 
    2980     81.44935   -219.73558  0.042112619   -219.69346   -331.61557         1000           10           10           10            0            0            0 
    2990    62.095152   -219.72376  0.032105713   -219.69166   -167.04333         1000           10           10           10            0            0            0 
    3000    76.175837   -219.72834  0.039385999   -219.68895    19.449716         1000           10           10           10            0            0            0 
    3010    84.192555   -219.72796  0.043530967   -219.68442     221.2811         1000           10           10           10            0            0            0 
    3020    75.151339   -219.71658  0.038856292   -219.67772    349.82387         1000           10           10           10            0            0            0 
    3030    99.500908   -219.72134  0.051446007    -219.6699    319.73008         1000           10           10           10            0            0            0 
    3040    98.855918   -219.71159  0.051112521   -219.66047    182.44227         1000           10           10           10            0            0            0 
    3050    128.99483   -219.71897  0.066695562   -219.65228   -42.614341         1000           10           10           10            0            0            0 
    3060    83.045484   -219.68108  0.042937885   -219.63814   -269.77455         1000           10           10           10            0            0            0 
    3070    165.18065   -219.71764  0.085405101   -219.63224   -414.20975         1000           10           10           10            0            0            0 
    3080    111.74225   -219.68153  0.057775276   -219.62376   -241.36192         1000           10           10           10            0            0            0 
    3090     124.4614   -219.68338  0.064351596   -219.61903    25.888195         1000           10           10           10            0            0            0 
    3100    165.83587   -219.70547  0.085743876   -219.61972    315.72208         1000           10           10           10            0            0            0 
    3110    124.59991   -219.68182  0.064423212    -219.6174    464.85183         1000           10           10           10            0            0            0 
    3120    167.00063    -219.7085  0.086346103   -219.62216    401.37316         1000           10           10           10            0            0            0 
    3130    107.86992    -219.6828  0.055773126   -219.62703    255.14474         1000           10           10           10            0            0            0 
    3140    127.08023   -219.70156  0.065705636   -219.63586   -89.037081         1000           10           10           10            0            0            0 
    3150    97.451749   -219.69329  0.050386509    -219.6429   -301.49887         1000           10           10           10            0            0            0 
    3160    118.47508   -219.71449  0.061256424   -219.65324   -352.79246         1000           10           10           10            0            0            0 
    3170    69.784957   -219.69769  0.036081654   -219.66161   -174.93864         1000           10           10           10            0            0            0 
    3180    70.166122   -219.70767  0.036278732   -219.67139     59.91851         1000           10           10           10            0            0            0 
    3190    85.122151   -219.72371  0.044011606    -219.6797    222.09465         1000           10           10           10            0            0            0 
    3200    53.425796   -219.71208  0.027623304   -219.68446    387.56887         1000           10           10           10            0            0            0 
    3210    67.648565   -219.72362  0.034977053   -219.68864    382.55806         1000           10           10           10            0            0            0 
    3220    42.531774   -219.71287  0.021990653   -219.69088     276.5706         1000           10           10           10            0            0            0 
    3230    74.043801   -219.73161   0.03828365   -219.69333    32.939181         1000           10           10           10            0            0            0 
    3240    53.296221   -219.71951  0.027556309   -219.69196   -172.67987         1000           10           10           10            0            0            0 
    3250    57.264041   -219.72033  0.029607833   -219.69072   -304.92005         1000           10           10           10            0            0            0 
    3260    56.055943   -219.71793  0.028983197   -219.68895   -335.74503         1000           10           10           10            0            0            0 
    3270    52.694248   -219.71426  0.027245065   -219.68701   -216.01973         1000           10           10           10            0            0            0 
    3280    75.134923   -219.72498  0.038847804   -219.68613   -36.124396         1000           10           10           10            0            0            0 
    3290    41.826249   -219.70392  0.021625868   -219.68229    240.41274         1000           10           10           10            0            0            0 
    3300    77.510867   -219.71961  0.040076263   -219.67954    378.36064         1000           10           10           10            0            0            0 
    3310    60.413699   -219.70646  0.031236334   -219.67523    442.10529         1000           10           10           10            0            0            0 
    3320    85.124225   -219.71586  0.044012678   -219.67184    321.05403         1000           10           10           10            0            0            0 
    3330    76.244704   -219.70637  0.039421606   -219.66695    62.504227         1000           10           10           10            0            0            0 
    3340    81.433751   -219.70316  0.042104554   -219.66105   -226.45083         1000           10           10           10            0            0            0 
    3350    103.19022    -219.7085   0.05335353   -219.65515   -466.15753         1000           10           10           10            0            0            0 
    3360    74.742008   -219.68627  0.038644651   -219.64763   -469.35367         1000           10           10           10            0            0            0 
    3370    116.23809   -219.70267  0.060099811   -219.64257   -356.22621         1000           10           10           10            0            0            0 
    3380    85.056557   -219.68086  0.043977692   -219.63688   -28.480033         1000           10           10           10            0            0            0 
    3390    127.53514   -219.69738  0.065940845   -219.63144    209.44756         1000           10           10           10            0            0            0 
    3400    101.75049   -219.67749  0.052609132   -219.62488    446.64026         1000           10           10           10            0            0            0 
    3410    129.45144   -219.69052  0.066931647   -219.62358    413.90629         1000           10           10           10            0            0            0 
    3420     116.1428   -219.68177  0.060050542   -219.62172    124.92396         1000           10           10           10            0            0            0 
    3430    107.54044    -219.6772  0.055602771    -219.6216   -211.63319         1000           10           10           10            0            0            0 
    3440     151.8155   -219.70399  0.078494773    -219.6255   -484.97728         1000           10           10           10            0            0            0 
    3450    71.992831   -219.66482  0.037223215    -219.6276   -540.71736         1000           10           10           10            0            0            0 
    3460     125.8564   -219.70531  0.065072865   -219.64024   -450.70117         1000           10           10           10            0            0            0 
    3470    92.398448   -219.70192  0.047773747   -219.65414   -162.43455         1000           10           10           10            0            0            0 
    3480    86.240612   -219.71213  0.044589896   -219.66754    99.863216         1000           10           10           10            0            0            0 
    3490    62.345242   -219.71178   0.03223502   -219.67955     324.9493         1000           10           10           10            0            0            0 
    3500    66.380618   -219.72378  0.034321473   -219.68946    286.59877         1000           10           10           10            0            0            0 
    3510    69.406973   -219.73118  0.035886222    -219.6953     183.6248         1000           10           10           10            0            0            0 
    3520    43.938647   -219.72095  0.022718063   -219.69823     36.02072         1000           10           10           10            0            0            0 
    3530    63.072536   -219.73267  0.032611061   -219.70006   -175.21208         1000           10           10           10            0            0            0 
    3540    42.532032   -219.72135  0.021990786   -219.69936   -294.46701         1000           10           10           10            0            0            0 
    3550    67.353426   -219.73397  0.034824455   -219.69915   -365.84428         1000           10           10           10            0            0            0 
    3560    43.005911   -219.71918  0.022235801   -219.69695   -238.88992         1000           10           10           10            0            0            0 
    3570    57.669575    -219.7243  0.029817511   -219.69448   -78.410633         1000           10           10           10            0            0            0 
    3580    73.003335   -219.72844  0.037745687    -219.6907    129.91189         1000           10           10           10            0            0            0 
    3590     68.72596   -219.72018   0.03553411   -219.68464    284.86757         1000           10           10           10            0            0            0 
    3600    76.997047   -219.71777  0.039810598   -219.67795    380.55166         1000           10           10           10            0            0            0 
    3610    64.152508   -219.70338   0.03316945   -219.67021    277.77527         1000           10           10           10            0            0            0 
    3620    127.76795   -219.73182  0.066061215   -219.66576     6.378191         1000           10           10           10            0            0            0 
    3630    67.636172   -219.69045  0.034970646   -219.65548   -146.40382         1000           10           10           10            0            0            0 
    3640    108.11286   -219.70604  0.055898734   -219.65014   -397.00315         1000           10           10           10            0            0            0 
    3650    107.51341   -219.70216  0.055588794   -219.64658   -366.65703         1000           10           10           10            0            0            0 
    3660    119.21453   -219.70644  0.061638752    -219.6448   -214.82045         1000           10           10           10            0            0            0 
    3670    140.67793    -219.7173  0.072736197   -219.64456     89.74218         1000           10           10           10            0            0            0 
    3680     94.42614   -219.69089  0.048822146   -219.64206    391.81128         1000           10           10           10            0            0            0 
    3690     134.1962   -219.71302  0.069384882   -219.64363     467.4135         1000           10           10           10            0            0            0 
    3700    126.01484   -219.71077  0.065154785   -219.64562    369.32807         1000           10           10           10            0            0            0 
    3710    144.74234   -219.72387  0.074837663   -219.64903    172.42719         1000           10           10           10            0            0            0 
    3720    84.068456   -219.69129  0.043466803   -219.64783   -65.834881         1000           10           10           10            0            0            0 
    3730    151.49828   -219.73043   0.07833076    -219.6521   -425.71201         1000           10           10           10            0            0            0 
    3740    117.40902   -219.71429  0.060705227   -219.65359   -423.72355         1000           10           10           10            0            0            0 
    3750    107.00674   -219.71193  0.055326829    -219.6566   -264.38817         1000           10           10           10            0            0            0 
    3760    130.85722   -219.72859   0.06765849   -219.66093    -54.65261         1000           10           10           10            0            0            0 
    3770    100.57809   -219.71533  0.052002952   -219.66333    152.05783         1000           10           10           10            0            0            0 
    3780    137.38666   -219.73898  0.071034477   -219.66795    253.38396         1000           10           10           10            0            0            0 
    3790    90.604936   -219.71681  0.046846429   -219.66996    305.13838         1000           10           10           10            0            0            0 
    3800    120.79829   -219.73818   0.06245762   -219.67572    167.89989         1000           10           10           10            0            0            0 
    3810    91.279133   -219.72555  0.047195016   -219.67835   -40.110768         1000           10           10           10            0            0            0 
    3820    104.82166    -219.7382  0.054197053     -219.684   -264.18422         1000           10           10           10            0            0            0 
    3830    74.978357   -219.72824  0.038766853   -219.68947   -299.42464         1000           10           10           10            0            0            0 
    3840    65.001521   -219.73017  0.033608424   -219.69656    -250.5178         1000           10           10           10            0            0            0 
    3850    81.106185    -219.7466  0.041935189   -219.70466   -140.50092         1000           10           10           10            0            0            0 
    3860    44.096225   -219.73217  0.022799537   -219.70937     16.77132         1000           10           10           10            0            0            0 
    3870    61.195101   -219.74561  0.031640351   -219.71397    107.79706         1000           10           10           10            0            0            0 
    3880    40.975697   -219.73738  0.021186098    -219.7162    191.43418         1000           10           10           10            0            0            0 
    3890    51.579884   -219.74434  0.026668893   -219.71767    173.39741         1000           10           10           10            0            0            0 
    3900    36.375431   -219.73611  0.018807574    -219.7173    127.03114         1000           10           10           10            0            0            0 
    3910    40.821231   -219.73763  0.021106233   -219.71652    -4.393974         1000           10           10           10            0            0            0 
    3920    44.970355   -219.73749  0.023251498   -219.71423   -125.55237         1000           10           10           10            0            0            0 
    3930    33.764269   -219.72714  0.017457497   -219.70968   -172.93385         1000           10           10           10            0            0            0 
    3940    51.146285   -219.73107  0.026444705   -219.70462   -177.35013         1000           10           10           10            0            0            0 
    3950    31.000527   -219.71206  0.016028531   -219.69603   -79.192637         1000           10           10           10            0            0            0 
    3960    78.620185    -219.7292  0.040649826   -219.68855    16.503825         1000           10           10           10            0            0            0 
    3970    47.321325   -219.70314  0.024467045   -219.67868     209.2946         1000           10           10           10            0            0            0 
    3980     62.86316   -219.70353  0.032502804   -219.67102    307.25391         1000           10           10           10            0            0            0 
    3990     81.10171   -219.70857  0.041932875   -219.66664     324.1031         1000           10           10           10            0            0            0 
    4000    71.430389   -219.69899   0.03693241   -219.66206    166.69571         1000           10           10           10            0            0            0 
    4010    95.512466   -219.70958  0.049383821    -219.6602   -15.965636         1000           10           10           10            0            0            0 
    4020    58.793177   -219.68567  0.030398458   -219.65527   -170.89819         1000           10           10           10            0            0            0 
    4030    103.55239   -219.70709   0.05354079   -219.65355   -317.09908         1000           10           10           10            0            0            0 
    4040    68.608679   -219.68599  0.035473471   -219.65052   -167.47986         1000           10           10           10            0            0            0 
    4050    110.28612   -219.70588  0.057022397   -219.64886   -50.050753         1000           10           10           10            0            0            0 
    4060    91.839543   -219.69409   0.04748477    -219.6466    227.23643         1000           10           10           10            0            0            0 
    4070    97.922757   -219.69412  0.050630039   -219.64349    366.11465         1000           10           10           10            0            0            0 
    4080    124.57322   -219.70692  0.064409408   -219.64251    377.54249         1000           10           10           10            0            0            0 
    4090    90.785479   -219.68812  0.046939777   -219.64118    285.53756         1000           10           10           10            0            0            0 
    4100    133.75419   -219.71143  0.069156346   -219.64228   -17.751168         1000           10           10           10            0            0            0 
    4110     94.49645   -219.68926  0.048858499    -219.6404   -234.08809         1000           10           10           10            0            0            0 
    4120    134.46419   -219.71096  0.069523443   -219.64144   -420.99378         1000           10           10           10            0            0            0 
    4130    91.188547   -219.68926  0.047148179   -219.64211   -277.99233         1000           10           10           10            0            0            0 
    4140    131.73142   -219.71607  0.068110488   -219.64796   -113.86599         1000           10           10           10            0            0            0 
    4150    121.26292    -219.7146   0.06269785   -219.65191     180.5451         1000           10           10           10            0            0            0 
    4160    89.452855   -219.70248  0.046250756   -219.65622    345.32604         1000           10           10           10            0            0            0 
    4170    130.87341   -219.73301  0.067666865   -219.66534      339.025         1000           10           10           10            0            0            0 
    4180    70.278408   -219.70765  0.036336789   -219.67132    274.04873         1000           10           10           10            0            0            0 
    4190    98.173814   -219.73127  0.050759846   -219.68051     15.39695         1000           10           10           10            0            0            0 
    4200    72.253787   -219.72337   0.03735814   -219.68601   -192.01746         1000           10           10           10            0            0            0 
    4210    78.007309   -219.73136  0.040332944   -219.69102   -371.15516         1000           10           10           10            0            0            0 
    4220     58.48878   -219.72516  0.030241073   -219.69492   -326.09475         1000           10           10           10            0            0            0 
    4230    62.567478   -219.73112  0.032349925   -219.69877   -209.81344         1000           10           10           10            0            0            0 
    4240    66.112354   -219.73489   0.03418277   -219.70071   -38.278978         1000           10           10           10            0            0            0 
    4250    50.616622    -219.7274  0.026170848   -219.70123    165.08341         1000           10           10           10            0            0            0 
    4260    69.713068   -219.73765  0.036044485    -219.7016    287.30158         1000           10           10           10            0            0            0 
    4270    37.056891   -219.71805  0.019159917   -219.69889    359.14118         1000           10           10           10            0            0            0 
    4280    77.305462   -219.73782  0.039970061   -219.69785    248.44144         1000           10           10           10            0            0            0 
    4290    59.663255   -219.72271  0.030848324   -219.69186    82.425279         1000           10           10           10            0            0            0 
    4300    64.618907   -219.71601  0.033410597    -219.6826   -151.15352         1000           10           10           10            0            0            0 
    4310    77.853962   -219.71004  0.040253658   -219.66979   -331.63873         1000           10           10           10            0            0            0 
    4320    96.238799   -219.70444  0.049759364   -219.65468   -403.35527         1000           10           10           10            0            0            0 
    4330    118.98392   -219.70297  0.061519514   -219.64145   -258.70599         1000           10           10           10            0            0            0 
    4340    95.243588   -219.67876    0.0492448   -219.62952    46.058584         1000           10           10           10            0            0            0 
    4350    176.57056   -219.71782  0.091294147   -219.62653    288.81709         1000           10           10           10            0            0            0 
    4360    100.59129   -219.67276  0.052009779   -219.62075    510.55292         1000           10           10           10            0            0            0 
    4370     177.5511   -219.71761  0.091801126   -219.62581    440.42018         1000           10           10           10            0            0            0 
    4380    137.79559   -219.69679   0.07124591   -219.62554    158.40693         1000           10           10           10            0            0            0 
    4390    123.50127   -219.69236   0.06385517    -219.6285   -192.10799         1000           10           10           10            0            0            0 
    4400    138.59896   -219.70501  0.071661288   -219.63335   -452.12895         1000           10           10           10            0            0            0 
    4410    117.53421   -219.69888  0.060769959   -219.63811   -510.79371         1000           10           10           10            0            0            0 
    4420     134.4631   -219.71583  0.069522881   -219.64631   -329.95896         1000           10           10           10            0            0            0 
    4430    105.20451   -219.70735  0.054394999   -219.65296    -80.47427         1000           10           10           10            0            0            0 
    4440    136.45534   -219.73158  0.070552949   -219.66103    157.36333         1000           10           10           10            0            0            0 
    4450    88.045405   -219.71255  0.045523048   -219.66703    352.17846         1000           10           10           10            0            0            0 
    4460    115.28694   -219.73367  0.059608026   -219.67406    294.12291         1000           10           10           10            0            0            0 
    4470    86.606035   -219.72255  0.044778835   -219.67778      148.278         1000           10           10           10            0            0            0 
    4480    89.966412   -219.72969  0.046516286   -219.68318   -96.313709         1000           10           10           10            0            0            0 
    4490    90.393351   -219.73243  0.046737031   -219.68569   -315.57766         1000           10           10           10            0            0            0 
    4500    71.509058   -219.72473  0.036973085   -219.68775   -379.52664         1000           10           10           10            0            0            0 
    4510    89.654967   -219.73749  0.046355256   -219.69114   -334.70622         1000           10           10           10            0            0            0 
    4520    67.074047    -219.7262  0.034680004   -219.69152   -164.29181         1000           10           10           10            0            0            0 
    4530    98.309842   -219.74465  0.050830178   -219.69382    37.738673         1000           10           10           10            0            0            0 
    4540    70.921061   -219.72966  0.036669067   -219.69299    255.17954         1000           10           10           10            0            0            0 
    4550    86.599926   -219.73597  0.044775676   -219.69119    306.62901         1000           10           10           10            0            0            0 
    4560    88.238033    -219.7333  0.045622644   -219.68767     271.3984         1000           10           10           10            0            0            0 
    4570    100.31888   -219.73293  0.051868934   -219.68106    71.033141         1000           10           10           10            0            0            0 
    4580    118.50607   -219.73141  0.061272445   -219.67013   -193.99175         1000           10           10           10            0            0            0 
    4590    103.39694   -219.70934  0.053460415   -219.65588   -388.55987         1000           10           10           10            0            0            0 
    4600    154.08685   -219.72309  0.079669156   -219.64342   -589.49696         1000           10           10           10            0            0            0 
    4610    144.93463   -219.70667  0.074937086   -219.63173    -391.3065         1000           10           10           10            0            0            0 
    4620    180.36741   -219.71874  0.093257272   -219.62548   -57.506353         1000           10           10           10            0            0            0 
    4630    146.77588    -219.6929  0.075889089   -219.61701      338.682         1000           10           10           10            0            0            0 
    4640    201.96804   -219.71808   0.10442567   -219.61365    489.59506         1000           10           10           10            0            0            0 
    4650    166.06639   -219.69799   0.08586306   -219.61213    409.01192         1000           10           10           10            0            0            0 
    4660    149.10123   -219.69126  0.077091386   -219.61416     156.8692         1000           10           10           10            0            0            0 
    4670    155.52397   -219.70005  0.080412205   -219.61963   -253.75947         1000           10           10           10            0            0            0 
    4680     126.8884   -219.69291  0.065606454    -219.6273   -546.21219         1000           10           10           10            0            0            0 
    4690    145.09206   -219.71307  0.075018484   -219.63805   -630.47266         1000           10           10           10            0            0            0 
    4700    71.222801   -219.68389  0.036825078   -219.64706   -265.09902         1000           10           10           10            0            0            0 
    4710    111.06915   -219.71639  0.057427257   -219.65896   -14.580416         1000           10           10           10            0            0            0 
    4720    93.976533   -219.71398  0.048589681   -219.66539    293.57209         1000           10           10           10            0            0            0 
    4730    79.071507    -219.7112  0.040883178   -219.67032    467.15444         1000           10           10           10            0            0            0 
    4740    64.832359   -219.70847   0.03352096   -219.67495    427.81111         1000           10           10           10            0            0            0 
    4750    69.862132   -219.71494  0.036121557   -219.67882    238.61614         1000           10           10           10            0            0            0 
    4760    83.688615   -219.72451   0.04327041   -219.68124   -78.963548         1000           10           10           10            0            0            0 
    4770    55.229354   -219.70981  0.028555817   -219.68125   -290.49347         1000           10           10           10            0            0            0 
    4780    71.755018   -219.71856  0.037100256   -219.68146   -450.10119         1000           10           10           10            0            0            0 
    4790    57.070117   -219.71037  0.029507566   -219.68087   -373.26158         1000           10           10           10            0            0            0 
    4800    97.764605   -219.73187  0.050548268   -219.68132   -231.75431         1000           10           10           10            0            0            0 
    4810    70.431578   -219.71454  0.036415984   -219.67812     117.8181         1000           10           10           10            0            0            0 
    4820    71.803926   -219.71106  0.037125544   -219.67393    366.87881         1000           10           10           10            0            0            0 
    4830    102.92897   -219.72484  0.053218453   -219.67163    414.33912         1000           10           10           10            0            0            0 
    4840    83.157501   -219.70961  0.042995803   -219.66661    409.11706         1000           10           10           10            0            0            0 
    4850    95.062415   -219.71204  0.049151126   -219.66289     137.3757         1000           10           10           10            0            0            0 
    4860    79.761016   -219.69985  0.041239682   -219.65861   -183.76948         1000           10           10           10            0            0            0 
    4870    116.80694   -219.71584  0.060393928   -219.65545   -528.45522         1000           10           10           10            0            0            0 
    4880    83.482499   -219.69514   0.04316384   -219.65198   -534.45688         1000           10           10           10            0            0            0 
    4890     116.5705   -219.71162  0.060271678   -219.65135   -389.48603         1000           10           10           10            0            0            0 
    4900    102.23157   -219.70276  0.052857869    -219.6499   -3.3037526         1000           10           10           10            0            0            0 
    4910    106.37381   -219.70288  0.054999574   -219.64788    308.71946         1000           10           10           10            0            0            0 
    4920    131.37016   -219.71637  0.067923702   -219.64844    488.34127         1000           10           10           10            0            0            0 
    4930    75.309106   -219.68504  0.038937864    -219.6461    581.40852         1000           10           10           10            0            0            0 
    4940    115.64779    -219.7079  0.059794603   -219.64811     230.1367         1000           10           10           10            0            0            0 
    4950    106.24926   -219.70482  0.054935177   -219.64989   -129.95606         1000           10           10           10            0            0            0 
    4960    100.93909   -219.70115  0.052189606   -219.64896   -518.54159         1000           10           10           10            0            0            0 
    4970    77.711139    -219.6898  0.040179812   -219.64962   -610.63844         1000           10           10           10            0            0            0 
    4980    113.85132   -219.71222  0.058865754   -219.65336   -524.39333         1000           10           10           10            0            0            0 
    4990    90.847989   -219.70062  0.046972097   -219.65364    -191.4087         1000           10           10           10            0            0            0 
    5000    94.676819    -219.7045  0.048951757   -219.65555    223.09114         1000           10           10           10            0            0            0 
Loop time of 74.6988 on 1 procs for 5000 steps with 5 atoms

Performance: 11.566 ns/day, 2.075 hours/ns, 66.935 timesteps/s
150.3% CPU use with 1 MPI tasks x no OpenMP threads

MPI task timing breakdown:
Section |  min time  |  avg time  |  max time  |%varavg| %total
---------------------------------------------------------------
Pair    | 74.46      | 74.46      | 74.46      |   0.0 | 99.68
Neigh   | 0.0014279  | 0.0014279  | 0.0014279  |   0.0 |  0.00
Comm    | 0.012571   | 0.012571   | 0.012571   |   0.0 |  0.02
Output  | 0.2009     | 0.2009     | 0.2009     |   0.0 |  0.27
Modify  | 0.018272   | 0.018272   | 0.018272   |   0.0 |  0.02
Other   |            | 0.005802   |            |       |  0.01

Nlocal:    5 ave 5 max 5 min
Histogram: 1 0 0 0 0 0 0 0 0 0
Nghost:    106 ave 106 max 106 min
Histogram: 1 0 0 0 0 0 0 0 0 0
Neighs:    0 ave 0 max 0 min
Histogram: 1 0 0 0 0 0 0 0 0 0

Total # of neighbors = 0
Ave neighs/atom = 0
Neighbor list builds = 133
Dangerous builds = 0
Total wall time: 0:01:17
