2019-09-01 07:54:40.294340: I tensorflow/core/platform/cpu_feature_guard.cc:141] Your CPU supports instructions that this TensorFlow binary was not compiled to use: AVX AVX2 FMA
2019-09-01 07:54:40.544575: I tensorflow/core/common_runtime/gpu/gpu_device.cc:1432] Found device 0 with properties: 
name: GeForce RTX 2080 Ti major: 7 minor: 5 memoryClockRate(GHz): 1.635
pciBusID: 0000:0a:00.0
totalMemory: 10.73GiB freeMemory: 10.53GiB
2019-09-01 07:54:40.663881: I tensorflow/core/common_runtime/gpu/gpu_device.cc:1432] Found device 1 with properties: 
name: GeForce RTX 2080 Ti major: 7 minor: 5 memoryClockRate(GHz): 1.635
pciBusID: 0000:0b:00.0
totalMemory: 10.73GiB freeMemory: 10.53GiB
2019-09-01 07:54:40.812906: I tensorflow/stream_executor/cuda/cuda_gpu_executor.cc:964] successful NUMA node read from SysFS had negative value (-1), but there must be at least one NUMA node, so returning NUMA node zero
2019-09-01 07:54:40.821036: I tensorflow/core/common_runtime/gpu/gpu_device.cc:1432] Found device 2 with properties: 
name: GeForce RTX 2080 Ti major: 7 minor: 5 memoryClockRate(GHz): 1.635
pciBusID: 0000:42:00.0
totalMemory: 10.73GiB  >>> Info of model(s):
  using   4 model(s): ../graph.002.pb ../graph.000.pb ../graph.003.pb ../graph.001.pb 
  rcut in model:      5
  ntypes in model:    2
Neighbor list info ...
  update every 1 steps, delay 10 steps, check yes
  max neighbors/atom: 2000, page size: 100000
  master list distance cutoff = 6
  ghost atom cutoff = 6
  binsize = 3, bins = 4 4 4
  1 neighbor lists, perpetual/occasional/extra = 1 0 0
  (1) pair deepmd, perpetual
      attributes: , newton on
      pair build: full/bin/atomonly
      stencil: full/bin/3d
      bin: standard
Setting up Verlet run ...
  Unit style    : metal
  Current step  : 0
  Time step     : 0.002
Per MPI rank memory allocation (min/avg/max) = 3.934 | 3.934 | 3.934 Mbytes
Step Temp PotEng KinEng TotEng Press Volume Lx Ly Lz Xy Xz Yz 
       0          100   -219.72365  0.051704058   -219.67195   -494.64615         1000           10           10           10            0            0            0 
      10    104.55027   -219.72742  0.054056731   -219.67337    354.99974         1000           10           10           10            0            0            0 
      20    85.502985   -219.71294  0.044208513   -219.66873    1092.6842         1000           10           10           10            0            0            0 
      30    86.637471   -219.71002  0.044795088   -219.66522    1415.5253         1000           10           10           10            0            0            0 
      40    82.816755   -219.71017  0.042819623   -219.66735    1169.8957         1000           10           10           10            0            0            0 
      50    97.654673   -219.72168  0.050491429   -219.67118    480.17391         1000           10           10           10            0            0            0 
      60    103.05996   -219.72391  0.053286181   -219.67063   -358.54592         1000           10           10           10            0            0            0 
      70    91.257951   -219.71382  0.047184064   -219.66663   -1057.8647         1000           10           10           10            0            0            0 
      80    75.467416   -219.70159  0.039019717   -219.66257   -1361.8924         1000           10           10           10            0            0            0 
      90    91.497331   -219.70928  0.047307833   -219.66198   -1208.1712         1000           10           10           10            0            0            0 
     100    103.25876   -219.71723   0.05338897   -219.66384    -533.5386         1000           10           10           10            0            0            0 
     110    115.73578     -219.722  0.059840095   -219.66216     362.6865         1000           10           10           10            0            0            0 
     120    111.43574   -219.71287  0.057616801   -219.65526    1135.5759         1000           10           10           10            0            0            0 
     130    112.00777   -219.70833   0.05791256   -219.65042    1475.7527         1000           10           10           10            0            0            0 
     140    103.56067   -219.70393   0.05354507   -219.65038    1260.9732         1000           10           10           10            0            0            0 
     150    142.56226    -219.7298  0.073710473   -219.65609    507.77193         1000           10           10           10            0            0            0 
     160    132.22416   -219.72375  0.068365257   -219.65539   -495.65683         1000           10           10           10            0            0            0 
     170    118.36685   -219.71316  0.061200463   -219.65196   -1249.4598         1000           10           10           10            0            0            0 
     180    113.58357   -219.71055  0.058727314   -219.65183   -1499.8634         1000           10           10           10            0            0            0 
     190    103.21713   -219.71072  0.053367444   -219.65735   -1164.6768         1000           10           10           10            0            0            0 
     200      122.525   -219.72957  0.063350396   -219.66622   -445.38818         1000           10           10           10            0            0            0 
     210    114.83226   -219.73185  0.059372936   -219.67247    392.56974         1000           10           10           10            0            0            0 
     220    116.51392   -219.73654  0.060242427   -219.67629    1069.3027         1000           10           10           10            0            0            0 
     230    71.440177   -219.71539  0.036937471   -219.67845    1350.0028         1000           10           10           10            0            0            0 
     240    88.568255   -219.73353  0.045793382   -219.68773     1079.861         1000           10           10           10            0            0            0 
     250    84.654422   -219.73896  0.043769771   -219.69519    410.47168         1000           10           10           10            0            0            0 
     260    84.990172   -219.74292  0.043943368   -219.69898   -336.29488         1000           10           10           10            0            0            0 
     270    76.674691   -219.73916  0.039643927   -219.69951   -903.47302         1000           10           10           10            0            0            0 
     280    51.981676   -219.72626  0.026876636   -219.69938   -1151.5372         1000           10           10           10            0            0            0 
     290    60.831452   -219.73316  0.031452329   -219.70171    -1047.618         1000           10           10           10            0            0            0 
     300    61.503415   -219.73627  0.031799761   -219.70447    -604.8802         1000           10           10           10            0            0            0 
     310    86.489866   -219.75094  0.044718771   -219.70622    38.572502         1000           10           10           10            0            0            0 
     320    67.017908   -219.73711  0.034650978   -219.70246    717.00755         1000           10           10           10            0            0            0 
     330    67.719031   -219.73133  0.035013487   -219.69631    1164.5187         1000           10           10           10            0            0            0 
     340    70.314583     -219.726  0.036355493   -219.68964    1199.5297         1000           10           10           10            0            0            0 
     350    95.865792   -219.73194  0.049566505   -219.68237    781.07706         1000           10           10           10            0            0            0 
     360     141.0339   -219.74452  0.072920248    -219.6716   -2.5280804         1000           10           10           10            0            0            0 
     370    123.17799   -219.71526  0.063688021   -219.65157    -893.6223         1000           10           10           10            0            0            0 
     380    138.48236   -219.70545  0.071600999   -219.63385   -1528.7186         1000           10           10           10            0            0            0 
     390    117.59365   -219.68449   0.06080069   -219.62369   -1552.9159         1000           10           10           10            0            0            0 
     400    180.15934   -219.71876  0.093149688   -219.62562   -972.01583         1000           10           10           10            0            0            0 
     410    183.17056   -219.72438  0.094706613   -219.62967    47.394711         1000           10           10           10            0            0            0 
     420    168.04162    -219.7172  0.086884335   -219.63031    1052.3072         1000           10           10           10            0            0            0 
     430     139.3401   -219.70343  0.072044488   -219.63139    1619.6072         1000           10           10           10            0            0            0 
     440    123.15945   -219.70455  0.063678436   -219.64087    1452.5013         1000           10           10           10            0            0            0 
     450    150.37473   -219.73396  0.077749837   -219.65621     703.6699         1000           10           10           10            0            0            0 
     460    120.84427    -219.7266  0.062481392   -219.66411   -242.93081         1000           10           10           10            0            0            0 
     470    113.10121   -219.72722  0.058477914   -219.66875   -1020.8787         1000           10           10           10            0            0            0 
     480     64.60826   -219.70496  0.033405092   -219.67155   -1312.1835         1000           10           10           10            0            0            0 
     490    78.068557   -219.71801  0.040364612   -219.67765   -1177.9186         1000           10           10           10            0            0            0 
     500    92.233551   -219.73193  0.047688489   -219.68424   -653.08529         1000           10           10           10            0            0            0 
     510    92.129438   -219.73566  0.047634658   -219.68802    85.686452         1000           10           10           10            0            0            0 
     520    87.879652   -219.73275  0.045437346   -219.68731    828.61389         1000           10           10           10            0            0            0 
     530     64.05005   -219.71699  0.033116475   -219.68388      1267.38         1000           10           10           10            0            0            0 
     540    77.026218   -219.72389   0.03982568   -219.68406    1235.0843         1000           10           10           10            0            0            0 
     550    81.987199   -219.72911  0.042390709   -219.68672    733.78975         1000           10           10           10            0            0            0 
     560    109.43265   -219.74451  0.056581122   -219.68793   -51.231465         1000           10           10           10            0            0            0 
     570    80.106553   -219.72459  0.041418339   -219.68317   -765.58415         1000           10           10           10            0            0            0 
     580    69.183156   -219.71339  0.035770499   -219.67762   -1218.8691         1000           10           10           10            0            0            0 
     590    84.463107   -219.71898  0.043670854   -219.67531   -1281.0955         1000           10           10           10            0            0            0 
     600    85.602266   -219.71938  0.044259845   -219.67512   -895.26068         1000           10           10           10            0            0            0 
     610    118.34122   -219.73744  0.061187213   -219.67625   -153.75507         1000           10           10           10            0            0            0 
     620    99.681935     -219.724  0.051539605   -219.67246    714.83849         1000           10           10           10            0            0            0 
     630    94.394364   -219.71445  0.048805717   -219.66564    1325.2321         1000           10           10           10            0            0            0 
     640    80.009347   -219.70527  0.041368079   -219.66391    1410.9822         1000           10           10           10            0            0            0 
     650    127.57873    -219.7351  0.065963379   -219.66914    904.55683         1000           10           10           10            0            0            0 
     660    117.97298   -219.73152  0.060996818   -219.67053    78.894486         1000           10           10           10            0            0            0 
     670     99.69724   -219.71907  0.051547519   -219.66752   -736.21858         1000           10           10           10            0            0            0 
     680    104.55434   -219.71911  0.054058835   -219.66505   -1306.4616         1000           10           10           10            0            0            0 
     690    75.153569   -219.70263  0.038857445   -219.66378   -1383.5777         1000           10           10           10            0            0            0 
     700    115.26252    -219.7277    0.0595954    -219.6681   -1001.6659         1000           10           10           10            0            0            0 
     710     109.9958   -219.72842  0.056872291   -219.67155   -175.17219         1000           10           10           10            0            0            0 
     720    122.93176   -219.73476  0.063560706    -219.6712    689.52082         1000           10           10           10            0            0            0 
     730    74.780794   -219.70509  0.038664705   -219.66643     1318.362         1000           10           10           10            0            0            0 
     740    105.68262   -219.72194  0.054642202    -219.6673    1381.3918         1000           10           10           10            0            0            0 
     750    102.76828   -219.72406  0.053135374   -219.67092    943.21258         1000           10           10           10            0            0            0 
     760    109.67106   -219.73116  0.056704388   -219.67446    164.92394         1000           10           10           10            0            0            0 
     770     113.8401   -219.73235  0.058859951   -219.67349   -683.86349         1000           10           10           10            0            0            0 
     780    66.065351   -219.70428  0.034158467   -219.67012   -1198.6114         1000           10           10           10            0            0            0 
     790    93.936566   -219.71955  0.048569016   -219.67098   -1355.8391         1000           10           10           10            0            0            0 
     800    79.814387    -219.7154  0.041267277   -219.67413   -976.88923         1000           10           10           10            0            0            0 
     810    124.52129   -219.74427   0.06438256   -219.67988   -289.77557         1000           10           10           10            0            0            0 
     820    79.513475   -219.72035  0.041111693   -219.67924    562.05661         1000           10           10           10            0            0            0 
     830    99.825843   -219.72935  0.051614012   -219.67773    1143.5694         1000           10           10           10            0            0            0 
     840    70.878532   -219.71305  0.036647077   -219.67641    1331.9501         1000           10           10           10            0            0            0 
     850     90.73835    -219.7287  0.046915409   -219.68179    996.91855         1000           10           10           10            0            0            0 
     860    104.91862   -219.73948  0.054247182   -219.68524    275.16243         1000           10           10           10            0            0            0 
     870    71.643294   -219.72173   0.03704249   -219.68469    -476.2691         1000           10           10           10            0            0            0 
     880    88.161364   -219.72808  0.045583003   -219.68249   -1101.3374         1000           10           10           10            0            0            0 
     890    53.180946   -219.70734  0.027496707   -219.67985   -1299.0474         1000           10           10           10            0            0            0 
     900    96.795031   -219.73166  0.050046959   -219.68162   -1112.0025         1000           10           10           10            0            0            0 
     910    74.741625   -219.72079  0.038644453   -219.68214   -464.04533         1000           10           10           10            0            0            0 
     920    116.63738   -219.74131  0.060306259     -219.681    321.39987         1000           10           10           10            0            0            0 
     930    82.044045   -219.71558  0.042420101   -219.67316       1055.9         1000           10           10           10            0            0            0 
     940    91.232033   -219.71374  0.047170663   -219.66657    1396.7044         1000           10           10           10            0            0            0 
     950    119.75789   -219.72568  0.061919688   -219.66376    1174.1788         1000           10           10           10            0            0            0 
     960    106.78678   -219.71678  0.055213099   -219.66157     462.7187         1000           10           10           10            0            0            0 
     970     147.3246   -219.73261  0.076172795   -219.65644   -511.34547         1000           10           10           10            0            0            0 
     980    99.065851   -219.69565  0.051221065   -219.64442   -1242.6867         1000           10           10           10            0            0            0 
     990    142.87793   -219.71112  0.073873687   -219.63725   -1607.3688         1000           10           10           10            0            0            0 
    1000    101.97688   -219.68683  0.052726187   -219.63411   -1302.2453         1000           10           10           10            0            0            0 
Loop time of 14.8776 on 1 procs for 1000 steps with 5 atoms

Performance: 11.615 ns/day, 2.066 hours/ns, 67.215 timesteps/s
154.7% CPU use with 1 MPI tasks x no OpenMP threads

MPI task timing breakdown:
Section |  min time  |  avg time  |  max time  |%varavg| %total
---------------------------------------------------------------
Pair    | 14.829     | 14.829     | 14.829     |   0.0 | 99.67
Neigh   | 0.00047278 | 0.00047278 | 0.00047278 |   0.0 |  0.00
Comm    | 0.002533   | 0.002533   | 0.002533   |   0.0 |  0.02
Output  | 0.041266   | 0.041266   | 0.041266   |   0.0 |  0.28
Modify  | 0.0033112  | 0.0033112  | 0.0033112  |   0.0 |  0.02
Other   |            | 0.001132   |            |       |  0.01

Nlocal:    5 ave 5 max 5 min
Histogram: 1 0 0 0 0 0 0 0 0 0
Nghost:    103 ave 103 max 103 min
Histogram: 1 0 0 0 0 0 0 0 0 0
Neighs:    0 ave 0 max 0 min
Histogram: 1 0 0 0 0 0 0 0 0 0

Total # of neighbors = 0
Ave neighs/atom = 0
Neighbor list builds = 43
Dangerous builds = 0
Total wall time: 0:00:17
