2019-09-04 09:56:11.194855: I tensorflow/core/platform/cpu_feature_guard.cc:140] Your CPU supports instructions that this TensorFlow binary was not compiled to use: SSE4.1 SSE4.2 AVX AVX2 AVX512F FMA
2019-09-04 09:56:12.155527: I tensorflow/core/common_runtime/gpu/gpu_device.cc:1356] Found device 0 with properties: 
name: Tesla V100-SXM2-16GB major: 7 minor: 0 memoryClockRate(GHz): 1.53
pciBusID: 0000:21:01.0
totalMemory: 15.77GiB freeMemory: 15.36GiB
2019-09-04 09:56:12.155563: I tensorflow/core/common_runtime/gpu/gpu_device.cc:1435] Adding visible gpu devices: 0
2019-09-04 09:56:12.450540: I tensorflow/core/common_runtime/gpu/gpu_device.cc:923] Device interconnect StreamExecutor with strength 1 edge matrix:
2019-09-04 09:56:12.450574: I tensorflow/core/common_runtime/gpu/gpu_device.cc:929]      0 
2019-09-04 09:56:12.450580: I tensorflow/core/common_runtime/gpu/gpu_device.cc:942] 0:   N 
2019-09-04 09:56:12.450835: I tensorflow/core/common_runtime/gpu/gpu_device.cc:1053] Created TensorFlow device (/job:localhost/replica:0/task:0/device:GPU:0 with 14867 MB memory) -> physical GPU (device: 0, name: Tesla V100-SXM2-16GB, pci bus id: 0000:21:01.0, compute capability: 7.  >>> Info of model(s):
  using   4 model(s): ../graph.003.pb ../graph.000.pb ../graph.002.pb ../graph.001.pb 
  rcut in model:      5
  ntypes in model:    2
Neighbor list info ...
  update every 1 steps, delay 10 steps, check yes
  max neighbors/atom: 2000, page size: 100000
  master list distance cutoff = 6
  ghost atom cutoff = 6
  binsize = 3, bins = 4 4 4
  1 neighbor lists, perpetual/occasional/extra = 1 0 0
  (1) pair deepmd, perpetual
      attributes: , newton on
      pair build: full/bin/atomonly
      stencil: full/bin/3d
      bin: standard
Setting up Verlet run ...
  Unit style    : metal
  Current step  : 0
  Time step     : 0.002
Per MPI rank memory allocation (min/avg/max) = 3.935 | 3.935 | 3.935 Mbytes
Step Temp PotEng KinEng TotEng Press Volume Lx Ly Lz Xy Xz Yz 
       0          100   -219.72365  0.051704058   -219.67195   -494.64615         1000           10           10           10            0            0            0 
      10     93.94199   -219.71742  0.048571821   -219.66885   -1040.2541         1000           10           10           10            0            0            0 
      20    47.096525   -219.69017  0.024350815   -219.66582   -1113.0938         1000           10           10           10            0            0            0 
      30    96.904622   -219.71693  0.050103622   -219.66683   -869.62278         1000           10           10           10            0            0            0 
      40    55.139811   -219.69318   0.02850952   -219.66467   -195.94093         1000           10           10           10            0            0            0 
      50    130.52431   -219.72994  0.067486365   -219.66246    504.82162         1000           10           10           10            0            0            0 
      60    59.261504   -219.68191  0.030640602   -219.65127     1183.891         1000           10           10           10            0            0            0 
      70    91.202698     -219.691  0.047155496   -219.64384    1343.6731         1000           10           10           10            0            0            0 
      80    76.977673   -219.67801  0.039800581   -219.63821     925.1389         1000           10           10           10            0            0            0 
      90    131.37346   -219.70017   0.06792541   -219.63224    59.321059         1000           10           10           10            0            0            0 
     100    154.00838    -219.6969  0.079628582   -219.61727    -881.9499         1000           10           10           10            0            0            0 
     110    94.838275   -219.64601  0.049035237   -219.59698    -1349.026         1000           10           10           10            0            0            0 
     120    202.97645   -219.69034   0.10494706    -219.5854   -1358.9222         1000           10           10           10            0            0            0 
     130    149.66068   -219.65736  0.077380646   -219.57998   -492.48234         1000           10           10           10            0            0            0 
     140    306.36628   -219.74704    0.1584038   -219.58864    548.68029         1000           10           10           10            0            0            0 
     150    171.82054   -219.67192  0.088838192   -219.58308    1389.1263         1000           10           10           10            0            0            0 
     160    224.79401   -219.70861   0.11622763   -219.59238    1413.4159         1000           10           10           10            0            0            0 
     170    121.41231   -219.66896   0.06277509   -219.60619    730.89446         1000           10           10           10            0            0            0 
     180    149.58502   -219.70695  0.077341527   -219.62961   -278.22425         1000           10           10           10            0            0            0 
     190    116.49749    -219.7037  0.060233932   -219.64347   -1023.2501         1000           10           10           10            0            0            0 
     200    63.046257   -219.68744  0.032597473   -219.65484   -1244.7243         1000           10           10           10            0            0            0 
     210    87.656096   -219.70933  0.045321759   -219.66401   -1068.7051         1000           10           10           10            0            0            0 
     220    47.230698   -219.69412  0.024420187    -219.6697   -449.15751         1000           10           10           10            0            0            0 
     230    110.56017   -219.73149  0.057164093   -219.67432    227.90492         1000           10           10           10            0            0            0 
     240    48.019963   -219.69544  0.024828269   -219.67061     899.2503         1000           10           10           10            0            0            0 
     250    89.748324    -219.7168  0.046403526   -219.67039    1164.1048         1000           10           10           10            0            0            0 
     260     43.42434   -219.69261  0.022452146   -219.67016    980.14368         1000           10           10           10            0            0            0 
     270    83.116626   -219.71759  0.042974668   -219.67462    346.41715         1000           10           10           10            0            0            0 
     280    101.00414    -219.7263  0.052223237   -219.67408    -420.0809         1000           10           10           10            0            0            0 
     290     66.20296   -219.70283  0.034229617    -219.6686   -997.00043         1000           10           10           10            0            0            0 
     300     85.14218   -219.70811  0.044021962   -219.66409    -1275.635         1000           10           10           10            0            0            0 
     310    44.913397   -219.68342  0.023222049    -219.6602   -1003.7834         1000           10           10           10            0            0            0 
     320    129.84341   -219.72717  0.067134311   -219.66003   -447.97569         1000           10           10           10            0            0            0 
     330    89.203776   -219.69976  0.046121972   -219.65363    429.07785         1000           10           10           10            0            0            0 
     340    148.33811   -219.72336  0.076696824   -219.64666    1060.8656         1000           10           10           10            0            0            0 
     350     93.04798   -219.68734  0.048109581   -219.63923    1314.6708         1000           10           10           10            0            0            0 
     360    147.18445   -219.71575  0.076100332   -219.63965    874.74468         1000           10           10           10            0            0            0 
     370    183.81555   -219.72737  0.095040097   -219.63233    -56.91608         1000           10           10           10            0            0            0 
     380    160.75089   -219.69942  0.083114735   -219.61631   -985.24068         1000           10           10           10            0            0            0 
     390    165.02686   -219.69036  0.085325586   -219.60504   -1491.6679         1000           10           10           10            0            0            0 
     400    89.036922    -219.6447  0.046035702   -219.59866    -1189.351         1000           10           10           10            0            0            0 
     410    201.10912   -219.70582   0.10398158   -219.60184   -492.71757         1000           10           10           10            0            0            0 
     420    119.10798   -219.66216  0.061583657   -219.60058    616.49832         1000           10           10           10            0            0            0 
     430     179.0026   -219.69676  0.092551607   -219.60421    1387.9783         1000           10           10           10            0            0            0 
     440    65.009094   -219.64506   0.03361234   -219.61145    1642.3862         1000           10           10           10            0            0            0 
     450    101.58909   -219.69084  0.052525684   -219.63832    1087.0458         1000           10           10           10            0            0            0 
     460    85.922992   -219.70205  0.044425673   -219.65762    186.30755         1000           10           10           10            0            0            0 
     470    82.940124   -219.71317   0.04288341   -219.67029   -559.23664         1000           10           10           10            0            0            0 
     480    70.712745   -219.71249  0.036561359   -219.67593   -989.46455         1000           10           10           10            0            0            0 
     490    23.435204   -219.69262  0.012116951   -219.68051   -979.34083         1000           10           10           10            0            0            0 
     500    75.631459   -219.72595  0.039104533   -219.68684   -709.30927         1000           10           10           10            0            0            0 
     510    49.237446   -219.71513  0.025457758   -219.68967   -91.042962         1000           10           10           10            0            0            0 
     520    95.934179   -219.74128  0.049601864   -219.69167    542.96278         1000           10           10           10            0            0            0 
     530    47.477952   -219.71188  0.024548028   -219.68733    1074.4105         1000           10           10           10            0            0            0 
     540    57.980554    -219.7159  0.029978299   -219.68592    1166.7986         1000           10           10           10            0            0            0 
     550    68.730101    -219.7222  0.035536251   -219.68666    816.75926         1000           10           10           10            0            0            0 
     560    80.858177   -219.72731  0.041806959    -219.6855    205.17043         1000           10           10           10            0            0            0 
     570    112.74888   -219.73873  0.058295748   -219.68043   -531.81716         1000           10           10           10            0            0            0 
     580    49.849808   -219.69506  0.025774373   -219.66928   -1027.7423         1000           10           10           10            0            0            0 
     590    107.60324    -219.7161  0.055635242   -219.66046   -1291.0199         1000           10           10           10            0            0            0 
     600    84.780765   -219.69641  0.043835096   -219.65257   -937.97836         1000           10           10           10            0            0            0 
     610    175.78789   -219.74091  0.090889473   -219.65002   -227.69252         1000           10           10           10            0            0            0 
     620    142.27969   -219.71596  0.073564373   -219.64239     776.0749         1000           10           10           10            0            0            0 
     630    137.24655   -219.69946  0.070962034    -219.6285    1415.6935         1000           10           10           10            0            0            0 
     640     135.3084   -219.68991  0.069959932   -219.61995    1387.9269         1000           10           10           10            0            0            0 
     650    133.72465   -219.68818  0.069141068   -219.61904    742.72267         1000           10           10           10            0            0            0 
     660    205.46437   -219.72862   0.10623342   -219.62238   -365.39045         1000           10           10           10            0            0            0 
     670    84.349152   -219.66095  0.043611934   -219.61734   -1148.9131         1000           10           10           10            0            0            0 
     680     123.9936   -219.68399  0.064109723   -219.61988   -1557.1392         1000           10           10           10            0            0            0 
     690    67.411958   -219.66169  0.034854718   -219.62684   -1185.0504         1000           10           10           10            0            0            0 
     700    162.34942   -219.72281  0.083941239   -219.63887   -490.75355         1000           10           10           10            0            0            0 
     710    102.74437   -219.69462   0.05312301    -219.6415    535.85873         1000           10           10           10            0            0            0 
     720    103.00847   -219.69344  0.053259557   -219.64018     1217.172         1000           10           10           10            0            0            0 
     730    80.770711   -219.68322  0.041761735   -219.64146    1385.2635         1000           10           10           10            0            0            0 
     740    90.338098    -219.6968  0.046708463   -219.65009    933.50867         1000           10           10           10            0            0            0 
     750    159.13166   -219.74061  0.082277528   -219.65833    13.269726         1000           10           10           10            0            0            0 
     760    86.130642   -219.70117  0.044533037   -219.65663   -801.52079         1000           10           10           10            0            0            0 
     770    109.09005   -219.71157  0.056403981   -219.65516   -1386.8975         1000           10           10           10            0            0            0 
     780    51.745354   -219.68166  0.026754448   -219.65491   -1322.8231         1000           10           10           10            0            0            0 
     790    139.34935   -219.73341   0.07204927   -219.66136   -901.70189         1000           10           10           10            0            0            0 
     800    113.97498   -219.72442  0.058929691   -219.66549   -56.889321         1000           10           10           10            0            0            0 
     810    118.22176   -219.72733  0.061125446    -219.6662    718.22117         1000           10           10           10            0            0            0 
     820     98.18067   -219.71571  0.050763391   -219.66494     1252.379         1000           10           10           10            0            0            0 
     830    75.480606   -219.70444  0.039026536   -219.66541    1262.3475         1000           10           10           10            0            0            0 
     840    151.25799   -219.75067  0.078206519   -219.67247    647.64321         1000           10           10           10            0            0            0 
     850     101.2137   -219.72362  0.052331588   -219.67129   -174.72313         1000           10           10           10            0            0            0 
     860    124.57723   -219.73251  0.064411481    -219.6681   -968.70631         1000           10           10           10            0            0            0 
     870    48.678721   -219.68927  0.025168874    -219.6641    -1258.531         1000           10           10           10            0            0            0 
     880    115.29384   -219.72679  0.059611592   -219.66718   -1232.8857         1000           10           10           10            0            0            0 
     890    105.69957   -219.72531  0.054650965   -219.67066   -690.84475         1000           10           10           10            0            0            0 
     900    121.89205   -219.73417  0.063023138   -219.67114    69.846213         1000           10           10           10            0            0            0 
     910    103.13514   -219.71959  0.053325051   -219.66626    894.59375         1000           10           10           10            0            0            0 
     920    53.872181   -219.68395  0.027854104   -219.65609    1394.2031         1000           10           10           10            0            0            0 
     930    131.44733    -219.7243  0.067963604   -219.65634    1227.0131         1000           10           10           10            0            0            0 
     940    86.554901    -219.6975  0.044752396   -219.65275     594.2797         1000           10           10           10            0            0            0 
     950    138.97857   -219.72142   0.07185756   -219.64957   -294.55758         1000           10           10           10            0            0            0 
     960    41.278336   -219.65986  0.021342575   -219.63852   -914.38339         1000           10           10           10            0            0            0 
     970      108.867   -219.68837  0.056288655   -219.63208    -1315.891         1000           10           10           10            0            0            0 
     980    95.923943   -219.67843  0.049596571   -219.62883   -1042.6962         1000           10           10           10            0            0            0 
     990    145.87181   -219.70477  0.075421643   -219.62935   -283.86295         1000           10           10           10            0            0            0 
    1000    129.50355   -219.69188   0.06695859   -219.62492    761.76178         1000           10           10           10            0            0            0 
Loop time of 11.8014 on 1 procs for 1000 steps with 5 atoms

Performance: 14.642 ns/day, 1.639 hours/ns, 84.735 timesteps/s
206.3% CPU use with 1 MPI tasks x no OpenMP threads

MPI task timing breakdown:
Section |  min time  |  avg time  |  max time  |%varavg| %total
---------------------------------------------------------------
Pair    | 11.783     | 11.783     | 11.783     |   0.0 | 99.85
Neigh   | 0.00023937 | 0.00023937 | 0.00023937 |   0.0 |  0.00
Comm    | 0.0017662  | 0.0017662  | 0.0017662  |   0.0 |  0.01
Output  | 0.010722   | 0.010722   | 0.010722   |   0.0 |  0.09
Modify  | 0.0040519  | 0.0040519  | 0.0040519  |   0.0 |  0.03
Other   |            | 0.00125    |            |       |  0.01

Nlocal:    5 ave 5 max 5 min
Histogram: 1 0 0 0 0 0 0 0 0 0
Nghost:    106 ave 106 max 106 min
Histogram: 1 0 0 0 0 0 0 0 0 0
Neighs:    0 ave 0 max 0 min
Histogram: 1 0 0 0 0 0 0 0 0 0

Total # of neighbors = 0
Ave neighs/atom = 0
Neighbor list builds = 35
Dangerous builds = 0
Total wall time: 0:00:14
