2019-09-01 09:02:33.708130: I tensorflow/core/platform/cpu_feature_guard.cc:141] Your CPU supports instructions that this TensorFlow binary was not compiled to use: AVX AVX2 FMA
2019-09-01 09:02:33.968510: I tensorflow/core/common_runtime/gpu/gpu_device.cc:1432] Found device 0 with properties: 
name: GeForce RTX 2080 Ti major: 7 minor: 5 memoryClockRate(GHz): 1.635
pciBusID: 0000:0a:00.0
totalMemory: 10.73GiB freeMemory: 10.53GiB
2019-09-01 09:02:34.089727: I tensorflow/core/common_runtime/gpu/gpu_device.cc:1432] Found device 1 with properties: 
name: GeForce RTX 2080 Ti major: 7 minor: 5 memoryClockRate(GHz): 1.635
pciBusID: 0000:0b:00.0
totalMemory: 10.73GiB freeMemory: 10.53GiB
2019-09-01 09:02:34.217050: I tensorflow/stream_executor/cuda/cuda_gpu_executor.cc:964] successful NUMA node read from SysFS had negative value (-1), but there must be at least one NUMA node, so returning NUMA node zero
2019-09-01 09:02:34.218219: I tensorflow/core/common_runtime/gpu/gpu_device.cc:1432] Found device 2 with properties: 
name: GeForce RTX 2080 Ti major: 7 minor: 5 memoryClockRate(GHz): 1.635
pciBusID: 0000:42:00.0
totalMemory: 10.73GiB  >>> Info of model(s):
  using   4 model(s): ../graph.002.pb ../graph.000.pb ../graph.003.pb ../graph.001.pb 
  rcut in model:      5
  ntypes in model:    2
Neighbor list info ...
  update every 1 steps, delay 10 steps, check yes
  max neighbors/atom: 2000, page size: 100000
  master list distance cutoff = 6
  ghost atom cutoff = 6
  binsize = 3, bins = 4 4 4
  1 neighbor lists, perpetual/occasional/extra = 1 0 0
  (1) pair deepmd, perpetual
      attributes: , newton on
      pair build: full/bin/atomonly
      stencil: full/bin/3d
      bin: standard
Setting up Verlet run ...
  Unit style    : metal
  Current step  : 0
  Time step     : 0.002
Per MPI rank memory allocation (min/avg/max) = 3.934 | 3.934 | 3.934 Mbytes
Step Temp PotEng KinEng TotEng Press Volume Lx Ly Lz Xy Xz Yz 
       0          100   -219.74088  0.051704058   -219.68917   -452.26609         1000           10           10           10            0            0            0 
      10    120.12271    -219.7528  0.062108315   -219.69069   -62.852775         1000           10           10           10            0            0            0 
      20    102.75991    -219.7431  0.053131041   -219.68996    400.92773         1000           10           10           10            0            0            0 
      30    104.49253   -219.74293  0.054026877    -219.6889    692.94719         1000           10           10           10            0            0            0 
      40     111.5694   -219.74625  0.057685909   -219.68856    702.86877         1000           10           10           10            0            0            0 
      50    113.14952   -219.74748  0.058502894   -219.68898    475.23676         1000           10           10           10            0            0            0 
      60    110.79658   -219.74573  0.057286331   -219.68844    83.049997         1000           10           10           10            0            0            0 
      70    109.51365   -219.74381  0.056623003   -219.68719   -346.24129         1000           10           10           10            0            0            0 
      80    125.53913   -219.75077  0.064908825   -219.68586   -701.76535         1000           10           10           10            0            0            0 
      90    105.54331   -219.73774  0.054570174   -219.68317   -796.46206         1000           10           10           10            0            0            0 
     100    126.01952    -219.7475  0.065157205   -219.68234   -665.41124         1000           10           10           10            0            0            0 
     110    122.03374   -219.74463  0.063096393   -219.68153   -272.54263         1000           10           10           10            0            0            0 
     120      134.683   -219.74985  0.069636575   -219.68021    189.12425         1000           10           10           10            0            0            0 
     130    135.24549   -219.74749  0.069927408   -219.67756    581.72373         1000           10           10           10            0            0            0 
     140    123.44123   -219.73889  0.063824124   -219.67507    765.12799         1000           10           10           10            0            0            0 
     150    126.39371   -219.74022  0.065350678   -219.67487    655.18156         1000           10           10           10            0            0            0 
     160    130.68318   -219.74445  0.067568509   -219.67688    294.31752         1000           10           10           10            0            0            0 
     170    138.64625   -219.75069   0.07168574   -219.67901   -185.07771         1000           10           10           10            0            0            0 
     180    107.60862   -219.73522  0.055638022   -219.67958   -548.85486         1000           10           10           10            0            0            0 
     190    112.05331   -219.74023  0.057936109   -219.68229   -765.00312         1000           10           10           10            0            0            0 
     200    95.155118   -219.73534  0.049199057   -219.68614   -682.65387         1000           10           10           10            0            0            0 
     210    100.77571   -219.74401  0.052105133   -219.69191   -393.92848         1000           10           10           10            0            0            0 
     220    92.887267   -219.74465  0.048026486   -219.69663    18.338448         1000           10           10           10            0            0            0 
     230       78.811    -219.7405  0.040748485   -219.69976    407.80131         1000           10           10           10            0            0            0 
     240    74.574972   -219.74093  0.038558287   -219.70238    632.33221         1000           10           10           10            0            0            0 
     250    64.463361   -219.73848  0.033330174   -219.70515    638.04866         1000           10           10           10            0            0            0 
     260     74.87174   -219.74721  0.038711728    -219.7085    422.31212         1000           10           10           10            0            0            0 
     270    56.628224   -219.73917   0.02927909   -219.70989    115.07807         1000           10           10           10            0            0            0 
     280    67.482096   -219.74552  0.034890982   -219.71063   -261.92728         1000           10           10           10            0            0            0 
     290    59.487098   -219.73979  0.030757244   -219.70903    -531.5315         1000           10           10           10            0            0            0 
     300     60.06474   -219.73779  0.031055908   -219.70673   -631.33597         1000           10           10           10            0            0            0 
     310    65.096011   -219.73722  0.033657279   -219.70356    -532.6168         1000           10           10           10            0            0            0 
     320    69.934928   -219.73424  0.036159196   -219.69808   -231.69377         1000           10           10           10            0            0            0 
     330    96.155237    -219.7393   0.04971616   -219.68959    146.63464         1000           10           10           10            0            0            0 
     340     102.0447   -219.72891  0.052761252   -219.67615     533.8511         1000           10           10           10            0            0            0 
     350    134.43003   -219.73113  0.069505779   -219.66162    760.78173         1000           10           10           10            0            0            0 
     360     127.0249   -219.71328  0.065677029    -219.6476    732.34704         1000           10           10           10            0            0            0 
     370    185.83392    -219.7375  0.096083676   -219.64141    330.95092         1000           10           10           10            0            0            0 
     380    179.00057   -219.72908  0.092550561   -219.63653    -199.1571         1000           10           10           10            0            0            0 
     390    160.22535   -219.71898  0.082843008   -219.63613   -644.24515         1000           10           10           10            0            0            0 
     400    156.58071   -219.72231   0.08095858   -219.64135   -862.22777         1000           10           10           10            0            0            0 
     410    122.97127   -219.71452  0.063581139   -219.65094   -719.84124         1000           10           10           10            0            0            0 
     420    140.32902   -219.73663  0.072555798   -219.66408   -409.69465         1000           10           10           10            0            0            0 
     430    116.44824   -219.73489  0.060208464   -219.67468    47.868494         1000           10           10           10            0            0            0 
     440    102.17337   -219.73544  0.052827777   -219.68262    455.60904         1000           10           10           10            0            0            0 
     450    79.735926   -219.72921  0.041226709   -219.68798    673.41249         1000           10           10           10            0            0            0 
     460    98.663551   -219.74467  0.051013059   -219.69365    614.70403         1000           10           10           10            0            0            0 
     470    81.767357   -219.73861  0.042277042   -219.69633    375.52443         1000           10           10           10            0            0            0 
     480    77.870897    -219.7382  0.040262414   -219.69793   0.89881649         1000           10           10           10            0            0            0 
     490    82.309412   -219.74039  0.042557306   -219.69783    -381.4621         1000           10           10           10            0            0            0 
     500    68.794246   -219.73196  0.035569417   -219.69639   -616.99308         1000           10           10           10            0            0            0 
     510    87.543048   -219.74115  0.045263308   -219.69589   -681.21863         1000           10           10           10            0            0            0 
     520    69.315577   -219.73026  0.035838966   -219.69442   -471.37911         1000           10           10           10            0            0            0 
     530    84.747693   -219.73746  0.043817996   -219.69364   -151.03725         1000           10           10           10            0            0            0 
     540    95.645777   -219.74162  0.049452748   -219.69216     235.5384         1000           10           10           10            0            0            0 
     550    97.797093   -219.73962  0.050565066   -219.68905    579.34204         1000           10           10           10            0            0            0 
     560    80.658323   -219.72662  0.041703626   -219.68492    750.91752         1000           10           10           10            0            0            0 
     570    97.936253   -219.73363  0.050637017   -219.68299    607.99552         1000           10           10           10            0            0            0 
     580    115.12724   -219.74092  0.059525455    -219.6814    244.10406         1000           10           10           10            0            0            0 
     590    103.44198   -219.73156  0.053483703   -219.67808   -159.61372         1000           10           10           10            0            0            0 
     600    116.61327   -219.73511  0.060293795   -219.67481   -536.05895         1000           10           10           10            0            0            0 
     610    91.275055   -219.71804  0.047192908   -219.67084    -683.7428         1000           10           10           10            0            0            0 
     620    122.04015   -219.73282  0.063099711   -219.66972   -662.15575         1000           10           10           10            0            0            0 
     630    132.83966   -219.73773  0.068683493   -219.66905   -350.14699         1000           10           10           10            0            0            0 
     640    122.42872   -219.73024  0.063300617   -219.66694    150.35459         1000           10           10           10            0            0            0 
     650     119.4059   -219.72616  0.061737695   -219.66442    595.78867         1000           10           10           10            0            0            0 
     660    139.93732   -219.73653  0.072353273   -219.66418    794.08323         1000           10           10           10            0            0            0 
     670    131.12085   -219.73394  0.067794798   -219.66614    745.30114         1000           10           10           10            0            0            0 
     680    110.16505   -219.72786  0.056959802    -219.6709    472.80907         1000           10           10           10            0            0            0 
     690    116.16483   -219.73793  0.060061932   -219.67787    10.856227         1000           10           10           10            0            0            0 
     700    90.757483   -219.73086  0.046925302   -219.68394   -399.93998         1000           10           10           10            0            0            0 
     710    95.775178   -219.73993  0.049519654   -219.69041   -664.24037         1000           10           10           10            0            0            0 
     720    69.662088   -219.73181  0.036018126   -219.69579    -633.5444         1000           10           10           10            0            0            0 
     730    62.573266   -219.73388  0.032352918   -219.70153   -399.41684         1000           10           10           10            0            0            0 
     740    68.253963   -219.74158  0.035290068   -219.70629   -63.745982         1000           10           10           10            0            0            0 
     750    71.010487   -219.74581  0.036715303    -219.7091    290.06011         1000           10           10           10            0            0            0 
     760    56.409893   -219.73879  0.029166204   -219.70963    574.48267         1000           10           10           10            0            0            0 
     770    40.276638   -219.73029  0.020824656   -219.70947    679.86994         1000           10           10           10            0            0            0 
     780    62.917204   -219.74309  0.032530747   -219.71056    530.46251         1000           10           10           10            0            0            0 
     790    57.687128   -219.73951  0.029826586   -219.70968    244.12965         1000           10           10           10            0            0            0 
     800    64.755354   -219.74058  0.033481146    -219.7071   -115.80131         1000           10           10           10            0            0            0 
     810    54.537517   -219.72962  0.028198109   -219.70142   -435.09845         1000           10           10           10            0            0            0 
     820    67.973365   -219.72908  0.035144988   -219.69393   -650.92968         1000           10           10           10            0            0            0 
     830    94.275565   -219.73406  0.048744293   -219.68531   -646.06926         1000           10           10           10            0            0            0 
     840    101.56597   -219.72696  0.052513727   -219.67444    -364.3849         1000           10           10           10            0            0            0 
     850    118.12016   -219.72368  0.061072918   -219.66261    86.201323         1000           10           10           10            0            0            0 
     860    126.00839   -219.71541  0.065151453   -219.65026    536.39545         1000           10           10           10            0            0            0 
     870    166.72063   -219.72853  0.086201333   -219.64233     800.4342         1000           10           10           10            0            0            0 
     880    134.92867    -219.7073  0.069763599   -219.63754     862.3246         1000           10           10           10            0            0            0 
     890    150.67619   -219.71903  0.077905704   -219.64112    549.14251         1000           10           10           10            0            0            0 
     900    142.59643   -219.72151   0.07372814   -219.64778    30.072488         1000           10           10           10            0            0            0 
     910    134.43806     -219.725  0.069509931   -219.65549   -471.37006         1000           10           10           10            0            0            0 
     920    126.39925    -219.7291  0.065353542   -219.66375   -742.70843         1000           10           10           10            0            0            0 
     930    90.410788   -219.71887  0.046746046   -219.67212   -690.73787         1000           10           10           10            0            0            0 
     940    98.722147   -219.73217  0.051043356   -219.68112   -457.63763         1000           10           10           10            0            0            0 
     950    95.306998   -219.73678  0.049277585    -219.6875   -85.527918         1000           10           10           10            0            0            0 
     960     103.0393   -219.74478  0.053275502    -219.6915    309.92019         1000           10           10           10            0            0            0 
     970    72.090132   -219.72904  0.037273524   -219.69177    655.71822         1000           10           10           10            0            0            0 
     980    87.593598   -219.73842  0.045289445   -219.69313    714.53539         1000           10           10           10            0            0            0 
     990    93.105215   -219.74302  0.048139174   -219.69488     523.1834         1000           10           10           10            0            0            0 
    1000    97.010767   -219.74597  0.050158503   -219.69581     149.4574         1000           10           10           10            0            0            0 
    1010     98.92438   -219.74634  0.051147919    -219.6952   -265.23578         1000           10           10           10            0            0            0 
    1020    78.540684   -219.73396  0.040608721   -219.69335   -567.33312         1000           10           10           10            0            0            0 
    1030    105.08293   -219.74737  0.054332141   -219.69304    -754.7099         1000           10           10           10            0            0            0 
    1040    99.139715   -219.74336  0.051259256    -219.6921   -661.58547         1000           10           10           10            0            0            0 
    1050    103.88964   -219.74528  0.053715159   -219.69157    -349.2265         1000           10           10           10            0            0            0 
    1060    103.08979   -219.74341  0.053301606    -219.6901    93.450024         1000           10           10           10            0            0            0 
    1070     127.2954    -219.7539  0.065816888   -219.68808     469.3512         1000           10           10           10            0            0            0 
    1080    117.26912   -219.74548  0.060632895   -219.68485     710.6917         1000           10           10           10            0            0            0 
    1090    118.27749   -219.74349  0.061154263   -219.68234    663.92314         1000           10           10           10            0            0            0 
    1100    132.72979   -219.74941  0.068626685   -219.68079    357.85539         1000           10           10           10            0            0            0 
    1110    124.19267   -219.74229  0.064212651   -219.67808   -76.351467         1000           10           10           10            0            0            0 
    1120    154.56814   -219.75541  0.079917999   -219.67549   -551.98382         1000           10           10           10            0            0            0 
    1130    122.26145   -219.73383  0.063214131   -219.67061   -779.35932         1000           10           10           10            0            0            0 
    1140    119.91703   -219.72989  0.062001971   -219.66789   -784.01623         1000           10           10           10            0            0            0 
    1150    142.53227   -219.74202  0.073694966   -219.66833   -544.77222         1000           10           10           10            0            0            0 
    1160    159.14707   -219.75245  0.082285495   -219.67016   -109.53308         1000           10           10           10            0            0            0 
    1170    130.61031   -219.73861  0.067530829   -219.67107    401.93812         1000           10           10           10            0            0            0 
    1180    126.36909   -219.73933  0.065337949   -219.67399    700.79793         1000           10           10           10            0            0            0 
    1190    120.60565   -219.74186  0.062358015   -219.67951    722.46168         1000           10           10           10            0            0            0 
    1200    108.77784   -219.74315  0.056242555   -219.68691    484.92656         1000           10           10           10            0            0            0 
    1210    111.64132   -219.75208  0.057723093   -219.69436    85.387116         1000           10           10           10            0            0            0 
    1220    72.545271   -219.73639  0.037508849   -219.69888   -276.01512         1000           10           10           10            0            0            0 
    1230    73.852536   -219.74158  0.038184758    -219.7034   -574.90501         1000           10           10           10            0            0            0 
    1240    68.999905   -219.74242  0.035675751   -219.70675   -661.23457         1000           10           10           10            0            0            0 
    1250    64.840014   -219.74337  0.033524918   -219.70984   -523.29506         1000           10           10           10            0            0            0 
    1260    52.497006   -219.73908  0.027143083   -219.71193   -207.88224         1000           10           10           10            0            0            0 
    1270    59.620039   -219.74385  0.030825979   -219.71302    130.78915         1000           10           10           10            0            0            0 
    1280    67.297278   -219.74743  0.034795424   -219.71264    433.91201         1000           10           10           10            0            0            0 
    1290    52.029512   -219.73686  0.026901369   -219.70996    629.12055         1000           10           10           10            0            0            0 
    1300    59.243409   -219.73807  0.030631247   -219.70744    611.49617         1000           10           10           10            0            0            0 
    1310    59.842096    -219.7344  0.030940792   -219.70346    398.15335         1000           10           10           10            0            0            0 
    1320    90.094927   -219.74408  0.046582733    -219.6975    3.1617932         1000           10           10           10            0            0            0 
    1330     89.83295   -219.73285  0.046447281   -219.68641   -373.74901         1000           10           10           10            0            0            0 
    1340    96.421624   -219.72175  0.049853893    -219.6719   -662.24703         1000           10           10           10            0            0            0 
    1350    116.09405   -219.71813  0.060025337    -219.6581   -749.79829         1000           10           10           10            0            0            0 
    1360    151.35802   -219.72635   0.07825824   -219.64809   -565.25094         1000           10           10           10            0            0            0 
    1370    177.43136   -219.73425  0.091739215   -219.64251   -125.02919         1000           10           10           10            0            0            0 
    1380    139.80374   -219.71026  0.072284208   -219.63797    420.51959         1000           10           10           10            0            0            0 
    1390    158.79164    -219.7224  0.082101724    -219.6403    727.43299         1000           10           10           10            0            0            0 
    1400    143.01459   -219.72007  0.073944346   -219.64613    797.14002         1000           10           10           10            0            0            0 
    1410    145.99393   -219.73159  0.075484785    -219.6561    541.04061         1000           10           10           10            0            0            0 
    1420    123.98752    -219.7294  0.064106578   -219.66529    125.83588         1000           10           10           10            0            0            0 
    1430    112.38324   -219.73077  0.058106697   -219.67266   -334.11962         1000           10           10           10            0            0            0 
    1440    105.18377   -219.73231  0.054384277   -219.67792   -668.28563         1000           10           10           10            0            0            0 
    1450    95.250295   -219.73176  0.049248268   -219.68251   -736.94468         1000           10           10           10            0            0            0 
    1460    92.885116   -219.73437  0.048025374   -219.68634   -577.80481         1000           10           10           10            0            0            0 
    1470    74.293649   -219.72733  0.038412831   -219.68892   -224.62198         1000           10           10           10            0            0            0 
    1480    103.69949   -219.74534  0.053616842   -219.69172    125.81027         1000           10           10           10            0            0            0 
    1490    84.115927   -219.73484  0.043491348   -219.69135    498.68947         1000           10           10           10            0            0            0 
    1500    82.020327   -219.73331  0.042407838    -219.6909    686.79652         1000           10           10           10            0            0            0 
    1510    81.279519   -219.73306  0.042024809   -219.69104    616.27977         1000           10           10           10            0            0            0 
    1520    89.296534   -219.73788  0.046169932   -219.69171     304.6063         1000           10           10           10            0            0            0 
    1530    100.97459   -219.74361  0.052207959   -219.69141   -117.80115         1000           10           10           10            0            0            0 
    1540    80.034107   -219.73034  0.041380881   -219.68895   -445.82178         1000           10           10           10            0            0            0 
    1550    83.193753   -219.72971  0.043014546   -219.68669   -672.13891         1000           10           10           10            0            0            0 
    1560    84.916986   -219.72889  0.043905528   -219.68498   -675.64575         1000           10           10           10            0            0            0 
    1570    112.13587   -219.74214  0.057978796   -219.68416   -485.69954         1000           10           10           10            0            0            0 
    1580     94.94411   -219.73052  0.049089958   -219.68143   -48.610696         1000           10           10           10            0            0            0 
    1590    111.27888    -219.7353  0.057535695   -219.67777    391.23882         1000           10           10           10            0            0            0 
    1600    113.50091   -219.73039  0.058684574   -219.67171    703.81918         1000           10           10           10            0            0            0 
    1610     120.7313   -219.72761  0.062422983   -219.66518    772.98342         1000           10           10           10            0            0            0 
    1620    145.06561   -219.73342   0.07500481   -219.65841    552.84752         1000           10           10           10            0            0            0 
    1630    131.49162   -219.71589  0.067986503    -219.6479    180.43166         1000           10           10           10            0            0            0 
    1640      167.288   -219.72438  0.086494685   -219.63789   -329.79076         1000           10           10           10            0            0            0 
    1650    177.55578   -219.72015  0.091803543   -219.62834    -721.1857         1000           10           10           10            0            0            0 
    1660    181.63765   -219.71878  0.093914038   -219.62486   -807.56635         1000           10           10           10            0            0            0 
    1670    163.72653   -219.71449  0.084653261   -219.62983   -541.27162         1000           10           10           10            0            0            0 
    1680    177.36347   -219.73453  0.091704113   -219.64283   -103.54984         1000           10           10           10            0            0            0 
    1690    139.32244   -219.72962  0.072035353   -219.65758    391.74378         1000           10           10           10            0            0            0 
    1700    120.00974   -219.73491  0.062049905   -219.67286    680.21414         1000           10           10           10            0            0            0 
    1710    93.778012   -219.73387  0.048487038   -219.68539     727.6839         1000           10           10           10            0            0            0 
    1720    75.755028   -219.73462  0.039168424   -219.69545    547.10577         1000           10           10           10            0            0            0 
    1730    77.713476   -219.74296  0.040181021   -219.70277    193.00984         1000           10           10           10            0            0            0 
    1740    68.908166   -219.74223  0.035628318    -219.7066   -177.25003         1000           10           10           10            0            0            0 
    1750    65.270825   -219.74188  0.033747665   -219.70813   -463.69054         1000           10           10           10            0            0            0 
    1760    49.715486   -219.73401  0.025704924    -219.7083   -570.43433         1000           10           10           10            0            0            0 
    1770    63.143564   -219.74134  0.032647785    -219.7087   -521.25923         1000           10           10           10            0            0            0 
    1780    59.909549   -219.73904  0.030975668   -219.70806   -265.79283         1000           10           10           10            0            0            0 
    1790    67.081244   -219.74091  0.034683725   -219.70622    77.711339         1000           10           10           10            0            0            0 
    1800    68.101715    -219.7375   0.03521135   -219.70229    428.95851         1000           10           10           10            0            0            0 
    1810    68.587149   -219.73203  0.035462339   -219.69657    666.35876         1000           10           10           10            0            0            0 
    1820    86.709259   -219.73517  0.044832206   -219.69033    675.34862         1000           10           10           10            0            0            0 
    1830    91.346101   -219.73006  0.047229641   -219.68283    483.08327         1000           10           10           10            0            0            0 
    1840    116.81613   -219.73488  0.060398681   -219.67448    94.244541         1000           10           10           10            0            0            0 
    1850    103.34284   -219.71643  0.053432442     -219.663   -312.26424         1000           10           10           10            0            0            0 
    1860    131.49602   -219.72066  0.067988779   -219.65268   -657.58882         1000           10           10           10            0            0            0 
    1870    131.88264   -219.71257  0.068188678   -219.64438   -706.59147         1000           10           10           10            0            0            0 
    1880     136.6057   -219.71118  0.070630688   -219.64055   -466.29096         1000           10           10           10            0            0            0 
    1890    158.76189   -219.72402  0.082086338   -219.64193   -69.767301         1000           10           10           10            0            0            0 
    1900    133.51186   -219.71437  0.069031052   -219.64534    410.92398         1000           10           10           10            0            0            0 
    1910    138.42614   -219.72578  0.071571932   -219.65421    699.91563         1000           10           10           10            0            0            0 
    1920    102.99905   -219.72097  0.053254689   -219.66771    749.08964         1000           10           10           10            0            0            0 
    1930    86.857071   -219.73163  0.044908631   -219.68672    520.09766         1000           10           10           10            0            0            0 
    1940     57.12078   -219.73322  0.029533761   -219.70368    151.72913         1000           10           10           10            0            0            0 
    1950    56.349333   -219.74425  0.029134892   -219.71512   -207.50634         1000           10           10           10            0            0            0 
    1960    42.383547   -219.74161  0.021914014   -219.71969   -436.49468         1000           10           10           10            0            0            0 
    1970    34.770083    -219.7397  0.017977544   -219.72172   -516.44921         1000           10           10           10            0            0            0 
    1980    48.694869   -219.74832  0.025177224   -219.72314   -464.07183         1000           10           10           10            0            0            0 
    1990    44.898979   -219.74629  0.023214594   -219.72308   -250.12021         1000           10           10           10            0            0            0 
    2000    60.518366   -219.75383  0.031290451   -219.72254    33.087875         1000           10           10           10            0            0            0 
    2010    51.400662   -219.74612  0.026576228   -219.71954    351.30766         1000           10           10           10            0            0            0 
    2020    63.945504   -219.74877   0.03306242   -219.71571    549.42816         1000           10           10           10            0            0            0 
    2030    73.150743   -219.74888  0.037821903   -219.71106    561.75615         1000           10           10           10            0            0            0 
    2040    83.897145   -219.74904  0.043378228   -219.70566    377.30322         1000           10           10           10            0            0            0 
    2050    93.903515   -219.74747  0.048551928   -219.69892    29.004706         1000           10           10           10            0            0            0 
    2060    106.29526    -219.7458  0.054958963   -219.69084   -365.28393         1000           10           10           10            0            0            0 
    2070    132.60769   -219.75169  0.068563557   -219.68313   -687.44324         1000           10           10           10            0            0            0 
    2080    116.72482   -219.73523  0.060351469   -219.67488   -758.07106         1000           10           10           10            0            0            0 
    2090    152.05881   -219.74943  0.078620573   -219.67081   -619.46829         1000           10           10           10            0            0            0 
    2100    144.64969   -219.74261  0.074789762   -219.66782   -198.02569         1000           10           10           10            0            0            0 
    2110    164.24747   -219.75104  0.084922607   -219.66612    258.85833         1000           10           10           10            0            0            0 
    2120    163.27758   -219.74993  0.084421135   -219.66551    620.26649         1000           10           10           10            0            0            0 
    2130    132.23007   -219.73474  0.068368314   -219.66638    738.27367         1000           10           10           10            0            0            0 
    2140    139.72674   -219.74415  0.072244396    -219.6719    519.08027         1000           10           10           10            0            0            0 
    2150    145.62795   -219.75419  0.075295559    -219.6789     118.3207         1000           10           10           10            0            0            0 
    2160    123.80495   -219.74863  0.064012181   -219.68461   -291.64607         1000           10           10           10            0            0            0 
    2170    92.952179    -219.7387  0.048060049   -219.69064   -580.59871         1000           10           10           10            0            0            0 
    2180    96.325894   -219.74764  0.049804396   -219.69784   -706.75076         1000           10           10           10            0            0            0 
    2190     74.83623   -219.74336  0.038693368   -219.70467   -552.96652         1000           10           10           10            0            0            0 
    2200    78.531846   -219.75226  0.040604151   -219.71166   -262.61662         1000           10           10           10            0            0            0 
    2210    59.890059   -219.74718  0.030965591   -219.71622    105.34467         1000           10           10           10            0            0            0 
    2220    49.238428   -219.74489  0.025458266   -219.71943    390.55226         1000           10           10           10            0            0            0 
    2230    51.790959   -219.74887  0.026778027   -219.72209    520.64882         1000           10           10           10            0            0            0 
    2240    43.800768    -219.7466  0.022646775   -219.72395    505.08561         1000           10           10           10            0            0            0 
    2250    39.163511   -219.74566  0.020249124   -219.72541    334.14593         1000           10           10           10            0            0            0 
    2260     37.09887   -219.74537  0.019181621   -219.72619    54.339048         1000           10           10           10            0            0            0 
    2270    48.416323   -219.75076  0.025033204   -219.72573   -258.73346         1000           10           10           10            0            0            0 
    2280    34.967336   -219.74035  0.018079532   -219.72227   -454.45379         1000           10           10           10            0            0            0 
    2290    41.893197   -219.73816  0.021660483    -219.7165   -542.36327         1000           10           10           10            0            0            0 
    2300    52.648399   -219.73492  0.027221359   -219.70769   -459.28668         1000           10           10           10            0            0            0 
    2310     75.57292   -219.73472  0.039074267   -219.69565   -201.71603         1000           10           10           10            0            0            0 
    2320    102.14754   -219.73532  0.052814422   -219.68251    180.05728         1000           10           10           10            0            0            0 
    2330    97.784106   -219.71876  0.050558351    -219.6682    598.00472         1000           10           10           10            0            0            0 
    2340    118.49119    -219.7185  0.061264752   -219.65724    790.69972         1000           10           10           10            0            0            0 
    2350    138.01624   -219.72237  0.071359995   -219.65101    694.79152         1000           10           10           10            0            0            0 
    2360    165.95134   -219.73481  0.085803575     -219.649    342.12665         1000           10           10           10            0            0            0 
    2370    128.57197   -219.71372  0.066476924   -219.64725   -78.556391         1000           10           10           10            0            0            0 
    2380    135.00295   -219.71987  0.069802002   -219.65007   -519.84992         1000           10           10           10            0            0            0 
    2390     126.2268   -219.72086  0.065264379    -219.6556   -760.26942         1000           10           10           10            0            0            0 
    2400    112.17373   -219.72247  0.057998371   -219.66447   -665.99631         1000           10           10           10            0            0            0 
    2410    111.16997   -219.73269  0.057479386   -219.67521   -353.21079         1000           10           10           10            0            0            0 
    2420    89.006056   -219.73038  0.046019743   -219.68436    66.213545         1000           10           10           10            0            0            0 
    2430     97.80745   -219.74322  0.050570421   -219.69265    403.91311         1000           10           10           10            0            0            0 
    2440    75.338525   -219.73703  0.038953075   -219.69808    625.17571         1000           10           10           10            0            0            0 
    2450    74.104606   -219.74149  0.038315089   -219.70318    623.70712         1000           10           10           10            0            0            0 
    2460    60.090754   -219.73825  0.031069359   -219.70718    425.29745         1000           10           10           10            0            0            0 
    2470    71.120131   -219.74746  0.036771994   -219.71069    54.309565         1000           10           10           10            0            0            0 
    2480    73.067642   -219.74956  0.037778936   -219.71178   -312.03319         1000           10           10           10            0            0            0 
    2490    52.485496   -219.73794  0.027137131    -219.7108   -531.99596         1000           10           10           10            0            0            0 
    2500    66.056122   -219.74453  0.034153695   -219.71037   -627.59546         1000           10           10           10            0            0            0 
    2510    68.331334   -219.74419  0.035330073   -219.70886    -523.0168         1000           10           10           10            0            0            0 
    2520    89.070219   -219.75236  0.046052918    -219.7063   -265.16435         1000           10           10           10            0            0            0 
    2530    83.489076   -219.74316   0.04316724       -219.7    139.19515         1000           10           10           10            0            0            0 
    2540    99.953771   -219.74063  0.051680156   -219.68895    513.85021         1000           10           10           10            0            0            0 
    2550    126.88275   -219.73943  0.065603531   -219.67383    746.33099         1000           10           10           10            0            0            0 
    2560    157.80808   -219.73814  0.081593179   -219.65654    692.66077         1000           10           10           10            0            0            0 
    2570    185.82005   -219.73777  0.096076508   -219.64169    358.73133         1000           10           10           10            0            0            0 
    2580    179.79695   -219.72386  0.092962317    -219.6309   -143.62617         1000           10           10           10            0            0            0 
    2590    210.38566   -219.73734   0.10877792   -219.62856   -664.02339         1000           10           10           10            0            0            0 
    2600    174.90923   -219.72173  0.090435169   -219.63129   -877.12694         1000           10           10           10            0            0            0 
    2610    185.32145   -219.73739  0.095818709   -219.64157   -821.98829         1000           10           10           10            0            0            0 
    2620    148.43415   -219.72946  0.076746479   -219.65271   -412.64827         1000           10           10           10            0            0            0 
    2630    139.54612   -219.73502  0.072151006   -219.66286    89.064657         1000           10           10           10            0            0            0 
    2640    142.50256   -219.74374  0.073679605   -219.67006    497.76431         1000           10           10           10            0            0            0 
    2650    118.43753   -219.73572  0.061237009   -219.67449      733.002         1000           10           10           10            0            0            0 
    2660    101.77864   -219.73189  0.052623689   -219.67927    703.27775         1000           10           10           10            0            0            0 
    2670    102.27499   -219.73756  0.052880322   -219.68468    400.12256         1000           10           10           10            0            0            0 
    2680    114.09685   -219.74803  0.058992704   -219.68904   -31.652523         1000           10           10           10            0            0            0 
    2690    88.235823    -219.7362  0.045621501   -219.69058   -400.00563         1000           10           10           10            0            0            0 
    2700    95.635952   -219.74185  0.049447668    -219.6924    -659.8599         1000           10           10           10            0            0            0 
    2710    74.635997   -219.73207  0.038589839   -219.69348   -648.21384         1000           10           10           10            0            0            0 
    2720    89.543833   -219.74205  0.046297796   -219.69576   -462.09865         1000           10           10           10            0            0            0 
    2730    98.779103    -219.7485  0.051072805   -219.69743   -110.59741         1000           10           10           10            0            0            0 
    2740    80.367067   -219.73826  0.041553035   -219.69671    310.14366         1000           10           10           10            0            0            0 
    2750    80.220824   -219.73698  0.041477422    -219.6955    608.36907         1000           10           10           10            0            0            0 
    2760    93.558747    -219.7429  0.048373669   -219.69453    687.86771         1000           10           10           10            0            0            0 
    2770    96.763216   -219.74281  0.050030509   -219.69278    557.66634         1000           10           10           10            0            0            0 
    2780    86.483412   -219.73439  0.044715434   -219.68968    251.35597         1000           10           10           10            0            0            0 
    2790    116.37439   -219.74534  0.060170284   -219.68517   -194.04534         1000           10           10           10            0            0            0 
    2800    105.44121    -219.7306  0.054517383   -219.67608   -542.34019         1000           10           10           10            0            0            0 
    2810    133.13039   -219.73393  0.068833813   -219.66509   -741.40953         1000           10           10           10            0            0            0 
    2820    144.39249   -219.72651  0.074656775   -219.65186   -637.29101         1000           10           10           10            0            0            0 
    2830    158.72081   -219.72066    0.0820651    -219.6386   -276.36052         1000           10           10           10            0            0            0 
    2840    194.60082   -219.72923   0.10061652   -219.62861    205.93684         1000           10           10           10            0            0            0 
    2850    203.01226   -219.72721   0.10496558   -219.62225    665.59121         1000           10           10           10            0            0            0 
    2860    191.06172   -219.72162  0.098786664   -219.62283    931.97399         1000           10           10           10            0            0            0 
    2870    157.73143   -219.71423  0.081553552   -219.63268    817.80316         1000           10           10           10            0            0            0 
    2880    171.21659    -219.7402  0.088525927   -219.65167    367.05734         1000           10           10           10            0            0            0 
    2890    126.62542   -219.73491  0.065470483   -219.66944   -113.16094         1000           10           10           10            0            0            0 
    2900     99.69351   -219.73533   0.05154559   -219.68379   -489.86448         1000           10           10           10            0            0            0 
    2910    70.581399   -219.73005  0.036493448   -219.69356   -631.64001         1000           10           10           10            0            0            0 
    2920    70.693892    -219.7374  0.036551611   -219.70085   -601.73194         1000           10           10           10            0            0            0 
    2930    76.752102   -219.74542  0.039683952   -219.70574   -370.51651         1000           10           10           10            0            0            0 
    2940    66.463933   -219.74238  0.034364551   -219.70802  -0.82265737         1000           10           10           10            0            0            0 
    2950    69.237285   -219.74426  0.035798486   -219.70846    356.10116         1000           10           10           10            0            0            0 
    2960     63.27049   -219.73995  0.032713411   -219.70724    603.73265         1000           10           10           10            0            0            0 
    2970    86.367625    -219.7513  0.044655567   -219.70664    627.95357         1000           10           10           10            0            0            0 
    2980    73.698402   -219.74278  0.038105064   -219.70467    484.86916         1000           10           10           10            0            0            0 
    2990    78.217865   -219.74268   0.04044181   -219.70224    143.45966         1000           10           10           10            0            0            0 
    3000     95.53029   -219.74807  0.049393036   -219.69868   -289.45813         1000           10           10           10            0            0            0 
    3010     99.96226   -219.74487  0.051684545   -219.69318   -632.14835         1000           10           10           10            0            0            0 
    3020    102.35538   -219.73998  0.052921883   -219.68706   -764.38475         1000           10           10           10            0            0            0 
    3030    103.02057   -219.73461  0.053265818   -219.68134   -645.61919         1000           10           10           10            0            0            0 
    3040    139.00342   -219.74892  0.071870409   -219.67705   -361.05064         1000           10           10           10            0            0            0 
    3050    146.33386   -219.74738  0.075660546   -219.67172    108.07172         1000           10           10           10            0            0            0 
    3060    166.93625   -219.75252  0.086312817    -219.6662    542.98293         1000           10           10           10            0            0            0 
    3070    143.58458   -219.73492  0.074239055   -219.66068    823.13242         1000           10           10           10            0            0            0 
    3080    156.64159    -219.7408  0.080990059   -219.65981    700.57356         1000           10           10           10            0            0            0 
    3090     181.0029   -219.75636  0.093585846   -219.66277    262.52487         1000           10           10           10            0            0            0 
    3100    149.12691   -219.74327  0.077104665   -219.66617   -176.36735         1000           10           10           10            0            0            0 
    3110    135.63733    -219.7444  0.070130001   -219.67427   -577.25104         1000           10           10           10            0            0            0 
    3120    99.503183   -219.73857  0.051447183   -219.68713   -748.75677         1000           10           10           10            0            0            0 
    3130    93.323681   -219.75054   0.04825213   -219.70229   -700.36151         1000           10           10           10            0            0            0 
    3140    74.719791   -219.75229  0.038633164   -219.71366   -413.16277         1000           10           10           10            0            0            0 
    3150    62.809663   -219.75311  0.032475144   -219.72064   -42.354625         1000           10           10           10            0            0            0 
    3160    52.498132   -219.75087  0.027143665   -219.72373    295.58963         1000           10           10           10            0            0            0 
    3170    54.488821   -219.75319  0.028172932   -219.72502    497.81187         1000           10           10           10            0            0            0 
    3180    51.570707    -219.7518  0.026664149   -219.72514    550.84295         1000           10           10           10            0            0            0 
    3190    40.626606   -219.74513  0.021005604   -219.72413    452.42082         1000           10           10           10            0            0            0 
    3200    54.764421   -219.75128  0.028315428   -219.72296    173.19859         1000           10           10           10            0            0            0 
    3210    51.747433   -219.74645  0.026755523   -219.71969   -159.54203         1000           10           10           10            0            0            0 
    3220      59.5908   -219.74517  0.030810862   -219.71436   -473.15001         1000           10           10           10            0            0            0 
    3230     53.65067   -219.73478  0.027739573   -219.70704   -626.42217         1000           10           10           10            0            0            0 
    3240    62.942002   -219.73187  0.032543569   -219.69933   -591.52669         1000           10           10           10            0            0            0 
    3250    86.600789   -219.73668  0.044776122    -219.6919   -369.06378         1000           10           10           10            0            0            0 
    3260    98.166793   -219.73476  0.050756216     -219.684    29.450117         1000           10           10           10            0            0            0 
    3270    92.388164   -219.72306   0.04776843    -219.6753    472.72997         1000           10           10           10            0            0            0 
    3280    98.420259    -219.7191  0.050887268   -219.66821     761.5707         1000           10           10           10            0            0            0 
    3290    119.45935    -219.7265  0.061765332   -219.66474    781.60477         1000           10           10           10            0            0            0 
    3300      103.952   -219.71714  0.053747401   -219.66339    550.83016         1000           10           10           10            0            0            0 
    3310    128.03649   -219.73115  0.066200059   -219.66495    92.750943         1000           10           10           10            0            0            0 
    3320    103.19615    -219.7183    0.0533566   -219.66494   -341.12113         1000           10           10           10            0            0            0 
    3330    102.34769   -219.71968   0.05291791   -219.66676   -657.98357         1000           10           10           10            0            0            0 
    3340    103.13401    -219.7236   0.05332447   -219.67027   -730.00812         1000           10           10           10            0            0            0 
    3350    96.172395   -219.72473  0.049725031   -219.67501   -527.00987         1000           10           10           10            0            0            0 
    3360    93.314902   -219.72847  0.048247591   -219.68023   -150.19598         1000           10           10           10            0            0            0 
    3370    90.763428   -219.73149  0.046928375   -219.68456    262.73375         1000           10           10           10            0            0            0 
    3380     88.63911   -219.73373  0.045830017    -219.6879    589.60713         1000           10           10           10            0            0            0 
    3390    71.011652   -219.72775  0.036715906   -219.69103    729.51849         1000           10           10           10            0            0            0 
    3400    80.284111   -219.73741  0.041510143    -219.6959    597.84359         1000           10           10           10            0            0            0 
    3410    68.928713   -219.73628  0.035638942   -219.70064    290.92957         1000           10           10           10            0            0            0 
    3420    75.288271   -219.74433  0.038927091   -219.70541   -120.84225         1000           10           10           10            0            0            0 
    3430    63.315691   -219.74191  0.032736782   -219.70918   -443.81332         1000           10           10           10            0            0            0 
    3440    53.372294   -219.74139  0.027595642    -219.7138   -598.89624         1000           10           10           10            0            0            0 
    3450     52.93207   -219.74702  0.027368028   -219.71966   -564.61284         1000           10           10           10            0            0            0 
    3460    45.741956   -219.74905  0.023650448    -219.7254   -353.87987         1000           10           10           10            0            0            0 
    3470    50.030879   -219.75611  0.025867995   -219.73024   -69.994999         1000           10           10           10            0            0            0 
    3480    37.486079   -219.75231  0.019381824   -219.73293     237.8018         1000           10           10           10            0            0            0 
    3490    38.769564   -219.75456  0.020045438   -219.73452    437.23541         1000           10           10           10            0            0            0 
    3500    36.308638   -219.75416  0.018773039   -219.73539     500.8163         1000           10           10           10            0            0            0 
    3510    38.601699   -219.75575  0.019958645   -219.73579    400.31112         1000           10           10           10            0            0            0 
    3520    40.427691   -219.75606  0.020902757   -219.73516    172.58635         1000           10           10           10            0            0            0 
    3530    42.586938    -219.7547  0.022019175   -219.73268   -116.77327         1000           10           10           10            0            0            0 
    3540    51.480878   -219.75466  0.026617703   -219.72804   -410.62965         1000           10           10           10            0            0            0 
    3550    50.662461   -219.74701  0.026194548   -219.72081    -587.1498         1000           10           10           10            0            0            0 
    3560    69.254464   -219.74854  0.035807368   -219.71273   -618.00714         1000           10           10           10            0            0            0 
    3570    70.390455   -219.74069  0.036394722   -219.70429   -416.12106         1000           10           10           10            0            0            0 
    3580    94.419911   -219.74613  0.048818925   -219.69731   -74.627156         1000           10           10           10            0            0            0 
    3590    104.05603   -219.74476   0.05380119   -219.69096    342.21905         1000           10           10           10            0            0            0 
    3600    93.805401   -219.73249  0.048501199   -219.68399     681.7057         1000           10           10           10            0            0            0 
    3610    112.00186   -219.73777  0.057909504   -219.67986    736.02339         1000           10           10           10            0            0            0 
    3620    113.03918   -219.73549  0.058445844   -219.67704    536.94875         1000           10           10           10            0            0            0 
    3630    126.07075   -219.74032  0.065183695   -219.67514    125.42186         1000           10           10           10            0            0            0 
    3640    120.45635   -219.73486  0.062280822   -219.67258   -307.08268         1000           10           10           10            0            0            0 
    3650    114.44797   -219.72954  0.059174245   -219.67036   -636.70799         1000           10           10           10            0            0            0 
    3660    98.927756    -219.7205  0.051149664   -219.66935   -747.77405         1000           10           10           10            0            0            0 
    3670    119.55058   -219.73379  0.061812501   -219.67198   -612.51094         1000           10           10           10            0            0            0 
    3680     109.9529   -219.73203  0.056850111   -219.67518     -216.484         1000           10           10           10            0            0            0 
    3690     97.04619   -219.72862  0.050176818   -219.67844     266.2409         1000           10           10           10            0            0            0 
    3700    111.32972   -219.74021  0.057561982   -219.68264    597.71249         1000           10           10           10            0            0            0 
    3710    84.625821    -219.7302  0.043754984   -219.68644     742.5142         1000           10           10           10            0            0            0 
    3720    91.909325   -219.74042  0.047520851    -219.6929    619.01579         1000           10           10           10            0            0            0 
    3730    71.122895   -219.73539  0.036773423   -219.69862    325.87721         1000           10           10           10            0            0            0 
    3740     66.34988   -219.73878  0.034305581   -219.70448   -62.738722         1000           10           10           10            0            0            0 
    3750    65.249332   -219.74265  0.033736553   -219.70891   -411.77733         1000           10           10           10            0            0            0 
    3760    52.328399    -219.7392  0.027055906   -219.71214   -581.24212         1000           10           10           10            0            0            0 
    3770    42.858792   -219.73769  0.022159735   -219.71553   -549.48531         1000           10           10           10            0            0            0 
    3780    46.353286   -219.74305   0.02396653   -219.71909   -356.73363         1000           10           10           10            0            0            0 
    3790     56.92532   -219.75132    0.0294327   -219.72189   -66.416612         1000           10           10           10            0            0            0 
    3800    41.858184   -219.74399   0.02164238   -219.72235     272.6268         1000           10           10           10            0            0            0 
    3810    47.193421   -219.74644  0.024400914   -219.72204    507.93388         1000           10           10           10            0            0            0 
    3820    40.910351    -219.7414  0.021152312   -219.72024    605.23343         1000           10           10           10            0            0            0 
    3830    54.478014   -219.74581  0.028167344   -219.71765    504.90264         1000           10           10           10            0            0            0 
    3840    66.749318   -219.74718  0.034512106   -219.71267    242.07954         1000           10           10           10            0            0            0 
    3850    65.816121   -219.73681  0.034029605   -219.70278   -113.92621         1000           10           10           10            0            0            0 
    3860    92.033939   -219.73748  0.047585281    -219.6899   -509.98554         1000           10           10           10            0            0            0 
    3870    113.72159   -219.73492  0.058798676   -219.67613   -751.71538         1000           10           10           10            0            0            0 
    3880    122.37098   -219.72791  0.063270763   -219.66464   -703.80239         1000           10           10           10            0            0            0 
    3890    125.14426   -219.72139  0.064704663   -219.65668   -391.91355         1000           10           10           10            0            0            0 
    3900    167.63143   -219.74056  0.086672254   -219.65389    41.020318         1000           10           10           10            0            0            0 
    3910    142.32028   -219.72453  0.073585363   -219.65094    559.21748         1000           10           10           10            0            0            0 
    3920    154.70694   -219.73238  0.079989767   -219.65239    823.97125         1000           10           10           10            0            0            0 
    3930    131.33004    -219.7251   0.06790296    -219.6572    814.59659         1000           10           10           10            0            0            0 
    3940    120.74623   -219.72818    0.0624307   -219.66575    484.44935         1000           10           10           10            0            0            0 
    3950    129.52145   -219.74219  0.066967848   -219.67522   -27.883293         1000           10           10           10            0            0            0 
    3960    110.22709   -219.73946  0.056991879   -219.68247   -444.35668         1000           10           10           10            0            0            0 
    3970    85.751555   -219.73251  0.044337034   -219.68817   -678.40334         1000           10           10           10            0            0            0 
    3980    68.365342   -219.72908  0.035347656   -219.69373   -684.49161         1000           10           10           10            0            0            0 
    3990    87.353029   -219.74505  0.045165061   -219.69988    -517.1807         1000           10           10           10            0            0            0 
    4000    71.467546   -219.74067  0.036951621   -219.70372   -134.57207         1000           10           10           10            0            0            0 
    4010    71.051732   -219.74295  0.036736629   -219.70621     258.5481         1000           10           10           10            0            0            0 
    4020    57.789843   -219.73646  0.029879694   -219.70658    561.40987         1000           10           10           10            0            0            0 
    4030    66.475715   -219.74135  0.034370642   -219.70698    648.53496         1000           10           10           10            0            0            0 
    4040    71.576653   -219.74404  0.037008034   -219.70703    523.34168         1000           10           10           10            0            0            0 
    4050    61.363766   -219.73736  0.031727557   -219.70563    254.15527         1000           10           10           10            0            0            0 
    4060    75.639247   -219.74188   0.03910856   -219.70277   -155.02825         1000           10           10           10            0            0            0 
    4070    76.566827   -219.73505  0.039588157   -219.69546   -528.72016         1000           10           10           10            0            0            0 
    4080    103.75189   -219.73645  0.053643939    -219.6828   -788.26134         1000           10           10           10            0            0            0 
    4090    106.15371   -219.71696  0.054885778   -219.66208   -752.55366         1000           10           10           10            0            0            0 
    4100    156.56964   -219.71909   0.08095286   -219.63814   -484.71385         1000           10           10           10            0            0            0 
    4110    206.21615   -219.72534   0.10662212   -219.61872   -15.541991         1000           10           10           10            0            0            0 
    4120    210.97779   -219.71582   0.10908408   -219.60673    565.16755         1000           10           10           10            0            0            0 
    4130    200.95467   -219.70941   0.10390172   -219.60551    924.43657         1000           10           10           10            0            0            0 
    4140    177.53433   -219.70816  0.091792452   -219.61636    840.35239         1000           10           10           10            0            0            0 
    4150    182.99215   -219.72928  0.094614368   -219.63467    390.65146         1000           10           10           10            0            0            0 
    4160    141.29671   -219.72273  0.073056134   -219.64967   -137.04657         1000           10           10           10            0            0            0 
    4170    126.75288   -219.72759  0.065536383   -219.66205   -573.97474         1000           10           10           10            0            0            0 
    4180    85.009894   -219.71465  0.043953565    -219.6707   -737.27157         1000           10           10           10            0            0            0 
    4190    83.528005   -219.72238  0.043187368   -219.67919   -702.76051         1000           10           10           10            0            0            0 
    4200     94.68026   -219.73557  0.048953537   -219.68662   -430.27497         1000           10           10           10            0            0            0 
    4210      75.7783   -219.72993  0.039180456   -219.69075    10.660284         1000           10           10           10            0            0            0 
    4220    74.984424   -219.73187   0.03876999    -219.6931    424.73436         1000           10           10           10            0            0            0 
    4230    65.071595   -219.72783  0.033644655   -219.69419    683.70213         1000           10           10           10            0            0            0 
    4240    79.686165   -219.73736  0.041200981   -219.69616    686.08649         1000           10           10           10            0            0            0 
    4250    70.697429   -219.73384   0.03655344   -219.69729    496.76574         1000           10           10           10            0            0            0 
    4260    69.329173   -219.73392  0.035845996   -219.69808    146.86653         1000           10           10           10            0            0            0 
    4270    69.127956   -219.73308  0.035741959   -219.69733   -273.10028         1000           10           10           10            0            0            0 
    4280    79.806183   -219.73677  0.041263035   -219.69551   -618.69309         1000           10           10           10            0            0            0 
    4290    78.803958   -219.73332  0.040744844   -219.69257   -730.46876         1000           10           10           10            0            0            0 
    4300    76.713328   -219.72871  0.039663904   -219.68904   -592.07831         1000           10           10           10            0            0            0 
    4310    110.37826   -219.74239  0.057070039   -219.68532    -282.7957         1000           10           10           10            0            0            0 
    4320    115.01207   -219.73697  0.059465905    -219.6775    166.52942         1000           10           10           10            0            0            0 
    4330      151.949   -219.74539    0.0785638   -219.66683    574.63498         1000           10           10           10            0            0            0 
    4340    146.89569    -219.7277  0.075951034   -219.65174    867.04107         1000           10           10           10            0            0            0 
    4350    163.13648   -219.72179  0.084348181   -219.63744    812.72587         1000           10           10           10            0            0            0 
    4360    209.56048   -219.73637   0.10835127   -219.62802    348.26589         1000           10           10           10            0            0            0 
    4370    222.84243   -219.73659   0.11521858   -219.62137   -238.82555         1000           10           10           10            0            0            0 
    4380    180.04671   -219.71327  0.093091456   -219.62018   -676.73561         1000           10           10           10            0            0            0 
    4390    186.68819   -219.72873  0.096525372    -219.6322   -919.48203         1000           10           10           10            0            0            0 
    4400    163.65874    -219.7374   0.08461821   -219.65279   -789.79982         1000           10           10           10            0            0            0 
    4410    123.55115   -219.73974  0.063880959   -219.67586   -387.03767         1000           10           10           10            0            0            0 
    4420    119.92764   -219.75629  0.062007458   -219.69428    64.234427         1000           10           10           10            0            0            0 
    4430    77.356216   -219.74338  0.039996303   -219.70339    478.06951         1000           10           10           10            0            0            0 
    4440    81.761897   -219.75087  0.042274219   -219.70859    657.99644         1000           10           10           10            0            0            0 
    4450    76.254352   -219.75098  0.039426594   -219.71156    608.24328         1000           10           10           10            0            0            0 
    4460    81.068707   -219.75531  0.041915812    -219.7134    346.15202         1000           10           10           10            0            0            0 
    4470    70.088834   -219.74942  0.036238771   -219.71319   -7.5900411         1000           10           10           10            0            0            0 
    4480    82.236339   -219.75471  0.042519525   -219.71219   -399.18944         1000           10           10           10            0            0            0 
    4490    83.255505   -219.75235  0.043046474   -219.70931   -666.78622         1000           10           10           10            0            0            0 
    4500    71.878092    -219.7427   0.03716389   -219.70554   -710.61837         1000           10           10           10            0            0            0 
    4510    96.355256   -219.75237  0.049819578   -219.70255   -564.60438         1000           10           10           10            0            0            0 
    4520    89.364982    -219.7439  0.046205322   -219.69769    -188.8694         1000           10           10           10            0            0            0 
    4530    121.43468   -219.75503   0.06278666   -219.69224    240.63886         1000           10           10           10            0            0            0 
    4540    110.37794   -219.74061  0.057069872   -219.68354    646.46323         1000           10           10           10            0            0            0 
    4550      123.148   -219.73917  0.063672514    -219.6755    806.20124         1000           10           10           10            0            0            0 
    4560     131.6873   -219.73745   0.06808768   -219.66936    653.29982         1000           10           10           10            0            0            0 
    4570    146.29087   -219.74031  0.075638318   -219.66467    223.47601         1000           10           10           10            0            0            0 
    4580    163.48426     -219.745  0.084527998   -219.66048   -290.50288         1000           10           10           10            0            0            0 
    4590    125.34118    -219.7203  0.064806475   -219.65549   -663.59529         1000           10           10           10            0            0            0 
    4600    149.45576   -219.73306  0.077274694   -219.65579   -871.09748         1000           10           10           10            0            0            0 
    4610    133.01918   -219.72817  0.068776315   -219.65939   -730.15508         1000           10           10           10            0            0            0 
    4620    129.83573   -219.73464  0.067130342   -219.66751   -336.22965         1000           10           10           10            0            0            0 
    4630      103.214   -219.73155  0.053365824   -219.67819    179.43224         1000           10           10           10            0            0            0 
    4640     90.01719   -219.73735   0.04654254    -219.6908    541.32476         1000           10           10           10            0            0            0 
    4650    68.129888   -219.73795  0.035225917   -219.70272    683.97947         1000           10           10           10            0            0            0 
    4660    48.667088   -219.73788  0.025162859   -219.71271    600.42307         1000           10           10           10            0            0            0 
    4670    47.501971    -219.7439  0.024560447   -219.71933    338.69171         1000           10           10           10            0            0            0 
    4680    34.745768   -219.74041  0.017964972   -219.72245    24.002613         1000           10           10           10            0            0            0 
    4690    46.573174    -219.7477  0.024080221   -219.72362   -310.33021         1000           10           10           10            0            0            0 
    4700     32.86711   -219.73942   0.01699363   -219.72242   -507.25859         1000           10           10           10            0            0            0 
    4710    32.334355   -219.73772  0.016718174     -219.721   -555.14125         1000           10           10           10            0            0            0 
    4720    38.621792   -219.73954  0.019969034   -219.71957   -436.66724         1000           10           10           10            0            0            0 
    4730    49.720909   -219.74339  0.025707728   -219.71768   -162.70194         1000           10           10           10            0            0            0 
    4740    54.063252   -219.74203  0.027952895   -219.71408    204.41541         1000           10           10           10            0            0            0 
    4750    48.071231    -219.7331  0.024854777   -219.70825    541.95124         1000           10           10           10            0            0            0 
    4760    69.397523    -219.7389  0.035881336   -219.70302    693.60561         1000           10           10           10            0            0            0 
    4770    69.287551    -219.7332  0.035824476   -219.69738    647.21338         1000           10           10           10            0            0            0 
    4780    94.465348   -219.74197  0.048842419   -219.69313    353.44384         1000           10           10           10            0            0            0 
    4790    88.796044   -219.73379  0.045911158   -219.68788   -37.446183         1000           10           10           10            0            0            0 
    4800    97.263824   -219.73284  0.050289344   -219.68255   -467.15855         1000           10           10           10            0            0            0 
    4810    108.48418   -219.73421  0.056090725   -219.67812   -750.27875         1000           10           10           10            0            0            0 
    4820    101.85561   -219.72754  0.052663482   -219.67487   -715.35758         1000           10           10           10            0            0            0 
    4830    116.80151   -219.73455  0.060391119   -219.67416   -432.66181         1000           10           10           10            0            0            0 
    4840    114.26103   -219.73276   0.05907759   -219.67368    15.810509         1000           10           10           10            0            0            0 
    4850    136.68594   -219.74474  0.070672178   -219.67406    428.92456         1000           10           10           10            0            0            0 
    4860    117.26431     -219.734  0.060630407   -219.67337    753.68771         1000           10           10           10            0            0            0 
    4870    112.17028   -219.73244  0.057996588   -219.67445    807.09844         1000           10           10           10            0            0            0 
    4880    109.63056   -219.73488   0.05668345    -219.6782    563.29994         1000           10           10           10            0            0            0 
    4890    124.35434   -219.74741  0.064296242   -219.68312    86.480919         1000           10           10           10            0            0            0 
    4900     104.3503   -219.74016  0.053953342   -219.68621   -346.32126         1000           10           10           10            0            0            0 
    4910     85.46055   -219.73396  0.044186572   -219.68978   -630.07966         1000           10           10           10            0            0            0 
    4920    87.717996   -219.74041  0.045353763   -219.69506   -718.72142         1000           10           10           10            0            0            0 
    4930    70.400817   -219.73833  0.036400079   -219.70193   -530.82951         1000           10           10           10            0            0            0 
    4940    82.726866   -219.75344  0.042773147   -219.71066   -225.99681         1000           10           10           10            0            0            0 
    4950    54.927072   -219.74614  0.028399525   -219.71774    176.00616         1000           10           10           10            0            0            0 
    4960    49.563993   -219.74988  0.025626596   -219.72425    459.32198         1000           10           10           10            0            0            0 
    4970    41.784156   -219.75044  0.021604104   -219.72884    562.40454         1000           10           10           10            0            0            0 
    4980    40.406364   -219.75342   0.02089173   -219.73253    487.01672         1000           10           10           10            0            0            0 
    4990     34.46244   -219.75257   0.01781848   -219.73475    277.16177         1000           10           10           10            0            0            0 
    5000     32.69229   -219.75267  0.016903241   -219.73577   -5.9793531         1000           10           10           10            0            0            0 
Loop time of 74.6213 on 1 procs for 5000 steps with 5 atoms

Performance: 11.578 ns/day, 2.073 hours/ns, 67.005 timesteps/s
150.1% CPU use with 1 MPI tasks x no OpenMP threads

MPI task timing breakdown:
Section |  min time  |  avg time  |  max time  |%varavg| %total
---------------------------------------------------------------
Pair    | 74.378     | 74.378     | 74.378     |   0.0 | 99.67
Neigh   | 0.0031576  | 0.0031576  | 0.0031576  |   0.0 |  0.00
Comm    | 0.01371    | 0.01371    | 0.01371    |   0.0 |  0.02
Output  | 0.20289    | 0.20289    | 0.20289    |   0.0 |  0.27
Modify  | 0.017939   | 0.017939   | 0.017939   |   0.0 |  0.02
Other   |            | 0.00549    |            |       |  0.01

Nlocal:    5 ave 5 max 5 min
Histogram: 1 0 0 0 0 0 0 0 0 0
Nghost:    112 ave 112 max 112 min
Histogram: 1 0 0 0 0 0 0 0 0 0
Neighs:    0 ave 0 max 0 min
Histogram: 1 0 0 0 0 0 0 0 0 0

Total # of neighbors = 0
Ave neighs/atom = 0
Neighbor list builds = 292
Dangerous builds = 0
Total wall time: 0:01:17
