#       step         max_devi_e         min_devi_e         avg_devi_e         max_devi_f         min_devi_f         avg_devi_f
           0       3.433549e+00       8.385025e-01       1.373558e+00       6.410892e-03       5.411876e-03       5.959155e-03
          10       3.453324e+00       8.441882e-01       1.381496e+00       8.759311e-03       5.026111e-03       7.551319e-03
          20       3.474716e+00       8.485595e-01       1.390115e+00       1.157336e-02       6.555897e-03       1.038376e-02
          30       3.488853e+00       8.512566e-01       1.395778e+00       1.242447e-02       5.732725e-03       1.034842e-02
          40       3.488968e+00       8.542122e-01       1.395741e+00       8.663218e-03       4.098271e-03       7.152956e-03
          50       3.478067e+00       8.529346e-01       1.391385e+00       9.067003e-03       5.159103e-03       7.886450e-03
          60       3.459881e+00       8.480765e-01       1.384143e+00       1.335381e-02       5.255350e-03       1.134277e-02
          70       3.438649e+00       8.475146e-01       1.375545e+00       9.854293e-03       6.761697e-03       8.986246e-03
          80       3.422480e+00       8.421302e-01       1.369015e+00       5.501095e-03       4.087549e-03       4.787536e-03
          90       3.416459e+00       8.329784e-01       1.366649e+00       7.699901e-03       5.770344e-03       6.698040e-03
         100       3.424118e+00       8.339604e-01       1.369741e+00       8.837311e-03       6.292599e-03       8.039518e-03
         110       3.442175e+00       8.403981e-01       1.376956e+00       9.430716e-03       5.179502e-03       8.484043e-03
         120       3.464575e+00       8.437052e-01       1.385948e+00       1.111341e-02       4.525571e-03       9.493985e-03
         130       3.482417e+00       8.410607e-01       1.393137e+00       9.610738e-03       6.054242e-03       8.271196e-03
         140       3.490983e+00       8.397807e-01       1.396643e+00       1.250727e-02       6.180092e-03       1.057115e-02
         150       3.486583e+00       8.415737e-01       1.394880e+00       1.400312e-02       4.911314e-03       1.175803e-02
         160       3.468954e+00       8.379770e-01       1.387738e+00       9.382696e-03       5.716820e-03       8.264278e-03
         170       3.446601e+00       8.276184e-01       1.378852e+00       7.952024e-03       6.614659e-03       6.986711e-03
         180       3.427967e+00       8.169499e-01       1.371515e+00       9.096927e-03       7.747746e-03       8.433632e-03
         190       3.419230e+00       8.184527e-01       1.368002e+00       1.082622e-02       8.079142e-03       8.990164e-03
         200       3.422668e+00       8.233629e-01       1.369309e+00       9.383122e-03       6.573005e-03       8.450604e-03
         210       3.437418e+00       8.259554e-01       1.375223e+00       9.061350e-03       7.978147e-03       8.440586e-03
         220       3.456840e+00       8.254328e-01       1.383092e+00       8.919590e-03       4.855715e-03       7.777890e-03
         230       3.475282e+00       8.287067e-01       1.390518e+00       1.050883e-02       5.378183e-03       9.092685e-03
         240       3.486773e+00       8.364834e-01       1.395083e+00       1.077663e-02       6.034060e-03       9.546342e-03
         250       3.486881e+00       8.385445e-01       1.395081e+00       1.021178e-02       8.276461e-03       8.966991e-03
         260       3.477076e+00       8.334386e-01       1.391205e+00       8.829945e-03       6.062690e-03       7.691158e-03
         270       3.461668e+00       8.268949e-01       1.385101e+00       9.557237e-03       7.478744e-03       8.893820e-03
         280       3.444793e+00       8.271661e-01       1.378324e+00       9.400639e-03       7.496876e-03       8.549756e-03
         290       3.431542e+00       8.282011e-01       1.372964e+00       9.222543e-03       6.453408e-03       7.535992e-03
         300       3.426755e+00       8.269520e-01       1.371085e+00       1.042013e-02       6.760337e-03       8.686816e-03
         310       3.431427e+00       8.232525e-01       1.373073e+00       1.029199e-02       8.418489e-03       9.157923e-03
         320       3.444754e+00       8.249237e-01       1.378482e+00       1.004925e-02       8.960239e-03       9.532182e-03
         330       3.463126e+00       8.273961e-01       1.385862e+00       9.930966e-03       6.908119e-03       9.035933e-03
         340       3.480244e+00       8.289785e-01       1.392703e+00       1.002416e-02       7.483955e-03       8.451238e-03
         350       3.491242e+00       8.332999e-01       1.397186e+00       1.173577e-02       6.637586e-03       1.010631e-02
         360       3.488134e+00       8.323279e-01       1.396011e+00       1.476852e-02       1.225979e-02       1.309464e-02
         370       3.469334e+00       8.263779e-01       1.388389e+00       9.258256e-03       4.641274e-03       7.566425e-03
         380       3.442937e+00       8.218816e-01       1.377743e+00       9.868189e-03       6.981474e-03       8.388429e-03
         390       3.421619e+00       8.177344e-01       1.369277e+00       1.345570e-02       1.036796e-02       1.212913e-02
         400       3.412674e+00       8.143701e-01       1.365806e+00       1.263864e-02       1.166479e-02       1.226599e-02
         410       3.418244e+00       8.153659e-01       1.368070e+00       1.367099e-02       1.082887e-02       1.214298e-02
         420       3.435692e+00       8.192196e-01       1.374947e+00       9.482360e-03       8.147275e-03       9.068930e-03
         430       3.457251e+00       8.291473e-01       1.383436e+00       8.212749e-03       5.069199e-03       6.780678e-03
         440       3.477959e+00       8.371134e-01       1.391723e+00       1.382269e-02       4.859935e-03       1.123310e-02
         450       3.487768e+00       8.406075e-01       1.395596e+00       1.239588e-02       1.040292e-02       1.099448e-02
         460       3.485378e+00       8.423169e-01       1.394548e+00       6.125383e-03       3.401337e-03       5.472806e-03
         470       3.473719e+00       8.418748e-01       1.389885e+00       8.500134e-03       4.097585e-03       7.257742e-03
         480       3.456369e+00       8.376410e-01       1.382993e+00       1.046661e-02       4.932388e-03       9.046348e-03
         490       3.438578e+00       8.323612e-01       1.375898e+00       9.478100e-03       8.187652e-03       8.797775e-03
         500       3.426132e+00       8.300461e-01       1.370920e+00       1.122542e-02       5.276509e-03       7.551693e-03
         510       3.424425e+00       8.264755e-01       1.370253e+00       9.878057e-03       5.321901e-03       7.144729e-03
         520       3.433496e+00       8.227831e-01       1.373917e+00       1.239624e-02       1.002312e-02       1.135412e-02
         530       3.449681e+00       8.261704e-01       1.380387e+00       1.369290e-02       8.808673e-03       1.242368e-02
         540       3.467165e+00       8.306330e-01       1.387293e+00       7.077820e-03       5.127378e-03       6.474847e-03
         550       3.483565e+00       8.322044e-01       1.393888e+00       9.610107e-03       3.819393e-03       7.890357e-03
         560       3.491261e+00       8.287476e-01       1.397082e+00       1.289571e-02       6.387797e-03       1.142000e-02
         570       3.484127e+00       8.247595e-01       1.394225e+00       1.021366e-02       6.323904e-03       8.914524e-03
         580       3.466815e+00       8.215085e-01       1.387248e+00       6.361180e-03       3.241474e-03       4.919402e-03
         590       3.446739e+00       8.142792e-01       1.379218e+00       8.265363e-03       4.500195e-03       6.063729e-03
         600       3.430225e+00       8.045592e-01       1.372696e+00       1.109625e-02       8.496469e-03       9.716604e-03
         610       3.421220e+00       7.976904e-01       1.369190e+00       1.490032e-02       1.180535e-02       1.349314e-02
         620       3.423450e+00       7.965073e-01       1.370059e+00       1.150674e-02       8.148030e-03       9.715936e-03
         630       3.437757e+00       8.020311e-01       1.375661e+00       9.428179e-03       3.440501e-03       6.603922e-03
         640       3.462224e+00       8.094894e-01       1.385510e+00       1.523958e-02       8.636022e-03       1.337013e-02
         650       3.483009e+00       8.133756e-01       1.393872e+00       1.553347e-02       7.607800e-03       1.341973e-02
         660       3.491685e+00       8.152315e-01       1.397230e+00       8.400618e-03       6.175780e-03       7.031322e-03
         670       3.489459e+00       8.161343e-01       1.396293e+00       8.300138e-03       5.834332e-03       7.118704e-03
         680       3.476871e+00       8.125216e-01       1.391285e+00       1.204368e-02       7.750842e-03       1.045831e-02
         690       3.456105e+00       8.062308e-01       1.383007e+00       1.180101e-02       6.331649e-03       1.008435e-02
         700       3.435230e+00       7.992708e-01       1.374694e+00       1.006142e-02       7.735740e-03       8.554237e-03
         710       3.424063e+00       7.956635e-01       1.370234e+00       8.447055e-03       1.913111e-03       3.933704e-03
         720       3.425472e+00       8.011199e-01       1.370713e+00       1.048879e-02       8.455550e-03       9.456001e-03
         730       3.437847e+00       8.075825e-01       1.375646e+00       1.225206e-02       8.893443e-03       1.147516e-02
         740       3.453792e+00       8.119195e-01       1.382006e+00       1.045476e-02       5.923682e-03       8.400631e-03
         750       3.470238e+00       8.166309e-01       1.388554e+00       5.819841e-03       3.178991e-03       4.853896e-03
         760       3.484200e+00       8.214475e-01       1.394165e+00       1.074134e-02       4.550353e-03       8.713676e-03
         770       3.489150e+00       8.242961e-01       1.396146e+00       1.244475e-02       6.407575e-03       1.034335e-02
         780       3.482324e+00       8.229492e-01       1.393415e+00       8.182891e-03       4.596378e-03       7.206581e-03
         790       3.467748e+00       8.168374e-01       1.387641e+00       7.142395e-03       3.310315e-03       5.158015e-03
         800       3.451331e+00       8.116846e-01       1.381153e+00       9.380071e-03       6.361986e-03       8.208699e-03
         810       3.435607e+00       8.110400e-01       1.374842e+00       1.140888e-02       1.082403e-02       1.112990e-02
         820       3.425027e+00       8.078926e-01       1.370609e+00       1.158012e-02       7.674017e-03       9.697862e-03
         830       3.424821e+00       8.049487e-01       1.370600e+00       1.198646e-02       3.579272e-03       7.461654e-03
         840       3.437401e+00       8.059604e-01       1.375780e+00       1.128272e-02       9.661403e-03       1.052720e-02
         850       3.459328e+00       8.110755e-01       1.384663e+00       1.503306e-02       5.356650e-03       1.258147e-02
         860       3.479142e+00       8.185365e-01       1.392531e+00       1.164287e-02       7.155869e-03       1.029828e-02
         870       3.491932e+00       8.216319e-01       1.397678e+00       1.088511e-02       6.177319e-03       8.346915e-03
         880       3.493169e+00       8.177965e-01       1.398305e+00       1.357390e-02       9.439869e-03       1.152307e-02
         890       3.479757e+00       8.181535e-01       1.392935e+00       1.415832e-02       4.161942e-03       1.173681e-02
         900       3.454739e+00       8.187618e-01       1.382686e+00       1.173910e-02       8.558637e-03       1.025484e-02
         910       3.430938e+00       8.122772e-01       1.373052e+00       1.145452e-02       4.340298e-03       7.942979e-03
         920       3.419194e+00       8.063222e-01       1.368439e+00       1.179200e-02       6.604923e-03       8.787156e-03
         930       3.421530e+00       8.084449e-01       1.369430e+00       1.406317e-02       1.161413e-02       1.262372e-02
         940       3.434328e+00       8.186165e-01       1.374402e+00       1.217539e-02       9.376070e-03       1.128106e-02
         950       3.451340e+00       8.288653e-01       1.381006e+00       7.388483e-03       5.343942e-03       6.446864e-03
         960       3.471067e+00       8.351057e-01       1.388897e+00       8.761678e-03       4.695533e-03       7.515578e-03
         970       3.486491e+00       8.379783e-01       1.395102e+00       1.297250e-02       8.075705e-03       1.094273e-02
         980       3.490074e+00       8.446096e-01       1.396454e+00       1.142750e-02       5.182752e-03       9.391600e-03
         990       3.480696e+00       8.458927e-01       1.392539e+00       6.845128e-03       4.583360e-03       5.907580e-03
        1000       3.462928e+00       8.439837e-01       1.385391e+00       5.866531e-03       4.259311e-03       5.164470e-03
        1010       3.443922e+00       8.360343e-01       1.377872e+00       9.957138e-03       6.722143e-03       9.081969e-03
        1020       3.428571e+00       8.339333e-01       1.371738e+00       1.189250e-02       8.831236e-03       1.089427e-02
        1030       3.420701e+00       8.357652e-01       1.368463e+00       7.484200e-03       6.030086e-03       6.800211e-03
        1040       3.424001e+00       8.416296e-01       1.369708e+00       6.930894e-03       5.072309e-03       5.873067e-03
        1050       3.440032e+00       8.487154e-01       1.376190e+00       1.327667e-02       5.678897e-03       1.162185e-02
        1060       3.460076e+00       8.552713e-01       1.384183e+00       1.308420e-02       6.255557e-03       1.133489e-02
        1070       3.477974e+00       8.572058e-01       1.391273e+00       7.163886e-03       3.443421e-03       6.105954e-03
        1080       3.488591e+00       8.535771e-01       1.395519e+00       7.360165e-03       5.297230e-03       6.155551e-03
        1090       3.486360e+00       8.500432e-01       1.394675e+00       8.664501e-03       6.392201e-03       8.091257e-03
        1100       3.472449e+00       8.484977e-01       1.389138e+00       1.068078e-02       4.702695e-03       9.090337e-03
        1110       3.450862e+00       8.437365e-01       1.380454e+00       8.935282e-03       5.454792e-03       8.126967e-03
        1120       3.429398e+00       8.341516e-01       1.371834e+00       4.860739e-03       2.079281e-03       3.406283e-03
        1130       3.417081e+00       8.234843e-01       1.367022e+00       1.217084e-02       5.387953e-03       1.046501e-02
        1140       3.418172e+00       8.224952e-01       1.367539e+00       1.789271e-02       4.434309e-03       1.481345e-02
        1150       3.428830e+00       8.271284e-01       1.371677e+00       9.850821e-03       7.079385e-03       9.014260e-03
        1160       3.449830e+00       8.294409e-01       1.380095e+00       6.854007e-03       4.808380e-03       5.581801e-03
        1170       3.473224e+00       8.287384e-01       1.389595e+00       1.201004e-02       7.580992e-03       1.010595e-02
        1180       3.487741e+00       8.306429e-01       1.395420e+00       1.022216e-02       6.838074e-03       9.387311e-03
        1190       3.489267e+00       8.351843e-01       1.395936e+00       8.736413e-03       6.863429e-03       7.843927e-03
        1200       3.478169e+00       8.337924e-01       1.391441e+00       7.136148e-03       5.087152e-03       5.828456e-03
        1210       3.460285e+00       8.269255e-01       1.384365e+00       7.930747e-03       5.165425e-03       6.793265e-03
        1220       3.442563e+00       8.186142e-01       1.377404e+00       1.255400e-02       5.529907e-03       1.082438e-02
        1230       3.429620e+00       8.183544e-01       1.372196e+00       1.140008e-02       7.052771e-03       1.005829e-02
        1240       3.425193e+00       8.215018e-01       1.370338e+00       8.655457e-03       3.139149e-03       5.424064e-03
        1250       3.432476e+00       8.223995e-01       1.373328e+00       8.729367e-03       7.507222e-03       8.040910e-03
        1260       3.447022e+00       8.215320e-01       1.379260e+00       1.177216e-02       8.186982e-03       1.044603e-02
        1270       3.463018e+00       8.259111e-01       1.385632e+00       8.819741e-03       6.941762e-03       8.214963e-03
        1280       3.477655e+00       8.340604e-01       1.391402e+00       6.169596e-03       4.429603e-03       5.467168e-03
        1290       3.486727e+00       8.377797e-01       1.395053e+00       8.854737e-03       7.279089e-03       7.989100e-03
        1300       3.486123e+00       8.353820e-01       1.394932e+00       1.093821e-02       3.188897e-03       8.954651e-03
        1310       3.474708e+00       8.281119e-01       1.390440e+00       9.676447e-03       5.605097e-03       8.039926e-03
        1320       3.456239e+00       8.266895e-01       1.383049e+00       7.414875e-03       3.318554e-03       5.443793e-03
        1330       3.437666e+00       8.200872e-01       1.375667e+00       8.804496e-03       6.981022e-03       7.958891e-03
        1340       3.423985e+00       8.167070e-01       1.370332e+00       1.282201e-02       1.102747e-02       1.208530e-02
        1350       3.418393e+00       8.122155e-01       1.368187e+00       1.267344e-02       1.025682e-02       1.174544e-02
        1360       3.425781e+00       8.139249e-01       1.371076e+00       1.030325e-02       5.310282e-03       7.069903e-03
        1370       3.448227e+00       8.211605e-01       1.380037e+00       1.097515e-02       7.332248e-03       9.565218e-03
        1380       3.473361e+00       8.259181e-01       1.390192e+00       1.583528e-02       8.608857e-03       1.402223e-02
        1390       3.488712e+00       8.298239e-01       1.396354e+00       1.471590e-02       8.118339e-03       1.163343e-02
        1400       3.490228e+00       8.312983e-01       1.396877e+00       1.090147e-02       4.291040e-03       7.187705e-03
        1410       3.479466e+00       8.272083e-01       1.392512e+00       9.516495e-03       6.246911e-03       7.468243e-03
        1420       3.460651e+00       8.244492e-01       1.384913e+00       1.110577e-02       6.505223e-03       9.647693e-03
        1430       3.439506e+00       8.253905e-01       1.376367e+00       1.121896e-02       7.636052e-03       9.977356e-03
        1440       3.423490e+00       8.245619e-01       1.369910e+00       9.452378e-03       6.991272e-03       8.559819e-03
        1450       3.419748e+00       8.230883e-01       1.368411e+00       1.014600e-02       5.733746e-03       7.052292e-03
        1460       3.428966e+00       8.236034e-01       1.372147e+00       1.275828e-02       9.939415e-03       1.162994e-02
        1470       3.444704e+00       8.285828e-01       1.378445e+00       1.281166e-02       8.348651e-03       1.147988e-02
        1480       3.462538e+00       8.331092e-01       1.385520e+00       7.593930e-03       3.276536e-03       6.246879e-03
        1490       3.479193e+00       8.369973e-01       1.392160e+00       6.643031e-03       4.494696e-03       5.636439e-03
        1500       3.488714e+00       8.395595e-01       1.396025e+00       1.151875e-02       6.046578e-03       9.261999e-03
        1510       3.485313e+00       8.417430e-01       1.394657e+00       1.081694e-02       6.830631e-03       9.640413e-03
        1520       3.470328e+00       8.399868e-01       1.388594e+00       8.706597e-03       6.131132e-03       7.660756e-03
        1530       3.450837e+00       8.351229e-01       1.380778e+00       7.464499e-03       5.286086e-03       6.510044e-03
        1540       3.434420e+00       8.297960e-01       1.374279e+00       1.128442e-02       9.824512e-03       1.049659e-02
        1550       3.424460e+00       8.198025e-01       1.370397e+00       1.400057e-02       1.051028e-02       1.284308e-02
        1560       3.422464e+00       8.128254e-01       1.369600e+00       8.745533e-03       7.531426e-03       8.049174e-03
        1570       3.432797e+00       8.180898e-01       1.373653e+00       8.905138e-03       4.254201e-03       6.404038e-03
        1580       3.452820e+00       8.242107e-01       1.381640e+00       9.691614e-03       6.527977e-03       8.895462e-03
        1590       3.474172e+00       8.258038e-01       1.390217e+00       1.043645e-02       4.880799e-03       8.902060e-03
        1600       3.487934e+00       8.228470e-01       1.395746e+00       9.305012e-03       8.116024e-03       8.564511e-03
        1610       3.490483e+00       8.191655e-01       1.396800e+00       9.871701e-03       6.712023e-03       8.300417e-03
        1620       3.480927e+00       8.162121e-01       1.393063e+00       1.096871e-02       4.486036e-03       9.399916e-03
        1630       3.462172e+00       8.091472e-01       1.385684e+00       1.624627e-02       8.706714e-03       1.428158e-02
        1640       3.438126e+00       7.961710e-01       1.376195e+00       1.391396e-02       1.033880e-02       1.297807e-02
        1650       3.417317e+00       7.875257e-01       1.367914e+00       1.300663e-02       7.421683e-03       1.004282e-02
        1660       3.413790e+00       7.892741e-01       1.366441e+00       1.307528e-02       1.020505e-02       1.201408e-02
        1670       3.425808e+00       7.943787e-01       1.371088e+00       1.285226e-02       9.871114e-03       1.124934e-02
        1680       3.448627e+00       8.023014e-01       1.380057e+00       8.406202e-03       5.655955e-03       7.427210e-03
        1690       3.471341e+00       8.102052e-01       1.389078e+00       7.858955e-03       6.079833e-03       6.911194e-03
        1700       3.486409e+00       8.134832e-01       1.395123e+00       8.586810e-03       6.110378e-03       7.217567e-03
        1710       3.489572e+00       8.170365e-01       1.396352e+00       9.744679e-03       6.303924e-03       7.875566e-03
        1720       3.481880e+00       8.179267e-01       1.393225e+00       1.161802e-02       6.070787e-03       9.560455e-03
        1730       3.465888e+00       8.145653e-01       1.386792e+00       9.719190e-03       5.526860e-03       8.342807e-03
        1740       3.447985e+00       8.102161e-01       1.379631e+00       8.265488e-03       6.914174e-03       7.731957e-03
        1750       3.434914e+00       8.055329e-01       1.374451e+00       1.008808e-02       4.554920e-03       7.867959e-03
        1760       3.429105e+00       8.050534e-01       1.372096e+00       1.018247e-02       8.170434e-03       8.843256e-03
        1770       3.432380e+00       8.073012e-01       1.373380e+00       8.988596e-03       6.782418e-03       7.620770e-03
        1780       3.443693e+00       8.091122e-01       1.377968e+00       8.064336e-03       5.472169e-03       6.925014e-03
        1790       3.459946e+00       8.104006e-01       1.384544e+00       8.841198e-03       4.812146e-03       6.955993e-03
        1800       3.476454e+00       8.151218e-01       1.391129e+00       8.810716e-03       4.725449e-03       7.192462e-03
        1810       3.487500e+00       8.197131e-01       1.395509e+00       9.746995e-03       7.115457e-03       8.150996e-03
        1820       3.488163e+00       8.193934e-01       1.395811e+00       9.754119e-03       8.515907e-03       9.123616e-03
        1830       3.477726e+00       8.157002e-01       1.391718e+00       8.808850e-03       7.569842e-03       8.052938e-03
        1840       3.459855e+00       8.069220e-01       1.384749e+00       1.057913e-02       5.318137e-03       9.129624e-03
        1850       3.438601e+00       8.006907e-01       1.376328e+00       1.259295e-02       1.175475e-02       1.204437e-02
        1860       3.422659e+00       7.962796e-01       1.370047e+00       1.370599e-02       8.434271e-03       1.103351e-02
        1870       3.419435e+00       7.904636e-01       1.368971e+00       1.400065e-02       1.132893e-02       1.279040e-02
        1880       3.430125e+00       7.898311e-01       1.373310e+00       1.327036e-02       1.105266e-02       1.252093e-02
        1890       3.450033e+00       8.015318e-01       1.381036e+00       1.071723e-02       8.807270e-03       9.528798e-03
        1900       3.472418e+00       8.126970e-01       1.389816e+00       1.300989e-02       8.371605e-03       1.061420e-02
        1910       3.487827e+00       8.176517e-01       1.395936e+00       1.179116e-02       8.662853e-03       1.022946e-02
        1920       3.489627e+00       8.199421e-01       1.396654e+00       8.967839e-03       5.828172e-03       7.660727e-03
        1930       3.480496e+00       8.220626e-01       1.392982e+00       1.058406e-02       4.107708e-03       8.702876e-03
        1940       3.463551e+00       8.252046e-01       1.386005e+00       9.383586e-03       6.267339e-03       8.299328e-03
        1950       3.447459e+00       8.255167e-01       1.379431e+00       7.933605e-03       3.561942e-03       6.260080e-03
        1960       3.436611e+00       8.225821e-01       1.375079e+00       8.798377e-03       6.838293e-03       7.836471e-03
        1970       3.432705e+00       8.247427e-01       1.373475e+00       1.021137e-02       8.378355e-03       8.967735e-03
        1980       3.435911e+00       8.332492e-01       1.374653e+00       7.975004e-03       5.939901e-03       7.038168e-03
        1990       3.445279e+00       8.391816e-01       1.378304e+00       7.100277e-03       4.697993e-03       5.803312e-03
        2000       3.459383e+00       8.444311e-01       1.383936e+00       7.526082e-03       4.541613e-03       6.297168e-03
        2010       3.473751e+00       8.479999e-01       1.389712e+00       9.761990e-03       5.976145e-03       8.028701e-03
        2020       3.483091e+00       8.483542e-01       1.393444e+00       9.076037e-03       5.075858e-03       7.373988e-03
        2030       3.483165e+00       8.495963e-01       1.393410e+00       5.892076e-03       5.154461e-03       5.506210e-03
        2040       3.474343e+00       8.506691e-01       1.389881e+00       9.482213e-03       4.163230e-03       7.560392e-03
        2050       3.457700e+00       8.500785e-01       1.383239e+00       1.139325e-02       6.091721e-03       9.800443e-03
        2060       3.437761e+00       8.452408e-01       1.375189e+00       7.504450e-03       6.596510e-03       6.942193e-03
        2070       3.423019e+00       8.413785e-01       1.369238e+00       5.629309e-03       2.766400e-03       4.026204e-03
        2080       3.417476e+00       8.438173e-01       1.367011e+00       8.899929e-03       6.286548e-03       7.594184e-03
        2090       3.425653e+00       8.428335e-01       1.370303e+00       8.310761e-03       4.991674e-03       7.433523e-03
        2100       3.444041e+00       8.490100e-01       1.377665e+00       9.606001e-03       7.760859e-03       8.668915e-03
        2110       3.466526e+00       8.526125e-01       1.386666e+00       8.019747e-03       4.990285e-03       6.738007e-03
        2120       3.483789e+00       8.512244e-01       1.393611e+00       9.306401e-03       5.323314e-03       7.491890e-03
        2130       3.489525e+00       8.479126e-01       1.396040e+00       1.609801e-02       6.987387e-03       1.333167e-02
        2140       3.479705e+00       8.460811e-01       1.392068e+00       1.333090e-02       5.316090e-03       1.123993e-02
        2150       3.460718e+00       8.418475e-01       1.384351e+00       5.982713e-03       4.035060e-03       4.983850e-03
        2160       3.441789e+00       8.346940e-01       1.376829e+00       9.658384e-03       5.796008e-03       8.501045e-03
        2170       3.427438e+00       8.275844e-01       1.371134e+00       1.045400e-02       8.418462e-03       9.944478e-03
        2180       3.422870e+00       8.264947e-01       1.369283e+00       7.751143e-03       6.283813e-03       6.732438e-03
        2190       3.429395e+00       8.297414e-01       1.371849e+00       7.590575e-03       1.802340e-03       4.374415e-03
        2200       3.444588e+00       8.320579e-01       1.377974e+00       5.766732e-03       3.804698e-03       5.148886e-03
        2210       3.461867e+00       8.336582e-01       1.384999e+00       8.860649e-03       7.473493e-03       8.216932e-03
        2220       3.475597e+00       8.347794e-01       1.390547e+00       9.971600e-03       6.445983e-03       8.693428e-03
        2230       3.482108e+00       8.382048e-01       1.393089e+00       7.159031e-03       4.344280e-03       5.732433e-03
        2240       3.481539e+00       8.400516e-01       1.392856e+00       6.897704e-03       4.093503e-03       6.125656e-03
        2250       3.473797e+00       8.367083e-01       1.389859e+00       1.118838e-02       4.888346e-03       8.941826e-03
        2260       3.459975e+00       8.316318e-01       1.384357e+00       9.151125e-03       6.995441e-03       7.879463e-03
        2270       3.445624e+00       8.295632e-01       1.378584e+00       7.463678e-03       2.373442e-03       5.235797e-03
        2280       3.435746e+00       8.288192e-01       1.374633e+00       9.096836e-03       6.179120e-03       7.387488e-03
        2290       3.431843e+00       8.261858e-01       1.373181e+00       9.246985e-03       7.868776e-03       8.665618e-03
        2300       3.434667e+00       8.215190e-01       1.374478e+00       1.201563e-02       7.504344e-03       9.006982e-03
        2310       3.445783e+00       8.208700e-01       1.379044e+00       8.993880e-03       4.016587e-03       6.305002e-03
        2320       3.463946e+00       8.213491e-01       1.386312e+00       8.110876e-03       3.558162e-03       6.427743e-03
        2330       3.483219e+00       8.225246e-01       1.394075e+00       1.245701e-02       5.012531e-03       1.023637e-02
        2340       3.492555e+00       8.254051e-01       1.397893e+00       1.448518e-02       4.683306e-03       1.185144e-02
        2350       3.486012e+00       8.254114e-01       1.395189e+00       8.853026e-03       5.367763e-03       6.987147e-03
        2360       3.470336e+00       8.199357e-01       1.388912e+00       9.655725e-03       5.396252e-03       8.081620e-03
        2370       3.450249e+00       8.106530e-01       1.381014e+00       1.589615e-02       8.391989e-03       1.360165e-02
        2380       3.429677e+00       8.028561e-01       1.372837e+00       1.327199e-02       1.026004e-02       1.176298e-02
        2390       3.416986e+00       8.045484e-01       1.367703e+00       1.430700e-02       5.025324e-03       8.298068e-03
        2400       3.421488e+00       8.085928e-01       1.369428e+00       1.173172e-02       5.426188e-03       8.319960e-03
        2410       3.438461e+00       8.114126e-01       1.376084e+00       1.159961e-02       7.755925e-03       1.012679e-02
        2420       3.458333e+00       8.200164e-01       1.383880e+00       1.098708e-02       5.770882e-03       9.001894e-03
        2430       3.475496e+00       8.302310e-01       1.390628e+00       7.720906e-03       3.841668e-03       6.594197e-03
        2440       3.485314e+00       8.355154e-01       1.394487e+00       7.970345e-03       4.634725e-03       5.972576e-03
        2450       3.486168e+00       8.345695e-01       1.394863e+00       9.758478e-03       5.375372e-03       8.483056e-03
        2460       3.476732e+00       8.298817e-01       1.391112e+00       1.135809e-02       5.175840e-03       9.523565e-03
        2470       3.459496e+00       8.291173e-01       1.384123e+00       7.823999e-03       4.772009e-03       6.340326e-03
        2480       3.442415e+00       8.295943e-01       1.377220e+00       6.200670e-03       4.983901e-03       5.524872e-03
        2490       3.431393e+00       8.280677e-01       1.372824e+00       1.053598e-02       8.055979e-03       9.512964e-03
        2500       3.427593e+00       8.264658e-01       1.371300e+00       1.019874e-02       8.351943e-03       9.473077e-03
        2510       3.431406e+00       8.302292e-01       1.372778e+00       9.227866e-03       5.250411e-03       6.294005e-03
        2520       3.444291e+00       8.379999e-01       1.377905e+00       6.267977e-03       4.093346e-03       5.506013e-03
        2530       3.462535e+00       8.447792e-01       1.385199e+00       9.690793e-03       5.530950e-03       8.305527e-03
        2540       3.480152e+00       8.457419e-01       1.392344e+00       1.188774e-02       4.368054e-03       9.607280e-03
        2550       3.489798e+00       8.439650e-01       1.396289e+00       8.602178e-03       5.985324e-03       7.077245e-03
        2560       3.486176e+00       8.379761e-01       1.394848e+00       8.488658e-03       5.355224e-03       6.645056e-03
        2570       3.471052e+00       8.345069e-01       1.388825e+00       1.352428e-02       9.492458e-03       1.215955e-02
        2580       3.445739e+00       8.275460e-01       1.378694e+00       1.385064e-02       9.507986e-03       1.241922e-02
        2590       3.421326e+00       8.151727e-01       1.368961e+00       9.811257e-03       7.900980e-03       8.893339e-03
        2600       3.407997e+00       8.047218e-01       1.363701e+00       1.024269e-02       5.262646e-03       7.362339e-03
        2610       3.414219e+00       8.111615e-01       1.366079e+00       9.071780e-03       6.806063e-03       7.935133e-03
        2620       3.434168e+00       8.208972e-01       1.374017e+00       1.380688e-02       8.740409e-03       1.205526e-02
        2630       3.458781e+00       8.250973e-01       1.383923e+00       1.339843e-02       7.509316e-03       1.186202e-02
        2640       3.477945e+00       8.230500e-01       1.391606e+00       5.801316e-03       4.287822e-03       5.318284e-03
        2650       3.489333e+00       8.251157e-01       1.396193e+00       1.030961e-02       7.448655e-03       9.262376e-03
        2660       3.488970e+00       8.282116e-01       1.396048e+00       1.438519e-02       8.929570e-03       1.285371e-02
        2670       3.474538e+00       8.231031e-01       1.390185e+00       1.041129e-02       8.423378e-03       9.286496e-03
        2680       3.454269e+00       8.155706e-01       1.382075e+00       7.073528e-03       3.900393e-03       5.329449e-03
        2690       3.435472e+00       8.099083e-01       1.374594e+00       7.007692e-03       5.177846e-03       6.232116e-03
        2700       3.424803e+00       8.099099e-01       1.370314e+00       9.793131e-03       5.772546e-03       7.941494e-03
        2710       3.424518e+00       8.131208e-01       1.370139e+00       1.127654e-02       9.632416e-03       1.031843e-02
        2720       3.434189e+00       8.146961e-01       1.373981e+00       8.316077e-03       6.604242e-03       7.710734e-03
        2730       3.450903e+00       8.170359e-01       1.380710e+00       7.172812e-03       4.141343e-03       5.490340e-03
        2740       3.470830e+00       8.225628e-01       1.388776e+00       1.287548e-02       6.352828e-03       1.117777e-02
        2750       3.485269e+00       8.271519e-01       1.394531e+00       1.319329e-02       6.271483e-03       1.122509e-02
        2760       3.488623e+00       8.282477e-01       1.395761e+00       6.868141e-03       6.242100e-03       6.621606e-03
        2770       3.482369e+00       8.275219e-01       1.393311e+00       8.836678e-03       5.474623e-03       7.832993e-03
        2780       3.466919e+00       8.238653e-01       1.387207e+00       1.164028e-02       7.694455e-03       1.040587e-02
        2790       3.446649e+00       8.177624e-01       1.379092e+00       9.767781e-03       5.668227e-03       8.244500e-03
        2800       3.428119e+00       8.132778e-01       1.371636e+00       9.380398e-03       4.390564e-03       6.950209e-03
        2810       3.419058e+00       8.084270e-01       1.368084e+00       1.115018e-02       3.823225e-03       7.109428e-03
        2820       3.422896e+00       8.087566e-01       1.369791e+00       1.220129e-02       7.947227e-03       9.936294e-03
        2830       3.439800e+00       8.117356e-01       1.376712e+00       1.574780e-02       1.262774e-02       1.417170e-02
        2840       3.462523e+00       8.123565e-01       1.385780e+00       1.270954e-02       6.551134e-03       1.061930e-02
        2850       3.483152e+00       8.209113e-01       1.393904e+00       7.271052e-03       4.172029e-03       5.337697e-03
        2860       3.497225e+00       8.278933e-01       1.399642e+00       1.371162e-02       5.601397e-03       1.191542e-02
        2870       3.491958e+00       8.257625e-01       1.397520e+00       1.834922e-02       1.179558e-02       1.538547e-02
        2880       3.471467e+00       8.209239e-01       1.389157e+00       9.335221e-03       4.117381e-03       7.777195e-03
        2890       3.448398e+00       8.181263e-01       1.379829e+00       8.588503e-03       3.353283e-03       5.790141e-03
        2900       3.432712e+00       8.172383e-01       1.373585e+00       1.008327e-02       9.279069e-03       9.559219e-03
        2910       3.425708e+00       8.191868e-01       1.370799e+00       1.346907e-02       1.083216e-02       1.154183e-02
        2920       3.427681e+00       8.200209e-01       1.371552e+00       1.184519e-02       7.912150e-03       9.124790e-03
        2930       3.438958e+00       8.264865e-01       1.375974e+00       9.739711e-03       2.506662e-03       5.924612e-03
        2940       3.456410e+00       8.351652e-01       1.382897e+00       8.887092e-03       7.436426e-03       8.092537e-03
        2950       3.474189e+00       8.389852e-01       1.390014e+00       1.157711e-02       3.480308e-03       9.669055e-03
        2960       3.485002e+00       8.429310e-01       1.394280e+00       1.070916e-02       6.329535e-03       8.455358e-03
        2970       3.486438e+00       8.420559e-01       1.394809e+00       5.498058e-03       4.695891e-03       5.212984e-03
        2980       3.479297e+00       8.397829e-01       1.391973e+00       1.032255e-02       5.861062e-03       8.599891e-03
        2990       3.463625e+00       8.349802e-01       1.385735e+00       1.246330e-02       6.008113e-03       1.077646e-02
        3000       3.442720e+00       8.301827e-01       1.377311e+00       8.965783e-03       7.488345e-03       7.882027e-03
        3010       3.425549e+00       8.271741e-01       1.370422e+00       9.367980e-03       3.755730e-03       5.745480e-03
        3020       3.419340e+00       8.247612e-01       1.367950e+00       1.049219e-02       8.203680e-03       9.699676e-03
        3030       3.423925e+00       8.279911e-01       1.369742e+00       1.276626e-02       8.641512e-03       1.145207e-02
        3040       3.438409e+00       8.363115e-01       1.375459e+00       9.691419e-03       4.911222e-03       8.693026e-03
        3050       3.458977e+00       8.435702e-01       1.383630e+00       5.231598e-03       4.486361e-03       5.007780e-03
        3060       3.480336e+00       8.451602e-01       1.392244e+00       8.042283e-03       4.558134e-03       6.756417e-03
        3070       3.493019e+00       8.462501e-01       1.397423e+00       1.377428e-02       9.176828e-03       1.212103e-02
        3080       3.487222e+00       8.486185e-01       1.395049e+00       1.196638e-02       7.709211e-03       1.062403e-02
        3090       3.466713e+00       8.473521e-01       1.386735e+00       5.733475e-03       4.086251e-03       4.855401e-03
        3100       3.445100e+00       8.417611e-01       1.378115e+00       9.407389e-03       7.110900e-03       8.504887e-03
        3110       3.428387e+00       8.411400e-01       1.371455e+00       1.347658e-02       3.446986e-03       1.131688e-02
        3120       3.419661e+00       8.464006e-01       1.367913e+00       1.181011e-02       8.165445e-03       1.083624e-02
        3130       3.423509e+00       8.460158e-01       1.369421e+00       6.963687e-03       4.016042e-03       6.203135e-03
        3140       3.437408e+00       8.485012e-01       1.374975e+00       6.919144e-03       4.755191e-03       6.311773e-03
        3150       3.455824e+00       8.508090e-01       1.382416e+00       1.011301e-02       2.890531e-03       8.318872e-03
        3160       3.471530e+00       8.517950e-01       1.388745e+00       1.021390e-02       5.361726e-03       8.689396e-03
        3170       3.480954e+00       8.501519e-01       1.392510e+00       6.475466e-03       4.968091e-03       5.593605e-03
        3180       3.483775e+00       8.507950e-01       1.393645e+00       7.843932e-03       2.934186e-03       6.214660e-03
        3190       3.478938e+00       8.496919e-01       1.391742e+00       1.035715e-02       2.630525e-03       8.096354e-03
        3200       3.466111e+00       8.430819e-01       1.386691e+00       9.048044e-03       4.097901e-03       7.738339e-03
        3210       3.449345e+00       8.353392e-01       1.380062e+00       8.717377e-03       5.517163e-03       6.803574e-03
        3220       3.434859e+00       8.291014e-01       1.374326e+00       9.676515e-03       6.773395e-03       7.940504e-03
        3230       3.427320e+00       8.264989e-01       1.371350e+00       1.004934e-02       9.624172e-03       9.876571e-03
        3240       3.428797e+00       8.233220e-01       1.372042e+00       1.167513e-02       9.728122e-03       1.094972e-02
        3250       3.438515e+00       8.201914e-01       1.376066e+00       1.001470e-02       8.077378e-03       9.037287e-03
        3260       3.456813e+00       8.234249e-01       1.383489e+00       1.022127e-02       5.528742e-03       8.556317e-03
        3270       3.478212e+00       8.297165e-01       1.392055e+00       1.383826e-02       5.017762e-03       1.180891e-02
        3280       3.491276e+00       8.298274e-01       1.397252e+00       1.237015e-02       6.157685e-03       9.898926e-03
        3290       3.491666e+00       8.229764e-01       1.397535e+00       9.691680e-03       5.439005e-03       7.615298e-03
        3300       3.479184e+00       8.192279e-01       1.392633e+00       8.876297e-03       6.968323e-03       7.714538e-03
        3310       3.459110e+00       8.173686e-01       1.384569e+00       9.210679e-03       7.730451e-03       8.376458e-03
        3320       3.437920e+00       8.115161e-01       1.376015e+00       1.171447e-02       9.430537e-03       1.055601e-02
        3330       3.423674e+00       8.068626e-01       1.370343e+00       1.353461e-02       1.095349e-02       1.217308e-02
        3340       3.420072e+00       8.063812e-01       1.368939e+00       1.272366e-02       1.003670e-02       1.115764e-02
        3350       3.430121e+00       8.112561e-01       1.372911e+00       1.287590e-02       9.055899e-03       1.169227e-02
        3360       3.448825e+00       8.176072e-01       1.380270e+00       1.406116e-02       9.003306e-03       1.251129e-02
        3370       3.468358e+00       8.191941e-01       1.388025e+00       1.005742e-02       6.363491e-03       8.997922e-03
        3380       3.483815e+00       8.222948e-01       1.394207e+00       9.975587e-03       6.989490e-03       8.775707e-03
        3390       3.489894e+00       8.288840e-01       1.396582e+00       1.064154e-02       7.881884e-03       8.867606e-03
        3400       3.484696e+00       8.285029e-01       1.394435e+00       9.997345e-03       6.132934e-03       8.557037e-03
        3410       3.469846e+00       8.251984e-01       1.388398e+00       1.028583e-02       5.462311e-03       8.221233e-03
        3420       3.451148e+00       8.234513e-01       1.380858e+00       9.021398e-03       6.881062e-03       7.725620e-03
        3430       3.435747e+00       8.232004e-01       1.374652e+00       8.851216e-03       7.064175e-03       8.086580e-03
        3440       3.428657e+00       8.239594e-01       1.371760e+00       9.128857e-03       8.208966e-03       8.795992e-03
        3450       3.430901e+00       8.251715e-01       1.372590e+00       8.822707e-03       7.138860e-03       7.956754e-03
        3460       3.440784e+00       8.287878e-01       1.376484e+00       8.127177e-03       5.520769e-03       6.913623e-03
        3470       3.454941e+00       8.381337e-01       1.382098e+00       8.185875e-03       4.630202e-03       6.897235e-03
        3480       3.469152e+00       8.471048e-01       1.387751e+00       8.661045e-03       4.878331e-03       7.392486e-03
        3490       3.478973e+00       8.506854e-01       1.391674e+00       8.907029e-03       3.573626e-03       7.275493e-03
        3500       3.481714e+00       8.526453e-01       1.392753e+00       6.845690e-03       4.340962e-03       6.282020e-03
        3510       3.477074e+00       8.552406e-01       1.390892e+00       7.605806e-03       4.170489e-03       6.351452e-03
        3520       3.466463e+00       8.566630e-01       1.386638e+00       8.319502e-03       2.954967e-03       6.816588e-03
        3530       3.452504e+00       8.524692e-01       1.381036e+00       7.690395e-03       4.102374e-03       6.530180e-03
        3540       3.438695e+00       8.468108e-01       1.375540e+00       6.981397e-03       4.027764e-03       6.231624e-03
        3550       3.429228e+00       8.410142e-01       1.371801e+00       9.283060e-03       6.626220e-03       7.582523e-03
        3560       3.428179e+00       8.347288e-01       1.371445e+00       8.609003e-03       7.192115e-03       8.048059e-03
        3570       3.436750e+00       8.335643e-01       1.374927e+00       1.135519e-02       8.051980e-03       1.010775e-02
        3580       3.452938e+00       8.371531e-01       1.381457e+00       9.286397e-03       6.154962e-03       8.402939e-03
        3590       3.472246e+00       8.375511e-01       1.389273e+00       9.618954e-03       4.020573e-03       7.795369e-03
        3600       3.487549e+00       8.349399e-01       1.395490e+00       1.280692e-02       5.280883e-03       1.014314e-02
        3610       3.490429e+00       8.376851e-01       1.396606e+00       1.128863e-02       6.366301e-03       9.444385e-03
        3620       3.480434e+00       8.390780e-01       1.392544e+00       1.009496e-02       8.505122e-03       9.342489e-03
        3630       3.461509e+00       8.340315e-01       1.385025e+00       1.004695e-02       6.714894e-03       8.868038e-03
        3640       3.440112e+00       8.254646e-01       1.376563e+00       1.059819e-02       8.942135e-03       9.450217e-03
        3650       3.424785e+00       8.194264e-01       1.370594e+00       1.248480e-02       9.720082e-03       1.179515e-02
        3660       3.418702e+00       8.135944e-01       1.368178e+00       1.392858e-02       1.039721e-02       1.193236e-02
        3670       3.425858e+00       8.153512e-01       1.370950e+00       1.153979e-02       6.472640e-03       8.709084e-03
        3680       3.444836e+00       8.236109e-01       1.378577e+00       1.133994e-02       7.835211e-03       9.965105e-03
        3690       3.467270e+00       8.304460e-01       1.387551e+00       1.237250e-02       7.773546e-03       1.082594e-02
        3700       3.484110e+00       8.314100e-01       1.394172e+00       9.206255e-03       6.130475e-03       8.294131e-03
        3710       3.490732e+00       8.332094e-01       1.396723e+00       1.395822e-02       7.299636e-03       9.377390e-03
        3720       3.485737e+00       8.335065e-01       1.394735e+00       9.210903e-03       5.859074e-03       8.244746e-03
        3730       3.471473e+00       8.277842e-01       1.389121e+00       1.115362e-02       6.419344e-03       9.699208e-03
        3740       3.453615e+00       8.183861e-01       1.382016e+00       1.137080e-02       6.113685e-03       9.738876e-03
        3750       3.437373e+00       8.138572e-01       1.375415e+00       8.676332e-03       5.690628e-03       6.778575e-03
        3760       3.429643e+00       8.142041e-01       1.372269e+00       1.013220e-02       8.143702e-03       8.746335e-03
        3770       3.431507e+00       8.157250e-01       1.373030e+00       1.136225e-02       8.573224e-03       1.042433e-02
        3780       3.440303e+00       8.170694e-01       1.376503e+00       9.165226e-03       7.745677e-03       8.426986e-03
        3790       3.454541e+00       8.192120e-01       1.382147e+00       7.668841e-03       4.820602e-03       5.804383e-03
        3800       3.470180e+00       8.247139e-01       1.388370e+00       9.064016e-03       5.740463e-03       7.259362e-03
        3810       3.481787e+00       8.284170e-01       1.393029e+00       9.592791e-03       4.702612e-03       8.340416e-03
        3820       3.485639e+00       8.267032e-01       1.394598e+00       8.885821e-03       5.796211e-03       7.569077e-03
        3830       3.480814e+00       8.225479e-01       1.392686e+00       7.514847e-03       5.271540e-03       5.925661e-03
        3840       3.468606e+00       8.204444e-01       1.387800e+00       8.785423e-03       5.139420e-03       7.688963e-03
        3850       3.451374e+00       8.160949e-01       1.380964e+00       1.287560e-02       6.287427e-03       1.133175e-02
        3860       3.432068e+00       8.074055e-01       1.373308e+00       1.177187e-02       6.627335e-03       1.014229e-02
        3870       3.419064e+00       7.988194e-01       1.368180e+00       9.756669e-03       5.798626e-03       7.600734e-03
        3880       3.421462e+00       7.980924e-01       1.369231e+00       1.285357e-02       8.862948e-03       1.134663e-02
        3890       3.434863e+00       8.049861e-01       1.374551e+00       1.457923e-02       1.208067e-02       1.321356e-02
        3900       3.456126e+00       8.092372e-01       1.383059e+00       9.197348e-03       6.948178e-03       8.427521e-03
        3910       3.478404e+00       8.095547e-01       1.392024e+00       8.394449e-03       4.316619e-03       5.425101e-03
        3920       3.492676e+00       8.175699e-01       1.397668e+00       7.647761e-03       6.379803e-03       6.969810e-03
        3930       3.492987e+00       8.256810e-01       1.397703e+00       1.266478e-02       1.081291e-02       1.169365e-02
        3940       3.477934e+00       8.244420e-01       1.391718e+00       1.375524e-02       7.453250e-03       1.222052e-02
        3950       3.453528e+00       8.167662e-01       1.381935e+00       8.251675e-03       5.048467e-03       7.086325e-03
        3960       3.433866e+00       8.141837e-01       1.374031e+00       7.412729e-03       5.554115e-03       6.459363e-03
        3970       3.424370e+00       8.195740e-01       1.370199e+00       1.397968e-02       9.671872e-03       1.242947e-02
        3980       3.423393e+00       8.232026e-01       1.369760e+00       1.282953e-02       1.067160e-02       1.167314e-02
        3990       3.432220e+00       8.236489e-01       1.373303e+00       8.725798e-03       4.958701e-03       6.455097e-03
        4000       3.449624e+00       8.288024e-01       1.380276e+00       6.791673e-03       5.944420e-03       6.345832e-03
        4010       3.469435e+00       8.431505e-01       1.388178e+00       1.062801e-02       4.144922e-03       8.875836e-03
        4020       3.483549e+00       8.530509e-01       1.393798e+00       1.108446e-02       6.925659e-03       9.256083e-03
        4030       3.487415e+00       8.495702e-01       1.395338e+00       6.411228e-03       5.351183e-03       5.914922e-03
        4040       3.481417e+00       8.503775e-01       1.392971e+00       6.458158e-03       2.273507e-03       4.839215e-03
        4050       3.468590e+00       8.447297e-01       1.387880e+00       1.053464e-02       4.441210e-03       8.932116e-03
        4060       3.449955e+00       8.405132e-01       1.380402e+00       1.172993e-02       6.360504e-03       1.021546e-02
        4070       3.430412e+00       8.306659e-01       1.372577e+00       8.559768e-03       6.279490e-03       7.261790e-03
        4080       3.418519e+00       8.270766e-01       1.367945e+00       1.090739e-02       6.019790e-03       7.820860e-03
        4090       3.418682e+00       8.213377e-01       1.368185e+00       1.450511e-02       1.205700e-02       1.338569e-02
        4100       3.430764e+00       8.163844e-01       1.373128e+00       1.491294e-02       9.951500e-03       1.331363e-02
        4110       3.451330e+00       8.231005e-01       1.381382e+00       8.781768e-03       6.669247e-03       7.796734e-03
        4120       3.477265e+00       8.238953e-01       1.391912e+00       1.284465e-02       5.851901e-03       8.622292e-03
        4130       3.495410e+00       8.249057e-01       1.399271e+00       2.068020e-02       1.108593e-02       1.422165e-02
        4140       3.492211e+00       8.273330e-01       1.397798e+00       1.579897e-02       1.086987e-02       1.315605e-02
        4150       3.472023e+00       8.291698e-01       1.389536e+00       9.099733e-03       3.680606e-03       7.428554e-03
        4160       3.446201e+00       8.215208e-01       1.379256e+00       6.694610e-03       3.938382e-03       5.264628e-03
        4170       3.427411e+00       8.160845e-01       1.371841e+00       1.055536e-02       7.385883e-03       9.361236e-03
        4180       3.419194e+00       8.099951e-01       1.368535e+00       1.377723e-02       1.290481e-02       1.342197e-02
        4190       3.421918e+00       8.135095e-01       1.369519e+00       1.329413e-02       1.123883e-02       1.185924e-02
        4200       3.435358e+00       8.187038e-01       1.374865e+00       1.059076e-02       2.939778e-03       6.916146e-03
        4210       3.455847e+00       8.221092e-01       1.383113e+00       9.540556e-03       7.127555e-03       8.133577e-03
        4220       3.476409e+00       8.279398e-01       1.391294e+00       1.196513e-02       6.349808e-03       9.660267e-03
        4230       3.488492e+00       8.347038e-01       1.395965e+00       1.044868e-02       7.193615e-03       9.029754e-03
        4240       3.488952e+00       8.359584e-01       1.396090e+00       7.839234e-03       5.232558e-03       6.523934e-03
        4250       3.479385e+00       8.333741e-01       1.392349e+00       8.689344e-03       5.123433e-03       6.897883e-03
        4260       3.463380e+00       8.278340e-01       1.386044e+00       1.173199e-02       6.742342e-03       1.032698e-02
        4270       3.443259e+00       8.232733e-01       1.377898e+00       1.083964e-02       1.002163e-02       1.028695e-02
        4280       3.426658e+00       8.214777e-01       1.371162e+00       1.116821e-02       4.226828e-03       7.439686e-03
        4290       3.421223e+00       8.189643e-01       1.369046e+00       1.140418e-02       8.532345e-03       9.799696e-03
        4300       3.427041e+00       8.213449e-01       1.371387e+00       1.248339e-02       1.122587e-02       1.156929e-02
        4310       3.442428e+00       8.282055e-01       1.377411e+00       9.585833e-03       8.098483e-03       8.678585e-03
        4320       3.462169e+00       8.377391e-01       1.385153e+00       7.381916e-03       4.401630e-03       6.272320e-03
        4330       3.481983e+00       8.432649e-01       1.393090e+00       6.553044e-03       4.978938e-03       5.783576e-03
        4340       3.494641e+00       8.411405e-01       1.398354e+00       1.290372e-02       8.489466e-03       1.101873e-02
        4350       3.491682e+00       8.379792e-01       1.397322e+00       1.584346e-02       6.248609e-03       1.333099e-02
        4360       3.469147e+00       8.331609e-01       1.388150e+00       8.252146e-03       6.149190e-03       7.158456e-03
        4370       3.441590e+00       8.235410e-01       1.377167e+00       1.112520e-02       8.666416e-03       1.026742e-02
        4380       3.419251e+00       8.152029e-01       1.368361e+00       1.791341e-02       9.965036e-03       1.535328e-02
        4390       3.408435e+00       8.210282e-01       1.363813e+00       1.052649e-02       9.432201e-03       9.883510e-03
        4400       3.415636e+00       8.303102e-01       1.366446e+00       9.917320e-03       5.098903e-03       6.665982e-03
        4410       3.435614e+00       8.407811e-01       1.374343e+00       6.483683e-03       4.302797e-03       5.531033e-03
        4420       3.459246e+00       8.463835e-01       1.383802e+00       7.093624e-03       4.700191e-03       5.833613e-03
        4430       3.478377e+00       8.523117e-01       1.391479e+00       1.057408e-02       7.940833e-03       8.787285e-03
        4440       3.487959e+00       8.588401e-01       1.395294e+00       9.601115e-03       3.877223e-03       7.825574e-03
        4450       3.485149e+00       8.615572e-01       1.394082e+00       5.723930e-03       3.662746e-03       4.617102e-03
        4460       3.473599e+00       8.590417e-01       1.389486e+00       9.153759e-03       2.092914e-03       7.334966e-03
        4470       3.456490e+00       8.587891e-01       1.382639e+00       1.108479e-02       5.471605e-03       9.368057e-03
        4480       3.438025e+00       8.569554e-01       1.375192e+00       5.973764e-03       4.386486e-03       5.511713e-03
        4490       3.425052e+00       8.503082e-01       1.369996e+00       4.171448e-03       3.363393e-03       3.717988e-03
        4500       3.421945e+00       8.429330e-01       1.368807e+00       7.748821e-03       5.883892e-03       7.064747e-03
        4510       3.430105e+00       8.445368e-01       1.372098e+00       7.730882e-03       4.166033e-03       6.862743e-03
        4520       3.446384e+00       8.438382e-01       1.378619e+00       6.961542e-03       4.452300e-03       6.218620e-03
        4530       3.467456e+00       8.473736e-01       1.387094e+00       6.339288e-03       3.310020e-03       5.477402e-03
        4540       3.485283e+00       8.499079e-01       1.394292e+00       7.967733e-03       5.484820e-03       6.655360e-03
        4550       3.493124e+00       8.498966e-01       1.397531e+00       1.154401e-02       6.433237e-03       9.601089e-03
        4560       3.485232e+00       8.428910e-01       1.394406e+00       1.139784e-02       7.435454e-03       9.479716e-03
        4570       3.464098e+00       8.383874e-01       1.385933e+00       7.687497e-03       4.590610e-03       5.706202e-03
        4580       3.441045e+00       8.258169e-01       1.376813e+00       9.149747e-03       7.352271e-03       8.120224e-03
        4590       3.422025e+00       8.231691e-01       1.369295e+00       1.816317e-02       1.366301e-02       1.516754e-02
        4600       3.413230e+00       8.210783e-01       1.365789e+00       1.147300e-02       9.607736e-03       1.065028e-02
        4610       3.418039e+00       8.213882e-01       1.367682e+00       1.559325e-02       7.026128e-03       9.472753e-03
        4620       3.439010e+00       8.248912e-01       1.376118e+00       1.033476e-02       9.595986e-03       9.857560e-03
        4630       3.463492e+00       8.305778e-01       1.385938e+00       1.130532e-02       8.119883e-03       9.964212e-03
        4640       3.481241e+00       8.356378e-01       1.393019e+00       8.182139e-03       6.403003e-03       6.969208e-03
        4650       3.488389e+00       8.367520e-01       1.395835e+00       7.097534e-03       4.672869e-03       5.272655e-03
        4660       3.485021e+00       8.356789e-01       1.394428e+00       7.536206e-03       5.228476e-03       5.975246e-03
        4670       3.473743e+00       8.349051e-01       1.389900e+00       8.902656e-03       3.828810e-03       7.425150e-03
        4680       3.458287e+00       8.315865e-01       1.383722e+00       9.057103e-03       6.830956e-03       7.795263e-03
        4690       3.443076e+00       8.236245e-01       1.377672e+00       7.993838e-03       2.763884e-03       5.637914e-03
        4700       3.433143e+00       8.178619e-01       1.373721e+00       9.927974e-03       5.967379e-03       7.381255e-03
        4710       3.431363e+00       8.177124e-01       1.373014e+00       1.017565e-02       8.845496e-03       9.386818e-03
        4720       3.436810e+00       8.195205e-01       1.375177e+00       8.860363e-03       6.786010e-03       7.733768e-03
        4730       3.449321e+00       8.209711e-01       1.380209e+00       8.650740e-03       2.003669e-03       5.475400e-03
        4740       3.466526e+00       8.203099e-01       1.387156e+00       8.015469e-03       5.037084e-03       6.801578e-03
        4750       3.481874e+00       8.235119e-01       1.393258e+00       9.673318e-03       4.864269e-03       7.673325e-03
        4760       3.489665e+00       8.284777e-01       1.396309e+00       8.843370e-03       5.471347e-03       7.686427e-03
        4770       3.486405e+00       8.275699e-01       1.394999e+00       8.779324e-03       5.677956e-03       6.652054e-03
        4780       3.472646e+00       8.193950e-01       1.389583e+00       7.800281e-03       5.299572e-03       6.174508e-03
        4790       3.453231e+00       8.092476e-01       1.381898e+00       9.425218e-03       4.620110e-03       8.011574e-03
        4800       3.432983e+00       8.061787e-01       1.373742e+00       1.021898e-02       7.265869e-03       8.900258e-03
        4810       3.419160e+00       8.046800e-01       1.368138e+00       1.112478e-02       4.523651e-03       7.039545e-03
        4820       3.419723e+00       8.012180e-01       1.368439e+00       1.061160e-02       6.314578e-03       8.220134e-03
        4830       3.434656e+00       8.026531e-01       1.374474e+00       1.226699e-02       7.991417e-03       1.103309e-02
        4840       3.455072e+00       8.136146e-01       1.382504e+00       1.132545e-02       9.277770e-03       1.041421e-02
        4850       3.475370e+00       8.227553e-01       1.390501e+00       7.728105e-03       5.330865e-03       6.530770e-03
        4860       3.490112e+00       8.268539e-01       1.396396e+00       9.446419e-03       5.946187e-03       7.375634e-03
        4870       3.493489e+00       8.240932e-01       1.397893e+00       1.262615e-02       7.006469e-03       1.107103e-02
        4880       3.481237e+00       8.217658e-01       1.392955e+00       1.072997e-02       5.531052e-03       8.289982e-03
        4890       3.459239e+00       8.209400e-01       1.384028e+00       6.866373e-03       2.711512e-03       4.860405e-03
        4900       3.438774e+00       8.158989e-01       1.375839e+00       8.543611e-03       5.865581e-03       7.139328e-03
        4910       3.425179e+00       8.127367e-01       1.370419e+00       9.053787e-03       7.621354e-03       8.495587e-03
        4920       3.421963e+00       8.182674e-01       1.369090e+00       1.009607e-02       6.945680e-03       8.020387e-03
        4930       3.429890e+00       8.269416e-01       1.372212e+00       9.960853e-03       4.050068e-03       6.181571e-03
        4940       3.446361e+00       8.332487e-01       1.378759e+00       6.895222e-03       2.770618e-03       5.098495e-03
        4950       3.465260e+00       8.401106e-01       1.386308e+00       7.846371e-03       4.969580e-03       7.095132e-03
        4960       3.479526e+00       8.491551e-01       1.392001e+00       9.157057e-03       3.212740e-03       7.546548e-03
        4970       3.484244e+00       8.532211e-01       1.393832e+00       6.177417e-03       4.786078e-03       5.460930e-03
        4980       3.480917e+00       8.526412e-01       1.392490e+00       6.179730e-03       4.422620e-03       5.471976e-03
        4990       3.471296e+00       8.534052e-01       1.388651e+00       8.645460e-03       4.585266e-03       7.658674e-03
        5000       3.457775e+00       8.498093e-01       1.383209e+00       6.996220e-03       4.918370e-03       6.459930e-03
