2019-09-01 07:53:08.932802: I tensorflow/core/platform/cpu_feature_guard.cc:141] Your CPU supports instructions that this TensorFlow binary was not compiled to use: AVX AVX2 FMA
2019-09-01 07:53:09.192492: I tensorflow/core/common_runtime/gpu/gpu_device.cc:1432] Found device 0 with properties: 
name: GeForce RTX 2080 Ti major: 7 minor: 5 memoryClockRate(GHz): 1.635
pciBusID: 0000:0a:00.0
totalMemory: 10.73GiB freeMemory: 10.53GiB
2019-09-01 07:53:09.342261: I tensorflow/core/common_runtime/gpu/gpu_device.cc:1432] Found device 1 with properties: 
name: GeForce RTX 2080 Ti major: 7 minor: 5 memoryClockRate(GHz): 1.635
pciBusID: 0000:0b:00.0
totalMemory: 10.73GiB freeMemory: 10.53GiB
2019-09-01 07:53:09.471335: I tensorflow/stream_executor/cuda/cuda_gpu_executor.cc:964] successful NUMA node read from SysFS had negative value (-1), but there must be at least one NUMA node, so returning NUMA node zero
2019-09-01 07:53:09.472523: I tensorflow/core/common_runtime/gpu/gpu_device.cc:1432] Found device 2 with properties: 
name: GeForce RTX 2080 Ti major: 7 minor: 5 memoryClockRate(GHz): 1.635
pciBusID: 0000:42:00.0
totalMemory: 10.73GiB  >>> Info of model(s):
  using   4 model(s): ../graph.002.pb ../graph.000.pb ../graph.003.pb ../graph.001.pb 
  rcut in model:      5
  ntypes in model:    2
Neighbor list info ...
  update every 1 steps, delay 10 steps, check yes
  max neighbors/atom: 2000, page size: 100000
  master list distance cutoff = 6
  ghost atom cutoff = 6
  binsize = 3, bins = 4 4 4
  1 neighbor lists, perpetual/occasional/extra = 1 0 0
  (1) pair deepmd, perpetual
      attributes: , newton on
      pair build: full/bin/atomonly
      stencil: full/bin/3d
      bin: standard
Setting up Verlet run ...
  Unit style    : metal
  Current step  : 0
  Time step     : 0.002
Per MPI rank memory allocation (min/avg/max) = 3.934 | 3.934 | 3.934 Mbytes
Step Temp PotEng KinEng TotEng Press Volume Lx Ly Lz Xy Xz Yz 
       0          100   -219.74424  0.051704058   -219.69253   -696.03679         1000           10           10           10            0            0            0 
      10    88.734573    -219.7376  0.045879375   -219.69172   -805.25374         1000           10           10           10            0            0            0 
      20    96.865638   -219.74238  0.050083466    -219.6923    -669.8226         1000           10           10           10            0            0            0 
      30    81.506847   -219.73461  0.042142347   -219.69247   -295.62605         1000           10           10           10            0            0            0 
      40    126.93036   -219.75952  0.065628146    -219.6939    134.29313         1000           10           10           10            0            0            0 
      50    88.985156   -219.73713  0.046008936   -219.69113    575.84528         1000           10           10           10            0            0            0 
      60    117.59583   -219.75106  0.060801816   -219.69026    791.68963         1000           10           10           10            0            0            0 
      70    79.466136   -219.72909  0.041087217   -219.68801    773.98668         1000           10           10           10            0            0            0 
      80    106.20714   -219.74332  0.054913404   -219.68841    451.12385         1000           10           10           10            0            0            0 
      90    123.72752   -219.75164  0.063972147   -219.68767   -32.450565         1000           10           10           10            0            0            0 
     100    110.31137   -219.74079  0.057035457   -219.68376   -487.38144         1000           10           10           10            0            0            0 
     110    124.68349   -219.74429  0.064466423   -219.67982   -807.63376         1000           10           10           10            0            0            0 
     120     89.50433   -219.72169  0.046277371   -219.67541   -812.21076         1000           10           10           10            0            0            0 
     130    141.26889   -219.74832  0.073041748   -219.67527   -622.36264         1000           10           10           10            0            0            0 
     140    121.10497   -219.73678  0.062616185   -219.67416   -157.88945         1000           10           10           10            0            0            0 
     150    153.07139   -219.75377   0.07914412   -219.67462    329.29921         1000           10           10           10            0            0            0 
     160    118.59311   -219.73461  0.061317452   -219.67329     763.5851         1000           10           10           10            0            0            0 
     170     102.5938   -219.72803  0.053045157   -219.67498     902.9508         1000           10           10           10            0            0            0 
     180    125.89502   -219.74627  0.065092834   -219.68118    682.82475         1000           10           10           10            0            0            0 
     190    103.08234   -219.74071  0.053297753   -219.68741    273.44366         1000           10           10           10            0            0            0 
     200    123.83255   -219.75789  0.064026454   -219.69386   -229.08781         1000           10           10           10            0            0            0 
     210    70.263358   -219.73341  0.036329007   -219.69708   -569.65025         1000           10           10           10            0            0            0 
     220    81.615849   -219.74468  0.042198706   -219.70248   -755.96724         1000           10           10           10            0            0            0 
     230    63.762504   -219.73995  0.032967802   -219.70699   -671.34399         1000           10           10           10            0            0            0 
     240    71.279891   -219.74875  0.036854596    -219.7119   -412.85381         1000           10           10           10            0            0            0 
     250    78.312124   -219.75613  0.040490546   -219.71564    -14.95418         1000           10           10           10            0            0            0 
     260    47.233539   -219.74033  0.024421657   -219.71591    394.44571         1000           10           10           10            0            0            0 
     270    66.388415   -219.75108  0.034325504   -219.71676    646.80153         1000           10           10           10            0            0            0 
     280     48.46962   -219.74099   0.02506076   -219.71593    704.94789         1000           10           10           10            0            0            0 
     290    78.517123   -219.75708  0.040596539   -219.71648    519.02569         1000           10           10           10            0            0            0 
     300     59.94671   -219.74464  0.030994882   -219.71364    195.03758         1000           10           10           10            0            0            0 
     310    75.335269   -219.74773  0.038951391   -219.70878   -223.06406         1000           10           10           10            0            0            0 
     320      84.9231   -219.74377  0.043908689   -219.69986    -604.3334         1000           10           10           10            0            0            0 
     330    87.992023   -219.73168  0.045495446   -219.68618   -822.15212         1000           10           10           10            0            0            0 
     340    143.45105   -219.74716  0.074170014   -219.67299   -812.06947         1000           10           10           10            0            0            0 
     350     125.7896   -219.72363  0.065038325   -219.65859   -426.14724         1000           10           10           10            0            0            0 
     360    176.16173   -219.74039  0.091082762    -219.6493    103.45717         1000           10           10           10            0            0            0 
     370    166.19189   -219.72836  0.085927951   -219.64243    640.30207         1000           10           10           10            0            0            0 
     380    195.63437   -219.74437   0.10115091   -219.64322    926.58747         1000           10           10           10            0            0            0 
     390    160.17951   -219.73065  0.082819308   -219.64783    881.61667         1000           10           10           10            0            0            0 
     400    144.89058   -219.73329  0.074914309   -219.65837    521.69379         1000           10           10           10            0            0            0 
     410    156.73193   -219.75064  0.081036767    -219.6696   -33.014059         1000           10           10           10            0            0            0 
     420    111.06685   -219.73447  0.057426069   -219.67704   -490.27215         1000           10           10           10            0            0            0 
     430    113.50353   -219.74275  0.058685929   -219.68406   -788.46145         1000           10           10           10            0            0            0 
     440    85.392829   -219.73342  0.044151558   -219.68926   -788.48799         1000           10           10           10            0            0            0 
     450    89.154098   -219.74101  0.046096287   -219.69492   -548.98312         1000           10           10           10            0            0            0 
     460    90.204394   -219.74546  0.046639332   -219.69882   -146.83443         1000           10           10           10            0            0            0 
     470    92.610729    -219.7486  0.047883505   -219.70071    292.55496         1000           10           10           10            0            0            0 
     480    91.051171   -219.74787   0.04707715   -219.70079    644.93615         1000           10           10           10            0            0            0 
     490    69.761184   -219.73581  0.036069363   -219.69974    794.70144         1000           10           10           10            0            0            0 
     500    89.483199   -219.74703  0.046266445   -219.70077    651.37867         1000           10           10           10            0            0            0 
     510    89.351055   -219.74744  0.046198121   -219.70125     310.4491         1000           10           10           10            0            0            0 
     520    92.735599   -219.74807  0.047948068   -219.70012   -144.12149         1000           10           10           10            0            0            0 
     530     89.21384   -219.74365  0.046127176   -219.69752   -539.47109         1000           10           10           10            0            0            0 
     540    76.047817   -219.73335  0.039319807   -219.69403   -762.30772         1000           10           10           10            0            0            0 
     550     94.26087   -219.74088  0.048736695   -219.69215   -757.73638         1000           10           10           10            0            0            0 
     560    99.160121   -219.74174  0.051269807   -219.69047   -490.26932         1000           10           10           10            0            0            0 
     570    121.77769   -219.75138  0.062964006   -219.68841   -70.544941         1000           10           10           10            0            0            0 
     580    107.58054   -219.73924  0.055623505   -219.68362    433.74436         1000           10           10           10            0            0            0 
     590    118.20578   -219.73863  0.061117185   -219.67752    780.58492         1000           10           10           10            0            0            0 
     600    131.82547   -219.73941  0.068159117   -219.67125     869.3942         1000           10           10           10            0            0            0 
     610    145.51631   -219.73881  0.075237835   -219.66358    649.23062         1000           10           10           10            0            0            0 
     620    185.91261   -219.74992  0.096124365    -219.6538    172.31936         1000           10           10           10            0            0            0 
     630    160.57866   -219.72073  0.083025685   -219.63771   -363.19729         1000           10           10           10            0            0            0 
     640    202.58808   -219.72932   0.10474626   -219.62457   -847.63748         1000           10           10           10            0            0            0 
     650    192.19836   -219.71672  0.099374353   -219.61734    -1005.964         1000           10           10           10            0            0            0 
     660    233.03263   -219.74404   0.12048733   -219.62355   -824.92422         1000           10           10           10            0            0            0 
     670    168.37869   -219.72441  0.087058616   -219.63735   -256.20572         1000           10           10           10            0            0            0 
     680    174.24647    -219.7481  0.090092498   -219.65801    289.78265         1000           10           10           10            0            0            0 
     690      122.974   -219.73795   0.06358255   -219.67437    717.51081         1000           10           10           10            0            0            0 
     700    98.465547   -219.73949  0.050910683   -219.68858    828.98502         1000           10           10           10            0            0            0 
     710    106.15516   -219.75409  0.054886527   -219.69921    654.02018         1000           10           10           10            0            0            0 
     720    66.641371   -219.73988  0.034456293   -219.70542    334.53988         1000           10           10           10            0            0            0 
     730     81.97603   -219.75234  0.042384934   -219.70996     -108.962         1000           10           10           10            0            0            0 
     740    54.376754   -219.73906  0.028114989   -219.71095   -466.87343         1000           10           10           10            0            0            0 
     750    82.088413   -219.75452  0.042443041   -219.71208   -720.47817         1000           10           10           10            0            0            0 
     760     55.96223   -219.74029  0.028934744   -219.71136    -690.7875         1000           10           10           10            0            0            0 
     770    71.941926   -219.74889  0.037196895   -219.71169   -473.53588         1000           10           10           10            0            0            0 
     780    75.793034    -219.7498  0.039188074   -219.71062   -96.386791         1000           10           10           10            0            0            0 
     790     67.89971   -219.74198  0.035106905   -219.70688    327.69519         1000           10           10           10            0            0            0 
     800    105.34755   -219.75752  0.054468957   -219.70305     644.1044         1000           10           10           10            0            0            0 
     810    72.130629   -219.73256  0.037294462   -219.69526    809.33542         1000           10           10           10            0            0            0 
     820    114.23705   -219.74877  0.059065192   -219.68971     669.9265         1000           10           10           10            0            0            0 
     830    97.388913   -219.73163   0.05035402   -219.68127    296.35183         1000           10           10           10            0            0            0 
     840     157.2681   -219.75501  0.081313988    -219.6737   -254.09257         1000           10           10           10            0            0            0 
     850    139.08985   -219.73431  0.071915098    -219.6624   -703.13816         1000           10           10           10            0            0            0 
     860    141.10124   -219.72681  0.072955066   -219.65385   -911.66796         1000           10           10           10            0            0            0 
     870    167.77018   -219.73765  0.086743991   -219.65091   -831.27497         1000           10           10           10            0            0            0 
     880    142.80859    -219.7253  0.073837838   -219.65146   -417.16002         1000           10           10           10            0            0            0 
     890    194.26728   -219.75921   0.10044407   -219.65877    75.212217         1000           10           10           10            0            0            0 
     900    120.67084   -219.72781  0.062391724   -219.66542    610.88374         1000           10           10           10            0            0            0 
     910    128.32564   -219.74568  0.066349564   -219.67933    832.62781         1000           10           10           10            0            0            0 
     920    76.796716   -219.73408  0.039707019   -219.69438    758.56015         1000           10           10           10            0            0            0 
     930    73.884804   -219.74875  0.038201442   -219.71055    431.04037         1000           10           10           10            0            0            0 
     940    69.785547   -219.75558   0.03608196    -219.7195    14.113246         1000           10           10           10            0            0            0 
     950    45.265279   -219.74664  0.023403986   -219.72324   -328.51392         1000           10           10           10            0            0            0 
     960    55.531272   -219.75335  0.028711921   -219.72464   -584.04466         1000           10           10           10            0            0            0 
     970    29.956796   -219.73948  0.015488879     -219.724   -628.04857         1000           10           10           10            0            0            0 
     980     59.73795   -219.75549  0.030886944    -219.7246   -530.74589         1000           10           10           10            0            0            0 
     990    48.722683   -219.74861  0.025191604   -219.72342   -229.97859         1000           10           10           10            0            0            0 
    1000     61.70943   -219.75318  0.031906279   -219.72127    139.15586         1000           10           10           10            0            0            0 
Loop time of 14.9735 on 1 procs for 1000 steps with 5 atoms

Performance: 11.540 ns/day, 2.080 hours/ns, 66.785 timesteps/s
150.8% CPU use with 1 MPI tasks x no OpenMP threads

MPI task timing breakdown:
Section |  min time  |  avg time  |  max time  |%varavg| %total
---------------------------------------------------------------
Pair    | 14.924     | 14.924     | 14.924     |   0.0 | 99.67
Neigh   | 0.00060129 | 0.00060129 | 0.00060129 |   0.0 |  0.00
Comm    | 0.0027907  | 0.0027907  | 0.0027907  |   0.0 |  0.02
Output  | 0.04139    | 0.04139    | 0.04139    |   0.0 |  0.28
Modify  | 0.0036113  | 0.0036113  | 0.0036113  |   0.0 |  0.02
Other   |            | 0.001175   |            |       |  0.01

Nlocal:    5 ave 5 max 5 min
Histogram: 1 0 0 0 0 0 0 0 0 0
Nghost:    112 ave 112 max 112 min
Histogram: 1 0 0 0 0 0 0 0 0 0
Neighs:    0 ave 0 max 0 min
Histogram: 1 0 0 0 0 0 0 0 0 0

Total # of neighbors = 0
Ave neighs/atom = 0
Neighbor list builds = 58
Dangerous builds = 0
Total wall time: 0:00:17
