2019-09-01 09:06:28.379462: I tensorflow/core/platform/cpu_feature_guard.cc:141] Your CPU supports instructions that this TensorFlow binary was not compiled to use: AVX AVX2 FMA
2019-09-01 09:06:28.665924: I tensorflow/core/common_runtime/gpu/gpu_device.cc:1432] Found device 0 with properties: 
name: GeForce RTX 2080 Ti major: 7 minor: 5 memoryClockRate(GHz): 1.635
pciBusID: 0000:0a:00.0
totalMemory: 10.73GiB freeMemory: 10.53GiB
2019-09-01 09:06:28.791106: I tensorflow/core/common_runtime/gpu/gpu_device.cc:1432] Found device 1 with properties: 
name: GeForce RTX 2080 Ti major: 7 minor: 5 memoryClockRate(GHz): 1.635
pciBusID: 0000:0b:00.0
totalMemory: 10.73GiB freeMemory: 10.53GiB
2019-09-01 09:06:28.917148: I tensorflow/stream_executor/cuda/cuda_gpu_executor.cc:964] successful NUMA node read from SysFS had negative value (-1), but there must be at least one NUMA node, so returning NUMA node zero
2019-09-01 09:06:28.918316: I tensorflow/core/common_runtime/gpu/gpu_device.cc:1432] Found device 2 with properties: 
name: GeForce RTX 2080 Ti major: 7 minor: 5 memoryClockRate(GHz): 1.635
pciBusID: 0000:42:00.0
totalMemory: 10.73GiB  >>> Info of model(s):
  using   4 model(s): ../graph.002.pb ../graph.000.pb ../graph.003.pb ../graph.001.pb 
  rcut in model:      5
  ntypes in model:    2
Neighbor list info ...
  update every 1 steps, delay 10 steps, check yes
  max neighbors/atom: 2000, page size: 100000
  master list distance cutoff = 6
  ghost atom cutoff = 6
  binsize = 3, bins = 4 4 4
  1 neighbor lists, perpetual/occasional/extra = 1 0 0
  (1) pair deepmd, perpetual
      attributes: , newton on
      pair build: full/bin/atomonly
      stencil: full/bin/3d
      bin: standard
Setting up Verlet run ...
  Unit style    : metal
  Current step  : 0
  Time step     : 0.002
Per MPI rank memory allocation (min/avg/max) = 3.934 | 3.934 | 3.934 Mbytes
Step Temp PotEng KinEng TotEng Press Volume Lx Ly Lz Xy Xz Yz 
       0          100   -219.70903  0.051704058   -219.65733    -1118.739         1000           10           10           10            0            0            0 
      10    105.73382   -219.71273  0.054668676   -219.65806   -1102.1298         1000           10           10           10            0            0            0 
      20    90.430797    -219.7053  0.046756392   -219.65855   -582.77659         1000           10           10           10            0            0            0 
      30    117.12657   -219.71846  0.060559192    -219.6579    95.558736         1000           10           10           10            0            0            0 
      40    60.771077   -219.68161  0.031421113   -219.65019    716.87327         1000           10           10           10            0            0            0 
      50    98.357977   -219.69712  0.050855066   -219.64627     936.3079         1000           10           10           10            0            0            0 
      60    70.344204    -219.6813  0.036370808   -219.64493    706.39165         1000           10           10           10            0            0            0 
      70    91.984704   -219.69482  0.047559824   -219.64726    50.316013         1000           10           10           10            0            0            0 
      80     88.91777   -219.69025  0.045974095   -219.64428   -699.82825         1000           10           10           10            0            0            0 
      90     81.12734   -219.67788  0.041946127   -219.63593   -1253.5509         1000           10           10           10            0            0            0 
     100    84.941748   -219.67368  0.043918331   -219.62976   -1324.5896         1000           10           10           10            0            0            0 
     110    76.167621   -219.66385  0.039381751   -219.62447   -893.69696         1000           10           10           10            0            0            0 
     120    147.46214   -219.69794  0.076243912   -219.62169   -202.96032         1000           10           10           10            0            0            0 
     130    108.33314   -219.66777  0.056012629   -219.61176    668.16061         1000           10           10           10            0            0            0 
     140    161.12174   -219.69116  0.083306477   -219.60786    1121.6258         1000           10           10           10            0            0            0 
     150    152.27058   -219.69412  0.078730068   -219.61539    882.99029         1000           10           10           10            0            0            0 
     160    212.57039   -219.72614   0.10990752   -219.61623   -31.912287         1000           10           10           10            0            0            0 
     170    173.91719   -219.69307  0.089922246   -219.60315    -872.0651         1000           10           10           10            0            0            0 
     180    113.20471   -219.66271  0.058531428   -219.60418   -1182.8932         1000           10           10           10            0            0            0 
     190    127.20231   -219.67932  0.065768759   -219.61355   -963.98149         1000           10           10           10            0            0            0 
     200     86.05867   -219.66532  0.044495825   -219.62083   -300.25246         1000           10           10           10            0            0            0 
     210    106.52676   -219.68729   0.05507866   -219.63222    415.30829         1000           10           10           10            0            0            0 
     220     43.70454   -219.66279  0.022597021   -219.64019    953.05845         1000           10           10           10            0            0            0 
     230    71.773319   -219.69015  0.037109719   -219.65304    873.20301         1000           10           10           10            0            0            0 
     240    65.258972   -219.69993  0.033741537   -219.66619    436.65728         1000           10           10           10            0            0            0 
     250    82.070938   -219.71885  0.042434005   -219.67642   -187.54246         1000           10           10           10            0            0            0 
     260    65.043384   -219.71336  0.033630069   -219.67973   -700.35822         1000           10           10           10            0            0            0 
     270    54.620515   -219.70995  0.028241023   -219.68171   -941.30966         1000           10           10           10            0            0            0 
     280    74.708679   -219.72192  0.038627419   -219.68329   -884.36122         1000           10           10           10            0            0            0 
     290    55.956398   -219.71283  0.028931728   -219.68389   -480.33915         1000           10           10           10            0            0            0 
     300    87.961597   -219.73066  0.045479715   -219.68518    49.786176         1000           10           10           10            0            0            0 
     310    64.341398   -219.71485  0.033267114   -219.68159    604.81892         1000           10           10           10            0            0            0 
     320    86.054441   -219.72485  0.044493638   -219.68036    830.66522         1000           10           10           10            0            0            0 
     330    85.042709   -219.72493  0.043970532   -219.68096    708.82795         1000           10           10           10            0            0            0 
     340      111.541   -219.73824  0.057671223   -219.68057    197.37907         1000           10           10           10            0            0            0 
     350    125.76929   -219.73827  0.065027829   -219.67324   -499.42666         1000           10           10           10            0            0            0 
     360    109.96751   -219.71604  0.056857664   -219.65918   -1026.8324         1000           10           10           10            0            0            0 
     370    139.11413    -219.7194  0.071927649   -219.64747    -1263.419         1000           10           10           10            0            0            0 
     380    119.31523   -219.69994  0.061690817   -219.63825   -951.16271         1000           10           10           10            0            0            0 
     390    197.52276   -219.73459   0.10212728   -219.63247   -247.43663         1000           10           10           10            0            0            0 
     400    159.39135   -219.70103  0.082411798   -219.61862    746.19792         1000           10           10           10            0            0            0 
     410    153.48216   -219.67847  0.079356503   -219.59911    1454.9283         1000           10           10           10            0            0            0 
     420    144.03552   -219.66027  0.074472209   -219.58579    1519.1465         1000           10           10           10            0            0            0 
     430     155.6166   -219.66723  0.080460099   -219.58677    913.42702         1000           10           10           10            0            0            0 
     440    117.63147   -219.65083  0.060820245   -219.59001     27.55333         1000           10           10           10            0            0            0 
     450    75.152752   -219.62994  0.038857023   -219.59108   -652.27552         1000           10           10           10            0            0            0 
     460    122.78169   -219.66504  0.063483115   -219.60156   -851.01612         1000           10           10           10            0            0            0 
     470    100.94801    -219.6627  0.052194216   -219.61051   -383.98785         1000           10           10           10            0            0            0 
     480    176.77613   -219.71141  0.091400433   -219.62001    353.47845         1000           10           10           10            0            0            0 
     490    135.02115   -219.69837  0.069811415   -219.62856    1064.5236         1000           10           10           10            0            0            0 
     500    149.00595   -219.71284  0.077042123    -219.6358    1290.3953         1000           10           10           10            0            0            0 
     510    162.27782   -219.72871   0.08390422   -219.64481    925.79924         1000           10           10           10            0            0            0 
     520    147.57486   -219.72546  0.076302191   -219.64915    112.48874         1000           10           10           10            0            0            0 
     530    140.72014   -219.72429  0.072758021   -219.65153   -754.32082         1000           10           10           10            0            0            0 
     540    115.61735   -219.71302  0.059778862   -219.65324   -1282.0133         1000           10           10           10            0            0            0 
     550    120.55404   -219.72083  0.062331333    -219.6585   -1331.5335         1000           10           10           10            0            0            0 
     560    90.643259   -219.71234  0.046866243   -219.66547   -876.93929         1000           10           10           10            0            0            0 
     570    132.65671   -219.74258  0.068588902   -219.67399   -216.31582         1000           10           10           10            0            0            0 
     580    91.358725   -219.72128  0.047236168   -219.67404    551.75591         1000           10           10           10            0            0            0 
     590    76.302393   -219.71003  0.039451433   -219.67058    1017.6706         1000           10           10           10            0            0            0 
     600     70.35574   -219.70754  0.036376772   -219.67116    1023.9763         1000           10           10           10            0            0            0 
     610    69.827518   -219.71128  0.036103661   -219.67518    536.28289         1000           10           10           10            0            0            0 
     620    85.890425   -219.72301  0.044408835    -219.6786   -162.82052         1000           10           10           10            0            0            0 
     630     53.41529   -219.70468  0.027617873   -219.67706   -744.36264         1000           10           10           10            0            0            0 
     640    56.741937   -219.70497  0.029337884   -219.67564    -1111.302         1000           10           10           10            0            0            0 
     650    51.707914   -219.70145   0.02673509   -219.67472   -1077.0585         1000           10           10           10            0            0            0 
     660    82.381515   -219.71775  0.042594586   -219.67516   -689.25654         1000           10           10           10            0            0            0 
     670    61.620304   -219.70309  0.031860198   -219.67123    35.199613         1000           10           10           10            0            0            0 
     680    68.570213   -219.69605  0.035453582    -219.6606    727.10492         1000           10           10           10            0            0            0 
     690    74.801402   -219.68573   0.03867536   -219.64706    1187.3121         1000           10           10           10            0            0            0 
     700    66.051906   -219.66944  0.034151516   -219.63529    1103.9748         1000           10           10           10            0            0            0 
     710    110.45592   -219.68548  0.057110194   -219.62837    417.87067         1000           10           10           10            0            0            0 
     720    110.72391   -219.67512  0.057248756   -219.61787   -543.18233         1000           10           10           10            0            0            0 
     730     132.2317   -219.67298  0.068369154   -219.60462   -1466.0156         1000           10           10           10            0            0            0 
     740     108.5593   -219.64869  0.056129566   -219.59256   -1763.1441         1000           10           10           10            0            0            0 
     750     146.7308   -219.66929  0.075865776   -219.59343   -1287.8802         1000           10           10           10            0            0            0 
     760    158.22614   -219.67937  0.081809334   -219.59757   -264.06155         1000           10           10           10            0            0            0 
     770    196.93975    -219.7045   0.10182584   -219.60268    732.24279         1000           10           10           10            0            0            0 
     780    153.40571   -219.68918  0.079316979   -219.60986    1530.6033         1000           10           10           10            0            0            0 
     790    132.83942   -219.69311  0.068683368   -219.62443    1478.1668         1000           10           10           10            0            0            0 
     800     180.5027   -219.73397  0.093327218   -219.64064    662.15413         1000           10           10           10            0            0            0 
     810    149.60625   -219.72077  0.077352502   -219.64342   -301.82298         1000           10           10           10            0            0            0 
     820    94.943373   -219.69526  0.049089576   -219.64617    -985.0953         1000           10           10           10            0            0            0 
     830    63.086217   -219.68577  0.032618134   -219.65316   -1155.7801         1000           10           10           10            0            0            0 
     840    86.427141   -219.70527  0.044686339   -219.66058   -870.23771         1000           10           10           10            0            0            0 
     850    87.259085   -219.71074  0.045116488   -219.66563   -179.63433         1000           10           10           10            0            0            0 
     860    75.874277   -219.70449   0.03923008   -219.66526    605.16272         1000           10           10           10            0            0            0 
     870    58.410295    -219.6914  0.030200493    -219.6612    1221.7539         1000           10           10           10            0            0            0 
     880    73.710962   -219.69797  0.038111559   -219.65986    1336.8712         1000           10           10           10            0            0            0 
     890    78.828543   -219.70298  0.040757555   -219.66223    958.30746         1000           10           10           10            0            0            0 
     900    67.430676    -219.6984  0.034864396   -219.66353     265.4396         1000           10           10           10            0            0            0 
     910    78.355578   -219.70211  0.040513014    -219.6616   -564.60301         1000           10           10           10            0            0            0 
     920    62.068037   -219.68803  0.032091694   -219.65594   -1098.4804         1000           10           10           10            0            0            0 
     930    52.406432   -219.67902  0.027096252   -219.65193   -1170.6523         1000           10           10           10            0            0            0 
     940     54.34692   -219.67976  0.028099563   -219.65166   -733.96931         1000           10           10           10            0            0            0 
     950    97.289532   -219.70249  0.050302636   -219.65219   -14.265271         1000           10           10           10            0            0            0 
     960    100.40315   -219.69894  0.051912504   -219.64703    834.44733         1000           10           10           10            0            0            0 
     970    76.929537   -219.67842  0.039775692   -219.63865    1375.6538         1000           10           10           10            0            0            0 
     980    88.781644   -219.68632  0.045903713   -219.64042    1258.8703         1000           10           10           10            0            0            0 
     990    144.37067   -219.72346  0.074645497   -219.64881    504.32546         1000           10           10           10            0            0            0 
    1000    166.26968   -219.72958  0.085968174   -219.64361   -562.29608         1000           10           10           10            0            0            0 
    1010    119.48141   -219.69007  0.061776735   -219.62829   -1326.3529         1000           10           10           10            0            0            0 
    1020    123.69999   -219.68323  0.063957915   -219.61927   -1675.8958         1000           10           10           10            0            0            0 
    1030    154.70555   -219.69889   0.07998905    -219.6189   -1368.8568         1000           10           10           10            0            0            0 
    1040    195.52059    -219.7213   0.10109208   -219.62021   -437.46683         1000           10           10           10            0            0            0 
    1050    172.58623   -219.70398  0.089234083   -219.61475    797.67535         1000           10           10           10            0            0            0 
    1060    154.13244   -219.68387  0.079692725   -219.60418    1679.2658         1000           10           10           10            0            0            0 
    1070    174.59349   -219.68859  0.090271921   -219.59832    1818.3852         1000           10           10           10            0            0            0 
    1080    158.41395   -219.68307  0.081906438   -219.60116    1322.3652         1000           10           10           10            0            0            0 
    1090    123.22734   -219.67199  0.063713538   -219.60828    306.49862         1000           10           10           10            0            0            0 
    1100    97.160504   -219.66782  0.050235923   -219.61759   -619.49975         1000           10           10           10            0            0            0 
    1110    83.179189   -219.67071  0.043007016    -219.6277   -1013.2647         1000           10           10           10            0            0            0 
    1120    59.853833   -219.67416  0.030946861   -219.64322   -749.93388         1000           10           10           10            0            0            0 
    1130    67.569826   -219.69352  0.034936342   -219.65858   -82.347528         1000           10           10           10            0            0            0 
    1140    83.712448   -219.71148  0.043282732   -219.66819    630.08608         1000           10           10           10            0            0            0 
    1150    75.774863   -219.71202  0.039178679   -219.67285    1134.7616         1000           10           10           10            0            0            0 
    1160    61.471088   -219.70831  0.031783047   -219.67652    1256.2582         1000           10           10           10            0            0            0 
    1170    50.909386   -219.70835  0.026322218   -219.68203    939.48857         1000           10           10           10            0            0            0 
    1180    79.708298   -219.72848  0.041212425   -219.68726    266.38991         1000           10           10           10            0            0            0 
    1190    79.930974   -219.72875  0.041327557   -219.68742   -406.52014         1000           10           10           10            0            0            0 
    1200    50.674525   -219.70993  0.026200786   -219.68372   -858.08294         1000           10           10           10            0            0            0 
    1210    50.635976   -219.70708  0.026180854    -219.6809   -1027.0777         1000           10           10           10            0            0            0 
    1220    77.749862   -219.71986  0.040199834   -219.67966   -803.24322         1000           10           10           10            0            0            0 
    1230    106.47541   -219.73414  0.055052106   -219.67908   -206.67874         1000           10           10           10            0            0            0 
    1240    97.663266   -219.72617  0.050495871   -219.67568    626.60814         1000           10           10           10            0            0            0 
    1250    102.66904   -219.71968  0.053084059   -219.66659    1231.9891         1000           10           10           10            0            0            0 
    1260    119.52817   -219.72022  0.061800913   -219.65842    1329.6505         1000           10           10           10            0            0            0 
    1270    161.69108   -219.73476   0.08360085   -219.65116    893.43642         1000           10           10           10            0            0            0 
    1280    157.02499    -219.7205  0.081188291   -219.63932    39.842255         1000           10           10           10            0            0            0 
    1290    155.42801   -219.70361   0.08036259   -219.62325    -958.5565         1000           10           10           10            0            0            0 
    1300    186.84037   -219.70482  0.096604053   -219.60821   -1765.1247         1000           10           10           10            0            0            0 
    1310    140.72085   -219.67498   0.07275839   -219.60222   -1717.1216         1000           10           10           10            0            0            0 
    1320    158.78321   -219.69096  0.082097364   -219.60886   -977.38606         1000           10           10           10            0            0            0 
    1330    151.58347    -219.6828  0.078374804   -219.60442    116.57928         1000           10           10           10            0            0            0 
    1340    146.32775   -219.67281  0.075657383   -219.59715    931.05392         1000           10           10           10            0            0            0 
    1350    78.081708   -219.63712  0.040371411   -219.59675    1068.2359         1000           10           10           10            0            0            0 
    1360     101.0903   -219.66515  0.052267785   -219.61288    445.32226         1000           10           10           10            0            0            0 
    1370    140.26265   -219.69994  0.072521482   -219.62742   -598.15068         1000           10           10           10            0            0            0 
    1380     115.9425   -219.69098  0.059946976   -219.63104   -1360.1121         1000           10           10           10            0            0            0 
    1390    114.94965   -219.69402  0.059433633   -219.63459    -1508.592         1000           10           10           10            0            0            0 
    1400    86.289011   -219.68498   0.04461492   -219.64036   -1082.1931         1000           10           10           10            0            0            0 
    1410    150.91412   -219.72911  0.078028725   -219.65109   -387.13003         1000           10           10           10            0            0            0 
    1420    142.80826   -219.73178  0.073837667   -219.65794    486.62942         1000           10           10           10            0            0            0 
    1430    107.49245   -219.71501  0.055577957   -219.65943    1135.2671         1000           10           10           10            0            0            0 
    1440    98.815794   -219.71594  0.051091775   -219.66485    1216.0012         1000           10           10           10            0            0            0 
    1450    132.57982   -219.74278  0.068549146   -219.67423    684.05502         1000           10           10           10            0            0            0 
    1460    138.64314   -219.74656  0.071684128   -219.67488   -99.915054         1000           10           10           10            0            0            0 
    1470     87.44929   -219.71587  0.045214831   -219.67065   -775.94587         1000           10           10           10            0            0            0 
    1480    93.049842   -219.71916  0.048110544   -219.67104   -1158.4793         1000           10           10           10            0            0            0 
    1490    87.370651   -219.71931  0.045174172   -219.67413   -1104.2213         1000           10           10           10            0            0            0 
    1500     104.7144   -219.73361  0.054141592   -219.67947    -621.3705         1000           10           10           10            0            0            0 
    1510    87.151002   -219.72684  0.045060605   -219.68178    150.07839         1000           10           10           10            0            0            0 
    1520    87.475063   -219.72519  0.045228157   -219.67996     805.4677         1000           10           10           10            0            0            0 
    1530    100.77838    -219.7302   0.05210651   -219.67809    1179.5054         1000           10           10           10            0            0            0 
    1540    79.468591    -219.7156  0.041088486   -219.67451    1133.1992         1000           10           10           10            0            0            0 
    1550    86.630684   -219.71702  0.044791579   -219.67223    653.43719         1000           10           10           10            0            0            0 
    1560    84.767194   -219.71083  0.043828079   -219.66701   -72.468868         1000           10           10           10            0            0            0 
    1570    93.623677   -219.70633   0.04840724   -219.65792   -744.98679         1000           10           10           10            0            0            0 
    1580     51.25836   -219.67085  0.026502652   -219.64435   -969.95134         1000           10           10           10            0            0            0 
    1590    66.497547   -219.66752   0.03438193   -219.63314   -711.98028         1000           10           10           10            0            0            0 
    1600    125.17124   -219.69239   0.06471861   -219.62767    45.267317         1000           10           10           10            0            0            0 
    1610    127.21882      -219.68  0.065777294   -219.61422    985.34777         1000           10           10           10            0            0            0 
    1620    104.96864   -219.65251  0.054273044   -219.59824    1766.4901         1000           10           10           10            0            0            0 
    1630    108.53738   -219.64981  0.056118229   -219.59369    1846.4369         1000           10           10           10            0            0            0 
    1640    157.85084   -219.68282   0.08161529    -219.6012    1118.5011         1000           10           10           10            0            0            0 
    1650    163.54502   -219.69203  0.084559414   -219.60747    81.089228         1000           10           10           10            0            0            0 
    1660    141.89864   -219.68251  0.073367353   -219.60914   -885.67757         1000           10           10           10            0            0            0 
    1670    103.10592   -219.66797  0.053309946   -219.61466   -1307.2211         1000           10           10           10            0            0            0 
    1680    160.45907    -219.7116  0.082963851   -219.62864    -1162.187         1000           10           10           10            0            0            0 
    1690    163.87381   -219.73187  0.084729409   -219.64714   -437.61435         1000           10           10           10            0            0            0 
    1700     126.2722   -219.72827  0.065287851   -219.66299    425.98723         1000           10           10           10            0            0            0 
    1710    110.70979   -219.72682  0.057241455   -219.66958    945.51665         1000           10           10           10            0            0            0 
    1720    105.96964   -219.72836  0.054790604   -219.67357    986.77817         1000           10           10           10            0            0            0 
    1730    91.409271   -219.72647  0.047262303   -219.67921    564.54553         1000           10           10           10            0            0            0 
    1740    84.634157   -219.72804  0.043759294   -219.68428   -84.556405         1000           10           10           10            0            0            0 
    1750     87.32021   -219.72988  0.045148092   -219.68473    -708.5429         1000           10           10           10            0            0            0 
    1760     75.09532   -219.72269  0.038827328   -219.68386   -1079.5143         1000           10           10           10            0            0            0 
    1770    74.933893   -219.72272  0.038743864   -219.68397   -1079.7707         1000           10           10           10            0            0            0 
    1780    69.825769   -219.72097  0.036102756   -219.68486   -729.42484         1000           10           10           10            0            0            0 
    1790    93.040745     -219.733  0.048105841   -219.68489   -171.63364         1000           10           10           10            0            0            0 
    1800    88.886393   -219.72474  0.045957872   -219.67879    478.35846         1000           10           10           10            0            0            0 
    1810    57.823534    -219.6985  0.029897113   -219.66861    942.60293         1000           10           10           10            0            0            0 
    1820    53.675412   -219.69231  0.027752366   -219.66455     872.2775         1000           10           10           10            0            0            0 
    1830    76.708387   -219.70415  0.039661349   -219.66449    341.91892         1000           10           10           10            0            0            0 
    1840    81.710232   -219.70307  0.042247506   -219.66082    -344.2171         1000           10           10           10            0            0            0 
    1850    50.158182   -219.68001  0.025933816   -219.65407   -948.66802         1000           10           10           10            0            0            0 
    1860    57.303651   -219.67858  0.029628313   -219.64895   -1268.8889         1000           10           10           10            0            0            0 
    1870    64.431483   -219.68041  0.033313691   -219.64709   -1147.3363         1000           10           10           10            0            0            0 
    1880    88.666584    -219.6929  0.045844222   -219.64705   -633.66068         1000           10           10           10            0            0            0 
    1890    79.338026   -219.68478  0.041020979   -219.64376    180.61403         1000           10           10           10            0            0            0 
    1900    68.395835   -219.67241  0.035363422   -219.63705    830.24983         1000           10           10           10            0            0            0 
    1910    100.72627   -219.68974  0.052079571   -219.63767    950.20581         1000           10           10           10            0            0            0 
    1920    107.63881   -219.69937  0.055653634   -219.64371    569.22492         1000           10           10           10            0            0            0 
    1930    125.27111   -219.71609  0.064770246   -219.65132   -247.78405         1000           10           10           10            0            0            0 
    1940     125.0245   -219.71478  0.064642737   -219.65014   -1079.8025         1000           10           10           10            0            0            0 
    1950     132.9428   -219.71439  0.068736821   -219.64565   -1523.4271         1000           10           10           10            0            0            0 
    1960    120.61623   -219.70971  0.062363483   -219.64734   -1300.9683         1000           10           10           10            0            0            0 
    1970    139.24758   -219.72474  0.071996651   -219.65275   -650.35478         1000           10           10           10            0            0            0 
    1980    150.30445   -219.73525  0.077713502   -219.65754    209.21499         1000           10           10           10            0            0            0 
    1990    148.96575   -219.73597  0.077021337   -219.65895    950.86252         1000           10           10           10            0            0            0 
    2000    125.58123   -219.72239  0.064930593   -219.65746    1280.7907         1000           10           10           10            0            0            0 
    2010    112.63124   -219.71607  0.058234924   -219.65783    1076.0134         1000           10           10           10            0            0            0 
    2020    156.56749   -219.73955  0.080951745    -219.6586    296.77331         1000           10           10           10            0            0            0 
    2030    116.45225   -219.71311  0.060210539    -219.6529   -495.41482         1000           10           10           10            0            0            0 
    2040    74.723485   -219.68783  0.038635074    -219.6492   -960.54925         1000           10           10           10            0            0            0 
    2050    66.921578   -219.68284  0.034601171   -219.64824    -963.3826         1000           10           10           10            0            0            0 
    2060    93.132342   -219.69844    0.0481532   -219.65028    -519.8766         1000           10           10           10            0            0            0 
    2070    103.45923   -219.70569   0.05349262   -219.65219     265.5573         1000           10           10           10            0            0            0 
    2080    70.619582   -219.68441   0.03651319    -219.6479    1092.5288         1000           10           10           10            0            0            0 
    2090    62.212776   -219.67473   0.03216653   -219.64257    1521.1128         1000           10           10           10            0            0            0 
    2100    81.754255   -219.68737  0.042270268    -219.6451    1418.2611         1000           10           10           10            0            0            0 
    2110     95.31304    -219.6993   0.04928071   -219.65002    775.41564         1000           10           10           10            0            0            0 
    2120     69.25968   -219.68687  0.035810065   -219.65106    -29.98356         1000           10           10           10            0            0            0 
    2130    73.461727   -219.68716  0.037982694   -219.64918   -750.45511         1000           10           10           10            0            0            0 
    2140    71.506639   -219.68486  0.036971834   -219.64789    -1073.006         1000           10           10           10            0            0            0 
    2150    71.553923   -219.68878  0.036996282   -219.65178   -772.40326         1000           10           10           10            0            0            0 
    2160    98.977025   -219.70643  0.051175138   -219.65525   -107.84092         1000           10           10           10            0            0            0 
    2170     113.8452     -219.716  0.058862586   -219.65714    692.81612         1000           10           10           10            0            0            0 
    2180    111.52222   -219.71487  0.057661511   -219.65721    1269.6921         1000           10           10           10            0            0            0 
    2190    97.412658   -219.70955  0.050366297   -219.65919    1395.8704         1000           10           10           10            0            0            0 
    2200    111.87612   -219.72281  0.057844492   -219.66496    891.64478         1000           10           10           10            0            0            0 
    2210    134.89875   -219.73748   0.06974813   -219.66774   -19.131629         1000           10           10           10            0            0            0 
    2220    128.97707   -219.73038  0.066686381   -219.66369   -822.86204         1000           10           10           10            0            0            0 
    2230    91.199922   -219.70553   0.04715406   -219.65838   -1311.3169         1000           10           10           10            0            0            0 
    2240    97.296552   -219.70888  0.050306266   -219.65858    -1307.216         1000           10           10           10            0            0            0 
    2250    142.83057   -219.73693    0.0738492   -219.66308   -870.56901         1000           10           10           10            0            0            0 
    2260    133.46828   -219.73732  0.069008515   -219.66831   -24.934194         1000           10           10           10            0            0            0 
    2270    115.76271   -219.72458   0.05985402   -219.66472    868.90314         1000           10           10           10            0            0            0 
    2280    104.93665    -219.7097  0.054256508   -219.65544    1304.4777         1000           10           10           10            0            0            0 
    2290    109.48785   -219.70841  0.056609663    -219.6518    1111.2447         1000           10           10           10            0            0            0 
    2300    115.79936   -219.71167  0.059872967    -219.6518    372.39118         1000           10           10           10            0            0            0 
    2310    96.132655   -219.69804  0.049704484   -219.64834   -489.19246         1000           10           10           10            0            0            0 
    2320    95.520549   -219.69297     0.049388   -219.64358   -1244.9717         1000           10           10           10            0            0            0 
    2330    89.450094   -219.68544  0.046249328   -219.63919    -1542.982         1000           10           10           10            0            0            0 
    2340    87.611387   -219.68413  0.045298643   -219.63883   -1233.6072         1000           10           10           10            0            0            0 
    2350    94.353006   -219.68728  0.048784333    -219.6385   -508.98353         1000           10           10           10            0            0            0 
    2360    124.46553   -219.69811  0.064353729   -219.63376    418.12557         1000           10           10           10            0            0            0 
    2370    76.681757   -219.66263   0.03964758   -219.62298    1078.5786         1000           10           10           10            0            0            0 
    2380    74.582451   -219.66353  0.038562154   -219.62497    1050.4621         1000           10           10           10            0            0            0 
    2390    134.53281   -219.70916   0.06955892    -219.6396    247.49676         1000           10           10           10            0            0            0 
    2400    135.42582    -219.7134  0.070020644   -219.64338   -725.39356         1000           10           10           10            0            0            0 
    2410    126.89102   -219.70826  0.065607807   -219.64265   -1422.2392         1000           10           10           10            0            0            0 
    2420    95.679418   -219.69163  0.049470142   -219.64216   -1603.7694         1000           10           10           10            0            0            0 
    2430    120.88728   -219.71287  0.062503627   -219.65036   -1221.1738         1000           10           10           10            0            0            0 
    2440    140.98478    -219.7337  0.072894851    -219.6608   -420.25255         1000           10           10           10            0            0            0 
    2450    126.39099   -219.73319  0.065349271   -219.66784    527.60982         1000           10           10           10            0            0            0 
    2460    84.059404   -219.71411  0.043462123   -219.67064    1152.1652         1000           10           10           10            0            0            0 
    2470    99.876065   -219.73097  0.051639979   -219.67933    1192.2923         1000           10           10           10            0            0            0 
    2480    106.11052   -219.74219  0.054863447   -219.68733    816.49467         1000           10           10           10            0            0            0 
    2490    90.335299   -219.73856  0.046707015   -219.69185      159.935         1000           10           10           10            0            0            0 
    2500    89.523025   -219.73999  0.046287037   -219.69371   -548.20918         1000           10           10           10            0            0            0 
    2510    71.734886   -219.72993  0.037089847   -219.69284   -1040.5544         1000           10           10           10            0            0            0 
    2520    72.216855    -219.7321  0.037339045   -219.69476   -1150.6527         1000           10           10           10            0            0            0 
    2530    67.154375   -219.73345  0.034721537   -219.69872   -820.15487         1000           10           10           10            0            0            0 
    2540    81.284341   -219.74404  0.042027303   -219.70202   -255.61837         1000           10           10           10            0            0            0 
    2550    88.044024   -219.74734  0.045522333   -219.70181    382.04639         1000           10           10           10            0            0            0 
    2560    85.931987   -219.74242  0.044430325   -219.69799    909.10259         1000           10           10           10            0            0            0 
    2570    70.590111   -219.72695  0.036497952   -219.69046     1158.874         1000           10           10           10            0            0            0 
    2580    90.201751   -219.72953  0.046637966   -219.68289    927.60124         1000           10           10           10            0            0            0 
    2590    139.06133   -219.74344  0.071900351   -219.67154    250.71511         1000           10           10           10            0            0            0 
    2600    103.34471   -219.70285  0.053433409   -219.64942   -554.34385         1000           10           10           10            0            0            0 
    2610    92.894707    -219.6789  0.048030333   -219.63087   -1143.5761         1000           10           10           10            0            0            0 
    2620    87.831628   -219.66233  0.045412516   -219.61691   -1134.2056         1000           10           10           10            0            0            0 
    2630    133.49793   -219.68189  0.069023849   -219.61286   -547.43748         1000           10           10           10            0            0            0 
    2640    146.80652   -219.68798  0.075904929   -219.61207    549.94452         1000           10           10           10            0            0            0 
    2650    89.040029   -219.64791  0.046037308   -219.60187    1599.2853         1000           10           10           10            0            0            0 
    2660    96.441845    -219.6494  0.049864348   -219.59954    1992.2527         1000           10           10           10            0            0            0 
    2670    129.15353   -219.67814  0.066777616   -219.61136    1600.9542         1000           10           10           10            0            0            0 
    2680    124.94832    -219.6885  0.064603351   -219.62389     720.4426         1000           10           10           10            0            0            0 
    2690    108.91462   -219.68886  0.056313276   -219.63254   -315.96515         1000           10           10           10            0            0            0 
    2700     112.5869   -219.69507  0.058211995   -219.63685   -1190.1889         1000           10           10           10            0            0            0 
    2710    78.221133   -219.68308    0.0404435   -219.64263   -1429.7833         1000           10           10           10            0            0            0 
    2720    96.272939   -219.70403  0.049777016   -219.65426   -1081.1169         1000           10           10           10            0            0            0 
    2730     108.2875   -219.72097   0.05598903   -219.66498   -283.87547         1000           10           10           10            0            0            0 
    2740    118.54635   -219.73437  0.061293274   -219.67308    574.34916         1000           10           10           10            0            0            0 
    2750    106.80419   -219.73239  0.055222103   -219.67716    1169.6513         1000           10           10           10            0            0            0 
    2760    73.072615   -219.71746  0.037781507   -219.67968    1352.2748         1000           10           10           10            0            0            0 
    2770    92.349283   -219.73349  0.047748327   -219.68574    966.23923         1000           10           10           10            0            0            0 
    2780    110.78123    -219.7468  0.057278393   -219.68952    201.57851         1000           10           10           10            0            0            0 
    2790    103.98206   -219.74126  0.053762943    -219.6875   -592.40175         1000           10           10           10            0            0            0 
    2800    65.216116   -219.71581  0.033719379   -219.68209   -1150.9882         1000           10           10           10            0            0            0 
    2810    76.211672   -219.71921  0.039404527    -219.6798    -1359.725         1000           10           10           10            0            0            0 
    2820    96.099044   -219.72962  0.049687106   -219.67993   -1090.8162         1000           10           10           10            0            0            0 
    2830    112.47017   -219.73751  0.058151642   -219.67936   -407.58002         1000           10           10           10            0            0            0 
    2840    120.85466   -219.73408  0.062486761   -219.67159    483.44312         1000           10           10           10            0            0            0 
    2850    126.68096    -219.7152  0.065499196   -219.64971    1311.4367         1000           10           10           10            0            0            0 
    2860    171.10817   -219.70905  0.088469868   -219.62058    1694.8976         1000           10           10           10            0            0            0 
    2870    177.36606   -219.68738  0.091705453   -219.59567    1302.5438         1000           10           10           10            0            0            0 
    2880     174.5386   -219.67042  0.090243541   -219.58018    232.88764         1000           10           10           10            0            0            0 
    2890    154.73906   -219.64755  0.080006372   -219.56754    -867.3624         1000           10           10           10            0            0            0 
    2900    147.07379   -219.64007  0.076043117   -219.56403   -1236.8303         1000           10           10           10            0            0            0 
    2910     117.7208   -219.63728  0.060866429   -219.57641    -653.4934         1000           10           10           10            0            0            0 
    2920     193.2807   -219.69576  0.099933966   -219.59582    288.52127         1000           10           10           10            0            0            0 
    2930     199.4241   -219.71947   0.10311035   -219.61636    1302.3159         1000           10           10           10            0            0            0 
    2940    149.89226   -219.70458  0.077500379   -219.62708    1679.3921         1000           10           10           10            0            0            0 
    2950    135.35794   -219.71354   0.06998555   -219.64355    1299.3828         1000           10           10           10            0            0            0 
    2960    141.04433   -219.72961  0.072925641   -219.65668     390.9678         1000           10           10           10            0            0            0 
    2970    147.60366    -219.7388  0.076317081   -219.66248   -626.40669         1000           10           10           10            0            0            0 
    2980     104.1364   -219.71769  0.053842746   -219.66385   -1249.4286         1000           10           10           10            0            0            0 
    2990    73.551225   -219.70331  0.038028968   -219.66528   -1471.2797         1000           10           10           10            0            0            0 
    3000    84.221194   -219.71555  0.043545775   -219.67201   -1222.4285         1000           10           10           10            0            0            0 
    3010    126.19668   -219.74616  0.065248804   -219.68091   -582.44009         1000           10           10           10            0            0            0 
    3020    104.60172   -219.73765  0.054083333   -219.68357    334.75816         1000           10           10           10            0            0            0 
    3030    73.263309   -219.71678  0.037880104    -219.6789    1108.6948         1000           10           10           10            0            0            0 
    3040    83.646704   -219.71895   0.04324874    -219.6757      1356.74         1000           10           10           10            0            0            0 
    3050    100.29612   -219.72782  0.051857164   -219.67597    1102.5396         1000           10           10           10            0            0            0 
    3060    99.526525   -219.72766  0.051459252    -219.6762    433.84213         1000           10           10           10            0            0            0 
    3070    84.437613   -219.71616  0.043657672    -219.6725   -372.09943         1000           10           10           10            0            0            0 
    3080    105.30958   -219.72084  0.054449326   -219.66639    -1175.327         1000           10           10           10            0            0            0 
    3090    81.813183   -219.69952  0.042300736   -219.65722   -1568.6902         1000           10           10           10            0            0            0 
    3100    94.339978   -219.69913  0.048777597   -219.65035   -1339.2556         1000           10           10           10            0            0            0 
    3110    109.97583   -219.69814  0.056861966   -219.64128   -621.37324         1000           10           10           10            0            0            0 
    3120    145.02127   -219.69772   0.07498188   -219.62274    432.60952         1000           10           10           10            0            0            0 
    3130    143.71212   -219.66718     0.074305   -219.59287    1419.2291         1000           10           10           10            0            0            0 
    3140    75.287719   -219.60337  0.038926806   -219.56444    1814.5373         1000           10           10           10            0            0            0 
    3150    164.42074   -219.65451  0.085012195    -219.5695    1071.4678         1000           10           10           10            0            0            0 
    3160    237.26257   -219.70309   0.12267438   -219.58042    -416.4001         1000           10           10           10            0            0            0 
    3170    195.69729   -219.67372   0.10118344   -219.57254   -1645.2155         1000           10           10           10            0            0            0 
    3180    92.352903   -219.61921  0.047750199   -219.57146   -2113.7682         1000           10           10           10            0            0            0 
    3190    174.49791   -219.68221  0.090222499   -219.59198   -1891.9031         1000           10           10           10            0            0            0 
    3200    186.25492   -219.71034   0.09630135   -219.61404   -906.89511         1000           10           10           10            0            0            0 
    3210    171.29759   -219.71814  0.088567805   -219.62957    308.90312         1000           10           10           10            0            0            0 
    3220    130.77182   -219.70129  0.067614338   -219.63367    1411.2209         1000           10           10           10            0            0            0 
    3230    97.775701   -219.68666  0.050554005    -219.6361    1841.7235         1000           10           10           10            0            0            0 
    3240    148.67827    -219.7243  0.076872697   -219.64743    1476.8654         1000           10           10           10            0            0            0 
    3250    122.77714   -219.71641  0.063480764   -219.65293    607.49856         1000           10           10           10            0            0            0 
    3260    119.61659   -219.71371   0.06184663   -219.65187   -471.02326         1000           10           10           10            0            0            0 
    3270    91.140669   -219.69592  0.047123424   -219.64879    -1326.812         1000           10           10           10            0            0            0 
    3280    97.426212    -219.6998  0.050373305   -219.64943   -1701.1312         1000           10           10           10            0            0            0 
    3290    62.242626   -219.68547  0.032181964   -219.65329    -1349.405         1000           10           10           10            0            0            0 
    3300    98.013828   -219.71047  0.050677126   -219.65979   -629.64769         1000           10           10           10            0            0            0 
    3310    128.50358   -219.73048  0.066441564   -219.66404    342.00246         1000           10           10           10            0            0            0 
    3320    84.269524   -219.70283  0.043570763   -219.65926    1226.8954         1000           10           10           10            0            0            0 
    3330    75.832217   -219.69484  0.039208334   -219.65563    1631.1087         1000           10           10           10            0            0            0 
    3340    55.577683   -219.68695  0.028735917   -219.65822    1370.7824         1000           10           10           10            0            0            0 
    3350    117.73314   -219.72742  0.060872812   -219.66654    493.46703         1000           10           10           10            0            0            0 
    3360    98.894987   -219.71719  0.051132721   -219.66606   -438.66806         1000           10           10           10            0            0            0 
    3370    63.896708   -219.69421  0.033037191   -219.66117   -1192.3152         1000           10           10           10            0            0            0 
    3380    44.549743   -219.68009  0.023034025   -219.65705   -1566.9772         1000           10           10           10            0            0            0 
    3390    80.031664   -219.69946  0.041379618   -219.65808   -1454.6723         1000           10           10           10            0            0            0 
    3400    96.502827   -219.71099  0.049895877    -219.6611   -782.28123         1000           10           10           10            0            0            0 
    3410    77.461605     -219.699  0.040050793   -219.65895    192.52662         1000           10           10           10            0            0            0 
    3420    107.75379   -219.70725  0.055713082   -219.65154    1065.8576         1000           10           10           10            0            0            0 
    3430    70.588303   -219.67581  0.036497017   -219.63931    1569.1069         1000           10           10           10            0            0            0 
    3440    122.27895   -219.70335   0.06322318   -219.64013    1294.5458         1000           10           10           10            0            0            0 
    3450    128.61937   -219.70941  0.066501435   -219.64291    434.99561         1000           10           10           10            0            0            0 
    3460    168.54296   -219.72321  0.087143552   -219.63607   -777.44933         1000           10           10           10            0            0            0 
    3470    159.48297    -219.7017  0.082459166   -219.61924   -1780.1872         1000           10           10           10            0            0            0 
    3480    129.33499   -219.67211  0.066871437   -219.60524   -2085.2551         1000           10           10           10            0            0            0 
    3490    146.49306   -219.68045  0.075742855   -219.60471   -1659.2078         1000           10           10           10            0            0            0 
    3500    203.85022    -219.7182   0.10539884    -219.6128   -621.17163         1000           10           10           10            0            0            0 
    3510    247.05329   -219.74634   0.12773658    -219.6186    632.06897         1000           10           10           10            0            0            0 
    3520    129.43953   -219.68187  0.066925492   -219.61494     1674.397         1000           10           10           10            0            0            0 
    3530    168.66647      -219.71  0.087207408   -219.62279    1836.7501         1000           10           10           10            0            0            0 
    3540    140.96823   -219.70751  0.072886294   -219.63463    1272.9941         1000           10           10           10            0            0            0 
    3550    167.53119   -219.73697  0.086620424   -219.65035    230.38396         1000           10           10           10            0            0            0 
    3560    98.107559   -219.70806  0.050725589   -219.65733   -706.79131         1000           10           10           10            0            0            0 
    3570    69.686444   -219.70205  0.036030719   -219.66602   -1245.3782         1000           10           10           10            0            0            0 
    3580    77.649758   -219.71398  0.040148076   -219.67383   -1339.6269         1000           10           10           10            0            0            0 
    3590    62.915375    -219.7135  0.032529802   -219.68097   -876.65027         1000           10           10           10            0            0            0 
    3600    86.903535   -219.73204  0.044932654   -219.68711   -166.32831         1000           10           10           10            0            0            0 
    3610    62.902777   -219.71981  0.032523289   -219.68729    615.03049         1000           10           10           10            0            0            0 
    3620    87.118771   -219.73003   0.04504394   -219.68498    1182.1774         1000           10           10           10            0            0            0 
    3630    44.641914   -219.70402  0.023081681   -219.68094     1398.266         1000           10           10           10            0            0            0 
    3640    67.050193   -219.71649  0.034667671   -219.68182    1092.4912         1000           10           10           10            0            0            0 
    3650    84.666386   -219.72618  0.043775957    -219.6824     378.5945         1000           10           10           10            0            0            0 
    3660    85.724987   -219.72342  0.044323297   -219.67909    -435.2716         1000           10           10           10            0            0            0 
    3670     70.51966   -219.70808  0.036461526   -219.67162   -1069.1421         1000           10           10           10            0            0            0 
    3680    28.940142   -219.67731  0.014963228   -219.66234    -1259.726         1000           10           10           10            0            0            0 
    3690    95.759296   -219.71003  0.049511442   -219.66052    -1036.422         1000           10           10           10            0            0            0 
    3700    82.264424   -219.70005  0.042534046   -219.65751   -296.84787         1000           10           10           10            0            0            0 
    3710    102.40386   -219.70401   0.05294695   -219.65106    634.56734         1000           10           10           10            0            0            0 
    3720    64.027355   -219.67241  0.033104741    -219.6393    1426.4601         1000           10           10           10            0            0            0 
    3730    87.542203   -219.67633  0.045262871   -219.63106    1633.8277         1000           10           10           10            0            0            0 
    3740    121.33934    -219.6986  0.062737362   -219.63586    1206.4493         1000           10           10           10            0            0            0 
    3750    118.36773   -219.70159  0.061200921   -219.64039    238.16778         1000           10           10           10            0            0            0 
    3760    132.51159   -219.70479  0.068513872   -219.63628   -872.74658         1000           10           10           10            0            0            0 
    3770    101.17054   -219.68166  0.052309274   -219.62935   -1533.1327         1000           10           10           10            0            0            0 
    3780    132.94863   -219.69973  0.068739837   -219.63099   -1633.0143         1000           10           10           10            0            0            0 
    3790    94.419312   -219.68501  0.048818616   -219.63619   -1012.9933         1000           10           10           10            0            0            0 
    3800    169.10421   -219.73129  0.087433739   -219.64385   -180.91456         1000           10           10           10            0            0            0 
    3810    144.01469   -219.71916  0.074461437    -219.6447    833.44351         1000           10           10           10            0            0            0 
    3820    116.06279   -219.70041   0.06000917   -219.64041    1518.0932         1000           10           10           10            0            0            0 
    3830    114.84204   -219.70405  0.059377996   -219.64467    1538.9676         1000           10           10           10            0            0            0 
    3840    122.03963   -219.71219  0.063099439   -219.64909    848.91267         1000           10           10           10            0            0            0 
    3850     158.3352   -219.72947  0.081865722    -219.6476   -210.60763         1000           10           10           10            0            0            0 
    3860    85.224007   -219.68758   0.04406427   -219.64352   -911.66396         1000           10           10           10            0            0            0 
    3870     86.65914    -219.6894  0.044806292   -219.64459   -1300.3723         1000           10           10           10            0            0            0 
    3880     71.15133   -219.68424  0.036788125   -219.64745   -1100.7991         1000           10           10           10            0            0            0 
    3890    125.61875   -219.71933  0.064949991   -219.65438   -487.85017         1000           10           10           10            0            0            0 
    3900    85.700287   -219.70025  0.044310526   -219.65594    478.21156         1000           10           10           10            0            0            0 
    3910    71.677378   -219.68913  0.037060113   -219.65207    1230.0571         1000           10           10           10            0            0            0 
    3920    80.012153   -219.69275   0.04136953   -219.65138    1491.0706         1000           10           10           10            0            0            0 
    3930    65.887421   -219.68863   0.03406647   -219.65456    1241.7651         1000           10           10           10            0            0            0 
    3940    89.104084   -219.70719  0.046070427   -219.66112     525.0756         1000           10           10           10            0            0            0 
    3950    53.581521   -219.69097  0.027703821   -219.66326   -230.87311         1000           10           10           10            0            0            0 
    3960    75.262849   -219.70234  0.038913947   -219.66343   -916.27806         1000           10           10           10            0            0            0 
    3970    41.370891   -219.68437   0.02139043   -219.66298   -1098.4995         1000           10           10           10            0            0            0 
    3980    63.925608   -219.70224  0.033052133   -219.66919   -780.32816         1000           10           10           10            0            0            0 
    3990    63.758275   -219.70688  0.032965615   -219.67391   -103.33742         1000           10           10           10            0            0            0 
    4000    75.501321   -219.71422  0.039037247   -219.67518    612.74249         1000           10           10           10            0            0            0 
    4010    69.915412   -219.70936  0.036149105   -219.67321    1183.0837         1000           10           10           10            0            0            0 
    4020    33.616205   -219.68823  0.017380942   -219.67085    1384.9879         1000           10           10           10            0            0            0 
    4030    73.050441   -219.71255  0.037770042   -219.67478    1048.3132         1000           10           10           10            0            0            0 
    4040    66.342932   -219.71069  0.034301988   -219.67639    399.83693         1000           10           10           10            0            0            0 
    4050    87.454676   -219.71873  0.045217617   -219.67351   -387.97906         1000           10           10           10            0            0            0 
    4060    47.039316   -219.68981  0.024321235   -219.66549   -943.15193         1000           10           10           10            0            0            0 
    4070    67.972145    -219.6958  0.035144357   -219.66065   -1123.7635         1000           10           10           10            0            0            0 
    4080    99.934357   -219.70881  0.051670118   -219.65714   -798.63658         1000           10           10           10            0            0            0 
    4090    117.21611   -219.71124  0.060605484   -219.65064    -57.36655         1000           10           10           10            0            0            0 
    4100    142.85956   -219.71714   0.07386419   -219.64328    882.86015         1000           10           10           10            0            0            0 
    4110    127.31659   -219.69817  0.065827842   -219.63234    1562.1146         1000           10           10           10            0            0            0 
    4120    177.95369   -219.71883  0.092009282   -219.62682    1553.6519         1000           10           10           10            0            0            0 
    4130    153.54783   -219.69973  0.079390461   -219.62034    884.68047         1000           10           10           10            0            0            0 
    4140    197.38831    -219.7148   0.10205777   -219.61274   -238.35435         1000           10           10           10            0            0            0 
    4150    127.79327   -219.66903  0.066074307   -219.60296   -1145.0701         1000           10           10           10            0            0            0 
    4160    111.62939   -219.65621  0.057716926    -219.5985    -1486.987         1000           10           10           10            0            0            0 
    4170    117.98034   -219.66533  0.061000625   -219.60433   -1063.5506         1000           10           10           10            0            0            0 
    4180    112.11657   -219.67478  0.057968816   -219.61681   -153.76646         1000           10           10           10            0            0            0 
    4190    137.97314   -219.69977  0.071337711   -219.62843    873.30826         1000           10           10           10            0            0            0 
    4200    77.566345   -219.67611  0.040104948   -219.63601    1546.8923         1000           10           10           10            0            0            0 
    4210    73.274306   -219.68714   0.03788579   -219.64925    1564.6256         1000           10           10           10            0            0            0 
    4220    66.164792   -219.70194  0.034209883   -219.66773    1020.9866         1000           10           10           10            0            0            0 
    4230    98.112843   -219.73216  0.050728321   -219.68143    151.17891         1000           10           10           10            0            0            0 
    4240    60.682781   -219.71556   0.03137546   -219.68418   -580.82671         1000           10           10           10            0            0            0 
    4250    47.031354    -219.7085  0.024317118   -219.68419   -1073.2202         1000           10           10           10            0            0            0 
    4260    46.057829   -219.70825  0.023813767   -219.68444   -1180.7345         1000           10           10           10            0            0            0 
    4270    49.095873   -219.71134  0.025384559   -219.68595   -870.07842         1000           10           10           10            0            0            0 
    4280    71.953941   -219.72514  0.037203107   -219.68794   -231.20246         1000           10           10           10            0            0            0 
    4290    50.706627   -219.71127  0.026217384   -219.68505    562.01057         1000           10           10           10            0            0            0 
    4300    62.366411    -219.7111  0.032245965   -219.67886    1160.9553         1000           10           10           10            0            0            0 
    4310    44.949478   -219.69683  0.023240704   -219.67359    1427.5741         1000           10           10           10            0            0            0 
    4320    65.237585   -219.70752  0.033730479   -219.67379    1122.4115         1000           10           10           10            0            0            0 
    4330    69.307602   -219.70951  0.035834843   -219.67367     417.4558         1000           10           10           10            0            0            0 
    4340     96.30342   -219.71943  0.049792776   -219.66964   -459.79537         1000           10           10           10            0            0            0 
    4350    72.393496   -219.69698  0.037430375   -219.65955   -1158.7449         1000           10           10           10            0            0            0 
    4360    44.368075   -219.67349  0.022940095   -219.65055   -1416.6638         1000           10           10           10            0            0            0 
    4370    92.489078   -219.69606  0.047820606   -219.64824   -1203.2766         1000           10           10           10            0            0            0 
    4380    97.530894   -219.69609   0.05042743   -219.64566   -430.19011         1000           10           10           10            0            0            0 
    4390    135.25796   -219.71147  0.069933854   -219.64154    552.47815         1000           10           10           10            0            0            0 
    4400    82.551508   -219.67345   0.04268248   -219.63076    1523.2167         1000           10           10           10            0            0            0 
    4410    104.67639   -219.67991  0.054121943   -219.62579    1773.2108         1000           10           10           10            0            0            0 
    4420    130.31827   -219.69973  0.067379835   -219.63235    1299.4699         1000           10           10           10            0            0            0 
    4430    151.33128   -219.71603  0.078244415   -219.63779    360.35246         1000           10           10           10            0            0            0 
    4440    126.22873   -219.69916  0.065265377    -219.6339   -733.18915         1000           10           10           10            0            0            0 
    4450    113.49619   -219.68952  0.058682137   -219.63084   -1506.5943         1000           10           10           10            0            0            0 
    4460    120.45725   -219.69349  0.062281285    -219.6312   -1776.1191         1000           10           10           10            0            0            0 
    4470    91.243604   -219.68666  0.047176646   -219.63948   -1254.1673         1000           10           10           10            0            0            0 
    4480    149.46514   -219.73425  0.077279542   -219.65697   -390.82908         1000           10           10           10            0            0            0 
    4490    108.68736   -219.72788  0.056195777   -219.67169    605.02121         1000           10           10           10            0            0            0 
    4500    96.319951   -219.73377  0.049801323   -219.68397    1199.6341         1000           10           10           10            0            0            0 
    4510    56.863916   -219.72333  0.029400952   -219.69392    1292.8318         1000           10           10           10            0            0            0 
    4520    62.199749   -219.73623  0.032159794   -219.70407    940.14035         1000           10           10           10            0            0            0 
    4530     78.96374    -219.7512  0.040827458   -219.71037     270.2322         1000           10           10           10            0            0            0 
    4540    63.068764   -219.74384   0.03260911   -219.71123   -393.80809         1000           10           10           10            0            0            0 
    4550    56.948834   -219.73858  0.029444858   -219.70913   -941.66526         1000           10           10           10            0            0            0 
    4560    37.898502   -219.72571  0.019595064   -219.70612   -1182.3862         1000           10           10           10            0            0            0 
    4570    68.974667   -219.74185  0.035662702   -219.70619   -1088.4961         1000           10           10           10            0            0            0 
    4580    62.416509   -219.73777  0.032271868    -219.7055   -591.62225         1000           10           10           10            0            0            0 
    4590    79.191619   -219.74359   0.04094528   -219.70264    113.86717         1000           10           10           10            0            0            0 
    4600     81.28294   -219.73805  0.042026578   -219.69602    842.33667         1000           10           10           10            0            0            0 
    4610    74.544873   -219.72417  0.038542724   -219.68563    1329.1307         1000           10           10           10            0            0            0 
    4620    90.331094   -219.72624  0.046704841   -219.67954    1321.5286         1000           10           10           10            0            0            0 
    4630    88.375882    -219.7216  0.045693917   -219.67591    792.04157         1000           10           10           10            0            0            0 
    4640    144.13209   -219.74545  0.074522142   -219.67093   -190.34014         1000           10           10           10            0            0            0 
    4650    116.44213   -219.71872  0.060205306   -219.65851   -1097.5866         1000           10           10           10            0            0            0 
    4660    108.99214   -219.70414   0.05635336   -219.64779   -1638.0244         1000           10           10           10            0            0            0 
    4670    88.176212   -219.68728   0.04559068   -219.64169   -1625.1223         1000           10           10           10            0            0            0 
    4680    159.09283   -219.72736  0.082257448    -219.6451   -1038.6075         1000           10           10           10            0            0            0 
    4690     166.1056     -219.735  0.085883337   -219.64912    25.707921         1000           10           10           10            0            0            0 
    4700     129.0843   -219.71117  0.066741819   -219.64443    1113.4404         1000           10           10           10            0            0            0 
    4710    138.84798   -219.71277   0.07179004   -219.64098    1700.6058         1000           10           10           10            0            0            0 
    4720    122.98841   -219.70527  0.063589999   -219.64168    1544.4659         1000           10           10           10            0            0            0 
    4730    177.77434   -219.73967   0.09191655   -219.64775    727.30173         1000           10           10           10            0            0            0 
    4740    123.69876   -219.71002   0.06395728   -219.64606   -282.02548         1000           10           10           10            0            0            0 
    4750    127.19222   -219.71148  0.065763539   -219.64572   -1220.5569         1000           10           10           10            0            0            0 
    4760    95.954358   -219.69433  0.049612297   -219.64472   -1687.1906         1000           10           10           10            0            0            0 
    4770     88.87025   -219.69726  0.045949526   -219.65131    -1451.863         1000           10           10           10            0            0            0 
    4780    93.503749   -219.71157  0.048345232   -219.66323    -684.9402         1000           10           10           10            0            0            0 
    4790    105.40635   -219.72763  0.054499361   -219.67313    201.23715         1000           10           10           10            0            0            0 
    4800    98.371419   -219.72998  0.050862015   -219.67912    997.28661         1000           10           10           10            0            0            0 
    4810    48.570121   -219.70878  0.025112724   -219.68367    1382.1919         1000           10           10           10            0            0            0 
    4820    55.271181   -219.72181  0.028577443   -219.69323     1210.877         1000           10           10           10            0            0            0 
    4830    57.272533   -219.73298  0.029612224   -219.70337    667.37659         1000           10           10           10            0            0            0 
    4840     73.59427   -219.74798  0.038051224   -219.70993   -64.573117         1000           10           10           10            0            0            0 
    4850    44.946417   -219.73331  0.023239121   -219.71007   -684.74072         1000           10           10           10            0            0            0 
    4860    33.542624   -219.72651  0.017342898   -219.70917   -1077.2127         1000           10           10           10            0            0            0 
    4870    43.038346   -219.73181  0.022252571   -219.70956   -1147.9806         1000           10           10           10            0            0            0 
    4880    51.731741    -219.7377   0.02674741   -219.71095   -841.66015         1000           10           10           10            0            0            0 
    4890    62.708705     -219.744  0.032422945   -219.71158   -249.20364         1000           10           10           10            0            0            0 
    4900    56.221746   -219.73735  0.029068924   -219.70828    447.64372         1000           10           10           10            0            0            0 
    4910    74.942827   -219.74156  0.038748483   -219.70281    1021.2469         1000           10           10           10            0            0            0 
    4920    55.748834   -219.72378  0.028824409   -219.69495    1337.0125         1000           10           10           10            0            0            0 
    4930     71.07445   -219.72822  0.036748375   -219.69147    1140.9166         1000           10           10           10            0            0            0 
    4940    88.507909   -219.73621  0.045762181   -219.69045    458.58299         1000           10           10           10            0            0            0 
    4950    102.04348   -219.73809   0.05276062   -219.68532   -446.53473         1000           10           10           10            0            0            0 
    4960    92.318753   -219.72533  0.047732542    -219.6776   -1191.1603         1000           10           10           10            0            0            0 
    4970    53.310861   -219.69878  0.027563879   -219.67121   -1480.6912         1000           10           10           10            0            0            0 
    4980    86.335353   -219.71541  0.044638881   -219.67077   -1347.5927         1000           10           10           10            0            0            0 
    4990    114.56286   -219.73219   0.05923365   -219.67295   -743.75812         1000           10           10           10            0            0            0 
    5000    129.69611   -219.74052  0.067058153   -219.67346    182.37325         1000           10           10           10            0            0            0 
Loop time of 74.4149 on 1 procs for 5000 steps with 5 atoms

Performance: 11.611 ns/day, 2.067 hours/ns, 67.191 timesteps/s
151.1% CPU use with 1 MPI tasks x no OpenMP threads

MPI task timing breakdown:
Section |  min time  |  avg time  |  max time  |%varavg| %total
---------------------------------------------------------------
Pair    | 74.206     | 74.206     | 74.206     |   0.0 | 99.72
Neigh   | 0.001653   | 0.001653   | 0.001653   |   0.0 |  0.00
Comm    | 0.012381   | 0.012381   | 0.012381   |   0.0 |  0.02
Output  | 0.16995    | 0.16995    | 0.16995    |   0.0 |  0.23
Modify  | 0.018312   | 0.018312   | 0.018312   |   0.0 |  0.02
Other   |            | 0.006392   |            |       |  0.01

Nlocal:    5 ave 5 max 5 min
Histogram: 1 0 0 0 0 0 0 0 0 0
Nghost:    112 ave 112 max 112 min
Histogram: 1 0 0 0 0 0 0 0 0 0
Neighs:    0 ave 0 max 0 min
Histogram: 1 0 0 0 0 0 0 0 0 0

Total # of neighbors = 0
Ave neighs/atom = 0
Neighbor list builds = 146
Dangerous builds = 0
Total wall time: 0:01:17
