#       step         max_devi_e         min_devi_e         avg_devi_e         max_devi_f         min_devi_f         avg_devi_f
           0       3.399050e+00       8.125621e-01       1.360184e+00       1.652521e-02       9.288833e-03       1.369050e-02
          10       3.399645e+00       7.979795e-01       1.360714e+00       2.299228e-02       7.740064e-03       1.172179e-02
          20       3.423202e+00       8.013421e-01       1.370315e+00       1.391020e-02       6.932142e-03       9.503382e-03
          30       3.458987e+00       8.187238e-01       1.384571e+00       1.178211e-02       9.748838e-03       1.059431e-02
          40       3.487738e+00       8.237509e-01       1.396241e+00       2.542496e-02       1.196565e-02       1.718823e-02
          50       3.499463e+00       8.201042e-01       1.401290e+00       3.808536e-02       8.421630e-03       2.070042e-02
          60       3.485768e+00       8.107371e-01       1.396073e+00       4.258696e-02       1.019268e-02       2.323430e-02
          70       3.456576e+00       8.091552e-01       1.384225e+00       2.394739e-02       1.464249e-02       1.753351e-02
          80       3.418948e+00       8.059027e-01       1.368851e+00       2.221570e-02       1.422254e-02       1.675397e-02
          90       3.391187e+00       7.955571e-01       1.357958e+00       1.803337e-02       1.363523e-02       1.628581e-02
         100       3.388242e+00       7.855563e-01       1.357237e+00       3.788484e-02       1.489197e-02       2.150397e-02
         110       3.406905e+00       7.912441e-01       1.364774e+00       3.347691e-02       1.615022e-02       2.173722e-02
         120       3.443247e+00       8.063596e-01       1.378913e+00       1.543472e-02       1.154141e-02       1.336036e-02
         130       3.481227e+00       8.173477e-01       1.393856e+00       2.865053e-02       1.538729e-02       2.257422e-02
         140       3.506086e+00       8.198172e-01       1.403721e+00       2.919249e-02       9.912401e-03       1.849658e-02
         150       3.491197e+00       8.180320e-01       1.397341e+00       1.644356e-02       1.286722e-02       1.508999e-02
         160       3.448882e+00       8.308534e-01       1.380026e+00       1.162797e-02       9.570277e-03       1.052281e-02
         170       3.406739e+00       7.848274e-01       1.364019e+00       2.024120e-02       1.016213e-02       1.503044e-02
         180       3.391110e+00       7.670023e-01       1.358381e+00       3.522425e-02       1.529926e-02       2.440986e-02
         190       3.404906e+00       7.714508e-01       1.363773e+00       2.157214e-02       1.304209e-02       1.745106e-02
         200       3.436561e+00       7.768805e-01       1.376612e+00       2.276016e-02       8.590719e-03       1.704977e-02
         210       3.473411e+00       7.840259e-01       1.391466e+00       3.299556e-02       1.018883e-02       1.943463e-02
         220       3.496578e+00       7.874762e-01       1.400645e+00       4.418715e-02       1.431886e-02       2.537502e-02
         230       3.496352e+00       7.986316e-01       1.400220e+00       3.443792e-02       1.075874e-02       2.020514e-02
         240       3.475387e+00       8.043827e-01       1.391362e+00       1.636375e-02       9.061820e-03       1.237411e-02
         250       3.446003e+00       8.020057e-01       1.379357e+00       9.937388e-03       6.796089e-03       8.555869e-03
         260       3.420477e+00       7.916251e-01       1.369219e+00       1.330927e-02       8.692021e-03       1.090217e-02
         270       3.408402e+00       7.895984e-01       1.364338e+00       1.386377e-02       8.055251e-03       1.124740e-02
         280       3.413241e+00       8.006267e-01       1.366061e+00       1.355742e-02       8.525773e-03       1.041164e-02
         290       3.431476e+00       8.106931e-01       1.373313e+00       1.226258e-02       8.391983e-03       9.693338e-03
         300       3.458422e+00       8.168273e-01       1.384118e+00       1.111002e-02       7.243430e-03       9.910061e-03
         310       3.482463e+00       8.165681e-01       1.393785e+00       1.113573e-02       8.287561e-03       9.668385e-03
         320       3.494311e+00       8.248003e-01       1.398395e+00       1.108447e-02       6.178844e-03       9.075970e-03
         330       3.488539e+00       8.341626e-01       1.395810e+00       1.198568e-02       9.125244e-03       1.022463e-02
         340       3.464238e+00       8.357838e-01       1.385887e+00       1.016482e-02       5.437347e-03       8.908711e-03
         350       3.429812e+00       8.272801e-01       1.372081e+00       9.406303e-03       7.401320e-03       8.397549e-03
         360       3.401548e+00       8.218720e-01       1.360924e+00       1.290780e-02       7.862609e-03       1.093280e-02
         370       3.392855e+00       8.178266e-01       1.357429e+00       1.452674e-02       1.152098e-02       1.291552e-02
         380       3.404209e+00       8.126425e-01       1.362058e+00       1.829728e-02       1.034203e-02       1.545528e-02
         390       3.440638e+00       8.091240e-01       1.376794e+00       1.105187e-02       7.585582e-03       9.555633e-03
         400       3.484790e+00       8.200162e-01       1.394639e+00       1.516384e-02       1.261289e-02       1.374190e-02
         410       3.520474e+00       8.158287e-01       1.409232e+00       2.894539e-02       1.530840e-02       2.258872e-02
         420       3.523714e+00       7.968993e-01       1.410924e+00       4.260678e-02       1.377348e-02       2.714797e-02
         430       3.492732e+00       7.720562e-01       1.399315e+00       2.824525e-02       1.169140e-02       1.865446e-02
         440       3.448018e+00       7.450477e-01       1.382561e+00       5.011861e-02       1.675087e-02       2.963659e-02
         450       3.413149e+00       7.328947e-01       1.368850e+00       5.311695e-02       1.599163e-02       3.147488e-02
         460       3.408603e+00       7.417057e-01       1.366169e+00       4.102947e-02       9.768938e-03       2.537774e-02
         470       3.429395e+00       7.613286e-01       1.373846e+00       2.304618e-02       1.018004e-02       1.638825e-02
         480       3.468182e+00       7.887874e-01       1.388646e+00       1.260413e-02       1.093022e-02       1.145742e-02
         490       3.501044e+00       8.362423e-01       1.401060e+00       1.812654e-02       1.114253e-02       1.457711e-02
         500       3.513320e+00       8.467790e-01       1.405645e+00       1.884097e-02       1.007711e-02       1.361645e-02
         510       3.496503e+00       8.489143e-01       1.398764e+00       1.143985e-02       9.533338e-03       1.032362e-02
         520       3.458522e+00       8.337167e-01       1.383640e+00       1.552054e-02       7.737579e-03       1.323716e-02
         530       3.416094e+00       8.147675e-01       1.366753e+00       1.300539e-02       7.691378e-03       1.144230e-02
         540       3.389021e+00       8.060234e-01       1.355936e+00       1.142029e-02       9.081919e-03       9.916138e-03
         550       3.390246e+00       8.147672e-01       1.356304e+00       1.293975e-02       9.964385e-03       1.170156e-02
         560       3.410927e+00       8.210586e-01       1.364581e+00       1.551081e-02       9.106468e-03       1.244693e-02
         570       3.444468e+00       8.241684e-01       1.378063e+00       8.663267e-03       8.117146e-03       8.407484e-03
         580       3.479299e+00       8.199070e-01       1.392296e+00       1.050120e-02       8.662395e-03       9.157363e-03
         590       3.502579e+00       8.257447e-01       1.401851e+00       1.844904e-02       1.049572e-02       1.410970e-02
         600       3.503654e+00       8.315965e-01       1.402338e+00       2.091255e-02       1.040964e-02       1.512095e-02
         610       3.480832e+00       8.235615e-01       1.393193e+00       1.461752e-02       1.047854e-02       1.188227e-02
         620       3.447341e+00       8.098817e-01       1.379870e+00       1.076411e-02       7.688532e-03       8.796267e-03
         630       3.417871e+00       7.980887e-01       1.368297e+00       1.462127e-02       9.477402e-03       1.221909e-02
         640       3.401786e+00       7.996476e-01       1.361780e+00       2.205280e-02       1.253370e-02       1.614362e-02
         650       3.402101e+00       8.036565e-01       1.361778e+00       1.553802e-02       7.543543e-03       1.092489e-02
         660       3.422058e+00       8.059923e-01       1.369760e+00       1.394146e-02       1.026316e-02       1.172528e-02
         670       3.454922e+00       8.037998e-01       1.383153e+00       1.383113e-02       1.217294e-02       1.301972e-02
         680       3.488740e+00       8.112050e-01       1.396894e+00       2.365337e-02       1.113750e-02       1.642791e-02
         690       3.511167e+00       8.198736e-01       1.405935e+00       3.858284e-02       7.149171e-03       2.230769e-02
         700       3.506732e+00       8.160538e-01       1.404281e+00       3.601791e-02       1.379011e-02       2.261871e-02
         710       3.473096e+00       8.028188e-01       1.391067e+00       2.179176e-02       1.357239e-02       1.740004e-02
         720       3.422792e+00       7.823017e-01       1.371080e+00       2.533285e-02       9.644971e-03       1.771371e-02
         730       3.377813e+00       7.800688e-01       1.352695e+00       3.175161e-02       1.483715e-02       1.968860e-02
         740       3.361365e+00       7.852896e-01       1.346005e+00       3.028052e-02       1.298024e-02       1.946069e-02
         750       3.387833e+00       7.933501e-01       1.356641e+00       2.248787e-02       1.746290e-02       1.927630e-02
         760       3.434209e+00       7.959387e-01       1.375202e+00       1.815279e-02       1.125081e-02       1.549345e-02
         770       3.485231e+00       8.178576e-01       1.395157e+00       1.575749e-02       6.358680e-03       1.002278e-02
         780       3.524873e+00       8.462853e-01       1.410571e+00       2.304511e-02       1.335637e-02       1.885769e-02
         790       3.523265e+00       8.551119e-01       1.409772e+00       2.167087e-02       2.052819e-02       2.105378e-02
         800       3.483392e+00       8.546839e-01       1.393608e+00       1.006474e-02       7.481943e-03       8.392697e-03
         810       3.436751e+00       8.115391e-01       1.375287e+00       1.084230e-02       8.250492e-03       9.303601e-03
         820       3.405542e+00       7.818602e-01       1.363346e+00       2.242672e-02       1.623814e-02       1.891210e-02
         830       3.396114e+00       7.705412e-01       1.359852e+00       2.587630e-02       1.228159e-02       1.968149e-02
         840       3.411145e+00       7.739326e-01       1.365791e+00       2.016330e-02       9.023944e-03       1.323382e-02
         850       3.444265e+00       7.888179e-01       1.378851e+00       1.232866e-02       7.100358e-03       9.267388e-03
         860       3.483290e+00       7.998461e-01       1.394437e+00       1.593675e-02       1.088139e-02       1.340295e-02
         870       3.512375e+00       8.045276e-01       1.406037e+00       2.356648e-02       1.237315e-02       1.769008e-02
         880       3.517890e+00       8.077653e-01       1.408190e+00       2.729272e-02       7.392214e-03       1.589790e-02
         890       3.500025e+00       8.049851e-01       1.401134e+00       2.020906e-02       1.119809e-02       1.486370e-02
         900       3.466497e+00       7.933738e-01       1.387909e+00       1.664995e-02       8.370143e-03       1.397075e-02
         910       3.426551e+00       7.759160e-01       1.372127e+00       1.793601e-02       1.128803e-02       1.471647e-02
         920       3.398883e+00       7.614279e-01       1.361367e+00       2.845396e-02       7.703304e-03       1.725863e-02
         930       3.396352e+00       7.634664e-01       1.360399e+00       2.501445e-02       1.220614e-02       1.796577e-02
         940       3.416927e+00       7.766346e-01       1.368428e+00       2.112950e-02       1.478089e-02       1.728469e-02
         950       3.452661e+00       7.887202e-01       1.382472e+00       1.298030e-02       1.085022e-02       1.171830e-02
         960       3.492861e+00       7.983767e-01       1.398481e+00       1.767079e-02       8.332713e-03       1.251671e-02
         970       3.519352e+00       8.094011e-01       1.409043e+00       3.220083e-02       1.050094e-02       2.104569e-02
         980       3.513974e+00       8.157250e-01       1.406640e+00       2.833151e-02       1.725059e-02       2.149968e-02
         990       3.476483e+00       8.167292e-01       1.391142e+00       1.135624e-02       6.724944e-03       9.464582e-03
        1000       3.424851e+00       8.077948e-01       1.370360e+00       1.032212e-02       6.788717e-03       8.546930e-03
        1010       3.386078e+00       8.007331e-01       1.355140e+00       2.048736e-02       1.415826e-02       1.739475e-02
        1020       3.370545e+00       8.106199e-01       1.348808e+00       2.867415e-02       1.752638e-02       2.094051e-02
        1030       3.382960e+00       8.088471e-01       1.353648e+00       1.941664e-02       7.773133e-03       1.504855e-02
        1040       3.428861e+00       8.151603e-01       1.372006e+00       1.791930e-02       8.024228e-03       1.179124e-02
        1050       3.489293e+00       8.346214e-01       1.396340e+00       2.347356e-02       1.270884e-02       1.977475e-02
        1060       3.531431e+00       8.378185e-01       1.413122e+00       2.629428e-02       1.736005e-02       2.106696e-02
        1070       3.537929e+00       8.251412e-01       1.415731e+00       2.708793e-02       1.088721e-02       1.885193e-02
        1080       3.513567e+00       8.013883e-01       1.406591e+00       2.174684e-02       1.542006e-02       1.840814e-02
        1090       3.465741e+00       7.672975e-01       1.388348e+00       2.225877e-02       1.809722e-02       2.038441e-02
        1100       3.418968e+00       7.454766e-01       1.370133e+00       3.917782e-02       1.494998e-02       2.446723e-02
        1110       3.399787e+00       7.354012e-01       1.362761e+00       5.605800e-02       1.198139e-02       2.962436e-02
        1120       3.414670e+00       7.461721e-01       1.368291e+00       3.713035e-02       1.360546e-02       2.352081e-02
        1130       3.448680e+00       7.744420e-01       1.381035e+00       1.749891e-02       1.395852e-02       1.567642e-02
        1140       3.484007e+00       7.979407e-01       1.394623e+00       1.440928e-02       9.574284e-03       1.184963e-02
        1150       3.508232e+00       8.105818e-01       1.404061e+00       1.607254e-02       7.184179e-03       1.050220e-02
        1160       3.514725e+00       8.143634e-01       1.406689e+00       1.548425e-02       1.030956e-02       1.276625e-02
        1170       3.499589e+00       8.115841e-01       1.400677e+00       1.598649e-02       9.926612e-03       1.368024e-02
        1180       3.468177e+00       8.047580e-01       1.388010e+00       1.019099e-02       4.991664e-03       8.255456e-03
        1190       3.435536e+00       7.974153e-01       1.374917e+00       1.163893e-02       5.662058e-03       8.063876e-03
        1200       3.413269e+00       7.864096e-01       1.366221e+00       1.580285e-02       1.458924e-02       1.497253e-02
        1210       3.405403e+00       7.827167e-01       1.363155e+00       1.586848e-02       1.100709e-02       1.375308e-02
        1220       3.415372e+00       7.941101e-01       1.366877e+00       1.724472e-02       6.480430e-03       1.086329e-02
        1230       3.444927e+00       8.129571e-01       1.378450e+00       7.945122e-03       6.101067e-03       6.813647e-03
        1240       3.484238e+00       8.387144e-01       1.394049e+00       1.393982e-02       9.349639e-03       1.254745e-02
        1250       3.513122e+00       8.557755e-01       1.405539e+00       1.455952e-02       1.399936e-02       1.434540e-02
        1260       3.516157e+00       8.589093e-01       1.406608e+00       1.212106e-02       6.261131e-03       9.275749e-03
        1270       3.495006e+00       8.448617e-01       1.398167e+00       8.881777e-03       6.206908e-03       7.392095e-03
        1280       3.454646e+00       8.300674e-01       1.382196e+00       2.138168e-02       7.693038e-03       1.782555e-02
        1290       3.403883e+00       8.200415e-01       1.361846e+00       2.119131e-02       1.732780e-02       1.871405e-02
        1300       3.365800e+00       8.036639e-01       1.346601e+00       1.512526e-02       7.665082e-03       1.013544e-02
        1310       3.365124e+00       7.954531e-01       1.346600e+00       2.801226e-02       1.660633e-02       2.062892e-02
        1320       3.404142e+00       7.926433e-01       1.362574e+00       2.579161e-02       1.955618e-02       2.204151e-02
        1330       3.455999e+00       7.923900e-01       1.383953e+00       1.813908e-02       1.170443e-02       1.404972e-02
        1340       3.496540e+00       7.985968e-01       1.400463e+00       3.545156e-02       9.541853e-03       2.233728e-02
        1350       3.503860e+00       7.986500e-01       1.403856e+00       5.774935e-02       1.501340e-02       3.238918e-02
        1360       3.473231e+00       7.932737e-01       1.391500e+00       4.286932e-02       1.614962e-02       2.717984e-02
        1370       3.422463e+00       7.923692e-01       1.370300e+00       1.986696e-02       1.084541e-02       1.429968e-02
        1380       3.384048e+00       7.905985e-01       1.354479e+00       1.754643e-02       9.107854e-03       1.319763e-02
        1390       3.379586e+00       7.903386e-01       1.352648e+00       1.825660e-02       1.580919e-02       1.660639e-02
        1400       3.399428e+00       8.040504e-01       1.360618e+00       2.141576e-02       1.645591e-02       1.831793e-02
        1410       3.434791e+00       8.233978e-01       1.374489e+00       1.281658e-02       9.524226e-03       1.063156e-02
        1420       3.475712e+00       8.452989e-01       1.390601e+00       6.943716e-03       4.565663e-03       5.801482e-03
        1430       3.508603e+00       8.626687e-01       1.403793e+00       1.869405e-02       1.477596e-02       1.713298e-02
        1440       3.512172e+00       8.604101e-01       1.405133e+00       1.953990e-02       1.515859e-02       1.675375e-02
        1450       3.485818e+00       8.582578e-01       1.394340e+00       6.795258e-03       3.752190e-03       5.376561e-03
        1460       3.449596e+00       8.448342e-01       1.379892e+00       9.022150e-03       6.839827e-03       8.322851e-03
        1470       3.416690e+00       8.143442e-01       1.367019e+00       1.837048e-02       1.065664e-02       1.435211e-02
        1480       3.398714e+00       7.995229e-01       1.359978e+00       1.234734e-02       8.363008e-03       1.130480e-02
        1490       3.399933e+00       8.040515e-01       1.360341e+00       1.734645e-02       5.659746e-03       1.051394e-02
        1500       3.425148e+00       8.112290e-01       1.370399e+00       9.151298e-03       8.385172e-03       8.807415e-03
        1510       3.461620e+00       8.185819e-01       1.385073e+00       1.528236e-02       7.744636e-03       1.298409e-02
        1520       3.492974e+00       8.279765e-01       1.397578e+00       1.368314e-02       1.102263e-02       1.221092e-02
        1530       3.510577e+00       8.326133e-01       1.404523e+00       1.095316e-02       3.859905e-03       7.274994e-03
        1540       3.508241e+00       8.263066e-01       1.403753e+00       1.495603e-02       1.224388e-02       1.292671e-02
        1550       3.485664e+00       8.093845e-01       1.395025e+00       1.689918e-02       6.978708e-03       1.353384e-02
        1560       3.449566e+00       7.819362e-01       1.381005e+00       1.202793e-02       9.135925e-03       1.050842e-02
        1570       3.416915e+00       7.610880e-01       1.368385e+00       2.328870e-02       7.468144e-03       1.394557e-02
        1580       3.403029e+00       7.520452e-01       1.363221e+00       3.399930e-02       1.292432e-02       2.380074e-02
        1590       3.416697e+00       7.481343e-01       1.368978e+00       3.245881e-02       1.674159e-02       2.477673e-02
        1600       3.451825e+00       7.576001e-01       1.382806e+00       2.503238e-02       8.785073e-03       1.592404e-02
        1610       3.496706e+00       7.750868e-01       1.400353e+00       2.257861e-02       8.568656e-03       1.361869e-02
        1620       3.536460e+00       7.875895e-01       1.416103e+00       4.265752e-02       2.374121e-02       3.036152e-02
        1630       3.539237e+00       7.931808e-01       1.417082e+00       4.228535e-02       2.473027e-02       3.007252e-02
        1640       3.501690e+00       7.810123e-01       1.402203e+00       2.134305e-02       7.339430e-03       1.283596e-02
        1650       3.451032e+00       7.651554e-01       1.382181e+00       2.033630e-02       6.730098e-03       1.315547e-02
        1660       3.408029e+00       7.672035e-01       1.364667e+00       2.188989e-02       1.664649e-02       1.936198e-02
        1670       3.384989e+00       7.776012e-01       1.355054e+00       3.130440e-02       1.559467e-02       2.364048e-02
        1680       3.394935e+00       7.924196e-01       1.358577e+00       1.309502e-02       1.108186e-02       1.230675e-02
        1690       3.431573e+00       8.228227e-01       1.372863e+00       1.302865e-02       4.165180e-03       1.022532e-02
        1700       3.474569e+00       8.575891e-01       1.390002e+00       1.954664e-02       9.855375e-03       1.666307e-02
        1710       3.498940e+00       8.542844e-01       1.399866e+00       1.331247e-02       1.102901e-02       1.257926e-02
        1720       3.500915e+00       8.482732e-01       1.400761e+00       9.660330e-03       5.679633e-03       7.485394e-03
        1730       3.481709e+00       8.479734e-01       1.393077e+00       1.220677e-02       7.472999e-03       1.048506e-02
        1740       3.450877e+00       8.413691e-01       1.380719e+00       1.382717e-02       9.230682e-03       1.195239e-02
        1750       3.421206e+00       8.287292e-01       1.368916e+00       1.291073e-02       9.280238e-03       1.080201e-02
        1760       3.402443e+00       8.211508e-01       1.361420e+00       2.056514e-02       7.071527e-03       1.133854e-02
        1770       3.403213e+00       8.215185e-01       1.361670e+00       1.209584e-02       1.149009e-02       1.175850e-02
        1780       3.419966e+00       8.317072e-01       1.368312e+00       1.719377e-02       1.248799e-02       1.431722e-02
        1790       3.447417e+00       8.323610e-01       1.379397e+00       1.060323e-02       6.719460e-03       9.354899e-03
        1800       3.477584e+00       8.331710e-01       1.391831e+00       1.425498e-02       5.383381e-03       9.066271e-03
        1810       3.499818e+00       8.327604e-01       1.401136e+00       2.841303e-02       1.232523e-02       1.881308e-02
        1820       3.497266e+00       8.316353e-01       1.400099e+00       2.173905e-02       1.167463e-02       1.734145e-02
        1830       3.471303e+00       8.213663e-01       1.389717e+00       1.345631e-02       9.067067e-03       1.123499e-02
        1840       3.437871e+00       8.074470e-01       1.376651e+00       1.791384e-02       9.043114e-03       1.274477e-02
        1850       3.407414e+00       8.042732e-01       1.364641e+00       3.560983e-02       1.857700e-02       2.277961e-02
        1860       3.392341e+00       8.015193e-01       1.358587e+00       1.832618e-02       1.517656e-02       1.676464e-02
        1870       3.395694e+00       7.999299e-01       1.359713e+00       2.620999e-02       1.689242e-02       2.235504e-02
        1880       3.422942e+00       8.069403e-01       1.370633e+00       1.821413e-02       1.088123e-02       1.370626e-02
        1890       3.462812e+00       8.158625e-01       1.386960e+00       3.706883e-02       1.520554e-02       2.351943e-02
        1900       3.493726e+00       8.228302e-01       1.399397e+00       4.950382e-02       1.616672e-02       2.957624e-02
        1910       3.499563e+00       8.280879e-01       1.401189e+00       3.162098e-02       1.000013e-02       1.837973e-02
        1920       3.480696e+00       8.227026e-01       1.393315e+00       1.723626e-02       1.361683e-02       1.486810e-02
        1930       3.442199e+00       8.210640e-01       1.377554e+00       1.835248e-02       9.671719e-03       1.644190e-02
        1940       3.399424e+00       8.274677e-01       1.359996e+00       1.853240e-02       1.018641e-02       1.422000e-02
        1950       3.379140e+00       8.257577e-01       1.351754e+00       1.322848e-02       8.834380e-03       1.106076e-02
        1960       3.389209e+00       8.262365e-01       1.355824e+00       1.720378e-02       1.231180e-02       1.385219e-02
        1970       3.421852e+00       8.351915e-01       1.368885e+00       1.504971e-02       1.056103e-02       1.334725e-02
        1980       3.462664e+00       8.515963e-01       1.385179e+00       1.288997e-02       8.336626e-03       1.097749e-02
        1990       3.498010e+00       8.643736e-01       1.399242e+00       9.592023e-03       6.275059e-03       7.387736e-03
        2000       3.514622e+00       8.733631e-01       1.405965e+00       1.767768e-02       1.300008e-02       1.472037e-02
        2010       3.504090e+00       8.525111e-01       1.401855e+00       1.707234e-02       7.583074e-03       1.410142e-02
        2020       3.467920e+00       8.233942e-01       1.387493e+00       1.033941e-02       6.848001e-03       9.267883e-03
        2030       3.428611e+00       7.896535e-01       1.372228e+00       1.434702e-02       9.492527e-03       1.197804e-02
        2040       3.406101e+00       7.658609e-01       1.363930e+00       2.369055e-02       1.433899e-02       1.983386e-02
        2050       3.405193e+00       7.563539e-01       1.363970e+00       3.186786e-02       1.385171e-02       2.214619e-02
        2060       3.426756e+00       7.633956e-01       1.372385e+00       2.354198e-02       9.414477e-03       1.541381e-02
        2070       3.465242e+00       7.788339e-01       1.387458e+00       1.389849e-02       9.154358e-03       1.116439e-02
        2080       3.505204e+00       7.889974e-01       1.403405e+00       2.123196e-02       1.458083e-02       1.701640e-02
        2090       3.526217e+00       7.910540e-01       1.411875e+00       3.624365e-02       1.706645e-02       2.341325e-02
        2100       3.519452e+00       7.900258e-01       1.409095e+00       1.879557e-02       1.100592e-02       1.532511e-02
        2110       3.489563e+00       7.815629e-01       1.397292e+00       1.576951e-02       1.155287e-02       1.368553e-02
        2120       3.451087e+00       7.685275e-01       1.382160e+00       1.843078e-02       1.339287e-02       1.605513e-02
        2130       3.415810e+00       7.557761e-01       1.368219e+00       2.694526e-02       1.146691e-02       1.938692e-02
        2140       3.399573e+00       7.513815e-01       1.361756e+00       3.080884e-02       9.618692e-03       1.922761e-02
        2150       3.414393e+00       7.645793e-01       1.367401e+00       2.532536e-02       1.324889e-02       1.843219e-02
        2160       3.448593e+00       7.841195e-01       1.380683e+00       1.990593e-02       1.228621e-02       1.617206e-02
        2170       3.486011e+00       8.067053e-01       1.395158e+00       1.233795e-02       6.430756e-03       9.973514e-03
        2180       3.514107e+00       8.288941e-01       1.406107e+00       1.356283e-02       7.932903e-03       1.152551e-02
        2190       3.520471e+00       8.414209e-01       1.408604e+00       1.717112e-02       1.459490e-02       1.566477e-02
        2200       3.496367e+00       8.383210e-01       1.398894e+00       1.765254e-02       1.213308e-02       1.476469e-02
        2210       3.452687e+00       8.283944e-01       1.381277e+00       1.025577e-02       7.378762e-03       8.996760e-03
        2220       3.413724e+00       8.197545e-01       1.365752e+00       9.922149e-03       7.810613e-03       8.955240e-03
        2230       3.390788e+00       8.160203e-01       1.356618e+00       1.971472e-02       1.258423e-02       1.615954e-02
        2240       3.389744e+00       8.213451e-01       1.356119e+00       1.750870e-02       1.353745e-02       1.545839e-02
        2250       3.412114e+00       8.306203e-01       1.364933e+00       7.526160e-03       5.588435e-03       6.567639e-03
        2260       3.452733e+00       8.519652e-01       1.381162e+00       1.309754e-02       5.770714e-03       1.135350e-02
        2270       3.495129e+00       8.533271e-01       1.398356e+00       1.655050e-02       7.836232e-03       1.373605e-02
        2280       3.515652e+00       8.552369e-01       1.406806e+00       1.839731e-02       1.304564e-02       1.541715e-02
        2290       3.506980e+00       8.492706e-01       1.403503e+00       2.288381e-02       1.047244e-02       1.491817e-02
        2300       3.471931e+00       8.279687e-01       1.389633e+00       1.446026e-02       1.083905e-02       1.269088e-02
        2310       3.429118e+00       8.058219e-01       1.372765e+00       1.785857e-02       1.146954e-02       1.567061e-02
        2320       3.392994e+00       7.981058e-01       1.358406e+00       2.858323e-02       1.322990e-02       1.867986e-02
        2330       3.377766e+00       7.939029e-01       1.352252e+00       2.586328e-02       8.105510e-03       1.476143e-02
        2340       3.392706e+00       7.971710e-01       1.358169e+00       2.319498e-02       1.874337e-02       2.065333e-02
        2350       3.428237e+00       8.007230e-01       1.372587e+00       2.395635e-02       1.490419e-02       1.803534e-02
        2360       3.472798e+00       8.014640e-01       1.390843e+00       2.986918e-02       8.834930e-03       1.785424e-02
        2370       3.504478e+00       8.149084e-01       1.403839e+00       6.506129e-02       1.760925e-02       3.662606e-02
        2380       3.504759e+00       8.202809e-01       1.403674e+00       4.857487e-02       1.862863e-02       3.051344e-02
        2390       3.465071e+00       8.183127e-01       1.386924e+00       1.466275e-02       1.055898e-02       1.325380e-02
        2400       3.416566e+00       8.109613e-01       1.367190e+00       1.224332e-02       9.900592e-03       1.090028e-02
        2410       3.383836e+00       8.078900e-01       1.353987e+00       1.691979e-02       1.219770e-02       1.439412e-02
        2420       3.375061e+00       8.178215e-01       1.350363e+00       2.337488e-02       1.429750e-02       1.891326e-02
        2430       3.394122e+00       8.276460e-01       1.357868e+00       1.643779e-02       1.258624e-02       1.406610e-02
        2440       3.433230e+00       8.304019e-01       1.373492e+00       1.089096e-02       8.114174e-03       9.016208e-03
        2450       3.479301e+00       8.351156e-01       1.392100e+00       1.458744e-02       7.985093e-03       1.229875e-02
        2460       3.508996e+00       8.489192e-01       1.403962e+00       1.838548e-02       1.078442e-02       1.566475e-02
        2470       3.511565e+00       8.552148e-01       1.404759e+00       1.270976e-02       9.182658e-03       1.054013e-02
        2480       3.493497e+00       8.575625e-01       1.397448e+00       8.575869e-03       5.062867e-03       6.460210e-03
        2490       3.463000e+00       8.519970e-01       1.385320e+00       1.455993e-02       8.086310e-03       1.261209e-02
        2500       3.429790e+00       8.394637e-01       1.372033e+00       1.204090e-02       7.548180e-03       1.101330e-02
        2510       3.405018e+00       8.235747e-01       1.362141e+00       1.013346e-02       7.504822e-03       8.939312e-03
        2520       3.400708e+00       8.200392e-01       1.360435e+00       9.637080e-03       7.645265e-03       8.827814e-03
        2530       3.416714e+00       8.287653e-01       1.366823e+00       1.235344e-02       6.782557e-03       1.038326e-02
        2540       3.444310e+00       8.437394e-01       1.377823e+00       1.229325e-02       4.600953e-03       1.047178e-02
        2550       3.473838e+00       8.566920e-01       1.389570e+00       8.515017e-03       4.485714e-03       7.364294e-03
        2560       3.498811e+00       8.602848e-01       1.399593e+00       8.932216e-03       6.206975e-03       7.843071e-03
        2570       3.510532e+00       8.560608e-01       1.404385e+00       1.489266e-02       9.063801e-03       1.261840e-02
        2580       3.498790e+00       8.490500e-01       1.399693e+00       1.399058e-02       1.076839e-02       1.205132e-02
        2590       3.466469e+00       8.223750e-01       1.386888e+00       8.034092e-03       6.162380e-03       7.054926e-03
        2600       3.425123e+00       7.848463e-01       1.370989e+00       1.516417e-02       1.149531e-02       1.335176e-02
        2610       3.395574e+00       7.552528e-01       1.360096e+00       3.426124e-02       1.638053e-02       2.368676e-02
        2620       3.393122e+00       7.423907e-01       1.359664e+00       4.387284e-02       1.344145e-02       2.759585e-02
        2630       3.423288e+00       7.520558e-01       1.371343e+00       2.547099e-02       1.037822e-02       1.733941e-02
        2640       3.476170e+00       7.737146e-01       1.392097e+00       1.769805e-02       1.234800e-02       1.440388e-02
        2650       3.527032e+00       7.829377e-01       1.412633e+00       2.666147e-02       2.261839e-02       2.504758e-02
        2660       3.546490e+00       7.869345e-01       1.420243e+00       4.381550e-02       2.611136e-02       3.019884e-02
        2670       3.527545e+00       7.935284e-01       1.412249e+00       2.357886e-02       1.292833e-02       1.870964e-02
        2680       3.486966e+00       7.850187e-01       1.396200e+00       2.179520e-02       1.635652e-02       1.876756e-02
        2690       3.436438e+00       7.721417e-01       1.376103e+00       2.169803e-02       1.392223e-02       1.733590e-02
        2700       3.394386e+00       7.628878e-01       1.359217e+00       2.665740e-02       1.119168e-02       1.846428e-02
        2710       3.380775e+00       7.664464e-01       1.353532e+00       2.438219e-02       1.426203e-02       1.919394e-02
        2720       3.401225e+00       7.856097e-01       1.361281e+00       1.683164e-02       1.461123e-02       1.582454e-02
        2730       3.440082e+00       8.072340e-01       1.376571e+00       1.745627e-02       1.229407e-02       1.466807e-02
        2740       3.480790e+00       8.242594e-01       1.392666e+00       9.205400e-03       6.322347e-03       7.526453e-03
        2750       3.510096e+00       8.482915e-01       1.404197e+00       1.069474e-02       6.874736e-03       8.818883e-03
        2760       3.519377e+00       8.639086e-01       1.407916e+00       1.648575e-02       9.631671e-03       1.408447e-02
        2770       3.501172e+00       8.602388e-01       1.400622e+00       1.473873e-02       5.729954e-03       1.168648e-02
        2780       3.464539e+00       8.482756e-01       1.385889e+00       8.877816e-03       7.081381e-03       7.919061e-03
        2790       3.427534e+00       8.362060e-01       1.371131e+00       1.042067e-02       5.708398e-03       9.289857e-03
        2800       3.399907e+00       8.300640e-01       1.360154e+00       1.840858e-02       1.025023e-02       1.481031e-02
        2810       3.389639e+00       8.281040e-01       1.356052e+00       1.332671e-02       1.101079e-02       1.243490e-02
        2820       3.401954e+00       8.265970e-01       1.360960e+00       1.280280e-02       6.348185e-03       8.930803e-03
        2830       3.434876e+00       8.331577e-01       1.374118e+00       1.144667e-02       7.737909e-03       1.025901e-02
        2840       3.477363e+00       8.627434e-01       1.391074e+00       1.637048e-02       8.330066e-03       1.354526e-02
        2850       3.514994e+00       8.614506e-01       1.406158e+00       1.639071e-02       1.186117e-02       1.388895e-02
        2860       3.531938e+00       8.413495e-01       1.413084e+00       1.705198e-02       8.514462e-03       1.241501e-02
        2870       3.512855e+00       8.230608e-01       1.405943e+00       2.310864e-02       1.687462e-02       2.009264e-02
        2880       3.461975e+00       7.808783e-01       1.386425e+00       2.520042e-02       1.707023e-02       2.270193e-02
        2890       3.405563e+00       7.345532e-01       1.365237e+00       4.859123e-02       1.463723e-02       2.960478e-02
        2900       3.384308e+00       7.153356e-01       1.357982e+00       1.023211e-01       1.623686e-02       4.953395e-02
        2910       3.413337e+00       7.395215e-01       1.368335e+00       5.319020e-02       2.478074e-02       3.670035e-02
        2920       3.465282e+00       7.937798e-01       1.387221e+00       2.229908e-02       1.296686e-02       1.861560e-02
        2930       3.512744e+00       8.520163e-01       1.405312e+00       1.090125e-02       7.820778e-03       1.008818e-02
        2940       3.531694e+00       8.698265e-01       1.412812e+00       2.954299e-02       1.412449e-02       1.788800e-02
        2950       3.515375e+00       8.628180e-01       1.406397e+00       1.895747e-02       1.666674e-02       1.771213e-02
        2960       3.471864e+00       8.481244e-01       1.388905e+00       1.577729e-02       1.023533e-02       1.359450e-02
        2970       3.423402e+00       8.246825e-01       1.369502e+00       9.475317e-03       4.571809e-03       6.222117e-03
        2980       3.393021e+00       8.112483e-01       1.357519e+00       1.296280e-02       1.008028e-02       1.163948e-02
        2990       3.383970e+00       8.189031e-01       1.353885e+00       2.312018e-02       1.341399e-02       1.846958e-02
        3000       3.395157e+00       8.263623e-01       1.358231e+00       1.572367e-02       1.079017e-02       1.281225e-02
        3010       3.427313e+00       8.314897e-01       1.370993e+00       7.263470e-03       5.134099e-03       6.191718e-03
        3020       3.470814e+00       8.358968e-01       1.388581e+00       1.329876e-02       7.141645e-03       1.180169e-02
        3030       3.507549e+00       8.422416e-01       1.403398e+00       1.823195e-02       1.165954e-02       1.501486e-02
        3040       3.519862e+00       8.492801e-01       1.408245e+00       1.666485e-02       1.028276e-02       1.337577e-02
        3050       3.507086e+00       8.448443e-01       1.403148e+00       1.419024e-02       4.900185e-03       8.511402e-03
        3060       3.475507e+00       8.274574e-01       1.390764e+00       1.592518e-02       5.255121e-03       1.272001e-02
        3070       3.435900e+00       8.096177e-01       1.375041e+00       1.750455e-02       6.084665e-03       1.382918e-02
        3080       3.397848e+00       8.045216e-01       1.359591e+00       1.285445e-02       8.909845e-03       1.113555e-02
        3090       3.377102e+00       7.993369e-01       1.351248e+00       1.912945e-02       8.536840e-03       1.223342e-02
        3100       3.388686e+00       7.983946e-01       1.356128e+00       1.854022e-02       1.388792e-02       1.620543e-02
        3110       3.422624e+00       7.929091e-01       1.370148e+00       2.183335e-02       1.528478e-02       1.820002e-02
        3120       3.471073e+00       7.942567e-01       1.389865e+00       1.403309e-02       1.051684e-02       1.236737e-02
        3130       3.520152e+00       8.094383e-01       1.409688e+00       3.824853e-02       7.564679e-03       2.500141e-02
        3140       3.541513e+00       8.088632e-01       1.418853e+00       7.771199e-02       2.787770e-02       4.712533e-02
        3150       3.501904e+00       7.971645e-01       1.402993e+00       5.030377e-02       2.183996e-02       3.298690e-02
        3160       3.426004e+00       7.857193e-01       1.371672e+00       1.738907e-02       7.300228e-03       1.084482e-02
        3170       3.369979e+00       7.877355e-01       1.348955e+00       2.335517e-02       1.686660e-02       2.023407e-02
        3180       3.344249e+00       7.912126e-01       1.338580e+00       3.335779e-02       2.019534e-02       2.846154e-02
        3190       3.358734e+00       7.985770e-01       1.344074e+00       2.491222e-02       1.393733e-02       1.834273e-02
        3200       3.404190e+00       8.015713e-01       1.362335e+00       1.287144e-02       5.896059e-03       8.899893e-03
        3210       3.465955e+00       8.257147e-01       1.386982e+00       1.611427e-02       8.299154e-03       1.377792e-02
        3220       3.520528e+00       8.525333e-01       1.408676e+00       1.919824e-02       1.006487e-02       1.606157e-02
        3230       3.541238e+00       8.585911e-01       1.416789e+00       2.619801e-02       1.288807e-02       2.011115e-02
        3240       3.523653e+00       8.550007e-01       1.409713e+00       1.506025e-02       5.577825e-03       9.553605e-03
        3250       3.482083e+00       8.508367e-01       1.393350e+00       1.759622e-02       6.211793e-03       1.472587e-02
        3260       3.432134e+00       8.179400e-01       1.373638e+00       2.113562e-02       1.142300e-02       1.783597e-02
        3270       3.387804e+00       7.952729e-01       1.355937e+00       1.717764e-02       1.343820e-02       1.564430e-02
        3280       3.371792e+00       7.927872e-01       1.349436e+00       1.831835e-02       1.048788e-02       1.390585e-02
        3290       3.387600e+00       8.021123e-01       1.355838e+00       2.234547e-02       1.857433e-02       2.021238e-02
        3300       3.423692e+00       8.099909e-01       1.370255e+00       1.831769e-02       1.656876e-02       1.764001e-02
        3310       3.470177e+00       8.187640e-01       1.388746e+00       7.690579e-03       5.817175e-03       6.998772e-03
        3320       3.512354e+00       8.351555e-01       1.405564e+00       2.215041e-02       9.531195e-03       1.433113e-02
        3330       3.533430e+00       8.428245e-01       1.414125e+00       2.969582e-02       1.326501e-02       2.101802e-02
        3340       3.519458e+00       8.409736e-01       1.408630e+00       2.894774e-02       1.552558e-02       2.165276e-02
        3350       3.478175e+00       8.266996e-01       1.392079e+00       1.354349e-02       7.604618e-03       9.127133e-03
        3360       3.432130e+00       8.096180e-01       1.373661e+00       1.027746e-02       8.152715e-03       9.389976e-03
        3370       3.397389e+00       8.062393e-01       1.359877e+00       2.232864e-02       1.762839e-02       1.995346e-02
        3380       3.378092e+00       8.044420e-01       1.352263e+00       2.135744e-02       1.640544e-02       1.868951e-02
        3390       3.383449e+00       8.041751e-01       1.354359e+00       2.392130e-02       7.955542e-03       1.297820e-02
        3400       3.417021e+00       8.097915e-01       1.367785e+00       1.507687e-02       1.098434e-02       1.307200e-02
        3410       3.463368e+00       8.227270e-01       1.386373e+00       1.872483e-02       1.007119e-02       1.564836e-02
        3420       3.505893e+00       8.384752e-01       1.403348e+00       2.380633e-02       1.194275e-02       1.737112e-02
        3430       3.527696e+00       8.479133e-01       1.412044e+00       4.410676e-02       1.248580e-02       2.523499e-02
        3440       3.515472e+00       8.453881e-01       1.407064e+00       2.712846e-02       1.179037e-02       1.819674e-02
        3450       3.472736e+00       8.390000e-01       1.389613e+00       1.794743e-02       8.937835e-03       1.534753e-02
        3460       3.415001e+00       8.388613e-01       1.366174e+00       1.456566e-02       1.092773e-02       1.323063e-02
        3470       3.364641e+00       8.263955e-01       1.345938e+00       1.670005e-02       8.670597e-03       1.171891e-02
        3480       3.348683e+00       8.210859e-01       1.339708e+00       2.389589e-02       1.406682e-02       1.906072e-02
        3490       3.371431e+00       8.322644e-01       1.348851e+00       2.629381e-02       1.130793e-02       1.968990e-02
        3500       3.418771e+00       8.435313e-01       1.367625e+00       1.567438e-02       1.006831e-02       1.296648e-02
        3510       3.481655e+00       8.630932e-01       1.392729e+00       1.123299e-02       4.815016e-03       8.755300e-03
        3520       3.531021e+00       8.751843e-01       1.412623e+00       3.331539e-02       1.953446e-02       2.475208e-02
        3530       3.540626e+00       8.688228e-01       1.416463e+00       1.754805e-02       1.063048e-02       1.565460e-02
        3540       3.511158e+00       8.455996e-01       1.404683e+00       1.969479e-02       8.259168e-03       1.246383e-02
        3550       3.464405e+00       8.187418e-01       1.386165e+00       1.175969e-02       8.618826e-03       1.052476e-02
        3560       3.419192e+00       7.933831e-01       1.368416e+00       1.638583e-02       7.889142e-03       1.368744e-02
        3570       3.392998e+00       7.831997e-01       1.358058e+00       1.549349e-02       1.237800e-02       1.390692e-02
        3580       3.390082e+00       7.860920e-01       1.356707e+00       1.389110e-02       9.031460e-03       1.151069e-02
        3590       3.411607e+00       7.937726e-01       1.365241e+00       1.251200e-02       1.045885e-02       1.154134e-02
        3600       3.448351e+00       8.048246e-01       1.379965e+00       1.432498e-02       8.125426e-03       1.281318e-02
        3610       3.483627e+00       8.135307e-01       1.394062e+00       1.287072e-02       9.036166e-03       1.114490e-02
        3620       3.511442e+00       8.192168e-01       1.405131e+00       1.012620e-02       4.479847e-03       8.376643e-03
        3630       3.521348e+00       8.267578e-01       1.409035e+00       1.740686e-02       7.523685e-03       1.316888e-02
        3640       3.507533e+00       8.211353e-01       1.403601e+00       1.637122e-02       9.026104e-03       1.341201e-02
        3650       3.472752e+00       8.051106e-01       1.389844e+00       1.111330e-02       4.887428e-03       9.225649e-03
        3660       3.432923e+00       7.898602e-01       1.374053e+00       1.158723e-02       7.956026e-03       8.931457e-03
        3670       3.403175e+00       7.784061e-01       1.362293e+00       1.755158e-02       1.220363e-02       1.400423e-02
        3680       3.391252e+00       7.724421e-01       1.357673e+00       2.339182e-02       1.662041e-02       2.103105e-02
        3690       3.404955e+00       7.732477e-01       1.363251e+00       1.723750e-02       9.346681e-03       1.286489e-02
        3700       3.436951e+00       7.766190e-01       1.376245e+00       1.877491e-02       9.730536e-03       1.256211e-02
        3710       3.483701e+00       7.882110e-01       1.394998e+00       1.927488e-02       1.385726e-02       1.567705e-02
        3720       3.521237e+00       8.045135e-01       1.409668e+00       2.951329e-02       1.401698e-02       2.149444e-02
        3730       3.531885e+00       8.044262e-01       1.413821e+00       3.692849e-02       1.735764e-02       2.630253e-02
        3740       3.509798e+00       8.004254e-01       1.405057e+00       1.839052e-02       1.003239e-02       1.423957e-02
        3750       3.463078e+00       7.904853e-01       1.386385e+00       2.073138e-02       9.510100e-03       1.590747e-02
        3760       3.410438e+00       7.813296e-01       1.365177e+00       1.775398e-02       1.108291e-02       1.580621e-02
        3770       3.373662e+00       7.805376e-01       1.350296e+00       2.566412e-02       1.289073e-02       1.960834e-02
        3780       3.375000e+00       7.810705e-01       1.350743e+00       1.744131e-02       1.455972e-02       1.581424e-02
        3790       3.401093e+00       7.852729e-01       1.361340e+00       2.212008e-02       1.594438e-02       1.871773e-02
        3800       3.444449e+00       8.021006e-01       1.378442e+00       1.310834e-02       2.935151e-03       1.067302e-02
        3810       3.491381e+00       8.219464e-01       1.396942e+00       1.248654e-02       8.274335e-03       1.009163e-02
        3820       3.525808e+00       8.309608e-01       1.410740e+00       2.844665e-02       1.421258e-02       1.891086e-02
        3830       3.526739e+00       8.349707e-01       1.411139e+00       1.957636e-02       1.360304e-02       1.589799e-02
        3840       3.492677e+00       8.275550e-01       1.397596e+00       1.274482e-02       1.055994e-02       1.187754e-02
        3850       3.442832e+00       8.091168e-01       1.377988e+00       9.530322e-03       6.356049e-03       7.598548e-03
        3860       3.405274e+00       7.795123e-01       1.363468e+00       2.295014e-02       1.372249e-02       1.741620e-02
        3870       3.391542e+00       7.797222e-01       1.357850e+00       1.976167e-02       1.768892e-02       1.868209e-02
        3880       3.398845e+00       7.822920e-01       1.360635e+00       2.004228e-02       1.177729e-02       1.520686e-02
        3890       3.430701e+00       7.873387e-01       1.373404e+00       1.138998e-02       8.870251e-03       9.958207e-03
        3900       3.474794e+00       7.926840e-01       1.391279e+00       1.544173e-02       1.015729e-02       1.382572e-02
        3910       3.511928e+00       8.062235e-01       1.405973e+00       1.896282e-02       1.389583e-02       1.613363e-02
        3920       3.526020e+00       8.141192e-01       1.411365e+00       2.688892e-02       1.202983e-02       1.937932e-02
        3930       3.512876e+00       8.091377e-01       1.406183e+00       2.600559e-02       1.113130e-02       1.882242e-02
        3940       3.478805e+00       7.901195e-01       1.392953e+00       1.507843e-02       9.225303e-03       1.263825e-02
        3950       3.440140e+00       7.723311e-01       1.377803e+00       2.068794e-02       1.209293e-02       1.602760e-02
        3960       3.410004e+00       7.684381e-01       1.365576e+00       2.093828e-02       9.709885e-03       1.445184e-02
        3970       3.399771e+00       7.678673e-01       1.361310e+00       2.318134e-02       8.680459e-03       1.651449e-02
        3980       3.417157e+00       7.740535e-01       1.368260e+00       1.746180e-02       1.317808e-02       1.562478e-02
        3990       3.448132e+00       7.792027e-01       1.380712e+00       1.605820e-02       1.318759e-02       1.449045e-02
        4000       3.482481e+00       7.923282e-01       1.394129e+00       9.955251e-03       8.002878e-03       8.940918e-03
        4010       3.511966e+00       8.076625e-01       1.405647e+00       2.179378e-02       1.210245e-02       1.634686e-02
        4020       3.521351e+00       8.108054e-01       1.409404e+00       2.946600e-02       1.434213e-02       2.151444e-02
        4030       3.504355e+00       8.003757e-01       1.402777e+00       1.578463e-02       9.687738e-03       1.201001e-02
        4040       3.471433e+00       7.868902e-01       1.389800e+00       9.869726e-03       7.625587e-03       8.673176e-03
        4050       3.436076e+00       7.809562e-01       1.375628e+00       1.295193e-02       1.039370e-02       1.152087e-02
        4060       3.407600e+00       7.746044e-01       1.364199e+00       2.262677e-02       1.017839e-02       1.656069e-02
        4070       3.398980e+00       7.719343e-01       1.360823e+00       2.180909e-02       1.519479e-02       1.782462e-02
        4080       3.413337e+00       7.700831e-01       1.366723e+00       1.953476e-02       6.111569e-03       1.287403e-02
        4090       3.448465e+00       7.873652e-01       1.380437e+00       1.391706e-02       9.471763e-03       1.160518e-02
        4100       3.495990e+00       8.225112e-01       1.398961e+00       1.836150e-02       1.581035e-02       1.671508e-02
        4110       3.527296e+00       8.460953e-01       1.411205e+00       3.022518e-02       1.449152e-02       1.990979e-02
        4120       3.526252e+00       8.537969e-01       1.410728e+00       1.478219e-02       1.029392e-02       1.219267e-02
        4130       3.491975e+00       8.386770e-01       1.397342e+00       1.893186e-02       1.398583e-02       1.608971e-02
        4140       3.440704e+00       7.998316e-01       1.377245e+00       1.922463e-02       1.137562e-02       1.584673e-02
        4150       3.391232e+00       7.650418e-01       1.358105e+00       3.298383e-02       1.200957e-02       2.219049e-02
        4160       3.374397e+00       7.468404e-01       1.351936e+00       4.148318e-02       1.689729e-02       2.880897e-02
        4170       3.397107e+00       7.557503e-01       1.361016e+00       2.718698e-02       1.557978e-02       2.149137e-02
        4180       3.441724e+00       7.701891e-01       1.378581e+00       2.224605e-02       1.438427e-02       1.763299e-02
        4190       3.493376e+00       7.829681e-01       1.398879e+00       1.629141e-02       8.764687e-03       1.307709e-02
        4200       3.526366e+00       8.023904e-01       1.411629e+00       2.336492e-02       1.184277e-02       1.868981e-02
        4210       3.529426e+00       8.080529e-01       1.412779e+00       2.445222e-02       1.811977e-02       2.105030e-02
        4220       3.501967e+00       8.057322e-01       1.401705e+00       1.427743e-02       9.514314e-03       1.225173e-02
        4230       3.462126e+00       7.987689e-01       1.385687e+00       9.975444e-03       5.221140e-03       8.301718e-03
        4240       3.426622e+00       7.899728e-01       1.371491e+00       1.198530e-02       5.982740e-03       1.001872e-02
        4250       3.403738e+00       7.861676e-01       1.362345e+00       1.528859e-02       1.185895e-02       1.424643e-02
        4260       3.397859e+00       7.867625e-01       1.360071e+00       1.591900e-02       9.563665e-03       1.230791e-02
        4270       3.412343e+00       7.878435e-01       1.365973e+00       1.494363e-02       8.381112e-03       1.077970e-02
        4280       3.444668e+00       7.957726e-01       1.378864e+00       1.228795e-02       8.724981e-03       1.061434e-02
        4290       3.481529e+00       8.103752e-01       1.393444e+00       1.333375e-02       7.978539e-03       1.101240e-02
        4300       3.511098e+00       8.166654e-01       1.405269e+00       1.570480e-02       9.759622e-03       1.357477e-02
        4310       3.522071e+00       8.196347e-01       1.409692e+00       1.831380e-02       7.807777e-03       1.389406e-02
        4320       3.508075e+00       8.135382e-01       1.404200e+00       1.664511e-02       1.103519e-02       1.353412e-02
        4330       3.474447e+00       8.031894e-01       1.390738e+00       1.578563e-02       1.312123e-02       1.420917e-02
        4340       3.432558e+00       7.957359e-01       1.373911e+00       1.051503e-02       7.978709e-03       9.618650e-03
        4350       3.397490e+00       7.851999e-01       1.360171e+00       1.548664e-02       1.064330e-02       1.363947e-02
        4360       3.382619e+00       7.755589e-01       1.354608e+00       1.888324e-02       1.571246e-02       1.764276e-02
        4370       3.395704e+00       7.779931e-01       1.359726e+00       2.081779e-02       1.320375e-02       1.684320e-02
        4380       3.430330e+00       7.924432e-01       1.373253e+00       1.805690e-02       9.417686e-03       1.336765e-02
        4390       3.480274e+00       8.091890e-01       1.393148e+00       1.275913e-02       1.153898e-02       1.224817e-02
        4400       3.524141e+00       8.279812e-01       1.410686e+00       2.503601e-02       1.559608e-02       2.136683e-02
        4410       3.537033e+00       8.269715e-01       1.415754e+00       2.526546e-02       1.617891e-02       2.105394e-02
        4420       3.514368e+00       8.228715e-01       1.406498e+00       2.771384e-02       7.762734e-03       1.510263e-02
        4430       3.469859e+00       8.225022e-01       1.388596e+00       1.415378e-02       6.181824e-03       1.201258e-02
        4440       3.417360e+00       8.115303e-01       1.367739e+00       2.098657e-02       1.073695e-02       1.647621e-02
        4450       3.376908e+00       8.016447e-01       1.351598e+00       1.857119e-02       1.037850e-02       1.438758e-02
        4460       3.366723e+00       7.968793e-01       1.347413e+00       2.018793e-02       1.129179e-02       1.528164e-02
        4470       3.390128e+00       8.064966e-01       1.356688e+00       2.013008e-02       1.326935e-02       1.571810e-02
        4480       3.436315e+00       8.308052e-01       1.374879e+00       1.476613e-02       8.876170e-03       1.294446e-02
        4490       3.481592e+00       8.433658e-01       1.392880e+00       1.059398e-02       8.629402e-03       9.583078e-03
        4500       3.511915e+00       8.549699e-01       1.404967e+00       8.886866e-03       8.042943e-03       8.406202e-03
        4510       3.517408e+00       8.622245e-01       1.407144e+00       1.466413e-02       1.103630e-02       1.286122e-02
        4520       3.500787e+00       8.609111e-01       1.400441e+00       1.186553e-02       6.391489e-03       9.341670e-03
        4530       3.469395e+00       8.500920e-01       1.387857e+00       7.497352e-03       4.130699e-03       6.532868e-03
        4540       3.437329e+00       8.437488e-01       1.375038e+00       8.740097e-03       7.607219e-03       8.242881e-03
        4550       3.412287e+00       8.345976e-01       1.365047e+00       1.099828e-02       7.696297e-03       1.012267e-02
        4560       3.399177e+00       8.279266e-01       1.359768e+00       1.141044e-02       8.153444e-03       9.992881e-03
        4570       3.405088e+00       8.283717e-01       1.362103e+00       6.472502e-03       5.578684e-03       5.999127e-03
        4580       3.427587e+00       8.316421e-01       1.371163e+00       1.011975e-02       8.748305e-03       9.353817e-03
        4590       3.461592e+00       8.368318e-01       1.384834e+00       1.247940e-02       5.958354e-03       1.058640e-02
        4600       3.495699e+00       8.455052e-01       1.398462e+00       1.108784e-02       7.116085e-03       9.234457e-03
        4610       3.518096e+00       8.511131e-01       1.407387e+00       1.271165e-02       6.575272e-03       9.612976e-03
        4620       3.517945e+00       8.508022e-01       1.407403e+00       1.380305e-02       7.840217e-03       1.118472e-02
        4630       3.491537e+00       8.453210e-01       1.396866e+00       1.699139e-02       9.246726e-03       1.394447e-02
        4640       3.445883e+00       8.299298e-01       1.378547e+00       1.131788e-02       6.096696e-03       9.952227e-03
        4650       3.399318e+00       8.197925e-01       1.359911e+00       1.767662e-02       7.524791e-03       1.187403e-02
        4660       3.374949e+00       8.139242e-01       1.350259e+00       1.816093e-02       1.168834e-02       1.602320e-02
        4670       3.373124e+00       8.129585e-01       1.349542e+00       2.585727e-02       1.393560e-02       1.931913e-02
        4680       3.402468e+00       8.238338e-01       1.361148e+00       1.169379e-02       8.876355e-03       1.016697e-02
        4690       3.453427e+00       8.441360e-01       1.381553e+00       1.174103e-02       9.084265e-03       1.041779e-02
        4700       3.505322e+00       8.586679e-01       1.402388e+00       1.943780e-02       1.547545e-02       1.713894e-02
        4710       3.534380e+00       8.586731e-01       1.413949e+00       1.800893e-02       1.332023e-02       1.546360e-02
        4720       3.525857e+00       8.623105e-01       1.410452e+00       2.440591e-02       1.143376e-02       1.575928e-02
        4730       3.487881e+00       8.434857e-01       1.395396e+00       1.144594e-02       6.818643e-03       9.416356e-03
        4740       3.438124e+00       8.166646e-01       1.375802e+00       2.023999e-02       1.008319e-02       1.710687e-02
        4750       3.394760e+00       8.049299e-01       1.358456e+00       1.621120e-02       1.310903e-02       1.508049e-02
        4760       3.370128e+00       7.978567e-01       1.348511e+00       2.152298e-02       1.053650e-02       1.437589e-02
        4770       3.383200e+00       7.976278e-01       1.353901e+00       2.117666e-02       1.420665e-02       1.712801e-02
        4780       3.420642e+00       8.008635e-01       1.369067e+00       1.651124e-02       9.319287e-03       1.408969e-02
        4790       3.463372e+00       8.193571e-01       1.385934e+00       1.196587e-02       8.983361e-03       1.073497e-02
        4800       3.502573e+00       8.378810e-01       1.401431e+00       1.354932e-02       6.171576e-03       9.530413e-03
        4810       3.521524e+00       8.435767e-01       1.409008e+00       1.902241e-02       1.029565e-02       1.514701e-02
        4820       3.513555e+00       8.394277e-01       1.405880e+00       1.445350e-02       8.149972e-03       1.145586e-02
        4830       3.486868e+00       8.330552e-01       1.395177e+00       8.785595e-03       5.667910e-03       7.254117e-03
        4840       3.453731e+00       8.312365e-01       1.381816e+00       8.067066e-03       5.341586e-03       6.865485e-03
        4850       3.424149e+00       8.271545e-01       1.369918e+00       1.095549e-02       8.706898e-03       1.007581e-02
        4860       3.405383e+00       8.211924e-01       1.362437e+00       1.321036e-02       1.047172e-02       1.165725e-02
        4870       3.401780e+00       8.172720e-01       1.361019e+00       8.885364e-03       6.509293e-03       7.992806e-03
        4880       3.416183e+00       8.267142e-01       1.366729e+00       1.364543e-02       5.936142e-03       8.534990e-03
        4890       3.445322e+00       8.427413e-01       1.378354e+00       1.147990e-02       6.670129e-03       1.031198e-02
        4900       3.477671e+00       8.533116e-01       1.391243e+00       1.204440e-02       6.482778e-03       1.038829e-02
        4910       3.504721e+00       8.579704e-01       1.402036e+00       8.013168e-03       5.590279e-03       6.680119e-03
        4920       3.518537e+00       8.588974e-01       1.407610e+00       9.956823e-03       8.206981e-03       8.992449e-03
        4930       3.509825e+00       8.605868e-01       1.404195e+00       1.383637e-02       1.071238e-02       1.221496e-02
        4940       3.477467e+00       8.519653e-01       1.391205e+00       1.245120e-02       7.142938e-03       1.084326e-02
        4950       3.433540e+00       8.334086e-01       1.373592e+00       9.461009e-03       7.019145e-03       8.258458e-03
        4960       3.397726e+00       8.143415e-01       1.359426e+00       9.640571e-03       8.948504e-03       9.251485e-03
        4970       3.382508e+00       8.122722e-01       1.353442e+00       2.031271e-02       1.784611e-02       1.869663e-02
        4980       3.390414e+00       8.215492e-01       1.356483e+00       1.616539e-02       1.343649e-02       1.502771e-02
        4990       3.417787e+00       8.313243e-01       1.367261e+00       9.952162e-03       5.564263e-03       7.592274e-03
        5000       3.463529e+00       8.407334e-01       1.385608e+00       1.314160e-02       6.415727e-03       1.130191e-02
