#       step         max_devi_e         min_devi_e         avg_devi_e         max_devi_f         min_devi_f         avg_devi_f
           0       2.142329e+00       4.915591e-01       8.600429e-01       1.345696e-02       3.640568e-03       6.868385e-03
          10       2.200694e+00       5.073706e-01       8.827542e-01       9.711025e-03       4.107884e-03       6.324694e-03
          20       2.264489e+00       5.160947e-01       9.077880e-01       1.365515e-02       1.020322e-02       1.166094e-02
          30       2.307802e+00       5.242279e-01       9.249084e-01       1.957911e-02       1.182469e-02       1.549353e-02
          40       2.308907e+00       5.226237e-01       9.249615e-01       1.461060e-02       8.007610e-03       1.032507e-02
          50       2.272344e+00       5.176205e-01       9.098461e-01       8.112620e-03       4.120303e-03       5.563720e-03
          60       2.215984e+00       5.232558e-01       8.869952e-01       1.110874e-02       8.274234e-03       9.108203e-03
          70       2.154430e+00       4.901580e-01       8.628380e-01       1.630444e-02       1.378182e-02       1.554124e-02
          80       2.114909e+00       4.679874e-01       8.478472e-01       1.976491e-02       1.278428e-02       1.739164e-02
          90       2.100086e+00       4.547921e-01       8.429692e-01       1.922241e-02       9.626743e-03       1.580971e-02
         100       2.132599e+00       4.439897e-01       8.572025e-01       2.848742e-02       1.031419e-02       1.591180e-02
         110       2.198029e+00       4.438515e-01       8.842679e-01       1.913829e-02       1.230744e-02       1.557490e-02
         120       2.275897e+00       4.518178e-01       9.163225e-01       2.110033e-02       1.662665e-02       1.893921e-02
         130       2.326455e+00       4.511023e-01       9.381189e-01       6.088797e-02       2.171848e-02       3.786098e-02
         140       2.313721e+00       4.475616e-01       9.324848e-01       4.368131e-02       1.197571e-02       2.471686e-02
         150       2.251268e+00       4.488184e-01       9.049330e-01       1.761076e-02       7.158029e-03       1.229054e-02
         160       2.171005e+00       4.483879e-01       8.718841e-01       3.278289e-02       1.511595e-02       2.187932e-02
         170       2.113752e+00       4.490449e-01       8.485676e-01       2.861383e-02       1.882683e-02       2.470413e-02
         180       2.088567e+00       4.523719e-01       8.382818e-01       2.354048e-02       1.031150e-02       1.914047e-02
         190       2.117370e+00       4.662830e-01       8.496033e-01       1.706759e-02       3.722419e-03       1.170223e-02
         200       2.172767e+00       4.911310e-01       8.712983e-01       1.120964e-02       8.248867e-03       9.804743e-03
         210       2.243138e+00       5.094447e-01       8.990324e-01       1.378210e-02       1.101661e-02       1.262013e-02
         220       2.294700e+00       5.189838e-01       9.195987e-01       1.485674e-02       9.150987e-03       1.259601e-02
         230       2.312615e+00       5.203723e-01       9.269187e-01       1.593911e-02       6.456081e-03       1.028061e-02
         240       2.298132e+00       4.987252e-01       9.214893e-01       1.061548e-02       4.202571e-03       6.630270e-03
         250       2.254619e+00       4.838184e-01       9.044147e-01       1.004149e-02       4.637079e-03       8.018745e-03
         260       2.201954e+00       4.713655e-01       8.838753e-01       1.235887e-02       9.146278e-03       1.122727e-02
         270       2.150855e+00       4.548245e-01       8.643158e-01       2.438073e-02       8.757300e-03       1.391892e-02
         280       2.126623e+00       4.411740e-01       8.554320e-01       3.291852e-02       1.133170e-02       1.754806e-02
         290       2.129165e+00       4.358795e-01       8.567431e-01       3.845999e-02       1.051861e-02       2.077391e-02
         300       2.164997e+00       4.421349e-01       8.708746e-01       3.099035e-02       1.029238e-02       1.829498e-02
         310       2.218538e+00       4.518154e-01       8.921808e-01       1.868519e-02       9.605968e-03       1.308093e-02
         320       2.273393e+00       4.528479e-01       9.144804e-01       1.848403e-02       7.039873e-03       1.287473e-02
         330       2.317525e+00       4.533602e-01       9.324006e-01       1.609371e-02       7.477136e-03       1.204939e-02
         340       2.322281e+00       4.581615e-01       9.340625e-01       2.440494e-02       1.079982e-02       1.630808e-02
         350       2.286123e+00       4.511860e-01       9.199357e-01       1.591299e-02       1.101400e-02       1.323911e-02
         360       2.211038e+00       4.326197e-01       8.909630e-01       3.661296e-02       9.189031e-03       1.970427e-02
         370       2.142128e+00       4.234477e-01       8.638867e-01       5.086548e-02       1.059610e-02       2.465793e-02
         380       2.095233e+00       4.238124e-01       8.448066e-01       6.931844e-02       2.154825e-02       3.614531e-02
         390       2.101152e+00       4.306860e-01       8.464105e-01       5.668543e-02       2.308286e-02       3.175807e-02
         400       2.148931e+00       4.487530e-01       8.641596e-01       1.726430e-02       1.482413e-02       1.626712e-02
         410       2.224309e+00       4.925000e-01       8.920036e-01       1.807758e-02       1.117346e-02       1.483038e-02
         420       2.304272e+00       4.928937e-01       9.235928e-01       8.636245e-03       6.416817e-03       7.359173e-03
         430       2.339881e+00       4.884189e-01       9.393749e-01       2.588796e-02       1.410890e-02       1.960876e-02
         440       2.314558e+00       4.831092e-01       9.297842e-01       2.359388e-02       1.522561e-02       1.894921e-02
         450       2.242026e+00       4.732725e-01       9.010019e-01       1.635213e-02       9.749376e-03       1.210805e-02
         460       2.172619e+00       4.649283e-01       8.739346e-01       1.456809e-02       5.485552e-03       9.360380e-03
         470       2.125208e+00       4.604710e-01       8.550105e-01       1.264684e-02       6.016084e-03       9.867544e-03
         480       2.117875e+00       4.616831e-01       8.512399e-01       1.681086e-02       9.982430e-03       1.403457e-02
         490       2.136110e+00       4.696298e-01       8.576143e-01       1.609045e-02       1.129332e-02       1.361307e-02
         500       2.175501e+00       4.799953e-01       8.729772e-01       1.252315e-02       8.567255e-03       1.001131e-02
         510       2.226999e+00       4.889560e-01       8.936165e-01       9.025916e-03       5.517249e-03       6.796662e-03
         520       2.275384e+00       5.006671e-01       9.128846e-01       8.371312e-03       4.794747e-03       5.812415e-03
         530       2.307635e+00       5.111221e-01       9.255765e-01       1.418746e-02       9.129699e-03       1.096948e-02
         540       2.302915e+00       5.091970e-01       9.237601e-01       1.718961e-02       9.279355e-03       1.309184e-02
         550       2.266353e+00       4.963781e-01       9.095655e-01       6.701277e-03       5.234787e-03       5.991142e-03
         560       2.207977e+00       4.811935e-01       8.865529e-01       9.673999e-03       5.264244e-03       7.333031e-03
         570       2.157436e+00       4.712365e-01       8.664970e-01       9.014670e-03       8.142317e-03       8.553873e-03
         580       2.122735e+00       4.668163e-01       8.527846e-01       1.972534e-02       1.278114e-02       1.568562e-02
         590       2.114007e+00       4.624455e-01       8.498402e-01       2.330062e-02       1.251022e-02       1.673004e-02
         600       2.138578e+00       4.603242e-01       8.600028e-01       1.844896e-02       9.330286e-03       1.290594e-02
         610       2.190611e+00       4.788955e-01       8.800063e-01       1.120909e-02       5.854982e-03       8.107913e-03
         620       2.267065e+00       5.062687e-01       9.094973e-01       1.094119e-02       9.108640e-03       1.010876e-02
         630       2.325351e+00       4.966516e-01       9.328484e-01       3.249085e-02       1.624918e-02       2.249484e-02
         640       2.336450e+00       4.947349e-01       9.371806e-01       2.465688e-02       1.154076e-02       1.648674e-02
         650       2.283880e+00       5.064659e-01       9.150032e-01       8.776258e-03       5.045745e-03       6.364102e-03
         660       2.208884e+00       4.990187e-01       8.844572e-01       7.675470e-03       4.816271e-03       6.652942e-03
         670       2.135396e+00       4.703958e-01       8.560235e-01       2.684581e-02       1.314078e-02       1.853672e-02
         680       2.095584e+00       4.647046e-01       8.404074e-01       3.812981e-02       1.371837e-02       2.495145e-02
         690       2.096993e+00       4.896532e-01       8.400048e-01       2.203796e-02       1.154132e-02       1.693251e-02
         700       2.130855e+00       4.917366e-01       8.535356e-01       1.148390e-02       7.743782e-03       1.010328e-02
         710       2.197849e+00       4.991072e-01       8.812058e-01       1.082178e-02       5.571018e-03       8.158798e-03
         720       2.263429e+00       4.944314e-01       9.082781e-01       1.538860e-02       1.039299e-02       1.198962e-02
         730       2.309945e+00       5.078627e-01       9.271059e-01       1.727009e-02       1.163482e-02       1.399253e-02
         740       2.311003e+00       5.189612e-01       9.273514e-01       1.932631e-02       9.494438e-03       1.262574e-02
         750       2.276679e+00       5.113659e-01       9.136510e-01       7.184682e-03       4.186441e-03       5.592521e-03
         760       2.222246e+00       4.871249e-01       8.922725e-01       1.342869e-02       8.096656e-03       9.826187e-03
         770       2.170498e+00       4.782603e-01       8.715864e-01       1.710151e-02       8.863758e-03       1.188583e-02
         780       2.136832e+00       4.834172e-01       8.577817e-01       1.414056e-02       7.113657e-03       1.062879e-02
         790       2.124979e+00       4.745876e-01       8.531219e-01       1.440804e-02       6.617726e-03       1.100516e-02
         800       2.144228e+00       4.857527e-01       8.609104e-01       1.036461e-02       5.837197e-03       8.883902e-03
         810       2.182929e+00       4.854876e-01       8.762883e-01       9.921891e-03       7.915657e-03       8.897194e-03
         820       2.236214e+00       5.012773e-01       8.973028e-01       1.095919e-02       8.098715e-03       9.292486e-03
         830       2.283191e+00       5.181428e-01       9.159095e-01       9.476164e-03       6.451562e-03       8.033124e-03
         840       2.309551e+00       5.210264e-01       9.265599e-01       1.416197e-02       6.986835e-03       9.455851e-03
         850       2.300849e+00       5.046819e-01       9.232449e-01       1.208457e-02       6.962371e-03       9.606238e-03
         860       2.251880e+00       4.972322e-01       9.031096e-01       9.889019e-03       6.479050e-03       8.652964e-03
         870       2.184814e+00       5.045607e-01       8.754319e-01       1.162558e-02       7.276166e-03       9.056154e-03
         880       2.118248e+00       4.852058e-01       8.487240e-01       1.926084e-02       8.330997e-03       1.359322e-02
         890       2.088331e+00       4.825620e-01       8.366729e-01       2.512800e-02       1.617458e-02       2.054080e-02
         900       2.094673e+00       4.779624e-01       8.392301e-01       2.379062e-02       1.052965e-02       1.853559e-02
         910       2.145570e+00       4.944760e-01       8.595032e-01       1.738284e-02       5.043122e-03       1.406297e-02
         920       2.221936e+00       5.050164e-01       8.903353e-01       1.336830e-02       9.937588e-03       1.176269e-02
         930       2.300055e+00       5.123744e-01       9.223600e-01       1.893921e-02       8.085555e-03       1.128168e-02
         940       2.341695e+00       5.159924e-01       9.392039e-01       3.342190e-02       1.899495e-02       2.300873e-02
         950       2.319937e+00       5.289986e-01       9.303694e-01       2.607249e-02       1.533886e-02       1.954744e-02
         960       2.254391e+00       5.159228e-01       9.049061e-01       1.457439e-02       8.070502e-03       1.014464e-02
         970       2.174897e+00       4.907664e-01       8.737645e-01       1.755768e-02       7.083926e-03       1.149104e-02
         980       2.126990e+00       4.729073e-01       8.544303e-01       1.348961e-02       9.390172e-03       1.161312e-02
         990       2.107127e+00       4.642470e-01       8.460920e-01       2.148296e-02       1.357280e-02       1.817085e-02
        1000       2.123551e+00       4.691046e-01       8.525240e-01       1.850127e-02       1.031317e-02       1.521847e-02
