2019-09-01 07:53:45.480819: I tensorflow/core/platform/cpu_feature_guard.cc:141] Your CPU supports instructions that this TensorFlow binary was not compiled to use: AVX AVX2 FMA
2019-09-01 07:53:45.741473: I tensorflow/core/common_runtime/gpu/gpu_device.cc:1432] Found device 0 with properties: 
name: GeForce RTX 2080 Ti major: 7 minor: 5 memoryClockRate(GHz): 1.635
pciBusID: 0000:0a:00.0
totalMemory: 10.73GiB freeMemory: 10.53GiB
2019-09-01 07:53:45.865265: I tensorflow/core/common_runtime/gpu/gpu_device.cc:1432] Found device 1 with properties: 
name: GeForce RTX 2080 Ti major: 7 minor: 5 memoryClockRate(GHz): 1.635
pciBusID: 0000:0b:00.0
totalMemory: 10.73GiB freeMemory: 10.53GiB
2019-09-01 07:53:45.982873: I tensorflow/stream_executor/cuda/cuda_gpu_executor.cc:964] successful NUMA node read from SysFS had negative value (-1), but there must be at least one NUMA node, so returning NUMA node zero
2019-09-01 07:53:45.983997: I tensorflow/core/common_runtime/gpu/gpu_device.cc:1432] Found device 2 with properties: 
name: GeForce RTX 2080 Ti major: 7 minor: 5 memoryClockRate(GHz): 1.635
pciBusID: 0000:42:00.0
totalMemory: 10.73GiB  >>> Info of model(s):
  using   4 model(s): ../graph.002.pb ../graph.000.pb ../graph.003.pb ../graph.001.pb 
  rcut in model:      5
  ntypes in model:    2
Neighbor list info ...
  update every 1 steps, delay 10 steps, check yes
  max neighbors/atom: 2000, page size: 100000
  master list distance cutoff = 6
  ghost atom cutoff = 6
  binsize = 3, bins = 4 4 4
  1 neighbor lists, perpetual/occasional/extra = 1 0 0
  (1) pair deepmd, perpetual
      attributes: , newton on
      pair build: full/bin/atomonly
      stencil: full/bin/3d
      bin: standard
Setting up Verlet run ...
  Unit style    : metal
  Current step  : 0
  Time step     : 0.002
Per MPI rank memory allocation (min/avg/max) = 3.934 | 3.934 | 3.934 Mbytes
Step Temp PotEng KinEng TotEng Press Volume Lx Ly Lz Xy Xz Yz 
       0          100   -219.71904  0.051704058   -219.66733    -1076.144         1000           10           10           10            0            0            0 
      10    128.42319   -219.73838  0.066400001   -219.67198   -206.55245         1000           10           10           10            0            0            0 
      20    93.339088   -219.71793  0.048260096   -219.66967    807.67757         1000           10           10           10            0            0            0 
      30    71.776808   -219.70101  0.037111522    -219.6639    1486.8088         1000           10           10           10            0            0            0 
      40    103.79578   -219.71962  0.053666632   -219.66595    1534.0797         1000           10           10           10            0            0            0 
      50    141.46207    -219.7452  0.073141629   -219.67206    968.35593         1000           10           10           10            0            0            0 
      60    139.74583   -219.74241  0.072254265   -219.67016     38.98594         1000           10           10           10            0            0            0 
      70    101.35723   -219.71223  0.052405801   -219.65983   -902.21815         1000           10           10           10            0            0            0 
      80    108.15834   -219.70534  0.055922251   -219.64942   -1609.2499         1000           10           10           10            0            0            0 
      90    105.01377    -219.6964  0.054296383    -219.6421   -1734.5396         1000           10           10           10            0            0            0 
     100     152.7427   -219.71691  0.078974175   -219.63793   -1253.5585         1000           10           10           10            0            0            0 
     110    149.87532   -219.70679  0.077491624    -219.6293   -187.15213         1000           10           10           10            0            0            0 
     120    120.82075   -219.67218  0.062469229   -219.60971    1031.7473         1000           10           10           10            0            0            0 
     130    122.48313   -219.64992  0.063328747   -219.58659    1849.4419         1000           10           10           10            0            0            0 
     140    177.90046   -219.67782  0.091981759   -219.58584    1720.5601         1000           10           10           10            0            0            0 
     150    223.41732   -219.71707   0.11551582   -219.60155    690.31152         1000           10           10           10            0            0            0 
     160    171.04533   -219.69276  0.088437374   -219.60433   -560.90832         1000           10           10           10            0            0            0 
     170    150.80429   -219.68515  0.077971937   -219.60717   -1580.7866         1000           10           10           10            0            0            0 
     180    113.29285   -219.67763  0.058577001   -219.61906   -1927.4894         1000           10           10           10            0            0            0 
     190    145.87754   -219.71738   0.07542461   -219.64195   -1551.7963         1000           10           10           10            0            0            0 
     200    123.26148    -219.7265  0.063731186   -219.66277   -595.86222         1000           10           10           10            0            0            0 
     210    102.85553   -219.72742  0.053180481   -219.67424    473.94654         1000           10           10           10            0            0            0 
     220    76.309419   -219.71551  0.039455066   -219.67606    1292.8833         1000           10           10           10            0            0            0 
     230    73.029098   -219.71497  0.037759007   -219.67721    1586.1342         1000           10           10           10            0            0            0 
     240    88.112836   -219.72725  0.045557912   -219.68169    1332.7295         1000           10           10           10            0            0            0 
     250    73.042125   -219.72354  0.037765743   -219.68577    660.76217         1000           10           10           10            0            0            0 
     260    76.575022   -219.72638  0.039592394   -219.68679   -218.65718         1000           10           10           10            0            0            0 
     270    59.188258    -219.7133  0.030602731    -219.6827   -993.92356         1000           10           10           10            0            0            0 
     280    68.198798   -219.71398  0.035261546   -219.67872   -1430.2081         1000           10           10           10            0            0            0 
     290    51.035756   -219.70265  0.026387557   -219.67626   -1336.5982         1000           10           10           10            0            0            0 
     300     64.80469   -219.70985  0.033506655   -219.67634   -783.88716         1000           10           10           10            0            0            0 
     310    79.905235   -219.71613  0.041314249   -219.67482    92.604607         1000           10           10           10            0            0            0 
     320    77.943889   -219.70619  0.040300153   -219.66589    1008.8572         1000           10           10           10            0            0            0 
     330    86.925098   -219.69839  0.044943803   -219.65344    1650.1952         1000           10           10           10            0            0            0 
     340    65.760098   -219.67811  0.034000639   -219.64411      1744.14         1000           10           10           10            0            0            0 
     350    89.920101   -219.68911  0.046492341   -219.64262    1157.6604         1000           10           10           10            0            0            0 
     360    120.33986   -219.70157   0.06222059   -219.63934    62.379684         1000           10           10           10            0            0            0 
     370    163.68754   -219.71146    0.0846331   -219.62682   -1110.2541         1000           10           10           10            0            0            0 
     380    108.57563   -219.66505  0.056138008   -219.60892   -1782.2556         1000           10           10           10            0            0            0 
     390     127.6775   -219.66677  0.066014448   -219.60076   -1742.9138         1000           10           10           10            0            0            0 
     400     181.3338   -219.69577  0.093756934   -219.60202   -925.68653         1000           10           10           10            0            0            0 
     410    205.19947   -219.71183   0.10609645   -219.60573    314.88834         1000           10           10           10            0            0            0 
     420    228.02721   -219.72166   0.11789932   -219.60376    1505.8648         1000           10           10           10            0            0            0 
     430    161.26283    -219.6789  0.083379428   -219.59552     2094.647         1000           10           10           10            0            0            0 
     440    119.04081   -219.67376  0.061548928   -219.61221    1617.2571         1000           10           10           10            0            0            0 
     450    116.08223   -219.70067  0.060019225   -219.64065    485.69378         1000           10           10           10            0            0            0 
     460    124.41229   -219.72304    0.0643262   -219.65871   -648.41002         1000           10           10           10            0            0            0 
     470    70.625998    -219.7036  0.036516507   -219.66708   -1348.0538         1000           10           10           10            0            0            0 
     480    51.568732   -219.70129  0.026663127   -219.67463   -1561.0216         1000           10           10           10            0            0            0 
     490    42.162453   -219.70473  0.021799699   -219.68293   -1275.0547         1000           10           10           10            0            0            0 
     500    62.030266   -219.72337  0.032072165    -219.6913   -634.07618         1000           10           10           10            0            0            0 
     510    85.068577   -219.73972  0.043983906   -219.69573    197.02662         1000           10           10           10            0            0            0 
     520    66.012804   -219.72722  0.034131298   -219.69309    989.19901         1000           10           10           10            0            0            0 
     530    42.363079   -219.71017  0.021903431   -219.68826    1446.2003         1000           10           10           10            0            0            0 
     540    29.229664   -219.70248  0.015112922   -219.68737    1384.5744         1000           10           10           10            0            0            0 
     550    72.140835   -219.72842  0.037299739   -219.69112     810.5676         1000           10           10           10            0            0            0 
     560    84.653348   -219.73405  0.043769216   -219.69028   -52.318088         1000           10           10           10            0            0            0 
     570    80.434301   -219.72398  0.041587797   -219.68239   -911.21521         1000           10           10           10            0            0            0 
     580    46.948269   -219.69475   0.02427416   -219.67048   -1479.9013         1000           10           10           10            0            0            0 
     590     45.31247   -219.68388  0.023428386   -219.66045   -1591.4026         1000           10           10           10            0            0            0 
     600    103.80864   -219.70899  0.053673281   -219.65532   -1196.4423         1000           10           10           10            0            0            0 
     610    142.33839   -219.72472  0.073594726   -219.65113   -294.59005         1000           10           10           10            0            0            0 
     620     150.4576   -219.72044  0.077792683   -219.64264    860.26427         1000           10           10           10            0            0            0 
     630    94.711465   -219.67507  0.048969671    -219.6261    1806.3818         1000           10           10           10            0            0            0 
     640    127.60493   -219.68784  0.065976928   -219.62187    1978.9261         1000           10           10           10            0            0            0 
     650    172.43087   -219.72131  0.089153755   -219.63216    1211.2905         1000           10           10           10            0            0            0 
     660    211.21885   -219.74621   0.10920872     -219.637   -38.698593         1000           10           10           10            0            0            0 
     670    150.34055   -219.70793  0.077732163    -219.6302   -1163.4351         1000           10           10           10            0            0            0 
     680    105.64412   -219.68249  0.054622298   -219.62786   -1820.4046         1000           10           10           10            0            0            0 
     690    123.45496   -219.69961  0.063831226   -219.63578   -1884.7181         1000           10           10           10            0            0            0 
     700    127.88819   -219.71621  0.066123385   -219.65009   -1282.7399         1000           10           10           10            0            0            0 
     710    144.97541   -219.73812  0.074958172   -219.66316   -250.50975         1000           10           10           10            0            0            0 
     720    91.291787   -219.71242  0.047201558   -219.66522    852.41529         1000           10           10           10            0            0            0 
     730    67.244567   -219.69864   0.03476817   -219.66387    1511.4162         1000           10           10           10            0            0            0 
     740    62.145287    -219.7017  0.032131635   -219.66957    1521.2675         1000           10           10           10            0            0            0 
     750    85.731747     -219.725  0.044326792   -219.68067    979.45108         1000           10           10           10            0            0            0 
     760    75.161444   -219.72634  0.038861517   -219.68748    146.96138         1000           10           10           10            0            0            0 
     770    56.943379   -219.71867  0.029442038   -219.68922   -685.76914         1000           10           10           10            0            0            0 
     780    54.723721   -219.71677  0.028294384   -219.68847   -1283.3759         1000           10           10           10            0            0            0 
     790     37.71676   -219.70787  0.019501095   -219.68837   -1442.6457         1000           10           10           10            0            0            0 
     800    57.025133   -219.72166  0.029484308   -219.69217   -1158.9712         1000           10           10           10            0            0            0 
     810     56.42368   -219.72486  0.029173332   -219.69569   -490.54818         1000           10           10           10            0            0            0 
     820    63.861204   -219.72821  0.033018834   -219.69519    326.98682         1000           10           10           10            0            0            0 
     830    57.352349   -219.71805  0.029653492    -219.6884    1076.5623         1000           10           10           10            0            0            0 
     840    62.352576   -219.71111  0.032238812   -219.67888    1504.7586         1000           10           10           10            0            0            0 
     850    71.828944   -219.70989  0.037138479   -219.67275    1387.6509         1000           10           10           10            0            0            0 
     860    93.314807   -219.71893  0.048247542   -219.67068    650.15326         1000           10           10           10            0            0            0 
     870    144.51953    -219.7383  0.074722459   -219.66358   -470.36085         1000           10           10           10            0            0            0 
     880    119.45041   -219.70782  0.061760709   -219.64606   -1461.7617         1000           10           10           10            0            0            0 
     890    122.82536   -219.69364  0.063505696   -219.63013   -2020.3938         1000           10           10           10            0            0            0 
     900     120.7528    -219.6844  0.062434095   -219.62197    -1868.873         1000           10           10           10            0            0            0 
     910    166.84741   -219.70996   0.08626688    -219.6237    -1061.323         1000           10           10           10            0            0            0 
     920    195.89451   -219.72766   0.10128541   -219.62637    207.63384         1000           10           10           10            0            0            0 
     930    183.70521   -219.71374  0.094983049   -219.61876    1457.1969         1000           10           10           10            0            0            0 
     940    131.68017   -219.67978  0.068083992    -219.6117    2062.9079         1000           10           10           10            0            0            0 
     950    116.03081   -219.68219  0.059992638    -219.6222    1724.5286         1000           10           10           10            0            0            0 
     960    158.42667   -219.72047  0.081913018   -219.63855    687.76811         1000           10           10           10            0            0            0 
     970    134.03888    -219.7172  0.069303542   -219.64789   -492.95628         1000           10           10           10            0            0            0 
     980    109.21371   -219.70874  0.056467921   -219.65228   -1401.0335         1000           10           10           10            0            0            0 
     990    53.664582   -219.68503  0.027746767   -219.65728   -1710.5253         1000           10           10           10            0            0            0 
    1000    59.782845   -219.69888  0.030910157   -219.66797   -1473.1968         1000           10           10           10            0            0            0 
Loop time of 14.9339 on 1 procs for 1000 steps with 5 atoms

Performance: 11.571 ns/day, 2.074 hours/ns, 66.962 timesteps/s
147.4% CPU use with 1 MPI tasks x no OpenMP threads

MPI task timing breakdown:
Section |  min time  |  avg time  |  max time  |%varavg| %total
---------------------------------------------------------------
Pair    | 14.892     | 14.892     | 14.892     |   0.0 | 99.72
Neigh   | 0.00041795 | 0.00041795 | 0.00041795 |   0.0 |  0.00
Comm    | 0.0025876  | 0.0025876  | 0.0025876  |   0.0 |  0.02
Output  | 0.034438   | 0.034438   | 0.034438   |   0.0 |  0.23
Modify  | 0.0036776  | 0.0036776  | 0.0036776  |   0.0 |  0.02
Other   |            | 0.001207   |            |       |  0.01

Nlocal:    5 ave 5 max 5 min
Histogram: 1 0 0 0 0 0 0 0 0 0
Nghost:    112 ave 112 max 112 min
Histogram: 1 0 0 0 0 0 0 0 0 0
Neighs:    0 ave 0 max 0 min
Histogram: 1 0 0 0 0 0 0 0 0 0

Total # of neighbors = 0
Ave neighs/atom = 0
Neighbor list builds = 41
Dangerous builds = 0
Total wall time: 0:00:17
