2019-09-01 07:53:27.241916: I tensorflow/core/platform/cpu_feature_guard.cc:141] Your CPU supports instructions that this TensorFlow binary was not compiled to use: AVX AVX2 FMA
2019-09-01 07:53:27.517287: I tensorflow/core/common_runtime/gpu/gpu_device.cc:1432] Found device 0 with properties: 
name: GeForce RTX 2080 Ti major: 7 minor: 5 memoryClockRate(GHz): 1.635
pciBusID: 0000:0a:00.0
totalMemory: 10.73GiB freeMemory: 10.53GiB
2019-09-01 07:53:27.639762: I tensorflow/core/common_runtime/gpu/gpu_device.cc:1432] Found device 1 with properties: 
name: GeForce RTX 2080 Ti major: 7 minor: 5 memoryClockRate(GHz): 1.635
pciBusID: 0000:0b:00.0
totalMemory: 10.73GiB freeMemory: 10.53GiB
2019-09-01 07:53:27.764075: I tensorflow/stream_executor/cuda/cuda_gpu_executor.cc:964] successful NUMA node read from SysFS had negative value (-1), but there must be at least one NUMA node, so returning NUMA node zero
2019-09-01 07:53:27.765253: I tensorflow/core/common_runtime/gpu/gpu_device.cc:1432] Found device 2 with properties: 
name: GeForce RTX 2080 Ti major: 7 minor: 5 memoryClockRate(GHz): 1.635
pciBusID: 0000:42:00.0
totalMemory: 10.73GiB  >>> Info of model(s):
  using   4 model(s): ../graph.002.pb ../graph.000.pb ../graph.003.pb ../graph.001.pb 
  rcut in model:      5
  ntypes in model:    2
Neighbor list info ...
  update every 1 steps, delay 10 steps, check yes
  max neighbors/atom: 2000, page size: 100000
  master list distance cutoff = 6
  ghost atom cutoff = 6
  binsize = 3, bins = 4 4 4
  1 neighbor lists, perpetual/occasional/extra = 1 0 0
  (1) pair deepmd, perpetual
      attributes: , newton on
      pair build: full/bin/atomonly
      stencil: full/bin/3d
      bin: standard
Setting up Verlet run ...
  Unit style    : metal
  Current step  : 0
  Time step     : 0.002
Per MPI rank memory allocation (min/avg/max) = 3.934 | 3.934 | 3.934 Mbytes
Step Temp PotEng KinEng TotEng Press Volume Lx Ly Lz Xy Xz Yz 
       0          100   -219.71408  0.051704058   -219.66238   -591.13911         1000           10           10           10            0            0            0 
      10    84.234629   -219.70433  0.043552721   -219.66078   -617.46646         1000           10           10           10            0            0            0 
      20     80.42091   -219.70236  0.041580874   -219.66078   -443.74418         1000           10           10           10            0            0            0 
      30    88.326992   -219.70771  0.045668639   -219.66204   -173.21627         1000           10           10           10            0            0            0 
      40    94.325162   -219.71184  0.048769937   -219.66307    135.08294         1000           10           10           10            0            0            0 
      50    69.073489   -219.69878  0.035713797   -219.66306    365.06353         1000           10           10           10            0            0            0 
      60    90.762783   -219.71359  0.046928042   -219.66666     352.2908         1000           10           10           10            0            0            0 
      70    85.460329   -219.71598  0.044186458   -219.67179    144.62875         1000           10           10           10            0            0            0 
      80    101.99084   -219.72998  0.052733402   -219.67724   -148.16515         1000           10           10           10            0            0            0 
      90    94.531071   -219.73105    0.0488764   -219.68218   -421.26265         1000           10           10           10            0            0            0 
     100    91.805809   -219.73522  0.047467329   -219.68776   -588.87923         1000           10           10           10            0            0            0 
     110    84.908619   -219.73726  0.043901202   -219.69336   -532.26633         1000           10           10           10            0            0            0 
     120    81.493297   -219.74098  0.042135342   -219.69885    -288.9729         1000           10           10           10            0            0            0 
     130    94.789755    -219.7535   0.04901015   -219.70449   -3.9640525         1000           10           10           10            0            0            0 
     140    72.329302   -219.74534  0.037397184   -219.70794    225.06891         1000           10           10           10            0            0            0 
     150    84.151778   -219.75487  0.043509884   -219.71136    330.95982         1000           10           10           10            0            0            0 
     160    68.417976   -219.74814   0.03537487   -219.71277    330.09964         1000           10           10           10            0            0            0 
     170    77.956299   -219.75381   0.04030657   -219.71351    190.48502         1000           10           10           10            0            0            0 
     180    78.810292   -219.75372  0.040748119   -219.71297   -63.476966         1000           10           10           10            0            0            0 
     190    79.428937   -219.75119  0.041067984   -219.71012     -334.911         1000           10           10           10            0            0            0 
     200    80.399949   -219.74724  0.041570036   -219.70567    -488.0002         1000           10           10           10            0            0            0 
     210    75.267777   -219.73835  0.038916495   -219.69943   -457.92013         1000           10           10           10            0            0            0 
     220    110.92317   -219.75061   0.05735178   -219.69326   -324.23609         1000           10           10           10            0            0            0 
     230    98.074999   -219.73292  0.050708755   -219.68221   -67.514653         1000           10           10           10            0            0            0 
     240    131.44676   -219.73763  0.067963309   -219.66967    259.85512         1000           10           10           10            0            0            0 
     250    109.74321   -219.71058  0.056741694   -219.65384    597.77591         1000           10           10           10            0            0            0 
     260    117.50514   -219.70149  0.060754928   -219.64073    681.57442         1000           10           10           10            0            0            0 
     270    119.89951   -219.69559  0.061992913    -219.6336    450.73875         1000           10           10           10            0            0            0 
     280    108.99188   -219.68474  0.056353226   -219.62839    116.45854         1000           10           10           10            0            0            0 
     290    108.73852   -219.68342  0.056222225    -219.6272   -152.23262         1000           10           10           10            0            0            0 
     300    80.385695   -219.67121  0.041562666   -219.62965   -281.15821         1000           10           10           10            0            0            0 
     310    126.69405   -219.70297  0.065505965   -219.63747   -261.07018         1000           10           10           10            0            0            0 
     320    98.659019   -219.69579  0.051010716   -219.64478    3.0749149         1000           10           10           10            0            0            0 
     330    129.51241   -219.72148  0.066963173   -219.65452    279.99815         1000           10           10           10            0            0            0 
     340    112.93245   -219.72115  0.058390657   -219.66276    450.54911         1000           10           10           10            0            0            0 
     350    116.84491   -219.73279  0.060413559   -219.67238    413.31882         1000           10           10           10            0            0            0 
     360    114.63769   -219.73902   0.05927234   -219.67975    250.93177         1000           10           10           10            0            0            0 
     370    101.61591   -219.73722  0.052539551   -219.68468    1.6175502         1000           10           10           10            0            0            0 
     380    118.18341   -219.75028  0.061105621   -219.68918   -299.47945         1000           10           10           10            0            0            0 
     390    85.352932   -219.73487   0.04413093   -219.69074   -468.34628         1000           10           10           10            0            0            0 
     400    104.50472   -219.74684  0.054033179   -219.69281   -506.27744         1000           10           10           10            0            0            0 
     410    83.215201   -219.73672  0.043025636   -219.69369   -361.13537         1000           10           10           10            0            0            0 
     420    96.394437   -219.74419  0.049839836   -219.69435   -156.39604         1000           10           10           10            0            0            0 
     430    91.188277    -219.7401  0.047148039   -219.69295     109.2358         1000           10           10           10            0            0            0 
     440    82.340963   -219.73162  0.042573619   -219.68905     322.2595         1000           10           10           10            0            0            0 
     450    89.079805   -219.73037  0.046057874   -219.68431    392.45259         1000           10           10           10            0            0            0 
     460    74.406549   -219.71671  0.038471205   -219.67824    284.98646         1000           10           10           10            0            0            0 
     470     112.9473    -219.7298  0.058398337    -219.6714    2.1121555         1000           10           10           10            0            0            0 
     480    86.947617   -219.69813  0.044955446   -219.65317   -278.64984         1000           10           10           10            0            0            0 
     490    142.27534   -219.69571  0.073562124   -219.62214    -567.5745         1000           10           10           10            0            0            0 
     500    169.12853   -219.67268  0.087446313   -219.58523   -632.22537         1000           10           10           10            0            0            0 
     510    211.52535   -219.66694   0.10936719   -219.55758   -455.71991         1000           10           10           10            0            0            0 
     520    245.33081   -219.68103   0.12684598   -219.55418    -68.47584         1000           10           10           10            0            0            0 
     530    239.08281   -219.69401   0.12361552   -219.57039    298.37961         1000           10           10           10            0            0            0 
     540    247.10941   -219.72011   0.12776559   -219.59235    407.35652         1000           10           10           10            0            0            0 
     550    175.99133    -219.7035  0.090994657    -219.6125    295.44665         1000           10           10           10            0            0            0 
     560    190.30394    -219.7305  0.098394859    -219.6321   -44.085288         1000           10           10           10            0            0            0 
     570    110.89008   -219.70156  0.057334669   -219.64423   -289.36414         1000           10           10           10            0            0            0 
     580     125.2269   -219.72062  0.064747387   -219.65587   -514.74151         1000           10           10           10            0            0            0 
     590    83.795861   -219.70654  0.043325861   -219.66321   -512.67167         1000           10           10           10            0            0            0 
     600    86.612469    -219.7166  0.044782161   -219.67182   -376.72617         1000           10           10           10            0            0            0 
     610    77.782877   -219.71738  0.040216904   -219.67717   -128.89607         1000           10           10           10            0            0            0 
     620    68.079764   -219.71602  0.035200001   -219.68082    112.01583         1000           10           10           10            0            0            0 
     630    78.375104   -219.72476  0.040523109   -219.68424    257.89083         1000           10           10           10            0            0            0 
     640    54.158357   -219.71429  0.028002068   -219.68628     314.0333         1000           10           10           10            0            0            0 
     650    81.459455   -219.73055  0.042117844   -219.68843    192.72133         1000           10           10           10            0            0            0 
     660    56.290619   -219.71879  0.029104534   -219.68968   -27.223217         1000           10           10           10            0            0            0 
     670    86.167988   -219.73589  0.044552346   -219.69134   -317.76299         1000           10           10           10            0            0            0 
     680    74.988268   -219.72891  0.038771978   -219.69014   -487.10042         1000           10           10           10            0            0            0 
     690      80.1922   -219.72938  0.041462622   -219.68792   -490.75636         1000           10           10           10            0            0            0 
     700    91.024505   -219.73282  0.047063363   -219.68576   -367.46275         1000           10           10           10            0            0            0 
     710    97.595219   -219.73243  0.050460689   -219.68197   -165.35132         1000           10           10           10            0            0            0 
     720    134.58021   -219.74777  0.069583432   -219.67819    59.215159         1000           10           10           10            0            0            0 
     730    114.97585   -219.72808   0.05944718   -219.66864    320.68607         1000           10           10           10            0            0            0 
     740    175.94153   -219.75159  0.090968909   -219.66062    353.06712         1000           10           10           10            0            0            0 
     750    150.85242   -219.72654  0.077996825   -219.64855    163.14495         1000           10           10           10            0            0            0 
     760    189.78283   -219.73192  0.098125422   -219.63379   -158.71018         1000           10           10           10            0            0            0 
     770     179.3319   -219.71349  0.092721871   -219.62077   -372.74336         1000           10           10           10            0            0            0 
     780    178.75171    -219.7073  0.092421885   -219.61487   -451.78916         1000           10           10           10            0            0            0 
     790    140.51397   -219.68461  0.072651425   -219.61195   -325.50391         1000           10           10           10            0            0            0 
     800    126.94749   -219.68195  0.065637004   -219.61631    16.669163         1000           10           10           10            0            0            0 
     810    119.79787   -219.68966   0.06194036   -219.62772    384.53197         1000           10           10           10            0            0            0 
     820    84.463541   -219.68782  0.043671078   -219.64415    550.72881         1000           10           10           10            0            0            0 
     830    101.18743     -219.717   0.05231801   -219.66468    507.21591         1000           10           10           10            0            0            0 
     840    59.607801   -219.71128  0.030819652   -219.68046    360.96861         1000           10           10           10            0            0            0 
     850     64.18681   -219.72566  0.033187185   -219.69248    96.861106         1000           10           10           10            0            0            0 
     860    60.017817   -219.72936  0.031031647   -219.69833   -175.48479         1000           10           10           10            0            0            0 
     870    64.467375   -219.73416  0.033332249   -219.70083   -356.37613         1000           10           10           10            0            0            0 
     880    60.670359   -219.73314  0.031369038   -219.70177   -367.96018         1000           10           10           10            0            0            0 
     890    59.677992    -219.7326  0.030855944   -219.70174   -239.67506         1000           10           10           10            0            0            0 
     900    72.450054   -219.73863  0.037459618   -219.70117   -39.318778         1000           10           10           10            0            0            0 
     910    68.921863    -219.7349    0.0356354   -219.69926    175.72524         1000           10           10           10            0            0            0 
     920     94.94326   -219.74688  0.049089518   -219.69779     344.7053         1000           10           10           10            0            0            0 
     930    85.723735   -219.73845   0.04432265   -219.69413    427.60789         1000           10           10           10            0            0            0 
     940    98.447437   -219.74153   0.05090132   -219.69062    311.13147         1000           10           10           10            0            0            0 
     950    113.82532   -219.74445  0.058852311    -219.6856    21.294187         1000           10           10           10            0            0            0 
     960    127.42771   -219.74453  0.065885296   -219.67864   -283.86999         1000           10           10           10            0            0            0 
     970    142.93705    -219.7455  0.073904257   -219.67159   -483.79387         1000           10           10           10            0            0            0 
     980    137.75803   -219.73437  0.071226491   -219.66314   -532.67491         1000           10           10           10            0            0            0 
     990    151.26554   -219.73618  0.078210423   -219.65796   -420.56741         1000           10           10           10            0            0            0 
    1000    140.00937   -219.72544  0.072390526   -219.65305   -124.86533         1000           10           10           10            0            0            0 
Loop time of 14.9546 on 1 procs for 1000 steps with 5 atoms

Performance: 11.555 ns/day, 2.077 hours/ns, 66.869 timesteps/s
143.9% CPU use with 1 MPI tasks x no OpenMP threads

MPI task timing breakdown:
Section |  min time  |  avg time  |  max time  |%varavg| %total
---------------------------------------------------------------
Pair    | 14.905     | 14.905     | 14.905     |   0.0 | 99.67
Neigh   | 0.00050521 | 0.00050521 | 0.00050521 |   0.0 |  0.00
Comm    | 0.0028093  | 0.0028093  | 0.0028093  |   0.0 |  0.02
Output  | 0.041523   | 0.041523   | 0.041523   |   0.0 |  0.28
Modify  | 0.0036397  | 0.0036397  | 0.0036397  |   0.0 |  0.02
Other   |            | 0.001193   |            |       |  0.01

Nlocal:    5 ave 5 max 5 min
Histogram: 1 0 0 0 0 0 0 0 0 0
Nghost:    112 ave 112 max 112 min
Histogram: 1 0 0 0 0 0 0 0 0 0
Neighs:    0 ave 0 max 0 min
Histogram: 1 0 0 0 0 0 0 0 0 0

Total # of neighbors = 0
Ave neighs/atom = 0
Neighbor list builds = 44
Dangerous builds = 0
Total wall time: 0:00:17
