2019-09-04 09:55:25.741786: I tensorflow/core/platform/cpu_feature_guard.cc:140] Your CPU supports instructions that this TensorFlow binary was not compiled to use: SSE4.1 SSE4.2 AVX AVX2 AVX512F FMA
2019-09-04 09:55:26.702621: I tensorflow/core/common_runtime/gpu/gpu_device.cc:1356] Found device 0 with properties: 
name: Tesla V100-SXM2-16GB major: 7 minor: 0 memoryClockRate(GHz): 1.53
pciBusID: 0000:21:01.0
totalMemory: 15.77GiB freeMemory: 15.36GiB
2019-09-04 09:55:26.702656: I tensorflow/core/common_runtime/gpu/gpu_device.cc:1435] Adding visible gpu devices: 0
2019-09-04 09:55:26.996138: I tensorflow/core/common_runtime/gpu/gpu_device.cc:923] Device interconnect StreamExecutor with strength 1 edge matrix:
2019-09-04 09:55:26.996172: I tensorflow/core/common_runtime/gpu/gpu_device.cc:929]      0 
2019-09-04 09:55:26.996178: I tensorflow/core/common_runtime/gpu/gpu_device.cc:942] 0:   N 
2019-09-04 09:55:26.996445: I tensorflow/core/common_runtime/gpu/gpu_device.cc:1053] Created TensorFlow device (/job:localhost/replica:0/task:0/device:GPU:0 with 14867 MB memory) -> physical GPU (device: 0, name: Tesla V100-SXM2-16GB, pci bus id: 0000:21:01.0, compute capability: 7.  >>> Info of model(s):
  using   4 model(s): ../graph.003.pb ../graph.000.pb ../graph.002.pb ../graph.001.pb 
  rcut in model:      5
  ntypes in model:    2
Neighbor list info ...
  update every 1 steps, delay 10 steps, check yes
  max neighbors/atom: 2000, page size: 100000
  master list distance cutoff = 6
  ghost atom cutoff = 6
  binsize = 3, bins = 4 4 4
  1 neighbor lists, perpetual/occasional/extra = 1 0 0
  (1) pair deepmd, perpetual
      attributes: , newton on
      pair build: full/bin/atomonly
      stencil: full/bin/3d
      bin: standard
Setting up Verlet run ...
  Unit style    : metal
  Current step  : 0
  Time step     : 0.002
Per MPI rank memory allocation (min/avg/max) = 3.935 | 3.935 | 3.935 Mbytes
Step Temp PotEng KinEng TotEng Press Volume Lx Ly Lz Xy Xz Yz 
       0          100   -219.71904  0.051704058   -219.66733    -1076.144         1000           10           10           10            0            0            0 
      10    80.093671   -219.70589  0.041411678   -219.66448   -1323.8146         1000           10           10           10            0            0            0 
      20    106.06183   -219.72157  0.054838272   -219.66673   -1123.9587         1000           10           10           10            0            0            0 
      30    95.907626   -219.71998  0.049588135   -219.67039   -460.64291         1000           10           10           10            0            0            0 
      40    127.02337   -219.73685  0.065676234   -219.67118    360.09986         1000           10           10           10            0            0            0 
      50    79.881452   -219.70228  0.041301952   -219.66098    1092.5476         1000           10           10           10            0            0            0 
      60    83.251797    -219.6961  0.043044557   -219.65306    1288.0199         1000           10           10           10            0            0            0 
      70    76.869273   -219.69107  0.039744533   -219.65132     922.3726         1000           10           10           10            0            0            0 
      80     97.25223   -219.70022  0.050283349   -219.64994    173.06766         1000           10           10           10            0            0            0 
      90    96.185491   -219.69183  0.049731802    -219.6421   -684.03423         1000           10           10           10            0            0            0 
     100    68.874931    -219.6655  0.035611134   -219.62988   -1257.2118         1000           10           10           10            0            0            0 
     110    97.720731    -219.6706  0.050525583   -219.62007   -1389.3091         1000           10           10           10            0            0            0 
     120    97.060765   -219.66221  0.050184354   -219.61203   -885.82408         1000           10           10           10            0            0            0 
     130    186.95337   -219.70528  0.096662481   -219.60862    54.866322         1000           10           10           10            0            0            0 
     140    163.31079   -219.68426  0.084438305   -219.59982    1078.6357         1000           10           10           10            0            0            0 
     150    186.59882   -219.69915  0.096479161   -219.60268    1491.8141         1000           10           10           10            0            0            0 
     160    191.35015   -219.71399  0.098935794   -219.61505    1143.1757         1000           10           10           10            0            0            0 
     170    209.91078   -219.73066   0.10853239   -219.62213    263.14134         1000           10           10           10            0            0            0 
     180    163.63439   -219.70988   0.08460562   -219.62527   -686.98597         1000           10           10           10            0            0            0 
     190    110.49572   -219.69163  0.057130772    -219.6345   -1199.4512         1000           10           10           10            0            0            0 
     200    86.715801   -219.69301  0.044835588   -219.64818   -1131.6872         1000           10           10           10            0            0            0 
     210    74.216557   -219.70042  0.038372972   -219.66205   -587.43843         1000           10           10           10            0            0            0 
     220    80.091505   -219.71307  0.041410558   -219.67166    124.12043         1000           10           10           10            0            0            0 
     230    49.715586   -219.69949  0.025704975   -219.67378    794.03086         1000           10           10           10            0            0            0 
     240    52.851211    -219.7028  0.027326221   -219.67547     1159.298         1000           10           10           10            0            0            0 
     250    36.092043   -219.69654  0.018661051   -219.67788      1100.66         1000           10           10           10            0            0            0 
     260    59.524797   -219.71412  0.030776736   -219.68335    620.44519         1000           10           10           10            0            0            0 
     270    58.001634   -219.71488  0.029989199   -219.68489   -56.143327         1000           10           10           10            0            0            0 
     280    53.136337   -219.71009  0.027473643   -219.68262   -667.93323         1000           10           10           10            0            0            0 
     290    51.852069   -219.70643  0.026809624   -219.67962   -1002.8403         1000           10           10           10            0            0            0 
     300    48.850495   -219.70222  0.025257688   -219.67696   -957.20296         1000           10           10           10            0            0            0 
     310    76.953892   -219.71519  0.039788285    -219.6754    -572.4004         1000           10           10           10            0            0            0 
     320    86.304815   -219.71708  0.044623092   -219.67246    117.18797         1000           10           10           10            0            0            0 
     330    106.76443    -219.7229  0.055201544    -219.6677    832.36046         1000           10           10           10            0            0            0 
     340    90.971835   -219.70685   0.04703613   -219.65981    1302.1949         1000           10           10           10            0            0            0 
     350    126.98204   -219.72227  0.065654867   -219.65661     1180.305         1000           10           10           10            0            0            0 
     360    145.16769   -219.72887  0.075057585   -219.65381    475.41378         1000           10           10           10            0            0            0 
     370    164.06235   -219.72859  0.084826891   -219.64376   -462.73337         1000           10           10           10            0            0            0 
     380    162.33546   -219.71308  0.083934021   -219.62914   -1260.6987         1000           10           10           10            0            0            0 
     390    140.42004   -219.68979  0.072602857   -219.61719   -1586.0545         1000           10           10           10            0            0            0 
     400    168.05174   -219.70018   0.08688957   -219.61329   -1313.4925         1000           10           10           10            0            0            0 
     410    172.48718   -219.69689  0.089182871   -219.60771   -490.79839         1000           10           10           10            0            0            0 
     420    192.38054   -219.69996  0.099468545   -219.60049    564.44343         1000           10           10           10            0            0            0 
     430    137.55087   -219.66536  0.071119382   -219.59424    1349.6296         1000           10           10           10            0            0            0 
     440    158.67593   -219.69064  0.082041895   -219.60859    1236.4457         1000           10           10           10            0            0            0 
     450    152.11927    -219.7133  0.078651836   -219.63465    429.02881         1000           10           10           10            0            0            0 
     460    150.27517   -219.73294  0.077698361   -219.65524   -448.84563         1000           10           10           10            0            0            0 
     470    112.78375   -219.72538  0.058313773   -219.66707   -1037.0139         1000           10           10           10            0            0            0 
     480    90.039813   -219.72346  0.046554237   -219.67691   -1209.8403         1000           10           10           10            0            0            0 
     490    88.031031   -219.73139  0.045515615   -219.68587   -1013.2546         1000           10           10           10            0            0            0 
     500    82.629653   -219.73669  0.042722884   -219.69397   -502.77374         1000           10           10           10            0            0            0 
     510    91.610888   -219.74567  0.047366547   -219.69831    166.15445         1000           10           10           10            0            0            0 
     520    64.912124   -219.72992  0.033562202   -219.69635    750.08441         1000           10           10           10            0            0            0 
     530     59.37923   -219.72483  0.030701471   -219.69413    975.86665         1000           10           10           10            0            0            0 
     540    54.620905   -219.72272  0.028241224   -219.69448    800.41904         1000           10           10           10            0            0            0 
     550    64.668086   -219.72805  0.033436025   -219.69462    328.91537         1000           10           10           10            0            0            0 
     560    67.624812   -219.72722  0.034964772   -219.69225   -262.41851         1000           10           10           10            0            0            0 
     570    58.375464   -219.71687  0.030182484   -219.68669   -793.40843         1000           10           10           10            0            0            0 
     580    51.514673   -219.70581  0.026635176   -219.67918   -1108.7518         1000           10           10           10            0            0            0 
     590      55.6583   -219.70151    0.0287776   -219.67274   -1036.3869         1000           10           10           10            0            0            0 
     600    88.426119   -219.71278  0.045719892   -219.66706   -569.30062         1000           10           10           10            0            0            0 
     610     93.32787   -219.70553  0.048254296   -219.65728     180.5775         1000           10           10           10            0            0            0 
     620    106.45306   -219.69945  0.055040553   -219.64441    856.39997         1000           10           10           10            0            0            0 
     630    107.48319   -219.69174  0.055573171   -219.63617    1095.5065         1000           10           10           10            0            0            0 
     640    148.24933   -219.71485  0.076650921    -219.6382    776.76949         1000           10           10           10            0            0            0 
     650    188.14234   -219.74055  0.097277223   -219.64327   -34.224959         1000           10           10           10            0            0            0 
     660    180.01709   -219.72614  0.093076139   -219.63306   -961.20127         1000           10           10           10            0            0            0 
     670    146.11834   -219.70169   0.07554911   -219.62614   -1429.3165         1000           10           10           10            0            0            0 
     680    136.59012   -219.70093  0.070622633   -219.63031    -1253.256         1000           10           10           10            0            0            0 
     690    148.55076   -219.71449  0.076806771   -219.63768   -566.48489         1000           10           10           10            0            0            0 
     700    122.96472   -219.70416  0.063577752   -219.64059     375.3313         1000           10           10           10            0            0            0 
     710    100.90305   -219.69221  0.052170973   -219.64004    1115.1194         1000           10           10           10            0            0            0 
     720    61.273681   -219.67469   0.03168098   -219.64301    1378.8341         1000           10           10           10            0            0            0 
     730    76.778713    -219.6939   0.03969771    -219.6542    1088.7035         1000           10           10           10            0            0            0 
     740    69.006733   -219.70123  0.035679281   -219.66555    416.51362         1000           10           10           10            0            0            0 
     750    74.414838   -219.71195  0.038475491   -219.67348   -307.54858         1000           10           10           10            0            0            0 
     760    50.062543   -219.70366  0.025884366   -219.67777   -802.90028         1000           10           10           10            0            0            0 
     770    45.344008   -219.70688  0.023444692   -219.68343   -941.58443         1000           10           10           10            0            0            0 
     780    60.229051   -219.72105  0.031140863   -219.68991   -707.55002         1000           10           10           10            0            0            0 
     790    63.052345    -219.7277  0.032600621    -219.6951   -196.17004         1000           10           10           10            0            0            0 
     800    73.395357   -219.73695  0.037948378     -219.699    393.44251         1000           10           10           10            0            0            0 
     810    57.656474   -219.73142  0.029810737   -219.70161    852.35023         1000           10           10           10            0            0            0 
     820     59.27594   -219.73684  0.030648067   -219.70619    957.55219         1000           10           10           10            0            0            0 
     830    52.990438   -219.74068  0.027398207   -219.71328    720.15119         1000           10           10           10            0            0            0 
     840    58.933853   -219.75121  0.030471193   -219.72074    261.46528         1000           10           10           10            0            0            0 
     850    50.283434   -219.75079  0.025998576   -219.72479   -231.92885         1000           10           10           10            0            0            0 
     860    39.714753   -219.74725  0.020534139   -219.72672   -606.85944         1000           10           10           10            0            0            0 
     870    38.297935   -219.74735  0.019801587   -219.72755   -784.76575         1000           10           10           10            0            0            0 
     880    32.983678   -219.74533    0.0170539   -219.72828   -711.76916         1000           10           10           10            0            0            0 
     890    45.460543   -219.75304  0.023504945   -219.72953     -430.433         1000           10           10           10            0            0            0 
     900    44.078403   -219.75207  0.022790323   -219.72928   -1.3194651         1000           10           10           10            0            0            0 
     910    48.975846   -219.75232    0.0253225   -219.72699    435.60844         1000           10           10           10            0            0            0 
     920    47.175975    -219.7471  0.024391894    -219.7227    765.47176         1000           10           10           10            0            0            0 
     930    52.747643   -219.74501  0.027272672   -219.71774    848.61631         1000           10           10           10            0            0            0 
     940    71.927121   -219.75087  0.037189241   -219.71368    614.70209         1000           10           10           10            0            0            0 
     950    79.138765   -219.74917  0.040917953   -219.70825    95.573678         1000           10           10           10            0            0            0 
     960    97.159475   -219.75074  0.050235392    -219.7005    -560.6843         1000           10           10           10            0            0            0 
     970    84.044305   -219.73369  0.043454316   -219.69023   -1045.7666         1000           10           10           10            0            0            0 
     980    101.36331   -219.73559  0.052408944   -219.68318   -1213.5808         1000           10           10           10            0            0            0 
     990    106.42169   -219.73494  0.055024332   -219.67992   -940.70586         1000           10           10           10            0            0            0 
    1000    128.05772   -219.74334  0.066211037   -219.67713   -320.28227         1000           10           10           10            0            0            0 
Loop time of 11.8061 on 1 procs for 1000 steps with 5 atoms

Performance: 14.637 ns/day, 1.640 hours/ns, 84.702 timesteps/s
206.2% CPU use with 1 MPI tasks x no OpenMP threads

MPI task timing breakdown:
Section |  min time  |  avg time  |  max time  |%varavg| %total
---------------------------------------------------------------
Pair    | 11.788     | 11.788     | 11.788     |   0.0 | 99.85
Neigh   | 0.00022388 | 0.00022388 | 0.00022388 |   0.0 |  0.00
Comm    | 0.0018497  | 0.0018497  | 0.0018497  |   0.0 |  0.02
Output  | 0.010829   | 0.010829   | 0.010829   |   0.0 |  0.09
Modify  | 0.0040247  | 0.0040247  | 0.0040247  |   0.0 |  0.03
Other   |            | 0.001344   |            |       |  0.01

Nlocal:    5 ave 5 max 5 min
Histogram: 1 0 0 0 0 0 0 0 0 0
Nghost:    103 ave 103 max 103 min
Histogram: 1 0 0 0 0 0 0 0 0 0
Neighs:    0 ave 0 max 0 min
Histogram: 1 0 0 0 0 0 0 0 0 0

Total # of neighbors = 0
Ave neighs/atom = 0
Neighbor list builds = 34
Dangerous builds = 0
Total wall time: 0:00:14
