2.468029292666300833e-01 3.584465919717841342e-01
1.575805693602094493e-01 2.313702417032974246e-01
1.575805693602094493e-01 2.313702417032974246e-01
1.575805693602094493e-01 2.313702417032974246e-01
2.468029292666300833e-01 3.584465919717841342e-01
1.575805693602094493e-01 2.313702417032974246e-01
1.575805693602094493e-01 2.313702417032974246e-01
1.575805693602094493e-01 2.313702417032974246e-01
2.468029292666300833e-01 3.584465919717841342e-01
1.575805693602094493e-01 2.313702417032974246e-01
1.575805693602094493e-01 2.313702417032974246e-01
1.575805693602094493e-01 2.313702417032974246e-01
2.468029292666300833e-01 3.584465919717841342e-01
1.575805693602094493e-01 2.313702417032974246e-01
1.575805693602094493e-01 2.313702417032974246e-01
1.575805693602094493e-01 2.313702417032974246e-01
2.468029292666300833e-01 3.584465919717841342e-01
1.575805693602094493e-01 2.313702417032974246e-01
1.575805693602094493e-01 2.313702417032974246e-01
1.575805693602094493e-01 2.313702417032974246e-01
2.468029292666300833e-01 3.584465919717841342e-01
1.575805693602094493e-01 2.313702417032974246e-01
1.575805693602094493e-01 2.313702417032974246e-01
1.575805693602094493e-01 2.313702417032974246e-01
2.468029292666300833e-01 3.584465919717841342e-01
1.575805693602094493e-01 2.313702417032974246e-01
1.575805693602094493e-01 2.313702417032974246e-01
1.575805693602094493e-01 2.313702417032974246e-01
2.468029292666300833e-01 3.584465919717841342e-01
1.575805693602094493e-01 2.313702417032974246e-01
1.575805693602094493e-01 2.313702417032974246e-01
1.575805693602094493e-01 2.313702417032974246e-01
2.468029292666300833e-01 3.584465919717841342e-01
1.575805693602094493e-01 2.313702417032974246e-01
1.575805693602094493e-01 2.313702417032974246e-01
1.575805693602094493e-01 2.313702417032974246e-01
2.468029292666300833e-01 3.584465919717841342e-01
1.575805693602094493e-01 2.313702417032974246e-01
1.575805693602094493e-01 2.313702417032974246e-01
1.575805693602094493e-01 2.313702417032974246e-01
2.468029292666300833e-01 3.584465919717841342e-01
1.575805693602094493e-01 2.313702417032974246e-01
1.575805693602094493e-01 2.313702417032974246e-01
1.575805693602094493e-01 2.313702417032974246e-01
2.468029292666300833e-01 3.584465919717841342e-01
1.575805693602094493e-01 2.313702417032974246e-01
1.575805693602094493e-01 2.313702417032974246e-01
1.575805693602094493e-01 2.313702417032974246e-01
2.468029292666300833e-01 3.584465919717841342e-01
1.575805693602094493e-01 2.313702417032974246e-01
1.575805693602094493e-01 2.313702417032974246e-01
1.575805693602094493e-01 2.313702417032974246e-01
2.468029292666300833e-01 3.584465919717841342e-01
1.575805693602094493e-01 2.313702417032974246e-01
1.575805693602094493e-01 2.313702417032974246e-01
1.575805693602094493e-01 2.313702417032974246e-01
2.468029292666300833e-01 3.584465919717841342e-01
1.575805693602094493e-01 2.313702417032974246e-01
1.575805693602094493e-01 2.313702417032974246e-01
1.575805693602094493e-01 2.313702417032974246e-01
2.468029292666300833e-01 3.584465919717841342e-01
1.575805693602094493e-01 2.313702417032974246e-01
1.575805693602094493e-01 2.313702417032974246e-01
1.575805693602094493e-01 2.313702417032974246e-01
2.468029292666300833e-01 3.584465919717841342e-01
1.575805693602094493e-01 2.313702417032974246e-01
1.575805693602094493e-01 2.313702417032974246e-01
1.575805693602094493e-01 2.313702417032974246e-01
2.468029292666300833e-01 3.584465919717841342e-01
1.575805693602094493e-01 2.313702417032974246e-01
1.575805693602094493e-01 2.313702417032974246e-01
1.575805693602094493e-01 2.313702417032974246e-01
2.468029292666300833e-01 3.584465919717841342e-01
1.575805693602094493e-01 2.313702417032974246e-01
1.575805693602094493e-01 2.313702417032974246e-01
1.575805693602094493e-01 2.313702417032974246e-01
2.468029292666300833e-01 3.584465919717841342e-01
1.575805693602094493e-01 2.313702417032974246e-01
1.575805693602094493e-01 2.313702417032974246e-01
1.575805693602094493e-01 2.313702417032974246e-01
