2019-09-04 09:54:53.677321: I tensorflow/core/platform/cpu_feature_guard.cc:140] Your CPU supports instructions that this TensorFlow binary was not compiled to use: SSE4.1 SSE4.2 AVX AVX2 AVX512F FMA
2019-09-04 09:54:54.636979: I tensorflow/core/common_runtime/gpu/gpu_device.cc:1356] Found device 0 with properties: 
name: Tesla V100-SXM2-16GB major: 7 minor: 0 memoryClockRate(GHz): 1.53
pciBusID: 0000:21:01.0
totalMemory: 15.77GiB freeMemory: 15.36GiB
2019-09-04 09:54:54.637011: I tensorflow/core/common_runtime/gpu/gpu_device.cc:1435] Adding visible gpu devices: 0
2019-09-04 09:54:54.930731: I tensorflow/core/common_runtime/gpu/gpu_device.cc:923] Device interconnect StreamExecutor with strength 1 edge matrix:
2019-09-04 09:54:54.930765: I tensorflow/core/common_runtime/gpu/gpu_device.cc:929]      0 
2019-09-04 09:54:54.930771: I tensorflow/core/common_runtime/gpu/gpu_device.cc:942] 0:   N 
2019-09-04 09:54:54.931029: I tensorflow/core/common_runtime/gpu/gpu_device.cc:1053] Created TensorFlow device (/job:localhost/replica:0/task:0/device:GPU:0 with 14867 MB memory) -> physical GPU (device: 0, name: Tesla V100-SXM2-16GB, pci bus id: 0000:21:01.0, compute capability: 7.  >>> Info of model(s):
  using   4 model(s): ../graph.003.pb ../graph.000.pb ../graph.002.pb ../graph.001.pb 
  rcut in model:      5
  ntypes in model:    2
Neighbor list info ...
  update every 1 steps, delay 10 steps, check yes
  max neighbors/atom: 2000, page size: 100000
  master list distance cutoff = 6
  ghost atom cutoff = 6
  binsize = 3, bins = 4 4 4
  1 neighbor lists, perpetual/occasional/extra = 1 0 0
  (1) pair deepmd, perpetual
      attributes: , newton on
      pair build: full/bin/atomonly
      stencil: full/bin/3d
      bin: standard
Setting up Verlet run ...
  Unit style    : metal
  Current step  : 0
  Time step     : 0.002
Per MPI rank memory allocation (min/avg/max) = 3.935 | 3.935 | 3.935 Mbytes
Step Temp PotEng KinEng TotEng Press Volume Lx Ly Lz Xy Xz Yz 
       0          100   -219.74424  0.051704058   -219.69253   -696.03679         1000           10           10           10            0            0            0 
      10    80.465049   -219.73366  0.041603696   -219.69206   -494.55264         1000           10           10           10            0            0            0 
      20    104.23892   -219.74648   0.05389575   -219.69259   -134.30451         1000           10           10           10            0            0            0 
      30    100.11407   -219.74265  0.051763035   -219.69088     316.2151         1000           10           10           10            0            0            0 
      40    88.159006   -219.73122  0.045581784   -219.68563    675.95313         1000           10           10           10            0            0            0 
      50    113.94846   -219.74092   0.05891598     -219.682    734.25011         1000           10           10           10            0            0            0 
      60    103.34665   -219.72852  0.053434411   -219.67508    468.93235         1000           10           10           10            0            0            0 
      70    141.70185   -219.74004  0.073265606   -219.66677   -15.939926         1000           10           10           10            0            0            0 
      80    114.98357    -219.7124  0.059451171   -219.65295    -436.7363         1000           10           10           10            0            0            0 
      90    159.56932   -219.72071  0.082503812   -219.63821   -789.78469         1000           10           10           10            0            0            0 
     100    143.28642   -219.69498  0.074084894    -219.6209   -789.84629         1000           10           10           10            0            0            0 
     110    195.84576   -219.70925   0.10126021   -219.60799    -439.8417         1000           10           10           10            0            0            0 
     120    187.26397   -219.69454  0.096823073   -219.59772    256.53123         1000           10           10           10            0            0            0 
     130    187.96819   -219.68836  0.097187184   -219.59118    885.23395         1000           10           10           10            0            0            0 
     140    177.09635   -219.68565  0.091566001   -219.59408    1052.1605         1000           10           10           10            0            0            0 
     150    150.07084   -219.68991  0.077592717   -219.61231    768.74805         1000           10           10           10            0            0            0 
     160    148.55748   -219.71334  0.076810243   -219.63653    184.39468         1000           10           10           10            0            0            0 
     170    84.463763   -219.70269  0.043671193   -219.65901   -319.26923         1000           10           10           10            0            0            0 
     180    96.960055    -219.7261  0.050132283   -219.67597   -638.96054         1000           10           10           10            0            0            0 
     190    55.334969   -219.71281  0.028610424    -219.6842   -640.26939         1000           10           10           10            0            0            0 
     200    79.455215   -219.73201   0.04108157   -219.69092   -424.05748         1000           10           10           10            0            0            0 
     210    69.531694   -219.72927  0.035950708   -219.69332   -24.210013         1000           10           10           10            0            0            0 
     220    69.948229   -219.72968  0.036166073   -219.69351     352.0778         1000           10           10           10            0            0            0 
     230    74.075577   -219.73111  0.038300079   -219.69281    640.84483         1000           10           10           10            0            0            0 
     240    65.859503   -219.72587  0.034052036   -219.69181    715.45551         1000           10           10           10            0            0            0 
     250    84.800922     -219.735  0.043845518   -219.69115     510.1199         1000           10           10           10            0            0            0 
     260    68.420261   -219.72408  0.035376052   -219.68871    136.22413         1000           10           10           10            0            0            0 
     270    102.18465   -219.73827  0.052833612   -219.68544   -341.29675         1000           10           10           10            0            0            0 
     280    73.702625   -219.71673  0.038107248   -219.67862   -632.16863         1000           10           10           10            0            0            0 
     290    108.40264    -219.7301  0.056048564   -219.67405   -698.71558         1000           10           10           10            0            0            0 
     300    104.32814   -219.72159  0.053941882   -219.66765   -477.09206         1000           10           10           10            0            0            0 
     310    126.03324   -219.72679  0.065164298   -219.66162   -92.658832         1000           10           10           10            0            0            0 
     320    147.30099   -219.73265  0.076160587   -219.65649    423.48866         1000           10           10           10            0            0            0 
     330    138.40904   -219.72131  0.071563092   -219.64974    808.54831         1000           10           10           10            0            0            0 
     340     170.3771    -219.7334  0.088091875   -219.64531     815.0451         1000           10           10           10            0            0            0 
     350     132.0253   -219.71005  0.068262436   -219.64179    443.41079         1000           10           10           10            0            0            0 
     360    188.77019   -219.73919   0.09760185   -219.64159   -188.62683         1000           10           10           10            0            0            0 
     370    130.99893   -219.70724  0.067731764   -219.63951   -638.96741         1000           10           10           10            0            0            0 
     380    161.31368   -219.72892   0.08340572   -219.64552   -846.29466         1000           10           10           10            0            0            0 
     390    112.15218   -219.71038  0.057987228   -219.65239   -728.09748         1000           10           10           10            0            0            0 
     400    113.42077   -219.72531  0.058643138   -219.66667   -382.48358         1000           10           10           10            0            0            0 
     410    104.43956   -219.73371   0.05399949   -219.67971    128.63019         1000           10           10           10            0            0            0 
     420    66.543879   -219.72401  0.034405886   -219.68961    517.22501         1000           10           10           10            0            0            0 
     430    76.069556   -219.73726  0.039331047   -219.69793      640.717         1000           10           10           10            0            0            0 
     440    43.122524   -219.72597  0.022296095   -219.70368    522.11165         1000           10           10           10            0            0            0 
     450    65.836744   -219.74237  0.034040268   -219.70833    207.48895         1000           10           10           10            0            0            0 
     460    44.019354   -219.73189  0.022759793   -219.70913   -109.22056         1000           10           10           10            0            0            0 
     470    59.543065   -219.74045  0.030786181   -219.70967   -410.48053         1000           10           10           10            0            0            0 
     480    45.359605   -219.73127  0.023452756   -219.70782   -573.92816         1000           10           10           10            0            0            0 
     490     51.22795   -219.73313  0.026486929   -219.70665   -559.37112         1000           10           10           10            0            0            0 
     500    63.868457   -219.73784  0.033022584   -219.70481   -349.32782         1000           10           10           10            0            0            0 
     510     52.17086    -219.7276  0.026974452   -219.70063    31.297727         1000           10           10           10            0            0            0 
     520    83.843346   -219.73954  0.043350412   -219.69619    403.10769         1000           10           10           10            0            0            0 
     530    49.961354   -219.71414  0.025832047   -219.68831    648.69434         1000           10           10           10            0            0            0 
     540    87.517278   -219.72884  0.045249984   -219.68359    617.50792         1000           10           10           10            0            0            0 
     550    71.270278   -219.71406  0.036849626   -219.67721    387.85196         1000           10           10           10            0            0            0 
     560    95.683102   -219.72229  0.049472047   -219.67282   -37.010631         1000           10           10           10            0            0            0 
     570    87.629983   -219.71247  0.045308257   -219.66716   -459.57436         1000           10           10           10            0            0            0 
     580    84.060368   -219.70623  0.043462622   -219.66276   -710.15048         1000           10           10           10            0            0            0 
     590     94.50116   -219.70868  0.048860934   -219.65982   -708.91675         1000           10           10           10            0            0            0 
     600    80.720459    -219.7001  0.041735753   -219.65837   -371.48136         1000           10           10           10            0            0            0 
     610    124.28557   -219.72328  0.064260682   -219.65902    86.868058         1000           10           10           10            0            0            0 
     620    77.941896   -219.69637  0.040299123   -219.65607    542.85115         1000           10           10           10            0            0            0 
     630    110.21306   -219.71363  0.056984624   -219.65664     734.5419         1000           10           10           10            0            0            0 
     640    78.066191   -219.69744  0.040363389   -219.65708    661.82745         1000           10           10           10            0            0            0 
     650     102.6166   -219.71418  0.053056946   -219.66113    254.52409         1000           10           10           10            0            0            0 
     660    99.043157   -219.71491  0.051209331    -219.6637    -207.6834         1000           10           10           10            0            0            0 
     670    94.584188   -219.71423  0.048903863   -219.66533   -580.22016         1000           10           10           10            0            0            0 
     680    89.003094   -219.71204  0.046018211   -219.66602   -736.23918         1000           10           10           10            0            0            0 
     690    73.364537   -219.70677  0.037932443   -219.66884   -588.85928         1000           10           10           10            0            0            0 
     700    109.05303   -219.72953  0.056384839   -219.67315   -276.44584         1000           10           10           10            0            0            0 
     710    71.122278   -219.71144  0.036773104   -219.67466    198.56411         1000           10           10           10            0            0            0 
     720    109.31079   -219.73461  0.056518115   -219.67809    555.28772         1000           10           10           10            0            0            0 
     730    65.844984   -219.71329  0.034044529   -219.67925    699.05608         1000           10           10           10            0            0            0 
     740    83.558195   -219.72932  0.043202978   -219.68612    516.45498         1000           10           10           10            0            0            0 
     750    77.730346   -219.73314  0.040189743   -219.69295    166.47095         1000           10           10           10            0            0            0 
     760    67.145766   -219.73488  0.034717086   -219.70016   -203.60613         1000           10           10           10            0            0            0 
     770    66.769811   -219.74107  0.034522702   -219.70655   -472.15354         1000           10           10           10            0            0            0 
     780    38.165762    -219.7314  0.019733247   -219.71167   -559.46436         1000           10           10           10            0            0            0 
     790    56.201143   -219.74609  0.029058271   -219.71703   -496.13172         1000           10           10           10            0            0            0 
     800    35.254779   -219.73827  0.018228152   -219.72004   -241.42869         1000           10           10           10            0            0            0 
     810    52.825625   -219.74992  0.027312992   -219.72261    59.356923         1000           10           10           10            0            0            0 
     820    37.795785    -219.7418  0.019541955   -219.72226    348.19117         1000           10           10           10            0            0            0 
     830    39.369901   -219.74191  0.020355836   -219.72156    492.55744         1000           10           10           10            0            0            0 
     840    44.612004    -219.7434  0.023066217   -219.72034    471.88581         1000           10           10           10            0            0            0 
     850    43.587093   -219.74027  0.022536296   -219.71774    310.59101         1000           10           10           10            0            0            0 
     860    64.279436   -219.74703  0.033235077    -219.7138    12.200819         1000           10           10           10            0            0            0 
     870    47.947432   -219.73109  0.024790768    -219.7063   -303.88746         1000           10           10           10            0            0            0 
     880    81.008646   -219.73989  0.041884757     -219.698   -610.95363         1000           10           10           10            0            0            0 
     890    62.966591   -219.72094  0.032556283   -219.68838   -681.10451         1000           10           10           10            0            0            0 
     900    103.02652   -219.73565  0.053268891   -219.68238   -493.82045         1000           10           10           10            0            0            0 
     910    102.45232   -219.72943  0.052972009   -219.67646   -80.109403         1000           10           10           10            0            0            0 
     920    105.75108   -219.72553  0.054677601   -219.67085    352.61439         1000           10           10           10            0            0            0 
     930    119.96015   -219.72931  0.062024267   -219.66729    647.87201         1000           10           10           10            0            0            0 
     940    103.63985   -219.71803  0.053586007   -219.66444    681.79277         1000           10           10           10            0            0            0 
     950     148.0056   -219.74121  0.076524899   -219.66468    429.59238         1000           10           10           10            0            0            0 
     960    116.36812   -219.72386   0.06016704   -219.66369    7.1469868         1000           10           10           10            0            0            0 
     970    145.46473   -219.73752  0.075211168    -219.6623   -529.97207         1000           10           10           10            0            0            0 
     980    108.04929   -219.71604  0.055865865   -219.66017   -804.70004         1000           10           10           10            0            0            0 
     990    134.32761   -219.73194  0.069452828   -219.66249   -785.44911         1000           10           10           10            0            0            0 
    1000    125.15833   -219.73031  0.064711938    -219.6656   -447.96119         1000           10           10           10            0            0            0 
Loop time of 11.8492 on 1 procs for 1000 steps with 5 atoms

Performance: 14.583 ns/day, 1.646 hours/ns, 84.394 timesteps/s
203.7% CPU use with 1 MPI tasks x no OpenMP threads

MPI task timing breakdown:
Section |  min time  |  avg time  |  max time  |%varavg| %total
---------------------------------------------------------------
Pair    | 11.829     | 11.829     | 11.829     |   0.0 | 99.83
Neigh   | 0.0003314  | 0.0003314  | 0.0003314  |   0.0 |  0.00
Comm    | 0.0019329  | 0.0019329  | 0.0019329  |   0.0 |  0.02
Output  | 0.012603   | 0.012603   | 0.012603   |   0.0 |  0.11
Modify  | 0.0040545  | 0.0040545  | 0.0040545  |   0.0 |  0.03
Other   |            | 0.001193   |            |       |  0.01

Nlocal:    5 ave 5 max 5 min
Histogram: 1 0 0 0 0 0 0 0 0 0
Nghost:    121 ave 121 max 121 min
Histogram: 1 0 0 0 0 0 0 0 0 0
Neighs:    0 ave 0 max 0 min
Histogram: 1 0 0 0 0 0 0 0 0 0

Total # of neighbors = 0
Ave neighs/atom = 0
Neighbor list builds = 45
Dangerous builds = 0
Total wall time: 0:00:16
