2019-09-01 06:53:59,667 - INFO : start running
2019-09-01 06:53:59,667 - INFO : =============================iter.000000==============================
2019-09-01 06:53:59,667 - INFO : -------------------------------task 00--------------------------------
2019-09-01 06:53:59,669 - INFO : -------------------------------task 01--------------------------------
2019-09-01 06:53:59,754 - INFO : local_root is /public/data/deepmd-tutorial-20190815/cp2k_dpgen.run3
2019-09-01 06:53:59,754 - INFO : remote_root is /root/dpmd/23284177-039c-4bae-89b8-ca4d4c1270e2
2019-09-01 06:53:59,979 - INFO : local_root is iter.000000/00.train
2019-09-01 06:53:59,979 - INFO : remote_root is /root/dpmd/48b712b4-9312-410e-9f15-f346ed20a02c
2019-09-01 06:57:37,109 - INFO : start running
2019-09-01 06:57:37,109 - INFO : continue from iter 000 task 00
2019-09-01 06:57:37,109 - INFO : =============================iter.000000==============================
2019-09-01 06:57:37,109 - INFO : -------------------------------task 01--------------------------------
2019-09-01 06:57:37,194 - INFO : local_root is /public/data/deepmd-tutorial-20190815/cp2k_dpgen.run3
2019-09-01 06:57:37,194 - INFO : remote_root is /root/dpmd/c76284ef-a5e8-48d0-afa0-b9c695e85d0b
2019-09-01 06:57:37,415 - INFO : local_root is iter.000000/00.train
2019-09-01 06:57:37,415 - INFO : remote_root is /root/dpmd/619323f1-126c-4d15-b126-56cbc5e5c92d
2019-09-01 07:10:18,508 - INFO : local_root is iter.000000/00.train
2019-09-01 07:10:18,508 - INFO : remote_root is /root/dpmd/6c6d8da5-04d7-44d4-8a4d-a94fa1302ac3
2019-09-01 07:22:59,560 - INFO : local_root is iter.000000/00.train
2019-09-01 07:22:59,560 - INFO : remote_root is /root/dpmd/90e7cd81-411c-427e-ae03-729ba438ebf7
2019-09-01 07:35:50,608 - INFO : local_root is iter.000000/00.train
2019-09-01 07:35:50,608 - INFO : remote_root is /root/dpmd/2111d559-b1f0-4b7b-afc7-4db6ecc48e95
2019-09-01 07:48:41,664 - INFO : -------------------------------task 02--------------------------------
2019-09-01 07:48:41,664 - INFO : -------------------------------task 03--------------------------------
2019-09-01 07:48:41,671 - INFO : -------------------------------task 04--------------------------------
2019-09-01 07:48:41,754 - INFO : local_root is /public/data/deepmd-tutorial-20190815/cp2k_dpgen.run3
2019-09-01 07:48:41,754 - INFO : remote_root is /root/dpmd/9ca4f56d-452e-4ec8-b29a-243e189e46f9
2019-09-01 07:48:41,978 - INFO : group_size 10
2019-09-01 07:48:41,979 - INFO : local_root is iter.000000/01.model_devi
2019-09-01 07:48:41,979 - INFO : remote_root is /root/dpmd/009893c6-b9c9-4a46-86a8-3831de19870c
2019-09-01 07:53:07,839 - INFO : start running
2019-09-01 07:53:07,840 - INFO : continue from iter 000 task 03
2019-09-01 07:53:07,840 - INFO : =============================iter.000000==============================
2019-09-01 07:53:07,840 - INFO : -------------------------------task 04--------------------------------
2019-09-01 07:53:07,930 - INFO : local_root is /public/data/deepmd-tutorial-20190815/cp2k_dpgen.run3
2019-09-01 07:53:07,930 - INFO : remote_root is /root/dpmd/8041e45c-b8fa-457d-86ac-d8b94d7cc927
2019-09-01 07:53:08,144 - INFO : group_size 10
2019-09-01 07:53:08,144 - INFO : local_root is iter.000000/01.model_devi
2019-09-01 07:53:08,144 - INFO : remote_root is /root/dpmd/71842453-6f27-4c29-8686-687c57c02a8f
2019-09-01 07:56:29,634 - INFO : -------------------------------task 05--------------------------------
2019-09-01 07:56:29,634 - INFO : -------------------------------task 06--------------------------------
2019-09-01 07:56:29,708 - INFO : -------------------------------task 07--------------------------------
2019-09-01 07:56:29,780 - INFO : local_root is /public/data/deepmd-tutorial-20190815/cp2k_dpgen.run3
2019-09-01 07:56:29,780 - INFO : remote_root is /root/cp2k/4db4f89d-27e3-4eca-8e97-edb0fff34a38
2019-09-01 07:56:29,953 - INFO : local_root is iter.000000/02.fp
2019-09-01 07:56:29,953 - INFO : remote_root is /root/cp2k/16335838-bc8d-48e7-9b7c-08935302b55a
2019-09-01 07:59:40,460 - INFO : local_root is iter.000000/02.fp
2019-09-01 07:59:40,460 - INFO : remote_root is /root/cp2k/00a84422-958f-40eb-b5da-7a495cd4d8e5
2019-09-01 08:03:10,974 - INFO : local_root is iter.000000/02.fp
2019-09-01 08:03:10,974 - INFO : remote_root is /root/cp2k/6b9e475a-7388-498d-a929-518fc3d11abb
2019-09-01 08:06:31,477 - INFO : local_root is iter.000000/02.fp
2019-09-01 08:06:31,477 - INFO : remote_root is /root/cp2k/4bd9127f-fa7f-4682-93a7-176763078940
2019-09-01 08:09:21,948 - INFO : -------------------------------task 08--------------------------------
2019-09-01 08:09:21,987 - INFO : =============================iter.000001==============================
2019-09-01 08:09:21,987 - INFO : -------------------------------task 00--------------------------------
2019-09-01 08:09:21,990 - INFO : -------------------------------task 01--------------------------------
2019-09-01 08:09:22,074 - INFO : local_root is /public/data/deepmd-tutorial-20190815/cp2k_dpgen.run3
2019-09-01 08:09:22,074 - INFO : remote_root is /root/dpmd/4a610f32-27a1-4c45-ab3a-841269d18dda
2019-09-01 08:09:22,288 - INFO : local_root is iter.000001/00.train
2019-09-01 08:09:22,288 - INFO : remote_root is /root/dpmd/f7945e9f-e062-4e1e-88c1-619b79508f00
2019-09-01 08:22:03,396 - INFO : local_root is iter.000001/00.train
2019-09-01 08:22:03,396 - INFO : remote_root is /root/dpmd/64bce3f8-30dd-4872-9baf-871587a19c33
2019-09-01 08:34:34,454 - INFO : local_root is iter.000001/00.train
2019-09-01 08:34:34,454 - INFO : remote_root is /root/dpmd/080e8a6c-b83a-42e0-9901-c78449edc200
2019-09-01 08:47:15,505 - INFO : local_root is iter.000001/00.train
2019-09-01 08:47:15,505 - INFO : remote_root is /root/dpmd/294c7149-66d6-4832-9e5e-a1ae90908645
2019-09-01 08:59:56,563 - INFO : -------------------------------task 02--------------------------------
2019-09-01 08:59:56,564 - INFO : -------------------------------task 03--------------------------------
2019-09-01 08:59:56,574 - INFO : -------------------------------task 04--------------------------------
2019-09-01 08:59:56,658 - INFO : local_root is /public/data/deepmd-tutorial-20190815/cp2k_dpgen.run3
2019-09-01 08:59:56,658 - INFO : remote_root is /root/dpmd/58f1f17b-ea82-4c66-8eb1-70a3e15645a0
2019-09-01 08:59:56,878 - INFO : group_size 10
2019-09-01 08:59:56,878 - INFO : local_root is iter.000001/01.model_devi
2019-09-01 08:59:56,879 - INFO : remote_root is /root/dpmd/1c91487b-07d1-47ea-b4c1-6d8d65f8029e
2019-09-01 09:13:21,422 - INFO : -------------------------------task 05--------------------------------
2019-09-01 09:13:21,422 - INFO : -------------------------------task 06--------------------------------
2019-09-01 09:13:21,625 - INFO : -------------------------------task 07--------------------------------
2019-09-01 09:13:21,696 - INFO : local_root is /public/data/deepmd-tutorial-20190815/cp2k_dpgen.run3
2019-09-01 09:13:21,696 - INFO : remote_root is /root/cp2k/96529176-ebaf-466b-882c-8ed23187ddfa
2019-09-01 09:13:21,869 - INFO : local_root is iter.000001/02.fp
2019-09-01 09:13:21,869 - INFO : remote_root is /root/cp2k/9a57f1a3-51f7-4d2a-a064-d6139080d0d9
2019-09-01 09:16:12,387 - INFO : local_root is iter.000001/02.fp
2019-09-01 09:16:12,387 - INFO : remote_root is /root/cp2k/28a5e7a0-b6eb-4aa0-a748-2f42763f0072
2019-09-01 09:19:32,971 - INFO : local_root is iter.000001/02.fp
2019-09-01 09:19:32,971 - INFO : remote_root is /root/cp2k/596f5137-227c-426f-a600-fe6595df2d62
2019-09-01 09:22:53,475 - INFO : local_root is iter.000001/02.fp
2019-09-01 09:22:53,476 - INFO : remote_root is /root/cp2k/2917bc67-7330-45ba-87f1-cdd5841371f0
2019-09-01 09:26:13,967 - INFO : -------------------------------task 08--------------------------------
2019-09-01 09:26:13,991 - INFO : =============================iter.000002==============================
2019-09-01 09:26:13,991 - INFO : -------------------------------task 00--------------------------------
2019-09-01 09:26:13,994 - INFO : -------------------------------task 01--------------------------------
2019-09-01 09:26:14,080 - INFO : local_root is /public/data/deepmd-tutorial-20190815/cp2k_dpgen.run3
2019-09-01 09:26:14,080 - INFO : remote_root is /root/dpmd/bffa7464-5cc0-43f2-bf61-b746360a3683
2019-09-01 09:26:14,290 - INFO : local_root is iter.000002/00.train
2019-09-01 09:26:14,290 - INFO : remote_root is /root/dpmd/f157814b-52b6-41cc-a892-f85a5585fd9d
2019-09-01 09:38:55,417 - INFO : local_root is iter.000002/00.train
2019-09-01 09:38:55,417 - INFO : remote_root is /root/dpmd/49007d4e-17cc-472b-b969-506294b2546e
2019-09-01 09:51:36,468 - INFO : local_root is iter.000002/00.train
2019-09-01 09:51:36,468 - INFO : remote_root is /root/dpmd/b464fc10-7b3b-4ccc-bf92-303c47b67755
2019-09-01 10:04:17,524 - INFO : local_root is iter.000002/00.train
2019-09-01 10:04:17,524 - INFO : remote_root is /root/dpmd/721fded6-d18e-4411-81bd-45d581bde34f
2019-09-01 10:16:58,565 - INFO : -------------------------------task 02--------------------------------
2019-09-01 10:16:58,572 - INFO : -------------------------------task 03--------------------------------
2019-09-01 10:16:58,572 - INFO : finished
