#       step         max_devi_e         min_devi_e         avg_devi_e         max_devi_f         min_devi_f         avg_devi_f
           0       3.384538e+00       8.316130e-01       1.353908e+00       1.459507e-02       1.014983e-02       1.226360e-02
          10       3.388848e+00       8.287476e-01       1.355692e+00       1.480111e-02       1.009254e-02       1.254034e-02
          20       3.415161e+00       8.287201e-01       1.366351e+00       2.067107e-02       1.283200e-02       1.657376e-02
          30       3.455831e+00       8.390869e-01       1.382589e+00       1.131713e-02       6.387092e-03       9.571361e-03
          40       3.489366e+00       8.485455e-01       1.395985e+00       2.351520e-02       1.006509e-02       1.669097e-02
          50       3.512053e+00       8.499743e-01       1.405252e+00       1.403066e-02       7.355775e-03       1.043779e-02
          60       3.507733e+00       8.410956e-01       1.403855e+00       2.903127e-02       2.002710e-02       2.433194e-02
          70       3.476660e+00       8.318529e-01       1.391423e+00       1.289668e-02       6.214025e-03       1.005044e-02
          80       3.426702e+00       8.257037e-01       1.371233e+00       2.120349e-02       1.238928e-02       1.655542e-02
          90       3.389824e+00       8.183117e-01       1.356551e+00       2.626856e-02       1.787793e-02       2.355190e-02
         100       3.374024e+00       8.004084e-01       1.350519e+00       2.274629e-02       1.958842e-02       2.133169e-02
         110       3.379634e+00       7.948915e-01       1.353049e+00       4.720166e-02       8.713108e-03       2.613832e-02
         120       3.429811e+00       8.146214e-01       1.372793e+00       1.049338e-02       7.506961e-03       9.124634e-03
         130       3.481484e+00       8.261195e-01       1.394029e+00       7.078057e-02       2.293844e-02       4.325642e-02
         140       3.518896e+00       8.265563e-01       1.409271e+00       5.123372e-02       1.166007e-02       2.931965e-02
         150       3.497228e+00       8.074574e-01       1.400909e+00       7.891021e-02       1.863972e-02       4.123117e-02
         160       3.449274e+00       8.096661e-01       1.381021e+00       1.363808e-02       6.817056e-03       9.367037e-03
         170       3.398796e+00       8.170135e-01       1.360187e+00       2.504117e-02       1.288658e-02       1.973302e-02
         180       3.374303e+00       8.131574e-01       1.350453e+00       3.037236e-02       2.064322e-02       2.632559e-02
         190       3.381998e+00       8.050489e-01       1.353535e+00       1.454457e-02       9.011722e-03       1.169592e-02
         200       3.412245e+00       8.084592e-01       1.365672e+00       1.911306e-02       8.379658e-03       1.371202e-02
         210       3.459390e+00       8.332894e-01       1.384343e+00       1.480012e-02       5.858783e-03       1.266672e-02
         220       3.492813e+00       8.467154e-01       1.397587e+00       2.743950e-02       1.346107e-02       1.917268e-02
         230       3.507738e+00       8.484751e-01       1.403431e+00       1.070272e-02       4.753082e-03       7.418423e-03
         240       3.501236e+00       8.406740e-01       1.400896e+00       2.124171e-02       9.577829e-03       1.257357e-02
         250       3.474955e+00       8.422169e-01       1.390291e+00       1.230362e-02       8.421517e-03       1.045453e-02
         260       3.437374e+00       8.419556e-01       1.375066e+00       1.047789e-02       7.368635e-03       8.623622e-03
         270       3.405825e+00       8.368948e-01       1.362440e+00       1.455906e-02       9.560228e-03       1.254830e-02
         280       3.393768e+00       8.262340e-01       1.357654e+00       8.743917e-03       7.648012e-03       8.268873e-03
         290       3.401164e+00       8.207914e-01       1.360792e+00       2.110354e-02       1.019260e-02       1.547886e-02
         300       3.430697e+00       8.331430e-01       1.372578e+00       1.265069e-02       7.716809e-03       1.153217e-02
         310       3.462254e+00       8.439480e-01       1.385139e+00       1.706959e-02       8.810608e-03       1.125967e-02
         320       3.494598e+00       8.448171e-01       1.398127e+00       1.011765e-02       4.697974e-03       8.375918e-03
         330       3.512745e+00       8.452261e-01       1.405512e+00       2.828015e-02       1.671355e-02       1.974905e-02
         340       3.500128e+00       8.444859e-01       1.400330e+00       1.547104e-02       6.206086e-03       9.538319e-03
         350       3.460299e+00       8.417424e-01       1.384265e+00       1.017550e-02       6.677673e-03       8.750489e-03
         360       3.415091e+00       8.388764e-01       1.366274e+00       2.901719e-02       1.527387e-02       2.311959e-02
         370       3.383402e+00       8.253052e-01       1.353552e+00       1.311996e-02       6.959984e-03       1.109013e-02
         380       3.368279e+00       8.218869e-01       1.347661e+00       3.864081e-02       1.254092e-02       2.652575e-02
         390       3.400869e+00       8.297327e-01       1.360583e+00       1.063902e-02       9.481543e-03       9.856412e-03
         400       3.439215e+00       8.341752e-01       1.376181e+00       3.629742e-02       1.601379e-02       2.694208e-02
         410       3.490676e+00       8.328174e-01       1.396925e+00       1.696028e-02       1.105512e-02       1.349875e-02
         420       3.513788e+00       8.349414e-01       1.406869e+00       5.269562e-02       1.710050e-02       3.316042e-02
         430       3.494584e+00       8.284967e-01       1.399210e+00       3.810994e-02       1.314089e-02       2.408340e-02
         440       3.446797e+00       8.248869e-01       1.379778e+00       1.957713e-02       1.291874e-02       1.587797e-02
         450       3.394837e+00       8.100988e-01       1.359353e+00       4.039893e-02       2.048430e-02       2.995483e-02
         460       3.376407e+00       8.016149e-01       1.351986e+00       2.134406e-02       9.834397e-03       1.264424e-02
         470       3.387684e+00       8.013814e-01       1.356470e+00       4.638282e-02       1.575699e-02       2.690207e-02
         480       3.426700e+00       8.287030e-01       1.371562e+00       1.668113e-02       1.140907e-02       1.465363e-02
         490       3.461833e+00       8.364089e-01       1.385371e+00       1.600324e-02       6.761366e-03       1.167459e-02
         500       3.492564e+00       8.436028e-01       1.397636e+00       1.092189e-02       7.444570e-03       9.053805e-03
         510       3.505972e+00       8.479898e-01       1.403100e+00       2.128122e-02       1.188529e-02       1.612125e-02
         520       3.496948e+00       8.476127e-01       1.399358e+00       1.426623e-02       9.448670e-03       1.158497e-02
         530       3.471087e+00       8.399228e-01       1.388904e+00       7.299683e-03       5.176668e-03       6.209642e-03
         540       3.438111e+00       8.242335e-01       1.375801e+00       1.086027e-02       5.457430e-03       7.584696e-03
         550       3.412182e+00       8.185093e-01       1.365514e+00       1.347325e-02       9.706948e-03       1.168264e-02
         560       3.399085e+00       8.203708e-01       1.360425e+00       2.579174e-02       1.065338e-02       1.915191e-02
         570       3.408173e+00       8.177846e-01       1.363947e+00       1.388830e-02       6.465243e-03       8.964249e-03
         580       3.433477e+00       8.211709e-01       1.374130e+00       1.098539e-02       8.065830e-03       9.789120e-03
         590       3.469065e+00       8.256053e-01       1.388504e+00       1.504629e-02       9.365901e-03       1.271554e-02
         600       3.497217e+00       8.340695e-01       1.399715e+00       2.012160e-02       1.173406e-02       1.547110e-02
         610       3.509315e+00       8.409904e-01       1.404394e+00       2.092839e-02       7.662459e-03       1.418298e-02
         620       3.497907e+00       8.338625e-01       1.400047e+00       1.742019e-02       1.315203e-02       1.505610e-02
         630       3.457964e+00       8.178742e-01       1.384076e+00       1.993290e-02       1.307007e-02       1.551088e-02
         640       3.411542e+00       8.124981e-01       1.365201e+00       1.266001e-02       7.008885e-03       9.380711e-03
         650       3.374794e+00       8.093321e-01       1.350728e+00       4.642669e-02       1.669583e-02       3.254965e-02
         660       3.377033e+00       8.079601e-01       1.351394e+00       1.802655e-02       9.570816e-03       1.266948e-02
         670       3.403988e+00       8.100227e-01       1.362584e+00       2.358445e-02       1.211521e-02       1.801983e-02
         680       3.453795e+00       8.195379e-01       1.382460e+00       1.498268e-02       8.903179e-03       1.299323e-02
         690       3.497811e+00       8.432740e-01       1.399645e+00       2.257887e-02       1.189017e-02       1.592073e-02
         700       3.521456e+00       8.516379e-01       1.408921e+00       2.575648e-02       1.502057e-02       1.934057e-02
         710       3.508231e+00       8.408860e-01       1.403706e+00       1.666164e-02       1.268748e-02       1.509703e-02
         720       3.463943e+00       8.382890e-01       1.385785e+00       1.641956e-02       8.082054e-03       1.279319e-02
         730       3.422945e+00       8.461377e-01       1.369237e+00       9.211920e-03       6.657246e-03       8.604592e-03
         740       3.397080e+00       8.316062e-01       1.358986e+00       1.724241e-02       1.178647e-02       1.456151e-02
         750       3.398786e+00       8.351117e-01       1.359590e+00       9.199271e-03       6.363962e-03       8.205419e-03
         760       3.414307e+00       8.387810e-01       1.365807e+00       1.326016e-02       7.162195e-03       9.802978e-03
         770       3.442555e+00       8.467144e-01       1.377098e+00       8.530412e-03       7.108941e-03       8.154444e-03
         780       3.473581e+00       8.593581e-01       1.389481e+00       1.059730e-02       6.359140e-03       8.871428e-03
         790       3.496625e+00       8.658949e-01       1.398690e+00       1.014091e-02       7.741515e-03       8.657522e-03
         800       3.504982e+00       8.632049e-01       1.402084e+00       8.576868e-03       6.845958e-03       7.777336e-03
         810       3.493102e+00       8.599814e-01       1.397350e+00       1.354590e-02       1.053079e-02       1.186262e-02
         820       3.465584e+00       8.510972e-01       1.386294e+00       9.018333e-03       4.592410e-03       7.548796e-03
         830       3.430208e+00       8.471456e-01       1.372118e+00       1.153635e-02       8.073974e-03       9.600519e-03
         840       3.405116e+00       8.397116e-01       1.362096e+00       1.119527e-02       8.170914e-03       1.004284e-02
         850       3.393218e+00       8.281266e-01       1.357412e+00       1.538543e-02       8.929427e-03       1.232927e-02
         860       3.401887e+00       8.269991e-01       1.360889e+00       1.806417e-02       9.223375e-03       1.307805e-02
         870       3.434386e+00       8.361324e-01       1.373853e+00       9.330329e-03       8.320738e-03       8.992650e-03
         880       3.472724e+00       8.444653e-01       1.389250e+00       1.673444e-02       1.103295e-02       1.427157e-02
         890       3.507792e+00       8.518089e-01       1.403278e+00       1.273060e-02       7.228993e-03       1.006554e-02
         900       3.517374e+00       8.545254e-01       1.407109e+00       2.483842e-02       1.108198e-02       1.755456e-02
         910       3.495923e+00       8.469432e-01       1.398560e+00       1.423117e-02       1.132648e-02       1.231704e-02
         920       3.447511e+00       8.324214e-01       1.379350e+00       1.935542e-02       1.518949e-02       1.769004e-02
         930       3.405143e+00       8.090603e-01       1.362558e+00       1.446850e-02       9.152115e-03       1.185115e-02
         940       3.377524e+00       8.113694e-01       1.351460e+00       2.436621e-02       1.772631e-02       2.194353e-02
         950       3.380537e+00       8.085732e-01       1.352763e+00       3.578003e-02       1.402349e-02       2.660247e-02
         960       3.419158e+00       8.123860e-01       1.368166e+00       1.420754e-02       1.122637e-02       1.276415e-02
         970       3.463084e+00       8.195597e-01       1.385783e+00       1.745330e-02       1.213079e-02       1.456458e-02
         980       3.506302e+00       8.395603e-01       1.402904e+00       1.338977e-02       7.339606e-03       1.021857e-02
         990       3.524495e+00       8.500140e-01       1.410156e+00       3.845275e-02       1.506252e-02       2.576345e-02
        1000       3.508750e+00       8.421021e-01       1.403879e+00       1.827777e-02       1.136839e-02       1.339674e-02
        1010       3.469075e+00       8.220056e-01       1.388149e+00       1.425161e-02       1.095235e-02       1.260877e-02
        1020       3.434267e+00       8.132757e-01       1.374263e+00       1.098977e-02       7.993711e-03       9.974059e-03
        1030       3.408721e+00       8.183342e-01       1.363820e+00       1.427732e-02       1.106697e-02       1.315404e-02
        1040       3.401561e+00       8.197587e-01       1.360866e+00       1.823667e-02       9.156663e-03       1.353445e-02
        1050       3.414471e+00       8.225496e-01       1.366030e+00       1.052600e-02       6.546077e-03       7.889748e-03
        1060       3.437721e+00       8.299400e-01       1.375332e+00       1.262192e-02       9.310502e-03       1.098356e-02
        1070       3.467315e+00       8.446865e-01       1.387101e+00       9.255761e-03       6.342748e-03       8.409464e-03
        1080       3.491836e+00       8.593864e-01       1.396813e+00       9.499954e-03       5.703024e-03       7.868146e-03
        1090       3.504488e+00       8.638696e-01       1.401887e+00       9.563965e-03       6.250219e-03       7.669777e-03
        1100       3.499975e+00       8.585071e-01       1.400151e+00       1.337469e-02       8.366522e-03       1.066416e-02
        1110       3.479487e+00       8.530421e-01       1.391937e+00       1.012479e-02       6.803878e-03       8.304847e-03
        1120       3.447822e+00       8.509644e-01       1.379170e+00       8.628190e-03       5.974105e-03       7.813756e-03
        1130       3.415879e+00       8.426937e-01       1.366401e+00       1.158634e-02       9.320227e-03       1.079850e-02
        1140       3.397678e+00       8.355649e-01       1.359164e+00       1.092670e-02       6.876173e-03       9.746326e-03
        1150       3.395092e+00       8.346353e-01       1.358165e+00       2.035305e-02       7.964929e-03       1.567498e-02
        1160       3.417859e+00       8.469582e-01       1.367177e+00       6.825924e-03       5.941728e-03       6.451155e-03
        1170       3.451808e+00       8.553825e-01       1.380773e+00       1.320164e-02       9.643071e-03       1.170517e-02
        1180       3.489851e+00       8.587478e-01       1.396047e+00       1.454146e-02       5.496763e-03       1.133088e-02
        1190       3.516392e+00       8.685966e-01       1.406653e+00       2.017870e-02       1.050185e-02       1.338131e-02
        1200       3.516643e+00       8.695908e-01       1.406724e+00       1.790977e-02       9.657743e-03       1.281507e-02
        1210       3.488787e+00       8.640343e-01       1.395615e+00       1.369540e-02       6.870835e-03       1.121627e-02
        1220       3.440978e+00       8.465167e-01       1.376561e+00       2.022153e-02       1.146793e-02       1.672605e-02
        1230       3.399786e+00       8.262591e-01       1.360076e+00       8.184199e-03       7.012511e-03       7.659781e-03
        1240       3.372955e+00       8.132404e-01       1.349533e+00       2.876294e-02       1.074831e-02       2.205164e-02
        1250       3.385074e+00       8.189823e-01       1.354270e+00       1.734456e-02       1.158707e-02       1.537880e-02
        1260       3.414313e+00       8.374515e-01       1.365994e+00       2.185431e-02       1.234757e-02       1.741506e-02
        1270       3.457720e+00       8.456638e-01       1.383277e+00       1.143175e-02       7.971992e-03       1.007620e-02
        1280       3.504383e+00       8.517890e-01       1.401965e+00       1.539719e-02       9.340676e-03       1.201452e-02
        1290       3.525879e+00       8.595659e-01       1.410609e+00       2.918538e-02       1.832080e-02       2.210883e-02
        1300       3.511429e+00       8.519132e-01       1.404769e+00       1.287279e-02       8.671372e-03       1.073304e-02
        1310       3.471538e+00       8.393853e-01       1.388840e+00       1.714487e-02       7.633242e-03       1.122642e-02
        1320       3.432620e+00       8.211883e-01       1.373418e+00       1.248798e-02       8.983186e-03       1.170953e-02
        1330       3.400251e+00       8.096781e-01       1.360545e+00       2.203425e-02       9.990069e-03       1.802086e-02
        1340       3.394047e+00       8.141251e-01       1.357898e+00       1.240454e-02       9.922953e-03       1.075120e-02
        1350       3.407531e+00       8.249897e-01       1.363286e+00       1.561973e-02       7.926772e-03       1.098578e-02
        1360       3.436025e+00       8.347322e-01       1.374677e+00       1.328397e-02       9.914124e-03       1.149201e-02
        1370       3.467929e+00       8.468090e-01       1.387381e+00       1.100754e-02       7.033583e-03       9.279107e-03
        1380       3.491066e+00       8.568268e-01       1.396546e+00       1.199473e-02       5.759701e-03       7.936652e-03
        1390       3.501804e+00       8.624342e-01       1.400849e+00       8.419035e-03       4.674870e-03       6.198310e-03
        1400       3.496759e+00       8.594422e-01       1.398895e+00       1.135157e-02       8.007808e-03       1.011536e-02
        1410       3.476772e+00       8.512643e-01       1.390918e+00       9.823106e-03       4.301231e-03       7.961489e-03
        1420       3.448060e+00       8.447062e-01       1.379339e+00       7.480757e-03       4.878863e-03       6.134185e-03
        1430       3.423089e+00       8.376535e-01       1.369356e+00       9.206942e-03       7.369719e-03       8.242153e-03
        1440       3.406440e+00       8.346819e-01       1.362818e+00       1.319529e-02       8.970459e-03       1.117806e-02
        1450       3.404199e+00       8.312839e-01       1.361945e+00       1.915038e-02       7.399758e-03       1.309769e-02
        1460       3.423070e+00       8.281925e-01       1.369410e+00       7.218174e-03       3.609430e-03       5.048038e-03
        1470       3.452894e+00       8.375197e-01       1.381341e+00       1.358187e-02       8.272753e-03       1.091414e-02
        1480       3.487239e+00       8.448852e-01       1.395159e+00       1.298447e-02       3.767950e-03       1.029628e-02
        1490       3.508119e+00       8.474517e-01       1.403583e+00       1.903125e-02       9.465477e-03       1.274528e-02
        1500       3.506622e+00       8.462171e-01       1.403005e+00       1.070737e-02       6.650981e-03       8.226323e-03
        1510       3.482545e+00       8.404345e-01       1.393374e+00       1.876147e-02       1.206362e-02       1.463249e-02
        1520       3.444655e+00       8.356929e-01       1.378183e+00       1.552784e-02       1.147155e-02       1.273385e-02
        1530       3.404133e+00       8.298567e-01       1.362048e+00       1.470967e-02       9.284074e-03       1.224672e-02
        1540       3.382517e+00       8.243264e-01       1.353472e+00       3.099223e-02       1.265765e-02       1.886300e-02
        1550       3.395624e+00       8.234725e-01       1.358610e+00       1.458717e-02       1.120774e-02       1.279628e-02
        1560       3.421425e+00       8.309126e-01       1.368901e+00       2.278888e-02       9.745974e-03       1.696424e-02
        1570       3.462319e+00       8.376465e-01       1.385170e+00       6.605997e-03       4.269562e-03       5.464710e-03
        1580       3.498265e+00       8.447475e-01       1.399837e+00       2.295338e-02       1.161845e-02       1.578522e-02
        1590       3.515023e+00       8.481394e-01       1.406772e+00       2.402330e-02       1.652111e-02       1.918505e-02
        1600       3.500104e+00       8.401819e-01       1.400671e+00       2.991016e-02       1.163215e-02       1.759624e-02
        1610       3.460880e+00       8.364491e-01       1.384930e+00       9.845331e-03       6.649291e-03       8.816506e-03
        1620       3.418053e+00       8.235784e-01       1.368049e+00       1.548522e-02       1.009392e-02       1.310177e-02
        1630       3.388806e+00       8.149329e-01       1.356567e+00       3.500329e-02       1.578570e-02       2.332075e-02
        1640       3.387839e+00       8.206256e-01       1.355938e+00       1.737789e-02       9.585593e-03       1.211664e-02
        1650       3.404719e+00       8.229387e-01       1.362500e+00       2.146388e-02       1.241373e-02       1.660036e-02
        1660       3.447278e+00       8.333263e-01       1.379452e+00       1.274530e-02       7.936167e-03       1.115531e-02
        1670       3.485631e+00       8.363132e-01       1.395036e+00       2.145011e-02       1.479227e-02       1.711834e-02
        1680       3.505634e+00       8.468682e-01       1.402932e+00       1.854996e-02       5.969810e-03       1.196294e-02
        1690       3.505725e+00       8.448741e-01       1.402846e+00       2.706750e-02       6.848765e-03       1.352843e-02
        1700       3.483462e+00       8.418801e-01       1.393985e+00       1.584925e-02       1.258580e-02       1.395787e-02
        1710       3.448232e+00       8.297058e-01       1.379911e+00       1.008963e-02       7.978519e-03       9.485962e-03
        1720       3.418673e+00       8.181327e-01       1.368133e+00       1.772938e-02       5.277212e-03       9.124980e-03
        1730       3.406416e+00       8.238871e-01       1.363131e+00       1.360507e-02       9.341940e-03       1.068266e-02
        1740       3.407934e+00       8.234545e-01       1.363659e+00       1.728169e-02       1.155654e-02       1.339990e-02
        1750       3.426295e+00       8.296505e-01       1.370941e+00       1.076669e-02       8.916743e-03       9.721535e-03
        1760       3.452708e+00       8.249508e-01       1.381561e+00       1.047153e-02       3.142955e-03       5.857696e-03
        1770       3.481655e+00       8.358151e-01       1.393151e+00       8.901908e-03       6.577231e-03       7.700530e-03
        1780       3.504715e+00       8.473604e-01       1.402369e+00       1.860388e-02       1.066549e-02       1.339137e-02
        1790       3.506509e+00       8.462079e-01       1.403073e+00       2.327640e-02       9.135708e-03       1.364062e-02
        1800       3.486802e+00       8.330208e-01       1.395292e+00       7.399111e-03       4.361825e-03       5.908444e-03
        1810       3.455941e+00       8.163210e-01       1.383191e+00       1.616013e-02       9.163597e-03       1.263047e-02
        1820       3.422041e+00       8.160721e-01       1.369605e+00       1.447412e-02       1.226619e-02       1.375727e-02
        1830       3.388987e+00       8.096974e-01       1.356381e+00       2.181357e-02       1.287058e-02       1.782683e-02
        1840       3.385277e+00       8.025713e-01       1.354929e+00       1.721435e-02       1.106980e-02       1.312911e-02
        1850       3.407513e+00       7.920629e-01       1.364282e+00       2.857714e-02       1.470555e-02       2.035943e-02
        1860       3.450005e+00       8.071467e-01       1.381143e+00       1.631364e-02       1.170124e-02       1.378065e-02
        1870       3.499361e+00       8.294390e-01       1.400630e+00       2.605317e-02       8.490146e-03       1.463304e-02
        1880       3.525191e+00       8.355567e-01       1.410987e+00       5.276849e-02       1.438764e-02       2.955466e-02
        1890       3.514407e+00       8.257870e-01       1.406969e+00       2.810994e-02       1.611172e-02       2.091832e-02
        1900       3.475195e+00       8.052170e-01       1.391397e+00       3.784238e-02       1.640532e-02       2.283513e-02
        1910       3.428483e+00       8.087755e-01       1.372268e+00       1.059895e-02       4.522655e-03       7.366982e-03
        1920       3.391057e+00       8.028848e-01       1.357398e+00       2.521918e-02       1.263055e-02       2.075438e-02
        1930       3.385849e+00       7.987665e-01       1.355408e+00       2.190386e-02       1.500643e-02       1.774398e-02
        1940       3.396662e+00       7.887667e-01       1.360005e+00       3.099132e-02       1.441039e-02       1.887449e-02
        1950       3.432857e+00       8.020192e-01       1.374185e+00       1.477818e-02       4.177573e-03       7.798193e-03
        1960       3.480604e+00       8.295196e-01       1.392989e+00       1.399586e-02       1.081476e-02       1.245254e-02
        1970       3.511816e+00       8.407032e-01       1.405405e+00       3.511838e-02       1.672715e-02       2.244130e-02
        1980       3.515416e+00       8.354310e-01       1.406845e+00       1.859742e-02       7.388841e-03       1.263899e-02
        1990       3.496184e+00       8.232670e-01       1.399144e+00       2.388351e-02       7.544091e-03       1.268161e-02
        2000       3.464316e+00       8.267432e-01       1.386296e+00       1.216367e-02       4.611475e-03       1.016971e-02
        2010       3.428635e+00       8.220768e-01       1.371933e+00       1.729403e-02       8.078665e-03       1.334033e-02
        2020       3.405303e+00       8.135330e-01       1.362591e+00       1.210369e-02       5.886941e-03       8.477689e-03
        2030       3.397455e+00       8.003701e-01       1.359702e+00       1.891455e-02       6.743101e-03       1.129074e-02
        2040       3.413754e+00       8.055895e-01       1.366213e+00       1.424073e-02       9.773680e-03       1.241108e-02
        2050       3.443170e+00       8.261132e-01       1.377684e+00       1.126320e-02       7.421303e-03       1.011634e-02
        2060       3.471467e+00       8.369155e-01       1.388872e+00       1.132188e-02       5.592069e-03       7.655889e-03
        2070       3.494076e+00       8.394532e-01       1.397999e+00       8.167203e-03       5.627690e-03       6.813576e-03
        2080       3.502749e+00       8.373120e-01       1.401516e+00       1.375242e-02       8.393733e-03       1.159378e-02
        2090       3.494494e+00       8.421191e-01       1.398137e+00       9.489430e-03       5.930076e-03       7.817574e-03
        2100       3.474419e+00       8.426383e-01       1.389972e+00       8.643555e-03       3.944556e-03       5.689837e-03
        2110       3.451201e+00       8.363435e-01       1.380698e+00       7.624072e-03       5.626654e-03       6.784641e-03
        2120       3.429419e+00       8.235417e-01       1.372114e+00       1.038093e-02       7.907266e-03       9.304248e-03
        2130       3.415868e+00       8.195613e-01       1.366685e+00       9.884637e-03       6.446270e-03       8.332002e-03
        2140       3.415441e+00       8.292543e-01       1.366350e+00       7.994159e-03       3.066255e-03       4.924193e-03
        2150       3.427204e+00       8.358821e-01       1.371023e+00       9.825416e-03       5.698312e-03       7.535209e-03
        2160       3.451638e+00       8.391509e-01       1.380896e+00       1.151566e-02       6.330204e-03       1.003714e-02
        2170       3.479301e+00       8.380928e-01       1.392034e+00       1.232055e-02       8.153450e-03       9.601112e-03
        2180       3.503782e+00       8.484149e-01       1.401838e+00       7.669922e-03       3.468767e-03       5.659530e-03
        2190       3.513203e+00       8.514760e-01       1.405607e+00       1.857200e-02       1.032822e-02       1.401710e-02
        2200       3.496986e+00       8.486822e-01       1.399168e+00       1.495237e-02       1.220639e-02       1.350457e-02
        2210       3.459378e+00       8.282837e-01       1.384239e+00       8.367883e-03       6.455685e-03       7.493353e-03
        2220       3.420571e+00       8.140784e-01       1.368778e+00       1.884570e-02       5.047002e-03       1.130432e-02
        2230       3.397816e+00       8.225816e-01       1.359470e+00       1.251531e-02       1.109103e-02       1.191047e-02
        2240       3.386555e+00       8.237196e-01       1.354955e+00       2.261212e-02       1.131667e-02       1.845100e-02
        2250       3.404669e+00       8.265332e-01       1.362062e+00       8.720983e-03       6.249745e-03       7.315631e-03
        2260       3.438700e+00       8.223327e-01       1.375911e+00       1.781359e-02       4.630895e-03       1.075067e-02
        2270       3.486187e+00       8.379680e-01       1.395110e+00       1.668984e-02       7.353383e-03       1.418594e-02
        2280       3.518353e+00       8.507627e-01       1.407857e+00       2.292925e-02       1.357528e-02       1.789088e-02
        2290       3.514341e+00       8.460684e-01       1.406272e+00       3.462652e-02       7.599511e-03       1.933278e-02
        2300       3.484423e+00       8.275358e-01       1.394657e+00       1.539679e-02       8.624442e-03       1.126247e-02
        2310       3.439833e+00       8.085568e-01       1.377112e+00       2.619952e-02       1.237739e-02       2.030724e-02
        2320       3.400631e+00       8.096447e-01       1.361139e+00       1.449557e-02       1.056369e-02       1.159772e-02
        2330       3.371797e+00       8.076630e-01       1.349669e+00       4.056063e-02       2.084721e-02       3.168321e-02
        2340       3.390127e+00       8.103528e-01       1.356784e+00       1.680646e-02       1.385773e-02       1.548491e-02
        2350       3.424033e+00       8.046515e-01       1.370755e+00       2.694400e-02       1.039087e-02       1.863837e-02
        2360       3.468790e+00       8.217459e-01       1.388416e+00       1.547476e-02       1.051270e-02       1.185240e-02
        2370       3.507791e+00       8.420502e-01       1.403767e+00       2.668807e-02       8.730862e-03       1.500426e-02
        2380       3.514396e+00       8.428331e-01       1.406584e+00       4.746292e-02       1.417678e-02       2.608266e-02
        2390       3.489194e+00       8.330789e-01       1.396518e+00       1.754350e-02       9.506014e-03       1.252813e-02
        2400       3.453318e+00       8.198064e-01       1.382111e+00       1.476473e-02       5.497933e-03       8.361295e-03
        2410       3.423444e+00       8.245936e-01       1.370009e+00       1.123355e-02       9.971741e-03       1.071598e-02
        2420       3.403959e+00       8.279956e-01       1.362191e+00       2.533805e-02       1.094869e-02       1.772740e-02
        2430       3.405326e+00       8.255840e-01       1.362665e+00       1.338035e-02       9.883363e-03       1.120627e-02
        2440       3.421154e+00       8.233769e-01       1.368998e+00       1.353545e-02       4.419701e-03       7.439633e-03
        2450       3.449412e+00       8.349046e-01       1.380220e+00       8.556414e-03       7.546520e-03       8.067376e-03
        2460       3.479993e+00       8.450748e-01       1.392417e+00       1.083302e-02       8.393500e-03       9.855900e-03
        2470       3.498892e+00       8.445895e-01       1.399958e+00       1.956936e-02       7.874171e-03       1.121448e-02
        2480       3.501465e+00       8.470269e-01       1.401022e+00       1.073209e-02       5.356124e-03       8.124024e-03
        2490       3.489129e+00       8.462980e-01       1.396167e+00       1.369744e-02       1.088001e-02       1.224996e-02
        2500       3.462395e+00       8.313271e-01       1.385494e+00       1.285666e-02       4.732783e-03       1.057548e-02
        2510       3.427967e+00       8.136280e-01       1.371740e+00       1.152156e-02       6.978578e-03       9.167122e-03
        2520       3.403136e+00       8.088997e-01       1.361876e+00       1.241745e-02       7.022173e-03       1.010379e-02
        2530       3.394956e+00       8.095405e-01       1.358711e+00       1.917499e-02       1.107991e-02       1.589642e-02
        2540       3.409173e+00       8.128702e-01       1.364346e+00       1.732753e-02       8.973606e-03       1.318557e-02
        2550       3.442511e+00       8.112439e-01       1.377650e+00       6.248776e-03       3.862357e-03       4.792803e-03
        2560       3.483127e+00       8.124291e-01       1.394048e+00       2.800950e-02       1.225148e-02       1.703763e-02
        2570       3.516089e+00       8.301371e-01       1.407246e+00       2.227504e-02       1.608601e-02       1.804748e-02
        2580       3.518303e+00       8.340135e-01       1.408021e+00       4.558059e-02       1.954640e-02       3.023792e-02
        2590       3.490512e+00       8.207858e-01       1.396848e+00       9.811396e-03       6.943851e-03       7.847642e-03
        2600       3.447647e+00       8.008514e-01       1.380037e+00       1.986684e-02       1.211198e-02       1.505243e-02
        2610       3.409939e+00       7.916403e-01       1.365011e+00       2.107519e-02       1.438966e-02       1.669899e-02
        2620       3.382642e+00       7.918799e-01       1.353937e+00       2.546604e-02       1.155410e-02       1.625092e-02
        2630       3.391570e+00       8.015970e-01       1.357402e+00       2.409542e-02       7.242818e-03       1.606752e-02
        2640       3.426080e+00       8.039133e-01       1.371204e+00       1.534905e-02       7.914706e-03       1.356494e-02
        2650       3.464254e+00       8.129605e-01       1.386384e+00       2.157520e-02       1.149860e-02       1.634316e-02
        2660       3.501980e+00       8.422748e-01       1.401125e+00       9.014345e-03       5.898840e-03       7.298256e-03
        2670       3.519125e+00       8.532015e-01       1.407917e+00       3.919474e-02       1.136562e-02       2.185520e-02
        2680       3.508808e+00       8.491482e-01       1.403839e+00       1.304392e-02       6.490934e-03       1.124680e-02
        2690       3.472640e+00       8.277542e-01       1.389461e+00       1.543862e-02       9.749644e-03       1.243270e-02
        2700       3.433667e+00       8.168490e-01       1.373817e+00       6.172710e-03       2.633738e-03       4.197801e-03
        2710       3.404204e+00       8.161949e-01       1.362022e+00       1.537887e-02       7.858446e-03       1.176162e-02
        2720       3.396531e+00       8.153658e-01       1.359021e+00       2.123366e-02       1.257828e-02       1.641004e-02
        2730       3.408651e+00       8.082906e-01       1.363852e+00       1.064100e-02       5.698219e-03       9.119185e-03
        2740       3.433452e+00       8.111871e-01       1.373761e+00       9.454942e-03       2.170653e-03       5.835210e-03
        2750       3.471099e+00       8.341258e-01       1.388688e+00       1.097333e-02       3.721326e-03       9.261836e-03
        2760       3.500005e+00       8.484845e-01       1.400201e+00       2.440974e-02       1.221253e-02       1.699553e-02
        2770       3.509693e+00       8.507806e-01       1.404004e+00       8.129735e-03       5.891973e-03       6.936138e-03
        2780       3.497540e+00       8.370835e-01       1.399212e+00       1.426809e-02       3.696529e-03       7.423319e-03
        2790       3.471955e+00       8.298123e-01       1.389052e+00       1.218705e-02       9.028734e-03       1.036725e-02
        2800       3.439946e+00       8.275145e-01       1.376165e+00       1.172375e-02       7.491105e-03       1.026035e-02
        2810       3.411944e+00       8.184682e-01       1.364967e+00       1.427811e-02       5.185565e-03       1.126979e-02
        2820       3.401080e+00       8.036743e-01       1.360788e+00       8.104776e-03       3.820109e-03       5.003840e-03
        2830       3.407207e+00       7.963576e-01       1.363523e+00       1.870236e-02       1.197736e-02       1.577053e-02
        2840       3.434507e+00       8.110519e-01       1.374244e+00       1.350807e-02       8.107316e-03       1.220897e-02
        2850       3.469308e+00       8.291320e-01       1.387953e+00       1.930162e-02       7.383752e-03       1.256112e-02
        2860       3.506515e+00       8.439872e-01       1.402831e+00       1.193138e-02       8.547004e-03       1.021195e-02
        2870       3.522055e+00       8.380439e-01       1.409265e+00       2.210603e-02       1.634696e-02       1.953585e-02
        2880       3.500799e+00       8.347682e-01       1.400657e+00       2.130751e-02       1.243975e-02       1.575635e-02
        2890       3.455578e+00       8.357031e-01       1.382335e+00       7.319574e-03       5.621884e-03       6.503330e-03
        2900       3.406445e+00       8.264651e-01       1.362939e+00       3.229042e-02       1.438581e-02       2.412015e-02
        2910       3.381514e+00       8.065500e-01       1.352966e+00       1.631629e-02       7.694267e-03       1.387605e-02
        2920       3.373923e+00       7.957271e-01       1.350335e+00       4.024458e-02       2.043777e-02       2.935235e-02
        2930       3.409174e+00       8.244994e-01       1.363816e+00       8.966581e-03       5.096340e-03       6.751461e-03
        2940       3.457687e+00       8.509228e-01       1.383242e+00       1.730680e-02       9.570191e-03       1.498259e-02
        2950       3.504792e+00       8.512260e-01       1.402252e+00       2.040596e-02       1.258366e-02       1.688951e-02
        2960       3.516469e+00       8.518412e-01       1.406810e+00       1.860490e-02       1.136961e-02       1.418292e-02
        2970       3.495556e+00       8.520431e-01       1.398403e+00       1.959421e-02       6.752538e-03       1.165143e-02
        2980       3.460305e+00       8.367489e-01       1.384533e+00       1.445128e-02       7.072559e-03       1.230348e-02
        2990       3.424127e+00       8.192548e-01       1.370146e+00       1.664666e-02       1.323382e-02       1.508314e-02
        3000       3.402310e+00       8.261197e-01       1.361104e+00       9.225613e-03       7.381052e-03       8.018108e-03
        3010       3.395990e+00       8.334772e-01       1.358516e+00       1.597823e-02       1.115624e-02       1.379972e-02
        3020       3.414938e+00       8.378777e-01       1.366072e+00       8.722081e-03       6.885738e-03       7.914699e-03
        3030       3.443714e+00       8.383337e-01       1.377708e+00       1.269856e-02       1.003137e-02       1.113732e-02
        3040       3.476063e+00       8.454119e-01       1.390653e+00       9.732246e-03       7.809770e-03       8.784463e-03
        3050       3.499309e+00       8.518573e-01       1.399856e+00       9.038085e-03       4.060122e-03       6.261738e-03
        3060       3.503686e+00       8.539182e-01       1.401657e+00       1.972478e-02       9.763399e-03       1.372166e-02
        3070       3.488208e+00       8.466010e-01       1.395582e+00       1.234485e-02       5.077295e-03       1.002743e-02
        3080       3.457758e+00       8.367017e-01       1.383385e+00       1.200331e-02       7.331306e-03       9.460461e-03
        3090       3.427599e+00       8.371174e-01       1.371190e+00       7.603333e-03       6.274726e-03       6.737125e-03
        3100       3.403209e+00       8.375694e-01       1.361405e+00       1.503467e-02       1.195645e-02       1.315272e-02
        3110       3.398429e+00       8.373889e-01       1.359450e+00       1.243118e-02       9.380396e-03       1.084172e-02
        3120       3.411609e+00       8.330573e-01       1.364785e+00       1.213612e-02       6.970066e-03       9.277997e-03
        3130       3.443033e+00       8.409566e-01       1.377362e+00       1.124005e-02       4.734234e-03       8.380787e-03
        3140       3.482065e+00       8.546516e-01       1.392960e+00       1.170280e-02       2.850964e-03       9.318559e-03
        3150       3.505038e+00       8.586848e-01       1.402261e+00       3.122921e-02       1.307990e-02       1.994414e-02
        3160       3.504684e+00       8.543009e-01       1.402180e+00       9.725248e-03       6.260909e-03       8.086449e-03
        3170       3.480777e+00       8.379703e-01       1.392757e+00       1.788062e-02       9.376848e-03       1.269520e-02
        3180       3.446603e+00       8.343646e-01       1.379090e+00       1.330861e-02       5.873265e-03       1.135454e-02
        3190       3.406002e+00       8.296721e-01       1.362793e+00       1.964042e-02       1.485491e-02       1.751371e-02
        3200       3.383385e+00       8.189964e-01       1.353727e+00       1.702558e-02       9.465138e-03       1.325052e-02
        3210       3.388201e+00       8.079640e-01       1.355861e+00       1.923914e-02       1.042750e-02       1.413571e-02
        3220       3.419339e+00       8.109066e-01       1.368462e+00       2.695803e-02       1.080641e-02       2.014869e-02
        3230       3.470343e+00       8.384714e-01       1.388692e+00       1.304300e-02       5.878233e-03       1.058730e-02
        3240       3.504413e+00       8.445108e-01       1.402604e+00       5.604661e-02       1.268261e-02       2.969287e-02
        3250       3.511413e+00       8.403022e-01       1.405553e+00       2.825867e-02       7.759254e-03       1.652052e-02
        3260       3.485853e+00       8.184225e-01       1.395681e+00       3.919625e-02       1.439971e-02       2.522103e-02
        3270       3.444489e+00       8.178849e-01       1.378872e+00       1.860695e-02       9.665280e-03       1.431363e-02
        3280       3.401585e+00       8.165324e-01       1.361574e+00       2.024278e-02       9.323980e-03       1.502071e-02
        3290       3.384798e+00       8.096692e-01       1.355054e+00       1.949529e-02       1.123822e-02       1.639475e-02
        3300       3.395576e+00       8.031464e-01       1.359417e+00       2.081998e-02       1.509614e-02       1.684964e-02
        3310       3.425277e+00       8.072255e-01       1.371162e+00       2.312522e-02       9.470568e-03       1.577669e-02
        3320       3.466049e+00       8.342883e-01       1.387109e+00       8.485732e-03       4.974452e-03       7.137865e-03
        3330       3.496177e+00       8.432419e-01       1.399081e+00       2.872120e-02       9.710905e-03       1.603226e-02
        3340       3.508167e+00       8.496189e-01       1.403883e+00       1.658003e-02       1.027859e-02       1.223452e-02
        3350       3.497101e+00       8.394392e-01       1.399433e+00       1.740577e-02       9.521908e-03       1.263091e-02
        3360       3.471510e+00       8.403833e-01       1.389056e+00       5.903451e-03       4.986972e-03       5.536517e-03
        3370       3.441668e+00       8.273272e-01       1.377124e+00       1.020961e-02       6.341018e-03       8.907411e-03
        3380       3.416701e+00       8.183184e-01       1.367250e+00       1.448675e-02       8.317576e-03       1.117810e-02
        3390       3.403260e+00       8.189424e-01       1.361896e+00       1.458855e-02       9.486526e-03       1.067126e-02
        3400       3.407392e+00       8.194524e-01       1.363633e+00       1.939165e-02       7.761691e-03       1.308385e-02
        3410       3.432806e+00       8.190242e-01       1.373733e+00       1.049495e-02       8.145615e-03       9.587879e-03
        3420       3.464166e+00       8.237639e-01       1.386302e+00       1.466303e-02       1.069697e-02       1.303431e-02
        3430       3.494720e+00       8.306557e-01       1.398535e+00       1.227796e-02       8.105604e-03       9.354760e-03
        3440       3.511288e+00       8.374068e-01       1.405150e+00       2.507192e-02       9.880511e-03       1.641198e-02
        3450       3.507182e+00       8.334532e-01       1.403578e+00       2.089769e-02       1.084838e-02       1.594435e-02
        3460       3.478278e+00       8.151413e-01       1.392224e+00       1.579064e-02       1.363965e-02       1.465360e-02
        3470       3.428992e+00       8.027124e-01       1.372502e+00       1.618924e-02       5.201782e-03       1.023742e-02
        3480       3.388267e+00       7.967459e-01       1.356223e+00       1.819662e-02       1.018271e-02       1.229179e-02
        3490       3.369434e+00       7.924300e-01       1.349303e+00       5.917345e-02       2.127472e-02       3.783252e-02
        3500       3.392524e+00       7.957787e-01       1.358011e+00       1.702974e-02       1.557016e-02       1.622642e-02
        3510       3.429700e+00       8.080548e-01       1.372810e+00       2.166230e-02       8.861076e-03       1.270264e-02
        3520       3.483028e+00       8.273143e-01       1.394033e+00       1.217660e-02       1.007454e-02       1.115675e-02
        3530       3.519403e+00       8.517263e-01       1.408415e+00       3.201013e-02       1.676300e-02       2.429321e-02
        3540       3.525048e+00       8.540632e-01       1.410530e+00       2.720638e-02       1.250012e-02       2.005779e-02
        3550       3.497518e+00       8.423061e-01       1.399456e+00       1.520545e-02       7.457210e-03       9.891707e-03
        3560       3.450858e+00       8.383401e-01       1.380721e+00       1.748289e-02       1.286986e-02       1.493342e-02
        3570       3.407676e+00       8.260521e-01       1.363465e+00       1.747431e-02       1.113158e-02       1.527317e-02
        3580       3.377275e+00       8.197869e-01       1.351495e+00       3.797239e-02       1.410626e-02       2.749636e-02
        3590       3.382755e+00       8.172865e-01       1.353428e+00       1.326243e-02       6.263595e-03       8.587351e-03
        3600       3.409759e+00       8.218907e-01       1.364422e+00       2.020877e-02       8.335059e-03       1.549625e-02
        3610       3.453315e+00       8.376933e-01       1.381737e+00       1.367729e-02       5.628492e-03       1.178339e-02
        3620       3.491233e+00       8.518462e-01       1.396740e+00       1.301037e-02       7.859323e-03       9.800683e-03
        3630       3.516347e+00       8.569833e-01       1.406787e+00       1.613833e-02       8.850732e-03       1.260854e-02
        3640       3.516964e+00       8.507441e-01       1.407127e+00       1.718227e-02       1.099775e-02       1.352497e-02
        3650       3.489876e+00       8.436893e-01       1.396267e+00       1.935842e-02       1.370655e-02       1.586831e-02
        3660       3.449140e+00       8.422953e-01       1.379889e+00       7.710805e-03       5.970262e-03       7.017835e-03
        3670       3.410559e+00       8.345433e-01       1.364550e+00       1.988981e-02       1.229839e-02       1.626386e-02
        3680       3.392288e+00       8.221243e-01       1.357293e+00       1.624795e-02       1.244053e-02       1.463930e-02
        3690       3.389740e+00       8.186659e-01       1.356394e+00       1.936664e-02       8.002614e-03       1.568261e-02
        3700       3.413226e+00       8.266700e-01       1.365618e+00       1.085658e-02       6.942163e-03       8.093133e-03
        3710       3.450748e+00       8.370467e-01       1.380640e+00       1.272159e-02       9.775088e-03       1.121556e-02
        3720       3.491660e+00       8.493128e-01       1.397067e+00       1.679367e-02       1.443720e-02       1.555651e-02
        3730       3.521083e+00       8.468807e-01       1.408767e+00       1.622755e-02       8.058903e-03       1.152707e-02
        3740       3.521469e+00       8.450547e-01       1.408911e+00       3.842687e-02       1.117799e-02       2.150029e-02
        3750       3.492954e+00       8.453706e-01       1.397548e+00       1.252535e-02       2.926836e-03       1.031840e-02
        3760       3.438208e+00       8.340594e-01       1.375812e+00       2.685655e-02       1.539564e-02       2.292460e-02
        3770       3.391606e+00       8.166363e-01       1.357143e+00       1.485948e-02       1.213319e-02       1.286574e-02
        3780       3.357705e+00       7.952359e-01       1.344047e+00       4.279570e-02       1.648249e-02       3.155142e-02
        3790       3.375779e+00       7.990756e-01       1.351055e+00       2.164172e-02       1.619991e-02       1.934671e-02
        3800       3.416434e+00       8.169836e-01       1.367185e+00       2.617197e-02       1.039828e-02       1.863239e-02
        3810       3.466452e+00       8.174303e-01       1.387105e+00       1.855366e-02       9.439241e-03       1.378732e-02
        3820       3.516551e+00       8.171952e-01       1.407380e+00       1.573396e-02       1.091104e-02       1.308609e-02
        3830       3.525661e+00       8.212146e-01       1.411185e+00       3.458431e-02       2.472969e-02       2.825647e-02
        3840       3.497250e+00       8.167368e-01       1.399654e+00       1.106921e-02       6.496632e-03       9.346224e-03
        3850       3.453518e+00       8.122595e-01       1.382155e+00       2.230876e-02       8.666631e-03       1.663076e-02
        3860       3.420003e+00       7.995812e-01       1.368786e+00       1.649672e-02       1.377505e-02       1.556158e-02
        3870       3.395346e+00       7.872668e-01       1.359061e+00       2.164704e-02       1.086931e-02       1.702019e-02
        3880       3.395602e+00       7.929056e-01       1.358905e+00       1.315092e-02       8.864087e-03       1.102250e-02
        3890       3.418713e+00       8.048711e-01       1.368006e+00       1.192441e-02       8.192760e-03       1.055092e-02
        3900       3.451061e+00       8.122713e-01       1.380967e+00       1.429060e-02       9.682594e-03       1.242259e-02
        3910       3.483954e+00       8.175843e-01       1.394122e+00       9.339945e-03       4.901227e-03       7.533335e-03
        3920       3.505409e+00       8.199860e-01       1.402733e+00       1.294698e-02       6.919102e-03       9.843636e-03
        3930       3.507635e+00       8.209359e-01       1.403710e+00       1.452209e-02       1.086788e-02       1.249920e-02
        3940       3.487534e+00       8.205062e-01       1.395631e+00       1.586974e-02       1.326657e-02       1.467246e-02
        3950       3.454529e+00       8.040118e-01       1.382497e+00       9.963994e-03       8.682986e-03       9.065548e-03
        3960       3.420570e+00       7.905905e-01       1.369067e+00       1.410788e-02       8.448162e-03       1.049436e-02
        3970       3.401144e+00       7.856083e-01       1.361376e+00       2.026470e-02       1.261778e-02       1.610393e-02
        3980       3.400739e+00       7.843734e-01       1.361147e+00       1.650074e-02       1.344496e-02       1.455696e-02
        3990       3.418119e+00       7.898554e-01       1.367996e+00       1.621910e-02       7.156315e-03       1.106691e-02
        4000       3.456656e+00       7.936748e-01       1.383543e+00       1.179246e-02       4.963141e-03       9.730964e-03
        4010       3.496736e+00       7.961161e-01       1.399935e+00       2.523452e-02       1.744588e-02       2.165849e-02
        4020       3.520582e+00       7.981983e-01       1.409483e+00       2.172611e-02       1.341585e-02       1.826703e-02
        4030       3.510079e+00       7.920426e-01       1.405463e+00       5.203517e-02       2.019115e-02       3.060340e-02
        4040       3.473105e+00       7.683370e-01       1.391237e+00       2.042122e-02       1.146235e-02       1.569627e-02
        4050       3.413601e+00       7.575247e-01       1.368005e+00       4.491639e-02       2.231585e-02       3.333267e-02
        4060       3.379543e+00       7.499694e-01       1.354382e+00       4.491405e-02       1.986384e-02       3.296968e-02
        4070       3.387979e+00       7.607040e-01       1.357008e+00       3.057315e-02       9.386605e-03       1.943956e-02
        4080       3.430484e+00       8.072713e-01       1.373190e+00       2.808910e-02       1.839645e-02       2.323981e-02
        4090       3.481792e+00       8.509384e-01       1.393266e+00       2.197142e-02       8.578561e-03       1.869519e-02
        4100       3.506116e+00       8.404806e-01       1.402737e+00       3.858453e-02       1.166377e-02       2.156133e-02
        4110       3.505259e+00       8.437532e-01       1.402617e+00       1.488073e-02       7.648889e-03       1.280659e-02
        4120       3.473588e+00       8.275983e-01       1.390155e+00       3.361171e-02       1.599207e-02       2.560071e-02
        4130       3.432581e+00       8.223791e-01       1.373587e+00       1.062726e-02       9.397045e-03       9.709813e-03
        4140       3.393690e+00       8.022737e-01       1.358349e+00       3.357132e-02       9.965606e-03       2.175097e-02
        4150       3.388225e+00       8.092650e-01       1.356037e+00       1.998591e-02       1.255013e-02       1.528961e-02
        4160       3.409628e+00       8.083366e-01       1.364513e+00       1.727452e-02       1.020629e-02       1.298095e-02
        4170       3.440085e+00       8.145277e-01       1.376708e+00       1.523797e-02       6.778247e-03       1.165044e-02
        4180       3.475341e+00       8.284087e-01       1.390858e+00       7.915530e-03       5.401268e-03       6.380711e-03
        4190       3.500325e+00       8.295920e-01       1.401238e+00       3.137664e-02       1.565578e-02       2.277518e-02
        4200       3.498426e+00       8.296495e-01       1.400507e+00       2.336740e-02       1.426058e-02       1.744595e-02
        4210       3.472830e+00       8.193130e-01       1.390096e+00       1.695289e-02       6.137287e-03       1.089621e-02
        4220       3.444063e+00       8.192524e-01       1.378630e+00       1.115734e-02       7.659930e-03       9.511151e-03
        4230       3.418527e+00       8.120689e-01       1.368552e+00       1.797391e-02       1.162096e-02       1.462541e-02
        4240       3.406577e+00       8.136700e-01       1.363672e+00       1.800023e-02       9.726520e-03       1.272540e-02
        4250       3.411166e+00       8.123573e-01       1.365332e+00       1.177548e-02       6.545229e-03       9.265737e-03
        4260       3.432359e+00       8.171921e-01       1.373724e+00       1.596727e-02       7.187218e-03       1.100725e-02
        4270       3.463167e+00       8.346543e-01       1.386095e+00       1.424929e-02       5.230750e-03       1.173155e-02
        4280       3.486408e+00       8.361880e-01       1.395441e+00       1.986405e-02       8.146264e-03       1.434062e-02
        4290       3.495549e+00       8.419023e-01       1.399016e+00       1.623538e-02       4.001039e-03       9.324809e-03
        4300       3.488931e+00       8.355938e-01       1.396442e+00       2.260896e-02       1.087340e-02       1.526877e-02
        4310       3.465943e+00       8.342757e-01       1.387277e+00       1.464760e-02       8.231387e-03       1.253471e-02
        4320       3.431218e+00       8.273549e-01       1.373429e+00       1.203080e-02       8.065725e-03       9.318257e-03
        4330       3.405678e+00       8.175321e-01       1.363436e+00       1.957398e-02       9.221927e-03       1.207584e-02
        4340       3.396632e+00       8.149744e-01       1.359927e+00       1.969092e-02       1.669256e-02       1.791362e-02
        4350       3.403619e+00       8.109455e-01       1.362940e+00       3.742491e-02       1.589610e-02       2.773112e-02
        4360       3.439340e+00       8.223067e-01       1.377106e+00       1.423610e-02       8.862584e-03       1.122400e-02
        4370       3.478663e+00       8.320253e-01       1.392955e+00       3.599693e-02       1.755462e-02       2.538284e-02
        4380       3.507276e+00       8.386644e-01       1.404231e+00       3.606930e-02       1.321706e-02       2.282078e-02
        4390       3.494431e+00       8.385327e-01       1.398723e+00       4.227207e-02       1.912535e-02       2.607015e-02
        4400       3.455352e+00       8.405284e-01       1.382392e+00       9.604434e-03       7.848266e-03       9.013789e-03
        4410       3.407992e+00       8.413348e-01       1.363403e+00       2.107365e-02       1.131171e-02       1.556387e-02
        4420       3.379021e+00       8.333834e-01       1.351871e+00       3.038392e-02       1.294873e-02       2.182454e-02
        4430       3.382502e+00       8.332365e-01       1.353072e+00       1.476433e-02       8.507650e-03       1.241582e-02
        4440       3.410558e+00       8.393791e-01       1.364423e+00       2.566741e-02       1.323543e-02       2.064568e-02
        4450       3.461375e+00       8.539304e-01       1.384753e+00       1.444682e-02       3.808772e-03       1.208308e-02
        4460       3.494223e+00       8.572580e-01       1.398016e+00       3.510367e-02       1.421679e-02       2.307578e-02
        4470       3.505115e+00       8.579098e-01       1.402323e+00       9.511421e-03       6.749667e-03       7.659308e-03
        4480       3.491278e+00       8.495872e-01       1.397005e+00       1.551393e-02       1.159060e-02       1.322804e-02
        4490       3.463631e+00       8.398352e-01       1.386062e+00       1.510219e-02       6.610796e-03       1.279646e-02
        4500       3.429118e+00       8.311494e-01       1.372103e+00       1.226479e-02       1.050148e-02       1.138643e-02
        4510       3.401280e+00       8.192929e-01       1.360938e+00       1.558477e-02       1.098764e-02       1.308057e-02
        4520       3.396563e+00       8.201958e-01       1.359076e+00       1.431739e-02       1.101866e-02       1.308079e-02
        4530       3.410175e+00       8.301285e-01       1.364637e+00       2.365548e-02       1.622725e-02       1.950251e-02
        4540       3.441765e+00       8.351811e-01       1.377155e+00       8.959269e-03       7.401793e-03       8.474139e-03
        4550       3.475157e+00       8.460005e-01       1.390536e+00       2.054829e-02       8.370313e-03       1.297698e-02
        4560       3.502354e+00       8.504183e-01       1.401631e+00       1.724773e-02       1.223761e-02       1.434755e-02
        4570       3.503568e+00       8.453609e-01       1.402350e+00       2.722473e-02       1.372116e-02       1.932692e-02
        4580       3.480218e+00       8.399409e-01       1.392975e+00       1.744838e-02       7.240466e-03       1.069944e-02
        4590       3.447255e+00       8.283253e-01       1.379735e+00       1.105112e-02       7.452157e-03       9.240608e-03
        4600       3.412587e+00       8.225856e-01       1.365990e+00       2.202821e-02       1.013506e-02       1.711847e-02
        4610       3.390991e+00       8.171843e-01       1.357397e+00       1.871902e-02       1.258085e-02       1.561580e-02
        4620       3.388770e+00       8.023616e-01       1.356776e+00       4.004954e-02       9.660437e-03       2.393285e-02
        4630       3.418224e+00       8.214984e-01       1.368290e+00       1.330900e-02       1.084634e-02       1.260640e-02
        4640       3.459136e+00       8.244014e-01       1.384706e+00       2.392122e-02       1.509071e-02       1.956349e-02
        4650       3.497809e+00       8.334895e-01       1.400295e+00       2.451492e-02       1.146127e-02       1.789254e-02
        4660       3.510311e+00       8.334959e-01       1.405450e+00       4.582748e-02       1.386092e-02       2.635037e-02
        4670       3.494414e+00       8.284439e-01       1.399084e+00       3.028680e-02       1.483478e-02       2.096938e-02
        4680       3.453740e+00       8.228604e-01       1.382431e+00       2.261136e-02       1.170483e-02       1.840868e-02
        4690       3.399100e+00       8.098827e-01       1.360376e+00       2.162567e-02       6.243624e-03       1.717077e-02
        4700       3.367192e+00       8.022849e-01       1.347748e+00       1.982212e-02       1.182823e-02       1.428402e-02
        4710       3.365847e+00       7.854254e-01       1.348076e+00       7.498199e-02       2.253421e-02       4.553000e-02
        4720       3.412718e+00       8.122329e-01       1.365912e+00       1.563151e-02       1.343924e-02       1.467998e-02
        4730       3.466722e+00       8.239243e-01       1.387325e+00       3.482046e-02       9.476592e-03       2.195297e-02
        4740       3.515968e+00       8.396496e-01       1.406772e+00       1.405947e-02       7.512802e-03       1.061916e-02
        4750       3.522914e+00       8.470375e-01       1.409506e+00       2.554063e-02       1.803714e-02       2.140781e-02
        4760       3.496076e+00       8.526832e-01       1.398664e+00       1.865586e-02       9.922674e-03       1.502255e-02
        4770       3.453750e+00       8.439586e-01       1.381605e+00       8.737919e-03       7.432693e-03       8.125795e-03
        4780       3.415897e+00       8.327979e-01       1.366538e+00       1.521890e-02       8.080995e-03       1.219156e-02
        4790       3.396552e+00       8.328626e-01       1.358884e+00       1.563611e-02       1.160277e-02       1.453586e-02
        4800       3.393909e+00       8.324190e-01       1.357932e+00       2.205766e-02       1.503893e-02       1.898194e-02
        4810       3.415812e+00       8.354142e-01       1.366514e+00       1.000978e-02       5.446056e-03       6.667047e-03
        4820       3.450213e+00       8.404888e-01       1.380241e+00       1.245690e-02       8.451834e-03       1.085693e-02
        4830       3.486883e+00       8.464407e-01       1.394969e+00       1.411744e-02       5.598503e-03       1.175498e-02
        4840       3.506772e+00       8.539718e-01       1.402897e+00       1.156915e-02       1.020477e-02       1.072555e-02
        4850       3.505631e+00       8.576321e-01       1.402387e+00       9.515881e-03       3.404967e-03       7.012159e-03
        4860       3.487696e+00       8.494845e-01       1.395281e+00       1.188475e-02       8.269370e-03       9.943632e-03
        4870       3.454669e+00       8.403806e-01       1.382136e+00       1.814639e-02       9.076179e-03       1.504380e-02
        4880       3.417468e+00       8.364136e-01       1.367213e+00       1.139946e-02       9.488606e-03       1.051790e-02
        4890       3.389077e+00       8.276539e-01       1.356034e+00       2.408751e-02       8.409440e-03       1.673277e-02
        4900       3.390646e+00       8.297631e-01       1.356647e+00       1.557459e-02       1.356793e-02       1.458351e-02
        4910       3.412870e+00       8.339401e-01       1.365483e+00       2.019578e-02       1.356209e-02       1.826627e-02
        4920       3.450670e+00       8.353419e-01       1.380495e+00       1.052919e-02       7.006671e-03       8.979877e-03
        4930       3.493016e+00       8.499819e-01       1.397479e+00       1.102066e-02       6.484260e-03       9.161417e-03
        4940       3.522683e+00       8.593804e-01       1.409508e+00       2.785679e-02       1.883199e-02       2.351483e-02
        4950       3.523468e+00       8.544521e-01       1.409877e+00       2.021710e-02       1.601208e-02       1.773622e-02
        4960       3.480098e+00       8.382375e-01       1.392565e+00       3.084747e-02       1.315539e-02       2.147970e-02
        4970       3.423134e+00       8.040820e-01       1.369955e+00       1.120561e-02       6.820565e-03       8.695611e-03
        4980       3.374938e+00       7.755921e-01       1.351713e+00       4.928480e-02       2.424827e-02       3.606264e-02
        4990       3.368264e+00       7.568000e-01       1.349318e+00       3.459215e-02       2.576083e-02       2.973630e-02
        5000       3.391299e+00       7.686607e-01       1.358065e+00       2.770266e-02       1.388177e-02       2.144729e-02
