2019-09-01 09:07:46.159836: I tensorflow/core/platform/cpu_feature_guard.cc:141] Your CPU supports instructions that this TensorFlow binary was not compiled to use: AVX AVX2 FMA
2019-09-01 09:07:46.433446: I tensorflow/core/common_runtime/gpu/gpu_device.cc:1432] Found device 0 with properties: 
name: GeForce RTX 2080 Ti major: 7 minor: 5 memoryClockRate(GHz): 1.635
pciBusID: 0000:0a:00.0
totalMemory: 10.73GiB freeMemory: 10.53GiB
2019-09-01 09:07:46.583199: I tensorflow/core/common_runtime/gpu/gpu_device.cc:1432] Found device 1 with properties: 
name: GeForce RTX 2080 Ti major: 7 minor: 5 memoryClockRate(GHz): 1.635
pciBusID: 0000:0b:00.0
totalMemory: 10.73GiB freeMemory: 10.53GiB
2019-09-01 09:07:46.709455: I tensorflow/stream_executor/cuda/cuda_gpu_executor.cc:964] successful NUMA node read from SysFS had negative value (-1), but there must be at least one NUMA node, so returning NUMA node zero
2019-09-01 09:07:46.710630: I tensorflow/core/common_runtime/gpu/gpu_device.cc:1432] Found device 2 with properties: 
name: GeForce RTX 2080 Ti major: 7 minor: 5 memoryClockRate(GHz): 1.635
pciBusID: 0000:42:00.0
totalMemory: 10.73GiB  >>> Info of model(s):
  using   4 model(s): ../graph.002.pb ../graph.000.pb ../graph.003.pb ../graph.001.pb 
  rcut in model:      5
  ntypes in model:    2
Neighbor list info ...
  update every 1 steps, delay 10 steps, check yes
  max neighbors/atom: 2000, page size: 100000
  master list distance cutoff = 6
  ghost atom cutoff = 6
  binsize = 3, bins = 4 4 4
  1 neighbor lists, perpetual/occasional/extra = 1 0 0
  (1) pair deepmd, perpetual
      attributes: , newton on
      pair build: full/bin/atomonly
      stencil: full/bin/3d
      bin: standard
Setting up Verlet run ...
  Unit style    : metal
  Current step  : 0
  Time step     : 0.002
Per MPI rank memory allocation (min/avg/max) = 3.934 | 3.934 | 3.934 Mbytes
Step Temp PotEng KinEng TotEng Press Volume Lx Ly Lz Xy Xz Yz 
       0          100   -219.71586  0.051704058   -219.66416   -1395.6114         1000           10           10           10            0            0            0 
      10    99.972114   -219.71613   0.05168964   -219.66444    -1332.176         1000           10           10           10            0            0            0 
      20    71.408914   -219.70333  0.036921306   -219.66641   -729.87991         1000           10           10           10            0            0            0 
      30    146.57774   -219.74476  0.075786641   -219.66897    18.403804         1000           10           10           10            0            0            0 
      40    67.331416   -219.69747  0.034813075   -219.66266    845.09611         1000           10           10           10            0            0            0 
      50    137.72835   -219.72918  0.071211147   -219.65797    1207.5746         1000           10           10           10            0            0            0 
      60    46.648643   -219.67433  0.024119241   -219.65021    1184.7919         1000           10           10           10            0            0            0 
      70    141.22545    -219.7259  0.073019289   -219.65288    485.20702         1000           10           10           10            0            0            0 
      80    116.41691   -219.70537  0.060192266   -219.64518   -461.47941         1000           10           10           10            0            0            0 
      90    98.667942   -219.68455   0.05101533   -219.63354   -1211.7875         1000           10           10           10            0            0            0 
     100    111.15344   -219.67795  0.057470841   -219.62048    -1586.034         1000           10           10           10            0            0            0 
     110    98.508624   -219.65919  0.050932956   -219.60826    -1249.906         1000           10           10           10            0            0            0 
     120      244.014   -219.72904   0.12616514   -219.60288   -469.10163         1000           10           10           10            0            0            0 
     130    74.395469   -219.61685  0.038465477   -219.57838    736.93476         1000           10           10           10            0            0            0 
     140    216.12478   -219.67626   0.11174528   -219.56451    1392.3577         1000           10           10           10            0            0            0 
     150    90.471825   -219.60781  0.046777605   -219.56103    1206.9281         1000           10           10           10            0            0            0 
     160    224.45385   -219.69953   0.11605175   -219.58348    54.515486         1000           10           10           10            0            0            0 
     170    171.44434   -219.67992  0.088643683   -219.59128   -979.13541         1000           10           10           10            0            0            0 
     180     97.70283   -219.65435  0.050516328   -219.60384   -1461.9261         1000           10           10           10            0            0            0 
     190    151.47014   -219.70238   0.07831621   -219.62407    -1434.809         1000           10           10           10            0            0            0 
     200    89.862074   -219.69008  0.046462339   -219.64362   -706.98781         1000           10           10           10            0            0            0 
     210    144.31835   -219.73334  0.074618446   -219.65872    91.626281         1000           10           10           10            0            0            0 
     220     49.87642   -219.68775  0.025788133   -219.66196     873.5518         1000           10           10           10            0            0            0 
     230    126.32416   -219.73399  0.065314717   -219.66867    1115.1451         1000           10           10           10            0            0            0 
     240    63.489613   -219.70381  0.032826706   -219.67099    1038.0616         1000           10           10           10            0            0            0 
     250    104.17441   -219.73275  0.053862397   -219.67889    442.57411         1000           10           10           10            0            0            0 
     260     101.6649   -219.73132  0.052564876   -219.67876   -336.13995         1000           10           10           10            0            0            0 
     270    73.692419   -219.71433  0.038101971   -219.67623   -938.63552         1000           10           10           10            0            0            0 
     280    108.07771   -219.73023  0.055880562   -219.67435   -1277.0804         1000           10           10           10            0            0            0 
     290    46.400221   -219.69608  0.023990797   -219.67209   -1011.4588         1000           10           10           10            0            0            0 
     300    128.50526   -219.74115  0.066442435   -219.67471   -527.06722         1000           10           10           10            0            0            0 
     310    81.405128   -219.71353  0.042089755   -219.67144    263.83774         1000           10           10           10            0            0            0 
     320    123.99198   -219.73139  0.064108884   -219.66728    853.50563         1000           10           10           10            0            0            0 
     330    70.632892   -219.69575  0.036520071   -219.65923    1254.4181         1000           10           10           10            0            0            0 
     340    128.55762   -219.72489  0.066469506   -219.65842    996.57813         1000           10           10           10            0            0            0 
     350    142.18185   -219.72721  0.073513789   -219.65369     198.2275         1000           10           10           10            0            0            0 
     360    104.03866   -219.69767  0.053792211   -219.64388   -635.02167         1000           10           10           10            0            0            0 
     370    169.49205   -219.71787  0.087634267   -219.63023   -1446.8266         1000           10           10           10            0            0            0 
     380    84.963125   -219.65937  0.043929383   -219.61544   -1536.9921         1000           10           10           10            0            0            0 
     390    229.27075   -219.73298   0.11854228   -219.61443   -1082.8761         1000           10           10           10            0            0            0 
     400    132.74275   -219.67097   0.06863339   -219.60234   -88.101542         1000           10           10           10            0            0            0 
     410    226.95483   -219.70874   0.11734486    -219.5914    850.29264         1000           10           10           10            0            0            0 
     420    129.69353   -219.63788  0.067056817   -219.57082    1430.0372         1000           10           10           10            0            0            0 
     430    178.35876   -219.66444  0.092218715   -219.57223    1001.8102         1000           10           10           10            0            0            0 
     440    201.08412   -219.68725   0.10396865   -219.58329   -20.283461         1000           10           10           10            0            0            0 
     450    102.39903   -219.64255  0.052944455   -219.58961   -999.53195         1000           10           10           10            0            0            0 
     460    148.57499   -219.68525  0.076819302   -219.60844   -1542.0546         1000           10           10           10            0            0            0 
     470    48.758391   -219.65716  0.025210067   -219.63195   -1153.8653         1000           10           10           10            0            0            0 
     480    119.30412   -219.71698  0.061685069   -219.65529   -592.99196         1000           10           10           10            0            0            0 
     490    66.069611   -219.70047   0.03416067   -219.66631    197.68252         1000           10           10           10            0            0            0 
     500    106.10167   -219.72778  0.054858867   -219.67292    785.24621         1000           10           10           10            0            0            0 
     510    39.730322   -219.69352  0.020542189   -219.67298    1111.0915         1000           10           10           10            0            0            0 
     520    64.703533   -219.71225  0.033454352   -219.67879    900.77061         1000           10           10           10            0            0            0 
     530    94.995475    -219.7331  0.049116516   -219.68398    341.47769         1000           10           10           10            0            0            0 
     540    57.371374   -219.71256  0.029663328    -219.6829   -311.18291         1000           10           10           10            0            0            0 
     550    80.740068   -219.72268  0.041745892   -219.68093   -907.94735         1000           10           10           10            0            0            0 
     560    23.150734   -219.68839  0.011969869   -219.67642   -1040.3861         1000           10           10           10            0            0            0 
     570    90.444724   -219.72293  0.046763592   -219.67617    -982.0606         1000           10           10           10            0            0            0 
     580     60.09329   -219.70511   0.03107067   -219.67404   -390.48065         1000           10           10           10            0            0            0 
     590    92.170772   -219.71705  0.047656029    -219.6694    298.47762         1000           10           10           10            0            0            0 
     600    65.785501   -219.69365  0.034013774   -219.65964    927.82028         1000           10           10           10            0            0            0 
     610    87.304523   -219.69568  0.045139981   -219.65054    1195.1459         1000           10           10           10            0            0            0 
     620     118.2413   -219.70643  0.061135553   -219.64529    938.04311         1000           10           10           10            0            0            0 
     630    87.136441   -219.68473  0.045053076   -219.63968    201.71885         1000           10           10           10            0            0            0 
     640    178.04845   -219.72436  0.092058275   -219.63231   -856.10053         1000           10           10           10            0            0            0 
     650    75.258128    -219.6555  0.038911506   -219.61659   -1375.4341         1000           10           10           10            0            0            0 
     660    168.29635   -219.69855  0.087016045   -219.61153    -1537.089         1000           10           10           10            0            0            0 
     670    115.46549   -219.66843  0.059700345   -219.60873   -825.93166         1000           10           10           10            0            0            0 
     680    183.67805   -219.70587  0.094969008    -219.6109    91.625194         1000           10           10           10            0            0            0 
     690    161.49749   -219.69592  0.083500756   -219.61242    1007.7728         1000           10           10           10            0            0            0 
     700    121.35239   -219.67762  0.062744108   -219.61488    1512.4519         1000           10           10           10            0            0            0 
     710    166.80862   -219.71487  0.086246826   -219.62863    1178.5392         1000           10           10           10            0            0            0 
     720    117.04603   -219.70589   0.06051755   -219.64538    323.00303         1000           10           10           10            0            0            0 
     730     166.3419   -219.74423   0.08600551   -219.65823    -658.2898         1000           10           10           10            0            0            0 
     740     59.55253   -219.69901  0.030791075   -219.66822   -1108.3528         1000           10           10           10            0            0            0 
     750    94.356434   -219.73237  0.048786105   -219.68358   -1177.7845         1000           10           10           10            0            0            0 
     760    64.383192   -219.72608  0.033288723   -219.69279   -802.70658         1000           10           10           10            0            0            0 
     770    78.619228   -219.73999  0.040649331   -219.69934   -253.26985         1000           10           10           10            0            0            0 
     780    84.002262   -219.74492  0.043432578   -219.70149    374.07301         1000           10           10           10            0            0            0 
     790    53.892004   -219.72656  0.027864353    -219.6987    888.20506         1000           10           10           10            0            0            0 
     800    85.503091   -219.74248  0.044208568   -219.69827    1034.1367         1000           10           10           10            0            0            0 
     810    48.201174   -219.72178  0.024921963   -219.69686    822.95543         1000           10           10           10            0            0            0 
     820    109.78058   -219.75457  0.056761015   -219.69781     197.2977         1000           10           10           10            0            0            0 
     830    65.327753   -219.72513    0.0337771   -219.69135   -474.69184         1000           10           10           10            0            0            0 
     840    89.785527   -219.73087  0.046422761   -219.68445   -1030.6679         1000           10           10           10            0            0            0 
     850    74.530217   -219.71577  0.038535147   -219.67723   -1224.9427         1000           10           10           10            0            0            0 
     860    80.271445   -219.71261  0.041503594   -219.67111   -1017.4554         1000           10           10           10            0            0            0 
     870    143.50081   -219.74335  0.074195743   -219.66915   -419.20991         1000           10           10           10            0            0            0 
     880    97.252328   -219.71033    0.0502834   -219.66005     458.1697         1000           10           10           10            0            0            0 
     890     152.2894   -219.73042  0.078739799   -219.65168    1143.1026         1000           10           10           10            0            0            0 
     900    88.309544   -219.68819  0.045659618   -219.64253    1418.9898         1000           10           10           10            0            0            0 
     910    180.11843   -219.73581  0.093128537   -219.64269    896.83901         1000           10           10           10            0            0            0 
     920    121.23667   -219.69862  0.062684277   -219.63594   -15.722415         1000           10           10           10            0            0            0 
     930    160.24239   -219.71299  0.082851817   -219.63013   -927.51119         1000           10           10           10            0            0            0 
     940    125.18764   -219.68956  0.064727089   -219.62483   -1455.7547         1000           10           10           10            0            0            0 
     950    86.281837   -219.66901  0.044611211    -219.6244   -1325.8105         1000           10           10           10            0            0            0 
     960    179.83133   -219.72722  0.092980094   -219.63424   -704.37521         1000           10           10           10            0            0            0 
     970    110.98645    -219.6949  0.057384499   -219.63752    327.03903         1000           10           10           10            0            0            0 
     980    162.79231   -219.72445  0.084170233   -219.64028    1132.0257         1000           10           10           10            0            0            0 
     990    63.863848    -219.6732  0.033020201   -219.64018    1537.8956         1000           10           10           10            0            0            0 
    1000    135.60236   -219.72359  0.070111921   -219.65348    1145.3843         1000           10           10           10            0            0            0 
    1010    90.347175   -219.71156  0.046713156   -219.66484     369.3954         1000           10           10           10            0            0            0 
    1020     93.89866   -219.72703  0.048549418   -219.67848   -400.96346         1000           10           10           10            0            0            0 
    1030    65.118263   -219.72093  0.033668785   -219.68726   -950.54458         1000           10           10           10            0            0            0 
    1040    33.013946   -219.71297   0.01706955    -219.6959   -1072.3749         1000           10           10           10            0            0            0 
    1050    71.258073   -219.74125  0.036843315   -219.70441   -888.37224         1000           10           10           10            0            0            0 
    1060    38.227582    -219.7284  0.019765211   -219.70863    -354.4897         1000           10           10           10            0            0            0 
    1070     76.49271   -219.75113  0.039549835   -219.71158    217.74657         1000           10           10           10            0            0            0 
    1080    41.225756   -219.73029  0.021315389   -219.70898    774.52479         1000           10           10           10            0            0            0 
    1090    61.660987   -219.73891  0.031881233   -219.70703    1014.5451         1000           10           10           10            0            0            0 
    1100    49.659324   -219.73096  0.025675886   -219.70528    936.26535         1000           10           10           10            0            0            0 
    1110    64.353281   -219.73799  0.033273258   -219.70472     516.6867         1000           10           10           10            0            0            0 
    1120    87.853547     -219.748  0.045423849   -219.70258   -171.11883         1000           10           10           10            0            0            0 
    1130    52.177695   -219.72227  0.026977986   -219.69529   -774.54905         1000           10           10           10            0            0            0 
    1140    87.279716   -219.73378  0.045127155   -219.68865   -1227.1071         1000           10           10           10            0            0            0 
    1150    44.360588   -219.70503  0.022936224   -219.68209   -1183.3463         1000           10           10           10            0            0            0 
    1160    123.87997   -219.74561   0.06405097   -219.68156   -788.23508         1000           10           10           10            0            0            0 
    1170    91.871902   -219.72454  0.047501502   -219.67704    11.634991         1000           10           10           10            0            0            0 
    1180    107.24272   -219.72535  0.055448839    -219.6699      778.646         1000           10           10           10            0            0            0 
    1190    113.96729   -219.72098  0.058925714   -219.66205    1324.2555         1000           10           10           10            0            0            0 
    1200    100.58166   -219.70774    0.0520048   -219.65573    1361.3573         1000           10           10           10            0            0            0 
    1210     150.0639   -219.73422  0.077589127   -219.65664    748.38394         1000           10           10           10            0            0            0 
    1220     100.4575   -219.70312  0.051940602   -219.65118   -162.39056         1000           10           10           10            0            0            0 
    1230     174.8981   -219.73588  0.090429414   -219.64546   -1131.5108         1000           10           10           10            0            0            0 
    1240    69.985841   -219.67267   0.03618552   -219.63649   -1518.3179         1000           10           10           10            0            0            0 
    1250    136.38678    -219.7091  0.070517501   -219.63858   -1400.7714         1000           10           10           10            0            0            0 
    1260    121.64885   -219.70568  0.062897393   -219.64278   -696.20826         1000           10           10           10            0            0            0 
    1270    145.43503   -219.72127  0.075195813   -219.64607    166.83243         1000           10           10           10            0            0            0 
    1280    151.66768   -219.72363  0.078418346   -219.64521    1090.2335         1000           10           10           10            0            0            0 
    1290    83.421764   -219.68482  0.043132437   -219.64169    1550.4723         1000           10           10           10            0            0            0 
    1300    146.11009   -219.72378  0.075544846   -219.64824     1226.694         1000           10           10           10            0            0            0 
    1310    106.36372   -219.70943  0.054994361   -219.65444    472.39569         1000           10           10           10            0            0            0 
    1320    149.50518   -219.73807  0.077300247   -219.66077   -462.71796         1000           10           10           10            0            0            0 
    1330    51.633656   -219.69008  0.026696696   -219.66339   -1037.4922         1000           10           10           10            0            0            0 
    1340    91.325026   -219.72304  0.047218745   -219.67583   -1256.2543         1000           10           10           10            0            0            0 
    1350    64.643184   -219.72159  0.033423149   -219.68817   -945.83336         1000           10           10           10            0            0            0 
    1360    57.947764   -219.72977  0.029961345   -219.69981   -391.87002         1000           10           10           10            0            0            0 
    1370    71.923492   -219.74424  0.037187364   -219.70705    241.24616         1000           10           10           10            0            0            0 
    1380    43.579569   -219.73138  0.022532406   -219.70884    751.37427         1000           10           10           10            0            0            0 
    1390    65.505373    -219.7439  0.033868936   -219.71003    951.94319         1000           10           10           10            0            0            0 
    1400    27.265073   -219.72391  0.014097149   -219.70981    879.67751         1000           10           10           10            0            0            0 
    1410    70.405001   -219.74868  0.036402242   -219.71228    419.38224         1000           10           10           10            0            0            0 
    1420    51.722541   -219.73661  0.026742652   -219.70987   -150.01095         1000           10           10           10            0            0            0 
    1430    65.344509   -219.74007  0.033785763   -219.70629   -692.89174         1000           10           10           10            0            0            0 
    1440    44.593206   -219.72322  0.023056497   -219.70016   -1010.0758         1000           10           10           10            0            0            0 
    1450    43.880793   -219.71729  0.022688151   -219.69461   -1023.1349         1000           10           10           10            0            0            0 
    1460    100.96478   -219.74532  0.052202888   -219.69311   -689.92205         1000           10           10           10            0            0            0 
    1470    64.179711   -219.72005  0.033183515   -219.68687   -5.5469951         1000           10           10           10            0            0            0 
    1480    109.08801   -219.73728  0.056402926   -219.68088    671.68748         1000           10           10           10            0            0            0 
    1490     57.69615   -219.70073  0.029831251    -219.6709    1189.9836         1000           10           10           10            0            0            0 
    1500     119.0621   -219.72987  0.061559937   -219.66831     1108.706         1000           10           10           10            0            0            0 
    1510     84.36029    -219.7089  0.043617693   -219.66529    629.38677         1000           10           10           10            0            0            0 
    1520    114.01414   -219.72349   0.05894994   -219.66454   -175.10358         1000           10           10           10            0            0            0 
    1530    107.97982   -219.71323  0.055829951    -219.6574   -976.11965         1000           10           10           10            0            0            0 
    1540    78.283715   -219.69221  0.040475857   -219.65173   -1352.4935         1000           10           10           10            0            0            0 
    1550    130.27242   -219.72051  0.067356128   -219.65316   -1220.2837         1000           10           10           10            0            0            0 
    1560    76.022175   -219.69092  0.039306549   -219.65161   -590.41213         1000           10           10           10            0            0            0 
    1570     179.7643   -219.74823  0.092945436   -219.65529    174.85819         1000           10           10           10            0            0            0 
    1580    79.729849   -219.68763  0.041223567   -219.64641    1044.8992         1000           10           10           10            0            0            0 
    1590    109.74273   -219.69802  0.056741447   -219.64128    1302.5505         1000           10           10           10            0            0            0 
    1600    97.797752     -219.693  0.050565407   -219.64244    1003.8019         1000           10           10           10            0            0            0 
    1610    135.47216    -219.7166  0.070044604   -219.64655     188.2661         1000           10           10           10            0            0            0 
    1620    115.88621   -219.70294  0.059917873   -219.64302   -674.80648         1000           10           10           10            0            0            0 
    1630    56.734833   -219.66912  0.029334211   -219.63979   -1217.6112         1000           10           10           10            0            0            0 
    1640     125.9156   -219.70857  0.065103475   -219.64347   -1369.9889         1000           10           10           10            0            0            0 
    1650    70.544485   -219.68414  0.036474362   -219.64766   -894.06634         1000           10           10           10            0            0            0 
    1660     145.2042   -219.73255  0.075076463   -219.65748    -158.2052         1000           10           10           10            0            0            0 
    1670    55.000838   -219.68582  0.028437665   -219.65739    752.01357         1000           10           10           10            0            0            0 
    1680    98.116662   -219.71296  0.050730296   -219.66223    1096.1044         1000           10           10           10            0            0            0 
    1690    73.964744   -219.70731  0.038242774   -219.66907    1080.8052         1000           10           10           10            0            0            0 
    1700     64.80518   -219.71276  0.033506908   -219.67926    592.71424         1000           10           10           10            0            0            0 
    1710    77.605069   -219.72634   0.04012497   -219.68621   -133.26226         1000           10           10           10            0            0            0 
    1720    44.913587   -219.71273  0.023222147   -219.68951   -695.85081         1000           10           10           10            0            0            0 
    1730    68.225246   -219.72726  0.035275221   -219.69199   -1050.7164         1000           10           10           10            0            0            0 
    1740    15.520107   -219.70168 0.0080245252   -219.69366   -941.38546         1000           10           10           10            0            0            0 
    1750    73.121457   -219.73686  0.037806761   -219.69905   -636.68366         1000           10           10           10            0            0            0 
    1760    50.654267   -219.72633  0.026190312   -219.70014   -12.480095         1000           10           10           10            0            0            0 
    1770    62.631042   -219.73053   0.03238279   -219.69814    554.72077         1000           10           10           10            0            0            0 
    1780     44.96726   -219.71633  0.023249898   -219.69308     1024.372         1000           10           10           10            0            0            0 
    1790    43.540506   -219.71079  0.022512208   -219.68827    1074.9429         1000           10           10           10            0            0            0 
    1800    90.859107   -219.73301  0.046977845   -219.68603    671.73984         1000           10           10           10            0            0            0 
    1810    45.783631   -219.70032  0.023671995   -219.67665    117.92346         1000           10           10           10            0            0            0 
    1820    106.71086   -219.72032  0.055173847   -219.66514   -699.39037         1000           10           10           10            0            0            0 
    1830    50.303008   -219.67376  0.026008696   -219.64775    -1230.703         1000           10           10           10            0            0            0 
    1840     127.9583   -219.70465  0.066159635   -219.63849   -1404.1156         1000           10           10           10            0            0            0 
    1850    78.888131    -219.6737  0.040788365   -219.63291   -788.62832         1000           10           10           10            0            0            0 
    1860    126.45058   -219.69366  0.065380079   -219.62828    5.0017498         1000           10           10           10            0            0            0 
    1870     145.6304   -219.69815  0.075296826   -219.62285    988.70748         1000           10           10           10            0            0            0 
    1880     84.09687   -219.65777  0.043481494   -219.61429    1541.7499         1000           10           10           10            0            0            0 
    1890    128.17058     -219.684   0.06626939   -219.61773     1307.819         1000           10           10           10            0            0            0 
    1900    69.051749   -219.66105  0.035702556   -219.62535    642.78681         1000           10           10           10            0            0            0 
    1910    183.49781   -219.72784  0.094875816   -219.63296   -517.35621         1000           10           10           10            0            0            0 
    1920    57.279665   -219.65858  0.029615911   -219.62897   -1160.1951         1000           10           10           10            0            0            0 
    1930    103.52039   -219.68852  0.053524244   -219.63499   -1408.1246         1000           10           10           10            0            0            0 
    1940    67.709081   -219.67716  0.035008342   -219.64215   -1033.2673         1000           10           10           10            0            0            0 
    1950    110.71271    -219.7091  0.057242965   -219.65186   -364.22436         1000           10           10           10            0            0            0 
    1960    104.99831   -219.71204  0.054288388   -219.65776    550.94509         1000           10           10           10            0            0            0 
    1970    43.293554   -219.68023  0.022384524   -219.65784     1222.062         1000           10           10           10            0            0            0 
    1980    101.55124   -219.71611   0.05250611   -219.66361    1282.7142         1000           10           10           10            0            0            0 
    1990     47.16744   -219.69512   0.02438748   -219.67073    966.80072         1000           10           10           10            0            0            0 
    2000    110.35635   -219.73714  0.057058712   -219.68008    176.88083         1000           10           10           10            0            0            0 
    2010     39.56434   -219.70121  0.020456369   -219.68075   -511.18714         1000           10           10           10            0            0            0 
    2020    82.407752   -219.72756  0.042608152   -219.68496   -1053.3547         1000           10           10           10            0            0            0 
    2030    42.601663   -219.70872  0.022026788   -219.68669   -1140.2214         1000           10           10           10            0            0            0 
    2040    36.417035   -219.71201  0.018829085   -219.69318   -828.06217         1000           10           10           10            0            0            0 
    2050    66.718487   -219.73605  0.034496165   -219.70156    -286.0854         1000           10           10           10            0            0            0 
    2060    39.072589   -219.72678  0.020202114   -219.70657    339.09489         1000           10           10           10            0            0            0 
    2070    62.371649   -219.74332  0.032248674   -219.71107    781.13565         1000           10           10           10            0            0            0 
    2080    5.1577958   -219.71526 0.0026667897    -219.7126    1004.6751         1000           10           10           10            0            0            0 
    2090    45.444689    -219.7422  0.023496748    -219.7187    783.66652         1000           10           10           10            0            0            0 
    2100    30.983707   -219.73789  0.016019834   -219.72187    373.11652         1000           10           10           10            0            0            0 
    2110    43.349626   -219.74643  0.022413516   -219.72401   -134.01898         1000           10           10           10            0            0            0 
    2120    27.606195   -219.73684  0.014273523   -219.72257   -575.45784         1000           10           10           10            0            0            0 
    2130    17.770087   -219.72971 0.0091878563   -219.72053   -829.58434         1000           10           10           10            0            0            0 
    2140    51.227762   -219.74604  0.026486832   -219.71955   -889.18966         1000           10           10           10            0            0            0 
    2150    23.577661   -219.72779  0.012190608    -219.7156   -594.23318         1000           10           10           10            0            0            0 
    2160    71.182436   -219.74885  0.036804208   -219.71205   -127.21387         1000           10           10           10            0            0            0 
    2170    40.043091   -219.72322  0.020703903   -219.70251    541.32837         1000           10           10           10            0            0            0 
    2180    83.960445   -219.73536  0.043410957   -219.69195    1024.4539         1000           10           10           10            0            0            0 
    2190    50.298682   -219.70882   0.02600646   -219.68281     1227.822         1000           10           10           10            0            0            0 
    2200    67.492816   -219.71447  0.034896525   -219.67957    891.88415         1000           10           10           10            0            0            0 
    2210    110.24061   -219.73476  0.056998867   -219.67776    116.17915         1000           10           10           10            0            0            0 
    2220    71.061546   -219.70793  0.036741703   -219.67119   -585.15439         1000           10           10           10            0            0            0 
    2230     117.1421   -219.72675   0.06056722   -219.66619   -1206.1507         1000           10           10           10            0            0            0 
    2240    33.345812     -219.675  0.017241138   -219.65776   -1304.2842         1000           10           10           10            0            0            0 
    2250    152.39515   -219.73869  0.078794477    -219.6599   -1052.7213         1000           10           10           10            0            0            0 
    2260    99.053088   -219.70943  0.051214466   -219.65822   -187.48867         1000           10           10           10            0            0            0 
    2270    119.11167   -219.71067  0.061585568   -219.64908    714.43153         1000           10           10           10            0            0            0 
    2280    100.23921   -219.69116  0.051827739   -219.63933    1376.2533         1000           10           10           10            0            0            0 
    2290    105.66397     -219.688  0.054632562   -219.63337    1312.7154         1000           10           10           10            0            0            0 
    2300     160.1333   -219.71616  0.082795412   -219.63337      679.835         1000           10           10           10            0            0            0 
    2310    73.353582   -219.66671  0.037926779   -219.62878   -123.54838         1000           10           10           10            0            0            0 
    2320    171.15613   -219.71553  0.088494666   -219.62704   -1103.9882         1000           10           10           10            0            0            0 
    2330    54.256712   -219.64775  0.028052922   -219.61969   -1445.6615         1000           10           10           10            0            0            0 
    2340     154.7736   -219.70636  0.080024233   -219.62634    -1316.548         1000           10           10           10            0            0            0 
    2350     86.78824   -219.67581  0.044873042   -219.63094   -432.28309         1000           10           10           10            0            0            0 
    2360    136.46853   -219.70508  0.070559767   -219.63452     389.9766         1000           10           10           10            0            0            0 
    2370    125.35679   -219.70288  0.064814549   -219.63807    1145.0976         1000           10           10           10            0            0            0 
    2380    60.312651   -219.67361  0.031184088   -219.64242    1264.3156         1000           10           10           10            0            0            0 
    2390    113.11697   -219.71626  0.058486066   -219.65777     742.0161         1000           10           10           10            0            0            0 
    2400    63.874631   -219.70311  0.033025776   -219.67008    72.738427         1000           10           10           10            0            0            0 
    2410    102.43754   -219.73155  0.052964366   -219.67858   -686.42746         1000           10           10           10            0            0            0 
    2420    17.025186   -219.69086 0.0088027121   -219.68206   -963.99095         1000           10           10           10            0            0            0 
    2430    69.065515   -219.72484  0.035709674   -219.68913   -1064.4646         1000           10           10           10            0            0            0 
    2440    48.852687   -219.71946  0.025258822    -219.6942   -671.11475         1000           10           10           10            0            0            0 
    2450    63.676292   -219.73117  0.032923227   -219.69824   -117.83827         1000           10           10           10            0            0            0 
    2460    63.399137   -219.73141  0.032779927   -219.69864    500.46281         1000           10           10           10            0            0            0 
    2470    38.313666   -219.71499   0.01980972   -219.69518    922.24951         1000           10           10           10            0            0            0 
    2480     78.06928   -219.73513  0.040364986   -219.69476    954.82106         1000           10           10           10            0            0            0 
    2490    25.810524   -219.70506  0.013345088   -219.69171    761.70894         1000           10           10           10            0            0            0 
    2500    90.697036   -219.73834  0.046894048   -219.69145    120.75701         1000           10           10           10            0            0            0 
    2510    50.791889   -219.71048  0.026261468   -219.68421   -494.12223         1000           10           10           10            0            0            0 
    2520    87.258503   -219.71999  0.045116187   -219.67487   -1075.3413         1000           10           10           10            0            0            0 
    2530    49.454158   -219.68993  0.025569806   -219.66437   -1183.8268         1000           10           10           10            0            0            0 
    2540    86.278536   -219.70188  0.044609505   -219.65727   -877.23539         1000           10           10           10            0            0            0 
    2550    145.47481   -219.72846   0.07521638   -219.65325   -206.99063         1000           10           10           10            0            0            0 
    2560    76.314554   -219.68078  0.039457721   -219.64132    737.31885         1000           10           10           10            0            0            0 
    2570    139.52219    -219.7076  0.072138634   -219.63546    1299.2342         1000           10           10           10            0            0            0 
    2580    49.001341    -219.6545  0.025335682   -219.62916    1451.1267         1000           10           10           10            0            0            0 
    2590    179.54939   -219.73155  0.092834318   -219.63872    785.46979         1000           10           10           10            0            0            0 
    2600    89.751834   -219.68413  0.046405341   -219.63773   -23.675517         1000           10           10           10            0            0            0 
    2610    121.42538   -219.70054   0.06278185   -219.63776   -886.67964         1000           10           10           10            0            0            0 
    2620     86.23932   -219.67955  0.044589228   -219.63496   -1367.6368         1000           10           10           10            0            0            0 
    2630    97.850851   -219.69069  0.050592861    -219.6401   -1184.5239         1000           10           10           10            0            0            0 
    2640    126.07017   -219.71209  0.065183395   -219.64691   -549.26171         1000           10           10           10            0            0            0 
    2650    75.859811   -219.68868  0.039222601   -219.64946    345.83151         1000           10           10           10            0            0            0 
    2660    166.24673   -219.74125  0.085956306    -219.6553    1003.8527         1000           10           10           10            0            0            0 
    2670    53.472455   -219.68104  0.027647429   -219.65339     1417.347         1000           10           10           10            0            0            0 
    2680    129.10515   -219.72937  0.066752604   -219.66261     1142.122         1000           10           10           10            0            0            0 
    2690    77.650579   -219.70756    0.0401485   -219.66741    460.05632         1000           10           10           10            0            0            0 
    2700    124.08638   -219.73704  0.064157692   -219.67288   -416.44957         1000           10           10           10            0            0            0 
    2710    80.751202   -219.71284  0.041751648   -219.67109   -1009.9821         1000           10           10           10            0            0            0 
    2720    45.653217   -219.69674  0.023604566   -219.67313   -1139.5168         1000           10           10           10            0            0            0 
    2730    98.839722   -219.73022  0.051104147   -219.67912   -969.28683         1000           10           10           10            0            0            0 
    2740    67.039463   -219.71792  0.034662123   -219.68326   -361.21101         1000           10           10           10            0            0            0 
    2750    117.83582   -219.74939  0.060925902   -219.68847    313.74369         1000           10           10           10            0            0            0 
    2760    37.372362   -219.70585  0.019323028   -219.68653    965.57806         1000           10           10           10            0            0            0 
    2770    97.531512   -219.74005  0.050427749   -219.68962    1140.9505         1000           10           10           10            0            0            0 
    2780     63.38982   -219.72343  0.032775109   -219.69066    938.40433         1000           10           10           10            0            0            0 
    2790    77.470128    -219.7342    0.0400552   -219.69415    366.12128         1000           10           10           10            0            0            0 
    2800    81.415355     -219.735  0.042095042   -219.69291   -324.67044         1000           10           10           10            0            0            0 
    2810    53.529768   -219.71598  0.027677062    -219.6883   -835.59976         1000           10           10           10            0            0            0 
    2820    97.477813   -219.73499  0.050399985   -219.68459   -1139.7357         1000           10           10           10            0            0            0 
    2830    35.467639   -219.69582  0.018338209   -219.67748   -887.82473         1000           10           10           10            0            0            0 
    2840    123.68285   -219.73738  0.063949051   -219.67343    -442.3175         1000           10           10           10            0            0            0 
    2850    92.027951   -219.71219  0.047582185   -219.66461    375.61738         1000           10           10           10            0            0            0 
    2860    143.16791   -219.72655  0.074023618   -219.65253    1119.8551         1000           10           10           10            0            0            0 
    2870    91.219162   -219.68493  0.047164008   -219.63776     1500.986         1000           10           10           10            0            0            0 
    2880    134.06529   -219.70353  0.069317198   -219.63421    1066.9576         1000           10           10           10            0            0            0 
    2890    206.97798   -219.73798   0.10701601   -219.63096    88.837721         1000           10           10           10            0            0            0 
    2900    119.18764    -219.6815  0.061624845   -219.61987   -749.49747         1000           10           10           10            0            0            0 
    2910    186.86887    -219.7105  0.096618789   -219.61388   -1467.7831         1000           10           10           10            0            0            0 
    2920    81.546823   -219.65161  0.042163017   -219.60945   -1367.6254         1000           10           10           10            0            0            0 
    2930    228.87175   -219.73933   0.11833598     -219.621   -899.59741         1000           10           10           10            0            0            0 
    2940    143.28774   -219.70417  0.074085574   -219.63009    214.88923         1000           10           10           10            0            0            0 
    2950    142.87111   -219.70691  0.073870163   -219.63304    1120.0635         1000           10           10           10            0            0            0 
    2960    128.33827   -219.70428  0.066356092   -219.63792    1356.5201         1000           10           10           10            0            0            0 
    2970     120.4734   -219.71215  0.062289638   -219.64986    927.92724         1000           10           10           10            0            0            0 
    2980    144.27317   -219.73418  0.074595086   -219.65958    137.26569         1000           10           10           10            0            0            0 
    2990    65.770045   -219.69995  0.034005782   -219.66594   -512.90715         1000           10           10           10            0            0            0 
    3000    121.12589   -219.73618     0.062627   -219.67355   -1107.3244         1000           10           10           10            0            0            0 
    3010    50.225037   -219.70335  0.025968382   -219.67738   -1132.9712         1000           10           10           10            0            0            0 
    3020    103.94364   -219.73961  0.053743078   -219.68587   -855.41976         1000           10           10           10            0            0            0 
    3030    69.257213    -219.7261   0.03580879   -219.69029   -195.88637         1000           10           10           10            0            0            0 
    3040    81.239648   -219.73304  0.042004195   -219.69104    466.39631         1000           10           10           10            0            0            0 
    3050    92.902554   -219.73789   0.04803439   -219.68986    929.30091         1000           10           10           10            0            0            0 
    3060    47.200402   -219.71107  0.024404523   -219.68666    1043.8487         1000           10           10           10            0            0            0 
    3070    103.10927   -219.74155  0.053311674   -219.68824    682.64666         1000           10           10           10            0            0            0 
    3080    63.934102   -219.71947  0.033056525   -219.68642    131.90551         1000           10           10           10            0            0            0 
    3090    119.77911   -219.74741  0.061930663   -219.68548   -590.45699         1000           10           10           10            0            0            0 
    3100     53.37793   -219.70702  0.027598556   -219.67942   -1007.8337         1000           10           10           10            0            0            0 
    3110    91.730019   -219.72501  0.047428142   -219.67759    -1173.871         1000           10           10           10            0            0            0 
    3120    91.858069   -219.72563  0.047494349   -219.67813   -846.46583         1000           10           10           10            0            0            0 
    3130    94.686579   -219.72572  0.048956803   -219.67676   -161.49059         1000           10           10           10            0            0            0 
    3140    134.19182   -219.74396  0.069382614   -219.67458    570.76224         1000           10           10           10            0            0            0 
    3150    54.997768   -219.69273  0.028436078    -219.6643    1107.9434         1000           10           10           10            0            0            0 
    3160    150.07857   -219.73923  0.077596713   -219.66163     1058.953         1000           10           10           10            0            0            0 
    3170    82.595373   -219.69821   0.04270516    -219.6555    666.59706         1000           10           10           10            0            0            0 
    3180     149.9497   -219.73075   0.07753008   -219.65322   -150.82963         1000           10           10           10            0            0            0 
    3190    94.426428   -219.69323  0.048822295   -219.64441    -893.5424         1000           10           10           10            0            0            0 
    3200    122.07165   -219.70064  0.063115994   -219.63752   -1397.4762         1000           10           10           10            0            0            0 
    3210    127.09773   -219.70087  0.065714687   -219.63516   -1269.0217         1000           10           10           10            0            0            0 
    3220    99.510757    -219.6833  0.051451099   -219.63185   -513.68748         1000           10           10           10            0            0            0 
    3230    195.64132   -219.73276    0.1011545   -219.63161    354.41638         1000           10           10           10            0            0            0 
    3240    70.564519   -219.65284   0.03648472   -219.61636    1145.7584         1000           10           10           10            0            0            0 
    3250    188.98687   -219.71322  0.097713881   -219.61551    1229.1353         1000           10           10           10            0            0            0 
    3260    69.834212   -219.64967  0.036107121   -219.61357    837.40809         1000           10           10           10            0            0            0 
    3270    157.47156    -219.7045  0.081419186   -219.62308   -153.78186         1000           10           10           10            0            0            0 
    3280    117.77573   -219.68445  0.060894831   -219.62356   -968.52022         1000           10           10           10            0            0            0 
    3290    87.516812   -219.67382  0.045249743   -219.62858   -1347.2402         1000           10           10           10            0            0            0 
    3300    90.251307    -219.6874  0.046663588   -219.64074    -1164.509         1000           10           10           10            0            0            0 
    3310    58.537524   -219.68587  0.030266275    -219.6556   -462.08582         1000           10           10           10            0            0            0 
    3320    130.03015   -219.73683  0.067230865   -219.66959    222.30551         1000           10           10           10            0            0            0 
    3330     36.36899   -219.69151  0.018804244    -219.6727    898.48862         1000           10           10           10            0            0            0 
    3340    87.185636   -219.72471  0.045078512   -219.67963    1097.3219         1000           10           10           10            0            0            0 
    3350    33.312406   -219.70101  0.017223866   -219.68379    932.16837         1000           10           10           10            0            0            0 
    3360    85.950539   -219.73652  0.044439917   -219.69208    345.62155         1000           10           10           10            0            0            0 
    3370     67.02054   -219.72726  0.034652339   -219.69261   -280.65966         1000           10           10           10            0            0            0 
    3380    39.137111   -219.71092  0.020235474   -219.69069   -785.75699         1000           10           10           10            0            0            0 
    3390    63.032472   -219.72196  0.032590346   -219.68937   -1094.7153         1000           10           10           10            0            0            0 
    3400    30.311072   -219.70323  0.015672054   -219.68756   -903.74842         1000           10           10           10            0            0            0 
    3410     92.12668   -219.73625  0.047633232   -219.68862   -499.44466         1000           10           10           10            0            0            0 
    3420    36.934035    -219.7018  0.019096395    -219.6827    228.19735         1000           10           10           10            0            0            0 
    3430    104.61912   -219.72995   0.05409233   -219.67585    825.63661         1000           10           10           10            0            0            0 
    3440    52.262041   -219.69001  0.027021596   -219.66299      1246.44         1000           10           10           10            0            0            0 
    3450    82.886873   -219.69587  0.042855877   -219.65302    1148.3819         1000           10           10           10            0            0            0 
    3460    118.53477   -219.70811  0.061287288   -219.64682    527.32177         1000           10           10           10            0            0            0 
    3470    105.44416   -219.68989  0.054518909   -219.63537   -412.73488         1000           10           10           10            0            0            0 
    3480    156.66824   -219.70458  0.081003838   -219.62358   -1326.2983         1000           10           10           10            0            0            0 
    3490    33.219841    -219.6292  0.017176006   -219.61202   -1444.7777         1000           10           10           10            0            0            0 
    3500    167.02467   -219.70222  0.086358531   -219.61586   -1259.7646         1000           10           10           10            0            0            0 
    3510    112.13597   -219.67569  0.057978847   -219.61771   -346.85687         1000           10           10           10            0            0            0 
    3520    190.75334   -219.72086  0.098627216   -219.62223    638.42906         1000           10           10           10            0            0            0 
    3530    89.287369    -219.6655  0.046165193   -219.61934    1470.6386         1000           10           10           10            0            0            0 
    3540    108.95303   -219.68005   0.05633314   -219.62372    1562.3834         1000           10           10           10            0            0            0 
    3550    167.55463   -219.72353  0.086632544    -219.6369    947.88375         1000           10           10           10            0            0            0 
    3560    116.71521   -219.70375  0.060346502    -219.6434    16.801025         1000           10           10           10            0            0            0 
    3570    141.63727   -219.71797  0.073232216   -219.64473   -965.52452         1000           10           10           10            0            0            0 
    3580    55.826353   -219.67336   0.02886449   -219.64449   -1381.7451         1000           10           10           10            0            0            0 
    3590    142.21559   -219.72372  0.073531232   -219.65019   -1493.4325         1000           10           10           10            0            0            0 
    3600    66.631316   -219.68915  0.034451094   -219.65469   -825.55866         1000           10           10           10            0            0            0 
    3610    137.95131   -219.73492  0.071326426   -219.66359   -26.113218         1000           10           10           10            0            0            0 
    3620    100.01554   -219.71632  0.051712092   -219.66461    830.34162         1000           10           10           10            0            0            0 
    3630    83.935438   -219.70651  0.043398028   -219.66311    1340.5043         1000           10           10           10            0            0            0 
    3640    100.08464    -219.7188  0.051747822   -219.66705    1314.8295         1000           10           10           10            0            0            0 
    3650     65.70901   -219.70501  0.033974225   -219.67104    791.63188         1000           10           10           10            0            0            0 
    3660    143.83068   -219.75019  0.074366296   -219.67583   -132.71128         1000           10           10           10            0            0            0 
    3670    60.444475   -219.70256  0.031252247   -219.67131    -804.5793         1000           10           10           10            0            0            0 
    3680    96.155073   -219.71833  0.049716075   -219.66862   -1321.8685         1000           10           10           10            0            0            0 
    3690    46.465064   -219.69027  0.024024324   -219.66624   -1261.9647         1000           10           10           10            0            0            0 
    3700    123.83862   -219.73339  0.064029591   -219.66936   -855.77384         1000           10           10           10            0            0            0 
    3710     102.0378   -219.72086  0.052757686    -219.6681    -27.01029         1000           10           10           10            0            0            0 
    3720    82.763959   -219.70127  0.042792325   -219.65848    847.86875         1000           10           10           10            0            0            0 
    3730    140.36807   -219.72148   0.07257599   -219.64891    1421.7249         1000           10           10           10            0            0            0 
    3740    80.732509   -219.67602  0.041741983   -219.63428    1500.7343         1000           10           10           10            0            0            0 
    3750     204.0244   -219.73758   0.10548889   -219.63209      834.807         1000           10           10           10            0            0            0 
    3760    107.97877   -219.67349  0.055829408   -219.61766   -145.91723         1000           10           10           10            0            0            0 
    3770    214.06069   -219.71765   0.11067806   -219.60697   -1260.9823         1000           10           10           10            0            0            0 
    3780    98.291225   -219.64334  0.050820552   -219.59252   -1682.7834         1000           10           10           10            0            0            0 
    3790    165.55454   -219.67827  0.085598414   -219.59267   -1505.4846         1000           10           10           10            0            0            0 
    3800    170.93306    -219.6908  0.088379329   -219.60242   -612.99317         1000           10           10           10            0            0            0 
    3810    161.19372    -219.6932  0.083343694   -219.60986    434.96611         1000           10           10           10            0            0            0 
    3820    182.24822    -219.7075  0.094229727   -219.61327    1367.7835         1000           10           10           10            0            0            0 
    3830    54.864473   -219.64452  0.028367159   -219.61616    1581.2819         1000           10           10           10            0            0            0 
    3840    175.58045   -219.72769  0.090782216   -219.63691    919.60711         1000           10           10           10            0            0            0 
    3850    73.889089   -219.68617  0.038203657   -219.64797    129.26122         1000           10           10           10            0            0            0 
    3860    113.32396   -219.71746  0.058593086   -219.65887   -732.41262         1000           10           10           10            0            0            0 
    3870    46.402434    -219.6867  0.023991941   -219.66271   -1103.0079         1000           10           10           10            0            0            0 
    3880    83.128949   -219.71254   0.04298104   -219.66956   -1192.3566         1000           10           10           10            0            0            0 
    3890    82.015147   -219.71901  0.042405159    -219.6766   -732.60407         1000           10           10           10            0            0            0 
    3900    62.990565   -219.71196  0.032568678   -219.67939   -52.647297         1000           10           10           10            0            0            0 
    3910    103.72443   -219.73481   0.05362974   -219.68118    610.75882         1000           10           10           10            0            0            0 
    3920    41.246342   -219.69753  0.021326033   -219.67621    1123.1307         1000           10           10           10            0            0            0 
    3930    93.827209    -219.7248  0.048512475   -219.67629     1092.939         1000           10           10           10            0            0            0 
    3940    32.847057   -219.69283  0.016983261   -219.67585    753.66313         1000           10           10           10            0            0            0 
    3950    106.93803   -219.73305    0.0552913   -219.67776   -11.893568         1000           10           10           10            0            0            0 
    3960     70.74576   -219.70891  0.036578429   -219.67233   -638.13718         1000           10           10           10            0            0            0 
    3970    63.096787   -219.69831  0.032623599   -219.66568   -1065.3325         1000           10           10           10            0            0            0 
    3980    77.086256   -219.70052  0.039856722   -219.66066   -1093.0355         1000           10           10           10            0            0            0 
    3990    87.117275   -219.70024  0.045043167    -219.6552   -660.38696         1000           10           10           10            0            0            0 
    4000    149.67868   -219.72688  0.077389951   -219.64949    67.632183         1000           10           10           10            0            0            0 
    4010    45.115128   -219.64977  0.023326352   -219.62644    1062.7365         1000           10           10           10            0            0            0 
    4020    175.08004   -219.69745  0.090523487   -219.60692    1437.2218         1000           10           10           10            0            0            0 
    4030    84.231385   -219.62982  0.043551044   -219.58627     1337.559         1000           10           10           10            0            0            0 
    4040    210.64149   -219.68536    0.1089102   -219.57645    492.86187         1000           10           10           10            0            0            0 
    4050    119.59075   -219.62267   0.06183327   -219.56084   -503.70229         1000           10           10           10            0            0            0 
    4060    143.30406   -219.62934  0.074094013   -219.55525   -1237.8158         1000           10           10           10            0            0            0 
    4070    216.90167   -219.67504   0.11214696    -219.5629   -1203.4001         1000           10           10           10            0            0            0 
    4080    157.93377   -219.65891   0.08165817   -219.57725   -284.81983         1000           10           10           10            0            0            0 
    4090    224.46601   -219.71443   0.11605804   -219.59838    633.68169         1000           10           10           10            0            0            0 
    4100     139.3911    -219.6804  0.072070855   -219.60833     1283.448         1000           10           10           10            0            0            0 
    4110    212.59118   -219.72651   0.10991827   -219.61659    1106.4946         1000           10           10           10            0            0            0 
    4120    83.979735   -219.66411  0.043420931   -219.62069     536.6774         1000           10           10           10            0            0            0 
    4130    200.63778   -219.73464   0.10373787    -219.6309   -432.36025         1000           10           10           10            0            0            0 
    4140    102.51307    -219.6818  0.053003415    -219.6288    -1034.502         1000           10           10           10            0            0            0 
    4150    112.21824   -219.69143  0.058021384    -219.6334   -1254.4593         1000           10           10           10            0            0            0 
    4160    122.14469   -219.70482  0.063153759   -219.64167   -881.06669         1000           10           10           10            0            0            0 
    4170    96.807514   -219.69652  0.050053413   -219.64647   -204.81355         1000           10           10           10            0            0            0 
    4180    157.47727   -219.73335  0.081422141   -219.65193    453.16681         1000           10           10           10            0            0            0 
    4190    32.780863   -219.66386  0.016949036   -219.64691    1054.2694         1000           10           10           10            0            0            0 
    4200    103.48803   -219.70763  0.053507513   -219.65413    904.77208         1000           10           10           10            0            0            0 
    4210    59.646431     -219.691  0.030839625   -219.66016    452.96709         1000           10           10           10            0            0            0 
    4220    105.07119   -219.72101  0.054326068   -219.66668   -234.35122         1000           10           10           10            0            0            0 
    4230    39.498327   -219.68725  0.020422238   -219.66683   -701.34999         1000           10           10           10            0            0            0 
    4240    58.191356   -219.70019  0.030087293    -219.6701   -975.00381         1000           10           10           10            0            0            0 
    4250    77.046134   -219.71386  0.039835978   -219.67402   -892.96203         1000           10           10           10            0            0            0 
    4260    46.778124   -219.70111  0.024186188   -219.67692   -395.89922         1000           10           10           10            0            0            0 
    4270    92.353331   -219.72752   0.04775042   -219.67977    142.16848         1000           10           10           10            0            0            0 
    4280    27.493366   -219.68948  0.014215186   -219.67527    722.06285         1000           10           10           10            0            0            0 
    4290    101.83835   -219.72856  0.052654558   -219.67591    841.25443         1000           10           10           10            0            0            0 
    4300    36.939601   -219.69165  0.019099273   -219.67255    736.49003         1000           10           10           10            0            0            0 
    4310    82.096941   -219.71517   0.04244745   -219.67273    216.62353         1000           10           10           10            0            0            0 
    4320    77.078057   -219.70621  0.039852483   -219.66636   -447.83317         1000           10           10           10            0            0            0 
    4330    72.476313   -219.69296  0.037473195   -219.65549   -946.20664         1000           10           10           10            0            0            0 
    4340    80.743192   -219.68524  0.041747507   -219.64349   -1172.8396         1000           10           10           10            0            0            0 
    4350    45.440857   -219.65246  0.023494767   -219.62897   -832.36442         1000           10           10           10            0            0            0 
    4360    183.84731   -219.71693  0.095056522   -219.62187   -306.62542         1000           10           10           10            0            0            0 
    4370    74.021738   -219.64245  0.038272243   -219.60418    655.16675         1000           10           10           10            0            0            0 
    4380    191.94561   -219.69529  0.099243671   -219.59605     1149.158         1000           10           10           10            0            0            0 
    4390    113.39464   -219.65381  0.058629629   -219.59518      1004.83         1000           10           10           10            0            0            0 
    4400    230.06461   -219.72917   0.11895274   -219.61022    124.12082         1000           10           10           10            0            0            0 
    4410    181.68227   -219.70092  0.093937104   -219.60699   -812.57509         1000           10           10           10            0            0            0 
    4420    131.26551   -219.67664  0.067869596   -219.60877   -1367.0256         1000           10           10           10            0            0            0 
    4430    188.44085   -219.71569  0.097431565   -219.61826   -1429.4008         1000           10           10           10            0            0            0 
    4440    121.01135   -219.69494   0.06256778   -219.63237   -698.12411         1000           10           10           10            0            0            0 
    4450    191.21422   -219.74663  0.098865514   -219.64776    145.63652         1000           10           10           10            0            0            0 
    4460    76.242928    -219.6881  0.039420688   -219.64868    894.52148         1000           10           10           10            0            0            0 
    4470    160.06588   -219.73976  0.082760555     -219.657     1068.818         1000           10           10           10            0            0            0 
    4480    75.375436   -219.69817  0.038972159   -219.65919    865.33739         1000           10           10           10            0            0            0 
    4490    102.59135    -219.7182  0.053043891   -219.66516    217.49107         1000           10           10           10            0            0            0 
    4500    107.53358   -219.72222  0.055599225   -219.66662   -509.82296         1000           10           10           10            0            0            0 
    4510    76.887363   -219.70506  0.039753887    -219.6653   -1041.5722         1000           10           10           10            0            0            0 
    4520    102.05574    -219.7188  0.052766957   -219.66603   -1213.2924         1000           10           10           10            0            0            0 
    4530    48.563459   -219.69188  0.025109279   -219.66677   -808.68601         1000           10           10           10            0            0            0 
    4540    139.53921   -219.74263  0.072147436   -219.67049   -289.62663         1000           10           10           10            0            0            0 
    4550    72.431219   -219.70312   0.03744988   -219.66567    484.10096         1000           10           10           10            0            0            0 
    4560    108.45061   -219.71797  0.056073367    -219.6619    988.39927         1000           10           10           10            0            0            0 
    4570    51.078941   -219.68197  0.026409885   -219.65556    1089.4381         1000           10           10           10            0            0            0 
    4580    98.148979   -219.70855  0.050747005    -219.6578    584.67033         1000           10           10           10            0            0            0 
    4590    118.27342   -219.71854  0.061152159   -219.65739   -143.56088         1000           10           10           10            0            0            0 
    4600    55.456891   -219.67915  0.028673463   -219.65047   -800.76239         1000           10           10           10            0            0            0 
    4610    102.31007   -219.69959  0.052898457    -219.6467   -1310.1338         1000           10           10           10            0            0            0 
    4620    51.191917   -219.66963  0.026468299   -219.64316   -1149.4304         1000           10           10           10            0            0            0 
    4630    140.10595   -219.71572  0.072440464   -219.64328   -753.33611         1000           10           10           10            0            0            0 
    4640    67.254336   -219.67189  0.034773221   -219.63712    177.25931         1000           10           10           10            0            0            0 
    4650    134.61304   -219.69886  0.069600407   -219.62926    916.63267         1000           10           10           10            0            0            0 
    4660    91.990888   -219.66367  0.047563022   -219.61611    1276.8944         1000           10           10           10            0            0            0 
    4670    116.27041   -219.67332  0.060116518    -219.6132    945.90618         1000           10           10           10            0            0            0 
    4680    169.34414   -219.69907  0.087557793   -219.61152    29.505791         1000           10           10           10            0            0            0 
    4690    141.69888   -219.67386  0.073264071    -219.6006   -961.99595         1000           10           10           10            0            0            0 
    4700    191.54182   -219.68673  0.099034893   -219.58769   -1701.7802         1000           10           10           10            0            0            0 
    4710    77.040048   -219.61842  0.039832831   -219.57858   -1397.0155         1000           10           10           10            0            0            0 
    4720    247.09898   -219.71363    0.1277602   -219.58587   -801.93011         1000           10           10           10            0            0            0 
    4730    154.27498   -219.66934  0.079766426   -219.58957    433.05679         1000           10           10           10            0            0            0 
    4740    229.04318   -219.72022   0.11842462    -219.6018    1369.8355         1000           10           10           10            0            0            0 
    4750    120.90902   -219.67468   0.06251487   -219.61217    1557.1098         1000           10           10           10            0            0            0 
    4760    128.41814   -219.70487  0.066397388   -219.63847    960.38922         1000           10           10           10            0            0            0 
    4770    171.69608    -219.7434  0.088773843   -219.65463    12.256804         1000           10           10           10            0            0            0 
    4780    98.723898   -219.71285  0.051044261    -219.6618   -736.81575         1000           10           10           10            0            0            0 
    4790    98.523703   -219.71755  0.050940752   -219.66661   -1215.5671         1000           10           10           10            0            0            0 
    4800    47.206769    -219.6957  0.024407815    -219.6713   -1150.5675         1000           10           10           10            0            0            0 
    4810    125.13935   -219.74453  0.064702122   -219.67983   -835.54073         1000           10           10           10            0            0            0 
    4820    76.322553   -219.72242  0.039461857   -219.68295   -60.460826         1000           10           10           10            0            0            0 
    4830    98.108032   -219.73496  0.050725834   -219.68423     666.1395         1000           10           10           10            0            0            0 
    4840     74.75939    -219.7197  0.038653638   -219.68104    1115.7594         1000           10           10           10            0            0            0 
    4850    77.770279   -219.72119   0.04021039   -219.68098    1107.5476         1000           10           10           10            0            0            0 
    4860    113.46337   -219.74097  0.058665165    -219.6823    684.08141         1000           10           10           10            0            0            0 
    4870    66.656298   -219.71382  0.034464011   -219.67935    25.834304         1000           10           10           10            0            0            0 
    4880     117.7863   -219.73587  0.060900298   -219.67497   -793.91881         1000           10           10           10            0            0            0 
    4890    67.274184   -219.70056  0.034783483   -219.66578   -1236.4444         1000           10           10           10            0            0            0 
    4900    105.16992   -219.71474  0.054377115   -219.66036   -1328.8343         1000           10           10           10            0            0            0 
    4910    78.792403   -219.69609   0.04073887   -219.65535   -801.95209         1000           10           10           10            0            0            0 
    4920    159.77673   -219.73409  0.082611055   -219.65147   -37.759697         1000           10           10           10            0            0            0 
    4930    155.12483   -219.71945   0.08020583   -219.63925    890.17443         1000           10           10           10            0            0            0 
    4940    95.346488   -219.66859  0.049298003   -219.61929    1541.0065         1000           10           10           10            0            0            0 
    4950     188.8859   -219.70739  0.097661675   -219.60973    1495.3758         1000           10           10           10            0            0            0 
    4960    150.64913   -219.67905  0.077891714   -219.60116     685.8377         1000           10           10           10            0            0            0 
    4970    244.75037   -219.71957   0.12654587   -219.59303    -566.8164         1000           10           10           10            0            0            0 
    4980    95.483559   -219.62848  0.049368875   -219.57911   -1316.3807         1000           10           10           10            0            0            0 
    4990    118.86275   -219.64025  0.061456864   -219.57879   -1633.2712         1000           10           10           10            0            0            0 
    5000    143.31039   -219.66578  0.074097288   -219.59168    -1116.226         1000           10           10           10            0            0            0 
Loop time of 74.6472 on 1 procs for 5000 steps with 5 atoms

Performance: 11.574 ns/day, 2.074 hours/ns, 66.982 timesteps/s
151.0% CPU use with 1 MPI tasks x no OpenMP threads

MPI task timing breakdown:
Section |  min time  |  avg time  |  max time  |%varavg| %total
---------------------------------------------------------------
Pair    | 74.401     | 74.401     | 74.401     |   0.0 | 99.67
Neigh   | 0.0014796  | 0.0014796  | 0.0014796  |   0.0 |  0.00
Comm    | 0.012744   | 0.012744   | 0.012744   |   0.0 |  0.02
Output  | 0.20837    | 0.20837    | 0.20837    |   0.0 |  0.28
Modify  | 0.017524   | 0.017524   | 0.017524   |   0.0 |  0.02
Other   |            | 0.005672   |            |       |  0.01

Nlocal:    5 ave 5 max 5 min
Histogram: 1 0 0 0 0 0 0 0 0 0
Nghost:    115 ave 115 max 115 min
Histogram: 1 0 0 0 0 0 0 0 0 0
Neighs:    0 ave 0 max 0 min
Histogram: 1 0 0 0 0 0 0 0 0 0

Total # of neighbors = 0
Ave neighs/atom = 0
Neighbor list builds = 127
Dangerous builds = 0
Total wall time: 0:01:17
