iter.000001/01.model_devi/task.001.000003 3830
iter.000001/01.model_devi/task.001.000003 2350
iter.000001/01.model_devi/task.001.000009 2670
iter.000001/01.model_devi/task.001.000003 3550
iter.000001/01.model_devi/task.001.000006 420
iter.000001/01.model_devi/task.001.000009 3280
iter.000001/01.model_devi/task.001.000005 2370
iter.000001/01.model_devi/task.001.000009 2350
iter.000001/01.model_devi/task.001.000003 4120
iter.000001/01.model_devi/task.001.000009 3230
iter.000001/01.model_devi/task.001.000006 1880
iter.000001/01.model_devi/task.001.000009 1250
iter.000001/01.model_devi/task.001.000009 2240
iter.000001/01.model_devi/task.001.000005 440
iter.000001/01.model_devi/task.001.000003 3540
iter.000001/01.model_devi/task.001.000007 3750
iter.000001/01.model_devi/task.001.000006 4710
iter.000001/01.model_devi/task.001.000007 150
iter.000001/01.model_devi/task.001.000005 450
iter.000001/01.model_devi/task.001.000009 320
iter.000001/01.model_devi/task.001.000005 2910
iter.000001/01.model_devi/task.001.000005 1350
iter.000001/01.model_devi/task.001.000009 4940
iter.000001/01.model_devi/task.001.000006 4030
iter.000001/01.model_devi/task.001.000004 4810
iter.000001/01.model_devi/task.001.000001 4170
iter.000001/01.model_devi/task.001.000009 600
iter.000001/01.model_devi/task.001.000003 2960
iter.000001/01.model_devi/task.001.000003 3760
iter.000001/01.model_devi/task.001.000004 1440
iter.000001/01.model_devi/task.001.000005 2900
iter.000001/01.model_devi/task.001.000005 1110
iter.000001/01.model_devi/task.001.000001 3580
iter.000001/01.model_devi/task.001.000009 2630
iter.000001/01.model_devi/task.001.000005 3140
iter.000001/01.model_devi/task.001.000006 3490
iter.000001/01.model_devi/task.001.000007 3760
iter.000001/01.model_devi/task.001.000008 120
iter.000001/01.model_devi/task.001.000009 4330
iter.000001/01.model_devi/task.001.000006 150
iter.000001/01.model_devi/task.001.000003 4460
iter.000001/01.model_devi/task.001.000003 4730
iter.000001/01.model_devi/task.001.000003 4430
iter.000001/01.model_devi/task.001.000003 3750
iter.000001/01.model_devi/task.001.000004 1670
iter.000001/01.model_devi/task.001.000008 2930
iter.000001/01.model_devi/task.001.000003 3810
iter.000001/01.model_devi/task.001.000008 2940
iter.000001/01.model_devi/task.001.000008 2070
iter.000001/01.model_devi/task.001.000009 910
iter.000001/01.model_devi/task.001.000007 140
iter.000001/01.model_devi/task.001.000004 1720
iter.000001/01.model_devi/task.001.000009 3990
iter.000001/01.model_devi/task.001.000006 140
iter.000001/01.model_devi/task.001.000009 4990
iter.000001/01.model_devi/task.001.000003 4720
iter.000001/01.model_devi/task.001.000001 4390
iter.000001/01.model_devi/task.001.000007 2440
iter.000001/01.model_devi/task.001.000009 1360
iter.000001/01.model_devi/task.001.000003 3800
iter.000001/01.model_devi/task.001.000006 3240
iter.000001/01.model_devi/task.001.000008 2060
iter.000001/01.model_devi/task.001.000005 3150
iter.000001/01.model_devi/task.001.000006 130
iter.000001/01.model_devi/task.001.000001 4180
iter.000001/01.model_devi/task.001.000009 1580
iter.000001/01.model_devi/task.001.000009 3010
