2019-09-01 07:48:42.822917: I tensorflow/core/platform/cpu_feature_guard.cc:141] Your CPU supports instructions that this TensorFlow binary was not compiled to use: AVX AVX2 FMA
2019-09-01 07:48:42.954082: I tensorflow/core/common_runtime/gpu/gpu_device.cc:1432] Found device 0 with properties: 
name: GeForce RTX 2080 Ti major: 7 minor: 5 memoryClockRate(GHz): 1.635
pciBusID: 0000:0a:00.0
totalMemory: 10.73GiB freeMemory: 289.56MiB
2019-09-01 07:48:43.080328: I tensorflow/core/common_runtime/gpu/gpu_device.cc:1432] Found device 1 with properties: 
name: GeForce RTX 2080 Ti major: 7 minor: 5 memoryClockRate(GHz): 1.635
pciBusID: 0000:0b:00.0
totalMemory: 10.73GiB freeMemory: 10.26GiB
2019-09-01 07:48:43.206336: I tensorflow/stream_executor/cuda/cuda_gpu_executor.cc:964] successful NUMA node read from SysFS had negative value (-1), but there must be at least one NUMA node, so returning NUMA node zero
2019-09-01 07:48:43.207535: I tensorflow/core/common_runtime/gpu/gpu_device.cc:1432] Found device 2 with properties: 
name: GeForce RTX 2080 Ti major: 7 minor: 5 memoryClockRate(GHz): 1.635
pciBusID: 0000:42:00.0
totalMemory: 10.73Gi  >>> Info of model(s):
  using   4 model(s): ../graph.002.pb ../graph.000.pb ../graph.003.pb ../graph.001.pb 
  rcut in model:      5
  ntypes in model:    2
Neighbor list info ...
  update every 1 steps, delay 10 steps, check yes
  max neighbors/atom: 2000, page size: 100000
  master list distance cutoff = 6
  ghost atom cutoff = 6
  binsize = 3, bins = 4 4 4
  1 neighbor lists, perpetual/occasional/extra = 1 0 0
  (1) pair deepmd, perpetual
      attributes: , newton on
      pair build: full/bin/atomonly
      stencil: full/bin/3d
      bin: standard
Setting up Verlet run ...
  Unit style    : metal
  Current step  : 0
  Time step     : 0.002
Internal: Blas GEMM launch failed : a.shape=(64, 1), b.shape=(1, 10), m=64, n=10, k=1
	 [[{{node DS_layer_type_0/MatMul}} = MatMul[T=DT_DOUBLE, transpose_a=false, transpose_b=false, _device="/job:localhost/replica:0/task:0/device:GPU:0"](DS_layer_type_0/Slice_1, DS_layer_type_0/matrix_1_0)]]
	 [[{{node atom_virial_test/_31}} = _Recv[client_terminated=false, recv_device="/job:localhost/replica:0/task:0/device:CPU:0", send_device="/job:localhost/replica:0/task:0/device:GPU:0", send_device_incarnation=1, tensor_name="edge_1060_atom_virial_test", tensor_type=DT_DOUBLE, _device="/job:localhost/replica:0/task:0/device:CPU:0"]()]]
548: I tensorflow/core/common_runtime/gpu/gpu_device.cc:1115] Created TensorFlow device (/job:localhost/replica:0/task:0/device:GPU:0 with 201 MB memory) -> physical GPU (device: 0, name: GeForce RTX 2080 Ti, pci bus id: 0000:0a:00.0, compute capability: 7.5)
2019-09-01 07:48:44.627984: I tensorflow/core/common_runtime/gpu/gpu_device.cc:1115] Created TensorFlow device (/job:localhost/replica:0/task:0/device:GPU:1 with 9898 MB memory) -> physical GPU (device: 1, name: GeForce RTX 2080 Ti, pci bus id: 0000:0b:00.0, compute capability: 7.5)
2019-09-01 07:48:44.628250: I tensorflow/core/common_runtime/gpu/gpu_device.cc:1115] Created TensorFlow device (/job:localhost/replica:0/task:0/device:GPU:2 with 9898 MB memory) -> physical GPU (device: 2, name: GeForce RTX 2080 Ti, pci bus id: 0000:42:00.0, compute capability: 7.5)
2019-09-01 07:48:44.628474: I tensorflow/core/common_runtime/gpu/gpu_device.cc:1115] Created TensorFlow device (/job:localhost/replica:0/task:0/device:GPU:3 with 9627 MB memory) -> physical GPU (device: 3, name: GeForce RTX 2080 Ti, pci bus id: 0000:43:00.0, compute capability: 7.5)
2019-09-01 07:48:44.650119: I tensorflow/core/common_runtime/gpu/gpu_device.cc:1511] Adding visible gpu devices: 0, 1, 2, 3
2019-09-01 07:48:44.650508: I tensorflow/core/common_runtime/gpu/gpu_device.cc:982] Device interconnect StreamExecutor with strength 1 edge matrix:
2019-09-01 07:48:44.650520: I tensorflow/core/common_runtime/gpu/gpu_device.cc:988]      0 1 2 3 
2019-09-01 07:48:44.650527: I tensorflow/core/common_runtime/gpu/gpu_device.cc:1001] 0:   N N N N 
2019-09-01 07:48:44.650532: I tensorflow/core/common_runtime/gpu/gpu_device.cc:1001] 1:   N N N N 
2019-09-01 07:48:44.650549: I tensorflow/core/common_runtime/gpu/gpu_device.cc:1001] 2:   N N N N 
2019-09-01 07:48:44.650555: I tensorflow/core/common_runtime/gpu/gpu_device.cc:1001] 3:   N N N N 
2019-09-01 07:48:44.652134: I tensorflow/core/common_runtime/gpu/gpu_device.cc:1115] Created TensorFlow device (/job:localhost/replica:0/task:0/device:GPU:0 with 201 MB memory) -> physical GPU (device: 0, name: GeForce RTX 2080 Ti, pci bus id: 0000:0a:00.0, compute capability: 7.5)
2019-09-01 07:48:44.652352: I tensorflow/core/common_runtime/gpu/gpu_device.cc:1115] Created TensorFlow device (/job:localhost/replica:0/task:0/device:GPU:1 with 9898 MB memory) -> physical GPU (device: 1, name: GeForce RTX 2080 Ti, pci bus id: 0000:0b:00.0, compute capability: 7.5)
2019-09-01 07:48:44.652510: I tensorflow/core/common_runtime/gpu/gpu_device.cc:1115] Created TensorFlow device (/job:localhost/replica:0/task:0/device:GPU:2 with 9898 MB memory) -> physical GPU (device: 2, name: GeForce RTX 2080 Ti, pci bus id: 0000:42:00.0, compute capability: 7.5)
2019-09-01 07:48:44.652687: I tensorflow/core/common_runtime/gpu/gpu_device.cc:1115] Created TensorFlow device (/job:localhost/replica:0/task:0/device:GPU:3 with 9627 MB memory) -> physical GPU (device: 3, name: GeForce RTX 2080 Ti, pci bus id: 0000:43:00.0, compute capability: 7.5)
2019-09-01 07:48:44.667572: I tensorflow/core/common_runtime/gpu/gpu_device.cc:1511] Adding visible gpu devices: 0, 1, 2, 3
2019-09-01 07:48:44.667936: I tensorflow/core/common_runtime/gpu/gpu_device.cc:982] Device interconnect StreamExecutor with strength 1 edge matrix:
2019-09-01 07:48:44.667946: I tensorflow/core/common_runtime/gpu/gpu_device.cc:988]      0 1 2 3 
2019-09-01 07:48:44.667952: I tensorflow/core/common_runtime/gpu/gpu_device.cc:1001] 0:   N N N N 
2019-09-01 07:48:44.667957: I tensorflow/core/common_runtime/gpu/gpu_device.cc:1001] 1:   N N N N 
2019-09-01 07:48:44.667962: I tensorflow/core/common_runtime/gpu/gpu_device.cc:1001] 2:   N N N N 
2019-09-01 07:48:44.667968: I tensorflow/core/common_runtime/gpu/gpu_device.cc:1001] 3:   N N N N 
2019-09-01 07:48:44.669570: I tensorflow/core/common_runtime/gpu/gpu_device.cc:1115] Created TensorFlow device (/job:localhost/replica:0/task:0/device:GPU:0 with 201 MB memory) -> physical GPU (device: 0, name: GeForce RTX 2080 Ti, pci bus id: 0000:0a:00.0, compute capability: 7.5)
2019-09-01 07:48:44.669791: I tensorflow/core/common_runtime/gpu/gpu_device.cc:1115] Created TensorFlow device (/job:localhost/replica:0/task:0/device:GPU:1 with 9898 MB memory) -> physical GPU (device: 1, name: GeForce RTX 2080 Ti, pci bus id: 0000:0b:00.0, compute capability: 7.5)
2019-09-01 07:48:44.669922: I tensorflow/core/common_runtime/gpu/gpu_device.cc:1115] Created TensorFlow device (/job:localhost/replica:0/task:0/device:GPU:2 with 9898 MB memory) -> physical GPU (device: 2, name: GeForce RTX 2080 Ti, pci bus id: 0000:42:00.0, compute capability: 7.5)
2019-09-01 07:48:44.670078: I tensorflow/core/common_runtime/gpu/gpu_device.cc:1115] Created TensorFlow device (/job:localhost/replica:0/task:0/device:GPU:3 with 9627 MB memory) -> physical GPU (device: 3, name: GeForce RTX 2080 Ti, pci bus id: 0000:43:00.0, compute capability: 7.5)
2019-09-01 07:48:44.681092: I tensorflow/core/common_runtime/gpu/gpu_device.cc:1511] Adding visible gpu devices: 0, 1, 2, 3
2019-09-01 07:48:44.681461: I tensorflow/core/common_runtime/gpu/gpu_device.cc:982] Device interconnect StreamExecutor with strength 1 edge matrix:
2019-09-01 07:48:44.681472: I tensorflow/core/common_runtime/gpu/gpu_device.cc:988]      0 1 2 3 
2019-09-01 07:48:44.681478: I tensorflow/core/common_runtime/gpu/gpu_device.cc:1001] 0:   N N N N 
2019-09-01 07:48:44.681483: I tensorflow/core/common_runtime/gpu/gpu_device.cc:1001] 1:   N N N N 
2019-09-01 07:48:44.681489: I tensorflow/core/common_runtime/gpu/gpu_device.cc:1001] 2:   N N N N 
2019-09-01 07:48:44.681494: I tensorflow/core/common_runtime/gpu/gpu_device.cc:1001] 3:   N N N N 
2019-09-01 07:48:44.682980: I tensorflow/core/common_runtime/gpu/gpu_device.cc:1115] Created TensorFlow device (/job:localhost/replica:0/task:0/device:GPU:0 with 201 MB memory) -> physical GPU (device: 0, name: GeForce RTX 2080 Ti, pci bus id: 0000:0a:00.0, compute capability: 7.5)
2019-09-01 07:48:44.683141: I tensorflow/core/common_runtime/gpu/gpu_device.cc:1115] Created TensorFlow device (/job:localhost/replica:0/task:0/device:GPU:1 with 9898 MB memory) -> physical GPU (device: 1, name: GeForce RTX 2080 Ti, pci bus id: 0000:0b:00.0, compute capability: 7.5)
2019-09-01 07:48:44.683291: I tensorflow/core/common_runtime/gpu/gpu_device.cc:1115] Created TensorFlow device (/job:localhost/replica:0/task:0/device:GPU:2 with 9898 MB memory) -> physical GPU (device: 2, name: GeForce RTX 2080 Ti, pci bus id: 0000:42:00.0, compute capability: 7.5)
2019-09-01 07:48:44.683702: I tensorflow/core/common_runtime/gpu/gpu_device.cc:1115] Created TensorFlow device (/job:localhost/replica:0/task:0/device:GPU:3 with 9627 MB memory) -> physical GPU (device: 3, name: GeForce RTX 2080 Ti, pci bus id: 0000:43:00.0, compute capability: 7.5)
2019-09-01 07:48:44.708735: E tensorflow/stream_executor/cuda/cuda_driver.cc:806] failed to allocate 201.56M (211353600 bytes) from device: CUDA_ERROR_OUT_OF_MEMORY: out of memory
2019-09-01 07:48:45.054426: E tensorflow/stream_executor/cuda/cuda_blas.cc:464] failed to create cublas handle: CUBLAS_STATUS_NOT_INITIALIZED
2019-09-01 07:48:45.056479: E tensorflow/stream_executor/cuda/cuda_blas.cc:464] failed to create cublas handle: CUBLAS_STATUS_NOT_INITIALIZED
2019-09-01 07:48:45.058136: E tensorflow/stream_executor/cuda/cuda_blas.cc:464] failed to create cublas handle: CUBLAS_STATUS_NOT_INITIALIZED
2019-09-01 07:48:45.059080: E tensorflow/stream_executor/cuda/cuda_blas.cc:464] failed to create cublas handle: CUBLAS_STATUS_NOT_INITIALIZED
2019-09-01 07:48:45.060383: E tensorflow/stream_executor/cuda/cuda_blas.cc:464] failed to create cublas handle: CUBLAS_STATUS_NOT_INITIALIZED
2019-09-01 07:48:45.061389: E tensorflow/stream_executor/cuda/cuda_blas.cc:464] failed to create cublas handle: CUBLAS_STATUS_NOT_INITIALIZED
2019-09-01 07:48:45.062318: E tensorflow/stream_executor/cuda/cuda_blas.cc:464] failed to create cublas handle: CUBLAS_STATUS_NOT_INITIALIZED
2019-09-01 07:48:45.063213: E tensorflow/stream_executor/cuda/cuda_blas.cc:464] failed to create cublas handle: CUBLAS_STATUS_NOT_INITIALIZED
2019-09-01 07:48:45.064325: E tensorflow/stream_executor/cuda/cuda_blas.cc:464] failed to create cublas handle: CUBLAS_STATUS_NOT_INITIALIZED
2019-09-01 07:48:45.065323: E tensorflow/stream_executor/cuda/cuda_blas.cc:464] failed to create cublas handle: CUBLAS_STATUS_NOT_INITIALIZED
2019-09-01 07:48:45.066273: E tensorflow/stream_executor/cuda/cuda_blas.cc:464] failed to create cublas handle: CUBLAS_STATUS_NOT_INITIALIZED
2019-09-01 07:48:45.067217: E tensorflow/stream_executor/cuda/cuda_blas.cc:464] failed to create cublas handle: CUBLAS_STATUS_NOT_INITIALIZED
2019-09-01 07:48:45.068611: E tensorflow/stream_executor/cuda/cuda_blas.cc:464] failed to create cublas handle: CUBLAS_STATUS_NOT_INITIALIZED
2019-09-01 07:48:45.069577: E tensorflow/stream_executor/cuda/cuda_blas.cc:464] failed to create cublas handle: CUBLAS_STATUS_NOT_INITIALIZED
2019-09-01 07:48:45.070585: E tensorflow/stream_executor/cuda/cuda_blas.cc:464] failed to create cublas handle: CUBLAS_STATUS_NOT_INITIALIZED
2019-09-01 07:48:45.071489: E tensorflow/stream_executor/cuda/cuda_blas.cc:464] failed to create cublas handle: CUBLAS_STATUS_NOT_INITIALIZED
2019-09-01 07:48:45.072541: E tensorflow/stream_executor/cuda/cuda_blas.cc:464] failed to create cublas handle: CUBLAS_STATUS_NOT_INITIALIZED
2019-09-01 07:48:45.073494: E tensorflow/stream_executor/cuda/cuda_blas.cc:464] failed to create cublas handle: CUBLAS_STATUS_NOT_INITIALIZED
2019-09-01 07:48:45.074533: E tensorflow/stream_executor/cuda/cuda_blas.cc:464] failed to create cublas handle: CUBLAS_STATUS_NOT_INITIALIZED
2019-09-01 07:48:45.075459: E tensorflow/stream_executor/cuda/cuda_blas.cc:464] failed to create cublas handle: CUBLAS_STATUS_NOT_INITIALIZED
2019-09-01 07:48:45.076666: E tensorflow/stream_executor/cuda/cuda_blas.cc:464] failed to create cublas handle: CUBLAS_STATUS_NOT_INITIALIZED
2019-09-01 07:48:45.077630: E tensorflow/stream_executor/cuda/cuda_blas.cc:464] failed to create cublas handle: CUBLAS_STATUS_NOT_INITIALIZED
2019-09-01 07:48:45.078649: E tensorflow/stream_executor/cuda/cuda_blas.cc:464] failed to create cublas handle: CUBLAS_STATUS_NOT_INITIALIZED
2019-09-01 07:48:45.079571: E tensorflow/stream_executor/cuda/cuda_blas.cc:464] failed to create cublas handle: CUBLAS_STATUS_NOT_INITIALIZED
2019-09-01 07:48:45.080668: E tensorflow/stream_executor/cuda/cuda_blas.cc:464] failed to create cublas handle: CUBLAS_STATUS_NOT_INITIALIZED
2019-09-01 07:48:45.081632: E tensorflow/stream_executor/cuda/cuda_blas.cc:464] failed to create cublas handle: CUBLAS_STATUS_NOT_INITIALIZED
2019-09-01 07:48:45.082617: E tensorflow/stream_executor/cuda/cuda_blas.cc:464] failed to create cublas handle: CUBLAS_STATUS_NOT_INITIALIZED
2019-09-01 07:48:45.083500: E tensorflow/stream_executor/cuda/cuda_blas.cc:464] failed to create cublas handle: CUBLAS_STATUS_NOT_INITIALIZED
2019-09-01 07:48:45.084812: E tensorflow/stream_executor/cuda/cuda_blas.cc:464] failed to create cublas handle: CUBLAS_STATUS_NOT_INITIALIZED
2019-09-01 07:48:45.085750: E tensorflow/stream_executor/cuda/cuda_blas.cc:464] failed to create cublas handle: CUBLAS_STATUS_NOT_INITIALIZED
2019-09-01 07:48:45.086675: E tensorflow/stream_executor/cuda/cuda_blas.cc:464] failed to create cublas handle: CUBLAS_STATUS_NOT_INITIALIZED
2019-09-01 07:48:45.087628: E tensorflow/stream_executor/cuda/cuda_blas.cc:464] failed to create cublas handle: CUBLAS_STATUS_NOT_INITIALIZED
2019-09-01 07:48:45.088723: E tensorflow/stream_executor/cuda/cuda_blas.cc:464] failed to create cublas handle: CUBLAS_STATUS_NOT_INITIALIZED
2019-09-01 07:48:45.089660: E tensorflow/stream_executor/cuda/cuda_blas.cc:464] failed to create cublas handle: CUBLAS_STATUS_NOT_INITIALIZED
2019-09-01 07:48:45.090601: E tensorflow/stream_executor/cuda/cuda_blas.cc:464] failed to create cublas handle: CUBLAS_STATUS_NOT_INITIALIZED
2019-09-01 07:48:45.091581: E tensorflow/stream_executor/cuda/cuda_blas.cc:464] failed to create cublas handle: CUBLAS_STATUS_NOT_INITIALIZED
2019-09-01 07:48:45.092656: E tensorflow/stream_executor/cuda/cuda_blas.cc:464] failed to create cublas handle: CUBLAS_STATUS_NOT_INITIALIZED
2019-09-01 07:48:45.093586: E tensorflow/stream_executor/cuda/cuda_blas.cc:464] failed to create cublas handle: CUBLAS_STATUS_NOT_INITIALIZED
2019-09-01 07:48:45.094469: E tensorflow/stream_executor/cuda/cuda_blas.cc:464] failed to create cublas handle: CUBLAS_STATUS_NOT_INITIALIZED
2019-09-01 07:48:45.095437: E tensorflow/stream_executor/cuda/cuda_blas.cc:464] failed to create cublas handle: CUBLAS_STATUS_NOT_INITIALIZED
2019-09-01 07:48:45.102476: E tensorflow/stream_executor/cuda/cuda_blas.cc:464] failed to create cublas handle: CUBLAS_STATUS_NOT_INITIALIZED
2019-09-01 07:48:45.102536: W tensorflow/stream_executor/stream.cc:2127] attempting to perform BLAS operation using StreamExecutor without BLAS support
