2019-09-01 09:03:51.670542: I tensorflow/core/platform/cpu_feature_guard.cc:141] Your CPU supports instructions that this TensorFlow binary was not compiled to use: AVX AVX2 FMA
2019-09-01 09:03:51.923698: I tensorflow/core/common_runtime/gpu/gpu_device.cc:1432] Found device 0 with properties: 
name: GeForce RTX 2080 Ti major: 7 minor: 5 memoryClockRate(GHz): 1.635
pciBusID: 0000:0a:00.0
totalMemory: 10.73GiB freeMemory: 10.53GiB
2019-09-01 09:03:52.047455: I tensorflow/core/common_runtime/gpu/gpu_device.cc:1432] Found device 1 with properties: 
name: GeForce RTX 2080 Ti major: 7 minor: 5 memoryClockRate(GHz): 1.635
pciBusID: 0000:0b:00.0
totalMemory: 10.73GiB freeMemory: 10.53GiB
2019-09-01 09:03:52.174691: I tensorflow/stream_executor/cuda/cuda_gpu_executor.cc:964] successful NUMA node read from SysFS had negative value (-1), but there must be at least one NUMA node, so returning NUMA node zero
2019-09-01 09:03:52.175860: I tensorflow/core/common_runtime/gpu/gpu_device.cc:1432] Found device 2 with properties: 
name: GeForce RTX 2080 Ti major: 7 minor: 5 memoryClockRate(GHz): 1.635
pciBusID: 0000:42:00.0
totalMemory: 10.73GiB  >>> Info of model(s):
  using   4 model(s): ../graph.002.pb ../graph.000.pb ../graph.003.pb ../graph.001.pb 
  rcut in model:      5
  ntypes in model:    2
Neighbor list info ...
  update every 1 steps, delay 10 steps, check yes
  max neighbors/atom: 2000, page size: 100000
  master list distance cutoff = 6
  ghost atom cutoff = 6
  binsize = 3, bins = 4 4 4
  1 neighbor lists, perpetual/occasional/extra = 1 0 0
  (1) pair deepmd, perpetual
      attributes: , newton on
      pair build: full/bin/atomonly
      stencil: full/bin/3d
      bin: standard
Setting up Verlet run ...
  Unit style    : metal
  Current step  : 0
  Time step     : 0.002
Per MPI rank memory allocation (min/avg/max) = 3.934 | 3.934 | 3.934 Mbytes
Step Temp PotEng KinEng TotEng Press Volume Lx Ly Lz Xy Xz Yz 
       0          100   -219.69423  0.051704058   -219.64253   -1815.0894         1000           10           10           10            0            0            0 
      10    80.697187   -219.67835   0.04172372   -219.63662   -2254.2954         1000           10           10           10            0            0            0 
      20    72.603993   -219.67703  0.037539211   -219.63949   -1934.9157         1000           10           10           10            0            0            0 
      30    135.80051   -219.71894  0.070214375   -219.64873   -1087.8159         1000           10           10           10            0            0            0 
      40    162.35876   -219.74026  0.083946067   -219.65631    174.36275         1000           10           10           10            0            0            0 
      50    100.35334   -219.70146   0.05188675   -219.64957    1435.5291         1000           10           10           10            0            0            0 
      60    89.219049   -219.69035  0.046129869   -219.64422    2129.0216         1000           10           10           10            0            0            0 
      70    84.168499   -219.69407   0.04351853   -219.65055    1995.0302         1000           10           10           10            0            0            0 
      80    135.37436   -219.73446  0.069994035   -219.66447    1130.4945         1000           10           10           10            0            0            0 
      90     118.9089    -219.7314  0.061480729   -219.66992   -55.100797         1000           10           10           10            0            0            0 
     100    98.949945   -219.71996  0.051161137    -219.6688   -1164.6914         1000           10           10           10            0            0            0 
     110    69.191985   -219.70459  0.035775064   -219.66881    -1806.165         1000           10           10           10            0            0            0 
     120    55.817543   -219.70423  0.028859935   -219.67537   -1822.3531         1000           10           10           10            0            0            0 
     130    67.755687   -219.72186   0.03503244   -219.68683   -1247.5628         1000           10           10           10            0            0            0 
     140    86.115388   -219.74145   0.04452515   -219.69693   -362.77102         1000           10           10           10            0            0            0 
     150    96.446591   -219.75139  0.049866802   -219.70153    590.13259         1000           10           10           10            0            0            0 
     160     53.27505   -219.72559  0.027545363   -219.69804    1382.0466         1000           10           10           10            0            0            0 
     170    44.501128   -219.71932  0.023008889   -219.69631    1669.2714         1000           10           10           10            0            0            0 
     180    53.456146   -219.72768  0.027638997   -219.70004    1387.2391         1000           10           10           10            0            0            0 
     190    85.335012   -219.74888  0.044121664   -219.70475    634.92304         1000           10           10           10            0            0            0 
     200    81.777138   -219.74449  0.042282099   -219.70221   -299.32577         1000           10           10           10            0            0            0 
     210    60.871018   -219.72518  0.031472786   -219.69371   -1165.2857         1000           10           10           10            0            0            0 
     220    55.431198   -219.71167  0.028660179   -219.68301   -1750.0172         1000           10           10           10            0            0            0 
     230    60.020788   -219.70533  0.031033183    -219.6743   -1817.9734         1000           10           10           10            0            0            0 
     240     100.8444   -219.72224  0.052140645    -219.6701   -1291.8211         1000           10           10           10            0            0            0 
     250    122.92393   -219.72745   0.06355666   -219.66389   -225.68806         1000           10           10           10            0            0            0 
     260    161.98464   -219.73724  0.083752634   -219.65348    1017.5603         1000           10           10           10            0            0            0 
     270    111.71239   -219.69276  0.057759836     -219.635    2100.5881         1000           10           10           10            0            0            0 
     280    88.289887   -219.66883  0.045649454   -219.62318    2384.8844         1000           10           10           10            0            0            0 
     290    144.68116   -219.70331  0.074806033    -219.6285    1728.4554         1000           10           10           10            0            0            0 
     300    180.15392   -219.72372  0.093146885   -219.63058    415.83672         1000           10           10           10            0            0            0 
     310    129.89623   -219.68967  0.067161624    -219.6225   -929.52156         1000           10           10           10            0            0            0 
     320     70.36122   -219.65184  0.036379606   -219.61546   -1828.4009         1000           10           10           10            0            0            0 
     330    67.070718   -219.64941  0.034678283   -219.61473   -2006.0135         1000           10           10           10            0            0            0 
     340    111.93727   -219.68612  0.057876109   -219.62824   -1270.4282         1000           10           10           10            0            0            0 
     350    148.61838   -219.71675  0.076841735   -219.63991   -63.667454         1000           10           10           10            0            0            0 
     360    94.783384   -219.68798  0.049006856   -219.63898    1238.8787         1000           10           10           10            0            0            0 
     370    106.95255   -219.69237  0.055298806   -219.63707    2067.6122         1000           10           10           10            0            0            0 
     380    66.469608   -219.67437  0.034367485   -219.64001    2178.8967         1000           10           10           10            0            0            0 
     390    72.267106   -219.69229  0.037365027   -219.65492    1590.6168         1000           10           10           10            0            0            0 
     400    108.35816   -219.72596  0.056025563   -219.66993    453.61881         1000           10           10           10            0            0            0 
     410    102.56801   -219.72636  0.053031822   -219.67333   -689.45433         1000           10           10           10            0            0            0 
     420    61.132672   -219.70445  0.031608072   -219.67284   -1450.5356         1000           10           10           10            0            0            0 
     430    25.474003   -219.68877  0.013171093    -219.6756   -1692.6974         1000           10           10           10            0            0            0 
     440    53.761303   -219.71272  0.027796775   -219.68492    -1417.687         1000           10           10           10            0            0            0 
     450    69.862336   -219.73161  0.036121663   -219.69549   -679.62955         1000           10           10           10            0            0            0 
     460    76.821202   -219.74271  0.039719679   -219.70299    247.86578         1000           10           10           10            0            0            0 
     470     41.02949   -219.72469  0.021213911   -219.70348    1079.5238         1000           10           10           10            0            0            0 
     480    35.677168   -219.72305  0.018446544    -219.7046    1479.7564         1000           10           10           10            0            0            0 
     490    36.167014   -219.72828  0.018699814   -219.70958    1389.0773         1000           10           10           10            0            0            0 
     500    34.004921   -219.73444  0.017581924   -219.71686    902.91492         1000           10           10           10            0            0            0 
     510    43.544615   -219.74499  0.022514333   -219.72247     177.0459         1000           10           10           10            0            0            0 
     520    38.706073   -219.74373   0.02001261   -219.72372   -536.50302         1000           10           10           10            0            0            0 
     530    29.976408   -219.73819  0.015499019   -219.72269   -1038.5716         1000           10           10           10            0            0            0 
     540    7.9297252   -219.72596 0.0040999897   -219.72186   -1192.4048         1000           10           10           10            0            0            0 
     550    20.459315   -219.73433  0.010578296   -219.72375   -1023.3995         1000           10           10           10            0            0            0 
     560    35.681514   -219.74424  0.018448791   -219.72579   -553.07092         1000           10           10           10            0            0            0 
     570    43.936097   -219.74765  0.022716745   -219.72493    118.64987         1000           10           10           10            0            0            0 
     580    33.036887   -219.73534  0.017081411   -219.71826    854.95088         1000           10           10           10            0            0            0 
     590     17.90096   -219.71529 0.0092555225   -219.70603    1418.4197         1000           10           10           10            0            0            0 
     600    44.942238   -219.72017  0.023236961   -219.69693    1566.4465         1000           10           10           10            0            0            0 
     610    51.671031   -219.71884   0.02671602   -219.69213    1196.4142         1000           10           10           10            0            0            0 
     620    73.558173   -219.72717   0.03803256   -219.68913    361.76238         1000           10           10           10            0            0            0 
     630    73.219233    -219.7185  0.037857315   -219.68064   -658.35163         1000           10           10           10            0            0            0 
     640    69.043477   -219.70402  0.035698279   -219.66832   -1519.6585         1000           10           10           10            0            0            0 
     650    33.837821   -219.67471  0.017495527   -219.65721   -1815.7124         1000           10           10           10            0            0            0 
     660    52.474764   -219.68128  0.027131582   -219.65415   -1492.4214         1000           10           10           10            0            0            0 
     670    112.94824    -219.7135  0.058398823   -219.65511   -650.02741         1000           10           10           10            0            0            0 
     680    124.66092   -219.71483  0.064454753   -219.65038    561.22196         1000           10           10           10            0            0            0 
     690     105.8545   -219.68924  0.054731072   -219.63451    1779.8268         1000           10           10           10            0            0            0 
     700    36.612366   -219.63445  0.018930079   -219.61552    2423.1521         1000           10           10           10            0            0            0 
     710    114.84221   -219.67765  0.059378081   -219.61827    2135.5301         1000           10           10           10            0            0            0 
     720     145.4231   -219.70175  0.075189641   -219.62656    1085.5228         1000           10           10           10            0            0            0 
     730    150.56619   -219.70281  0.077848831   -219.62496   -274.11578         1000           10           10           10            0            0            0 
     740    107.34054   -219.67044  0.055499415   -219.61494   -1484.7671         1000           10           10           10            0            0            0 
     750     100.6417   -219.65857  0.052035842   -219.60653   -2298.2875         1000           10           10           10            0            0            0 
     760    100.88359   -219.66108  0.052160912   -219.60892   -2141.4559         1000           10           10           10            0            0            0 
     770    125.30404   -219.68555  0.064787272   -219.62076   -1189.5649         1000           10           10           10            0            0            0 
     780    194.64824    -219.7402   0.10064104   -219.63956    170.81618         1000           10           10           10            0            0            0 
     790    143.70488   -219.71542  0.074301256   -219.64112    1474.3453         1000           10           10           10            0            0            0 
     800    91.622852   -219.68613  0.047372733   -219.63876    2129.5309         1000           10           10           10            0            0            0 
     810    59.737987   -219.67858  0.030886963   -219.64769    1966.6343         1000           10           10           10            0            0            0 
     820    121.97437   -219.73161  0.063065698   -219.66854    1009.1113         1000           10           10           10            0            0            0 
     830    116.28218   -219.73957  0.060122604   -219.67945   -136.45356         1000           10           10           10            0            0            0 
     840    78.381047   -219.72188  0.040526182   -219.68135   -1109.5812         1000           10           10           10            0            0            0 
     850    42.886329   -219.70349  0.022173972   -219.68132   -1693.4792         1000           10           10           10            0            0            0 
     860    54.006669   -219.71308  0.027923639   -219.68516   -1778.2461         1000           10           10           10            0            0            0 
     870     74.13996   -219.73053  0.038333368   -219.69219   -1309.8054         1000           10           10           10            0            0            0 
     880    68.996633   -219.73302  0.035674059   -219.69735    -429.5217         1000           10           10           10            0            0            0 
     890    86.449807   -219.74295  0.044698058   -219.69825    536.35246         1000           10           10           10            0            0            0 
     900    67.717763   -219.72587  0.035012831   -219.69086    1384.6245         1000           10           10           10            0            0            0 
     910    58.277868   -219.71329  0.030132022   -219.68316    1795.9257         1000           10           10           10            0            0            0 
     920    43.443725   -219.70328  0.022462169   -219.68082    1625.3151         1000           10           10           10            0            0            0 
     930    99.771991    -219.7362  0.051586168   -219.68462    802.03067         1000           10           10           10            0            0            0 
     940    121.80379   -219.74358  0.062977502   -219.68061   -330.43698         1000           10           10           10            0            0            0 
     950    84.131842   -219.71096  0.043499577   -219.66746   -1331.5489         1000           10           10           10            0            0            0 
     960    54.775879     -219.682  0.028321352   -219.65368   -1996.7955         1000           10           10           10            0            0            0 
     970     60.85283   -219.67883  0.031463383   -219.64737   -2061.3483         1000           10           10           10            0            0            0 
     980     137.6477   -219.72321  0.071169447   -219.65204   -1484.0734         1000           10           10           10            0            0            0 
     990    126.56998   -219.72147  0.065441815   -219.65603   -273.26525         1000           10           10           10            0            0            0 
    1000    117.67675   -219.71153  0.060843656   -219.65069    1042.0957         1000           10           10           10            0            0            0 
    1010    91.006251   -219.68312  0.047053925   -219.63607    2001.0566         1000           10           10           10            0            0            0 
    1020    94.175971   -219.67987  0.048692799   -219.63117    2176.0345         1000           10           10           10            0            0            0 
    1030    78.534288   -219.67923  0.040605414   -219.63863    1561.7642         1000           10           10           10            0            0            0 
    1040    120.05823   -219.71038  0.062074979    -219.6483    357.05986         1000           10           10           10            0            0            0 
    1050    139.49241   -219.71731  0.072123235   -219.64518   -954.83107         1000           10           10           10            0            0            0 
    1060    63.757958   -219.67002  0.032965452   -219.63706   -1825.3183         1000           10           10           10            0            0            0 
    1070    50.979519   -219.66059   0.02635848   -219.63423   -2144.2989         1000           10           10           10            0            0            0 
    1080    53.576899   -219.66839  0.027701431   -219.64069   -1717.8501         1000           10           10           10            0            0            0 
    1090    146.21358   -219.72802  0.075598354   -219.65242    -842.2792         1000           10           10           10            0            0            0 
    1100    122.81022   -219.71961  0.063497868   -219.65611    459.28421         1000           10           10           10            0            0            0 
    1110    67.211514   -219.68119   0.03475108   -219.64644    1602.2465         1000           10           10           10            0            0            0 
    1120     58.99078   -219.67183  0.030500627   -219.64133     2102.998         1000           10           10           10            0            0            0 
    1130     83.71566   -219.69196  0.043284393   -219.64868    1797.0197         1000           10           10           10            0            0            0 
    1140    106.84392   -219.71666  0.055242645   -219.66141    875.67588         1000           10           10           10            0            0            0 
    1150    86.677601   -219.71044  0.044815837   -219.66563     -272.441         1000           10           10           10            0            0            0 
    1160    99.789879   -219.71481  0.051595417   -219.66321    -1361.153         1000           10           10           10            0            0            0 
    1170     48.20333   -219.68316  0.024923078   -219.65824   -1902.3212         1000           10           10           10            0            0            0 
    1180    48.932184   -219.68544  0.025299925   -219.66014   -1847.8297         1000           10           10           10            0            0            0 
    1190     60.59605   -219.69919  0.031330617   -219.66786   -1167.9948         1000           10           10           10            0            0            0 
    1200    105.26257   -219.72957  0.054425023   -219.67514   -217.02933         1000           10           10           10            0            0            0 
    1210     101.8326   -219.72785  0.052651586    -219.6752    874.05233         1000           10           10           10            0            0            0 
    1220    43.275528   -219.68887  0.022375204    -219.6665    1719.3556         1000           10           10           10            0            0            0 
    1230    45.632001   -219.68802  0.023593596   -219.66443    1899.7538         1000           10           10           10            0            0            0 
    1240    75.134792   -219.71085  0.038847736     -219.672    1397.3411         1000           10           10           10            0            0            0 
    1250    121.24815   -219.74127  0.062690213   -219.67858    377.40257         1000           10           10           10            0            0            0 
    1260    75.887957    -219.7115  0.039237153   -219.67226   -673.87329         1000           10           10           10            0            0            0 
    1270    78.750914   -219.70254  0.040717418   -219.66182    -1609.275         1000           10           10           10            0            0            0 
    1280    59.364124   -219.68028  0.030693661   -219.64959   -2064.7368         1000           10           10           10            0            0            0 
    1290    75.056749   -219.68208  0.038807385   -219.64327    -1833.446         1000           10           10           10            0            0            0 
    1300    118.60092   -219.70236   0.06132149   -219.64103   -941.57901         1000           10           10           10            0            0            0 
    1310    138.81878    -219.7056  0.071774943   -219.63383    314.58221         1000           10           10           10            0            0            0 
    1320    172.43357   -219.70769  0.089155152   -219.61853    1585.6537         1000           10           10           10            0            0            0 
    1330    93.071023   -219.64676  0.048121496   -219.59864    2399.7427         1000           10           10           10            0            0            0 
    1340    138.80348   -219.67686  0.071767032    -219.6051    2083.3075         1000           10           10           10            0            0            0 
    1350    196.60716   -219.71471   0.10165388   -219.61306    846.66705         1000           10           10           10            0            0            0 
    1360    234.49658    -219.7237   0.12124425   -219.60246   -729.70488         1000           10           10           10            0            0            0 
    1370    86.174491   -219.63443  0.044555709   -219.58988    -1759.304         1000           10           10           10            0            0            0 
    1380    66.434348   -219.62483  0.034349254   -219.59049   -2032.2377         1000           10           10           10            0            0            0 
    1390    127.75345   -219.67528   0.06605372   -219.60923   -1407.2854         1000           10           10           10            0            0            0 
    1400    142.12041   -219.70321  0.073482021   -219.62973   -183.54946         1000           10           10           10            0            0            0 
    1410    109.17766   -219.69718  0.056449282   -219.64073    1088.2116         1000           10           10           10            0            0            0 
    1420    49.074863   -219.67165  0.025373696   -219.64628    1912.8075         1000           10           10           10            0            0            0 
    1430    76.994326   -219.69809  0.039809191   -219.65828    1964.6977         1000           10           10           10            0            0            0 
    1440    53.472058   -219.70007  0.027647224   -219.67242    1461.3803         1000           10           10           10            0            0            0 
    1450    81.391457   -219.72703  0.042082686   -219.68495    515.52237         1000           10           10           10            0            0            0 
    1460     71.45384   -219.72282  0.036944535   -219.68588   -509.77272         1000           10           10           10            0            0            0 
    1470    65.286627   -219.71589  0.033755836   -219.68214   -1314.3373         1000           10           10           10            0            0            0 
    1480     36.46963   -219.69637  0.018856279   -219.67751   -1653.3581         1000           10           10           10            0            0            0 
    1490    23.966816   -219.68985  0.012391816   -219.67746   -1429.4153         1000           10           10           10            0            0            0 
    1500    85.010243    -219.7257  0.043953745   -219.68174   -811.68834         1000           10           10           10            0            0            0 
    1510    91.895291   -219.72982  0.047513594   -219.68231    186.53839         1000           10           10           10            0            0            0 
    1520      81.4681   -219.71669  0.042122313   -219.67457    1229.0792         1000           10           10           10            0            0            0 
    1530     26.60283   -219.67468  0.013754743   -219.66093    1951.1854         1000           10           10           10            0            0            0 
    1540    71.850523   -219.69494  0.037149636   -219.65779    1929.9923         1000           10           10           10            0            0            0 
    1550     99.41272   -219.71226   0.05140041   -219.66086    1268.6503         1000           10           10           10            0            0            0 
    1560    106.32046   -219.71467  0.054971992    -219.6597    216.49593         1000           10           10           10            0            0            0 
    1570    99.308129   -219.70026  0.051346333   -219.64892   -953.70695         1000           10           10           10            0            0            0 
    1580    74.682997    -219.6743   0.03861414   -219.63569    -1814.047         1000           10           10           10            0            0            0 
    1590    90.924506   -219.67386  0.047011659   -219.62685   -2104.7354         1000           10           10           10            0            0            0 
    1600    80.756866   -219.66779  0.041754577   -219.62603   -1436.4886         1000           10           10           10            0            0            0 
    1610    173.73214   -219.72271  0.089826569   -219.63289   -295.26327         1000           10           10           10            0            0            0 
    1620    174.33687   -219.72384  0.090139239    -219.6337    1103.2185         1000           10           10           10            0            0            0 
    1630    139.63425   -219.69163  0.072196576   -219.61944     2179.573         1000           10           10           10            0            0            0 
    1640     74.24294   -219.64756  0.038386613   -219.60917    2410.0054         1000           10           10           10            0            0            0 
    1650    139.31843   -219.69334  0.072033282    -219.6213    1629.7547         1000           10           10           10            0            0            0 
    1660      202.024   -219.73648    0.1044546   -219.63203    227.51834         1000           10           10           10            0            0            0 
    1670    118.44642   -219.69272  0.061241607   -219.63148   -1026.5573         1000           10           10           10            0            0            0 
    1680    77.353308   -219.67594  0.039994799   -219.63595   -1894.3422         1000           10           10           10            0            0            0 
    1690    53.395979   -219.67822  0.027607888   -219.65061   -2021.3709         1000           10           10           10            0            0            0 
    1700    88.398049   -219.71956  0.045705378   -219.67385   -1500.1953         1000           10           10           10            0            0            0 
    1710    73.082555   -219.72831  0.037786647   -219.69052   -542.98042         1000           10           10           10            0            0            0 
    1720     71.62503   -219.73512  0.037033047   -219.69809    433.83295         1000           10           10           10            0            0            0 
    1730    61.879502   -219.72977  0.031994214   -219.69777    1215.0695         1000           10           10           10            0            0            0 
    1740    43.224889   -219.71726  0.022349022   -219.69491    1598.9618         1000           10           10           10            0            0            0 
    1750    37.483298   -219.71577  0.019380386   -219.69639    1471.3394         1000           10           10           10            0            0            0 
    1760    53.265101   -219.72911  0.027540219   -219.70157    841.82724         1000           10           10           10            0            0            0 
    1770    89.506603    -219.7491  0.046278546   -219.70282   -94.268608         1000           10           10           10            0            0            0 
    1780    60.251545   -219.72734  0.031152494   -219.69619    -929.5025         1000           10           10           10            0            0            0 
    1790    39.623806   -219.70773  0.020487115   -219.68724   -1522.7307         1000           10           10           10            0            0            0 
    1800    35.996177   -219.69851  0.018611484    -219.6799   -1666.4643         1000           10           10           10            0            0            0 
    1810    88.183609   -219.72342  0.045594505   -219.67782     -1301.81         1000           10           10           10            0            0            0 
    1820     106.6802     -219.731  0.055157994   -219.67584   -399.70927         1000           10           10           10            0            0            0 
    1830     92.82557   -219.71353  0.047994587   -219.66554    779.99251         1000           10           10           10            0            0            0 
    1840     93.84544   -219.69734  0.048521901   -219.64881    1771.6565         1000           10           10           10            0            0            0 
    1850    80.783972     -219.676  0.041768592   -219.63423    2172.2313         1000           10           10           10            0            0            0 
    1860    103.20889   -219.68601  0.053363184   -219.63265    1815.4558         1000           10           10           10            0            0            0 
    1870    101.45886   -219.68948   0.05245835   -219.63702    780.82026         1000           10           10           10            0            0            0 
    1880    147.06298   -219.71006  0.076037529   -219.63402    -584.4024         1000           10           10           10            0            0            0 
    1890    89.398871   -219.66932  0.046222844   -219.62309   -1533.8087         1000           10           10           10            0            0            0 
    1900    55.562507   -219.64642  0.028728071   -219.61769    -1847.046         1000           10           10           10            0            0            0 
    1910    85.163258   -219.66885  0.044032861   -219.62482   -1372.8702         1000           10           10           10            0            0            0 
    1920     176.3052   -219.72625  0.091156944   -219.63509   -363.89927         1000           10           10           10            0            0            0 
    1930    154.96292   -219.71926  0.080122119   -219.63914    957.00101         1000           10           10           10            0            0            0 
    1940    91.287426    -219.6818  0.047199304    -219.6346    1975.2956         1000           10           10           10            0            0            0 
    1950    110.14827   -219.69526  0.056951127   -219.63831    2120.3319         1000           10           10           10            0            0            0 
    1960    128.07175   -219.71706  0.066218294   -219.65084    1475.7751         1000           10           10           10            0            0            0 
    1970    159.88446   -219.74405  0.082666752   -219.66138    335.33991         1000           10           10           10            0            0            0 
    1980    97.361391   -219.71228   0.05033979   -219.66194   -746.59614         1000           10           10           10            0            0            0 
    1990    100.05402   -219.71556   0.05173199   -219.66383    -1600.832         1000           10           10           10            0            0            0 
    2000    70.542115   -219.70508  0.036473136   -219.66861   -1818.6332         1000           10           10           10            0            0            0 
    2010    68.594125   -219.71759  0.035465946   -219.68212   -1394.2491         1000           10           10           10            0            0            0 
    2020    75.547021   -219.73619  0.039060876   -219.69712    -595.7977         1000           10           10           10            0            0            0 
    2030    81.156058   -219.74958  0.041960975   -219.70762     282.0587         1000           10           10           10            0            0            0 
    2040    73.870008   -219.74851  0.038193792   -219.71032    982.27314         1000           10           10           10            0            0            0 
    2050    31.069405   -219.72579  0.016064143   -219.70973    1342.7452         1000           10           10           10            0            0            0 
    2060    49.608668   -219.73858  0.025649694   -219.71293    1208.3947         1000           10           10           10            0            0            0 
    2070    58.335196   -219.74638  0.030161664   -219.71622    692.85383         1000           10           10           10            0            0            0 
    2080    75.593474   -219.75576  0.039084894   -219.71668   -49.022767         1000           10           10           10            0            0            0 
    2090    50.214802   -219.73763  0.025963091   -219.71166   -747.96031         1000           10           10           10            0            0            0 
    2100    39.217285    -219.7254  0.020276928   -219.70512   -1263.5629         1000           10           10           10            0            0            0 
    2110    51.885507   -219.72744  0.026826913   -219.70061   -1425.6539         1000           10           10           10            0            0            0 
    2120    58.740462   -219.72974  0.030371203   -219.69937   -1059.2686         1000           10           10           10            0            0            0 
    2130    80.761626   -219.74048  0.041757038   -219.69872   -342.10237         1000           10           10           10            0            0            0 
    2140    72.324626   -219.73214  0.037394766   -219.69474    558.36473         1000           10           10           10            0            0            0 
    2150     97.46441   -219.73913  0.050393055   -219.68874     1279.488         1000           10           10           10            0            0            0 
    2160     54.89889   -219.70911  0.028384954   -219.68072    1645.3114         1000           10           10           10            0            0            0 
    2170    79.328089   -219.72188  0.041015841   -219.68087    1383.3736         1000           10           10           10            0            0            0 
    2180    108.06102   -219.73802  0.055871935   -219.68215    521.87569         1000           10           10           10            0            0            0 
    2190    121.24561   -219.73943  0.062688901   -219.67674   -537.63316         1000           10           10           10            0            0            0 
    2200    101.38505   -219.71756  0.052420186   -219.66514   -1427.2077         1000           10           10           10            0            0            0 
    2210    52.013489    -219.6812  0.026893085   -219.65431   -1794.6174         1000           10           10           10            0            0            0 
    2220    115.46801   -219.71256  0.059701649   -219.65286   -1667.8399         1000           10           10           10            0            0            0 
    2230    134.00394   -219.72532  0.069285475   -219.65603   -851.09543         1000           10           10           10            0            0            0 
    2240     161.7116   -219.74183  0.083611461   -219.65822    316.71005         1000           10           10           10            0            0            0 
    2250    96.940069   -219.69368  0.050121949   -219.64356    1479.1877         1000           10           10           10            0            0            0 
    2260    109.58115    -219.6848  0.056657903   -219.62815    1945.7597         1000           10           10           10            0            0            0 
    2270    120.63425   -219.69053  0.062372801   -219.62815    1510.8414         1000           10           10           10            0            0            0 
    2280    119.31845   -219.69268  0.061692481   -219.63099    484.20019         1000           10           10           10            0            0            0 
    2290     138.1652   -219.69738  0.071437017   -219.62594   -799.00222         1000           10           10           10            0            0            0 
    2300    83.237626   -219.66062  0.043037231   -219.61759   -1738.3134         1000           10           10           10            0            0            0 
    2310    89.728672    -219.6606  0.046393364    -219.6142   -2140.0263         1000           10           10           10            0            0            0 
    2320    65.573312   -219.65367  0.033904063   -219.61976   -1693.1125         1000           10           10           10            0            0            0 
    2330    145.22781   -219.70638  0.075088671   -219.63129   -768.84559         1000           10           10           10            0            0            0 
    2340    115.79265   -219.69529  0.059869496   -219.63542    462.53689         1000           10           10           10            0            0            0 
    2350    85.808304   -219.67952  0.044366375   -219.63515    1388.5197         1000           10           10           10            0            0            0 
    2360    55.472495   -219.67383  0.028681531   -219.64515    1552.2467         1000           10           10           10            0            0            0 
    2370     76.55753   -219.70681   0.03958335   -219.66722    965.85278         1000           10           10           10            0            0            0 
    2380    109.37011   -219.74066  0.056548783   -219.68411  -0.32134589         1000           10           10           10            0            0            0 
    2390    64.813535    -219.7227  0.033511228   -219.68918   -803.44269         1000           10           10           10            0            0            0 
    2400    61.389081   -219.72236  0.031740646   -219.69062   -1344.0693         1000           10           10           10            0            0            0 
    2410    40.763639   -219.71271  0.021076456   -219.69164   -1410.5611         1000           10           10           10            0            0            0 
    2420    67.112736   -219.73056  0.034700008   -219.69586   -1058.2226         1000           10           10           10            0            0            0 
    2430    61.542566   -219.73054  0.031820004   -219.69872   -353.22291         1000           10           10           10            0            0            0 
    2440    66.769009   -219.73243  0.034522287   -219.69791    423.53067         1000           10           10           10            0            0            0 
    2450    65.517105   -219.72721  0.033875002   -219.69333    1065.9472         1000           10           10           10            0            0            0 
    2460     51.72219   -219.71515  0.026742471   -219.68841    1342.2209         1000           10           10           10            0            0            0 
    2470    74.906825    -219.7274  0.038729868   -219.68867    1080.0815         1000           10           10           10            0            0            0 
    2480    84.219531   -219.73227  0.043544915   -219.68873    352.06972         1000           10           10           10            0            0            0 
    2490    130.27461   -219.74794  0.067357259   -219.68058   -679.45378         1000           10           10           10            0            0            0 
    2500    87.904392   -219.70823  0.045450138   -219.66278   -1476.9042         1000           10           10           10            0            0            0 
    2510    92.957049   -219.69613  0.048062566   -219.64807   -1847.1834         1000           10           10           10            0            0            0 
    2520    112.28569   -219.70095  0.058056261   -219.64289   -1589.3485         1000           10           10           10            0            0            0 
    2530    177.23784   -219.73785  0.091639154   -219.64621   -715.38771         1000           10           10           10            0            0            0 
    2540    167.10229   -219.73126  0.086398664   -219.64486    502.69709         1000           10           10           10            0            0            0 
    2550    120.04709   -219.69666  0.062069219   -219.63459    1533.5022         1000           10           10           10            0            0            0 
    2560    142.53771   -219.70074  0.073697779   -219.62704    1890.5108         1000           10           10           10            0            0            0 
    2570    118.51897   -219.68839  0.061279117   -219.62711    1411.8014         1000           10           10           10            0            0            0 
    2580    159.36901   -219.71154  0.082400245   -219.62914    300.45794         1000           10           10           10            0            0            0 
    2590    81.755979   -219.66753  0.042271159   -219.62526   -765.84812         1000           10           10           10            0            0            0 
    2600    84.970093   -219.66823  0.043932986    -219.6243   -1500.9896         1000           10           10           10            0            0            0 
    2610    69.072001   -219.66225  0.035713027   -219.62654   -1494.8959         1000           10           10           10            0            0            0 
    2620    78.142686   -219.67612   0.04040294   -219.63572   -771.52218         1000           10           10           10            0            0            0 
    2630    96.859523   -219.69306  0.050080304   -219.64298    223.08467         1000           10           10           10            0            0            0 
    2640    91.792237   -219.69112  0.047460311   -219.64366    1163.3555         1000           10           10           10            0            0            0 
    2650    78.274296    -219.6825  0.040470987   -219.64203     1689.257         1000           10           10           10            0            0            0 
    2660    40.605852   -219.66999  0.020994873     -219.649    1537.8925         1000           10           10           10            0            0            0 
    2670    106.50149   -219.71951  0.055065593   -219.66444    729.25016         1000           10           10           10            0            0            0 
    2680    88.750714   -219.71609  0.045887721    -219.6702   -220.36134         1000           10           10           10            0            0            0 
    2690    78.914974   -219.71323  0.040802244   -219.67242   -978.50702         1000           10           10           10            0            0            0 
    2700    40.722502   -219.69584  0.021055186   -219.67479   -1305.8724         1000           10           10           10            0            0            0 
    2710    54.821731   -219.71123  0.028345059   -219.68288   -1169.9213         1000           10           10           10            0            0            0 
    2720    79.020772   -219.73435  0.040856946   -219.69349   -630.31919         1000           10           10           10            0            0            0 
    2730    64.651607   -219.73549  0.033427504   -219.70207    155.01898         1000           10           10           10            0            0            0 
    2740    57.304128   -219.73646   0.02962856   -219.70684    797.80596         1000           10           10           10            0            0            0 
    2750     39.76392   -219.73048   0.02055956   -219.70992    1099.1494         1000           10           10           10            0            0            0 
    2760    55.685374    -219.7435  0.028791598    -219.7147    1009.2041         1000           10           10           10            0            0            0 
    2770    38.539594   -219.73785  0.019926534   -219.71792    624.12902         1000           10           10           10            0            0            0 
    2780    49.316415   -219.74557  0.025498588   -219.72007    45.742413         1000           10           10           10            0            0            0 
    2790     47.38839   -219.74288  0.024501721   -219.71838   -535.08543         1000           10           10           10            0            0            0 
    2800    35.773785   -219.73281  0.018496499   -219.71432   -932.91276         1000           10           10           10            0            0            0 
    2810    32.718384   -219.72706  0.016916732   -219.71014   -1035.1395         1000           10           10           10            0            0            0 
    2820    36.822037   -219.72452  0.019038487   -219.70549   -783.14675         1000           10           10           10            0            0            0 
    2830    81.631174   -219.74235   0.04220663   -219.70015   -251.23373         1000           10           10           10            0            0            0 
    2840     80.73476   -219.73221  0.041743147   -219.69047     554.9705         1000           10           10           10            0            0            0 
    2850    81.257728   -219.72015  0.042013543   -219.67814    1295.5748         1000           10           10           10            0            0            0 
    2860    68.915872   -219.70569  0.035632302   -219.67006    1556.2011         1000           10           10           10            0            0            0 
    2870    123.19746   -219.73463  0.063698086   -219.67093    1180.0714         1000           10           10           10            0            0            0 
    2880    119.92928   -219.73121  0.062008304    -219.6692    341.18887         1000           10           10           10            0            0            0 
    2890    105.52286   -219.71817  0.054559599   -219.66361   -619.39373         1000           10           10           10            0            0            0 
    2900     116.5648    -219.7152  0.060268733   -219.65494    -1421.337         1000           10           10           10            0            0            0 
    2910    94.967431   -219.69602  0.049102015   -219.64692   -1672.2375         1000           10           10           10            0            0            0 
    2920    135.24985   -219.71911  0.069929663   -219.64918   -1262.0938         1000           10           10           10            0            0            0 
    2930    126.44273   -219.71922  0.065376021   -219.65385   -318.81441         1000           10           10           10            0            0            0 
    2940    157.81284   -219.72969  0.081595643    -219.6481     722.3491         1000           10           10           10            0            0            0 
    2950    88.064614   -219.67151  0.045532979   -219.62597    1403.8863         1000           10           10           10            0            0            0 
    2960    81.953033    -219.6641  0.042373044   -219.62172    1208.1799         1000           10           10           10            0            0            0 
    2970    97.605689   -219.67718  0.050466102   -219.62672    255.90164         1000           10           10           10            0            0            0 
    2980    110.24369   -219.68119  0.057000464   -219.62419   -848.17814         1000           10           10           10            0            0            0 
    2990    90.986929   -219.66484  0.047043934    -219.6178   -1632.3683         1000           10           10           10            0            0            0 
    3000    27.172326   -219.62716  0.014049195   -219.61311   -1823.3294         1000           10           10           10            0            0            0 
    3010    96.591312   -219.67013  0.049941628   -219.62019    -1441.366         1000           10           10           10            0            0            0 
    3020    111.26666   -219.68646  0.057529376   -219.62893   -547.32165         1000           10           10           10            0            0            0 
    3030    113.02537   -219.69171  0.058438702   -219.63327    541.91127         1000           10           10           10            0            0            0 
    3040    63.860938   -219.66492  0.033018697    -219.6319    1339.9779         1000           10           10           10            0            0            0 
    3050    115.90837   -219.70879  0.059929329   -219.64886    1240.7736         1000           10           10           10            0            0            0 
    3060    129.85716   -219.73542  0.067141419   -219.66828    546.36135         1000           10           10           10            0            0            0 
    3070    118.16424   -219.73688  0.061095706   -219.67578   -330.12942         1000           10           10           10            0            0            0 
    3080     99.82632   -219.72831  0.051614259    -219.6767   -1037.3216         1000           10           10           10            0            0            0 
    3090    76.269593   -219.71975  0.039434475   -219.68032   -1317.2911         1000           10           10           10            0            0            0 
    3100    96.271601   -219.73834  0.049776324   -219.68857   -1131.8914         1000           10           10           10            0            0            0 
    3110    71.548293   -219.73264  0.036993371   -219.69564   -517.82548         1000           10           10           10            0            0            0 
    3120    92.308404   -219.74848  0.047727191   -219.70075     202.2263         1000           10           10           10            0            0            0 
    3130    81.607534   -219.74335  0.042194407   -219.70115      831.659         1000           10           10           10            0            0            0 
    3140    72.878336   -219.73711  0.037681057   -219.69943    1129.9373         1000           10           10           10            0            0            0 
    3150    63.774492   -219.73158     0.032974    -219.6986    1029.0936         1000           10           10           10            0            0            0 
    3160      79.8615   -219.73913  0.041291636   -219.69783    502.57651         1000           10           10           10            0            0            0 
    3170    99.900643   -219.74479  0.051652686   -219.69314   -226.33931         1000           10           10           10            0            0            0 
    3180    62.705807   -219.71479  0.032421447   -219.68237   -835.13912         1000           10           10           10            0            0            0 
    3190     64.54362   -219.70182  0.033371671   -219.66844   -1209.9613         1000           10           10           10            0            0            0 
    3200    64.030344   -219.68528  0.033106286   -219.65218   -1064.6155         1000           10           10           10            0            0            0 
    3210    139.07529   -219.71105  0.071907567   -219.63914   -416.96361         1000           10           10           10            0            0            0 
    3220    116.68242   -219.68446  0.060329546   -219.62413    696.13365         1000           10           10           10            0            0            0 
    3230    72.353866   -219.63858  0.037409885   -219.60117    1705.3518         1000           10           10           10            0            0            0 
    3240     97.78555   -219.64149  0.050559097   -219.59093    2064.0713         1000           10           10           10            0            0            0 
    3250    103.56763   -219.64722   0.05354867   -219.59367     1635.285         1000           10           10           10            0            0            0 
    3260    112.00929   -219.66044  0.057913346   -219.60253    685.75382         1000           10           10           10            0            0            0 
    3270    91.121254   -219.65173  0.047113386   -219.60461   -387.00702         1000           10           10           10            0            0            0 
    3280    115.19231    -219.6694  0.059559099   -219.60985    -1111.965         1000           10           10           10            0            0            0 
    3290    113.43394   -219.67839   0.05864995   -219.61974   -939.47152         1000           10           10           10            0            0            0 
    3300    164.65163    -219.7201  0.085131576   -219.63496   -251.77803         1000           10           10           10            0            0            0 
    3310    145.75852   -219.72787  0.075363072    -219.6525    600.00433         1000           10           10           10            0            0            0 
    3320    136.30355   -219.72411  0.070474466   -219.65364    1092.7065         1000           10           10           10            0            0            0 
    3330     112.6201   -219.71194  0.058229161   -219.65371    943.30397         1000           10           10           10            0            0            0 
    3340    86.619173   -219.70461  0.044785627   -219.65982    336.01235         1000           10           10           10            0            0            0 
    3350    99.709822   -219.71797  0.051554024   -219.66641   -490.53567         1000           10           10           10            0            0            0 
    3360    74.208763   -219.70676  0.038368942    -219.6684   -1119.9556         1000           10           10           10            0            0            0 
    3370    68.574928   -219.70681   0.03545602   -219.67135   -1331.3447         1000           10           10           10            0            0            0 
    3380    48.206598   -219.69999  0.024924768   -219.67506   -1056.1249         1000           10           10           10            0            0            0 
    3390    80.148359   -219.72005  0.041439954   -219.67861   -535.01606         1000           10           10           10            0            0            0 
    3400    71.765804   -219.71524  0.037105833   -219.67813    179.28182         1000           10           10           10            0            0            0 
    3410    45.148358   -219.69509  0.023343533   -219.67174    770.56339         1000           10           10           10            0            0            0 
    3420    35.138934   -219.68617  0.018168255     -219.668    914.80786         1000           10           10           10            0            0            0 
    3430     50.74561    -219.6954  0.026237539   -219.66917    564.38918         1000           10           10           10            0            0            0 
    3440    76.653262    -219.7074  0.039632847   -219.66777   -137.42233         1000           10           10           10            0            0            0 
    3450    50.222499   -219.68187   0.02596707    -219.6559   -827.34916         1000           10           10           10            0            0            0 
    3460    63.652838   -219.67056    0.0329111   -219.63765   -1385.6105         1000           10           10           10            0            0            0 
    3470    73.282339   -219.65434  0.037889943   -219.61645    -1537.969         1000           10           10           10            0            0            0 
    3480    136.46944   -219.67208  0.070560238   -219.60152   -1073.0389         1000           10           10           10            0            0            0 
    3490    139.41019   -219.66304  0.072080727   -219.59096   -31.324006         1000           10           10           10            0            0            0 
    3500    186.99843   -219.68193  0.096685778   -219.58525    942.57557         1000           10           10           10            0            0            0 
    3510    229.41835   -219.71498    0.1186186   -219.59636    1264.3994         1000           10           10           10            0            0            0 
    3520    198.19631   -219.69835   0.10247554   -219.59587     841.6174         1000           10           10           10            0            0            0 
    3530    174.38551   -219.67048  0.090164387   -219.58031   -22.793255         1000           10           10           10            0            0            0 
    3540    94.289701   -219.63374  0.048751602   -219.58499   -554.11428         1000           10           10           10            0            0            0 
    3550    95.753662   -219.64209  0.049508529   -219.59258   -583.01322         1000           10           10           10            0            0            0 
    3560    60.317705   -219.63897  0.031186701   -219.60779    -12.08331         1000           10           10           10            0            0            0 
    3570    101.25416    -219.6761   0.05235251   -219.62374    735.19917         1000           10           10           10            0            0            0 
    3580    90.703405   -219.68035  0.046897341   -219.63345    1197.5106         1000           10           10           10            0            0            0 
    3590    108.67569   -219.70491   0.05618974   -219.64872    1100.3427         1000           10           10           10            0            0            0 
    3600    108.80257   -219.71831  0.056255344   -219.66206    622.62144         1000           10           10           10            0            0            0 
    3610     109.3464   -219.72671  0.056536526   -219.67017   -79.719043         1000           10           10           10            0            0            0 
    3620    127.01343   -219.73704  0.065671098   -219.67136   -750.87765         1000           10           10           10            0            0            0 
    3630    98.178496   -219.71996  0.050762267    -219.6692   -1072.3987         1000           10           10           10            0            0            0 
    3640    105.44377   -219.72567  0.054518707   -219.67116   -1002.3128         1000           10           10           10            0            0            0 
    3650     111.9445   -219.73526  0.057879847   -219.67738   -515.11881         1000           10           10           10            0            0            0 
    3660    136.14827   -219.75149  0.070394181    -219.6811    147.48588         1000           10           10           10            0            0            0 
    3670    100.63897    -219.7267  0.052034429   -219.67467    717.76341         1000           10           10           10            0            0            0 
    3680    86.148874   -219.71108  0.044542464   -219.66654    873.67664         1000           10           10           10            0            0            0 
    3690      94.0842    -219.7099  0.048645349   -219.66126    558.26932         1000           10           10           10            0            0            0 
    3700    91.482555   -219.70471  0.047300193   -219.65741     -68.9666         1000           10           10           10            0            0            0 
    3710    83.502435   -219.69446  0.043174148   -219.65129   -750.09998         1000           10           10           10            0            0            0 
    3720    41.180318   -219.66383  0.021291896   -219.64254   -1182.2547         1000           10           10           10            0            0            0 
    3730    70.969924    -219.6717  0.036694331   -219.63501   -1277.4033         1000           10           10           10            0            0            0 
    3740    81.280985   -219.66648  0.042025568   -219.62445   -825.99923         1000           10           10           10            0            0            0 
    3750    88.299149    -219.6512  0.045654243   -219.60555    -22.66422         1000           10           10           10            0            0            0 
    3760     77.02488   -219.61636  0.039824989   -219.57654    671.93234         1000           10           10           10            0            0            0 
    3770    194.63514   -219.67039   0.10063427   -219.56976    577.45901         1000           10           10           10            0            0            0 
    3780    293.46307   -219.72242   0.15173232   -219.57069   -449.54509         1000           10           10           10            0            0            0 
    3790    175.02955   -219.62236  0.090497378   -219.53186    -1205.809         1000           10           10           10            0            0            0 
    3800    173.15639   -219.61805  0.089528878   -219.52852   -933.63911         1000           10           10           10            0            0            0 
    3810    163.67984   -219.62588  0.084629117   -219.54125    247.64141         1000           10           10           10            0            0            0 
    3820    175.57416   -219.64068  0.090778966    -219.5499    1550.2913         1000           10           10           10            0            0            0 
    3830    92.923255   -219.60085  0.048045094    -219.5528    2360.5961         1000           10           10           10            0            0            0 
    3840     127.2142   -219.64244  0.065774903   -219.57666    2178.6532         1000           10           10           10            0            0            0 
    3850    150.92131   -219.68429  0.078032444   -219.60626    1099.2527         1000           10           10           10            0            0            0 
    3860    169.43932   -219.70915  0.087607002   -219.62154   -171.84107         1000           10           10           10            0            0            0 
    3870     122.9461   -219.68714  0.063568121   -219.62357   -1256.7197         1000           10           10           10            0            0            0 
    3880    90.184056   -219.67249  0.046628816   -219.62586   -1789.8317         1000           10           10           10            0            0            0 
    3890    129.97296   -219.70109  0.067201293   -219.63389   -1628.5174         1000           10           10           10            0            0            0 
    3900     132.2421   -219.71606  0.068374534   -219.64769   -763.65163         1000           10           10           10            0            0            0 
    3910    156.35297   -219.74194  0.080840829    -219.6611      367.136         1000           10           10           10            0            0            0 
    3920    104.38754   -219.71117  0.053972595   -219.65719    1306.5109         1000           10           10           10            0            0            0 
    3930    96.771204   -219.70283   0.05003464   -219.65279    1583.9996         1000           10           10           10            0            0            0 
    3940    85.554595   -219.70226  0.044235198   -219.65803    1130.9736         1000           10           10           10            0            0            0 
    3950    100.97734   -219.71771  0.052209382    -219.6655    228.87519         1000           10           10           10            0            0            0 
    3960    96.299966   -219.71636   0.04979099   -219.66657   -757.68001         1000           10           10           10            0            0            0 
    3970    59.712842   -219.69542  0.030873962   -219.66455   -1418.7259         1000           10           10           10            0            0            0 
    3980     63.57974   -219.69869  0.032873306   -219.66582   -1617.7061         1000           10           10           10            0            0            0 
    3990    59.418015   -219.70122  0.030721525    -219.6705   -1245.8462         1000           10           10           10            0            0            0 
    4000    104.28605   -219.72971  0.053920117   -219.67579   -487.13841         1000           10           10           10            0            0            0 
    4010    83.161138   -219.71628  0.042997683   -219.67328    490.70942         1000           10           10           10            0            0            0 
    4020    61.939075   -219.69571  0.032025015   -219.66368    1285.3165         1000           10           10           10            0            0            0 
    4030    48.465693   -219.68158   0.02505873   -219.65652    1533.8966         1000           10           10           10            0            0            0 
    4040    75.559681   -219.69656  0.039067421   -219.65749    1103.2026         1000           10           10           10            0            0            0 
    4050    100.34495   -219.70754  0.051882413   -219.65566    182.25806         1000           10           10           10            0            0            0 
    4060    81.445265   -219.68583  0.042110507   -219.64372   -803.42043         1000           10           10           10            0            0            0 
    4070    90.016193   -219.67265  0.046542025    -219.6261   -1624.9613         1000           10           10           10            0            0            0 
    4080     68.49593   -219.64432  0.035415175    -219.6089   -1821.7272         1000           10           10           10            0            0            0 
    4090    155.07076   -219.68159  0.080177877   -219.60142   -1239.9187         1000           10           10           10            0            0            0 
    4100    175.35958    -219.6949  0.090668017   -219.60424    43.396458         1000           10           10           10            0            0            0 
    4110    171.75064   -219.68223  0.088802048   -219.59343    1516.0426         1000           10           10           10            0            0            0 
    4120     134.5484   -219.63908  0.069566981   -219.56951     2210.258         1000           10           10           10            0            0            0 
    4130    120.94576   -219.63625  0.062533866   -219.57372    1793.7874         1000           10           10           10            0            0            0 
    4140    156.60054   -219.67304  0.080968837   -219.59207    597.23866         1000           10           10           10            0            0            0 
    4150    151.97918   -219.67847  0.078579405   -219.59989   -812.48179         1000           10           10           10            0            0            0 
    4160    109.19046   -219.65935  0.056455896   -219.60289    -1810.047         1000           10           10           10            0            0            0 
    4170    37.961143   -219.63129  0.019627451   -219.61166   -2025.8913         1000           10           10           10            0            0            0 
    4180    81.496798    -219.6745  0.042137152   -219.63236    -1552.908         1000           10           10           10            0            0            0 
    4190    113.63465   -219.70924  0.058753724   -219.65049   -597.97903         1000           10           10           10            0            0            0 
    4200    96.731305   -219.70835   0.05001401   -219.65834    548.98083         1000           10           10           10            0            0            0 
    4210    53.643061   -219.68349  0.027735639   -219.65575    1471.2965         1000           10           10           10            0            0            0 
    4220     40.75466   -219.67561  0.021071813   -219.65454    1814.2161         1000           10           10           10            0            0            0 
    4230     69.37528   -219.69723  0.035869835   -219.66136    1494.1198         1000           10           10           10            0            0            0 
    4240    83.133484   -219.71285  0.042983385   -219.66986    629.83035         1000           10           10           10            0            0            0 
    4250     83.57093   -219.71337  0.043209562   -219.67016    -407.6424         1000           10           10           10            0            0            0 
    4260    61.094699   -219.69579  0.031588439    -219.6642   -1291.0967         1000           10           10           10            0            0            0 
    4270    55.196079    -219.6872  0.028538613   -219.65866   -1754.2571         1000           10           10           10            0            0            0 
    4280    42.360843   -219.67977  0.021902275   -219.65786   -1557.2057         1000           10           10           10            0            0            0 
    4290    70.779304   -219.69725  0.036595773   -219.66066   -875.46746         1000           10           10           10            0            0            0 
    4300     105.4011   -219.71646  0.054496648   -219.66196    106.20566         1000           10           10           10            0            0            0 
    4310     90.40701   -219.70111  0.046744093   -219.65436    1167.8119         1000           10           10           10            0            0            0 
    4320    51.217176   -219.66761  0.026481359   -219.64113    1904.0789         1000           10           10           10            0            0            0 
    4330    60.628848   -219.66976  0.031347575   -219.63841    1855.2132         1000           10           10           10            0            0            0 
    4340    128.07155   -219.71376  0.066218189   -219.64755    1002.6073         1000           10           10           10            0            0            0 
    4350    138.11337   -219.71796  0.071410218   -219.64655   -231.58722         1000           10           10           10            0            0            0 
    4360    108.82076   -219.69025  0.056264749   -219.63399    -1353.798         1000           10           10           10            0            0            0 
    4370    74.614062    -219.6586  0.038578498   -219.62002   -2060.5881         1000           10           10           10            0            0            0 
    4380    114.15126    -219.6708  0.059020832   -219.61178   -2187.1577         1000           10           10           10            0            0            0 
    4390    153.52436   -219.68964  0.079378322   -219.61026   -1410.0234         1000           10           10           10            0            0            0 
    4400    178.51564   -219.69657  0.092299832   -219.60427   -86.983133         1000           10           10           10            0            0            0 
    4410    192.02806   -219.68499  0.099286301   -219.58571    1405.0221         1000           10           10           10            0            0            0 
    4420    189.17971   -219.65517  0.097813587   -219.55736    2483.8714         1000           10           10           10            0            0            0 
    4430    153.86732   -219.62607  0.079555647   -219.54652    2459.9994         1000           10           10           10            0            0            0 
    4440    211.53834   -219.66239   0.10937391   -219.55302    1298.4369         1000           10           10           10            0            0            0 
    4450    288.60373   -219.69709   0.14921984   -219.54787   -455.33374         1000           10           10           10            0            0            0 
    4460    168.62224   -219.62864  0.087184541   -219.54146   -1846.9014         1000           10           10           10            0            0            0 
    4470    102.45617   -219.60247  0.052973999   -219.54949   -2439.4333         1000           10           10           10            0            0            0 
    4480    89.447288    -219.6262  0.046247877   -219.57995   -1935.3931         1000           10           10           10            0            0            0 
    4490      156.889   -219.69784   0.08111798   -219.61672    -891.2419         1000           10           10           10            0            0            0 
    4500    144.62451   -219.71318  0.074776741    -219.6384    404.38574         1000           10           10           10            0            0            0 
    4510    73.774071    -219.6792  0.038144189   -219.64106    1500.1225         1000           10           10           10            0            0            0 
    4520    69.432794   -219.68071  0.035899572   -219.64481    1861.0762         1000           10           10           10            0            0            0 
    4530    88.662661   -219.70147  0.045842193   -219.65562    1520.0306         1000           10           10           10            0            0            0 
    4540    111.92682   -219.72509   0.05787071   -219.66722    627.53698         1000           10           10           10            0            0            0 
    4550    89.705108   -219.71719  0.046381181   -219.67081   -453.40838         1000           10           10           10            0            0            0 
    4560    92.882651   -219.71592    0.0480241   -219.66789   -1370.5744         1000           10           10           10            0            0            0 
    4570    62.753003   -219.69575  0.032445849    -219.6633    -1784.205         1000           10           10           10            0            0            0 
    4580    63.014842    -219.6976  0.032581231   -219.66502   -1556.2942         1000           10           10           10            0            0            0 
    4590    87.086314   -219.71509  0.045027158   -219.67006   -827.06634         1000           10           10           10            0            0            0 
    4600    105.95097   -219.72737  0.054780952   -219.67259     166.0551         1000           10           10           10            0            0            0 
    4610    103.89614   -219.72158  0.053718519   -219.66786    1152.3536         1000           10           10           10            0            0            0 
    4620    52.932031   -219.68426  0.027368008   -219.65689    1820.3078         1000           10           10           10            0            0            0 
    4630    72.778511   -219.69223  0.037629444    -219.6546    1748.1554         1000           10           10           10            0            0            0 
    4640    121.67582   -219.72336  0.062911338   -219.66045    928.35604         1000           10           10           10            0            0            0 
    4650    154.37324   -219.73634  0.079817229   -219.65652   -233.44347         1000           10           10           10            0            0            0 
    4660    100.20834   -219.69118  0.051811777   -219.63937    -1347.994         1000           10           10           10            0            0            0 
    4670    97.109454   -219.67196  0.050209528   -219.62175   -2078.6378         1000           10           10           10            0            0            0 
    4680    125.33464   -219.67555  0.064803096   -219.61075    -2133.539         1000           10           10           10            0            0            0 
    4690    152.99257   -219.68807  0.079103367   -219.60897   -1320.0637         1000           10           10           10            0            0            0 
    4700    196.79924   -219.70951   0.10175319   -219.60775    84.341219         1000           10           10           10            0            0            0 
    4710    162.03091    -219.6721  0.083776555   -219.58832    1576.2515         1000           10           10           10            0            0            0 
    4720    150.39556   -219.64664  0.077760607   -219.56888    2466.8656         1000           10           10           10            0            0            0 
    4730     124.4735   -219.63511  0.064357852   -219.57075    2264.4254         1000           10           10           10            0            0            0 
    4740    171.39435   -219.67977  0.088617832   -219.59115    1074.9157         1000           10           10           10            0            0            0 
    4750    192.43107   -219.70141   0.09949467   -219.60192   -513.81969         1000           10           10           10            0            0            0 
    4760    126.86226   -219.67552  0.065592934   -219.60993   -1624.3916         1000           10           10           10            0            0            0 
    4770    52.883113   -219.65307  0.027342715   -219.62573   -1988.6134         1000           10           10           10            0            0            0 
    4780    58.142487   -219.67843  0.030062025   -219.64836   -1687.0375         1000           10           10           10            0            0            0 
    4790    102.07546   -219.72103  0.052777156   -219.66825   -903.35631         1000           10           10           10            0            0            0 
    4800    98.701606   -219.73024  0.051032736    -219.6792    138.41328         1000           10           10           10            0            0            0 
    4810    70.957576   -219.71615  0.036687946   -219.67946    1143.4031         1000           10           10           10            0            0            0 
    4820    55.385378   -219.70446  0.028636488   -219.67582    1690.2045         1000           10           10           10            0            0            0 
    4830    71.908187   -219.71493  0.037179451   -219.67775    1633.6816         1000           10           10           10            0            0            0 
    4840    75.005028   -219.72125  0.038780643   -219.68247    1020.2581         1000           10           10           10            0            0            0 
    4850    88.132757   -219.72985  0.045568212   -219.68428    58.541612         1000           10           10           10            0            0            0 
    4860    85.061813   -219.72302  0.043980409   -219.67904   -924.34128         1000           10           10           10            0            0            0 
    4870    64.867839   -219.70307  0.033539305   -219.66953   -1635.8545         1000           10           10           10            0            0            0 
    4880     45.52677   -219.68616  0.023539187   -219.66262   -1781.4862         1000           10           10           10            0            0            0 
    4890    67.175637   -219.69573  0.034732531     -219.661   -1370.4564         1000           10           10           10            0            0            0 
    4900    132.83341   -219.73114  0.068680264   -219.66246   -468.14464         1000           10           10           10            0            0            0 
    4910    132.98957   -219.72545  0.068761006   -219.65669    731.38458         1000           10           10           10            0            0            0 
    4920    93.747007   -219.68813  0.048471007   -219.63966    1830.1409         1000           10           10           10            0            0            0 
    4930    79.745142   -219.66661  0.041231475   -219.62538    2251.2548         1000           10           10           10            0            0            0 
    4940    147.88583   -219.70268  0.076462977   -219.62622    1752.9572         1000           10           10           10            0            0            0 
    4950    175.82951   -219.71965  0.090910992   -219.62874    618.15399         1000           10           10           10            0            0            0 
    4960    157.58782    -219.6995  0.081479299   -219.61802   -792.99011         1000           10           10           10            0            0            0 
    4970     124.8043   -219.66998   0.06452889   -219.60545   -1934.3898         1000           10           10           10            0            0            0 
    4980    100.31759    -219.6471  0.051868267   -219.59523   -2463.0763         1000           10           10           10            0            0            0 
    4990    110.45984   -219.65806  0.057112222   -219.60095   -1991.3896         1000           10           10           10            0            0            0 
    5000    145.92538   -219.69169  0.075449342   -219.61624   -823.29217         1000           10           10           10            0            0            0 
Loop time of 74.4775 on 1 procs for 5000 steps with 5 atoms

Performance: 11.601 ns/day, 2.069 hours/ns, 67.134 timesteps/s
152.2% CPU use with 1 MPI tasks x no OpenMP threads

MPI task timing breakdown:
Section |  min time  |  avg time  |  max time  |%varavg| %total
---------------------------------------------------------------
Pair    | 74.24      | 74.24      | 74.24      |   0.0 | 99.68
Neigh   | 0.0011475  | 0.0011475  | 0.0011475  |   0.0 |  0.00
Comm    | 0.012523   | 0.012523   | 0.012523   |   0.0 |  0.02
Output  | 0.20095    | 0.20095    | 0.20095    |   0.0 |  0.27
Modify  | 0.017149   | 0.017149   | 0.017149   |   0.0 |  0.02
Other   |            | 0.00604    |            |       |  0.01

Nlocal:    5 ave 5 max 5 min
Histogram: 1 0 0 0 0 0 0 0 0 0
Nghost:    103 ave 103 max 103 min
Histogram: 1 0 0 0 0 0 0 0 0 0
Neighs:    0 ave 0 max 0 min
Histogram: 1 0 0 0 0 0 0 0 0 0

Total # of neighbors = 0
Ave neighs/atom = 0
Neighbor list builds = 103
Dangerous builds = 0
Total wall time: 0:01:17
