#       step         max_devi_e         min_devi_e         avg_devi_e         max_devi_f         min_devi_f         avg_devi_f
           0       3.364642e+00       8.165409e-01       1.346010e+00       1.800927e-02       1.085952e-02       1.444275e-02
          10       3.344812e+00       8.095574e-01       1.338170e+00       2.723708e-02       1.158284e-02       1.851502e-02
          20       3.358809e+00       8.060553e-01       1.343943e+00       2.302545e-02       1.148847e-02       1.995273e-02
          30       3.401261e+00       8.180028e-01       1.360836e+00       1.577335e-02       8.804323e-03       1.320003e-02
          40       3.462373e+00       8.400790e-01       1.385193e+00       1.189366e-02       5.769992e-03       1.011607e-02
          50       3.522107e+00       8.541322e-01       1.409226e+00       1.923667e-02       1.087530e-02       1.647608e-02
          60       3.556287e+00       8.587793e-01       1.422851e+00       2.549602e-02       1.717931e-02       2.066365e-02
          70       3.549313e+00       8.600544e-01       1.419911e+00       2.343707e-02       1.735714e-02       1.952799e-02
          80       3.508329e+00       8.561078e-01       1.403494e+00       1.286220e-02       6.775901e-03       1.138140e-02
          90       3.451606e+00       8.507487e-01       1.380809e+00       1.694507e-02       7.013874e-03       1.375573e-02
         100       3.399364e+00       8.249520e-01       1.359966e+00       1.869330e-02       9.749452e-03       1.515705e-02
         110       3.367067e+00       8.149742e-01       1.347079e+00       1.292252e-02       1.045392e-02       1.153202e-02
         120       3.367087e+00       8.169964e-01       1.347039e+00       1.633816e-02       1.332298e-02       1.458537e-02
         130       3.396373e+00       8.279467e-01       1.358703e+00       1.623333e-02       6.648658e-03       1.356299e-02
         140       3.438770e+00       8.480410e-01       1.375582e+00       1.250625e-02       4.884108e-03       1.030972e-02
         150       3.484277e+00       8.603665e-01       1.393777e+00       9.509069e-03       3.733817e-03       7.779683e-03
         160       3.521490e+00       8.651900e-01       1.408721e+00       1.350315e-02       1.060937e-02       1.168816e-02
         170       3.536098e+00       8.704927e-01       1.414587e+00       1.511506e-02       9.395315e-03       1.370821e-02
         180       3.522118e+00       8.703128e-01       1.408929e+00       1.288113e-02       8.871666e-03       1.083977e-02
         190       3.486478e+00       8.617241e-01       1.394664e+00       9.794175e-03       3.899889e-03       7.668067e-03
         200       3.442262e+00       8.461172e-01       1.377025e+00       1.273211e-02       7.216016e-03       1.138550e-02
         210       3.400352e+00       8.281863e-01       1.360306e+00       1.506529e-02       1.191326e-02       1.365868e-02
         220       3.371466e+00       8.195613e-01       1.348728e+00       1.247310e-02       8.944607e-03       1.071842e-02
         230       3.366870e+00       8.269168e-01       1.346822e+00       1.731614e-02       1.044497e-02       1.310658e-02
         240       3.393546e+00       8.386167e-01       1.357519e+00       1.529470e-02       6.031109e-03       1.242772e-02
         250       3.442569e+00       8.490240e-01       1.377197e+00       1.812316e-02       7.927873e-03       1.490730e-02
         260       3.502194e+00       8.642148e-01       1.401006e+00       1.409860e-02       8.790232e-03       1.171733e-02
         270       3.554294e+00       8.758758e-01       1.421828e+00       2.814015e-02       1.877560e-02       2.150916e-02
         280       3.568933e+00       8.778506e-01       1.427814e+00       3.087057e-02       2.093088e-02       2.618894e-02
         290       3.535006e+00       8.569485e-01       1.414293e+00       2.020271e-02       1.490698e-02       1.705221e-02
         300       3.471962e+00       8.102780e-01       1.389472e+00       1.534660e-02       7.696456e-03       1.258156e-02
         310       3.406531e+00       7.772528e-01       1.363823e+00       2.301577e-02       1.902919e-02       2.067556e-02
         320       3.360651e+00       7.560873e-01       1.345893e+00       3.722624e-02       1.880640e-02       2.810978e-02
         330       3.353648e+00       7.460241e-01       1.343294e+00       4.354337e-02       1.746108e-02       2.977946e-02
         340       3.388552e+00       7.625939e-01       1.356878e+00       2.479160e-02       1.220661e-02       1.850841e-02
         350       3.449946e+00       7.896108e-01       1.380994e+00       1.674792e-02       1.155534e-02       1.467534e-02
         360       3.512630e+00       8.124041e-01       1.405902e+00       2.955021e-02       1.906486e-02       2.246935e-02
         370       3.552995e+00       8.274885e-01       1.421709e+00       2.312458e-02       1.463924e-02       1.987886e-02
         380       3.558119e+00       8.288707e-01       1.423779e+00       2.587703e-02       1.936502e-02       2.283893e-02
         390       3.530161e+00       8.203872e-01       1.412834e+00       2.214599e-02       1.808699e-02       1.984241e-02
         400       3.476250e+00       8.131666e-01       1.391109e+00       1.517476e-02       8.848268e-03       1.329805e-02
         410       3.421497e+00       7.997081e-01       1.369117e+00       1.219480e-02       8.622716e-03       1.080701e-02
         420       3.385206e+00       7.856826e-01       1.354805e+00       1.512905e-02       1.291610e-02       1.408956e-02
         430       3.373095e+00       7.817991e-01       1.350051e+00       2.458665e-02       1.536892e-02       1.827068e-02
         440       3.387674e+00       7.890138e-01       1.355711e+00       1.503103e-02       1.258251e-02       1.352764e-02
         450       3.422787e+00       8.053281e-01       1.369531e+00       9.341205e-03       7.048083e-03       8.047984e-03
         460       3.468571e+00       8.238323e-01       1.387781e+00       1.225847e-02       6.078412e-03       1.063952e-02
         470       3.507692e+00       8.340658e-01       1.403454e+00       1.516095e-02       1.144724e-02       1.291679e-02
         480       3.526820e+00       8.382992e-01       1.411033e+00       1.495238e-02       9.147631e-03       1.111148e-02
         490       3.522742e+00       8.407275e-01       1.409353e+00       1.258915e-02       5.344499e-03       9.276285e-03
         500       3.500131e+00       8.357787e-01       1.400360e+00       1.188421e-02       9.342841e-03       1.100522e-02
         510       3.466207e+00       8.254735e-01       1.386802e+00       1.244885e-02       4.713495e-03       1.004495e-02
         520       3.431883e+00       8.149908e-01       1.373050e+00       8.466812e-03       6.787515e-03       7.267127e-03
         530       3.408353e+00       8.083962e-01       1.363662e+00       9.052107e-03       6.505275e-03       7.185172e-03
         540       3.400481e+00       8.082876e-01       1.360525e+00       1.196507e-02       1.007375e-02       1.107783e-02
         550       3.409196e+00       8.113345e-01       1.363992e+00       1.079999e-02       9.368155e-03       1.003593e-02
         560       3.431381e+00       8.148804e-01       1.372857e+00       8.290650e-03       6.086664e-03       6.780666e-03
         570       3.463174e+00       8.219745e-01       1.385601e+00       8.931605e-03       5.260589e-03       7.272111e-03
         580       3.497905e+00       8.318138e-01       1.399541e+00       1.209471e-02       5.749287e-03       1.010822e-02
         590       3.524394e+00       8.359357e-01       1.410166e+00       1.555796e-02       1.204472e-02       1.395749e-02
         600       3.530983e+00       8.337893e-01       1.412793e+00       1.525085e-02       6.224875e-03       1.156481e-02
         610       3.512374e+00       8.253082e-01       1.405464e+00       1.453529e-02       9.626519e-03       1.139110e-02
         620       3.473419e+00       8.117352e-01       1.390055e+00       1.713199e-02       7.110909e-03       1.409686e-02
         630       3.423458e+00       7.977366e-01       1.370074e+00       1.331899e-02       1.042171e-02       1.195200e-02
         640       3.381525e+00       7.806178e-01       1.353446e+00       1.909305e-02       1.025681e-02       1.342169e-02
         650       3.365191e+00       7.674253e-01       1.347314e+00       2.301110e-02       1.529296e-02       1.912283e-02
         660       3.381453e+00       7.707360e-01       1.353897e+00       2.394471e-02       1.552074e-02       2.036310e-02
         670       3.422620e+00       7.880428e-01       1.370004e+00       1.578796e-02       1.412889e-02       1.476721e-02
         680       3.479488e+00       8.058269e-01       1.392565e+00       1.080336e-02       8.554895e-03       9.731903e-03
         690       3.538987e+00       8.220027e-01       1.416409e+00       2.658169e-02       1.751496e-02       2.105497e-02
         700       3.570424e+00       8.254690e-01       1.429044e+00       4.429941e-02       2.836256e-02       3.635658e-02
         710       3.555428e+00       8.190468e-01       1.422954e+00       3.535738e-02       1.593023e-02       2.362634e-02
         720       3.503458e+00       8.138923e-01       1.402121e+00       1.805466e-02       1.141631e-02       1.412322e-02
         730       3.440425e+00       7.964219e-01       1.377129e+00       2.259073e-02       1.178084e-02       1.923817e-02
         740       3.378133e+00       7.715449e-01       1.352524e+00       2.212965e-02       1.949448e-02       2.111091e-02
         750       3.338583e+00       7.595456e-01       1.336700e+00       3.373496e-02       1.575655e-02       2.431454e-02
         760       3.347452e+00       7.690139e-01       1.340001e+00       2.896919e-02       1.749472e-02       2.272223e-02
         770       3.395406e+00       8.002589e-01       1.358767e+00       2.704496e-02       1.202705e-02       2.166046e-02
         780       3.461391e+00       8.511078e-01       1.384764e+00       1.494187e-02       6.989871e-03       1.307974e-02
         790       3.522410e+00       8.574233e-01       1.409117e+00       1.326216e-02       9.772494e-03       1.149878e-02
         800       3.556947e+00       8.625481e-01       1.423145e+00       2.710617e-02       1.819263e-02       2.212029e-02
         810       3.548309e+00       8.609283e-01       1.419780e+00       2.716648e-02       2.110855e-02       2.426252e-02
         820       3.502559e+00       8.464240e-01       1.401402e+00       1.323803e-02       7.590389e-03       1.094926e-02
         830       3.448181e+00       8.314002e-01       1.379561e+00       9.745519e-03       7.540937e-03       8.970308e-03
         840       3.402909e+00       8.272664e-01       1.361420e+00       1.816651e-02       8.632257e-03       1.429620e-02
         850       3.374128e+00       8.253117e-01       1.349830e+00       1.987577e-02       1.183960e-02       1.615518e-02
         860       3.370073e+00       8.251487e-01       1.348134e+00       1.322963e-02       7.305527e-03       9.995242e-03
         870       3.393541e+00       8.274414e-01       1.357549e+00       1.059486e-02       5.903808e-03       9.361224e-03
         880       3.435242e+00       8.357746e-01       1.374301e+00       1.555640e-02       8.217709e-03       1.356904e-02
         890       3.482197e+00       8.508404e-01       1.393091e+00       1.453683e-02       4.434931e-03       1.176070e-02
         900       3.521442e+00       8.596371e-01       1.408727e+00       1.493438e-02       7.588902e-03       1.090722e-02
         910       3.541493e+00       8.598806e-01       1.416833e+00       1.698325e-02       1.234724e-02       1.437194e-02
         920       3.533074e+00       8.549523e-01       1.413604e+00       1.940497e-02       1.706762e-02       1.789996e-02
         930       3.493832e+00       8.466111e-01       1.397827e+00       1.342342e-02       7.205738e-03       1.131875e-02
         940       3.439049e+00       8.346323e-01       1.375771e+00       7.643426e-03       5.757045e-03       6.808812e-03
         950       3.390102e+00       8.199259e-01       1.356327e+00       1.688838e-02       1.375210e-02       1.555670e-02
         960       3.358512e+00       8.043234e-01       1.343867e+00       2.272092e-02       8.826818e-03       1.876902e-02
         970       3.352391e+00       8.012537e-01       1.341387e+00       2.065748e-02       1.518456e-02       1.792358e-02
         980       3.383253e+00       8.170021e-01       1.353502e+00       1.037038e-02       8.671336e-03       9.592748e-03
         990       3.440792e+00       8.317594e-01       1.376602e+00       1.792988e-02       6.167852e-03       1.431777e-02
        1000       3.504495e+00       8.403401e-01       1.402393e+00       2.207595e-02       9.581293e-03       1.875759e-02
        1010       3.548985e+00       8.426725e-01       1.420178e+00       3.157633e-02       1.381566e-02       2.175769e-02
        1020       3.558556e+00       8.433481e-01       1.424031e+00       3.935068e-02       1.426024e-02       2.452974e-02
        1030       3.529392e+00       8.403022e-01       1.412586e+00       2.884797e-02       1.956507e-02       2.351157e-02
        1040       3.470960e+00       8.230151e-01       1.389215e+00       1.730112e-02       7.074841e-03       1.472802e-02
        1050       3.407732e+00       7.979899e-01       1.364020e+00       1.545402e-02       7.968665e-03       1.115230e-02
        1060       3.362913e+00       7.841130e-01       1.346310e+00       2.114160e-02       1.250795e-02       1.798338e-02
        1070       3.350627e+00       7.838652e-01       1.341298e+00       3.354436e-02       1.924445e-02       2.363897e-02
        1080       3.368257e+00       7.937645e-01       1.348154e+00       2.297958e-02       2.077913e-02       2.182519e-02
        1090       3.414023e+00       8.075221e-01       1.366227e+00       1.261800e-02       9.596363e-03       1.048009e-02
        1100       3.475335e+00       8.194009e-01       1.390891e+00       1.422430e-02       7.408028e-03       1.249047e-02
        1110       3.531424e+00       8.317044e-01       1.413490e+00       3.071434e-02       1.945164e-02       2.508793e-02
        1120       3.556344e+00       8.391464e-01       1.423255e+00       4.217691e-02       1.801549e-02       2.828602e-02
        1130       3.540659e+00       8.358717e-01       1.416909e+00       3.411733e-02       1.247905e-02       2.158836e-02
        1140       3.496494e+00       8.266921e-01       1.399369e+00       1.854766e-02       1.079461e-02       1.530864e-02
        1150       3.440921e+00       8.138902e-01       1.377088e+00       2.088010e-02       1.155805e-02       1.732484e-02
        1160       3.389987e+00       7.999702e-01       1.356607e+00       1.594223e-02       1.232849e-02       1.388821e-02
        1170       3.359985e+00       7.935531e-01       1.344671e+00       2.140589e-02       1.141968e-02       1.630490e-02
        1180       3.365978e+00       7.933144e-01       1.347175e+00       2.170504e-02       1.657954e-02       1.916075e-02
        1190       3.398190e+00       8.015882e-01       1.360086e+00       1.924173e-02       1.676036e-02       1.795411e-02
        1200       3.444718e+00       8.162024e-01       1.378523e+00       1.105192e-02       7.386005e-03       1.000315e-02
        1210       3.496957e+00       8.318954e-01       1.399346e+00       1.140472e-02       1.029610e-02       1.088971e-02
        1220       3.537868e+00       8.425103e-01       1.415807e+00       2.800458e-02       1.698124e-02       2.199174e-02
        1230       3.546753e+00       8.442954e-01       1.419361e+00       3.025155e-02       1.736129e-02       2.265923e-02
        1240       3.520858e+00       8.383706e-01       1.408837e+00       1.678930e-02       7.235423e-03       1.225663e-02
        1250       3.473715e+00       8.284747e-01       1.389927e+00       1.217488e-02       7.077576e-03       1.054889e-02
        1260       3.421847e+00       8.166055e-01       1.369206e+00       2.000298e-02       1.639160e-02       1.830915e-02
        1270       3.377744e+00       8.011099e-01       1.351653e+00       1.685400e-02       1.418630e-02       1.551460e-02
        1280       3.352521e+00       7.922036e-01       1.341671e+00       2.482823e-02       1.008836e-02       1.724298e-02
        1290       3.364163e+00       7.938493e-01       1.346438e+00       2.544213e-02       1.362414e-02       1.884875e-02
        1300       3.408913e+00       8.057274e-01       1.364426e+00       2.363474e-02       1.346458e-02       1.797421e-02
        1310       3.467813e+00       8.261773e-01       1.387923e+00       2.026930e-02       1.025088e-02       1.705568e-02
        1320       3.528406e+00       8.448796e-01       1.412013e+00       2.266805e-02       1.120493e-02       1.639989e-02
        1330       3.567841e+00       8.597543e-01       1.427729e+00       4.629530e-02       2.591143e-02       3.436002e-02
        1340       3.553402e+00       8.635295e-01       1.421880e+00       2.884782e-02       2.406550e-02       2.677414e-02
        1350       3.489889e+00       8.515340e-01       1.396251e+00       1.711576e-02       1.274683e-02       1.449625e-02
        1360       3.416867e+00       7.982859e-01       1.367467e+00       1.510827e-02       1.159062e-02       1.345130e-02
        1370       3.363213e+00       7.577772e-01       1.346899e+00       3.582722e-02       2.216475e-02       2.765157e-02
        1380       3.350807e+00       7.413972e-01       1.342481e+00       4.906471e-02       2.217139e-02       3.307189e-02
        1390       3.381487e+00       7.517626e-01       1.354633e+00       3.957563e-02       1.044962e-02       2.358448e-02
        1400       3.441652e+00       7.761681e-01       1.378174e+00       1.523838e-02       1.028997e-02       1.328364e-02
        1410       3.506335e+00       8.078435e-01       1.403599e+00       2.023560e-02       1.223942e-02       1.769673e-02
        1420       3.546233e+00       8.270887e-01       1.419166e+00       3.011129e-02       1.861399e-02       2.342919e-02
        1430       3.549007e+00       8.270689e-01       1.420198e+00       2.561740e-02       1.030128e-02       1.801296e-02
        1440       3.523632e+00       8.211979e-01       1.410153e+00       1.717514e-02       1.399767e-02       1.531034e-02
        1450       3.480474e+00       8.149045e-01       1.392888e+00       1.610819e-02       5.611218e-03       1.366612e-02
        1460       3.431310e+00       8.033197e-01       1.373080e+00       1.312693e-02       7.994543e-03       1.122771e-02
        1470       3.392317e+00       7.900279e-01       1.357547e+00       1.436297e-02       7.971518e-03       1.086343e-02
        1480       3.375356e+00       7.798615e-01       1.351086e+00       1.648908e-02       1.245963e-02       1.536541e-02
        1490       3.385333e+00       7.808372e-01       1.355191e+00       2.083782e-02       1.581702e-02       1.874850e-02
        1500       3.417300e+00       7.964579e-01       1.367637e+00       1.377065e-02       1.099085e-02       1.239511e-02
        1510       3.463446e+00       8.149997e-01       1.385854e+00       9.121165e-03       6.309625e-03       7.660290e-03
        1520       3.514275e+00       8.262007e-01       1.406345e+00       1.736179e-02       1.182222e-02       1.451865e-02
        1530       3.547873e+00       8.308452e-01       1.419863e+00       2.801382e-02       2.135219e-02       2.424118e-02
        1540       3.546757e+00       8.296036e-01       1.419306e+00       2.326313e-02       1.450632e-02       1.856234e-02
        1550       3.514889e+00       8.221174e-01       1.406531e+00       1.964914e-02       9.567767e-03       1.425053e-02
        1560       3.464936e+00       8.083338e-01       1.386715e+00       1.751064e-02       6.174827e-03       1.487066e-02
        1570       3.408131e+00       7.854210e-01       1.364318e+00       2.321656e-02       1.400010e-02       1.943649e-02
        1580       3.362167e+00       7.656084e-01       1.346224e+00       2.443127e-02       1.271019e-02       1.770858e-02
        1590       3.351402e+00       7.673252e-01       1.341685e+00       2.578795e-02       1.601738e-02       2.089742e-02
        1600       3.381555e+00       7.876909e-01       1.353522e+00       2.452083e-02       2.053782e-02       2.227605e-02
        1610       3.440065e+00       8.214081e-01       1.376545e+00       1.904583e-02       7.414768e-03       1.629511e-02
        1620       3.504216e+00       8.519853e-01       1.401864e+00       1.585253e-02       1.002785e-02       1.196666e-02
        1630       3.557323e+00       8.546852e-01       1.423172e+00       2.439086e-02       1.723801e-02       1.941629e-02
        1640       3.569468e+00       8.569399e-01       1.428310e+00       4.015987e-02       2.829339e-02       3.243140e-02
        1650       3.530127e+00       8.402116e-01       1.412600e+00       2.320525e-02       1.650898e-02       1.949486e-02
        1660       3.463539e+00       8.138035e-01       1.385991e+00       8.309080e-03       5.529971e-03       6.809119e-03
        1670       3.402115e+00       7.956872e-01       1.361627e+00       2.171302e-02       1.580196e-02       1.957211e-02
        1680       3.362490e+00       7.870769e-01       1.345769e+00       2.614616e-02       1.400727e-02       2.058378e-02
        1690       3.354338e+00       7.907550e-01       1.342283e+00       1.984636e-02       1.174042e-02       1.608939e-02
        1700       3.383525e+00       8.021681e-01       1.353747e+00       1.141435e-02       8.528300e-03       1.005122e-02
        1710       3.429650e+00       8.130245e-01       1.372246e+00       1.363377e-02       5.864182e-03       1.195764e-02
        1720       3.477007e+00       8.258949e-01       1.391216e+00       1.596914e-02       7.207194e-03       1.344655e-02
        1730       3.513633e+00       8.378771e-01       1.405745e+00       1.211366e-02       6.768468e-03       9.182922e-03
        1740       3.532292e+00       8.417425e-01       1.413198e+00       1.488651e-02       8.227525e-03       1.247197e-02
        1750       3.526609e+00       8.406858e-01       1.411026e+00       1.781093e-02       8.457645e-03       1.372835e-02
        1760       3.496137e+00       8.319794e-01       1.398841e+00       1.402994e-02       8.436784e-03       1.179107e-02
        1770       3.452135e+00       8.193832e-01       1.381178e+00       8.375431e-03       5.414465e-03       6.814248e-03
        1780       3.410808e+00       8.104649e-01       1.364656e+00       1.231015e-02       8.922664e-03       1.091968e-02
        1790       3.383338e+00       8.001432e-01       1.353770e+00       1.631029e-02       1.249944e-02       1.488580e-02
        1800       3.374577e+00       7.933730e-01       1.350339e+00       1.874646e-02       1.324742e-02       1.548214e-02
        1810       3.392386e+00       7.968455e-01       1.357426e+00       9.658149e-03       6.902800e-03       8.345661e-03
        1820       3.435805e+00       8.083369e-01       1.374779e+00       1.310990e-02       6.510076e-03       1.158126e-02
        1830       3.492054e+00       8.206436e-01       1.397415e+00       2.087489e-02       1.363727e-02       1.748940e-02
        1840       3.538741e+00       8.297430e-01       1.416027e+00       2.099766e-02       1.488566e-02       1.781227e-02
        1850       3.557246e+00       8.272848e-01       1.423426e+00       2.934382e-02       1.476290e-02       2.249015e-02
        1860       3.540482e+00       8.194967e-01       1.417049e+00       2.626267e-02       1.654580e-02       2.053414e-02
        1870       3.489380e+00       8.046859e-01       1.396790e+00       2.268318e-02       1.367540e-02       1.889626e-02
        1880       3.424808e+00       7.740988e-01       1.371199e+00       1.492326e-02       9.592176e-03       1.315512e-02
        1890       3.374786e+00       7.521760e-01       1.351721e+00       3.357029e-02       1.264820e-02       2.267932e-02
        1900       3.361808e+00       7.452999e-01       1.346806e+00       4.617759e-02       2.140057e-02       3.459594e-02
        1910       3.384470e+00       7.585249e-01       1.355405e+00       2.800032e-02       1.987348e-02       2.416507e-02
        1920       3.435063e+00       7.919078e-01       1.374780e+00       1.069784e-02       7.849063e-03       8.915918e-03
        1930       3.498732e+00       8.294756e-01       1.399932e+00       1.729923e-02       1.344405e-02       1.487306e-02
        1940       3.547639e+00       8.553186e-01       1.419399e+00       2.581578e-02       1.543984e-02       2.170574e-02
        1950       3.555288e+00       8.650531e-01       1.422294e+00       2.061876e-02       1.210594e-02       1.820189e-02
        1960       3.523049e+00       8.582708e-01       1.409300e+00       2.521974e-02       8.986859e-03       1.289598e-02
        1970       3.470650e+00       8.466656e-01       1.388432e+00       1.429179e-02       5.254956e-03       1.200589e-02
        1980       3.416764e+00       8.362566e-01       1.366927e+00       2.071934e-02       1.267443e-02       1.781464e-02
        1990       3.377979e+00       8.185548e-01       1.351376e+00       1.500536e-02       1.038226e-02       1.217918e-02
        2000       3.366206e+00       8.102239e-01       1.346698e+00       1.562954e-02       6.677819e-03       1.158203e-02
        2010       3.388675e+00       8.211343e-01       1.355673e+00       1.457735e-02       1.245637e-02       1.367257e-02
        2020       3.428224e+00       8.383099e-01       1.371421e+00       1.427245e-02       4.710976e-03       1.185331e-02
        2030       3.469617e+00       8.563275e-01       1.387880e+00       9.523857e-03       4.255497e-03       7.840629e-03
        2040       3.503192e+00       8.668075e-01       1.401320e+00       7.845745e-03       4.040998e-03       6.255138e-03
        2050       3.520221e+00       8.705279e-01       1.408189e+00       1.352860e-02       1.062578e-02       1.198090e-02
        2060       3.514560e+00       8.710681e-01       1.405925e+00       1.163747e-02       3.507108e-03       9.629299e-03
        2070       3.489313e+00       8.642454e-01       1.395744e+00       7.087903e-03       5.090637e-03       6.125192e-03
        2080       3.455006e+00       8.491939e-01       1.382044e+00       8.232103e-03       3.912099e-03       6.731101e-03
        2090       3.421299e+00       8.334581e-01       1.368670e+00       1.210254e-02       8.286795e-03       1.097726e-02
        2100       3.396152e+00       8.223250e-01       1.358663e+00       1.233161e-02       1.180684e-02       1.210778e-02
        2110       3.388277e+00       8.178431e-01       1.355465e+00       1.036744e-02       6.891066e-03       8.416067e-03
        2120       3.404759e+00       8.229453e-01       1.362062e+00       1.147376e-02       7.833133e-03       1.010441e-02
        2130       3.440784e+00       8.308209e-01       1.376603e+00       1.522914e-02       5.782554e-03       1.314453e-02
        2140       3.481520e+00       8.429637e-01       1.392892e+00       1.407488e-02       8.307253e-03       1.166811e-02
        2150       3.516421e+00       8.599359e-01       1.406725e+00       9.860427e-03       5.705082e-03       7.388235e-03
        2160       3.534042e+00       8.637381e-01       1.413789e+00       2.396525e-02       1.355870e-02       1.700260e-02
        2170       3.521528e+00       8.625352e-01       1.408841e+00       1.662059e-02       1.054779e-02       1.436810e-02
        2180       3.479436e+00       8.534267e-01       1.391965e+00       1.278290e-02       6.957831e-03       1.108454e-02
        2190       3.428350e+00       8.356714e-01       1.371501e+00       1.139047e-02       7.243831e-03       8.674603e-03
        2200       3.386379e+00       8.254042e-01       1.354756e+00       1.425015e-02       1.066625e-02       1.323060e-02
        2210       3.364850e+00       8.204662e-01       1.346216e+00       2.377105e-02       1.798257e-02       2.109600e-02
        2220       3.374625e+00       8.190754e-01       1.350066e+00       1.709435e-02       9.533806e-03       1.296237e-02
        2230       3.411206e+00       8.343905e-01       1.364617e+00       1.079535e-02       8.508435e-03       9.842962e-03
        2240       3.469576e+00       8.461342e-01       1.388023e+00       1.567420e-02       4.962220e-03       1.310184e-02
        2250       3.523841e+00       8.506077e-01       1.410057e+00       2.150717e-02       2.017219e-02       2.097249e-02
        2260       3.546867e+00       8.509975e-01       1.419433e+00       3.746575e-02       1.491583e-02       2.488975e-02
        2270       3.525469e+00       8.418788e-01       1.410972e+00       3.033170e-02       1.019883e-02       1.948041e-02
        2280       3.475418e+00       8.310007e-01       1.391188e+00       1.836004e-02       1.509277e-02       1.703247e-02
        2290       3.415343e+00       8.083313e-01       1.367469e+00       2.075073e-02       1.701068e-02       1.904635e-02
        2300       3.365127e+00       7.912098e-01       1.347533e+00       4.111198e-02       1.396675e-02       2.223235e-02
        2310       3.349310e+00       7.932978e-01       1.341010e+00       2.653498e-02       1.497867e-02       2.156234e-02
        2320       3.367928e+00       8.026044e-01       1.348297e+00       3.110676e-02       1.554969e-02       2.435579e-02
        2330       3.417022e+00       8.137652e-01       1.367886e+00       1.829857e-02       1.238612e-02       1.524574e-02
        2340       3.473664e+00       8.192120e-01       1.390817e+00       2.740570e-02       1.115107e-02       1.681618e-02
        2350       3.520206e+00       8.329431e-01       1.409504e+00       5.006190e-02       1.353211e-02       2.902767e-02
        2360       3.530234e+00       8.448986e-01       1.413224e+00       4.679284e-02       1.727075e-02       2.818219e-02
        2370       3.501063e+00       8.453249e-01       1.401175e+00       2.032234e-02       1.129671e-02       1.474042e-02
        2380       3.455614e+00       8.360284e-01       1.382735e+00       8.405242e-03       5.965574e-03       7.562075e-03
        2390       3.416312e+00       8.284365e-01       1.366910e+00       1.430984e-02       1.152845e-02       1.353209e-02
        2400       3.392331e+00       8.314029e-01       1.357241e+00       1.363476e-02       1.116436e-02       1.254509e-02
        2410       3.387113e+00       8.280477e-01       1.355134e+00       1.496797e-02       1.076575e-02       1.279754e-02
        2420       3.406070e+00       8.334720e-01       1.362798e+00       1.198108e-02       9.546687e-03       1.069834e-02
        2430       3.439168e+00       8.370225e-01       1.376170e+00       1.212147e-02       9.140260e-03       1.113713e-02
        2440       3.476163e+00       8.464538e-01       1.390981e+00       1.226911e-02       4.345666e-03       1.027251e-02
        2450       3.506912e+00       8.555840e-01       1.403206e+00       1.374427e-02       8.861267e-03       1.078667e-02
        2460       3.519870e+00       8.581362e-01       1.408346e+00       2.275562e-02       9.640849e-03       1.407544e-02
        2470       3.507401e+00       8.588758e-01       1.403365e+00       1.376020e-02       1.059916e-02       1.236739e-02
        2480       3.470991e+00       8.540044e-01       1.388627e+00       1.292035e-02       7.693424e-03       1.100869e-02
        2490       3.423382e+00       8.400135e-01       1.369403e+00       8.821010e-03       4.778403e-03       7.848444e-03
        2500       3.381825e+00       8.288137e-01       1.352836e+00       1.468461e-02       1.188803e-02       1.385892e-02
        2510       3.364986e+00       8.254116e-01       1.346161e+00       1.996486e-02       1.110478e-02       1.648370e-02
        2520       3.376090e+00       8.310394e-01       1.350536e+00       2.083691e-02       1.067020e-02       1.570025e-02
        2530       3.418501e+00       8.480019e-01       1.367424e+00       9.942669e-03       7.036635e-03       8.708273e-03
        2540       3.476920e+00       8.549341e-01       1.390920e+00       1.705650e-02       5.125296e-03       1.377452e-02
        2550       3.525701e+00       8.639017e-01       1.410552e+00       2.148594e-02       1.594256e-02       1.890364e-02
        2560       3.543286e+00       8.599473e-01       1.417765e+00       2.576864e-02       1.502267e-02       1.935643e-02
        2570       3.518363e+00       8.442756e-01       1.408041e+00       2.584410e-02       1.140659e-02       1.862350e-02
        2580       3.467587e+00       8.028639e-01       1.388190e+00       1.471957e-02       1.158666e-02       1.348055e-02
        2590       3.412963e+00       7.701895e-01       1.367020e+00       2.884898e-02       1.695908e-02       2.377976e-02
        2600       3.378649e+00       7.488643e-01       1.353746e+00       4.225135e-02       1.419657e-02       2.631031e-02
        2610       3.377507e+00       7.485270e-01       1.353234e+00       4.682585e-02       1.567932e-02       2.626428e-02
        2620       3.415174e+00       7.658408e-01       1.367963e+00       2.395901e-02       1.892558e-02       2.108939e-02
        2630       3.464520e+00       7.839024e-01       1.387330e+00       1.828948e-02       1.360872e-02       1.637333e-02
        2640       3.508160e+00       8.003996e-01       1.404448e+00       2.154163e-02       1.096635e-02       1.537997e-02
        2650       3.534717e+00       8.089773e-01       1.415144e+00       3.590726e-02       1.516060e-02       2.450580e-02
        2660       3.527295e+00       8.096692e-01       1.412166e+00       3.927423e-02       2.156224e-02       2.755706e-02
        2670       3.489608e+00       8.045292e-01       1.396781e+00       1.361783e-02       8.503468e-03       1.165748e-02
        2680       3.441925e+00       7.944167e-01       1.377573e+00       1.286153e-02       8.802328e-03       1.055705e-02
        2690       3.407572e+00       7.827284e-01       1.363989e+00       1.636844e-02       1.173050e-02       1.389012e-02
        2700       3.391238e+00       7.810348e-01       1.357507e+00       2.362926e-02       1.447869e-02       1.883911e-02
        2710       3.398438e+00       7.891611e-01       1.360162e+00       2.029855e-02       1.090717e-02       1.407935e-02
        2720       3.425784e+00       8.051898e-01       1.370796e+00       1.001442e-02       5.766222e-03       7.995866e-03
        2730       3.463352e+00       8.257612e-01       1.385699e+00       1.162208e-02       7.612732e-03       1.031692e-02
        2740       3.494667e+00       8.384938e-01       1.398240e+00       1.271237e-02       5.797815e-03       1.062864e-02
        2750       3.508338e+00       8.454393e-01       1.403603e+00       1.232881e-02       6.873289e-03       9.156412e-03
        2760       3.504900e+00       8.463824e-01       1.402167e+00       7.633761e-03       5.640778e-03       6.579723e-03
        2770       3.486700e+00       8.400760e-01       1.394908e+00       1.159696e-02       9.114148e-03       1.018459e-02
        2780       3.459657e+00       8.286520e-01       1.384134e+00       1.117338e-02       6.444889e-03       9.413435e-03
        2790       3.431521e+00       8.160880e-01       1.372951e+00       9.740421e-03       5.448501e-03       7.037254e-03
        2800       3.412179e+00       8.067361e-01       1.365295e+00       1.420554e-02       6.559612e-03       9.216746e-03
        2810       3.407526e+00       8.038949e-01       1.363473e+00       1.257882e-02       9.574173e-03       1.123963e-02
        2820       3.418410e+00       8.059943e-01       1.367837e+00       1.349595e-02       9.906461e-03       1.244208e-02
        2830       3.444532e+00       8.106258e-01       1.378300e+00       9.033477e-03       6.255570e-03       7.524951e-03
        2840       3.481124e+00       8.243573e-01       1.392890e+00       8.806179e-03       7.134207e-03       8.079736e-03
        2850       3.517043e+00       8.418764e-01       1.407228e+00       1.536686e-02       9.568802e-03       1.345519e-02
        2860       3.529302e+00       8.517603e-01       1.412007e+00       2.574375e-02       1.424698e-02       1.801904e-02
        2870       3.510563e+00       8.507154e-01       1.404398e+00       1.070202e-02       6.335421e-03       7.629998e-03
        2880       3.469910e+00       8.355508e-01       1.388304e+00       1.434784e-02       7.085579e-03       1.194115e-02
        2890       3.423861e+00       8.200947e-01       1.369969e+00       1.662322e-02       1.477576e-02       1.587369e-02
        2900       3.385526e+00       8.118433e-01       1.354532e+00       1.303624e-02       1.126725e-02       1.230786e-02
        2910       3.369891e+00       8.103726e-01       1.348243e+00       1.961945e-02       1.263853e-02       1.602279e-02
        2920       3.393126e+00       8.270932e-01       1.357460e+00       1.504471e-02       1.235379e-02       1.380903e-02
        2930       3.437808e+00       8.416638e-01       1.375340e+00       1.974615e-02       6.740220e-03       1.561393e-02
        2940       3.487687e+00       8.399880e-01       1.395638e+00       1.003430e-02       8.012597e-03       9.039274e-03
        2950       3.519369e+00       8.326002e-01       1.409134e+00       4.998693e-02       1.292755e-02       2.834450e-02
        2960       3.512338e+00       8.304823e-01       1.406811e+00       5.750693e-02       1.866641e-02       3.423078e-02
        2970       3.465506e+00       8.174488e-01       1.387880e+00       2.266004e-02       1.331472e-02       1.821041e-02
        2980       3.410123e+00       8.062300e-01       1.365722e+00       2.085112e-02       1.079008e-02       1.630788e-02
        2990       3.373293e+00       7.910542e-01       1.351292e+00       2.653752e-02       1.546338e-02       1.836250e-02
        3000       3.362441e+00       7.895110e-01       1.347097e+00       4.348796e-02       1.853343e-02       3.082325e-02
        3010       3.383735e+00       8.015621e-01       1.355358e+00       2.300419e-02       1.768407e-02       1.953577e-02
        3020       3.425030e+00       8.130145e-01       1.371523e+00       1.880058e-02       7.391679e-03       1.262126e-02
        3030       3.480509e+00       8.254644e-01       1.393730e+00       2.632684e-02       1.409270e-02       1.931341e-02
        3040       3.517251e+00       8.345285e-01       1.408400e+00       4.806028e-02       1.851224e-02       3.079162e-02
        3050       3.512563e+00       8.455656e-01       1.405807e+00       2.361042e-02       7.260710e-03       1.501935e-02
        3060       3.479898e+00       8.503725e-01       1.392141e+00       1.144384e-02       6.875543e-03       9.041711e-03
        3070       3.438997e+00       8.542461e-01       1.375666e+00       1.392339e-02       4.075895e-03       1.143529e-02
        3080       3.404982e+00       8.326662e-01       1.362110e+00       1.370843e-02       9.644352e-03       1.228568e-02
        3090       3.390198e+00       8.245337e-01       1.356199e+00       1.118742e-02       9.005238e-03       9.906446e-03
        3100       3.402002e+00       8.268075e-01       1.360881e+00       7.844730e-03       6.765362e-03       7.468142e-03
        3110       3.430638e+00       8.345459e-01       1.372376e+00       1.308775e-02       6.273661e-03       1.143251e-02
        3120       3.465969e+00       8.490296e-01       1.386506e+00       1.256754e-02       5.191065e-03       1.043089e-02
        3130       3.494894e+00       8.622997e-01       1.398011e+00       6.995175e-03       5.307581e-03       6.232029e-03
        3140       3.509689e+00       8.631770e-01       1.403973e+00       9.534206e-03       8.670801e-03       9.108188e-03
        3150       3.504896e+00       8.543833e-01       1.402134e+00       1.406957e-02       6.081203e-03       1.113144e-02
        3160       3.479503e+00       8.334278e-01       1.392058e+00       1.091032e-02       7.589427e-03       9.462307e-03
        3170       3.444826e+00       8.128457e-01       1.378320e+00       8.594514e-03       4.560963e-03       5.979824e-03
        3180       3.413472e+00       7.948946e-01       1.366036e+00       1.565553e-02       1.053620e-02       1.290701e-02
        3190       3.396602e+00       7.755782e-01       1.359671e+00       1.906491e-02       1.222323e-02       1.613321e-02
        3200       3.399840e+00       7.631838e-01       1.361437e+00       2.369531e-02       1.104078e-02       1.782899e-02
        3210       3.431429e+00       7.637378e-01       1.374258e+00       2.195592e-02       7.204239e-03       1.359476e-02
        3220       3.483807e+00       7.754284e-01       1.395242e+00       1.620722e-02       1.347652e-02       1.506091e-02
        3230       3.534678e+00       7.836995e-01       1.415750e+00       4.401095e-02       2.411396e-02       3.310121e-02
        3240       3.551000e+00       7.831788e-01       1.422142e+00       4.709754e-02       2.430938e-02       3.374531e-02
        3250       3.527637e+00       7.696406e-01       1.413248e+00       4.829403e-02       1.338380e-02       2.911019e-02
        3260       3.482349e+00       7.544248e-01       1.395774e+00       3.859502e-02       2.285299e-02       2.775724e-02
        3270       3.429186e+00       7.406505e-01       1.374598e+00       4.287422e-02       1.743436e-02       2.706141e-02
        3280       3.395906e+00       7.370434e-01       1.360835e+00       4.475978e-02       6.718008e-03       2.566389e-02
        3290       3.402095e+00       7.633210e-01       1.362428e+00       3.060590e-02       1.297215e-02       2.213958e-02
        3300       3.440644e+00       8.062715e-01       1.376934e+00       1.769310e-02       8.209011e-03       1.440221e-02
        3310       3.481177e+00       8.470102e-01       1.392647e+00       1.605859e-02       1.266826e-02       1.396296e-02
        3320       3.504670e+00       8.396893e-01       1.402282e+00       1.156220e-02       5.080619e-03       8.711742e-03
        3330       3.498546e+00       8.359602e-01       1.400249e+00       2.018628e-02       9.280532e-03       1.388791e-02
        3340       3.470402e+00       8.276552e-01       1.389142e+00       1.605816e-02       7.945935e-03       1.330616e-02
        3350       3.431396e+00       8.175946e-01       1.373402e+00       1.357726e-02       1.130894e-02       1.280807e-02
        3360       3.399762e+00       8.061596e-01       1.360725e+00       1.472836e-02       9.451938e-03       1.161134e-02
        3370       3.391275e+00       8.045693e-01       1.357391e+00       2.235178e-02       1.327824e-02       1.525831e-02
        3380       3.403141e+00       8.103916e-01       1.362170e+00       2.041084e-02       1.249981e-02       1.600245e-02
        3390       3.429968e+00       8.126673e-01       1.372843e+00       1.157233e-02       9.446093e-03       1.015192e-02
        3400       3.463864e+00       8.167102e-01       1.386559e+00       1.045912e-02       6.167488e-03       8.341055e-03
        3410       3.492627e+00       8.185400e-01       1.398512e+00       3.139551e-02       1.132721e-02       1.947202e-02
        3420       3.499244e+00       8.178014e-01       1.401404e+00       4.634593e-02       1.239563e-02       2.644518e-02
        3430       3.482243e+00       8.161586e-01       1.394438e+00       3.040413e-02       8.149381e-03       1.776555e-02
        3440       3.449074e+00       8.085899e-01       1.380956e+00       1.465976e-02       9.694350e-03       1.110047e-02
        3450       3.413654e+00       7.949532e-01       1.367019e+00       1.970308e-02       1.206048e-02       1.577313e-02
        3460       3.386917e+00       7.832580e-01       1.356755e+00       2.646257e-02       1.694419e-02       2.024985e-02
        3470       3.375530e+00       7.792124e-01       1.352361e+00       4.965770e-02       1.494128e-02       2.557364e-02
        3480       3.399428e+00       7.875032e-01       1.361811e+00       2.268490e-02       1.476027e-02       1.821082e-02
        3490       3.448620e+00       8.161965e-01       1.381194e+00       2.404590e-02       2.012286e-02       2.169513e-02
        3500       3.495950e+00       8.262829e-01       1.399657e+00       3.074793e-02       1.405575e-02       2.001712e-02
        3510       3.510157e+00       8.382058e-01       1.404564e+00       1.685914e-02       9.956035e-03       1.214649e-02
        3520       3.490331e+00       8.480425e-01       1.396724e+00       1.943563e-02       1.625109e-02       1.801576e-02
        3530       3.447620e+00       7.627373e-01       1.381523e+00       2.928294e-02       1.928569e-02       2.276618e-02
        3540       3.417586e+00       7.259447e-01       1.371366e+00       8.994502e-02       1.426262e-02       4.541090e-02
        3550       3.420298e+00       7.276152e-01       1.372160e+00       6.947141e-02       1.991711e-02       3.834224e-02
        3560       3.449626e+00       7.507400e-01       1.382709e+00       3.420718e-02       1.434890e-02       2.655929e-02
        3570       3.487951e+00       7.787954e-01       1.397265e+00       3.001143e-02       1.298474e-02       2.073102e-02
        3580       3.507986e+00       7.912494e-01       1.404861e+00       3.461061e-02       1.218621e-02       2.112945e-02
        3590       3.504870e+00       8.059654e-01       1.403021e+00       1.795184e-02       8.683634e-03       1.261631e-02
        3600       3.484227e+00       8.182207e-01       1.394317e+00       1.662212e-02       1.352782e-02       1.425021e-02
        3610       3.450932e+00       8.190516e-01       1.380738e+00       1.388909e-02       8.341298e-03       1.215246e-02
        3620       3.418399e+00       8.108555e-01       1.367666e+00       7.941335e-03       6.400062e-03       6.867859e-03
        3630       3.401099e+00       8.048443e-01       1.360836e+00       1.134571e-02       6.279094e-03       9.203012e-03
        3640       3.406926e+00       8.223300e-01       1.363007e+00       1.550219e-02       1.069950e-02       1.431403e-02
        3650       3.429429e+00       8.489676e-01       1.371818e+00       1.126647e-02       6.319629e-03       1.010284e-02
        3660       3.461772e+00       8.519838e-01       1.384787e+00       6.134900e-03       5.128193e-03       5.706406e-03
        3670       3.488969e+00       8.529198e-01       1.395930e+00       1.232485e-02       9.967816e-03       1.119692e-02
        3680       3.496934e+00       8.449342e-01       1.399488e+00       1.732549e-02       1.272733e-02       1.487677e-02
        3690       3.481018e+00       8.275437e-01       1.393553e+00       2.203860e-02       9.600483e-03       1.402184e-02
        3700       3.449975e+00       8.060100e-01       1.381482e+00       2.219274e-02       8.692808e-03       1.385575e-02
        3710       3.418583e+00       7.957749e-01       1.369065e+00       1.870325e-02       1.332445e-02       1.613939e-02
        3720       3.394591e+00       7.882291e-01       1.359546e+00       2.834025e-02       2.097151e-02       2.442129e-02
        3730       3.391348e+00       7.798193e-01       1.358505e+00       2.248751e-02       1.524284e-02       1.963697e-02
        3740       3.411896e+00       7.755428e-01       1.367312e+00       3.805671e-02       1.321239e-02       2.253422e-02
        3750       3.451976e+00       7.784409e-01       1.384000e+00       6.367717e-02       1.833786e-02       3.617357e-02
        3760       3.485909e+00       7.887316e-01       1.397531e+00       7.095598e-02       2.104206e-02       3.877249e-02
        3770       3.478208e+00       8.018052e-01       1.393014e+00       3.034560e-02       1.540438e-02       2.067894e-02
        3780       3.426209e+00       8.227233e-01       1.370744e+00       1.457436e-02       1.150414e-02       1.313449e-02
        3790       3.381637e+00       7.483443e-01       1.355017e+00       4.420749e-02       1.795985e-02       3.385468e-02
        3800       3.397409e+00       7.118362e-01       1.363477e+00       9.065126e-02       1.984248e-02       4.934691e-02
        3810       3.452700e+00       7.277971e-01       1.385234e+00       7.920891e-02       1.719647e-02       3.974285e-02
        3820       3.521659e+00       7.613992e-01       1.411364e+00       4.329716e-02       1.918726e-02       2.954289e-02
        3830       3.564121e+00       7.865650e-01       1.427485e+00       6.834782e-02       3.655947e-02       4.915053e-02
        3840       3.556497e+00       7.943553e-01       1.424078e+00       4.244487e-02       2.857909e-02       3.414093e-02
        3850       3.502839e+00       7.910390e-01       1.402414e+00       2.714212e-02       1.366943e-02       1.807630e-02
        3860       3.442097e+00       7.816371e-01       1.377999e+00       1.461443e-02       7.677727e-03       1.211559e-02
        3870       3.390102e+00       7.745926e-01       1.357119e+00       2.189418e-02       1.634681e-02       1.948325e-02
        3880       3.362908e+00       7.746102e-01       1.346075e+00       2.614947e-02       1.752837e-02       2.064162e-02
        3890       3.373896e+00       7.881399e-01       1.350201e+00       1.657995e-02       1.063570e-02       1.366143e-02
        3900       3.415258e+00       8.220773e-01       1.366395e+00       1.807694e-02       1.228889e-02       1.531493e-02
        3910       3.471702e+00       8.493503e-01       1.388812e+00       1.330300e-02       6.498648e-03       1.134221e-02
        3920       3.515647e+00       8.448621e-01       1.406591e+00       1.884590e-02       1.189621e-02       1.419171e-02
        3930       3.529498e+00       8.364459e-01       1.412432e+00       2.529543e-02       9.910757e-03       1.715781e-02
        3940       3.507830e+00       8.302389e-01       1.403988e+00       2.069939e-02       1.149755e-02       1.593120e-02
        3950       3.465308e+00       8.221405e-01       1.386994e+00       1.328059e-02       8.151074e-03       1.163502e-02
        3960       3.418178e+00       8.122626e-01       1.368044e+00       1.386394e-02       9.390011e-03       1.129237e-02
        3970       3.384735e+00       8.033324e-01       1.354682e+00       1.865712e-02       1.256295e-02       1.553652e-02
        3980       3.376858e+00       7.947613e-01       1.351573e+00       1.464829e-02       1.255995e-02       1.400991e-02
        3990       3.393558e+00       8.001353e-01       1.358184e+00       1.592809e-02       1.197693e-02       1.353855e-02
        4000       3.432034e+00       8.120176e-01       1.373462e+00       1.082562e-02       9.354882e-03       1.021864e-02
        4010       3.478157e+00       8.193238e-01       1.392033e+00       1.087589e-02       8.908831e-03       9.899354e-03
        4020       3.516433e+00       8.227966e-01       1.407604e+00       2.693947e-02       1.100755e-02       1.851692e-02
        4030       3.527771e+00       8.188609e-01       1.412324e+00       3.846918e-02       1.239914e-02       2.386529e-02
        4040       3.506667e+00       8.129218e-01       1.403885e+00       2.882140e-02       8.938939e-03       1.735737e-02
        4050       3.463389e+00       8.042042e-01       1.386525e+00       1.605708e-02       1.055195e-02       1.320628e-02
        4060       3.413606e+00       7.887428e-01       1.366767e+00       1.570701e-02       1.429596e-02       1.477468e-02
        4070       3.373504e+00       7.663743e-01       1.351170e+00       2.615507e-02       1.543143e-02       1.923102e-02
        4080       3.359975e+00       7.610992e-01       1.346072e+00       4.046223e-02       1.245158e-02       2.513776e-02
        4090       3.391407e+00       7.846622e-01       1.358156e+00       2.325102e-02       1.540072e-02       1.827833e-02
        4100       3.452890e+00       8.301088e-01       1.382094e+00       1.917686e-02       8.252874e-03       1.606159e-02
        4110       3.523369e+00       8.259571e-01       1.410304e+00       3.358336e-02       1.618175e-02       2.258779e-02
        4120       3.558781e+00       8.311239e-01       1.424698e+00       6.033969e-02       1.415107e-02       3.691877e-02
        4130       3.537869e+00       8.235457e-01       1.416813e+00       4.511113e-02       1.907758e-02       3.143021e-02
        4140       3.478491e+00       8.049926e-01       1.393473e+00       3.426199e-02       1.865851e-02       2.327955e-02
        4150       3.409543e+00       7.880894e-01       1.365710e+00       2.883010e-02       1.131966e-02       1.775926e-02
        4160       3.362853e+00       7.817452e-01       1.346835e+00       2.513337e-02       1.469603e-02       1.811786e-02
        4170       3.350910e+00       7.841522e-01       1.342004e+00       3.458862e-02       2.218220e-02       2.786387e-02
        4180       3.377024e+00       7.893124e-01       1.352277e+00       2.000038e-02       1.694878e-02       1.835588e-02
        4190       3.423809e+00       8.055170e-01       1.370799e+00       1.680870e-02       8.443159e-03       1.081069e-02
        4200       3.480152e+00       8.189824e-01       1.393241e+00       1.609588e-02       6.619025e-03       1.162228e-02
        4210       3.525574e+00       8.358537e-01       1.411246e+00       2.730238e-02       1.204760e-02       1.929459e-02
        4220       3.542228e+00       8.391295e-01       1.417844e+00       3.577876e-02       1.200975e-02       2.247083e-02
        4230       3.525441e+00       8.330815e-01       1.411183e+00       2.441372e-02       8.722220e-03       1.592515e-02
        4240       3.484017e+00       8.232798e-01       1.394587e+00       1.325636e-02       7.211926e-03       1.150565e-02
        4250       3.435776e+00       8.113082e-01       1.375220e+00       1.515218e-02       1.171724e-02       1.418218e-02
        4260       3.391473e+00       8.021447e-01       1.357494e+00       1.986619e-02       1.375741e-02       1.620949e-02
        4270       3.368550e+00       7.960740e-01       1.348556e+00       1.971984e-02       1.154790e-02       1.433174e-02
        4280       3.377649e+00       7.930524e-01       1.352502e+00       1.867073e-02       1.356936e-02       1.645213e-02
        4290       3.412104e+00       8.010855e-01       1.366151e+00       2.088358e-02       1.604757e-02       1.811370e-02
        4300       3.459381e+00       8.185303e-01       1.384711e+00       1.223259e-02       8.078547e-03       9.599971e-03
        4310       3.510142e+00       8.298236e-01       1.404975e+00       2.070466e-02       7.680837e-03       1.485802e-02
        4320       3.545639e+00       8.367033e-01       1.419311e+00       3.857888e-02       1.803711e-02       2.700098e-02
        4330       3.542245e+00       8.345876e-01       1.417933e+00       3.343191e-02       2.010170e-02       2.703521e-02
        4340       3.501066e+00       8.247610e-01       1.401219e+00       1.393845e-02       6.752105e-03       1.126733e-02
        4350       3.441381e+00       8.180940e-01       1.377158e+00       1.266348e-02       1.014074e-02       1.084002e-02
        4360       3.387276e+00       8.052475e-01       1.355724e+00       2.491870e-02       1.830586e-02       2.036651e-02
        4370       3.349363e+00       7.898595e-01       1.340848e+00       2.219102e-02       1.247312e-02       1.781466e-02
        4380       3.344310e+00       7.883623e-01       1.338574e+00       2.890009e-02       8.638500e-03       1.832127e-02
        4390       3.382167e+00       8.012771e-01       1.353597e+00       1.812282e-02       1.184278e-02       1.528835e-02
        4400       3.447638e+00       8.192739e-01       1.379898e+00       2.236880e-02       1.718554e-02       1.987102e-02
        4410       3.516928e+00       8.323062e-01       1.407632e+00       2.333690e-02       1.686871e-02       1.941666e-02
        4420       3.568481e+00       8.340428e-01       1.428121e+00       4.054323e-02       1.601212e-02       2.928461e-02
        4430       3.570221e+00       8.436126e-01       1.429007e+00       5.682169e-02       2.456006e-02       3.793260e-02
        4440       3.510932e+00       8.357561e-01       1.405374e+00       2.832744e-02       2.132806e-02       2.466235e-02
        4450       3.426045e+00       8.070050e-01       1.371889e+00       1.817153e-02       1.272196e-02       1.461458e-02
        4460       3.354491e+00       7.753595e-01       1.343833e+00       6.471984e-02       1.893115e-02       3.466606e-02
        4470       3.328242e+00       7.598502e-01       1.333430e+00       4.154810e-02       2.495492e-02       3.309239e-02
        4480       3.351569e+00       7.695398e-01       1.342473e+00       4.147035e-02       2.767918e-02       3.573734e-02
        4490       3.407979e+00       7.855864e-01       1.364486e+00       1.965948e-02       9.320105e-03       1.436749e-02
        4500       3.471401e+00       8.042123e-01       1.389692e+00       1.614023e-02       6.393425e-03       1.065933e-02
        4510       3.524884e+00       8.230506e-01       1.410997e+00       3.163465e-02       1.854837e-02       2.300753e-02
        4520       3.544421e+00       8.284527e-01       1.418533e+00       3.943839e-02       1.659708e-02       2.591520e-02
        4530       3.526615e+00       8.272206e-01       1.411225e+00       2.531333e-02       7.839057e-03       1.622146e-02
        4540       3.484133e+00       8.171424e-01       1.394353e+00       1.325616e-02       7.788380e-03       1.140559e-02
        4550       3.432207e+00       8.084669e-01       1.373503e+00       1.744975e-02       1.255695e-02       1.520799e-02
        4560       3.388678e+00       8.024796e-01       1.355914e+00       1.311217e-02       1.061514e-02       1.201944e-02
        4570       3.366466e+00       7.965193e-01       1.347039e+00       2.058102e-02       1.097549e-02       1.527418e-02
        4580       3.378549e+00       7.950824e-01       1.352052e+00       1.898994e-02       1.496871e-02       1.707178e-02
        4590       3.415047e+00       8.011374e-01       1.366786e+00       1.819583e-02       1.428325e-02       1.556282e-02
        4600       3.461694e+00       8.139321e-01       1.385321e+00       1.007655e-02       7.614867e-03       9.006229e-03
        4610       3.509428e+00       8.249282e-01       1.404287e+00       1.416131e-02       5.966241e-03       1.079730e-02
        4620       3.541974e+00       8.308709e-01       1.417374e+00       2.876610e-02       1.604609e-02       2.187751e-02
        4630       3.537955e+00       8.259107e-01       1.415858e+00       2.257030e-02       1.597793e-02       1.972253e-02
        4640       3.496820e+00       8.177343e-01       1.399253e+00       1.371044e-02       6.066587e-03       8.468795e-03
        4650       3.442261e+00       8.110741e-01       1.377311e+00       1.033786e-02       7.853213e-03       9.267840e-03
        4660       3.387637e+00       7.996189e-01       1.355543e+00       2.274653e-02       1.376343e-02       1.857348e-02
        4670       3.349926e+00       7.870194e-01       1.340555e+00       2.363435e-02       1.527377e-02       1.994615e-02
        4680       3.346375e+00       7.788145e-01       1.339301e+00       2.424150e-02       8.061014e-03       1.495928e-02
        4690       3.385818e+00       7.850968e-01       1.355166e+00       2.367445e-02       1.298408e-02       1.842229e-02
        4700       3.454783e+00       8.028703e-01       1.382703e+00       1.976452e-02       1.435652e-02       1.720379e-02
        4710       3.525078e+00       8.147294e-01       1.410905e+00       2.766073e-02       2.083095e-02       2.366086e-02
        4720       3.570154e+00       8.202071e-01       1.428879e+00       5.335948e-02       1.895166e-02       3.381443e-02
        4730       3.560862e+00       8.189450e-01       1.425533e+00       5.172949e-02       2.487803e-02       3.606982e-02
        4740       3.501730e+00       8.115767e-01       1.401960e+00       2.679915e-02       1.650481e-02       2.057997e-02
        4750       3.425069e+00       8.017648e-01       1.371160e+00       1.686829e-02       8.016833e-03       1.211657e-02
        4760       3.372158e+00       7.933008e-01       1.350123e+00       1.957960e-02       1.124177e-02       1.605841e-02
        4770       3.354200e+00       7.869937e-01       1.342916e+00       3.182643e-02       1.695542e-02       2.325672e-02
        4780       3.371017e+00       7.930952e-01       1.349443e+00       1.840404e-02       1.425379e-02       1.630958e-02
        4790       3.410836e+00       8.120706e-01       1.365060e+00       1.922412e-02       8.322732e-03       1.109537e-02
        4800       3.461503e+00       8.326599e-01       1.385170e+00       1.040144e-02       5.613237e-03       9.084004e-03
        4810       3.509784e+00       8.503375e-01       1.404400e+00       1.632488e-02       1.017785e-02       1.312743e-02
        4820       3.536289e+00       8.560255e-01       1.414891e+00       2.313476e-02       1.054201e-02       1.658477e-02
        4830       3.533074e+00       8.524349e-01       1.413575e+00       1.891894e-02       6.776794e-03       1.256510e-02
        4840       3.503437e+00       8.476598e-01       1.401838e+00       1.387469e-02       7.944319e-03       1.164298e-02
        4850       3.458449e+00       8.355056e-01       1.383877e+00       1.456801e-02       7.220759e-03       1.258085e-02
        4860       3.410450e+00       8.187447e-01       1.364633e+00       1.483866e-02       1.070264e-02       1.239633e-02
        4870       3.375412e+00       8.036726e-01       1.350792e+00       1.496290e-02       8.202273e-03       1.132504e-02
        4880       3.367673e+00       7.994435e-01       1.347888e+00       2.387010e-02       1.317865e-02       1.811951e-02
        4890       3.388345e+00       8.090294e-01       1.356086e+00       2.245705e-02       1.432606e-02       1.928894e-02
        4900       3.431758e+00       8.263344e-01       1.373197e+00       9.898586e-03       7.758868e-03       8.833630e-03
        4910       3.488108e+00       8.430547e-01       1.395630e+00       1.053248e-02       7.677142e-03       9.349223e-03
        4920       3.541533e+00       8.573502e-01       1.417133e+00       2.838767e-02       1.680704e-02       2.183333e-02
        4930       3.561415e+00       8.652285e-01       1.425078e+00       3.900011e-02       2.460690e-02       3.075396e-02
        4940       3.535977e+00       8.547615e-01       1.414779e+00       2.426404e-02       9.647761e-03       1.647014e-02
        4950       3.480740e+00       8.375203e-01       1.392711e+00       1.522599e-02       8.676069e-03       1.237454e-02
        4960       3.414676e+00       8.165400e-01       1.366504e+00       2.562168e-02       1.119510e-02       1.935485e-02
        4970       3.356237e+00       7.966265e-01       1.343334e+00       2.652080e-02       1.582418e-02       2.079423e-02
        4980       3.329271e+00       7.799921e-01       1.332706e+00       4.409420e-02       1.147449e-02       2.673793e-02
        4990       3.354066e+00       7.805282e-01       1.342755e+00       3.225401e-02       1.744205e-02       2.303256e-02
        5000       3.411161e+00       7.984521e-01       1.365369e+00       2.532530e-02       1.580982e-02       2.025774e-02
