iter.000000/01.model_devi/task.000.000003 440
iter.000000/01.model_devi/task.000.000007 580
iter.000000/01.model_devi/task.000.000007 280
iter.000000/01.model_devi/task.000.000002 760
iter.000000/01.model_devi/task.000.000003 550
iter.000000/01.model_devi/task.000.000007 330
iter.000000/01.model_devi/task.000.000001 180
iter.000000/01.model_devi/task.000.000003 560
iter.000000/01.model_devi/task.000.000001 400
iter.000000/01.model_devi/task.000.000003 460
iter.000000/01.model_devi/task.000.000007 560
iter.000000/01.model_devi/task.000.000004 700
iter.000000/01.model_devi/task.000.000005 670
iter.000000/01.model_devi/task.000.000003 190
iter.000000/01.model_devi/task.000.000001 410
iter.000000/01.model_devi/task.000.000002 680
iter.000000/01.model_devi/task.000.000004 680
iter.000000/01.model_devi/task.000.000002 200
iter.000000/01.model_devi/task.000.000000 170
iter.000000/01.model_devi/task.000.000002 430
iter.000000/01.model_devi/task.000.000005 970
iter.000000/01.model_devi/task.000.000005 960
iter.000000/01.model_devi/task.000.000003 170
iter.000000/01.model_devi/task.000.000002 100
iter.000000/01.model_devi/task.000.000009 720
iter.000000/01.model_devi/task.000.000005 980
iter.000000/01.model_devi/task.000.000002 210
iter.000000/01.model_devi/task.000.000007 40
iter.000000/01.model_devi/task.000.000001 390
iter.000000/01.model_devi/task.000.000007 820
iter.000000/01.model_devi/task.000.000001 660
iter.000000/01.model_devi/task.000.000007 910
iter.000000/01.model_devi/task.000.000008 930
iter.000000/01.model_devi/task.000.000007 930
iter.000000/01.model_devi/task.000.000003 710
iter.000000/01.model_devi/task.000.000009 310
iter.000000/01.model_devi/task.000.000003 700
iter.000000/01.model_devi/task.000.000007 300
iter.000000/01.model_devi/task.000.000007 290
iter.000000/01.model_devi/task.000.000007 920
iter.000000/01.model_devi/task.000.000006 850
iter.000000/01.model_devi/task.000.000000 120
iter.000000/01.model_devi/task.000.000005 20
iter.000000/01.model_devi/task.000.000003 180
iter.000000/01.model_devi/task.000.000005 100
iter.000000/01.model_devi/task.000.000007 270
iter.000000/01.model_devi/task.000.000004 720
iter.000000/01.model_devi/task.000.000003 450
iter.000000/01.model_devi/task.000.000003 380
iter.000000/01.model_devi/task.000.000005 420
iter.000000/01.model_devi/task.000.000007 840
iter.000000/01.model_devi/task.000.000007 260
iter.000000/01.model_devi/task.000.000007 800
iter.000000/01.model_devi/task.000.000007 780
iter.000000/01.model_devi/task.000.000001 380
iter.000000/01.model_devi/task.000.000005 490
iter.000000/01.model_devi/task.000.000003 370
iter.000000/01.model_devi/task.000.000008 940
iter.000000/01.model_devi/task.000.000007 570
iter.000000/01.model_devi/task.000.000005 400
iter.000000/01.model_devi/task.000.000005 110
iter.000000/01.model_devi/task.000.000009 320
