#       step         max_devi_e         min_devi_e         avg_devi_e         max_devi_f         min_devi_f         avg_devi_f
           0       3.404346e+00       8.192865e-01       1.362080e+00       1.447687e-02       1.124356e-02       1.272686e-02
          10       3.394776e+00       8.110761e-01       1.358443e+00       1.434569e-02       6.025400e-03       9.348842e-03
          20       3.406443e+00       8.156331e-01       1.363131e+00       2.632018e-02       1.171034e-02       1.716661e-02
          30       3.435830e+00       8.246238e-01       1.374796e+00       1.249938e-02       7.975341e-03       1.103277e-02
          40       3.469492e+00       8.277890e-01       1.388247e+00       1.046408e-02       6.443720e-03       9.440159e-03
          50       3.498410e+00       8.217891e-01       1.400101e+00       1.095681e-02       4.564077e-03       8.525887e-03
          60       3.509417e+00       8.172606e-01       1.404853e+00       2.010691e-02       1.435763e-02       1.642748e-02
          70       3.492970e+00       8.145470e-01       1.398365e+00       1.855452e-02       1.226723e-02       1.482598e-02
          80       3.455670e+00       7.996952e-01       1.383483e+00       1.296456e-02       8.648328e-03       1.153296e-02
          90       3.417739e+00       7.837593e-01       1.368594e+00       1.829292e-02       9.239280e-03       1.493072e-02
         100       3.390495e+00       7.622805e-01       1.358460e+00       3.625591e-02       1.673610e-02       2.549846e-02
         110       3.385595e+00       7.549655e-01       1.357007e+00       4.370386e-02       1.765777e-02       2.604237e-02
         120       3.416465e+00       7.729967e-01       1.368872e+00       1.943377e-02       1.045946e-02       1.404756e-02
         130       3.466695e+00       7.911200e-01       1.388652e+00       3.111339e-02       1.486351e-02       2.191305e-02
         140       3.513755e+00       8.093687e-01       1.407350e+00       5.235380e-02       1.482452e-02       3.111274e-02
         150       3.519315e+00       8.096386e-01       1.409349e+00       5.046078e-02       1.726809e-02       3.158619e-02
         160       3.481432e+00       8.146438e-01       1.393608e+00       1.198287e-02       8.252015e-03       1.055816e-02
         170       3.435549e+00       8.241202e-01       1.374716e+00       1.382943e-02       8.119404e-03       1.139694e-02
         180       3.400747e+00       8.302110e-01       1.360600e+00       2.121074e-02       1.418865e-02       1.823816e-02
         190       3.387936e+00       8.288034e-01       1.355371e+00       1.414569e-02       9.790039e-03       1.241334e-02
         200       3.399720e+00       8.269453e-01       1.360056e+00       1.126275e-02       7.681111e-03       9.449007e-03
         210       3.431051e+00       8.443788e-01       1.372511e+00       1.233993e-02       5.749222e-03       1.042494e-02
         220       3.467177e+00       8.504725e-01       1.386993e+00       1.378378e-02       8.782111e-03       1.176099e-02
         230       3.494385e+00       8.593866e-01       1.397902e+00       9.690880e-03       7.161953e-03       8.294704e-03
         240       3.502224e+00       8.622357e-01       1.401014e+00       1.173365e-02       5.077549e-03       8.263278e-03
         250       3.488224e+00       8.564522e-01       1.395498e+00       1.172349e-02       9.704124e-03       1.082704e-02
         260       3.460334e+00       8.430864e-01       1.384451e+00       1.266490e-02       8.913434e-03       1.162876e-02
         270       3.427310e+00       8.210861e-01       1.371317e+00       1.651092e-02       8.578700e-03       1.132755e-02
         280       3.404604e+00       8.116455e-01       1.362247e+00       1.045231e-02       7.106172e-03       8.993606e-03
         290       3.398907e+00       8.191083e-01       1.359873e+00       1.730114e-02       1.062418e-02       1.530744e-02
         300       3.412255e+00       8.215681e-01       1.365211e+00       1.445661e-02       1.055072e-02       1.217716e-02
         310       3.441659e+00       8.238871e-01       1.377122e+00       1.239778e-02       6.492590e-03       8.624904e-03
         320       3.477455e+00       8.242782e-01       1.391763e+00       1.259752e-02       7.537417e-03       9.737828e-03
         330       3.504620e+00       8.284112e-01       1.402827e+00       2.474145e-02       1.034548e-02       1.676331e-02
         340       3.505291e+00       8.316187e-01       1.403211e+00       2.611616e-02       1.217080e-02       1.739469e-02
         350       3.479564e+00       8.218849e-01       1.393174e+00       2.320748e-02       7.066314e-03       1.402345e-02
         360       3.440006e+00       8.008277e-01       1.377743e+00       2.307575e-02       1.168219e-02       1.725273e-02
         370       3.404752e+00       7.804530e-01       1.364032e+00       2.605157e-02       1.260716e-02       1.908821e-02
         380       3.382736e+00       7.757444e-01       1.355240e+00       2.915489e-02       1.974409e-02       2.549934e-02
         390       3.389575e+00       7.738969e-01       1.358005e+00       2.616670e-02       1.750470e-02       2.054823e-02
         400       3.426646e+00       7.827086e-01       1.372874e+00       2.388959e-02       1.197144e-02       1.792894e-02
         410       3.475455e+00       7.922693e-01       1.392360e+00       3.637043e-02       1.929049e-02       2.653946e-02
         420       3.511912e+00       7.972299e-01       1.406497e+00       3.922612e-02       1.506837e-02       2.370804e-02
         430       3.512326e+00       8.105770e-01       1.406046e+00       2.729843e-02       7.242415e-03       1.624763e-02
         440       3.480965e+00       8.182393e-01       1.393016e+00       2.132815e-02       1.438144e-02       1.821029e-02
         450       3.435860e+00       8.193692e-01       1.374673e+00       1.367265e-02       9.415676e-03       1.142252e-02
         460       3.400792e+00       8.145187e-01       1.360818e+00       1.526481e-02       6.952302e-03       1.128546e-02
         470       3.394935e+00       8.141196e-01       1.358666e+00       1.805157e-02       9.822663e-03       1.343719e-02
         480       3.408698e+00       8.247753e-01       1.363965e+00       1.778662e-02       1.208129e-02       1.444918e-02
         490       3.434577e+00       8.345987e-01       1.374128e+00       1.098144e-02       8.871136e-03       9.610306e-03
         500       3.466671e+00       8.408176e-01       1.386958e+00       9.909816e-03       7.474562e-03       8.620155e-03
         510       3.493169e+00       8.413445e-01       1.397635e+00       1.176627e-02       9.314118e-03       1.037155e-02
         520       3.504523e+00       8.430379e-01       1.402200e+00       1.282130e-02       1.029163e-02       1.090678e-02
         530       3.495035e+00       8.462071e-01       1.398352e+00       1.073147e-02       7.452636e-03       9.276293e-03
         540       3.469877e+00       8.363307e-01       1.388283e+00       8.794375e-03       5.246917e-03       7.466318e-03
         550       3.439899e+00       8.169159e-01       1.376497e+00       1.196210e-02       9.330629e-03       1.055416e-02
         560       3.415175e+00       8.045819e-01       1.366760e+00       1.169037e-02       9.268709e-03       1.085014e-02
         570       3.402682e+00       8.045314e-01       1.361621e+00       1.934455e-02       9.069868e-03       1.257141e-02
         580       3.410139e+00       8.052315e-01       1.364553e+00       1.335355e-02       9.017390e-03       1.075577e-02
         590       3.435345e+00       8.058694e-01       1.374703e+00       1.297257e-02       8.826800e-03       1.136387e-02
         600       3.469182e+00       8.105250e-01       1.388348e+00       1.168653e-02       8.906613e-03       1.032049e-02
         610       3.503950e+00       8.150469e-01       1.402411e+00       1.274096e-02       1.050026e-02       1.153337e-02
         620       3.517481e+00       8.120707e-01       1.407971e+00       2.963620e-02       1.562992e-02       2.092060e-02
         630       3.502028e+00       7.998909e-01       1.401986e+00       1.819847e-02       8.919247e-03       1.351529e-02
         640       3.466090e+00       7.699764e-01       1.388486e+00       2.250605e-02       1.425305e-02       1.844440e-02
         650       3.426127e+00       7.484463e-01       1.373143e+00       4.173277e-02       1.355365e-02       2.456498e-02
         660       3.403660e+00       7.449054e-01       1.363927e+00       3.594308e-02       1.089828e-02       2.276395e-02
         670       3.410343e+00       7.515642e-01       1.366173e+00       3.358159e-02       1.402231e-02       2.463467e-02
         680       3.444867e+00       7.725438e-01       1.379438e+00       1.478124e-02       8.901136e-03       1.089890e-02
         690       3.483380e+00       7.900105e-01       1.394590e+00       1.674556e-02       1.049013e-02       1.209937e-02
         700       3.510282e+00       8.126846e-01       1.405019e+00       1.526321e-02       1.218470e-02       1.386365e-02
         710       3.512307e+00       8.293315e-01       1.405511e+00       2.411712e-02       1.406730e-02       1.683468e-02
         720       3.488384e+00       8.341921e-01       1.395820e+00       1.091585e-02       6.880856e-03       9.254718e-03
         730       3.450971e+00       8.208954e-01       1.381106e+00       1.303078e-02       9.158333e-03       1.178755e-02
         740       3.419757e+00       8.113366e-01       1.368856e+00       1.558595e-02       1.056208e-02       1.289093e-02
         750       3.405331e+00       7.976824e-01       1.363106e+00       1.452053e-02       9.058713e-03       1.143880e-02
         760       3.410860e+00       8.012256e-01       1.365159e+00       1.300148e-02       8.234806e-03       1.083542e-02
         770       3.434803e+00       8.129416e-01       1.374585e+00       1.203831e-02       9.907271e-03       1.107045e-02
         780       3.463021e+00       8.189533e-01       1.385933e+00       1.085047e-02       6.005800e-03       9.193119e-03
         790       3.488967e+00       8.221985e-01       1.396302e+00       9.047065e-03       6.640440e-03       8.245930e-03
         800       3.504441e+00       8.244315e-01       1.402396e+00       1.381607e-02       8.185259e-03       1.055708e-02
         810       3.499918e+00       8.239662e-01       1.400566e+00       1.827369e-02       9.945007e-03       1.256863e-02
         820       3.475056e+00       8.163523e-01       1.390709e+00       1.304394e-02       1.035285e-02       1.159212e-02
         830       3.442250e+00       8.027144e-01       1.377809e+00       1.329102e-02       7.352976e-03       9.779800e-03
         840       3.416133e+00       7.836629e-01       1.367711e+00       1.340030e-02       1.019608e-02       1.192469e-02
         850       3.406094e+00       7.770563e-01       1.363901e+00       2.512774e-02       1.465151e-02       1.866449e-02
         860       3.416898e+00       7.810875e-01       1.368184e+00       1.839002e-02       1.085515e-02       1.465014e-02
         870       3.441289e+00       7.855437e-01       1.378032e+00       1.194537e-02       8.583607e-03       1.074840e-02
         880       3.474386e+00       7.928156e-01       1.391292e+00       1.723636e-02       7.789421e-03       1.275981e-02
         890       3.501817e+00       7.976226e-01       1.402139e+00       1.989254e-02       1.093431e-02       1.548971e-02
         900       3.508082e+00       7.983960e-01       1.404526e+00       3.560880e-02       1.320188e-02       2.046990e-02
         910       3.484818e+00       7.988204e-01       1.395006e+00       1.414723e-02       7.492077e-03       1.010078e-02
         920       3.441905e+00       7.950265e-01       1.377716e+00       1.556849e-02       7.468455e-03       1.150926e-02
         930       3.404577e+00       7.857992e-01       1.362849e+00       1.712090e-02       1.404149e-02       1.594787e-02
         940       3.383758e+00       7.868060e-01       1.354515e+00       2.433854e-02       1.682982e-02       1.969316e-02
         950       3.393007e+00       7.904093e-01       1.358007e+00       1.725190e-02       1.008256e-02       1.383220e-02
         960       3.425437e+00       7.986012e-01       1.370892e+00       1.419074e-02       1.015455e-02       1.233891e-02
         970       3.466291e+00       8.131254e-01       1.387228e+00       1.517215e-02       9.449622e-03       1.337329e-02
         980       3.496453e+00       8.215521e-01       1.399286e+00       1.521361e-02       8.993738e-03       1.246092e-02
         990       3.507477e+00       8.241705e-01       1.403635e+00       1.592868e-02       7.861865e-03       1.166983e-02
        1000       3.493948e+00       8.243316e-01       1.398249e+00       1.276500e-02       8.946615e-03       1.099566e-02
        1010       3.461804e+00       8.218677e-01       1.385439e+00       1.462738e-02       9.744799e-03       1.218478e-02
        1020       3.429437e+00       8.219156e-01       1.372502e+00       1.166490e-02       8.014582e-03       9.054375e-03
        1030       3.409701e+00       8.114080e-01       1.364662e+00       1.687434e-02       7.285446e-03       1.034338e-02
        1040       3.409646e+00       8.199272e-01       1.364512e+00       1.252747e-02       9.178785e-03       1.132579e-02
        1050       3.423908e+00       8.265418e-01       1.370044e+00       1.171794e-02       1.001864e-02       1.077525e-02
        1060       3.446208e+00       8.371095e-01       1.378889e+00       8.465060e-03       5.833521e-03       7.287691e-03
        1070       3.472392e+00       8.458479e-01       1.389398e+00       7.939840e-03       4.362752e-03       6.479529e-03
        1080       3.493426e+00       8.500817e-01       1.397833e+00       1.187253e-02       7.894478e-03       9.632826e-03
        1090       3.499692e+00       8.481985e-01       1.400353e+00       1.192966e-02       8.931342e-03       1.029519e-02
        1100       3.487823e+00       8.437222e-01       1.395606e+00       1.276651e-02       7.478651e-03       8.616998e-03
        1110       3.462164e+00       8.441488e-01       1.385406e+00       8.236003e-03       3.613184e-03       7.124356e-03
        1120       3.432074e+00       8.267943e-01       1.373529e+00       1.219033e-02       9.151802e-03       1.056332e-02
        1130       3.408110e+00       8.219474e-01       1.363951e+00       1.386161e-02       1.016110e-02       1.233382e-02
        1140       3.397800e+00       8.257075e-01       1.359746e+00       1.481787e-02       8.536130e-03       1.073977e-02
        1150       3.408186e+00       8.198277e-01       1.364023e+00       1.417515e-02       9.226859e-03       1.201364e-02
        1160       3.439735e+00       8.213211e-01       1.376839e+00       1.670350e-02       1.116240e-02       1.451091e-02
        1170       3.476008e+00       8.324893e-01       1.391429e+00       1.750526e-02       9.235118e-03       1.236075e-02
        1180       3.504940e+00       8.383810e-01       1.403097e+00       3.044338e-02       8.474290e-03       1.762374e-02
        1190       3.510805e+00       8.447504e-01       1.405452e+00       3.827664e-02       1.247629e-02       2.303872e-02
        1200       3.485499e+00       8.305411e-01       1.395363e+00       1.986011e-02       9.454007e-03       1.485855e-02
        1210       3.443789e+00       8.170135e-01       1.378659e+00       1.473569e-02       9.802838e-03       1.196675e-02
        1220       3.407278e+00       8.048905e-01       1.363992e+00       1.381703e-02       8.579512e-03       1.081244e-02
        1230       3.387716e+00       8.024406e-01       1.356229e+00       2.623347e-02       1.241841e-02       1.688715e-02
        1240       3.395804e+00       8.066788e-01       1.359501e+00       2.610904e-02       1.537136e-02       2.009458e-02
        1250       3.424441e+00       8.108048e-01       1.370698e+00       1.236679e-02       1.114176e-02       1.174623e-02
        1260       3.460901e+00       8.139947e-01       1.385145e+00       1.021539e-02       7.453641e-03       8.498323e-03
        1270       3.497168e+00       8.183905e-01       1.399781e+00       1.733705e-02       1.222676e-02       1.415227e-02
        1280       3.511176e+00       8.217490e-01       1.405354e+00       2.005375e-02       1.511663e-02       1.776089e-02
        1290       3.498158e+00       8.173614e-01       1.399994e+00       1.131235e-02       7.954602e-03       1.022425e-02
        1300       3.468147e+00       8.114613e-01       1.387895e+00       1.036499e-02       8.242741e-03       9.416882e-03
        1310       3.436256e+00       7.982455e-01       1.375316e+00       1.370840e-02       9.870183e-03       1.183360e-02
        1320       3.411019e+00       7.897373e-01       1.365391e+00       1.652711e-02       1.207484e-02       1.356789e-02
        1330       3.401433e+00       7.905816e-01       1.361458e+00       2.280445e-02       6.997744e-03       1.326101e-02
        1340       3.413196e+00       7.939311e-01       1.365988e+00       1.233966e-02       6.843855e-03       9.196546e-03
        1350       3.440091e+00       8.011586e-01       1.376758e+00       1.405462e-02       1.010174e-02       1.200343e-02
        1360       3.471616e+00       8.046600e-01       1.389489e+00       1.222723e-02       4.749618e-03       1.036945e-02
        1370       3.494764e+00       8.085210e-01       1.398715e+00       1.223934e-02       6.184093e-03       8.528261e-03
        1380       3.505256e+00       8.139806e-01       1.402838e+00       1.200859e-02       8.428917e-03       1.023872e-02
        1390       3.496287e+00       8.127925e-01       1.399221e+00       1.600957e-02       1.330446e-02       1.466148e-02
        1400       3.470778e+00       8.022349e-01       1.389099e+00       1.090008e-02       5.617688e-03       9.323920e-03
        1410       3.439800e+00       7.871623e-01       1.376974e+00       8.865599e-03       6.068546e-03       7.393074e-03
        1420       3.414196e+00       7.766489e-01       1.366937e+00       2.421059e-02       9.878594e-03       1.491102e-02
        1430       3.404588e+00       7.716759e-01       1.363133e+00       1.971216e-02       1.064230e-02       1.541519e-02
        1440       3.412914e+00       7.725322e-01       1.366538e+00       2.718871e-02       1.274471e-02       2.223753e-02
        1450       3.444279e+00       7.728161e-01       1.379244e+00       1.623698e-02       7.920937e-03       1.167689e-02
        1460       3.486293e+00       7.784614e-01       1.396208e+00       1.976812e-02       1.150004e-02       1.450821e-02
        1470       3.520549e+00       7.913056e-01       1.409764e+00       2.586401e-02       1.722133e-02       2.211970e-02
        1480       3.523753e+00       7.942730e-01       1.410775e+00       4.789769e-02       1.595567e-02       2.947247e-02
        1490       3.495246e+00       7.909885e-01       1.399247e+00       1.724063e-02       1.094464e-02       1.495607e-02
        1500       3.448126e+00       7.745734e-01       1.380906e+00       2.013872e-02       1.373190e-02       1.798800e-02
        1510       3.401385e+00       7.653389e-01       1.362222e+00       3.082732e-02       1.626668e-02       2.240027e-02
        1520       3.378049e+00       7.731933e-01       1.352234e+00       1.969003e-02       9.575228e-03       1.400028e-02
        1530       3.386933e+00       7.848226e-01       1.355591e+00       2.465893e-02       1.747652e-02       2.024944e-02
        1540       3.429940e+00       8.045176e-01       1.372589e+00       1.574581e-02       1.143544e-02       1.403767e-02
        1550       3.472049e+00       8.310178e-01       1.389260e+00       1.669576e-02       9.827131e-03       1.351745e-02
        1560       3.502688e+00       8.540635e-01       1.401310e+00       1.014767e-02       4.108261e-03       6.317393e-03
        1570       3.511448e+00       8.611877e-01       1.404724e+00       1.331225e-02       7.292242e-03       9.513682e-03
        1580       3.497782e+00       8.597308e-01       1.399289e+00       1.545991e-02       7.377234e-03       1.223689e-02
        1590       3.464255e+00       8.466537e-01       1.385888e+00       1.210694e-02       5.299156e-03       1.025912e-02
        1600       3.426743e+00       8.359973e-01       1.370831e+00       8.443471e-03       3.816129e-03       5.444685e-03
        1610       3.402945e+00       8.350911e-01       1.361369e+00       1.126512e-02       1.005071e-02       1.055205e-02
        1620       3.396888e+00       8.338882e-01       1.359019e+00       1.857958e-02       1.059117e-02       1.445976e-02
        1630       3.410292e+00       8.317558e-01       1.364323e+00       9.693050e-03       8.251517e-03       8.897180e-03
        1640       3.436678e+00       8.279441e-01       1.374953e+00       7.474818e-03       4.580008e-03       5.859574e-03
        1650       3.472686e+00       8.315766e-01       1.389485e+00       1.285133e-02       5.282980e-03       1.058631e-02
        1660       3.502227e+00       8.420129e-01       1.401249e+00       1.488522e-02       9.863379e-03       1.281610e-02
        1670       3.512595e+00       8.425328e-01       1.405288e+00       1.800908e-02       8.585850e-03       1.180619e-02
        1680       3.500401e+00       8.352828e-01       1.400468e+00       9.196578e-03       6.099743e-03       7.425441e-03
        1690       3.469509e+00       8.253333e-01       1.388234e+00       1.324583e-02       9.301375e-03       1.183666e-02
        1700       3.430565e+00       8.218163e-01       1.372726e+00       1.398746e-02       1.088950e-02       1.309914e-02
        1710       3.396729e+00       8.186991e-01       1.359244e+00       1.867695e-02       8.302915e-03       1.218353e-02
        1720       3.386435e+00       8.137794e-01       1.355047e+00       1.491111e-02       9.344391e-03       1.070877e-02
        1730       3.400990e+00       8.107982e-01       1.360991e+00       2.112871e-02       1.121613e-02       1.509617e-02
        1740       3.433452e+00       8.138357e-01       1.373982e+00       1.561950e-02       5.268598e-03       1.241133e-02
        1750       3.472298e+00       8.259666e-01       1.389368e+00       8.480866e-03       6.555798e-03       7.442624e-03
        1760       3.509699e+00       8.324708e-01       1.404373e+00       1.951020e-02       1.198698e-02       1.474360e-02
        1770       3.524384e+00       8.285471e-01       1.410474e+00       2.178848e-02       1.508944e-02       1.805169e-02
        1780       3.503754e+00       8.202647e-01       1.402326e+00       1.501105e-02       1.098293e-02       1.307778e-02
        1790       3.461742e+00       8.152741e-01       1.385757e+00       7.316482e-03       4.206063e-03       5.815438e-03
        1800       3.416545e+00       7.961052e-01       1.367964e+00       2.302026e-02       1.229599e-02       1.673006e-02
        1810       3.386978e+00       7.881113e-01       1.356156e+00       1.844658e-02       1.248928e-02       1.612722e-02
        1820       3.378932e+00       7.879621e-01       1.352879e+00       2.874930e-02       1.854259e-02       2.337426e-02
        1830       3.403876e+00       7.935561e-01       1.362826e+00       2.210753e-02       1.178875e-02       1.595303e-02
        1840       3.451282e+00       7.974185e-01       1.381978e+00       1.334146e-02       8.685663e-03       1.194984e-02
        1850       3.497883e+00       8.039695e-01       1.400793e+00       2.125774e-02       1.464522e-02       1.880690e-02
        1860       3.522611e+00       8.109199e-01       1.410672e+00       2.768641e-02       1.125739e-02       2.002764e-02
        1870       3.514658e+00       8.061639e-01       1.407524e+00       3.197332e-02       9.884748e-03       2.129306e-02
        1880       3.483415e+00       7.972324e-01       1.395174e+00       1.879177e-02       1.210304e-02       1.511877e-02
        1890       3.441033e+00       7.904580e-01       1.378078e+00       1.949018e-02       1.349056e-02       1.614963e-02
        1900       3.408439e+00       7.787028e-01       1.364938e+00       1.920826e-02       1.136089e-02       1.491546e-02
        1910       3.395461e+00       7.774741e-01       1.359679e+00       2.390922e-02       1.153592e-02       1.658684e-02
        1920       3.407286e+00       7.855199e-01       1.364289e+00       2.386037e-02       1.298519e-02       1.716755e-02
        1930       3.435906e+00       7.941481e-01       1.375577e+00       1.368852e-02       8.136604e-03       1.180694e-02
        1940       3.468239e+00       8.059102e-01       1.388254e+00       8.261908e-03       6.947630e-03       7.657367e-03
        1950       3.496766e+00       8.131399e-01       1.399620e+00       1.227800e-02       7.660729e-03       9.448430e-03
        1960       3.510810e+00       8.144688e-01       1.405286e+00       1.774538e-02       9.475645e-03       1.472364e-02
        1970       3.502615e+00       8.150382e-01       1.401976e+00       1.443121e-02       1.059990e-02       1.256637e-02
        1980       3.477399e+00       8.108918e-01       1.391763e+00       9.632040e-03       7.337723e-03       8.354860e-03
        1990       3.446653e+00       7.988107e-01       1.379547e+00       1.019107e-02       8.952565e-03       9.500535e-03
        2000       3.418999e+00       7.874744e-01       1.368704e+00       1.522577e-02       1.134399e-02       1.311922e-02
        2010       3.401777e+00       7.803393e-01       1.361918e+00       2.360232e-02       1.064546e-02       1.603340e-02
        2020       3.404401e+00       7.810433e-01       1.362856e+00       1.422940e-02       5.458161e-03       9.675815e-03
        2030       3.428723e+00       7.908490e-01       1.372438e+00       1.845484e-02       9.837321e-03       1.375996e-02
        2040       3.468551e+00       7.963786e-01       1.388512e+00       1.704829e-02       7.391884e-03       1.445599e-02
        2050       3.504414e+00       7.968482e-01       1.402952e+00       1.892345e-02       8.949637e-03       1.465351e-02
        2060       3.521583e+00       8.028785e-01       1.409762e+00       2.184135e-02       8.523078e-03       1.603296e-02
        2070       3.515369e+00       8.034875e-01       1.407415e+00       4.085607e-02       1.882715e-02       2.709866e-02
        2080       3.476209e+00       7.939295e-01       1.391866e+00       1.999707e-02       1.417490e-02       1.684788e-02
        2090       3.421536e+00       7.737863e-01       1.370433e+00       2.257401e-02       5.324732e-03       1.362240e-02
        2100       3.386199e+00       7.630061e-01       1.356809e+00       4.637558e-02       1.248513e-02       2.365597e-02
        2110       3.385531e+00       7.789592e-01       1.356102e+00       2.258761e-02       1.564834e-02       1.941086e-02
        2120       3.410654e+00       8.003419e-01       1.365662e+00       2.392686e-02       9.895804e-03       1.681026e-02
        2130       3.454378e+00       8.201763e-01       1.382667e+00       1.220696e-02       9.534450e-03       1.036661e-02
        2140       3.495708e+00       8.282922e-01       1.399092e+00       2.181337e-02       8.804162e-03       1.368398e-02
        2150       3.519331e+00       8.366887e-01       1.408663e+00       2.362160e-02       1.701728e-02       1.953965e-02
        2160       3.513710e+00       8.278686e-01       1.406319e+00       2.069466e-02       1.397128e-02       1.727533e-02
        2170       3.481299e+00       8.242913e-01       1.393126e+00       8.904191e-03       4.597441e-03       6.300776e-03
        2180       3.442770e+00       8.156256e-01       1.377805e+00       1.303220e-02       8.535094e-03       1.128043e-02
        2190       3.409851e+00       8.038168e-01       1.364882e+00       1.894071e-02       1.294619e-02       1.528302e-02
        2200       3.392322e+00       7.947712e-01       1.357873e+00       2.125235e-02       1.053644e-02       1.394481e-02
        2210       3.399133e+00       7.941784e-01       1.360583e+00       1.722291e-02       8.689193e-03       1.197247e-02
        2220       3.429664e+00       8.062013e-01       1.372686e+00       1.294235e-02       1.040996e-02       1.187609e-02
        2230       3.466702e+00       8.198789e-01       1.387469e+00       1.493256e-02       1.089015e-02       1.287807e-02
        2240       3.498166e+00       8.223900e-01       1.400108e+00       1.488077e-02       8.955718e-03       1.171156e-02
        2250       3.512847e+00       8.251877e-01       1.405889e+00       1.947796e-02       7.749949e-03       1.250151e-02
        2260       3.503768e+00       8.296776e-01       1.402160e+00       1.540851e-02       1.178275e-02       1.292968e-02
        2270       3.473498e+00       8.247504e-01       1.389955e+00       1.560154e-02       9.819209e-03       1.311001e-02
        2280       3.433680e+00       8.159911e-01       1.373974e+00       1.203862e-02       7.832594e-03       9.890524e-03
        2290       3.402356e+00       8.065444e-01       1.361560e+00       1.641969e-02       9.144330e-03       1.144828e-02
        2300       3.389096e+00       8.019728e-01       1.356419e+00       2.568919e-02       1.264963e-02       1.919570e-02
        2310       3.399911e+00       8.079170e-01       1.360617e+00       1.591959e-02       1.309157e-02       1.409904e-02
        2320       3.429204e+00       8.151803e-01       1.372251e+00       1.371871e-02       8.865963e-03       1.144352e-02
        2330       3.470004e+00       8.181581e-01       1.388694e+00       1.059183e-02       7.925069e-03       9.142097e-03
        2340       3.503560e+00       8.289892e-01       1.402140e+00       1.790394e-02       1.432254e-02       1.600245e-02
        2350       3.514598e+00       8.354991e-01       1.406391e+00       1.706014e-02       1.102320e-02       1.397412e-02
        2360       3.494833e+00       8.297669e-01       1.398297e+00       1.105262e-02       7.712651e-03       9.148716e-03
        2370       3.455246e+00       8.209239e-01       1.382474e+00       1.466810e-02       9.665329e-03       1.274381e-02
        2380       3.410935e+00       8.067792e-01       1.364863e+00       1.734344e-02       9.855624e-03       1.458112e-02
        2390       3.364061e+00       8.002631e-01       1.346129e+00       2.872694e-02       1.326083e-02       2.414874e-02
        2400       3.356943e+00       8.014299e-01       1.343084e+00       1.580307e-02       8.372888e-03       1.135535e-02
        2410       3.394094e+00       7.963060e-01       1.358641e+00       2.487302e-02       1.759322e-02       2.141916e-02
        2420       3.458435e+00       7.944416e-01       1.385419e+00       3.645119e-02       2.269037e-02       2.782542e-02
        2430       3.499764e+00       8.095022e-01       1.401837e+00       4.335478e-02       1.419019e-02       2.685820e-02
        2440       3.502302e+00       8.124989e-01       1.402797e+00       5.009681e-02       1.513091e-02       2.972496e-02
        2450       3.473212e+00       8.093741e-01       1.390965e+00       3.475912e-02       1.540981e-02       2.177566e-02
        2460       3.430587e+00       8.026153e-01       1.373350e+00       2.025464e-02       1.274489e-02       1.595056e-02
        2470       3.399050e+00       8.011218e-01       1.360267e+00       1.354139e-02       8.734235e-03       1.120175e-02
        2480       3.389526e+00       8.048979e-01       1.356357e+00       2.448602e-02       1.481913e-02       2.052918e-02
        2490       3.407956e+00       8.091473e-01       1.363772e+00       1.407106e-02       1.077536e-02       1.298706e-02
        2500       3.437473e+00       8.107644e-01       1.375706e+00       1.727731e-02       1.431962e-02       1.579426e-02
        2510       3.469932e+00       8.119756e-01       1.388660e+00       8.928161e-03       4.242056e-03       7.473153e-03
        2520       3.494544e+00       8.209157e-01       1.398353e+00       1.024491e-02       5.561908e-03       8.201546e-03
        2530       3.504690e+00       8.228911e-01       1.402487e+00       2.155948e-02       1.514119e-02       1.737910e-02
        2540       3.490468e+00       8.162455e-01       1.396852e+00       1.403722e-02       9.141413e-03       1.215946e-02
        2550       3.458480e+00       8.062466e-01       1.384001e+00       8.329884e-03       4.884843e-03       6.121950e-03
        2560       3.428552e+00       7.993613e-01       1.372035e+00       1.006186e-02       5.153590e-03       8.163089e-03
        2570       3.407096e+00       7.979098e-01       1.363404e+00       1.784949e-02       1.396151e-02       1.571685e-02
        2580       3.402308e+00       7.959990e-01       1.361451e+00       1.438926e-02       6.990950e-03       1.164102e-02
        2590       3.415104e+00       7.944561e-01       1.366711e+00       1.742860e-02       5.842758e-03       1.018366e-02
        2600       3.444563e+00       7.934110e-01       1.378686e+00       1.009530e-02       7.485327e-03       8.803645e-03
        2610       3.479862e+00       8.010492e-01       1.392860e+00       1.463660e-02       7.288872e-03       1.185343e-02
        2620       3.507617e+00       8.030795e-01       1.404033e+00       2.032018e-02       1.534045e-02       1.755879e-02
        2630       3.511947e+00       7.955059e-01       1.405912e+00       2.499628e-02       1.297795e-02       1.844989e-02
        2640       3.490157e+00       7.872083e-01       1.397515e+00       1.663640e-02       1.244345e-02       1.431381e-02
        2650       3.452340e+00       7.689666e-01       1.382890e+00       2.433349e-02       1.810018e-02       2.097873e-02
        2660       3.406240e+00       7.582146e-01       1.364399e+00       3.612444e-02       1.440900e-02       2.140272e-02
        2670       3.387515e+00       7.592954e-01       1.356623e+00       2.833851e-02       7.479952e-03       1.773023e-02
        2680       3.396404e+00       7.728477e-01       1.359850e+00       2.880657e-02       2.063613e-02       2.457035e-02
        2690       3.432694e+00       8.040131e-01       1.373688e+00       1.622070e-02       1.144033e-02       1.362781e-02
        2700       3.479240e+00       8.429997e-01       1.391953e+00       1.030161e-02       6.654527e-03       8.312385e-03
        2710       3.508649e+00       8.522761e-01       1.403722e+00       2.550422e-02       1.384618e-02       1.694988e-02
        2720       3.505163e+00       8.454697e-01       1.402450e+00       1.713839e-02       1.238409e-02       1.465193e-02
        2730       3.474160e+00       8.278009e-01       1.390128e+00       1.534687e-02       1.164623e-02       1.316989e-02
        2740       3.436326e+00       8.158048e-01       1.374942e+00       8.991281e-03       7.834699e-03       8.477930e-03
        2750       3.408828e+00       8.124327e-01       1.363928e+00       1.679430e-02       9.934503e-03       1.389439e-02
        2760       3.401502e+00       8.091397e-01       1.361021e+00       1.265983e-02       9.696588e-03       1.187344e-02
        2770       3.410077e+00       8.126774e-01       1.364371e+00       1.575404e-02       9.716530e-03       1.247413e-02
        2780       3.433698e+00       8.191890e-01       1.373780e+00       9.892298e-03       6.553441e-03       7.738731e-03
        2790       3.464141e+00       8.257564e-01       1.385961e+00       1.007006e-02       7.203460e-03       8.645879e-03
        2800       3.490009e+00       8.341915e-01       1.396347e+00       1.311008e-02       9.777687e-03       1.112871e-02
        2810       3.502014e+00       8.348827e-01       1.401257e+00       1.173160e-02       8.149602e-03       9.653967e-03
        2820       3.492785e+00       8.272166e-01       1.397679e+00       8.900449e-03       4.143243e-03       7.667542e-03
        2830       3.467422e+00       8.215807e-01       1.387564e+00       1.142127e-02       7.533699e-03       9.694603e-03
        2840       3.435103e+00       8.153593e-01       1.374582e+00       1.544981e-02       1.129765e-02       1.330892e-02
        2850       3.406873e+00       8.037350e-01       1.363347e+00       1.276544e-02       1.004148e-02       1.149120e-02
        2860       3.395934e+00       7.962928e-01       1.359140e+00       2.642423e-02       1.041113e-02       1.496543e-02
        2870       3.408934e+00       7.931406e-01       1.364619e+00       1.533211e-02       1.188795e-02       1.344339e-02
        2880       3.437732e+00       7.991223e-01       1.376131e+00       1.660413e-02       1.129849e-02       1.418397e-02
        2890       3.472402e+00       8.104716e-01       1.389920e+00       1.467310e-02       9.836130e-03       1.329629e-02
        2900       3.503746e+00       8.105328e-01       1.402865e+00       2.746046e-02       7.989282e-03       1.795647e-02
        2910       3.508722e+00       8.011582e-01       1.405401e+00       4.920521e-02       1.637346e-02       3.043249e-02
        2920       3.482853e+00       7.948828e-01       1.395028e+00       2.920875e-02       1.067336e-02       1.898962e-02
        2930       3.438066e+00       7.871117e-01       1.376838e+00       2.608101e-02       1.384582e-02       1.856717e-02
        2940       3.399252e+00       7.718662e-01       1.361533e+00       2.408364e-02       1.756440e-02       2.076436e-02
        2950       3.387069e+00       7.672416e-01       1.357001e+00       3.418256e-02       1.517468e-02       2.270351e-02
        2960       3.400421e+00       7.655610e-01       1.362503e+00       4.060294e-02       1.769183e-02       2.562638e-02
        2970       3.435562e+00       7.829741e-01       1.375969e+00       1.612910e-02       9.266506e-03       1.263341e-02
        2980       3.478909e+00       8.122383e-01       1.392707e+00       1.495999e-02       7.915799e-03       1.167525e-02
        2990       3.507142e+00       8.266504e-01       1.403841e+00       2.169617e-02       1.469442e-02       1.750574e-02
        3000       3.507186e+00       8.288242e-01       1.403633e+00       1.565001e-02       6.534712e-03       1.184399e-02
        3010       3.486230e+00       8.241569e-01       1.395115e+00       9.518514e-03       6.801446e-03       8.344525e-03
        3020       3.457870e+00       8.219979e-01       1.383696e+00       1.203854e-02       9.849377e-03       1.085362e-02
        3030       3.431014e+00       8.181862e-01       1.372927e+00       1.165310e-02       9.326671e-03       1.042978e-02
        3040       3.412522e+00       8.128462e-01       1.365541e+00       1.489636e-02       8.899912e-03       1.122949e-02
        3050       3.409042e+00       8.048820e-01       1.364286e+00       1.460042e-02       7.905276e-03       1.085617e-02
        3060       3.422989e+00       8.057141e-01       1.369978e+00       1.170825e-02       9.911670e-03       1.079968e-02
        3070       3.447871e+00       8.183523e-01       1.379874e+00       1.187179e-02       1.005667e-02       1.111624e-02
        3080       3.475915e+00       8.269099e-01       1.391046e+00       1.050309e-02       9.060283e-03       9.470157e-03
        3090       3.498822e+00       8.321385e-01       1.400199e+00       1.247298e-02       7.135430e-03       1.004108e-02
        3100       3.505046e+00       8.292614e-01       1.402777e+00       1.623810e-02       1.209151e-02       1.387431e-02
        3110       3.490213e+00       8.247042e-01       1.396859e+00       1.328602e-02       9.610037e-03       1.094532e-02
        3120       3.459809e+00       8.210455e-01       1.384653e+00       8.084653e-03       5.882202e-03       6.983965e-03
        3130       3.424318e+00       8.129477e-01       1.370410e+00       1.455462e-02       9.286336e-03       1.165387e-02
        3140       3.396676e+00       8.030838e-01       1.359424e+00       2.018129e-02       1.877835e-02       1.934281e-02
        3150       3.389142e+00       7.966620e-01       1.356486e+00       1.433224e-02       1.041260e-02       1.280620e-02
        3160       3.407558e+00       8.075707e-01       1.363763e+00       2.637262e-02       1.230303e-02       1.599671e-02
        3170       3.447627e+00       8.254051e-01       1.379664e+00       1.357281e-02       1.226413e-02       1.285178e-02
        3180       3.490482e+00       8.376228e-01       1.396618e+00       1.616542e-02       1.009692e-02       1.342577e-02
        3190       3.513974e+00       8.450941e-01       1.405911e+00       2.996670e-02       1.382132e-02       1.883555e-02
        3200       3.507505e+00       8.438804e-01       1.403291e+00       1.037995e-02       6.619792e-03       8.746665e-03
        3210       3.476476e+00       8.335576e-01       1.391083e+00       1.426890e-02       7.532829e-03       1.146404e-02
        3220       3.435151e+00       8.154511e-01       1.374722e+00       1.728652e-02       8.131295e-03       1.371434e-02
        3230       3.399872e+00       7.950375e-01       1.360664e+00       1.645362e-02       1.263119e-02       1.443405e-02
        3240       3.386416e+00       7.849849e-01       1.355456e+00       1.758817e-02       6.583743e-03       1.345756e-02
        3250       3.403421e+00       7.889013e-01       1.362309e+00       2.015123e-02       1.329764e-02       1.660691e-02
        3260       3.437147e+00       8.013544e-01       1.375642e+00       1.387279e-02       1.228752e-02       1.296022e-02
        3270       3.475735e+00       8.072763e-01       1.391019e+00       1.063161e-02       8.363450e-03       9.387180e-03
        3280       3.507630e+00       8.070095e-01       1.403928e+00       1.701930e-02       8.200242e-03       1.258066e-02
        3290       3.515997e+00       8.103365e-01       1.407347e+00       1.873322e-02       1.391046e-02       1.583568e-02
        3300       3.497906e+00       8.072126e-01       1.400062e+00       1.427423e-02       9.835001e-03       1.210469e-02
        3310       3.463640e+00       7.934336e-01       1.386444e+00       1.101518e-02       6.212619e-03       9.271962e-03
        3320       3.429205e+00       7.782256e-01       1.372932e+00       1.784040e-02       1.115842e-02       1.368216e-02
        3330       3.406564e+00       7.637760e-01       1.364258e+00       2.542652e-02       9.231798e-03       1.785101e-02
        3340       3.402936e+00       7.664026e-01       1.362578e+00       2.206197e-02       1.116562e-02       1.543325e-02
        3350       3.421823e+00       7.803100e-01       1.369709e+00       1.642486e-02       5.192400e-03       1.100146e-02
        3360       3.457871e+00       7.903656e-01       1.384103e+00       1.314576e-02       8.254351e-03       1.142009e-02
        3370       3.492104e+00       7.938908e-01       1.397932e+00       1.646845e-02       1.137167e-02       1.363356e-02
        3380       3.510674e+00       7.988203e-01       1.405282e+00       1.464400e-02       8.580136e-03       1.148681e-02
        3390       3.510463e+00       8.038832e-01       1.405090e+00       1.506257e-02       1.123459e-02       1.366990e-02
        3400       3.487043e+00       7.999392e-01       1.395762e+00       2.026714e-02       1.309600e-02       1.687252e-02
        3410       3.450237e+00       7.892224e-01       1.381164e+00       1.293576e-02       9.977293e-03       1.138222e-02
        3420       3.413619e+00       7.694127e-01       1.366961e+00       2.348054e-02       1.010290e-02       1.599302e-02
        3430       3.392250e+00       7.684798e-01       1.358344e+00       2.221386e-02       9.465735e-03       1.616895e-02
        3440       3.397209e+00       7.827304e-01       1.359941e+00       2.302753e-02       1.110605e-02       1.856946e-02
        3450       3.427086e+00       7.961749e-01       1.371638e+00       1.591363e-02       8.508278e-03       1.258291e-02
        3460       3.471093e+00       8.087287e-01       1.389195e+00       9.490168e-03       5.612343e-03       7.073193e-03
        3470       3.509425e+00       8.157718e-01       1.404646e+00       1.845294e-02       1.209154e-02       1.490711e-02
        3480       3.521340e+00       8.306276e-01       1.409437e+00       2.608317e-02       1.682585e-02       2.141560e-02
        3490       3.496179e+00       8.216555e-01       1.399499e+00       2.556265e-02       1.363353e-02       1.783414e-02
        3500       3.453789e+00       7.839846e-01       1.383176e+00       1.426499e-02       1.094440e-02       1.191005e-02
        3510       3.418877e+00       7.678327e-01       1.369865e+00       2.643990e-02       1.315992e-02       1.993938e-02
        3520       3.404209e+00       7.613777e-01       1.364048e+00       2.393840e-02       1.509624e-02       2.020329e-02
        3530       3.411468e+00       7.649464e-01       1.366562e+00       2.380495e-02       6.971571e-03       1.848227e-02
        3540       3.439827e+00       7.752046e-01       1.377714e+00       1.953172e-02       7.982618e-03       1.333782e-02
        3550       3.474971e+00       7.843425e-01       1.391788e+00       1.991196e-02       1.380919e-02       1.607534e-02
        3560       3.497131e+00       8.004852e-01       1.400309e+00       2.386729e-02       1.230266e-02       1.612248e-02
        3570       3.500681e+00       8.090158e-01       1.401303e+00       1.968150e-02       9.469886e-03       1.426517e-02
        3580       3.486447e+00       8.095865e-01       1.395407e+00       1.525784e-02       8.273302e-03       1.144016e-02
        3590       3.460768e+00       8.021926e-01       1.385216e+00       1.135048e-02       5.489626e-03       1.004812e-02
        3600       3.431995e+00       7.949685e-01       1.373745e+00       1.226725e-02       9.555886e-03       1.092585e-02
        3610       3.411186e+00       7.969510e-01       1.365248e+00       1.261198e-02       7.174803e-03       9.145941e-03
        3620       3.407148e+00       8.003205e-01       1.363480e+00       1.379922e-02       7.035165e-03       1.107306e-02
        3630       3.421550e+00       8.029005e-01       1.369322e+00       1.492782e-02       1.304420e-02       1.411643e-02
        3640       3.447044e+00       8.039418e-01       1.379700e+00       1.126529e-02       5.369056e-03       9.739432e-03
        3650       3.473912e+00       8.120067e-01       1.390441e+00       1.002040e-02       5.319166e-03       7.614334e-03
        3660       3.495875e+00       8.210668e-01       1.399122e+00       1.388401e-02       8.800380e-03       1.145011e-02
        3670       3.500520e+00       8.241329e-01       1.400877e+00       1.652622e-02       1.330303e-02       1.542563e-02
        3680       3.481460e+00       8.173136e-01       1.393202e+00       1.176195e-02       9.987834e-03       1.090630e-02
        3690       3.443301e+00       8.065876e-01       1.377911e+00       6.364035e-03       4.794048e-03       5.502678e-03
        3700       3.400552e+00       8.101991e-01       1.360855e+00       1.684991e-02       1.134283e-02       1.497881e-02
        3710       3.377110e+00       8.078288e-01       1.351721e+00       2.843535e-02       1.631642e-02       2.211071e-02
        3720       3.385750e+00       7.914567e-01       1.355670e+00       2.636245e-02       1.278466e-02       1.801029e-02
        3730       3.423493e+00       8.069421e-01       1.370843e+00       1.666681e-02       1.115989e-02       1.396869e-02
        3740       3.475464e+00       8.180235e-01       1.391922e+00       2.870104e-02       1.475561e-02       1.995533e-02
        3750       3.508034e+00       8.201108e-01       1.405495e+00       6.850955e-02       2.017544e-02       3.919610e-02
        3760       3.492281e+00       8.176964e-01       1.398823e+00       5.151788e-02       1.599237e-02       2.973349e-02
        3770       3.451617e+00       8.204137e-01       1.381640e+00       1.176576e-02       6.173842e-03       7.867991e-03
        3780       3.411014e+00       8.206533e-01       1.364880e+00       2.280617e-02       1.456350e-02       1.767102e-02
        3790       3.385576e+00       8.223586e-01       1.354530e+00       2.279271e-02       1.494914e-02       1.922468e-02
        3800       3.384357e+00       8.219311e-01       1.353929e+00       1.460676e-02       9.951404e-03       1.184738e-02
        3810       3.409951e+00       8.301286e-01       1.364198e+00       1.488933e-02       8.307710e-03       1.156759e-02
        3820       3.451436e+00       8.382357e-01       1.380921e+00       1.861623e-02       8.860099e-03       1.621883e-02
        3830       3.487747e+00       8.445501e-01       1.395420e+00       1.494112e-02       9.660890e-03       1.282792e-02
        3840       3.504959e+00       8.487099e-01       1.402206e+00       1.559312e-02       4.730132e-03       8.604306e-03
        3850       3.499923e+00       8.460698e-01       1.400281e+00       1.848338e-02       9.671644e-03       1.288040e-02
        3860       3.475521e+00       8.427100e-01       1.390634e+00       1.497278e-02       7.845874e-03       1.288783e-02
        3870       3.439879e+00       8.290564e-01       1.376392e+00       1.081404e-02       9.909181e-03       1.022498e-02
        3880       3.412494e+00       8.179929e-01       1.365432e+00       1.024069e-02       5.386475e-03       7.271193e-03
        3890       3.402682e+00       8.240309e-01       1.361460e+00       1.333371e-02       1.016335e-02       1.146980e-02
        3900       3.410492e+00       8.243708e-01       1.364629e+00       1.669095e-02       1.186100e-02       1.387919e-02
        3910       3.433190e+00       8.302612e-01       1.373703e+00       1.193324e-02       1.093192e-02       1.146032e-02
        3920       3.463575e+00       8.336413e-01       1.385830e+00       6.806478e-03       3.847110e-03       4.762107e-03
        3930       3.493486e+00       8.447174e-01       1.397850e+00       1.450409e-02       9.586943e-03       1.226514e-02
        3940       3.506780e+00       8.407553e-01       1.403256e+00       1.803180e-02       1.493437e-02       1.654664e-02
        3950       3.495502e+00       8.382709e-01       1.398778e+00       1.401523e-02       7.657762e-03       1.027977e-02
        3960       3.469358e+00       8.205295e-01       1.388526e+00       9.157737e-03       4.962325e-03       7.270366e-03
        3970       3.437952e+00       8.017970e-01       1.376319e+00       1.519958e-02       9.751612e-03       1.286642e-02
        3980       3.407602e+00       7.917693e-01       1.364397e+00       1.886551e-02       1.445262e-02       1.578318e-02
        3990       3.391018e+00       7.813270e-01       1.358116e+00       2.506895e-02       1.084706e-02       1.708198e-02
        4000       3.406702e+00       7.749229e-01       1.364546e+00       1.988171e-02       7.514874e-03       1.338835e-02
        4010       3.448208e+00       7.720458e-01       1.381563e+00       2.645632e-02       1.852096e-02       2.174256e-02
        4020       3.495846e+00       7.784721e-01       1.400704e+00       3.444566e-02       2.320762e-02       2.739077e-02
        4030       3.518490e+00       7.864979e-01       1.409556e+00       4.087852e-02       1.281939e-02       2.604050e-02
        4040       3.511990e+00       7.826310e-01       1.407130e+00       4.037478e-02       1.691341e-02       2.772631e-02
        4050       3.479127e+00       7.841457e-01       1.393723e+00       2.599692e-02       1.952764e-02       2.371274e-02
        4060       3.433021e+00       7.763056e-01       1.374988e+00       2.474737e-02       1.702240e-02       2.018076e-02
        4070       3.401012e+00       7.695841e-01       1.362070e+00       2.023508e-02       5.090776e-03       1.177001e-02
        4080       3.394300e+00       7.809036e-01       1.359184e+00       2.051683e-02       1.622977e-02       1.831665e-02
        4090       3.414491e+00       7.921963e-01       1.366844e+00       1.884241e-02       1.619114e-02       1.745160e-02
        4100       3.444064e+00       8.062591e-01       1.378345e+00       1.213901e-02       8.513799e-03       1.059815e-02
        4110       3.475684e+00       8.193807e-01       1.390867e+00       6.584593e-03       4.633824e-03       5.431905e-03
        4120       3.496831e+00       8.255897e-01       1.399466e+00       1.323536e-02       7.445972e-03       1.101096e-02
        4130       3.499274e+00       8.324528e-01       1.400401e+00       1.598759e-02       8.103099e-03       1.337879e-02
        4140       3.480778e+00       8.361825e-01       1.392713e+00       1.081319e-02       5.791723e-03       8.713772e-03
        4150       3.452677e+00       8.297356e-01       1.381472e+00       5.948368e-03       3.211519e-03       4.968473e-03
        4160       3.429040e+00       8.186179e-01       1.372267e+00       1.407809e-02       1.106613e-02       1.310874e-02
        4170       3.410212e+00       8.138273e-01       1.364848e+00       2.042620e-02       1.388338e-02       1.704302e-02
        4180       3.407339e+00       8.157439e-01       1.363562e+00       1.311197e-02       7.353710e-03       8.881888e-03
        4190       3.423077e+00       8.269204e-01       1.369734e+00       1.404138e-02       7.272620e-03       1.066880e-02
        4200       3.454583e+00       8.380857e-01       1.382400e+00       1.693837e-02       1.028847e-02       1.445456e-02
        4210       3.482620e+00       8.393565e-01       1.393678e+00       1.377136e-02       6.210589e-03       1.171854e-02
        4220       3.495632e+00       8.471341e-01       1.398730e+00       1.341374e-02       3.469565e-03       6.990898e-03
        4230       3.494956e+00       8.502580e-01       1.398508e+00       1.405815e-02       8.722802e-03       1.070684e-02
        4240       3.474978e+00       8.280312e-01       1.390827e+00       1.737063e-02       1.325039e-02       1.540694e-02
        4250       3.441551e+00       8.111894e-01       1.377599e+00       1.283186e-02       9.919336e-03       1.099721e-02
        4260       3.409667e+00       7.976513e-01       1.365085e+00       2.165900e-02       7.566120e-03       1.237592e-02
        4270       3.401900e+00       7.841010e-01       1.362291e+00       1.650719e-02       1.342884e-02       1.462243e-02
        4280       3.414230e+00       7.724726e-01       1.367707e+00       2.231921e-02       1.786408e-02       1.935568e-02
        4290       3.443039e+00       7.736399e-01       1.379328e+00       2.332662e-02       1.414113e-02       1.784070e-02
        4300       3.480776e+00       7.844761e-01       1.394187e+00       2.890982e-02       5.958331e-03       1.703424e-02
        4310       3.512719e+00       7.849029e-01       1.407174e+00       4.898376e-02       2.584446e-02       3.319760e-02
        4320       3.512708e+00       7.763563e-01       1.407469e+00       3.426168e-02       2.045084e-02       2.709621e-02
        4330       3.468212e+00       7.586237e-01       1.389704e+00       3.737670e-02       1.092001e-02       1.966765e-02
        4340       3.417030e+00       7.595253e-01       1.368899e+00       3.216495e-02       1.188480e-02       2.105369e-02
        4350       3.380671e+00       7.707983e-01       1.354329e+00       3.380222e-02       3.116926e-02       3.308291e-02
        4360       3.384873e+00       7.829949e-01       1.355753e+00       2.674206e-02       1.477671e-02       1.939150e-02
        4370       3.415161e+00       8.033759e-01       1.367594e+00       2.988893e-02       1.207991e-02       1.720165e-02
        4380       3.457835e+00       8.147215e-01       1.384439e+00       1.472291e-02       5.481322e-03       9.235065e-03
        4390       3.491804e+00       8.205387e-01       1.397857e+00       1.868335e-02       1.224074e-02       1.522981e-02
        4400       3.505960e+00       8.188385e-01       1.403453e+00       2.274032e-02       1.488009e-02       1.795685e-02
        4410       3.494425e+00       8.192691e-01       1.398726e+00       1.694004e-02       5.639469e-03       1.126989e-02
        4420       3.469423e+00       8.152941e-01       1.388704e+00       1.191202e-02       8.401569e-03       9.890921e-03
        4430       3.441459e+00       8.021085e-01       1.377777e+00       1.675042e-02       8.237260e-03       1.392521e-02
        4440       3.416076e+00       7.883034e-01       1.367830e+00       1.749738e-02       1.238883e-02       1.440030e-02
        4450       3.407466e+00       7.842807e-01       1.364349e+00       1.621005e-02       5.838208e-03       1.055023e-02
        4460       3.418520e+00       7.913492e-01       1.368650e+00       1.581614e-02       9.514082e-03       1.212188e-02
        4470       3.443344e+00       7.995048e-01       1.378522e+00       1.583781e-02       1.115577e-02       1.336621e-02
        4480       3.471593e+00       8.054834e-01       1.389830e+00       1.377151e-02       9.586434e-03       1.131479e-02
        4490       3.493297e+00       8.050699e-01       1.398550e+00       1.961990e-02       5.491353e-03       1.025958e-02
        4500       3.501284e+00       8.109118e-01       1.401680e+00       1.883844e-02       8.100477e-03       1.344602e-02
        4510       3.490854e+00       8.138045e-01       1.397388e+00       1.798730e-02       1.179863e-02       1.549309e-02
        4520       3.461592e+00       8.034664e-01       1.385743e+00       1.354637e-02       6.577621e-03       1.101551e-02
        4530       3.427713e+00       7.917373e-01       1.372301e+00       1.232572e-02       4.549308e-03       7.215898e-03
        4540       3.406254e+00       7.830535e-01       1.363824e+00       1.728802e-02       1.173705e-02       1.477278e-02
        4550       3.400968e+00       7.854650e-01       1.361555e+00       2.004197e-02       1.435980e-02       1.703195e-02
        4560       3.414943e+00       7.917527e-01       1.366916e+00       1.413571e-02       8.654236e-03       1.132612e-02
        4570       3.444946e+00       7.959618e-01       1.379068e+00       8.759396e-03       6.709170e-03       7.790041e-03
        4580       3.479843e+00       7.959054e-01       1.393276e+00       1.834701e-02       1.372618e-02       1.513514e-02
        4590       3.501434e+00       8.041052e-01       1.401629e+00       1.795420e-02       1.083680e-02       1.544043e-02
        4600       3.493551e+00       8.097843e-01       1.398079e+00       1.195742e-02       9.759018e-03       1.054830e-02
        4610       3.462493e+00       8.061441e-01       1.385717e+00       1.172382e-02       8.151481e-03       1.054728e-02
        4620       3.423763e+00       8.075340e-01       1.370737e+00       2.368855e-02       1.567457e-02       2.025847e-02
        4630       3.399432e+00       7.762941e-01       1.361646e+00       2.152343e-02       1.184897e-02       1.715346e-02
        4640       3.400356e+00       7.592507e-01       1.362605e+00       3.687039e-02       9.582127e-03       1.920968e-02
        4650       3.432318e+00       7.603399e-01       1.375478e+00       3.647965e-02       6.478001e-03       2.035476e-02
        4660       3.470929e+00       7.831331e-01       1.390244e+00       1.794892e-02       1.310501e-02       1.508950e-02
        4670       3.495737e+00       7.959598e-01       1.399778e+00       3.080331e-02       1.545382e-02       2.208600e-02
        4680       3.500385e+00       7.981455e-01       1.401619e+00       2.067272e-02       3.808181e-03       1.361504e-02
        4690       3.488301e+00       7.921804e-01       1.396916e+00       1.783870e-02       8.447352e-03       1.221424e-02
        4700       3.467199e+00       7.879326e-01       1.388419e+00       1.399365e-02       1.000831e-02       1.256999e-02
        4710       3.441603e+00       7.869654e-01       1.377893e+00       1.436840e-02       1.009066e-02       1.188440e-02
        4720       3.423228e+00       7.818762e-01       1.370546e+00       1.403129e-02       5.572281e-03       1.035372e-02
        4730       3.420479e+00       7.776326e-01       1.369710e+00       1.648235e-02       9.218005e-03       1.257931e-02
        4740       3.431663e+00       7.765005e-01       1.374264e+00       1.778370e-02       9.497357e-03       1.422720e-02
        4750       3.452150e+00       7.869241e-01       1.382085e+00       1.085193e-02       7.476903e-03       8.706886e-03
        4760       3.476340e+00       7.984878e-01       1.391483e+00       1.198744e-02       7.440789e-03       1.032492e-02
        4770       3.495576e+00       8.022017e-01       1.399297e+00       1.650934e-02       1.137465e-02       1.379023e-02
        4780       3.499726e+00       7.965011e-01       1.401208e+00       1.970458e-02       1.162573e-02       1.467036e-02
        4790       3.485458e+00       7.875312e-01       1.395589e+00       1.500607e-02       8.904937e-03       1.161067e-02
        4800       3.457482e+00       7.848544e-01       1.384251e+00       8.667508e-03       3.390620e-03       6.889198e-03
        4810       3.429465e+00       7.777667e-01       1.373203e+00       1.710904e-02       1.150590e-02       1.360257e-02
        4820       3.410928e+00       7.728299e-01       1.366071e+00       2.093472e-02       1.415513e-02       1.731648e-02
        4830       3.408090e+00       7.707439e-01       1.365008e+00       2.496345e-02       9.403038e-03       1.616867e-02
        4840       3.431244e+00       7.819522e-01       1.373878e+00       1.407548e-02       6.881707e-03       9.980595e-03
        4850       3.467414e+00       8.148236e-01       1.387898e+00       1.776376e-02       1.129404e-02       1.568911e-02
        4860       3.496618e+00       8.423672e-01       1.399335e+00       1.731178e-02       1.415844e-02       1.563252e-02
        4870       3.503502e+00       8.409699e-01       1.401851e+00       1.501136e-02       4.327578e-03       8.428810e-03
        4880       3.484989e+00       8.360621e-01       1.394341e+00       1.490030e-02       8.983625e-03       1.129892e-02
        4890       3.448261e+00       8.231189e-01       1.379679e+00       1.457231e-02       1.048383e-02       1.278996e-02
        4900       3.411258e+00       8.064971e-01       1.365036e+00       1.782339e-02       9.262869e-03       1.405584e-02
        4910       3.393155e+00       7.890300e-01       1.358009e+00       1.343496e-02       5.670052e-03       9.264870e-03
        4920       3.403018e+00       7.893843e-01       1.362026e+00       1.465041e-02       7.737957e-03       1.106093e-02
        4930       3.432880e+00       8.090757e-01       1.373686e+00       1.270238e-02       1.050812e-02       1.139636e-02
        4940       3.461370e+00       8.207159e-01       1.385025e+00       1.194841e-02       8.914359e-03       1.040761e-02
        4950       3.482366e+00       8.262242e-01       1.393457e+00       6.548973e-03       4.643631e-03       5.730811e-03
        4960       3.492176e+00       8.244447e-01       1.397462e+00       1.015767e-02       6.345205e-03       8.243161e-03
        4970       3.489617e+00       8.258506e-01       1.396444e+00       1.245632e-02       1.055238e-02       1.157342e-02
        4980       3.472612e+00       8.279346e-01       1.389532e+00       9.575923e-03       6.928726e-03       8.531497e-03
        4990       3.448426e+00       8.214639e-01       1.379867e+00       7.188254e-03       3.651201e-03       5.454706e-03
        5000       3.428293e+00       8.101267e-01       1.371981e+00       9.680769e-03       8.347602e-03       9.084262e-03
