2019-09-01 09:09:04.173263: I tensorflow/core/platform/cpu_feature_guard.cc:141] Your CPU supports instructions that this TensorFlow binary was not compiled to use: AVX AVX2 FMA
2019-09-01 09:09:04.459523: I tensorflow/core/common_runtime/gpu/gpu_device.cc:1432] Found device 0 with properties: 
name: GeForce RTX 2080 Ti major: 7 minor: 5 memoryClockRate(GHz): 1.635
pciBusID: 0000:0a:00.0
totalMemory: 10.73GiB freeMemory: 10.53GiB
2019-09-01 09:09:04.584295: I tensorflow/core/common_runtime/gpu/gpu_device.cc:1432] Found device 1 with properties: 
name: GeForce RTX 2080 Ti major: 7 minor: 5 memoryClockRate(GHz): 1.635
pciBusID: 0000:0b:00.0
totalMemory: 10.73GiB freeMemory: 10.53GiB
2019-09-01 09:09:04.715967: I tensorflow/stream_executor/cuda/cuda_gpu_executor.cc:964] successful NUMA node read from SysFS had negative value (-1), but there must be at least one NUMA node, so returning NUMA node zero
2019-09-01 09:09:04.717309: I tensorflow/core/common_runtime/gpu/gpu_device.cc:1432] Found device 2 with properties: 
name: GeForce RTX 2080 Ti major: 7 minor: 5 memoryClockRate(GHz): 1.635
pciBusID: 0000:42:00.0
totalMemory: 10.73GiB  >>> Info of model(s):
  using   4 model(s): ../graph.002.pb ../graph.000.pb ../graph.003.pb ../graph.001.pb 
  rcut in model:      5
  ntypes in model:    2
Neighbor list info ...
  update every 1 steps, delay 10 steps, check yes
  max neighbors/atom: 2000, page size: 100000
  master list distance cutoff = 6
  ghost atom cutoff = 6
  binsize = 3, bins = 4 4 4
  1 neighbor lists, perpetual/occasional/extra = 1 0 0
  (1) pair deepmd, perpetual
      attributes: , newton on
      pair build: full/bin/atomonly
      stencil: full/bin/3d
      bin: standard
Setting up Verlet run ...
  Unit style    : metal
  Current step  : 0
  Time step     : 0.002
Per MPI rank memory allocation (min/avg/max) = 3.934 | 3.934 | 3.934 Mbytes
Step Temp PotEng KinEng TotEng Press Volume Lx Ly Lz Xy Xz Yz 
       0          100   -219.72059  0.051704058   -219.66889   -1014.1406         1000           10           10           10            0            0            0 
      10    98.035922   -219.71767   0.05068855   -219.66698   -1215.4924         1000           10           10           10            0            0            0 
      20    82.936741   -219.71043  0.042881661   -219.66755   -966.48791         1000           10           10           10            0            0            0 
      30    115.17071   -219.73008  0.059547932   -219.67053   -401.70151         1000           10           10           10            0            0            0 
      40    100.59855   -219.72082  0.052013535   -219.66881    353.79542         1000           10           10           10            0            0            0 
      50    109.28586   -219.71767  0.056505226   -219.66117    940.16533         1000           10           10           10            0            0            0 
      60    77.066012   -219.69083  0.039846256   -219.65099    1186.4788         1000           10           10           10            0            0            0 
      70    98.827778   -219.69824  0.051097972   -219.64714    834.69733         1000           10           10           10            0            0            0 
      80    116.03051    -219.7006   0.05999248   -219.64061    55.639637         1000           10           10           10            0            0            0 
      90    113.69725   -219.68642  0.058786091   -219.62763   -681.87042         1000           10           10           10            0            0            0 
     100    98.113612   -219.66053  0.050728719    -219.6098   -1223.5623         1000           10           10           10            0            0            0 
     110    97.946541   -219.64392  0.050642336   -219.59328   -1215.5206         1000           10           10           10            0            0            0 
     120    182.44203    -219.6773  0.094329934   -219.58297   -663.76204         1000           10           10           10            0            0            0 
     130    156.16933   -219.65048  0.080745882   -219.56973    376.72639         1000           10           10           10            0            0            0 
     140    180.77171   -219.65314   0.09346631   -219.55967    1307.1901         1000           10           10           10            0            0            0 
     150    158.10021   -219.64365  0.081744222   -219.56191    1516.3788         1000           10           10           10            0            0            0 
     160    215.42636   -219.70046   0.11138417   -219.58908    703.83397         1000           10           10           10            0            0            0 
     170     211.6972   -219.71898   0.10945604   -219.60952   -311.00205         1000           10           10           10            0            0            0 
     180    142.55921   -219.69864  0.073708899   -219.62493   -1033.1242         1000           10           10           10            0            0            0 
     190    139.16834   -219.71228  0.071955681   -219.64032   -1338.6068         1000           10           10           10            0            0            0 
     200     128.9027   -219.72309  0.066647927   -219.65645   -1077.3328         1000           10           10           10            0            0            0 
     210    127.62171   -219.73622  0.065985602   -219.67023   -482.50659         1000           10           10           10            0            0            0 
     220    112.40245     -219.735  0.058116628   -219.67688    281.41782         1000           10           10           10            0            0            0 
     230    117.03043   -219.73837  0.060509481   -219.67787    841.89934         1000           10           10           10            0            0            0 
     240    100.64278   -219.72897  0.052036403   -219.67693    1013.8616         1000           10           10           10            0            0            0 
     250    103.09661   -219.73153   0.05330513   -219.67823    706.20135         1000           10           10           10            0            0            0 
     260    107.61285    -219.7338  0.055640209   -219.67816      125.812         1000           10           10           10            0            0            0 
     270    103.65122   -219.72948  0.053591885   -219.67589   -554.77793         1000           10           10           10            0            0            0 
     280    103.81813   -219.72604  0.053678187   -219.67236   -1037.2305         1000           10           10           10            0            0            0 
     290    81.044777   -219.71208  0.041903439   -219.67018   -1126.5595         1000           10           10           10            0            0            0 
     300     95.66252   -219.71971  0.049461405   -219.67025   -881.98412         1000           10           10           10            0            0            0 
     310    120.26764   -219.73124   0.06218325   -219.66906   -245.82543         1000           10           10           10            0            0            0 
     320    113.41216   -219.72033   0.05863869   -219.66169    505.14957         1000           10           10           10            0            0            0 
     330    82.140864   -219.69173   0.04247016   -219.64926    1075.3871         1000           10           10           10            0            0            0 
     340    100.01589   -219.69326  0.051712271   -219.64155     1069.792         1000           10           10           10            0            0            0 
     350     112.9001   -219.69452  0.058373931   -219.63614    557.33175         1000           10           10           10            0            0            0 
     360    108.36912   -219.68342  0.056031234   -219.62739   -229.07933         1000           10           10           10            0            0            0 
     370    109.81967   -219.67243  0.056781227   -219.61565   -960.98722         1000           10           10           10            0            0            0 
     380    86.628535   -219.64708  0.044790468   -219.60229   -1351.7744         1000           10           10           10            0            0            0 
     390    118.53411   -219.65456  0.061286943   -219.59327   -1232.2864         1000           10           10           10            0            0            0 
     400      145.757   -219.66512  0.075362283   -219.58976   -477.47916         1000           10           10           10            0            0            0 
     410    135.02259   -219.65402  0.069812158   -219.58421    516.06076         1000           10           10           10            0            0            0 
     420    169.53556   -219.66959  0.087656766   -219.58193    1306.2026         1000           10           10           10            0            0            0 
     430    175.56695    -219.6829  0.090775237   -219.59213    1310.5592         1000           10           10           10            0            0            0 
     440     165.0354   -219.70016      0.08533   -219.61483    627.37638         1000           10           10           10            0            0            0 
     450     179.7361   -219.72464  0.092930859   -219.63171   -326.92764         1000           10           10           10            0            0            0 
     460     135.0595   -219.71243  0.069831243    -219.6426   -1047.5917         1000           10           10           10            0            0            0 
     470    97.384916   -219.70743  0.050351954   -219.65708   -1188.9601         1000           10           10           10            0            0            0 
     480    90.700341   -219.71772  0.046895757   -219.67082   -945.95749         1000           10           10           10            0            0            0 
     490    93.067289   -219.73007  0.048119565   -219.68195   -416.06826         1000           10           10           10            0            0            0 
     500    97.255566   -219.73832  0.050285074   -219.68804    245.00038         1000           10           10           10            0            0            0 
     510    80.489856   -219.73003  0.041616522   -219.68841    804.42789         1000           10           10           10            0            0            0 
     520    74.672682   -219.72653  0.038608807   -219.68792    1038.8895         1000           10           10           10            0            0            0 
     530    74.980082   -219.72731  0.038767745   -219.68855    841.50948         1000           10           10           10            0            0            0 
     540    93.010204   -219.73724   0.04809005   -219.68914    304.59248         1000           10           10           10            0            0            0 
     550    83.312089   -219.72922  0.043075731   -219.68615   -315.01528         1000           10           10           10            0            0            0 
     560    73.076219   -219.71917  0.037783371   -219.68138    -808.6445         1000           10           10           10            0            0            0 
     570    78.602163   -219.71763  0.040640508   -219.67699   -1067.5314         1000           10           10           10            0            0            0 
     580     84.02623   -219.71723  0.043444971   -219.67378   -907.35142         1000           10           10           10            0            0            0 
     590    104.10931   -219.72372   0.05382874    -219.6699   -391.96927         1000           10           10           10            0            0            0 
     600    111.09115   -219.71987  0.057438635   -219.66243    344.33602         1000           10           10           10            0            0            0 
     610    121.37165   -219.71244  0.062754069   -219.64969    1070.5398         1000           10           10           10            0            0            0 
     620    94.790972   -219.68187  0.049010779   -219.63286    1348.5195         1000           10           10           10            0            0            0 
     630    133.99063   -219.69419  0.069278594   -219.62491     1047.059         1000           10           10           10            0            0            0 
     640    119.42727   -219.67844  0.061748747   -219.61669    352.82267         1000           10           10           10            0            0            0 
     650    113.59232   -219.66791  0.058731839   -219.60918    -440.1057         1000           10           10           10            0            0            0 
     660     125.4797   -219.66779  0.064878098   -219.60291   -924.96753         1000           10           10           10            0            0            0 
     670    96.746894   -219.65408   0.05002207   -219.60406   -772.86596         1000           10           10           10            0            0            0 
     680    167.05121   -219.70172  0.086372255   -219.61535   -115.70977         1000           10           10           10            0            0            0 
     690    146.89027   -219.69555  0.075948228    -219.6196    735.90411         1000           10           10           10            0            0            0 
     700    139.43774   -219.69817  0.072094972   -219.62608    1242.2927         1000           10           10           10            0            0            0 
     710     120.3431   -219.69788  0.062222267   -219.63566    1253.3868         1000           10           10           10            0            0            0 
     720    148.53861   -219.72648  0.076800489   -219.64968    734.74782         1000           10           10           10            0            0            0 
     730    115.18151   -219.71449  0.059553516   -219.65494   -40.863663         1000           10           10           10            0            0            0 
     740    92.179395   -219.70763  0.047660488   -219.65997   -675.78741         1000           10           10           10            0            0            0 
     750    94.091945   -219.71297  0.048649354   -219.66432   -1010.0343         1000           10           10           10            0            0            0 
     760    68.230741   -219.70381  0.035278062   -219.66854   -877.13726         1000           10           10           10            0            0            0 
     770    101.13094   -219.72691  0.052288802   -219.67462   -425.82536         1000           10           10           10            0            0            0 
     780    80.649605   -219.71663  0.041699118   -219.67493    201.54457         1000           10           10           10            0            0            0 
     790    93.707226   -219.72254  0.048450438   -219.67409    737.52378         1000           10           10           10            0            0            0 
     800    83.398026   -219.71503  0.043120164   -219.67191    1060.5121         1000           10           10           10            0            0            0 
     810    86.711993   -219.71657  0.044833619   -219.67173     952.5378         1000           10           10           10            0            0            0 
     820    94.225678      -219.72  0.048718499   -219.67129    431.95024         1000           10           10           10            0            0            0 
     830     88.71386   -219.71462  0.045868666   -219.66875   -218.21631         1000           10           10           10            0            0            0 
     840     89.44259      -219.71  0.046245448   -219.66375   -788.03443         1000           10           10           10            0            0            0 
     850    49.888448   -219.68301  0.025794352   -219.65721   -937.33447         1000           10           10           10            0            0            0 
     860    92.337908    -219.7025  0.047742445   -219.65476   -770.81989         1000           10           10           10            0            0            0 
     870     81.97828   -219.69263  0.042386098   -219.65025   -229.11465         1000           10           10           10            0            0            0 
     880    101.28127   -219.69717  0.052366527    -219.6448    462.98905         1000           10           10           10            0            0            0 
     890    93.218618   -219.68532  0.048197808   -219.63712    1035.0535         1000           10           10           10            0            0            0 
     900    92.304495   -219.67876   0.04772517   -219.63104    1165.2645         1000           10           10           10            0            0            0 
     910    146.15166   -219.71033  0.075566338   -219.63476    683.00907         1000           10           10           10            0            0            0 
     920    125.15641    -219.6992  0.064710943   -219.63449   -148.42813         1000           10           10           10            0            0            0 
     930    143.16581   -219.70299  0.074022533   -219.62897   -992.15987         1000           10           10           10            0            0            0 
     940    111.43765   -219.68061  0.057617785   -219.62299   -1329.8782         1000           10           10           10            0            0            0 
     950    150.93031   -219.70357  0.078037095   -219.62553   -1208.6075         1000           10           10           10            0            0            0 
     960    148.01383   -219.70901  0.076529154   -219.63248   -530.12665         1000           10           10           10            0            0            0 
     970    149.26944   -219.71454  0.077178356   -219.63736    291.47424         1000           10           10           10            0            0            0 
     980    133.19455   -219.70973  0.068866988   -219.64086    925.84741         1000           10           10           10            0            0            0 
     990     107.6927   -219.70208  0.055681495   -219.64639    1172.0876         1000           10           10           10            0            0            0 
    1000    125.64644   -219.72408  0.064964306   -219.65912    829.84543         1000           10           10           10            0            0            0 
    1010    79.761139   -219.70954  0.041239745    -219.6683    167.16845         1000           10           10           10            0            0            0 
    1020    98.991866   -219.72769  0.051182812   -219.67651    -540.8203         1000           10           10           10            0            0            0 
    1030    61.882241   -219.71343   0.03199563   -219.68143   -906.98453         1000           10           10           10            0            0            0 
    1040    60.870743   -219.71926  0.031472644   -219.68779    -958.2024         1000           10           10           10            0            0            0 
    1050    61.338723   -219.72594  0.031714609   -219.69423   -660.02036         1000           10           10           10            0            0            0 
    1060     70.96425   -219.73468  0.036691397   -219.69799   -203.23196         1000           10           10           10            0            0            0 
    1070    76.469972   -219.73883  0.039538078   -219.69929    341.93027         1000           10           10           10            0            0            0 
    1080    51.913336   -219.72322  0.026841302   -219.69638    803.93334         1000           10           10           10            0            0            0 
    1090      67.4276    -219.7295  0.034862805   -219.69464    913.99676         1000           10           10           10            0            0            0 
    1100    60.894465   -219.72461   0.03148491   -219.69312    685.94617         1000           10           10           10            0            0            0 
    1110    91.055946   -219.73786  0.047079619   -219.69078    128.55574         1000           10           10           10            0            0            0 
    1120    65.594446   -219.71701   0.03391499   -219.68309   -459.01511         1000           10           10           10            0            0            0 
    1130     75.35307   -219.71305  0.038960595   -219.67409   -966.71672         1000           10           10           10            0            0            0 
    1140    93.128131   -219.71426  0.048151023   -219.66611   -1164.9739         1000           10           10           10            0            0            0 
    1150    91.058166    -219.7037  0.047080767   -219.65662     -932.486         1000           10           10           10            0            0            0 
    1160    119.91429    -219.7116  0.062000554    -219.6496    -296.7867         1000           10           10           10            0            0            0 
    1170    116.77907   -219.70031  0.060379518   -219.63993    503.72713         1000           10           10           10            0            0            0 
    1180    132.38856   -219.69971  0.068450259   -219.63126    1078.0737         1000           10           10           10            0            0            0 
    1190    88.365474   -219.67354  0.045688536   -219.62785    1245.4482         1000           10           10           10            0            0            0 
    1200    137.84653   -219.70309  0.071272252   -219.63181    665.88108         1000           10           10           10            0            0            0 
    1210    118.05144   -219.69446  0.061037385   -219.63343   -157.07894         1000           10           10           10            0            0            0 
    1220     137.9241   -219.70563  0.071312354   -219.63432   -927.32097         1000           10           10           10            0            0            0 
    1230    104.46256   -219.68625  0.054011384   -219.63224   -1307.1952         1000           10           10           10            0            0            0 
    1240    80.065837   -219.67678  0.041397287   -219.63538   -1133.8538         1000           10           10           10            0            0            0 
    1250    135.28551   -219.71473  0.069948101   -219.64478    -612.0922         1000           10           10           10            0            0            0 
    1260    116.48707   -219.71121  0.060228544   -219.65098    176.05674         1000           10           10           10            0            0            0 
    1270    116.51682   -219.71454  0.060243926    -219.6543    904.83603         1000           10           10           10            0            0            0 
    1280    68.306832    -219.6903  0.035317404   -219.65498    1229.2281         1000           10           10           10            0            0            0 
    1290    118.12575    -219.7232  0.061075806   -219.66212    914.99381         1000           10           10           10            0            0            0 
    1300    93.226194   -219.71609  0.048201726   -219.66789    321.75534         1000           10           10           10            0            0            0 
    1310    92.532477   -219.71909  0.047843046   -219.67124    -374.0529         1000           10           10           10            0            0            0 
    1320    74.937465   -219.71079   0.03874571   -219.67205   -889.89746         1000           10           10           10            0            0            0 
    1330     61.33243   -219.70591  0.031711355    -219.6742   -1061.5857         1000           10           10           10            0            0            0 
    1340    86.509872   -219.72363  0.044729114    -219.6789    -881.0295         1000           10           10           10            0            0            0 
    1350     58.89219   -219.71288  0.030449652   -219.68243   -289.90465         1000           10           10           10            0            0            0 
    1360    83.659669   -219.72855  0.043255444   -219.68529    336.50427         1000           10           10           10            0            0            0 
    1370    59.230656   -219.71441  0.030624653   -219.68378    864.05884         1000           10           10           10            0            0            0 
    1380    75.855286    -219.7225  0.039220261   -219.68328    1049.3559         1000           10           10           10            0            0            0 
    1390     50.59861   -219.70932  0.026161535   -219.68315    860.93899         1000           10           10           10            0            0            0 
    1400    72.201866   -219.72125  0.037331295   -219.68392    336.39047         1000           10           10           10            0            0            0 
    1410    88.718737   -219.72657  0.045871187    -219.6807   -304.08386         1000           10           10           10            0            0            0 
    1420    55.831669   -219.70076  0.028867238   -219.67189   -796.94206         1000           10           10           10            0            0            0 
    1430    75.938688    -219.7016  0.039263383   -219.66233   -1036.9914         1000           10           10           10            0            0            0 
    1440    58.865297    -219.6823  0.030435747   -219.65187   -756.16391         1000           10           10           10            0            0            0 
    1450    130.50616   -219.71157  0.067476983   -219.64409   -170.66544         1000           10           10           10            0            0            0 
    1460    106.48217   -219.68585  0.055055602   -219.63079    771.19486         1000           10           10           10            0            0            0 
    1470    112.41632   -219.67207    0.0581238   -219.61394    1445.8334         1000           10           10           10            0            0            0 
    1480    112.96275   -219.66494  0.058406326   -219.60654    1487.4137         1000           10           10           10            0            0            0 
    1490      171.369   -219.69842  0.088604728   -219.60981    931.89383         1000           10           10           10            0            0            0 
    1500    158.60467   -219.69042  0.082005049   -219.60841   -33.148615         1000           10           10           10            0            0            0 
    1510    116.02948   -219.66865  0.059991951   -219.60866   -926.50912         1000           10           10           10            0            0            0 
    1520    174.25226   -219.70117  0.090095489   -219.61108   -1533.0979         1000           10           10           10            0            0            0 
    1530    114.64976   -219.67707  0.059278578   -219.61779   -1249.1707         1000           10           10           10            0            0            0 
    1540    173.57348   -219.72444  0.089744532   -219.63469   -488.05833         1000           10           10           10            0            0            0 
    1550    133.66774   -219.71526  0.069111645   -219.64615    432.62889         1000           10           10           10            0            0            0 
    1560    148.86157   -219.73453  0.076967475   -219.65757    1044.1809         1000           10           10           10            0            0            0 
    1570    108.18511   -219.72214   0.05593609   -219.66621    1219.9984         1000           10           10           10            0            0            0 
    1580    93.614083   -219.72412   0.04840228   -219.67571     919.2003         1000           10           10           10            0            0            0 
    1590    116.37705   -219.74387  0.060171656    -219.6837    184.54075         1000           10           10           10            0            0            0 
    1600    97.619888   -219.73617  0.050473444   -219.68569   -561.47303         1000           10           10           10            0            0            0 
    1610    97.799217   -219.73427  0.050566164    -219.6837   -1108.5216         1000           10           10           10            0            0            0 
    1620    48.315407   -219.70663  0.024981026   -219.68165   -1188.4301         1000           10           10           10            0            0            0 
    1630    101.71471   -219.73786  0.052590632   -219.68527   -960.88221         1000           10           10           10            0            0            0 
    1640    94.700922   -219.73538   0.04896422   -219.68642   -363.81569         1000           10           10           10            0            0            0 
    1650    94.127732   -219.73427  0.048667857    -219.6856    377.42426         1000           10           10           10            0            0            0 
    1660    81.612576   -219.72412  0.042197013   -219.68193    990.45979         1000           10           10           10            0            0            0 
    1670    78.670408   -219.71819  0.040675794   -219.67752    1223.2361         1000           10           10           10            0            0            0 
    1680    113.52169   -219.73728  0.058695322   -219.67859    956.60065         1000           10           10           10            0            0            0 
    1690    85.898936   -219.72089  0.044413236   -219.67648    338.37122         1000           10           10           10            0            0            0 
    1700    117.41039   -219.73259  0.060705938   -219.67189   -518.07014         1000           10           10           10            0            0            0 
    1710    82.211473   -219.70599  0.042506668   -219.66349   -1129.0628         1000           10           10           10            0            0            0 
    1720    109.28276   -219.71537  0.056503621   -219.65886   -1409.3893         1000           10           10           10            0            0            0 
    1730    85.742118   -219.70144  0.044332154    -219.6571   -1087.9972         1000           10           10           10            0            0            0 
    1740    117.94036   -219.71879  0.060979954   -219.65781    -416.7056         1000           10           10           10            0            0            0 
    1750    151.89538   -219.73535  0.078536077   -219.65682    398.19496         1000           10           10           10            0            0            0 
    1760    109.43815   -219.70407  0.056583966   -219.64748    1202.6605         1000           10           10           10            0            0            0 
    1770    113.18609   -219.69899  0.058521801   -219.64046    1468.4937         1000           10           10           10            0            0            0 
    1780    103.65046   -219.69097  0.053591492   -219.63738    1106.1561         1000           10           10           10            0            0            0 
    1790     174.1413   -219.72633   0.09003812   -219.63629    192.92043         1000           10           10           10            0            0            0 
    1800    107.11941    -219.6833  0.055385081   -219.62792   -685.44106         1000           10           10           10            0            0            0 
    1810    114.48472   -219.68195  0.059193245   -219.62276   -1345.8543         1000           10           10           10            0            0            0 
    1820      94.8678   -219.66881  0.049050502   -219.61976   -1438.7954         1000           10           10           10            0            0            0 
    1830    129.87277   -219.68955  0.067149495    -219.6224   -947.72641         1000           10           10           10            0            0            0 
    1840    152.37809   -219.70385  0.078785657   -219.62507   -20.224004         1000           10           10           10            0            0            0 
    1850    83.843334   -219.66277  0.043350406   -219.61942    987.94406         1000           10           10           10            0            0            0 
    1860    110.81606   -219.67459  0.057296401   -219.61729    1447.3249         1000           10           10           10            0            0            0 
    1870    79.230532   -219.66455    0.0409654   -219.62359    1316.9686         1000           10           10           10            0            0            0 
    1880    102.18098   -219.69002  0.052831715   -219.63719    620.90358         1000           10           10           10            0            0            0 
    1890    65.036243   -219.68044  0.033626377   -219.64682   -210.74117         1000           10           10           10            0            0            0 
    1900     81.69209   -219.69651  0.042238125   -219.65427   -935.67224         1000           10           10           10            0            0            0 
    1910    55.379278    -219.6886  0.028633334   -219.65997   -1180.6025         1000           10           10           10            0            0            0 
    1920    46.788118   -219.69288  0.024191356   -219.66868   -955.56193         1000           10           10           10            0            0            0 
    1930    65.968019   -219.71136  0.034108143   -219.67726   -404.97848         1000           10           10           10            0            0            0 
    1940    64.439896   -219.71587  0.033318041   -219.68255    291.05027         1000           10           10           10            0            0            0 
    1950    71.366302   -219.72015  0.036899274   -219.68325    864.55574         1000           10           10           10            0            0            0 
    1960    25.765088   -219.69468  0.013321596   -219.68136    1183.5871         1000           10           10           10            0            0            0 
    1970    59.839675   -219.71574   0.03093954    -219.6848    982.15256         1000           10           10           10            0            0            0 
    1980    60.415015   -219.71831  0.031237014   -219.68707    478.01104         1000           10           10           10            0            0            0 
    1990     70.69741   -219.72326   0.03655343    -219.6867   -182.29327         1000           10           10           10            0            0            0 
    2000    51.465815   -219.70847  0.026609915   -219.68186   -748.60883         1000           10           10           10            0            0            0 
    2010    47.706092   -219.70039  0.024665986   -219.67572   -1079.0358         1000           10           10           10            0            0            0 
    2020     79.00792   -219.71197  0.040850301   -219.67112   -1038.6044         1000           10           10           10            0            0            0 
    2030    73.636498    -219.7027  0.038073058   -219.66463   -482.70994         1000           10           10           10            0            0            0 
    2040    114.30263   -219.71383  0.059099096   -219.65473    294.43372         1000           10           10           10            0            0            0 
    2050    95.209253   -219.68583  0.049227047    -219.6366    1138.1955         1000           10           10           10            0            0            0 
    2060    144.80837   -219.69624  0.074871806   -219.62137    1464.7699         1000           10           10           10            0            0            0 
    2070    104.16083   -219.66432  0.053855374   -219.61047    1320.8322         1000           10           10           10            0            0            0 
    2080    149.19262   -219.68753  0.077138638   -219.61039    502.60215         1000           10           10           10            0            0            0 
    2090    162.41248   -219.69009   0.08397384   -219.60611   -562.32285         1000           10           10           10            0            0            0 
    2100    110.56406   -219.65883  0.057166104   -219.60167   -1219.2664         1000           10           10           10            0            0            0 
    2110    124.10878   -219.66998  0.064169273   -219.60581   -1361.0923         1000           10           10           10            0            0            0 
    2120    102.63891   -219.66806  0.053068481     -219.615   -784.02848         1000           10           10           10            0            0            0 
    2130    179.68872   -219.72083  0.092906362   -219.62792    30.939807         1000           10           10           10            0            0            0 
    2140    127.23187   -219.69731  0.065784042   -219.63153    944.16578         1000           10           10           10            0            0            0 
    2150    116.34451   -219.69481  0.060154833   -219.63465    1382.0268         1000           10           10           10            0            0            0 
    2160    93.504956    -219.6893  0.048345857   -219.64095    1292.6986         1000           10           10           10            0            0            0 
    2170    143.59694   -219.72733  0.074245443   -219.65308    590.20278         1000           10           10           10            0            0            0 
    2180    125.13787   -219.72102  0.064701358   -219.65632   -232.06706         1000           10           10           10            0            0            0 
    2190    76.391608   -219.69495  0.039497561   -219.65546   -888.80496         1000           10           10           10            0            0            0 
    2200     99.03269   -219.70746   0.05120392   -219.65626    -1279.512         1000           10           10           10            0            0            0 
    2210    77.012637   -219.69821  0.039818658   -219.65839   -1075.9253         1000           10           10           10            0            0            0 
    2220     113.1225   -219.72192  0.058488921   -219.66343   -533.44381         1000           10           10           10            0            0            0 
    2230    79.158724   -219.70485  0.040928273   -219.66392    298.68924         1000           10           10           10            0            0            0 
    2240    101.27447   -219.71476   0.05236301   -219.66239    924.17347         1000           10           10           10            0            0            0 
    2250    89.650749   -219.70698  0.046353076   -219.66063    1251.8518         1000           10           10           10            0            0            0 
    2260    93.612433   -219.71182  0.048401427   -219.66341    1041.6015         1000           10           10           10            0            0            0 
    2270    107.38989   -219.72275  0.055524929   -219.66722    396.21727         1000           10           10           10            0            0            0 
    2280    107.57598   -219.72182  0.055621149    -219.6662   -405.89129         1000           10           10           10            0            0            0 
    2290    118.54887   -219.72361  0.061294576   -219.66231   -1092.0026         1000           10           10           10            0            0            0 
    2300    59.247695   -219.68789  0.030633462   -219.65726   -1270.0178         1000           10           10           10            0            0            0 
    2310    105.72476   -219.71213  0.054663991   -219.65746   -1142.3248         1000           10           10           10            0            0            0 
    2320    112.26023   -219.71718  0.058043095   -219.65914   -477.58163         1000           10           10           10            0            0            0 
    2330    131.94053   -219.72591  0.068218607   -219.65769    335.77895         1000           10           10           10            0            0            0 
    2340    100.42543   -219.70287  0.051924022   -219.65094    1064.7726         1000           10           10           10            0            0            0 
    2350    115.27994    -219.7058   0.05960441   -219.64619    1303.0213         1000           10           10           10            0            0            0 
    2360     161.1373   -219.72629  0.083314522   -219.64297    890.13177         1000           10           10           10            0            0            0 
    2370     159.2329   -219.71171  0.082329874   -219.62938    135.39054         1000           10           10           10            0            0            0 
    2380      216.828   -219.72137   0.11210888   -219.60926   -867.95942         1000           10           10           10            0            0            0 
    2390    148.12394   -219.65393   0.07658609   -219.57735   -1670.2997         1000           10           10           10            0            0            0 
    2400    263.73521   -219.69969   0.13636181   -219.56333   -1917.8452         1000           10           10           10            0            0            0 
    2410    211.25576   -219.67178    0.1092278   -219.56255    -1022.466         1000           10           10           10            0            0            0 
    2420    199.15304   -219.65809    0.1029702   -219.55512    190.51817         1000           10           10           10            0            0            0 
    2430    190.31407   -219.65691  0.098400096   -219.55851     1035.598         1000           10           10           10            0            0            0 
    2440    140.75575   -219.64696  0.072776437   -219.57418     1077.276         1000           10           10           10            0            0            0 
    2450    165.69083   -219.68978  0.085668885   -219.60411      444.973         1000           10           10           10            0            0            0 
    2460    124.06228   -219.69239  0.064145231   -219.62824   -394.37266         1000           10           10           10            0            0            0 
    2470    144.19483   -219.71704  0.074554578   -219.64249   -1116.5469         1000           10           10           10            0            0            0 
    2480    89.649733    -219.6955   0.04635255   -219.64914   -1236.9009         1000           10           10           10            0            0            0 
    2490    112.77257   -219.71676  0.058307995   -219.65845   -964.28791         1000           10           10           10            0            0            0 
    2500    92.226515   -219.71413  0.047684851   -219.66645   -327.12154         1000           10           10           10            0            0            0 
    2510    109.03711   -219.72788  0.056376612    -219.6715    349.65821         1000           10           10           10            0            0            0 
    2520    104.12047    -219.7268  0.053834506   -219.67297    843.76307         1000           10           10           10            0            0            0 
    2530    61.746702   -219.70316  0.031925551   -219.67124    1050.9226         1000           10           10           10            0            0            0 
    2540    95.896615   -219.72493  0.049582442   -219.67535    739.24228         1000           10           10           10            0            0            0 
    2550    93.602093   -219.72667  0.048396081   -219.67827    114.65741         1000           10           10           10            0            0            0 
    2560    107.44847   -219.73308  0.055555219   -219.67752   -543.17116         1000           10           10           10            0            0            0 
    2570    63.656065   -219.70583  0.032912769   -219.67291   -946.46503         1000           10           10           10            0            0            0 
    2580    87.891648   -219.71644  0.045443549   -219.67099   -1083.5538         1000           10           10           10            0            0            0 
    2590    92.937456   -219.71841  0.048052436   -219.67036   -784.90098         1000           10           10           10            0            0            0 
    2600     103.2993     -219.722  0.053409932   -219.66859   -171.22644         1000           10           10           10            0            0            0 
    2610    101.95226   -219.71519  0.052713454   -219.66247     552.1753         1000           10           10           10            0            0            0 
    2620    76.528703   -219.68771  0.039568445   -219.64814    1157.7142         1000           10           10           10            0            0            0 
    2630    120.33709   -219.69861  0.062219159   -219.63639    1223.3711         1000           10           10           10            0            0            0 
    2640    105.33011   -219.68181  0.054459939   -219.62735    826.38022         1000           10           10           10            0            0            0 
    2650    146.07231   -219.69092  0.075525313    -219.6154    34.020975         1000           10           10           10            0            0            0 
    2660    137.62021   -219.67039  0.071155231   -219.59924   -838.26011         1000           10           10           10            0            0            0 
    2670    176.51362   -219.67939  0.091264706   -219.58813   -1269.0578         1000           10           10           10            0            0            0 
    2680    156.10785   -219.66378  0.080714092   -219.58306   -1019.8528         1000           10           10           10            0            0            0 
    2690    223.42266   -219.70589   0.11551858   -219.59037   -284.72058         1000           10           10           10            0            0            0 
    2700    241.60985   -219.72604   0.12492209   -219.60112    644.56573         1000           10           10           10            0            0            0 
    2710    187.06097   -219.70646   0.09671811   -219.60974    1236.4637         1000           10           10           10            0            0            0 
    2720    178.55898   -219.71584  0.092322239   -219.62352    1124.1875         1000           10           10           10            0            0            0 
    2730    135.96432   -219.71287  0.070299071   -219.64257    485.56578         1000           10           10           10            0            0            0 
    2740    145.74875   -219.73414  0.075358016   -219.65878   -373.23289         1000           10           10           10            0            0            0 
    2750    91.626775   -219.71542  0.047374761   -219.66804   -914.76273         1000           10           10           10            0            0            0 
    2760    86.941567   -219.71982  0.044952318   -219.67486   -1104.9483         1000           10           10           10            0            0            0 
    2770    83.076488   -219.72297  0.042953916   -219.68002    -921.5405         1000           10           10           10            0            0            0 
    2780    100.39776   -219.73681  0.051909717    -219.6849   -436.76998         1000           10           10           10            0            0            0 
    2790    99.962548   -219.73734  0.051684694   -219.68565    195.94426         1000           10           10           10            0            0            0 
    2800    75.100919   -219.72135  0.038830223   -219.68252    747.48148         1000           10           10           10            0            0            0 
    2810    95.220172   -219.72866  0.049232693   -219.67942     990.4345         1000           10           10           10            0            0            0 
    2820    83.768491   -219.72027  0.043311709   -219.67696    828.16745         1000           10           10           10            0            0            0 
    2830    104.24808   -219.72974  0.053900489   -219.67584    265.50462         1000           10           10           10            0            0            0 
    2840      88.9448   -219.71786  0.045988071   -219.67187   -388.19583         1000           10           10           10            0            0            0 
    2850    91.757428    -219.7126  0.047442314   -219.66515   -979.12399         1000           10           10           10            0            0            0 
    2860    97.483786   -219.70941  0.050403073     -219.659   -1184.0857         1000           10           10           10            0            0            0 
    2870    95.238496   -219.70349  0.049242167   -219.65425   -899.77908         1000           10           10           10            0            0            0 
    2880    114.58492   -219.70721  0.059245055   -219.64796   -319.74258         1000           10           10           10            0            0            0 
    2890    115.90069   -219.69901  0.059925362   -219.63908    439.47677         1000           10           10           10            0            0            0 
    2900    121.36966   -219.68824  0.062753039   -219.62549    1067.8954         1000           10           10           10            0            0            0 
    2910    90.331365   -219.66066  0.046704981   -219.61395    1208.3428         1000           10           10           10            0            0            0 
    2920     131.7309   -219.68245  0.068110223   -219.61434    657.69633         1000           10           10           10            0            0            0 
    2930    132.44368   -219.68025  0.068478755   -219.61177   -224.25532         1000           10           10           10            0            0            0 
    2940    111.20125   -219.66128  0.057495561   -219.60378   -1037.4494         1000           10           10           10            0            0            0 
    2950    110.81226   -219.65997  0.057294437   -219.60267   -1294.9664         1000           10           10           10            0            0            0 
    2960     97.47252    -219.6584  0.050397248     -219.608   -997.49685         1000           10           10           10            0            0            0 
    2970    145.34746   -219.69639  0.075150537   -219.62124    -320.2545         1000           10           10           10            0            0            0 
    2980    120.37788   -219.69706  0.062240247   -219.63482    564.91194         1000           10           10           10            0            0            0 
    2990    86.971128   -219.69366  0.044967602   -219.64869    1101.7303         1000           10           10           10            0            0            0 
    3000    80.137192   -219.70746   0.04143418   -219.66603     1123.769         1000           10           10           10            0            0            0 
    3010    88.829834   -219.72778  0.045928629   -219.68185    672.37513         1000           10           10           10            0            0            0 
    3020     75.48331   -219.72929  0.039027934   -219.69026    58.407878         1000           10           10           10            0            0            0 
    3030    63.818794   -219.72603  0.032996906   -219.69303   -519.70748         1000           10           10           10            0            0            0 
    3040     60.26319   -219.72476  0.031158515    -219.6936   -895.44585         1000           10           10           10            0            0            0 
    3050    50.682114   -219.71913   0.02620471   -219.69293   -954.87201         1000           10           10           10            0            0            0 
    3060    60.162458   -219.72462  0.031106432   -219.69352   -684.37322         1000           10           10           10            0            0            0 
    3070    59.582432    -219.7238  0.030806535   -219.69299   -151.13869         1000           10           10           10            0            0            0 
    3080    69.106246   -219.72553  0.035730734    -219.6898    425.90872         1000           10           10           10            0            0            0 
    3090    67.130297   -219.71963  0.034709088   -219.68493    915.23021         1000           10           10           10            0            0            0 
    3100    57.662016   -219.70906  0.029813602   -219.67925    1052.8802         1000           10           10           10            0            0            0 
    3110    77.100904   -219.71633  0.039864296   -219.67647    757.00639         1000           10           10           10            0            0            0 
    3120     104.4752   -219.72649  0.054017919   -219.67247    121.59556         1000           10           10           10            0            0            0 
    3130    103.48998   -219.71693  0.053508517   -219.66342   -615.79209         1000           10           10           10            0            0            0 
    3140    85.679506   -219.69545  0.044299781   -219.65115   -1135.7181         1000           10           10           10            0            0            0 
    3150    113.91536   -219.70148  0.058898863   -219.64258   -1310.3812         1000           10           10           10            0            0            0 
    3160    134.59636   -219.70852  0.069591777   -219.63893   -910.45162         1000           10           10           10            0            0            0 
    3170    154.02314   -219.71805  0.079636212   -219.63841   -80.923105         1000           10           10           10            0            0            0 
    3180    152.81041   -219.71767  0.079009182   -219.63866    799.86567         1000           10           10           10            0            0            0 
    3190    135.59273    -219.7055  0.070106944   -219.63539    1279.2437         1000           10           10           10            0            0            0 
    3200    168.83627   -219.72458  0.087295203   -219.63728    1164.9477         1000           10           10           10            0            0            0 
    3210    153.36024   -219.71869  0.079293468    -219.6394    534.25446         1000           10           10           10            0            0            0 
    3220    141.90079   -219.71134  0.073368468   -219.63797   -356.47696         1000           10           10           10            0            0            0 
    3230    137.03566   -219.70923  0.070852996   -219.63838   -1065.2435         1000           10           10           10            0            0            0 
    3240    107.34768   -219.69493  0.055503107   -219.63943    -1337.788         1000           10           10           10            0            0            0 
    3250    103.32684   -219.69864  0.053424168   -219.64522   -1009.3455         1000           10           10           10            0            0            0 
    3260    116.55065   -219.71223  0.060261414   -219.65197    -325.0888         1000           10           10           10            0            0            0 
    3270    128.39121   -219.72101  0.066383467   -219.65463    475.75439         1000           10           10           10            0            0            0 
    3280    94.469336   -219.70136   0.04884448   -219.65252    1158.6812         1000           10           10           10            0            0            0 
    3290    86.220484   -219.69575  0.044579489   -219.65117    1307.8093         1000           10           10           10            0            0            0 
    3300    98.130769   -219.70691   0.05073759   -219.65617     932.4579         1000           10           10           10            0            0            0 
    3310     101.9003   -219.71198  0.052686591    -219.6593    219.27388         1000           10           10           10            0            0            0 
    3320    94.936575    -219.7089  0.049086062   -219.65981   -494.74069         1000           10           10           10            0            0            0 
    3330    63.596763     -219.691  0.032882107   -219.65811   -935.72411         1000           10           10           10            0            0            0 
    3340    75.273088   -219.69766  0.038919241   -219.65874   -1018.9601         1000           10           10           10            0            0            0 
    3350     87.82599   -219.70772  0.045409601   -219.66231   -635.61203         1000           10           10           10            0            0            0 
    3360    98.100837   -219.71542  0.050722113    -219.6647     77.95255         1000           10           10           10            0            0            0 
    3370    80.141496    -219.7043  0.041436405   -219.66286     824.8547         1000           10           10           10            0            0            0 
    3380    85.614843   -219.70389  0.044266348   -219.65962    1221.6506         1000           10           10           10            0            0            0 
    3390    87.683933   -219.70434  0.045336152   -219.65901    1191.8294         1000           10           10           10            0            0            0 
    3400    80.418622   -219.70033  0.041579691   -219.65875    685.23223         1000           10           10           10            0            0            0 
    3410    116.12535   -219.71599  0.060041519   -219.65595   -58.949101         1000           10           10           10            0            0            0 
    3420    98.995026   -219.69692  0.051184446   -219.64574   -761.16161         1000           10           10           10            0            0            0 
    3430    104.05471   -219.68795  0.053800507   -219.63415   -1215.3475         1000           10           10           10            0            0            0 
    3440    115.31408   -219.68576  0.059622059   -219.62614   -1086.0192         1000           10           10           10            0            0            0 
    3450    157.58891   -219.70382  0.081479862   -219.62234   -502.59201         1000           10           10           10            0            0            0 
    3460    187.55241   -219.71504  0.096972206   -219.61807    451.58666         1000           10           10           10            0            0            0 
    3470     167.1269   -219.69375  0.086411387   -219.60734    1267.6837         1000           10           10           10            0            0            0 
    3480    147.69325    -219.6782  0.076363402   -219.60184    1466.0476         1000           10           10           10            0            0            0 
    3490    155.38645   -219.68388  0.080341101   -219.60354    942.03473         1000           10           10           10            0            0            0 
    3500    183.51783   -219.70276  0.094886166   -219.60787    70.657897         1000           10           10           10            0            0            0 
    3510    101.45172   -219.66495  0.052454657    -219.6125   -622.91675         1000           10           10           10            0            0            0 
    3520    77.079574   -219.66017  0.039853268   -219.62032   -974.15932         1000           10           10           10            0            0            0 
    3530    85.275072   -219.67626  0.044090673   -219.63217   -829.51954         1000           10           10           10            0            0            0 
    3540    83.851898   -219.68943  0.043354834   -219.64607   -253.44962         1000           10           10           10            0            0            0 
    3550    75.282695   -219.69447  0.038924208   -219.65554    459.31671         1000           10           10           10            0            0            0 
    3560    53.114256   -219.68836  0.027462226    -219.6609    925.06073         1000           10           10           10            0            0            0 
    3570    73.529854   -219.70698  0.038017919   -219.66896    959.05026         1000           10           10           10            0            0            0 
    3580    69.455727   -219.71251   0.03591143    -219.6766     659.5822         1000           10           10           10            0            0            0 
    3590    73.609039   -219.72038   0.03805886   -219.68232     119.5247         1000           10           10           10            0            0            0 
    3600    65.850735   -219.71867  0.034047502   -219.68462   -461.07262         1000           10           10           10            0            0            0 
    3610    69.922004   -219.72019  0.036152513   -219.68404   -899.07721         1000           10           10           10            0            0            0 
    3620    67.395937   -219.71768  0.034846434   -219.68284   -1003.0963         1000           10           10           10            0            0            0 
    3630    56.556855   -219.71145  0.029242189   -219.68221   -685.14804         1000           10           10           10            0            0            0 
    3640    82.823292   -219.72427  0.042823003   -219.68145   -169.77383         1000           10           10           10            0            0            0 
    3650    83.715529   -219.72073  0.043284326   -219.67744    422.82132         1000           10           10           10            0            0            0 
    3660    88.854064   -219.71708  0.045941157   -219.67114    870.37604         1000           10           10           10            0            0            0 
    3670    79.751165    -219.7052  0.041234588   -219.66397    970.83947         1000           10           10           10            0            0            0 
    3680    117.25307   -219.71794  0.060624595   -219.65732    588.58685         1000           10           10           10            0            0            0 
    3690    163.91971   -219.73156  0.084753141   -219.64681   -179.15219         1000           10           10           10            0            0            0 
    3700    147.28237   -219.69717  0.076150962   -219.62102   -1009.7183         1000           10           10           10            0            0            0 
    3710    148.90113   -219.67568  0.076987924   -219.59869   -1513.6829         1000           10           10           10            0            0            0 
    3720    163.74975   -219.67439  0.084665267   -219.58972   -1260.0391         1000           10           10           10            0            0            0 
    3730    199.49576   -219.68881    0.1031474   -219.58566   -538.76621         1000           10           10           10            0            0            0 
    3740    156.72144   -219.66358  0.081031344   -219.58255    535.73054         1000           10           10           10            0            0            0 
    3750    127.04922   -219.64294  0.065689602   -219.57725    1141.8162         1000           10           10           10            0            0            0 
    3760    143.04782   -219.66591  0.073961529   -219.59195    888.32335         1000           10           10           10            0            0            0 
    3770    186.87549   -219.71176  0.096622212   -219.61514    46.774943         1000           10           10           10            0            0            0 
    3780    163.66342   -219.70896  0.084620629   -219.62434   -848.61124         1000           10           10           10            0            0            0 
    3790    124.08877   -219.69169  0.064158931   -219.62753   -1342.1264         1000           10           10           10            0            0            0 
    3800    156.96824   -219.71695  0.081158951   -219.63579   -1401.5328         1000           10           10           10            0            0            0 
    3810    148.99486   -219.72354   0.07703639   -219.64651   -865.03642         1000           10           10           10            0            0            0 
    3820    135.22373    -219.7254  0.069916155   -219.65549   -53.878605         1000           10           10           10            0            0            0 
    3830    122.51529    -219.7228  0.063345377   -219.65945    726.13001         1000           10           10           10            0            0            0 
    3840     134.8165   -219.73199  0.069705601   -219.66229    1073.0069         1000           10           10           10            0            0            0 
    3850     104.8873   -219.72105  0.054230991   -219.66682    969.20875         1000           10           10           10            0            0            0 
    3860     109.7565   -219.72802  0.056748563   -219.67127    440.42577         1000           10           10           10            0            0            0 
    3870    108.89131   -219.72907  0.056301228   -219.67277   -287.38995         1000           10           10           10            0            0            0 
    3880     100.5668   -219.72526  0.051997114   -219.67326   -842.41738         1000           10           10           10            0            0            0 
    3890    94.656677   -219.72348  0.048941343   -219.67454   -1088.8648         1000           10           10           10            0            0            0 
    3900    68.152965   -219.71155  0.035237849   -219.67631   -914.07069         1000           10           10           10            0            0            0 
    3910    102.65438   -219.73348   0.05307648    -219.6804   -462.90945         1000           10           10           10            0            0            0 
    3920    105.46249   -219.73629  0.054528385   -219.68176    200.77514         1000           10           10           10            0            0            0 
    3930    93.764747   -219.72696  0.048480179   -219.67848    807.88647         1000           10           10           10            0            0            0 
    3940    67.380558   -219.70877  0.034838483   -219.67393    1092.7233         1000           10           10           10            0            0            0 
    3950    102.10746   -219.72409  0.052793703    -219.6713    858.82149         1000           10           10           10            0            0            0 
    3960    111.31663   -219.72308  0.057555216   -219.66553    324.02947         1000           10           10           10            0            0            0 
    3970    93.313295   -219.70275   0.04824676    -219.6545   -303.62285         1000           10           10           10            0            0            0 
    3980    109.15428    -219.6961  0.056437192   -219.63966   -937.58582         1000           10           10           10            0            0            0 
    3990    87.438113   -219.66599  0.045209052   -219.62078   -1177.4306         1000           10           10           10            0            0            0 
    4000    154.32014   -219.68722  0.079789773   -219.60743   -914.97597         1000           10           10           10            0            0            0 
    4010    116.64191   -219.65342  0.060308602   -219.59312   -11.111478         1000           10           10           10            0            0            0 
    4020      137.039   -219.65224  0.070854727   -219.58138    956.08447         1000           10           10           10            0            0            0 
    4030    138.89139   -219.64494  0.071812486   -219.57312     1455.856         1000           10           10           10            0            0            0 
    4040    142.24483   -219.65197  0.073546348   -219.57842    1276.6991         1000           10           10           10            0            0            0 
    4050    124.21847   -219.65871  0.064225992   -219.59448    595.50813         1000           10           10           10            0            0            0 
    4060    127.10037   -219.67473   0.06571605   -219.60901   -345.12165         1000           10           10           10            0            0            0 
    4070    157.87753   -219.70228  0.081629091   -219.62065   -1049.7975         1000           10           10           10            0            0            0 
    4080    83.293202   -219.67433  0.043065965   -219.63126   -1124.5972         1000           10           10           10            0            0            0 
    4090    108.55313   -219.70194  0.056126372   -219.64581   -825.03096         1000           10           10           10            0            0            0 
    4100    101.87235   -219.71104  0.052672139   -219.65837   -191.13537         1000           10           10           10            0            0            0 
    4110    132.23937   -219.73493  0.068373122   -219.66655    452.75756         1000           10           10           10            0            0            0 
    4120    84.624887   -219.71149  0.043754501   -219.66773    924.74441         1000           10           10           10            0            0            0 
    4130    77.889014   -219.71254  0.040271781   -219.67226    947.69569         1000           10           10           10            0            0            0 
    4140    107.40574   -219.73269  0.055533125   -219.67716    542.66585         1000           10           10           10            0            0            0 
    4150    100.22468   -219.72895  0.051820228   -219.67713   -28.618125         1000           10           10           10            0            0            0 
    4160    101.85538   -219.72791  0.052663367   -219.67525   -555.69986         1000           10           10           10            0            0            0 
    4170    60.074446   -219.70127  0.031060926   -219.67021   -903.94058         1000           10           10           10            0            0            0 
    4180     111.6546    -219.7276  0.057729958   -219.66987   -1002.6613         1000           10           10           10            0            0            0 
    4190    92.428504   -219.71811  0.047789287   -219.67032   -622.02735         1000           10           10           10            0            0            0 
    4200    103.43518    -219.7233  0.053480187   -219.66982   -7.3865981         1000           10           10           10            0            0            0 
    4210    104.79269   -219.72102  0.054182075   -219.66684     607.4472         1000           10           10           10            0            0            0 
    4220     115.8558   -219.72254  0.059902148   -219.66264    893.42485         1000           10           10           10            0            0            0 
    4230    126.23038   -219.72413  0.065266228   -219.65886    856.04795         1000           10           10           10            0            0            0 
    4240    96.308605   -219.70269  0.049795457   -219.65289    450.63321         1000           10           10           10            0            0            0 
    4250    138.12315    -219.7193  0.071415273   -219.64789   -250.31023         1000           10           10           10            0            0            0 
    4260    101.21882   -219.68986  0.052334239   -219.63753   -824.51017         1000           10           10           10            0            0            0 
    4270    120.63744   -219.69086  0.062374452   -219.62848   -1075.7798         1000           10           10           10            0            0            0 
    4280    76.499811   -219.65872  0.039553507   -219.61916   -737.45593         1000           10           10           10            0            0            0 
    4290     144.6927   -219.68416  0.074811999   -219.60935   -152.97043         1000           10           10           10            0            0            0 
    4300    172.97113   -219.68254  0.089433094   -219.59311    635.36633         1000           10           10           10            0            0            0 
    4310    121.65913   -219.62926  0.062902706   -219.56635    1282.3959         1000           10           10           10            0            0            0 
    4320    181.18275    -219.6433  0.093678833   -219.54962    1334.6519         1000           10           10           10            0            0            0 
    4330    227.04875   -219.66733   0.11739342   -219.54994    540.31942         1000           10           10           10            0            0            0 
    4340    266.60606   -219.68307   0.13784615   -219.54522   -599.75919         1000           10           10           10            0            0            0 
    4350    165.57409   -219.62918  0.085608526   -219.54357   -1255.7106         1000           10           10           10            0            0            0 
    4360    188.53599   -219.66389  0.097480757   -219.56641   -1314.9119         1000           10           10           10            0            0            0 
    4370    156.64171    -219.6774  0.080990119   -219.59641   -652.08268         1000           10           10           10            0            0            0 
    4380    159.43552   -219.70418  0.082434634   -219.62174    136.47393         1000           10           10           10            0            0            0 
    4390    113.39935   -219.69541  0.058632064   -219.63678    814.60821         1000           10           10           10            0            0            0 
    4400    76.426035   -219.68541  0.039515362    -219.6459    1110.2557         1000           10           10           10            0            0            0 
    4410    114.26773   -219.71435  0.059081055   -219.65527    844.80042         1000           10           10           10            0            0            0 
    4420    94.835219   -219.71014  0.049033657    -219.6611    338.93283         1000           10           10           10            0            0            0 
    4430    88.669055   -219.70887    0.0458455   -219.66302   -283.40755         1000           10           10           10            0            0            0 
    4440    60.318615   -219.69385  0.031187172   -219.66266   -762.16387         1000           10           10           10            0            0            0 
    4450    83.529539   -219.70718  0.043188161   -219.66399   -962.23333         1000           10           10           10            0            0            0 
    4460    65.655807   -219.69884  0.033946717   -219.66489   -721.46733         1000           10           10           10            0            0            0 
    4470    69.076543   -219.70154  0.035715376   -219.66583   -230.88135         1000           10           10           10            0            0            0 
    4480    83.958325   -219.70978  0.043409861   -219.66637    367.72783         1000           10           10           10            0            0            0 
    4490    73.659088   -219.70151  0.038084738   -219.66342    843.19832         1000           10           10           10            0            0            0 
    4500    79.917994   -219.70296  0.041320846   -219.66164    979.19965         1000           10           10           10            0            0            0 
    4510    63.393588   -219.69452  0.032777057   -219.66174    779.62324         1000           10           10           10            0            0            0 
    4520    100.11423   -219.71311  0.051763121   -219.66135    144.53769         1000           10           10           10            0            0            0 
    4530    101.15526   -219.71027  0.052301373   -219.65797   -506.17089         1000           10           10           10            0            0            0 
    4540    95.152879   -219.69954    0.0491979   -219.65035   -958.94016         1000           10           10           10            0            0            0 
    4550    80.236923   -219.68295  0.041485745   -219.64146   -1067.0982         1000           10           10           10            0            0            0 
    4560    132.26638   -219.70506  0.068387088   -219.63667   -778.86045         1000           10           10           10            0            0            0 
    4570    156.96681   -219.71073   0.08115821   -219.62957   -123.92151         1000           10           10           10            0            0            0 
    4580    130.45875    -219.6871  0.067452469   -219.61965    648.12547         1000           10           10           10            0            0            0 
    4590    165.21806   -219.69947   0.08542444   -219.61405    1057.3081         1000           10           10           10            0            0            0 
    4600    177.09202   -219.70209   0.09156376   -219.61053    930.87642         1000           10           10           10            0            0            0 
    4610    216.84794   -219.71589   0.11211918   -219.60377    245.05437         1000           10           10           10            0            0            0 
    4620    161.57904   -219.67664  0.083542919    -219.5931      -497.82         1000           10           10           10            0            0            0 
    4630    154.47119   -219.66995  0.079867876   -219.59008   -1034.1654         1000           10           10           10            0            0            0 
    4640    135.57828   -219.66794  0.070099473   -219.59784   -953.87419         1000           10           10           10            0            0            0 
    4650    120.62264   -219.67495  0.062366799   -219.61259   -314.84362         1000           10           10           10            0            0            0 
    4660    99.739449   -219.68018  0.051569342   -219.62861    380.43453         1000           10           10           10            0            0            0 
    4670    58.980691   -219.67391  0.030495411   -219.64341    884.44748         1000           10           10           10            0            0            0 
    4680    79.548081    -219.6988  0.041129586   -219.65767    972.62124         1000           10           10           10            0            0            0 
    4690    49.498533    -219.6936   0.02559275     -219.668     749.2018         1000           10           10           10            0            0            0 
    4700    56.569373   -219.70523  0.029248662   -219.67598    263.14001         1000           10           10           10            0            0            0 
    4710    47.987283   -219.70379  0.024811373   -219.67898   -262.38698         1000           10           10           10            0            0            0 
    4720    54.665202   -219.70789  0.028264128   -219.67962   -661.23736         1000           10           10           10            0            0            0 
    4730    46.104766   -219.70382  0.023838035   -219.67998   -706.06748         1000           10           10           10            0            0            0 
    4740    39.760717   -219.70113  0.020557904   -219.68057   -451.73269         1000           10           10           10            0            0            0 
    4750    72.441154   -219.71857  0.037455016   -219.68112   -60.554427         1000           10           10           10            0            0            0 
    4760    59.632229   -219.70869  0.030832282   -219.67786    461.33005         1000           10           10           10            0            0            0 
    4770    70.419492    -219.7096  0.036409735   -219.67319    843.64338         1000           10           10           10            0            0            0 
    4780    46.523516   -219.69071  0.024054546   -219.66665    986.01063         1000           10           10           10            0            0            0 
    4790    84.695528    -219.7076  0.043791025   -219.66381    688.66128         1000           10           10           10            0            0            0 
    4800    97.707096    -219.7086  0.050518534   -219.65808    96.987809         1000           10           10           10            0            0            0 
    4810    82.000033   -219.69008  0.042397345   -219.64769   -484.33349         1000           10           10           10            0            0            0 
    4820    89.759025   -219.68479  0.046409058   -219.63839   -863.34693         1000           10           10           10            0            0            0 
    4830    97.257132   -219.68053  0.050285884   -219.63024   -851.59891         1000           10           10           10            0            0            0 
    4840    170.93052   -219.71555  0.088378017   -219.62717    -437.7816         1000           10           10           10            0            0            0 
    4850    127.31153   -219.68726  0.065825225   -219.62144    356.50945         1000           10           10           10            0            0            0 
    4860    169.17866   -219.70755   0.08747223   -219.62008    933.55704         1000           10           10           10            0            0            0 
    4870    178.83827   -219.71354  0.092466643   -219.62107    1123.6806         1000           10           10           10            0            0            0 
    4880    183.99162   -219.71972  0.095131133   -219.62459    716.71912         1000           10           10           10            0            0            0 
    4890    180.04482    -219.7208  0.093090476   -219.62771   -74.758411         1000           10           10           10            0            0            0 
    4900    142.33916   -219.70466  0.073595122   -219.63106   -784.55203         1000           10           10           10            0            0            0 
    4910    142.16073   -219.71253  0.073502867   -219.63903    -1207.482         1000           10           10           10            0            0            0 
    4920    98.990035    -219.7048  0.051181865   -219.65362   -982.09921         1000           10           10           10            0            0            0 
    4930    105.27617   -219.72929  0.054432053   -219.67486   -460.93663         1000           10           10           10            0            0            0 
    4940    66.330764   -219.72386  0.034295697   -219.68957    128.93527         1000           10           10           10            0            0            0 
    4950    75.897502   -219.73752  0.039242089   -219.69828    561.95618         1000           10           10           10            0            0            0 
    4960    52.983763   -219.72806  0.027394755   -219.70066    775.86256         1000           10           10           10            0            0            0 
    4970    41.372916   -219.72315  0.021391476   -219.70176    708.77219         1000           10           10           10            0            0            0 
    4980     63.40303   -219.73688  0.032781939    -219.7041    333.04325         1000           10           10           10            0            0            0 
    4990    57.626819   -219.73326  0.029795404   -219.70346   -150.23636         1000           10           10           10            0            0            0 
    5000    60.827093   -219.73211  0.031450076   -219.70066   -580.32471         1000           10           10           10            0            0            0 
Loop time of 75.2067 on 1 procs for 5000 steps with 5 atoms

Performance: 11.488 ns/day, 2.089 hours/ns, 66.483 timesteps/s
151.1% CPU use with 1 MPI tasks x no OpenMP threads

MPI task timing breakdown:
Section |  min time  |  avg time  |  max time  |%varavg| %total
---------------------------------------------------------------
Pair    | 74.959     | 74.959     | 74.959     |   0.0 | 99.67
Neigh   | 0.0017018  | 0.0017018  | 0.0017018  |   0.0 |  0.00
Comm    | 0.01236    | 0.01236    | 0.01236    |   0.0 |  0.02
Output  | 0.21103    | 0.21103    | 0.21103    |   0.0 |  0.28
Modify  | 0.01749    | 0.01749    | 0.01749    |   0.0 |  0.02
Other   |            | 0.005447   |            |       |  0.01

Nlocal:    5 ave 5 max 5 min
Histogram: 1 0 0 0 0 0 0 0 0 0
Nghost:    121 ave 121 max 121 min
Histogram: 1 0 0 0 0 0 0 0 0 0
Neighs:    0 ave 0 max 0 min
Histogram: 1 0 0 0 0 0 0 0 0 0

Total # of neighbors = 0
Ave neighs/atom = 0
Neighbor list builds = 155
Dangerous builds = 0
Total wall time: 0:01:18
