2019-09-01 07:54:22.082149: I tensorflow/core/platform/cpu_feature_guard.cc:141] Your CPU supports instructions that this TensorFlow binary was not compiled to use: AVX AVX2 FMA
2019-09-01 07:54:22.327753: I tensorflow/core/common_runtime/gpu/gpu_device.cc:1432] Found device 0 with properties: 
name: GeForce RTX 2080 Ti major: 7 minor: 5 memoryClockRate(GHz): 1.635
pciBusID: 0000:0a:00.0
totalMemory: 10.73GiB freeMemory: 10.53GiB
2019-09-01 07:54:22.449603: I tensorflow/core/common_runtime/gpu/gpu_device.cc:1432] Found device 1 with properties: 
name: GeForce RTX 2080 Ti major: 7 minor: 5 memoryClockRate(GHz): 1.635
pciBusID: 0000:0b:00.0
totalMemory: 10.73GiB freeMemory: 10.53GiB
2019-09-01 07:54:22.583542: I tensorflow/stream_executor/cuda/cuda_gpu_executor.cc:964] successful NUMA node read from SysFS had negative value (-1), but there must be at least one NUMA node, so returning NUMA node zero
2019-09-01 07:54:22.584682: I tensorflow/core/common_runtime/gpu/gpu_device.cc:1432] Found device 2 with properties: 
name: GeForce RTX 2080 Ti major: 7 minor: 5 memoryClockRate(GHz): 1.635
pciBusID: 0000:42:00.0
totalMemory: 10.73GiB  >>> Info of model(s):
  using   4 model(s): ../graph.002.pb ../graph.000.pb ../graph.003.pb ../graph.001.pb 
  rcut in model:      5
  ntypes in model:    2
Neighbor list info ...
  update every 1 steps, delay 10 steps, check yes
  max neighbors/atom: 2000, page size: 100000
  master list distance cutoff = 6
  ghost atom cutoff = 6
  binsize = 3, bins = 4 4 4
  1 neighbor lists, perpetual/occasional/extra = 1 0 0
  (1) pair deepmd, perpetual
      attributes: , newton on
      pair build: full/bin/atomonly
      stencil: full/bin/3d
      bin: standard
Setting up Verlet run ...
  Unit style    : metal
  Current step  : 0
  Time step     : 0.002
Per MPI rank memory allocation (min/avg/max) = 3.934 | 3.934 | 3.934 Mbytes
Step Temp PotEng KinEng TotEng Press Volume Lx Ly Lz Xy Xz Yz 
       0          100   -219.72099  0.051704058   -219.66928   -961.48848         1000           10           10           10            0            0            0 
      10    99.711095   -219.72369  0.051554682   -219.67213   -327.87533         1000           10           10           10            0            0            0 
      20    85.778476   -219.71449  0.044350953   -219.67014    429.22461         1000           10           10           10            0            0            0 
      30    102.51148   -219.71946  0.053002596   -219.66646    1017.8622         1000           10           10           10            0            0            0 
      40    66.175508   -219.69526  0.034215423   -219.66105    1181.8746         1000           10           10           10            0            0            0 
      50    127.12685   -219.72718  0.065729738   -219.66145    810.29698         1000           10           10           10            0            0            0 
      60    71.546377   -219.69351   0.03699238   -219.65652     186.5967         1000           10           10           10            0            0            0 
      70    141.67632   -219.72453  0.073252408   -219.65128    -634.3137         1000           10           10           10            0            0            0 
      80    63.057989    -219.6697  0.032603539   -219.63709    -1172.038         1000           10           10           10            0            0            0 
      90    141.89163   -219.69953   0.07336373   -219.62617   -1340.4024         1000           10           10           10            0            0            0 
     100     118.2227   -219.67662  0.061125935    -219.6155   -783.36108         1000           10           10           10            0            0            0 
     110    149.15171   -219.67606  0.077117487   -219.59895    190.39026         1000           10           10           10            0            0            0 
     120    170.22701   -219.66745  0.088014274   -219.57944    1320.3323         1000           10           10           10            0            0            0 
     130    143.59497   -219.63331  0.074244425   -219.55907    1709.6565         1000           10           10           10            0            0            0 
     140    206.02511   -219.66804   0.10652334   -219.56152    1220.7448         1000           10           10           10            0            0            0 
     150    150.21966   -219.64712   0.07766966   -219.56945    220.23237         1000           10           10           10            0            0            0 
     160    213.43653   -219.68919   0.11035535   -219.57884   -966.32829         1000           10           10           10            0            0            0 
     170    64.151932   -219.62173  0.033169152   -219.58856   -1409.0479         1000           10           10           10            0            0            0 
     180    183.70053   -219.70977   0.09498063   -219.61479   -1255.3772         1000           10           10           10            0            0            0 
     190    87.628019   -219.68141  0.045307242    -219.6361   -398.33875         1000           10           10           10            0            0            0 
     200    136.71671   -219.72403  0.070688085   -219.65334    452.25842         1000           10           10           10            0            0            0 
     210    65.508248   -219.69108  0.033870422   -219.65721    1115.4344         1000           10           10           10            0            0            0 
     220    96.356546   -219.71387  0.049820244   -219.66404    1192.4912         1000           10           10           10            0            0            0 
     230    100.28148   -219.72133  0.051849595   -219.66948    879.27282         1000           10           10           10            0            0            0 
     240    96.233213   -219.72375  0.049756476   -219.67399    227.16521         1000           10           10           10            0            0            0 
     250    108.24132   -219.72939  0.055965156   -219.67343   -553.21956         1000           10           10           10            0            0            0 
     260    49.655248   -219.69521  0.025673778   -219.66953   -1054.3768         1000           10           10           10            0            0            0 
     270    113.82969   -219.72873  0.058854566   -219.66987   -1241.3731         1000           10           10           10            0            0            0 
     280    66.436629   -219.70371  0.034350433   -219.66936   -849.14721         1000           10           10           10            0            0            0 
     290    128.58333   -219.73905  0.066482799   -219.67257   -173.21753         1000           10           10           10            0            0            0 
     300    71.112613   -219.70422  0.036768107   -219.66745    626.77121         1000           10           10           10            0            0            0 
     310    104.38276   -219.71769  0.053970122   -219.66372    1097.8116         1000           10           10           10            0            0            0 
     320    101.13665   -219.71217  0.052291755   -219.65988    1227.9024         1000           10           10           10            0            0            0 
     330    116.20812   -219.71883  0.060084315   -219.65874    793.82594         1000           10           10           10            0            0            0 
     340    134.79945   -219.72444  0.069696786   -219.65474   -69.145206         1000           10           10           10            0            0            0 
     350    86.090201   -219.68918  0.044512128   -219.64467   -887.03124         1000           10           10           10            0            0            0 
     360    143.54982   -219.70929  0.074221083   -219.63507   -1484.2212         1000           10           10           10            0            0            0 
     370    96.368896   -219.67621   0.04982663   -219.62639   -1352.7986         1000           10           10           10            0            0            0 
     380    194.91686   -219.72687   0.10077993   -219.62609   -700.02735         1000           10           10           10            0            0            0 
     390    112.75091   -219.67421  0.058296796   -219.61591    370.48721         1000           10           10           10            0            0            0 
     400    198.03858   -219.70944   0.10239398   -219.60704    1213.7509         1000           10           10           10            0            0            0 
     410    127.26019    -219.6605  0.065798682    -219.5947    1633.2554         1000           10           10           10            0            0            0 
     420    209.83502    -219.7077   0.10849322    -219.5992    1066.1203         1000           10           10           10            0            0            0 
     430    159.69487   -219.68187  0.082568731    -219.5993   -57.868443         1000           10           10           10            0            0            0 
     440    133.00774   -219.67111    0.0687704   -219.60234   -993.79308         1000           10           10           10            0            0            0 
     450     121.6444   -219.67229  0.062895089    -219.6094   -1471.4039         1000           10           10           10            0            0            0 
     460    100.30327   -219.67997  0.051860859   -219.62811   -1180.5939         1000           10           10           10            0            0            0 
     470     139.5052   -219.72231  0.072129849   -219.65018   -462.62792         1000           10           10           10            0            0            0 
     480    58.417008   -219.69281  0.030203964   -219.66261    456.75872         1000           10           10           10            0            0            0 
     490    109.21319   -219.72815  0.056467649   -219.67168    1061.4395         1000           10           10           10            0            0            0 
     500    44.417747    -219.6983  0.022965778   -219.67533    1255.3722         1000           10           10           10            0            0            0 
     510    99.690609   -219.73584   0.05154409    -219.6843    886.00904         1000           10           10           10            0            0            0 
     520    65.718006   -219.72138  0.033978876    -219.6874    279.08919         1000           10           10           10            0            0            0 
     530    73.928661   -219.72731  0.038224118   -219.68909   -391.72537         1000           10           10           10            0            0            0 
     540    66.486634   -219.72081  0.034376288   -219.68644   -937.95668         1000           10           10           10            0            0            0 
     550    53.563038     -219.712  0.027694264   -219.68431   -1118.2996         1000           10           10           10            0            0            0 
     560    88.036741   -219.73019  0.045518568   -219.68467   -941.19724         1000           10           10           10            0            0            0 
     570    48.813839   -219.70796  0.025238736   -219.68272   -301.42001         1000           10           10           10            0            0            0 
     580    115.84302   -219.74069  0.059895542    -219.6808     421.4662         1000           10           10           10            0            0            0 
     590     57.17371   -219.70067  0.029561128   -219.67111    1094.4081         1000           10           10           10            0            0            0 
     600    115.03196   -219.72431  0.059476191   -219.66483    1258.5083         1000           10           10           10            0            0            0 
     610    96.174391   -219.70872  0.049726063     -219.659     977.2238         1000           10           10           10            0            0            0 
     620    123.13277   -219.71697  0.063664641   -219.65331    259.37358         1000           10           10           10            0            0            0 
     630    134.39916   -219.71166  0.069489819   -219.64217   -692.05585         1000           10           10           10            0            0            0 
     640    114.36012   -219.68671  0.059128821   -219.62758   -1383.6658         1000           10           10           10            0            0            0 
     650    157.30828    -219.7008  0.081334765   -219.61946   -1578.0816         1000           10           10           10            0            0            0 
     660    106.52005   -219.67191   0.05507519   -219.61684   -865.62189         1000           10           10           10            0            0            0 
     670     228.7964   -219.73985   0.11829702   -219.62155    107.16862         1000           10           10           10            0            0            0 
     680    113.84478   -219.67573   0.05886237   -219.61686    1133.9284         1000           10           10           10            0            0            0 
     690    194.80535   -219.71939   0.10072227   -219.61867    1446.3288         1000           10           10           10            0            0            0 
     700    124.17037   -219.68517  0.064201118   -219.62097     1148.026         1000           10           10           10            0            0            0 
     710    185.04836   -219.72763  0.095677512   -219.63195    310.98488         1000           10           10           10            0            0            0 
     720    114.62911    -219.6912    0.0592679   -219.63194   -642.71963         1000           10           10           10            0            0            0 
     730    112.22142   -219.69193  0.058023027   -219.63391   -1295.5516         1000           10           10           10            0            0            0 
     740    113.02098   -219.69626  0.058436432   -219.63782   -1372.3892         1000           10           10           10            0            0            0 
     750     88.74629   -219.68927  0.045885433   -219.64339   -806.08075         1000           10           10           10            0            0            0 
     760    154.17139   -219.72921  0.079712867    -219.6495    -32.45165         1000           10           10           10            0            0            0 
     770    68.397507   -219.68157  0.035364286   -219.64621     842.0083         1000           10           10           10            0            0            0 
     780    123.72889   -219.70907  0.063972857   -219.64509    1271.5731         1000           10           10           10            0            0            0 
     790     58.38918   -219.67476  0.030189576   -219.64457    1209.9398         1000           10           10           10            0            0            0 
     800    140.98298   -219.72599  0.072893923   -219.65309     571.9916         1000           10           10           10            0            0            0 
     810    72.379266   -219.68989  0.037423018   -219.65247   -223.67317         1000           10           10           10            0            0            0 
     820    94.665955   -219.70247   0.04894614   -219.65352    -900.5715         1000           10           10           10            0            0            0 
     830    70.751035   -219.68982  0.036581156   -219.65324   -1165.1916         1000           10           10           10            0            0            0 
     840    66.531271   -219.69126  0.034399367   -219.65686   -926.16333         1000           10           10           10            0            0            0 
     850    115.89101   -219.72254  0.059920355   -219.66262    -365.9909         1000           10           10           10            0            0            0 
     860    59.109814   -219.69316  0.030562173    -219.6626    445.73165         1000           10           10           10            0            0            0 
     870    103.75302   -219.71645  0.053644519   -219.66281    1028.5038         1000           10           10           10            0            0            0 
     880    37.480834   -219.68001  0.019379112   -219.66063    1251.8212         1000           10           10           10            0            0            0 
     890    116.56461   -219.72734  0.060268631   -219.66707    873.38898         1000           10           10           10            0            0            0 
     900    62.513195   -219.70058  0.032321859   -219.66825    266.26365         1000           10           10           10            0            0            0 
     910    95.673326   -219.72014  0.049466992   -219.67067   -434.62739         1000           10           10           10            0            0            0 
     920    62.291457   -219.69954  0.032207211   -219.66733    -938.2411         1000           10           10           10            0            0            0 
     930    58.478142   -219.69704  0.030235572    -219.6668   -1052.5566         1000           10           10           10            0            0            0 
     940    100.18958   -219.72061   0.05180208   -219.66881   -786.13496         1000           10           10           10            0            0            0 
     950     59.18371   -219.69812   0.03060038   -219.66752   -105.63136         1000           10           10           10            0            0            0 
     960    121.23922   -219.72918  0.062685595    -219.6665    609.60502         1000           10           10           10            0            0            0 
     970    45.351396   -219.67988  0.023448512   -219.65643    1172.1167         1000           10           10           10            0            0            0 
     980    133.02078   -219.72236  0.068777142   -219.65358     1166.964         1000           10           10           10            0            0            0 
     990    78.387558   -219.68848  0.040529548   -219.64795    826.08015         1000           10           10           10            0            0            0 
    1000    141.22719   -219.71774  0.073020186   -219.64472    52.947725         1000           10           10           10            0            0            0 
Loop time of 14.9093 on 1 procs for 1000 steps with 5 atoms

Performance: 11.590 ns/day, 2.071 hours/ns, 67.072 timesteps/s
147.8% CPU use with 1 MPI tasks x no OpenMP threads

MPI task timing breakdown:
Section |  min time  |  avg time  |  max time  |%varavg| %total
---------------------------------------------------------------
Pair    | 14.86      | 14.86      | 14.86      |   0.0 | 99.67
Neigh   | 0.00028372 | 0.00028372 | 0.00028372 |   0.0 |  0.00
Comm    | 0.0025017  | 0.0025017  | 0.0025017  |   0.0 |  0.02
Output  | 0.041773   | 0.041773   | 0.041773   |   0.0 |  0.28
Modify  | 0.0035241  | 0.0035241  | 0.0035241  |   0.0 |  0.02
Other   |            | 0.0012     |            |       |  0.01

Nlocal:    5 ave 5 max 5 min
Histogram: 1 0 0 0 0 0 0 0 0 0
Nghost:    112 ave 112 max 112 min
Histogram: 1 0 0 0 0 0 0 0 0 0
Neighs:    0 ave 0 max 0 min
Histogram: 1 0 0 0 0 0 0 0 0 0

Total # of neighbors = 0
Ave neighs/atom = 0
Neighbor list builds = 27
Dangerous builds = 0
Total wall time: 0:00:17
