#       step         max_devi_e         min_devi_e         avg_devi_e         max_devi_f         min_devi_f         avg_devi_f
           0       2.149251e+00       4.904045e-01       8.610311e-01       1.928717e-02       5.799136e-03       9.985446e-03
          10       2.183192e+00       4.887297e-01       8.753868e-01       1.343678e-02       5.923838e-03       8.618680e-03
          20       2.229152e+00       4.795680e-01       8.940649e-01       2.302019e-02       7.123940e-03       1.214873e-02
          30       2.272695e+00       4.837068e-01       9.112190e-01       1.411227e-02       6.853998e-03       9.081249e-03
          40       2.277823e+00       5.010976e-01       9.127670e-01       3.133732e-02       8.848582e-03       1.576667e-02
          50       2.261802e+00       5.030527e-01       9.068375e-01       7.800959e-03       6.367197e-03       6.999814e-03
          60       2.202868e+00       4.749544e-01       8.848633e-01       3.273289e-02       1.113886e-02       1.940885e-02
          70       2.167825e+00       4.484944e-01       8.711521e-01       2.810856e-02       6.190101e-03       1.481963e-02
          80       2.122784e+00       4.417858e-01       8.527227e-01       2.515087e-02       1.765045e-02       2.009415e-02
          90       2.124805e+00       4.531638e-01       8.536489e-01       2.384014e-02       6.594613e-03       1.342246e-02
         100       2.140036e+00       4.546565e-01       8.613265e-01       4.546698e-02       1.190629e-02       2.328160e-02
         110       2.201185e+00       4.588799e-01       8.861863e-01       3.330757e-02       1.439879e-02       2.115144e-02
         120       2.279314e+00       4.368778e-01       9.181721e-01       3.514920e-02       1.351491e-02       1.951022e-02
         130       2.305116e+00       4.535910e-01       9.277181e-01       4.822208e-02       2.302141e-02       3.091384e-02
         140       2.274768e+00       4.645125e-01       9.157632e-01       2.447417e-02       1.105073e-02       1.489486e-02
         150       2.191024e+00       4.279912e-01       8.841712e-01       7.412007e-02       1.884081e-02       3.397476e-02
         160       2.137233e+00       4.385413e-01       8.617596e-01       4.918858e-02       1.067845e-02       2.308947e-02
         170       2.095599e+00       4.207483e-01       8.451020e-01       8.523522e-02       1.908643e-02       3.802788e-02
         180       2.132128e+00       4.647380e-01       8.572209e-01       1.582539e-02       5.017316e-03       9.352580e-03
         190       2.166094e+00       4.347586e-01       8.711466e-01       4.691802e-02       1.370242e-02       2.417242e-02
         200       2.235412e+00       4.651333e-01       8.972740e-01       1.921997e-02       8.330279e-03       1.199891e-02
         210       2.268679e+00       5.073834e-01       9.096221e-01       2.282297e-02       1.262140e-02       1.582942e-02
         220       2.283188e+00       5.120823e-01       9.148184e-01       1.052471e-02       5.624595e-03       7.876494e-03
         230       2.260990e+00       4.799603e-01       9.061904e-01       1.749525e-02       4.712833e-03       8.810638e-03
         240       2.217849e+00       4.680926e-01       8.890914e-01       1.784754e-02       3.673620e-03       9.715820e-03
         250       2.173584e+00       4.852983e-01       8.709301e-01       1.653627e-02       7.253630e-03       1.001272e-02
         260       2.133516e+00       4.914022e-01       8.549315e-01       4.079574e-02       6.242542e-03       1.867711e-02
         270       2.135927e+00       4.778443e-01       8.557093e-01       9.910666e-03       3.479830e-03       8.188104e-03
         280       2.147249e+00       4.552743e-01       8.610023e-01       2.783679e-02       9.391557e-03       1.595493e-02
         290       2.199700e+00       4.688454e-01       8.819298e-01       1.045357e-02       6.748307e-03       8.520903e-03
         300       2.238142e+00       4.999799e-01       8.967203e-01       2.794321e-02       8.713897e-03       1.583655e-02
         310       2.276094e+00       5.063293e-01       9.116449e-01       1.206858e-02       5.945158e-03       8.137460e-03
         320       2.280377e+00       4.876701e-01       9.137965e-01       2.067083e-02       5.237774e-03       9.975068e-03
         330       2.252119e+00       4.804121e-01       9.025325e-01       2.546050e-02       5.263598e-03       1.157658e-02
         340       2.201623e+00       4.876954e-01       8.818949e-01       1.877525e-02       5.677107e-03       1.139782e-02
         350       2.139744e+00       4.879608e-01       8.570999e-01       4.901739e-02       9.442126e-03       2.467448e-02
         360       2.115763e+00       4.764232e-01       8.480942e-01       1.525639e-02       7.369426e-03       1.156020e-02
         370       2.106295e+00       4.608195e-01       8.451397e-01       3.184416e-02       1.417677e-02       2.005419e-02
         380       2.164400e+00       4.743875e-01       8.678530e-01       1.310382e-02       7.930651e-03       9.544007e-03
         390       2.213413e+00       5.057189e-01       8.865188e-01       5.170425e-02       1.597248e-02       2.567937e-02
         400       2.280831e+00       5.212087e-01       9.140163e-01       2.546038e-02       5.319048e-03       1.302610e-02
         410       2.285290e+00       4.659692e-01       9.176598e-01       3.304981e-02       9.338381e-03       2.016281e-02
         420       2.262786e+00       4.800023e-01       9.080319e-01       2.022371e-02       3.209392e-03       1.146555e-02
         430       2.195004e+00       4.893886e-01       8.802487e-01       4.056079e-02       1.294194e-02       2.062507e-02
         440       2.135916e+00       4.578177e-01       8.577129e-01       5.037190e-02       1.741600e-02       2.713760e-02
         450       2.104874e+00       4.123223e-01       8.490720e-01       7.082906e-02       1.810900e-02       3.424077e-02
         460       2.115424e+00       4.099748e-01       8.535234e-01       8.121256e-02       1.356607e-02       3.533704e-02
         470       2.179924e+00       4.642309e-01       8.750032e-01       1.240972e-02       6.575753e-03       9.237586e-03
         480       2.231286e+00       5.004688e-01       8.940557e-01       3.288051e-02       1.067991e-02       1.727139e-02
         490       2.279656e+00       4.883541e-01       9.138033e-01       7.277808e-03       5.326332e-03       6.376994e-03
         500       2.276547e+00       4.602019e-01       9.134505e-01       1.752256e-02       5.935410e-03       1.049001e-02
         510       2.264968e+00       4.799004e-01       9.079997e-01       7.380091e-03       4.931477e-03       5.989539e-03
         520       2.226058e+00       5.044229e-01       8.915993e-01       1.347313e-02       5.805415e-03       8.445350e-03
         530       2.187001e+00       4.931204e-01       8.759752e-01       1.712800e-02       7.246051e-03       1.051388e-02
         540       2.149705e+00       4.548237e-01       8.623100e-01       1.806118e-02       7.125339e-03       1.089190e-02
         550       2.132815e+00       4.391795e-01       8.565191e-01       4.164576e-02       6.376045e-03       1.788629e-02
         560       2.153818e+00       4.705900e-01       8.634318e-01       8.834467e-03       6.160350e-03       7.068473e-03
         570       2.184324e+00       4.999244e-01       8.748315e-01       2.164460e-02       1.064409e-02       1.367234e-02
         580       2.240627e+00       4.955381e-01       8.976421e-01       7.402093e-03       5.792329e-03       6.511048e-03
         590       2.266293e+00       4.692466e-01       9.088006e-01       1.180094e-02       5.145418e-03       9.084880e-03
         600       2.285641e+00       4.808894e-01       9.161556e-01       1.101410e-02       4.491172e-03       6.412672e-03
         610       2.266057e+00       5.117116e-01       9.075692e-01       1.069590e-02       3.026377e-03       7.837310e-03
         620       2.222774e+00       5.086075e-01       8.900123e-01       1.869545e-02       6.947826e-03       1.190476e-02
         630       2.158736e+00       4.678598e-01       8.651525e-01       1.287189e-02       7.676309e-03       1.082889e-02
         640       2.106930e+00       4.390050e-01       8.456322e-01       4.560897e-02       1.009211e-02       2.259636e-02
         650       2.107223e+00       4.673829e-01       8.444615e-01       1.955972e-02       5.173053e-03       1.248075e-02
         660       2.128644e+00       5.035976e-01       8.526248e-01       3.733989e-02       1.735539e-02       2.416714e-02
         670       2.215756e+00       5.281318e-01       8.867309e-01       8.643047e-03       7.136859e-03       7.648982e-03
         680       2.260476e+00       5.345201e-01       9.044787e-01       2.040675e-02       9.018301e-03       1.562786e-02
         690       2.298342e+00       5.475131e-01       9.200278e-01       1.116571e-02       3.515861e-03       8.909024e-03
         700       2.263763e+00       5.016608e-01       9.072085e-01       3.921657e-02       6.299829e-03       1.794046e-02
         710       2.223257e+00       4.877080e-01       8.913537e-01       1.493772e-02       4.985122e-03       1.011724e-02
         720       2.157392e+00       4.942819e-01       8.644838e-01       3.822230e-02       1.096515e-02       1.994904e-02
         730       2.122245e+00       4.826846e-01       8.505957e-01       1.605518e-02       9.661113e-03       1.246800e-02
         740       2.116561e+00       4.491042e-01       8.501599e-01       3.234393e-02       1.088533e-02       1.803719e-02
         750       2.139083e+00       4.359560e-01       8.605075e-01       4.782970e-02       1.202890e-02       2.394731e-02
         760       2.206273e+00       4.768182e-01       8.851779e-01       9.928749e-03       5.511106e-03       8.022418e-03
         770       2.252021e+00       5.058797e-01       9.028331e-01       3.363252e-02       1.197275e-02       1.825518e-02
         780       2.291941e+00       4.853115e-01       9.198089e-01       1.500962e-02       6.525829e-03       1.148084e-02
         790       2.268727e+00       4.480642e-01       9.121740e-01       4.097787e-02       7.827752e-03       1.955458e-02
         800       2.242839e+00       4.631211e-01       9.013565e-01       1.367260e-02       4.690875e-03       9.411223e-03
         810       2.187511e+00       4.806838e-01       8.783292e-01       3.691999e-02       8.392625e-03       1.753125e-02
         820       2.152806e+00       4.651805e-01       8.647113e-01       2.220725e-02       7.295883e-03       1.160986e-02
         830       2.128477e+00       4.270588e-01       8.573482e-01       4.494187e-02       9.612257e-03       2.138376e-02
         840       2.137034e+00       4.199619e-01       8.617819e-01       6.248451e-02       1.007351e-02       2.738905e-02
         850       2.185377e+00       4.663106e-01       8.781119e-01       1.073877e-02       6.134534e-03       8.193858e-03
         860       2.230283e+00       5.018616e-01       8.947600e-01       3.179333e-02       1.072968e-02       1.728748e-02
         870       2.277618e+00       4.868360e-01       9.139211e-01       1.150843e-02       7.110013e-03       9.819297e-03
         880       2.273481e+00       4.529333e-01       9.135503e-01       2.966606e-02       1.065347e-02       1.662560e-02
         890       2.263903e+00       4.780880e-01       9.090698e-01       1.229913e-02       3.884722e-03       7.296450e-03
         900       2.220682e+00       4.850863e-01       8.911872e-01       2.170272e-02       5.699235e-03       1.191939e-02
         910       2.184390e+00       4.887249e-01       8.765824e-01       1.382681e-02       5.841035e-03       8.629212e-03
         920       2.144846e+00       4.430873e-01       8.623610e-01       3.214924e-02       5.886457e-03       1.458775e-02
         930       2.133271e+00       4.325898e-01       8.588766e-01       5.150473e-02       9.623811e-03       2.172581e-02
         940       2.159037e+00       4.663313e-01       8.676377e-01       1.924411e-02       4.810246e-03       9.172270e-03
         950       2.194311e+00       4.683109e-01       8.807145e-01       2.654663e-02       7.355996e-03       1.575707e-02
         960       2.251813e+00       5.071754e-01       9.030104e-01       1.006883e-02       7.419558e-03       8.356305e-03
         970       2.269020e+00       4.756112e-01       9.106130e-01       2.417250e-02       1.316889e-02       1.678480e-02
         980       2.281640e+00       4.936179e-01       9.156204e-01       1.399304e-02       3.377831e-03       7.250202e-03
         990       2.248618e+00       4.532955e-01       9.030669e-01       2.841116e-02       6.165503e-03       1.516081e-02
        1000       2.211139e+00       4.656991e-01       8.874425e-01       1.246868e-02       6.240402e-03       1.045205e-02
