2019-09-04 09:56:56.655603: I tensorflow/core/platform/cpu_feature_guard.cc:140] Your CPU supports instructions that this TensorFlow binary was not compiled to use: SSE4.1 SSE4.2 AVX AVX2 AVX512F FMA
2019-09-04 09:56:57.615599: I tensorflow/core/common_runtime/gpu/gpu_device.cc:1356] Found device 0 with properties: 
name: Tesla V100-SXM2-16GB major: 7 minor: 0 memoryClockRate(GHz): 1.53
pciBusID: 0000:21:01.0
totalMemory: 15.77GiB freeMemory: 15.36GiB
2019-09-04 09:56:57.615634: I tensorflow/core/common_runtime/gpu/gpu_device.cc:1435] Adding visible gpu devices: 0
2019-09-04 09:56:57.908054: I tensorflow/core/common_runtime/gpu/gpu_device.cc:923] Device interconnect StreamExecutor with strength 1 edge matrix:
2019-09-04 09:56:57.908088: I tensorflow/core/common_runtime/gpu/gpu_device.cc:929]      0 
2019-09-04 09:56:57.908093: I tensorflow/core/common_runtime/gpu/gpu_device.cc:942] 0:   N 
2019-09-04 09:56:57.908348: I tensorflow/core/common_runtime/gpu/gpu_device.cc:1053] Created TensorFlow device (/job:localhost/replica:0/task:0/device:GPU:0 with 14867 MB memory) -> physical GPU (device: 0, name: Tesla V100-SXM2-16GB, pci bus id: 0000:21:01.0, compute capability: 7.  >>> Info of model(s):
  using   4 model(s): ../graph.003.pb ../graph.000.pb ../graph.002.pb ../graph.001.pb 
  rcut in model:      5
  ntypes in model:    2
Neighbor list info ...
  update every 1 steps, delay 10 steps, check yes
  max neighbors/atom: 2000, page size: 100000
  master list distance cutoff = 6
  ghost atom cutoff = 6
  binsize = 3, bins = 4 4 4
  1 neighbor lists, perpetual/occasional/extra = 1 0 0
  (1) pair deepmd, perpetual
      attributes: , newton on
      pair build: full/bin/atomonly
      stencil: full/bin/3d
      bin: standard
Setting up Verlet run ...
  Unit style    : metal
  Current step  : 0
  Time step     : 0.002
Per MPI rank memory allocation (min/avg/max) = 3.935 | 3.935 | 3.935 Mbytes
Step Temp PotEng KinEng TotEng Press Volume Lx Ly Lz Xy Xz Yz 
       0          100   -219.72226  0.051704058   -219.67055    528.62693         1000           10           10           10            0            0            0 
      10     114.1825     -219.731  0.059036987   -219.67196   -65.354078         1000           10           10           10            0            0            0 
      20    98.963118    -219.7216  0.051167948   -219.67043   -589.35777         1000           10           10           10            0            0            0 
      30    88.996508   -219.71565  0.046014806   -219.66964   -893.54479         1000           10           10           10            0            0            0 
      40    91.472491   -219.71786   0.04729499   -219.67056   -900.69177         1000           10           10           10            0            0            0 
      50    82.164158   -219.71525  0.042482204   -219.67277   -598.26398         1000           10           10           10            0            0            0 
      60    95.857091   -219.72527  0.049562006   -219.67571   -98.245684         1000           10           10           10            0            0            0 
      70    72.108027   -219.71309  0.037282776   -219.67581    474.95465         1000           10           10           10            0            0            0 
      80    73.688681   -219.71514  0.038100038   -219.67704    825.90268         1000           10           10           10            0            0            0 
      90    53.916265   -219.70901  0.027876897   -219.68113    832.09455         1000           10           10           10            0            0            0 
     100    60.740498   -219.72001  0.031405302   -219.68861    508.50101         1000           10           10           10            0            0            0 
     110    58.157095   -219.72495  0.030069578   -219.69488    42.998494         1000           10           10           10            0            0            0 
     120    45.766434   -219.72314  0.023663104   -219.69948   -387.42922         1000           10           10           10            0            0            0 
     130    45.867113   -219.72675  0.023715159   -219.70304   -672.13686         1000           10           10           10            0            0            0 
     140    30.392292   -219.72141  0.015714049   -219.70569   -718.23294         1000           10           10           10            0            0            0 
     150    42.513886   -219.73098  0.021981404     -219.709   -546.97459         1000           10           10           10            0            0            0 
     160    34.896774   -219.72881  0.018043048   -219.71076   -178.44656         1000           10           10           10            0            0            0 
     170    43.673748   -219.73359    0.0225811   -219.71101    242.19164         1000           10           10           10            0            0            0 
     180    37.501778   -219.72805  0.019389941   -219.70866    603.49439         1000           10           10           10            0            0            0 
     190    36.645594   -219.72408  0.018947259   -219.70513    760.84055         1000           10           10           10            0            0            0 
     200    49.988928   -219.72732  0.025846304   -219.70147    652.86991         1000           10           10           10            0            0            0 
     210    55.475562   -219.72473  0.028683117   -219.69605    318.03685         1000           10           10           10            0            0            0 
     220    81.360839   -219.72984  0.042066856   -219.68778   -191.35949         1000           10           10           10            0            0            0 
     230    79.181232    -219.7163   0.04093991   -219.67536   -669.80677         1000           10           10           10            0            0            0 
     240    105.60297   -219.71788  0.054601021   -219.66328   -974.03395         1000           10           10           10            0            0            0 
     250    103.72129   -219.70719  0.053628114   -219.65356    -904.1962         1000           10           10           10            0            0            0 
     260    138.47671   -219.72137  0.071598079   -219.64977   -490.46215         1000           10           10           10            0            0            0 
     270    159.19607   -219.73124   0.08231083   -219.64893    151.66283         1000           10           10           10            0            0            0 
     280     145.2403   -219.72307  0.075095129   -219.64797    749.28773         1000           10           10           10            0            0            0 
     290    151.51757   -219.72907  0.078340731   -219.65073    1006.9642         1000           10           10           10            0            0            0 
     300     145.7483   -219.73224  0.075357784   -219.65688    823.03153         1000           10           10           10            0            0            0 
     310    154.92753   -219.74232  0.080103819   -219.66222    322.44981         1000           10           10           10            0            0            0 
     320    128.57563   -219.73109  0.066478816   -219.66461   -252.61072         1000           10           10           10            0            0            0 
     330    124.41061   -219.73275  0.064325332   -219.66842   -723.26959         1000           10           10           10            0            0            0 
     340      89.3476   -219.71889  0.046196335   -219.67269   -876.80797         1000           10           10           10            0            0            0 
     350    90.323767   -219.72602  0.046701053   -219.67932   -724.13972         1000           10           10           10            0            0            0 
     360    87.930208   -219.73106  0.045463486    -219.6856   -289.77481         1000           10           10           10            0            0            0 
     370    82.249775   -219.73203  0.042526472   -219.68951    243.50109         1000           10           10           10            0            0            0 
     380    69.439365   -219.72623  0.035902969   -219.69033    678.01463         1000           10           10           10            0            0            0 
     390    59.365673   -219.72178  0.030694462   -219.69108    868.26133         1000           10           10           10            0            0            0 
     400    70.726903   -219.72994  0.036568679   -219.69337    755.44651         1000           10           10           10            0            0            0 
     410    59.110516   -219.72568  0.030562535   -219.69512    421.87207         1000           10           10           10            0            0            0 
     420    75.609858    -219.7353  0.039093365    -219.6962   -72.020464         1000           10           10           10            0            0            0 
     430    58.445172   -219.72343  0.030218526   -219.69321   -518.78501         1000           10           10           10            0            0            0 
     440    63.044647   -219.72102  0.032596641   -219.68842   -790.53579         1000           10           10           10            0            0            0 
     450    70.898616   -219.71747  0.036657461   -219.68081   -770.13801         1000           10           10           10            0            0            0 
     460    89.450185   -219.71465  0.046249375    -219.6684   -456.39381         1000           10           10           10            0            0            0 
     470    129.42012   -219.71901  0.066915452   -219.65209    96.401343         1000           10           10           10            0            0            0 
     480    131.20323   -219.69906  0.067837396   -219.63122    716.30402         1000           10           10           10            0            0            0 
     490    188.82742   -219.71626  0.097631438   -219.61863    1078.2157         1000           10           10           10            0            0            0 
     500    182.55251   -219.70939  0.094387057     -219.615    966.23347         1000           10           10           10            0            0            0 
     510    227.00061   -219.73577   0.11736852    -219.6184    341.89774         1000           10           10           10            0            0            0 
     520    199.27884   -219.72219   0.10303524   -219.61915   -372.55934         1000           10           10           10            0            0            0 
     530    168.07409   -219.71438  0.086901123   -219.62748   -866.31131         1000           10           10           10            0            0            0 
     540    132.38162   -219.70952   0.06844667   -219.64107   -961.25928         1000           10           10           10            0            0            0 
     550    107.70294   -219.71253  0.055686791   -219.65684    -659.3568         1000           10           10           10            0            0            0 
     560    114.14387   -219.72991  0.059017015   -219.67089   -135.09583         1000           10           10           10            0            0            0 
     570    78.770103   -219.71932   0.04072734   -219.67859    452.96292         1000           10           10           10            0            0            0 
     580    76.916692    -219.7233  0.039769051   -219.68354    831.25666         1000           10           10           10            0            0            0 
     590    56.359407   -219.71585  0.029140101   -219.68671    923.56308         1000           10           10           10            0            0            0 
     600    69.761944   -219.72731  0.036069756   -219.69124     698.0431         1000           10           10           10            0            0            0 
     610    64.483982   -219.72761  0.033340836   -219.69427    274.43226         1000           10           10           10            0            0            0 
     620     60.00876   -219.72618  0.031026964   -219.69515   -220.45617         1000           10           10           10            0            0            0 
     630    60.657144   -219.72497  0.031362205   -219.69361   -624.64806         1000           10           10           10            0            0            0 
     640    46.281218   -219.71474  0.023929268   -219.69081   -768.92604         1000           10           10           10            0            0            0 
     650    66.748263   -219.72432   0.03451156   -219.68981   -633.52508         1000           10           10           10            0            0            0 
     660    62.888525   -219.71993  0.032515919   -219.68742    -225.2349         1000           10           10           10            0            0            0 
     670    82.200429   -219.72543  0.042500958   -219.68293    271.30029         1000           10           10           10            0            0            0 
     680    72.863416    -219.7125  0.037673343   -219.67483    744.57273         1000           10           10           10            0            0            0 
     690    94.510633   -219.71535  0.048865832   -219.66648    987.45502         1000           10           10           10            0            0            0 
     700    114.93593   -219.71819  0.059426538   -219.65876    868.54118         1000           10           10           10            0            0            0 
     710    132.19698   -219.71898  0.068351204   -219.65063    367.07671         1000           10           10           10            0            0            0 
     720    169.79357   -219.72605  0.087790168   -219.63826   -372.27353         1000           10           10           10            0            0            0 
     730    162.51034   -219.70566  0.084024439   -219.62163   -960.55559         1000           10           10           10            0            0            0 
     740     196.1996   -219.71262   0.10144316   -219.61117   -1190.6865         1000           10           10           10            0            0            0 
     750    195.01097   -219.70944   0.10082859   -219.60862   -929.45483         1000           10           10           10            0            0            0 
     760    220.57206    -219.7315    0.1140447   -219.61745   -326.42641         1000           10           10           10            0            0            0 
     770    180.17593    -219.7252  0.093158266   -219.63204    411.80966         1000           10           10           10            0            0            0 
     780    137.54064   -219.72342  0.071114091   -219.65231    897.30138         1000           10           10           10            0            0            0 
     790    106.78699   -219.73042  0.055213206    -219.6752    942.20401         1000           10           10           10            0            0            0 
     800    87.641834   -219.73794  0.045314385   -219.69263    621.93297         1000           10           10           10            0            0            0 
     810    75.383865   -219.74081  0.038976517   -219.70183    145.53581         1000           10           10           10            0            0            0 
     820    62.226717   -219.73723  0.032173738   -219.70505   -325.96327         1000           10           10           10            0            0            0 
     830    61.355169   -219.73757  0.031723112   -219.70584   -663.76632         1000           10           10           10            0            0            0 
     840    50.597237   -219.73188  0.026160825   -219.70572    -761.7801         1000           10           10           10            0            0            0 
     850    61.918718   -219.73797   0.03201449   -219.70595   -634.41419         1000           10           10           10            0            0            0 
     860    58.805586   -219.73515  0.030404875   -219.70475   -280.63545         1000           10           10           10            0            0            0 
     870    65.979595   -219.73573  0.034114128   -219.70161    186.68519         1000           10           10           10            0            0            0 
     880    63.733182   -219.72837  0.032952641   -219.69542    636.54702         1000           10           10           10            0            0            0 
     890    71.065105   -219.72444  0.036743543    -219.6877    893.82665         1000           10           10           10            0            0            0 
     900    78.238539   -219.72081  0.040452499   -219.68036    824.73498         1000           10           10           10            0            0            0 
     910    77.290448   -219.71294  0.039962298   -219.67298    444.99509         1000           10           10           10            0            0            0 
     920    105.03079   -219.71943  0.054305178   -219.66513   -122.93777         1000           10           10           10            0            0            0 
     930    91.575788   -219.70169  0.047348399   -219.65434   -616.85063         1000           10           10           10            0            0            0 
     940    110.72274   -219.70336  0.057248148   -219.64611   -890.06053         1000           10           10           10            0            0            0 
     950    107.19594   -219.69645   0.05542465   -219.64103   -776.05036         1000           10           10           10            0            0            0 
     960    125.27895   -219.70472  0.064774303   -219.63995   -334.02382         1000           10           10           10            0            0            0 
     970    139.13416   -219.71314  0.071938008    -219.6412    309.61963         1000           10           10           10            0            0            0 
     980    131.37556   -219.71032  0.067926496   -219.64239     859.5444         1000           10           10           10            0            0            0 
     990    143.20372   -219.72271  0.074042135   -219.64867    1048.2931         1000           10           10           10            0            0            0 
    1000    118.99482   -219.72083  0.061525152   -219.65931    816.65319         1000           10           10           10            0            0            0 
Loop time of 11.8843 on 1 procs for 1000 steps with 5 atoms

Performance: 14.540 ns/day, 1.651 hours/ns, 84.145 timesteps/s
206.3% CPU use with 1 MPI tasks x no OpenMP threads

MPI task timing breakdown:
Section |  min time  |  avg time  |  max time  |%varavg| %total
---------------------------------------------------------------
Pair    | 11.865     | 11.865     | 11.865     |   0.0 | 99.84
Neigh   | 0.00035477 | 0.00035477 | 0.00035477 |   0.0 |  0.00
Comm    | 0.00194    | 0.00194    | 0.00194    |   0.0 |  0.02
Output  | 0.011487   | 0.011487   | 0.011487   |   0.0 |  0.10
Modify  | 0.00403    | 0.00403    | 0.00403    |   0.0 |  0.03
Other   |            | 0.001303   |            |       |  0.01

Nlocal:    5 ave 5 max 5 min
Histogram: 1 0 0 0 0 0 0 0 0 0
Nghost:    112 ave 112 max 112 min
Histogram: 1 0 0 0 0 0 0 0 0 0
Neighs:    0 ave 0 max 0 min
Histogram: 1 0 0 0 0 0 0 0 0 0

Total # of neighbors = 0
Ave neighs/atom = 0
Neighbor list builds = 53
Dangerous builds = 0
Total wall time: 0:00:14
